[1.554s] Invoking command in '/home/aidan/Documents/GitHub/AidansRepo/TeensySwerve/build/tnsy_swrv_controller': AMENT_PREFIX_PATH=/home/aidan/Documents/GitHub/AidansRepo/TeensySwerve/install/tnsy_interfaces:${AMENT_PREFIX_PATH} CMAKE_PREFIX_PATH=/home/aidan/Documents/GitHub/AidansRepo/TeensySwerve/install/tnsy_interfaces:${CMAKE_PREFIX_PATH} LD_LIBRARY_PATH=/home/aidan/Documents/GitHub/AidansRepo/TeensySwerve/install/tnsy_interfaces/lib:${LD_LIBRARY_PATH} PYTHONPATH=/home/aidan/Documents/GitHub/AidansRepo/TeensySwerve/build/tnsy_swrv_controller/prefix_override:/home/aidan/Documents/GitHub/AidansRepo/TeensySwerve/install/tnsy_swrv_controller/lib/python3.10/site-packages:/home/aidan/Documents/GitHub/AidansRepo/TeensySwerve/install/tnsy_interfaces/local/lib/python3.10/dist-packages:${PYTHONPATH} /usr/bin/python3 -W ignore:setup.py install is deprecated setup.py develop --uninstall --editable --build-directory /home/aidan/Documents/GitHub/AidansRepo/TeensySwerve/build/tnsy_swrv_controller/build
[2.114s] running develop
[2.445s] Removing /home/aidan/Documents/GitHub/AidansRepo/TeensySwerve/install/tnsy_swrv_controller/lib/python3.10/site-packages/tnsy-swrv-controller.egg-link (link to .)
[2.514s] Invoked command in '/home/aidan/Documents/GitHub/AidansRepo/TeensySwerve/build/tnsy_swrv_controller' returned '0': AMENT_PREFIX_PATH=/home/aidan/Documents/GitHub/AidansRepo/TeensySwerve/install/tnsy_interfaces:${AMENT_PREFIX_PATH} CMAKE_PREFIX_PATH=/home/aidan/Documents/GitHub/AidansRepo/TeensySwerve/install/tnsy_interfaces:${CMAKE_PREFIX_PATH} LD_LIBRARY_PATH=/home/aidan/Documents/GitHub/AidansRepo/TeensySwerve/install/tnsy_interfaces/lib:${LD_LIBRARY_PATH} PYTHONPATH=/home/aidan/Documents/GitHub/AidansRepo/TeensySwerve/build/tnsy_swrv_controller/prefix_override:/home/aidan/Documents/GitHub/AidansRepo/TeensySwerve/install/tnsy_swrv_controller/lib/python3.10/site-packages:/home/aidan/Documents/GitHub/AidansRepo/TeensySwerve/install/tnsy_interfaces/local/lib/python3.10/dist-packages:${PYTHONPATH} /usr/bin/python3 -W ignore:setup.py install is deprecated setup.py develop --uninstall --editable --build-directory /home/aidan/Documents/GitHub/AidansRepo/TeensySwerve/build/tnsy_swrv_controller/build
[2.517s] Invoking command in '/home/aidan/Documents/GitHub/AidansRepo/TeensySwerve/src/tnsy_swrv_controller': AMENT_PREFIX_PATH=/home/aidan/Documents/GitHub/AidansRepo/TeensySwerve/install/tnsy_interfaces:${AMENT_PREFIX_PATH} CMAKE_PREFIX_PATH=/home/aidan/Documents/GitHub/AidansRepo/TeensySwerve/install/tnsy_interfaces:${CMAKE_PREFIX_PATH} LD_LIBRARY_PATH=/home/aidan/Documents/GitHub/AidansRepo/TeensySwerve/install/tnsy_interfaces/lib:${LD_LIBRARY_PATH} PYTHONPATH=/home/aidan/Documents/GitHub/AidansRepo/TeensySwerve/build/tnsy_swrv_controller/prefix_override:/home/aidan/Documents/GitHub/AidansRepo/TeensySwerve/install/tnsy_swrv_controller/lib/python3.10/site-packages:/home/aidan/Documents/GitHub/AidansRepo/TeensySwerve/install/tnsy_interfaces/local/lib/python3.10/dist-packages:${PYTHONPATH} /usr/bin/python3 -W ignore:setup.py install is deprecated setup.py egg_info --egg-base ../../build/tnsy_swrv_controller build --build-base /home/aidan/Documents/GitHub/AidansRepo/TeensySwerve/build/tnsy_swrv_controller/build install --record /home/aidan/Documents/GitHub/AidansRepo/TeensySwerve/build/tnsy_swrv_controller/install.log --single-version-externally-managed install_data --force
[3.011s] running egg_info
[3.012s] writing ../../build/tnsy_swrv_controller/tnsy_swrv_controller.egg-info/PKG-INFO
[3.012s] writing dependency_links to ../../build/tnsy_swrv_controller/tnsy_swrv_controller.egg-info/dependency_links.txt
[3.012s] writing entry points to ../../build/tnsy_swrv_controller/tnsy_swrv_controller.egg-info/entry_points.txt
[3.013s] writing requirements to ../../build/tnsy_swrv_controller/tnsy_swrv_controller.egg-info/requires.txt
[3.013s] writing top-level names to ../../build/tnsy_swrv_controller/tnsy_swrv_controller.egg-info/top_level.txt
[3.016s] reading manifest file '../../build/tnsy_swrv_controller/tnsy_swrv_controller.egg-info/SOURCES.txt'
[3.020s] writing manifest file '../../build/tnsy_swrv_controller/tnsy_swrv_controller.egg-info/SOURCES.txt'
[3.020s] running build
[3.020s] running build_py
[3.020s] copying tnsy_swrv_controller/joy_translator.py -> /home/aidan/Documents/GitHub/AidansRepo/TeensySwerve/build/tnsy_swrv_controller/build/lib/tnsy_swrv_controller
[3.021s] running install
[3.021s] running install_lib
[3.023s] creating /home/aidan/Documents/GitHub/AidansRepo/TeensySwerve/install/tnsy_swrv_controller/lib/python3.10/site-packages/tnsy_swrv_controller
[3.023s] copying /home/aidan/Documents/GitHub/AidansRepo/TeensySwerve/build/tnsy_swrv_controller/build/lib/tnsy_swrv_controller/__init__.py -> /home/aidan/Documents/GitHub/AidansRepo/TeensySwerve/install/tnsy_swrv_controller/lib/python3.10/site-packages/tnsy_swrv_controller
[3.023s] copying /home/aidan/Documents/GitHub/AidansRepo/TeensySwerve/build/tnsy_swrv_controller/build/lib/tnsy_swrv_controller/my_first_node.py -> /home/aidan/Documents/GitHub/AidansRepo/TeensySwerve/install/tnsy_swrv_controller/lib/python3.10/site-packages/tnsy_swrv_controller
[3.024s] copying /home/aidan/Documents/GitHub/AidansRepo/TeensySwerve/build/tnsy_swrv_controller/build/lib/tnsy_swrv_controller/publisher_member_function.py -> /home/aidan/Documents/GitHub/AidansRepo/TeensySwerve/install/tnsy_swrv_controller/lib/python3.10/site-packages/tnsy_swrv_controller
[3.024s] copying /home/aidan/Documents/GitHub/AidansRepo/TeensySwerve/build/tnsy_swrv_controller/build/lib/tnsy_swrv_controller/joy_translator.py -> /home/aidan/Documents/GitHub/AidansRepo/TeensySwerve/install/tnsy_swrv_controller/lib/python3.10/site-packages/tnsy_swrv_controller
[3.024s] copying /home/aidan/Documents/GitHub/AidansRepo/TeensySwerve/build/tnsy_swrv_controller/build/lib/tnsy_swrv_controller/subscriber_member_function.py -> /home/aidan/Documents/GitHub/AidansRepo/TeensySwerve/install/tnsy_swrv_controller/lib/python3.10/site-packages/tnsy_swrv_controller
[3.025s] byte-compiling /home/aidan/Documents/GitHub/AidansRepo/TeensySwerve/install/tnsy_swrv_controller/lib/python3.10/site-packages/tnsy_swrv_controller/__init__.py to __init__.cpython-310.pyc
[3.025s] byte-compiling /home/aidan/Documents/GitHub/AidansRepo/TeensySwerve/install/tnsy_swrv_controller/lib/python3.10/site-packages/tnsy_swrv_controller/my_first_node.py to my_first_node.cpython-310.pyc
[3.026s] byte-compiling /home/aidan/Documents/GitHub/AidansRepo/TeensySwerve/install/tnsy_swrv_controller/lib/python3.10/site-packages/tnsy_swrv_controller/publisher_member_function.py to publisher_member_function.cpython-310.pyc
[3.026s] byte-compiling /home/aidan/Documents/GitHub/AidansRepo/TeensySwerve/install/tnsy_swrv_controller/lib/python3.10/site-packages/tnsy_swrv_controller/joy_translator.py to joy_translator.cpython-310.pyc
[3.028s] byte-compiling /home/aidan/Documents/GitHub/AidansRepo/TeensySwerve/install/tnsy_swrv_controller/lib/python3.10/site-packages/tnsy_swrv_controller/subscriber_member_function.py to subscriber_member_function.cpython-310.pyc
[3.029s] running install_data
[3.029s] copying resource/tnsy_swrv_controller -> /home/aidan/Documents/GitHub/AidansRepo/TeensySwerve/install/tnsy_swrv_controller/share/ament_index/resource_index/packages
[3.029s] copying package.xml -> /home/aidan/Documents/GitHub/AidansRepo/TeensySwerve/install/tnsy_swrv_controller/share/tnsy_swrv_controller
[3.029s] copying launch/tnsy_swrv.launch.py -> /home/aidan/Documents/GitHub/AidansRepo/TeensySwerve/install/tnsy_swrv_controller/share/tnsy_swrv_controller/launch
[3.030s] copying config/tnsy_swrv.yaml -> /home/aidan/Documents/GitHub/AidansRepo/TeensySwerve/install/tnsy_swrv_controller/share/tnsy_swrv_controller/config
[3.030s] running install_egg_info
[3.033s] Copying ../../build/tnsy_swrv_controller/tnsy_swrv_controller.egg-info to /home/aidan/Documents/GitHub/AidansRepo/TeensySwerve/install/tnsy_swrv_controller/lib/python3.10/site-packages/tnsy_swrv_controller-0.0.0-py3.10.egg-info
[3.034s] running install_scripts
[3.074s] Installing joy_translator script to /home/aidan/Documents/GitHub/AidansRepo/TeensySwerve/install/tnsy_swrv_controller/lib/tnsy_swrv_controller
[3.075s] Installing pub script to /home/aidan/Documents/GitHub/AidansRepo/TeensySwerve/install/tnsy_swrv_controller/lib/tnsy_swrv_controller
[3.075s] Installing sub script to /home/aidan/Documents/GitHub/AidansRepo/TeensySwerve/install/tnsy_swrv_controller/lib/tnsy_swrv_controller
[3.075s] Installing test_node script to /home/aidan/Documents/GitHub/AidansRepo/TeensySwerve/install/tnsy_swrv_controller/lib/tnsy_swrv_controller
[3.076s] writing list of installed files to '/home/aidan/Documents/GitHub/AidansRepo/TeensySwerve/build/tnsy_swrv_controller/install.log'
[3.123s] Invoked command in '/home/aidan/Documents/GitHub/AidansRepo/TeensySwerve/src/tnsy_swrv_controller' returned '0': AMENT_PREFIX_PATH=/home/aidan/Documents/GitHub/AidansRepo/TeensySwerve/install/tnsy_interfaces:${AMENT_PREFIX_PATH} CMAKE_PREFIX_PATH=/home/aidan/Documents/GitHub/AidansRepo/TeensySwerve/install/tnsy_interfaces:${CMAKE_PREFIX_PATH} LD_LIBRARY_PATH=/home/aidan/Documents/GitHub/AidansRepo/TeensySwerve/install/tnsy_interfaces/lib:${LD_LIBRARY_PATH} PYTHONPATH=/home/aidan/Documents/GitHub/AidansRepo/TeensySwerve/build/tnsy_swrv_controller/prefix_override:/home/aidan/Documents/GitHub/AidansRepo/TeensySwerve/install/tnsy_swrv_controller/lib/python3.10/site-packages:/home/aidan/Documents/GitHub/AidansRepo/TeensySwerve/install/tnsy_interfaces/local/lib/python3.10/dist-packages:${PYTHONPATH} /usr/bin/python3 -W ignore:setup.py install is deprecated setup.py egg_info --egg-base ../../build/tnsy_swrv_controller build --build-base /home/aidan/Documents/GitHub/AidansRepo/TeensySwerve/build/tnsy_swrv_controller/build install --record /home/aidan/Documents/GitHub/AidansRepo/TeensySwerve/build/tnsy_swrv_controller/install.log --single-version-externally-managed install_data --force
