[0.064s] Invoking command in '/home/aidan/GitHub/AidansRepo/TeensySwerve/build/micro_ros_msgs': CMAKE_PREFIX_PATH=${CMAKE_PREFIX_PATH}:/home/aidan/GitHub/AidansRepo/TeensySwerve/install/tnsy_swrv_controller:/opt/ros/humble /usr/bin/cmake /home/aidan/GitHub/AidansRepo/TeensySwerve/src/uros/micro_ros_msgs -DCMAKE_INSTALL_PREFIX=/home/aidan/GitHub/AidansRepo/TeensySwerve/install/micro_ros_msgs
[0.263s] -- The C compiler identification is GNU 11.4.0
[0.548s] -- The CXX compiler identification is GNU 11.4.0
[0.604s] -- Detecting C compiler ABI info
[0.837s] -- Detecting C compiler ABI info - done
[0.899s] -- Check for working C compiler: /usr/bin/cc - skipped
[0.899s] -- Detecting C compile features
[0.905s] -- Detecting C compile features - done
[0.929s] -- Detecting CXX compiler ABI info
[1.319s] -- Detecting CXX compiler ABI info - done
[1.370s] -- Check for working CXX compiler: /usr/bin/c++ - skipped
[1.373s] -- Detecting CXX compile features
[1.375s] -- Detecting CXX compile features - done
[1.384s] -- Found ament_cmake: 1.3.11 (/opt/ros/humble/share/ament_cmake/cmake)
[2.068s] -- Found Python3: /usr/bin/python3 (found version "3.10.12") found components: Interpreter 
[2.780s] -- Found rosidl_default_generators: 1.2.0 (/opt/ros/humble/share/rosidl_default_generators/cmake)
[2.806s] -- Using all available rosidl_typesupport_c: rosidl_typesupport_fastrtps_c;rosidl_typesupport_introspection_c
[2.846s] -- Found rosidl_adapter: 3.1.6 (/opt/ros/humble/share/rosidl_adapter/cmake)
[3.157s] -- Using all available rosidl_typesupport_cpp: rosidl_typesupport_fastrtps_cpp;rosidl_typesupport_introspection_cpp
[3.409s] -- Found ament_lint_auto: 0.12.12 (/opt/ros/humble/share/ament_lint_auto/cmake)
[4.608s] -- Found ament_cmake_ros: 0.10.0 (/opt/ros/humble/share/ament_cmake_ros/cmake)
[5.443s] -- Using all available rosidl_typesupport_c: rosidl_typesupport_fastrtps_c;rosidl_typesupport_introspection_c
[6.537s] -- Using all available rosidl_typesupport_cpp: rosidl_typesupport_fastrtps_cpp;rosidl_typesupport_introspection_cpp
[6.627s] -- Found PythonInterp: /usr/bin/python3 (found suitable version "3.10.12", minimum required is "3.6") 
[6.628s] -- Found python_cmake_module: 0.10.0 (/opt/ros/humble/share/python_cmake_module/cmake)
[6.745s] -- Found PythonLibs: /usr/lib/x86_64-linux-gnu/libpython3.10.so (found suitable version "3.10.12", minimum required is "3.5") 
[6.747s] -- Using PYTHON_EXECUTABLE: /usr/bin/python3
[6.747s] -- Using PYTHON_INCLUDE_DIRS: /usr/include/python3.10
[6.747s] -- Using PYTHON_LIBRARIES: /usr/lib/x86_64-linux-gnu/libpython3.10.so
[6.835s] -- Found PythonExtra: .so  
[7.050s] -- Added test 'copyright' to check source files copyright and LICENSE
[7.096s] -- Added test 'lint_cmake' to check CMake code style
[7.127s] -- Added test 'xmllint' to check XML markup files
[7.156s] -- Configuring done
[7.458s] -- Generating done
[7.497s] -- Build files have been written to: /home/aidan/GitHub/AidansRepo/TeensySwerve/build/micro_ros_msgs
[7.549s] Invoked command in '/home/aidan/GitHub/AidansRepo/TeensySwerve/build/micro_ros_msgs' returned '0': CMAKE_PREFIX_PATH=${CMAKE_PREFIX_PATH}:/home/aidan/GitHub/AidansRepo/TeensySwerve/install/tnsy_swrv_controller:/opt/ros/humble /usr/bin/cmake /home/aidan/GitHub/AidansRepo/TeensySwerve/src/uros/micro_ros_msgs -DCMAKE_INSTALL_PREFIX=/home/aidan/GitHub/AidansRepo/TeensySwerve/install/micro_ros_msgs
[7.564s] Invoking command in '/home/aidan/GitHub/AidansRepo/TeensySwerve/build/micro_ros_msgs': CMAKE_PREFIX_PATH=${CMAKE_PREFIX_PATH}:/home/aidan/GitHub/AidansRepo/TeensySwerve/install/tnsy_swrv_controller:/opt/ros/humble /usr/bin/cmake --build /home/aidan/GitHub/AidansRepo/TeensySwerve/build/micro_ros_msgs -- -j4 -l4
[8.004s] [  2%] [34m[1mGenerating C++ code for ROS interfaces[0m
[8.017s] [  4%] [34m[1mGenerating C code for ROS interfaces[0m
[8.170s] [  4%] Built target ament_cmake_python_copy_micro_ros_msgs
[10.838s] running egg_info
[10.850s] creating micro_ros_msgs.egg-info
[10.855s] writing micro_ros_msgs.egg-info/PKG-INFO
[10.857s] writing dependency_links to micro_ros_msgs.egg-info/dependency_links.txt
[10.867s] writing top-level names to micro_ros_msgs.egg-info/top_level.txt
[10.875s] writing manifest file 'micro_ros_msgs.egg-info/SOURCES.txt'
[10.896s] reading manifest file 'micro_ros_msgs.egg-info/SOURCES.txt'
[10.896s] writing manifest file 'micro_ros_msgs.egg-info/SOURCES.txt'
[11.011s] [  4%] Built target ament_cmake_python_build_micro_ros_msgs_egg
[11.731s] [  4%] Built target micro_ros_msgs__cpp
[11.847s] [  6%] [34m[1mGenerating C++ type support for eProsima Fast-RTPS[0m
[11.924s] [  8%] [34m[1mGenerating C++ type support dispatch for ROS interfaces[0m
[15.029s] [ 10%] [32mBuilding CXX object CMakeFiles/micro_ros_msgs__rosidl_typesupport_fastrtps_cpp.dir/rosidl_typesupport_fastrtps_cpp/micro_ros_msgs/msg/detail/dds_fastrtps/graph__type_support.cpp.o[0m
[15.835s] [ 12%] [32mBuilding C object CMakeFiles/micro_ros_msgs__rosidl_generator_c.dir/rosidl_generator_c/micro_ros_msgs/msg/detail/graph__functions.c.o[0m
[16.128s] [ 14%] [32mBuilding C object CMakeFiles/micro_ros_msgs__rosidl_generator_c.dir/rosidl_generator_c/micro_ros_msgs/msg/detail/node__functions.c.o[0m
[16.563s] [ 17%] [32mBuilding CXX object CMakeFiles/micro_ros_msgs__rosidl_typesupport_cpp.dir/rosidl_typesupport_cpp/micro_ros_msgs/msg/graph__type_support.cpp.o[0m
[16.802s] [ 19%] [32mBuilding C object CMakeFiles/micro_ros_msgs__rosidl_generator_c.dir/rosidl_generator_c/micro_ros_msgs/msg/detail/entity__functions.c.o[0m
[17.487s] [ 21%] [32m[1mLinking C shared library libmicro_ros_msgs__rosidl_generator_c.so[0m
[18.025s] [ 21%] Built target micro_ros_msgs__rosidl_generator_c
[20.534s] [ 23%] [32mBuilding CXX object CMakeFiles/micro_ros_msgs__rosidl_typesupport_cpp.dir/rosidl_typesupport_cpp/micro_ros_msgs/msg/node__type_support.cpp.o[0m
[22.418s] [ 25%] [32mBuilding CXX object CMakeFiles/micro_ros_msgs__rosidl_typesupport_fastrtps_cpp.dir/rosidl_typesupport_fastrtps_cpp/micro_ros_msgs/msg/detail/dds_fastrtps/node__type_support.cpp.o[0m
[23.697s] [ 27%] [32mBuilding CXX object CMakeFiles/micro_ros_msgs__rosidl_typesupport_cpp.dir/rosidl_typesupport_cpp/micro_ros_msgs/msg/entity__type_support.cpp.o[0m
[25.720s] [ 29%] [32mBuilding CXX object CMakeFiles/micro_ros_msgs__rosidl_typesupport_fastrtps_cpp.dir/rosidl_typesupport_fastrtps_cpp/micro_ros_msgs/msg/detail/dds_fastrtps/entity__type_support.cpp.o[0m
[27.130s] [ 31%] [32m[1mLinking CXX shared library libmicro_ros_msgs__rosidl_typesupport_cpp.so[0m
[27.528s] [ 31%] Built target micro_ros_msgs__rosidl_typesupport_cpp
[29.612s] [ 34%] [32m[1mLinking CXX shared library libmicro_ros_msgs__rosidl_typesupport_fastrtps_cpp.so[0m
[30.021s] [ 34%] Built target micro_ros_msgs__rosidl_typesupport_fastrtps_cpp
[30.137s] [ 36%] [34m[1mGenerating C introspection for ROS interfaces[0m
[33.015s] [ 38%] [32mBuilding C object CMakeFiles/micro_ros_msgs__rosidl_typesupport_introspection_c.dir/rosidl_typesupport_introspection_c/micro_ros_msgs/msg/detail/graph__type_support.c.o[0m
[33.312s] [ 40%] [32mBuilding C object CMakeFiles/micro_ros_msgs__rosidl_typesupport_introspection_c.dir/rosidl_typesupport_introspection_c/micro_ros_msgs/msg/detail/node__type_support.c.o[0m
[33.569s] [ 42%] [32mBuilding C object CMakeFiles/micro_ros_msgs__rosidl_typesupport_introspection_c.dir/rosidl_typesupport_introspection_c/micro_ros_msgs/msg/detail/entity__type_support.c.o[0m
[33.814s] [ 44%] [32m[1mLinking C shared library libmicro_ros_msgs__rosidl_typesupport_introspection_c.so[0m
[34.038s] [ 44%] Built target micro_ros_msgs__rosidl_typesupport_introspection_c
[34.128s] [ 46%] [34m[1mGenerating C type support dispatch for ROS interfaces[0m
[36.179s] [ 48%] [32mBuilding CXX object CMakeFiles/micro_ros_msgs__rosidl_typesupport_c.dir/rosidl_typesupport_c/micro_ros_msgs/msg/graph__type_support.cpp.o[0m
[36.339s] [ 51%] [32mBuilding CXX object CMakeFiles/micro_ros_msgs__rosidl_typesupport_c.dir/rosidl_typesupport_c/micro_ros_msgs/msg/node__type_support.cpp.o[0m
[36.481s] [ 53%] [32mBuilding CXX object CMakeFiles/micro_ros_msgs__rosidl_typesupport_c.dir/rosidl_typesupport_c/micro_ros_msgs/msg/entity__type_support.cpp.o[0m
[36.613s] [ 55%] [32m[1mLinking CXX shared library libmicro_ros_msgs__rosidl_typesupport_c.so[0m
[36.771s] [ 55%] Built target micro_ros_msgs__rosidl_typesupport_c
[36.794s] [ 57%] [34m[1mGenerating C type support for eProsima Fast-RTPS[0m
[38.441s] [ 59%] [32mBuilding CXX object CMakeFiles/micro_ros_msgs__rosidl_typesupport_fastrtps_c.dir/rosidl_typesupport_fastrtps_c/micro_ros_msgs/msg/detail/graph__type_support_c.cpp.o[0m
[41.771s] [ 61%] [32mBuilding CXX object CMakeFiles/micro_ros_msgs__rosidl_typesupport_fastrtps_c.dir/rosidl_typesupport_fastrtps_c/micro_ros_msgs/msg/detail/entity__type_support_c.cpp.o[0m
[44.291s] [ 63%] [32mBuilding CXX object CMakeFiles/micro_ros_msgs__rosidl_typesupport_fastrtps_c.dir/rosidl_typesupport_fastrtps_c/micro_ros_msgs/msg/detail/node__type_support_c.cpp.o[0m
[46.027s] [ 65%] [32m[1mLinking CXX shared library libmicro_ros_msgs__rosidl_typesupport_fastrtps_c.so[0m
[46.627s] [ 65%] Built target micro_ros_msgs__rosidl_typesupport_fastrtps_c
[46.684s] [ 68%] [34m[1mGenerating C++ introspection for ROS interfaces[0m
[48.742s] [ 70%] [32mBuilding CXX object CMakeFiles/micro_ros_msgs__rosidl_typesupport_introspection_cpp.dir/rosidl_typesupport_introspection_cpp/micro_ros_msgs/msg/detail/graph__type_support.cpp.o[0m
[52.030s] [ 72%] [32mBuilding CXX object CMakeFiles/micro_ros_msgs__rosidl_typesupport_introspection_cpp.dir/rosidl_typesupport_introspection_cpp/micro_ros_msgs/msg/detail/entity__type_support.cpp.o[0m
[54.612s] [ 74%] [32mBuilding CXX object CMakeFiles/micro_ros_msgs__rosidl_typesupport_introspection_cpp.dir/rosidl_typesupport_introspection_cpp/micro_ros_msgs/msg/detail/node__type_support.cpp.o[0m
[59.060s] [ 76%] [32m[1mLinking CXX shared library libmicro_ros_msgs__rosidl_typesupport_introspection_cpp.so[0m
[59.596s] [ 76%] Built target micro_ros_msgs__rosidl_typesupport_introspection_cpp
[59.707s] [ 76%] Built target micro_ros_msgs
[59.808s] [ 78%] [34m[1mGenerating Python code for ROS interfaces[0m
[63.523s] [ 78%] Built target micro_ros_msgs__py
[63.649s] [ 80%] [32mBuilding C object CMakeFiles/micro_ros_msgs__rosidl_generator_py.dir/rosidl_generator_py/micro_ros_msgs/msg/_graph_s.c.o[0m
[64.475s] [ 82%] [32mBuilding C object CMakeFiles/micro_ros_msgs__rosidl_generator_py.dir/rosidl_generator_py/micro_ros_msgs/msg/_entity_s.c.o[0m
[65.208s] [ 85%] [32mBuilding C object CMakeFiles/micro_ros_msgs__rosidl_generator_py.dir/rosidl_generator_py/micro_ros_msgs/msg/_node_s.c.o[0m
[65.685s] [ 87%] [32m[1mLinking C shared library rosidl_generator_py/micro_ros_msgs/libmicro_ros_msgs__rosidl_generator_py.so[0m
[65.887s] [ 87%] Built target micro_ros_msgs__rosidl_generator_py
[65.984s] [ 89%] [32mBuilding C object CMakeFiles/micro_ros_msgs__rosidl_typesupport_fastrtps_c__pyext.dir/rosidl_generator_py/micro_ros_msgs/_micro_ros_msgs_s.ep.rosidl_typesupport_fastrtps_c.c.o[0m
[66.486s] [ 91%] [32m[1mLinking C shared library rosidl_generator_py/micro_ros_msgs/micro_ros_msgs_s__rosidl_typesupport_fastrtps_c.cpython-310-x86_64-linux-gnu.so[0m
[66.620s] [ 91%] Built target micro_ros_msgs__rosidl_typesupport_fastrtps_c__pyext
[66.672s] [ 93%] [32mBuilding C object CMakeFiles/micro_ros_msgs__rosidl_typesupport_c__pyext.dir/rosidl_generator_py/micro_ros_msgs/_micro_ros_msgs_s.ep.rosidl_typesupport_c.c.o[0m
[67.170s] [ 95%] [32m[1mLinking C shared library rosidl_generator_py/micro_ros_msgs/micro_ros_msgs_s__rosidl_typesupport_c.cpython-310-x86_64-linux-gnu.so[0m
[67.372s] [ 95%] Built target micro_ros_msgs__rosidl_typesupport_c__pyext
[67.462s] [ 97%] [32mBuilding C object CMakeFiles/micro_ros_msgs__rosidl_typesupport_introspection_c__pyext.dir/rosidl_generator_py/micro_ros_msgs/_micro_ros_msgs_s.ep.rosidl_typesupport_introspection_c.c.o[0m
[68.112s] [100%] [32m[1mLinking C shared library rosidl_generator_py/micro_ros_msgs/micro_ros_msgs_s__rosidl_typesupport_introspection_c.cpython-310-x86_64-linux-gnu.so[0m
[68.277s] [100%] Built target micro_ros_msgs__rosidl_typesupport_introspection_c__pyext
[68.319s] Invoked command in '/home/aidan/GitHub/AidansRepo/TeensySwerve/build/micro_ros_msgs' returned '0': CMAKE_PREFIX_PATH=${CMAKE_PREFIX_PATH}:/home/aidan/GitHub/AidansRepo/TeensySwerve/install/tnsy_swrv_controller:/opt/ros/humble /usr/bin/cmake --build /home/aidan/GitHub/AidansRepo/TeensySwerve/build/micro_ros_msgs -- -j4 -l4
[69.062s] Invoking command in '/home/aidan/GitHub/AidansRepo/TeensySwerve/build/micro_ros_msgs': CMAKE_PREFIX_PATH=${CMAKE_PREFIX_PATH}:/home/aidan/GitHub/AidansRepo/TeensySwerve/install/tnsy_swrv_controller:/opt/ros/humble /usr/bin/cmake --install /home/aidan/GitHub/AidansRepo/TeensySwerve/build/micro_ros_msgs
[69.121s] -- Install configuration: ""
[69.127s] -- Installing: /home/aidan/GitHub/AidansRepo/TeensySwerve/install/micro_ros_msgs/share/ament_index/resource_index/rosidl_interfaces/micro_ros_msgs
[69.131s] -- Installing: /home/aidan/GitHub/AidansRepo/TeensySwerve/install/micro_ros_msgs/include/micro_ros_msgs/micro_ros_msgs
[69.135s] -- Installing: /home/aidan/GitHub/AidansRepo/TeensySwerve/install/micro_ros_msgs/include/micro_ros_msgs/micro_ros_msgs/msg
[69.138s] -- Installing: /home/aidan/GitHub/AidansRepo/TeensySwerve/install/micro_ros_msgs/include/micro_ros_msgs/micro_ros_msgs/msg/node.h
[69.138s] -- Installing: /home/aidan/GitHub/AidansRepo/TeensySwerve/install/micro_ros_msgs/include/micro_ros_msgs/micro_ros_msgs/msg/rosidl_generator_c__visibility_control.h
[69.138s] -- Installing: /home/aidan/GitHub/AidansRepo/TeensySwerve/install/micro_ros_msgs/include/micro_ros_msgs/micro_ros_msgs/msg/entity.h
[69.138s] -- Installing: /home/aidan/GitHub/AidansRepo/TeensySwerve/install/micro_ros_msgs/include/micro_ros_msgs/micro_ros_msgs/msg/detail
[69.138s] -- Installing: /home/aidan/GitHub/AidansRepo/TeensySwerve/install/micro_ros_msgs/include/micro_ros_msgs/micro_ros_msgs/msg/detail/graph__struct.h
[69.139s] -- Installing: /home/aidan/GitHub/AidansRepo/TeensySwerve/install/micro_ros_msgs/include/micro_ros_msgs/micro_ros_msgs/msg/detail/entity__struct.h
[69.139s] -- Installing: /home/aidan/GitHub/AidansRepo/TeensySwerve/install/micro_ros_msgs/include/micro_ros_msgs/micro_ros_msgs/msg/detail/entity__type_support.h
[69.139s] -- Installing: /home/aidan/GitHub/AidansRepo/TeensySwerve/install/micro_ros_msgs/include/micro_ros_msgs/micro_ros_msgs/msg/detail/entity__functions.c
[69.139s] -- Installing: /home/aidan/GitHub/AidansRepo/TeensySwerve/install/micro_ros_msgs/include/micro_ros_msgs/micro_ros_msgs/msg/detail/node__functions.c
[69.147s] -- Installing: /home/aidan/GitHub/AidansRepo/TeensySwerve/install/micro_ros_msgs/include/micro_ros_msgs/micro_ros_msgs/msg/detail/graph__functions.h
[69.150s] -- Installing: /home/aidan/GitHub/AidansRepo/TeensySwerve/install/micro_ros_msgs/include/micro_ros_msgs/micro_ros_msgs/msg/detail/node__functions.h
[69.151s] -- Installing: /home/aidan/GitHub/AidansRepo/TeensySwerve/install/micro_ros_msgs/include/micro_ros_msgs/micro_ros_msgs/msg/detail/node__struct.h
[69.151s] -- Installing: /home/aidan/GitHub/AidansRepo/TeensySwerve/install/micro_ros_msgs/include/micro_ros_msgs/micro_ros_msgs/msg/detail/entity__functions.h
[69.151s] -- Installing: /home/aidan/GitHub/AidansRepo/TeensySwerve/install/micro_ros_msgs/include/micro_ros_msgs/micro_ros_msgs/msg/detail/graph__functions.c
[69.152s] -- Installing: /home/aidan/GitHub/AidansRepo/TeensySwerve/install/micro_ros_msgs/include/micro_ros_msgs/micro_ros_msgs/msg/detail/graph__type_support.h
[69.152s] -- Installing: /home/aidan/GitHub/AidansRepo/TeensySwerve/install/micro_ros_msgs/include/micro_ros_msgs/micro_ros_msgs/msg/detail/node__type_support.h
[69.161s] -- Installing: /home/aidan/GitHub/AidansRepo/TeensySwerve/install/micro_ros_msgs/include/micro_ros_msgs/micro_ros_msgs/msg/graph.h
[69.162s] -- Installing: /home/aidan/GitHub/AidansRepo/TeensySwerve/install/micro_ros_msgs/share/micro_ros_msgs/environment/library_path.sh
[69.165s] -- Installing: /home/aidan/GitHub/AidansRepo/TeensySwerve/install/micro_ros_msgs/share/micro_ros_msgs/environment/library_path.dsv
[69.172s] -- Installing: /home/aidan/GitHub/AidansRepo/TeensySwerve/install/micro_ros_msgs/lib/libmicro_ros_msgs__rosidl_generator_c.so
[69.178s] -- Set runtime path of "/home/aidan/GitHub/AidansRepo/TeensySwerve/install/micro_ros_msgs/lib/libmicro_ros_msgs__rosidl_generator_c.so" to ""
[69.178s] -- Up-to-date: /home/aidan/GitHub/AidansRepo/TeensySwerve/install/micro_ros_msgs/include/micro_ros_msgs/micro_ros_msgs
[69.178s] -- Up-to-date: /home/aidan/GitHub/AidansRepo/TeensySwerve/install/micro_ros_msgs/include/micro_ros_msgs/micro_ros_msgs/msg
[69.179s] -- Installing: /home/aidan/GitHub/AidansRepo/TeensySwerve/install/micro_ros_msgs/include/micro_ros_msgs/micro_ros_msgs/msg/rosidl_typesupport_fastrtps_c__visibility_control.h
[69.180s] -- Up-to-date: /home/aidan/GitHub/AidansRepo/TeensySwerve/install/micro_ros_msgs/include/micro_ros_msgs/micro_ros_msgs/msg/detail
[69.181s] -- Installing: /home/aidan/GitHub/AidansRepo/TeensySwerve/install/micro_ros_msgs/include/micro_ros_msgs/micro_ros_msgs/msg/detail/entity__rosidl_typesupport_fastrtps_c.h
[69.181s] -- Installing: /home/aidan/GitHub/AidansRepo/TeensySwerve/install/micro_ros_msgs/include/micro_ros_msgs/micro_ros_msgs/msg/detail/node__rosidl_typesupport_fastrtps_c.h
[69.181s] -- Installing: /home/aidan/GitHub/AidansRepo/TeensySwerve/install/micro_ros_msgs/include/micro_ros_msgs/micro_ros_msgs/msg/detail/graph__rosidl_typesupport_fastrtps_c.h
[69.189s] -- Installing: /home/aidan/GitHub/AidansRepo/TeensySwerve/install/micro_ros_msgs/lib/libmicro_ros_msgs__rosidl_typesupport_fastrtps_c.so
[69.194s] -- Set runtime path of "/home/aidan/GitHub/AidansRepo/TeensySwerve/install/micro_ros_msgs/lib/libmicro_ros_msgs__rosidl_typesupport_fastrtps_c.so" to ""
[69.202s] -- Up-to-date: /home/aidan/GitHub/AidansRepo/TeensySwerve/install/micro_ros_msgs/include/micro_ros_msgs/micro_ros_msgs
[69.205s] -- Up-to-date: /home/aidan/GitHub/AidansRepo/TeensySwerve/install/micro_ros_msgs/include/micro_ros_msgs/micro_ros_msgs/msg
[69.205s] -- Up-to-date: /home/aidan/GitHub/AidansRepo/TeensySwerve/install/micro_ros_msgs/include/micro_ros_msgs/micro_ros_msgs/msg/detail
[69.206s] -- Installing: /home/aidan/GitHub/AidansRepo/TeensySwerve/install/micro_ros_msgs/include/micro_ros_msgs/micro_ros_msgs/msg/detail/graph__type_support.c
[69.206s] -- Installing: /home/aidan/GitHub/AidansRepo/TeensySwerve/install/micro_ros_msgs/include/micro_ros_msgs/micro_ros_msgs/msg/detail/entity__rosidl_typesupport_introspection_c.h
[69.206s] -- Installing: /home/aidan/GitHub/AidansRepo/TeensySwerve/install/micro_ros_msgs/include/micro_ros_msgs/micro_ros_msgs/msg/detail/node__type_support.c
[69.223s] -- Installing: /home/aidan/GitHub/AidansRepo/TeensySwerve/install/micro_ros_msgs/include/micro_ros_msgs/micro_ros_msgs/msg/detail/entity__type_support.c
[69.224s] -- Installing: /home/aidan/GitHub/AidansRepo/TeensySwerve/install/micro_ros_msgs/include/micro_ros_msgs/micro_ros_msgs/msg/detail/graph__rosidl_typesupport_introspection_c.h
[69.225s] -- Installing: /home/aidan/GitHub/AidansRepo/TeensySwerve/install/micro_ros_msgs/include/micro_ros_msgs/micro_ros_msgs/msg/detail/node__rosidl_typesupport_introspection_c.h
[69.225s] -- Installing: /home/aidan/GitHub/AidansRepo/TeensySwerve/install/micro_ros_msgs/include/micro_ros_msgs/micro_ros_msgs/msg/rosidl_typesupport_introspection_c__visibility_control.h
[69.225s] -- Installing: /home/aidan/GitHub/AidansRepo/TeensySwerve/install/micro_ros_msgs/lib/libmicro_ros_msgs__rosidl_typesupport_introspection_c.so
[69.229s] -- Set runtime path of "/home/aidan/GitHub/AidansRepo/TeensySwerve/install/micro_ros_msgs/lib/libmicro_ros_msgs__rosidl_typesupport_introspection_c.so" to ""
[69.230s] -- Installing: /home/aidan/GitHub/AidansRepo/TeensySwerve/install/micro_ros_msgs/lib/libmicro_ros_msgs__rosidl_typesupport_c.so
[69.231s] -- Set runtime path of "/home/aidan/GitHub/AidansRepo/TeensySwerve/install/micro_ros_msgs/lib/libmicro_ros_msgs__rosidl_typesupport_c.so" to ""
[69.235s] -- Up-to-date: /home/aidan/GitHub/AidansRepo/TeensySwerve/install/micro_ros_msgs/include/micro_ros_msgs/micro_ros_msgs
[69.236s] -- Up-to-date: /home/aidan/GitHub/AidansRepo/TeensySwerve/install/micro_ros_msgs/include/micro_ros_msgs/micro_ros_msgs/msg
[69.236s] -- Installing: /home/aidan/GitHub/AidansRepo/TeensySwerve/install/micro_ros_msgs/include/micro_ros_msgs/micro_ros_msgs/msg/entity.hpp
[69.237s] -- Installing: /home/aidan/GitHub/AidansRepo/TeensySwerve/install/micro_ros_msgs/include/micro_ros_msgs/micro_ros_msgs/msg/graph.hpp
[69.237s] -- Up-to-date: /home/aidan/GitHub/AidansRepo/TeensySwerve/install/micro_ros_msgs/include/micro_ros_msgs/micro_ros_msgs/msg/detail
[69.237s] -- Installing: /home/aidan/GitHub/AidansRepo/TeensySwerve/install/micro_ros_msgs/include/micro_ros_msgs/micro_ros_msgs/msg/detail/graph__type_support.hpp
[69.239s] -- Installing: /home/aidan/GitHub/AidansRepo/TeensySwerve/install/micro_ros_msgs/include/micro_ros_msgs/micro_ros_msgs/msg/detail/graph__builder.hpp
[69.246s] -- Installing: /home/aidan/GitHub/AidansRepo/TeensySwerve/install/micro_ros_msgs/include/micro_ros_msgs/micro_ros_msgs/msg/detail/node__builder.hpp
[69.249s] -- Installing: /home/aidan/GitHub/AidansRepo/TeensySwerve/install/micro_ros_msgs/include/micro_ros_msgs/micro_ros_msgs/msg/detail/node__traits.hpp
[69.253s] -- Installing: /home/aidan/GitHub/AidansRepo/TeensySwerve/install/micro_ros_msgs/include/micro_ros_msgs/micro_ros_msgs/msg/detail/node__type_support.hpp
[69.253s] -- Installing: /home/aidan/GitHub/AidansRepo/TeensySwerve/install/micro_ros_msgs/include/micro_ros_msgs/micro_ros_msgs/msg/detail/graph__traits.hpp
[69.253s] -- Installing: /home/aidan/GitHub/AidansRepo/TeensySwerve/install/micro_ros_msgs/include/micro_ros_msgs/micro_ros_msgs/msg/detail/entity__struct.hpp
[69.254s] -- Installing: /home/aidan/GitHub/AidansRepo/TeensySwerve/install/micro_ros_msgs/include/micro_ros_msgs/micro_ros_msgs/msg/detail/node__struct.hpp
[69.259s] -- Installing: /home/aidan/GitHub/AidansRepo/TeensySwerve/install/micro_ros_msgs/include/micro_ros_msgs/micro_ros_msgs/msg/detail/entity__builder.hpp
[69.259s] -- Installing: /home/aidan/GitHub/AidansRepo/TeensySwerve/install/micro_ros_msgs/include/micro_ros_msgs/micro_ros_msgs/msg/detail/graph__struct.hpp
[69.260s] -- Installing: /home/aidan/GitHub/AidansRepo/TeensySwerve/install/micro_ros_msgs/include/micro_ros_msgs/micro_ros_msgs/msg/detail/entity__traits.hpp
[69.260s] -- Installing: /home/aidan/GitHub/AidansRepo/TeensySwerve/install/micro_ros_msgs/include/micro_ros_msgs/micro_ros_msgs/msg/detail/entity__type_support.hpp
[69.260s] -- Installing: /home/aidan/GitHub/AidansRepo/TeensySwerve/install/micro_ros_msgs/include/micro_ros_msgs/micro_ros_msgs/msg/rosidl_generator_cpp__visibility_control.hpp
[69.269s] -- Installing: /home/aidan/GitHub/AidansRepo/TeensySwerve/install/micro_ros_msgs/include/micro_ros_msgs/micro_ros_msgs/msg/node.hpp
[69.273s] -- Up-to-date: /home/aidan/GitHub/AidansRepo/TeensySwerve/install/micro_ros_msgs/include/micro_ros_msgs/micro_ros_msgs
[69.281s] -- Up-to-date: /home/aidan/GitHub/AidansRepo/TeensySwerve/install/micro_ros_msgs/include/micro_ros_msgs/micro_ros_msgs/msg
[69.282s] -- Installing: /home/aidan/GitHub/AidansRepo/TeensySwerve/install/micro_ros_msgs/include/micro_ros_msgs/micro_ros_msgs/msg/rosidl_typesupport_fastrtps_cpp__visibility_control.h
[69.282s] -- Up-to-date: /home/aidan/GitHub/AidansRepo/TeensySwerve/install/micro_ros_msgs/include/micro_ros_msgs/micro_ros_msgs/msg/detail
[69.284s] -- Installing: /home/aidan/GitHub/AidansRepo/TeensySwerve/install/micro_ros_msgs/include/micro_ros_msgs/micro_ros_msgs/msg/detail/dds_fastrtps
[69.285s] -- Installing: /home/aidan/GitHub/AidansRepo/TeensySwerve/install/micro_ros_msgs/include/micro_ros_msgs/micro_ros_msgs/msg/detail/node__rosidl_typesupport_fastrtps_cpp.hpp
[69.285s] -- Installing: /home/aidan/GitHub/AidansRepo/TeensySwerve/install/micro_ros_msgs/include/micro_ros_msgs/micro_ros_msgs/msg/detail/graph__rosidl_typesupport_fastrtps_cpp.hpp
[69.286s] -- Installing: /home/aidan/GitHub/AidansRepo/TeensySwerve/install/micro_ros_msgs/include/micro_ros_msgs/micro_ros_msgs/msg/detail/entity__rosidl_typesupport_fastrtps_cpp.hpp
[69.287s] -- Installing: /home/aidan/GitHub/AidansRepo/TeensySwerve/install/micro_ros_msgs/lib/libmicro_ros_msgs__rosidl_typesupport_fastrtps_cpp.so
[69.287s] -- Set runtime path of "/home/aidan/GitHub/AidansRepo/TeensySwerve/install/micro_ros_msgs/lib/libmicro_ros_msgs__rosidl_typesupport_fastrtps_cpp.so" to ""
[69.287s] -- Up-to-date: /home/aidan/GitHub/AidansRepo/TeensySwerve/install/micro_ros_msgs/include/micro_ros_msgs/micro_ros_msgs
[69.291s] -- Up-to-date: /home/aidan/GitHub/AidansRepo/TeensySwerve/install/micro_ros_msgs/include/micro_ros_msgs/micro_ros_msgs/msg
[69.292s] -- Up-to-date: /home/aidan/GitHub/AidansRepo/TeensySwerve/install/micro_ros_msgs/include/micro_ros_msgs/micro_ros_msgs/msg/detail
[69.292s] -- Installing: /home/aidan/GitHub/AidansRepo/TeensySwerve/install/micro_ros_msgs/include/micro_ros_msgs/micro_ros_msgs/msg/detail/graph__rosidl_typesupport_introspection_cpp.hpp
[69.292s] -- Installing: /home/aidan/GitHub/AidansRepo/TeensySwerve/install/micro_ros_msgs/include/micro_ros_msgs/micro_ros_msgs/msg/detail/graph__type_support.cpp
[69.292s] -- Installing: /home/aidan/GitHub/AidansRepo/TeensySwerve/install/micro_ros_msgs/include/micro_ros_msgs/micro_ros_msgs/msg/detail/node__rosidl_typesupport_introspection_cpp.hpp
[69.293s] -- Installing: /home/aidan/GitHub/AidansRepo/TeensySwerve/install/micro_ros_msgs/include/micro_ros_msgs/micro_ros_msgs/msg/detail/entity__rosidl_typesupport_introspection_cpp.hpp
[69.293s] -- Installing: /home/aidan/GitHub/AidansRepo/TeensySwerve/install/micro_ros_msgs/include/micro_ros_msgs/micro_ros_msgs/msg/detail/node__type_support.cpp
[69.293s] -- Installing: /home/aidan/GitHub/AidansRepo/TeensySwerve/install/micro_ros_msgs/include/micro_ros_msgs/micro_ros_msgs/msg/detail/entity__type_support.cpp
[69.300s] -- Installing: /home/aidan/GitHub/AidansRepo/TeensySwerve/install/micro_ros_msgs/lib/libmicro_ros_msgs__rosidl_typesupport_introspection_cpp.so
[69.300s] -- Set runtime path of "/home/aidan/GitHub/AidansRepo/TeensySwerve/install/micro_ros_msgs/lib/libmicro_ros_msgs__rosidl_typesupport_introspection_cpp.so" to ""
[69.301s] -- Installing: /home/aidan/GitHub/AidansRepo/TeensySwerve/install/micro_ros_msgs/lib/libmicro_ros_msgs__rosidl_typesupport_cpp.so
[69.305s] -- Set runtime path of "/home/aidan/GitHub/AidansRepo/TeensySwerve/install/micro_ros_msgs/lib/libmicro_ros_msgs__rosidl_typesupport_cpp.so" to ""
[69.305s] -- Installing: /home/aidan/GitHub/AidansRepo/TeensySwerve/install/micro_ros_msgs/share/micro_ros_msgs/environment/pythonpath.sh
[69.305s] -- Installing: /home/aidan/GitHub/AidansRepo/TeensySwerve/install/micro_ros_msgs/share/micro_ros_msgs/environment/pythonpath.dsv
[69.308s] -- Installing: /home/aidan/GitHub/AidansRepo/TeensySwerve/install/micro_ros_msgs/local/lib/python3.10/dist-packages/micro_ros_msgs-3.0.1-py3.10.egg-info
[69.309s] -- Installing: /home/aidan/GitHub/AidansRepo/TeensySwerve/install/micro_ros_msgs/local/lib/python3.10/dist-packages/micro_ros_msgs-3.0.1-py3.10.egg-info/PKG-INFO
[69.309s] -- Installing: /home/aidan/GitHub/AidansRepo/TeensySwerve/install/micro_ros_msgs/local/lib/python3.10/dist-packages/micro_ros_msgs-3.0.1-py3.10.egg-info/SOURCES.txt
[69.309s] -- Installing: /home/aidan/GitHub/AidansRepo/TeensySwerve/install/micro_ros_msgs/local/lib/python3.10/dist-packages/micro_ros_msgs-3.0.1-py3.10.egg-info/dependency_links.txt
[69.312s] -- Installing: /home/aidan/GitHub/AidansRepo/TeensySwerve/install/micro_ros_msgs/local/lib/python3.10/dist-packages/micro_ros_msgs-3.0.1-py3.10.egg-info/top_level.txt
[69.312s] -- Installing: /home/aidan/GitHub/AidansRepo/TeensySwerve/install/micro_ros_msgs/local/lib/python3.10/dist-packages/micro_ros_msgs
[69.317s] -- Installing: /home/aidan/GitHub/AidansRepo/TeensySwerve/install/micro_ros_msgs/local/lib/python3.10/dist-packages/micro_ros_msgs/_micro_ros_msgs_s.ep.rosidl_typesupport_c.c
[69.318s] -- Installing: /home/aidan/GitHub/AidansRepo/TeensySwerve/install/micro_ros_msgs/local/lib/python3.10/dist-packages/micro_ros_msgs/micro_ros_msgs_s__rosidl_typesupport_c.cpython-310-x86_64-linux-gnu.so
[69.318s] -- Installing: /home/aidan/GitHub/AidansRepo/TeensySwerve/install/micro_ros_msgs/local/lib/python3.10/dist-packages/micro_ros_msgs/libmicro_ros_msgs__rosidl_generator_py.so
[69.319s] -- Installing: /home/aidan/GitHub/AidansRepo/TeensySwerve/install/micro_ros_msgs/local/lib/python3.10/dist-packages/micro_ros_msgs/micro_ros_msgs_s__rosidl_typesupport_fastrtps_c.cpython-310-x86_64-linux-gnu.so
[69.320s] -- Installing: /home/aidan/GitHub/AidansRepo/TeensySwerve/install/micro_ros_msgs/local/lib/python3.10/dist-packages/micro_ros_msgs/_micro_ros_msgs_s.ep.rosidl_typesupport_fastrtps_c.c
[69.320s] -- Installing: /home/aidan/GitHub/AidansRepo/TeensySwerve/install/micro_ros_msgs/local/lib/python3.10/dist-packages/micro_ros_msgs/__init__.py
[69.321s] -- Installing: /home/aidan/GitHub/AidansRepo/TeensySwerve/install/micro_ros_msgs/local/lib/python3.10/dist-packages/micro_ros_msgs/msg
[69.321s] -- Installing: /home/aidan/GitHub/AidansRepo/TeensySwerve/install/micro_ros_msgs/local/lib/python3.10/dist-packages/micro_ros_msgs/msg/_graph.py
[69.321s] -- Installing: /home/aidan/GitHub/AidansRepo/TeensySwerve/install/micro_ros_msgs/local/lib/python3.10/dist-packages/micro_ros_msgs/msg/__init__.py
[69.323s] -- Installing: /home/aidan/GitHub/AidansRepo/TeensySwerve/install/micro_ros_msgs/local/lib/python3.10/dist-packages/micro_ros_msgs/msg/_graph_s.c
[69.327s] -- Installing: /home/aidan/GitHub/AidansRepo/TeensySwerve/install/micro_ros_msgs/local/lib/python3.10/dist-packages/micro_ros_msgs/msg/_node_s.c
[69.328s] -- Installing: /home/aidan/GitHub/AidansRepo/TeensySwerve/install/micro_ros_msgs/local/lib/python3.10/dist-packages/micro_ros_msgs/msg/_entity_s.c
[69.332s] -- Installing: /home/aidan/GitHub/AidansRepo/TeensySwerve/install/micro_ros_msgs/local/lib/python3.10/dist-packages/micro_ros_msgs/msg/_entity.py
[69.333s] -- Installing: /home/aidan/GitHub/AidansRepo/TeensySwerve/install/micro_ros_msgs/local/lib/python3.10/dist-packages/micro_ros_msgs/msg/_node.py
[69.333s] -- Installing: /home/aidan/GitHub/AidansRepo/TeensySwerve/install/micro_ros_msgs/local/lib/python3.10/dist-packages/micro_ros_msgs/micro_ros_msgs_s__rosidl_typesupport_introspection_c.cpython-310-x86_64-linux-gnu.so
[69.333s] -- Installing: /home/aidan/GitHub/AidansRepo/TeensySwerve/install/micro_ros_msgs/local/lib/python3.10/dist-packages/micro_ros_msgs/_micro_ros_msgs_s.ep.rosidl_typesupport_introspection_c.c
[69.504s] Listing '/home/aidan/GitHub/AidansRepo/TeensySwerve/install/micro_ros_msgs/local/lib/python3.10/dist-packages/micro_ros_msgs'...
[69.504s] Compiling '/home/aidan/GitHub/AidansRepo/TeensySwerve/install/micro_ros_msgs/local/lib/python3.10/dist-packages/micro_ros_msgs/__init__.py'...
[69.504s] Listing '/home/aidan/GitHub/AidansRepo/TeensySwerve/install/micro_ros_msgs/local/lib/python3.10/dist-packages/micro_ros_msgs/msg'...
[69.505s] Compiling '/home/aidan/GitHub/AidansRepo/TeensySwerve/install/micro_ros_msgs/local/lib/python3.10/dist-packages/micro_ros_msgs/msg/__init__.py'...
[69.505s] Compiling '/home/aidan/GitHub/AidansRepo/TeensySwerve/install/micro_ros_msgs/local/lib/python3.10/dist-packages/micro_ros_msgs/msg/_entity.py'...
[69.508s] Compiling '/home/aidan/GitHub/AidansRepo/TeensySwerve/install/micro_ros_msgs/local/lib/python3.10/dist-packages/micro_ros_msgs/msg/_graph.py'...
[69.509s] Compiling '/home/aidan/GitHub/AidansRepo/TeensySwerve/install/micro_ros_msgs/local/lib/python3.10/dist-packages/micro_ros_msgs/msg/_node.py'...
[69.522s] -- Installing: /home/aidan/GitHub/AidansRepo/TeensySwerve/install/micro_ros_msgs/local/lib/python3.10/dist-packages/micro_ros_msgs/micro_ros_msgs_s__rosidl_typesupport_fastrtps_c.cpython-310-x86_64-linux-gnu.so
[69.523s] -- Set runtime path of "/home/aidan/GitHub/AidansRepo/TeensySwerve/install/micro_ros_msgs/local/lib/python3.10/dist-packages/micro_ros_msgs/micro_ros_msgs_s__rosidl_typesupport_fastrtps_c.cpython-310-x86_64-linux-gnu.so" to ""
[69.525s] -- Installing: /home/aidan/GitHub/AidansRepo/TeensySwerve/install/micro_ros_msgs/local/lib/python3.10/dist-packages/micro_ros_msgs/micro_ros_msgs_s__rosidl_typesupport_introspection_c.cpython-310-x86_64-linux-gnu.so
[69.528s] -- Set runtime path of "/home/aidan/GitHub/AidansRepo/TeensySwerve/install/micro_ros_msgs/local/lib/python3.10/dist-packages/micro_ros_msgs/micro_ros_msgs_s__rosidl_typesupport_introspection_c.cpython-310-x86_64-linux-gnu.so" to ""
[69.528s] -- Installing: /home/aidan/GitHub/AidansRepo/TeensySwerve/install/micro_ros_msgs/local/lib/python3.10/dist-packages/micro_ros_msgs/micro_ros_msgs_s__rosidl_typesupport_c.cpython-310-x86_64-linux-gnu.so
[69.529s] -- Set runtime path of "/home/aidan/GitHub/AidansRepo/TeensySwerve/install/micro_ros_msgs/local/lib/python3.10/dist-packages/micro_ros_msgs/micro_ros_msgs_s__rosidl_typesupport_c.cpython-310-x86_64-linux-gnu.so" to ""
[69.530s] -- Installing: /home/aidan/GitHub/AidansRepo/TeensySwerve/install/micro_ros_msgs/lib/libmicro_ros_msgs__rosidl_generator_py.so
[69.532s] -- Set runtime path of "/home/aidan/GitHub/AidansRepo/TeensySwerve/install/micro_ros_msgs/lib/libmicro_ros_msgs__rosidl_generator_py.so" to ""
[69.533s] -- Installing: /home/aidan/GitHub/AidansRepo/TeensySwerve/install/micro_ros_msgs/share/micro_ros_msgs/msg/Graph.idl
[69.534s] -- Installing: /home/aidan/GitHub/AidansRepo/TeensySwerve/install/micro_ros_msgs/share/micro_ros_msgs/msg/Node.idl
[69.536s] -- Installing: /home/aidan/GitHub/AidansRepo/TeensySwerve/install/micro_ros_msgs/share/micro_ros_msgs/msg/Entity.idl
[69.537s] -- Installing: /home/aidan/GitHub/AidansRepo/TeensySwerve/install/micro_ros_msgs/share/micro_ros_msgs/msg/Graph.msg
[69.540s] -- Installing: /home/aidan/GitHub/AidansRepo/TeensySwerve/install/micro_ros_msgs/share/micro_ros_msgs/msg/Node.msg
[69.541s] -- Installing: /home/aidan/GitHub/AidansRepo/TeensySwerve/install/micro_ros_msgs/share/micro_ros_msgs/msg/Entity.msg
[69.541s] -- Installing: /home/aidan/GitHub/AidansRepo/TeensySwerve/install/micro_ros_msgs/share/ament_index/resource_index/package_run_dependencies/micro_ros_msgs
[69.541s] -- Installing: /home/aidan/GitHub/AidansRepo/TeensySwerve/install/micro_ros_msgs/share/ament_index/resource_index/parent_prefix_path/micro_ros_msgs
[69.543s] -- Installing: /home/aidan/GitHub/AidansRepo/TeensySwerve/install/micro_ros_msgs/share/micro_ros_msgs/environment/ament_prefix_path.sh
[69.546s] -- Installing: /home/aidan/GitHub/AidansRepo/TeensySwerve/install/micro_ros_msgs/share/micro_ros_msgs/environment/ament_prefix_path.dsv
[69.547s] -- Installing: /home/aidan/GitHub/AidansRepo/TeensySwerve/install/micro_ros_msgs/share/micro_ros_msgs/environment/path.sh
[69.547s] -- Installing: /home/aidan/GitHub/AidansRepo/TeensySwerve/install/micro_ros_msgs/share/micro_ros_msgs/environment/path.dsv
[69.547s] -- Installing: /home/aidan/GitHub/AidansRepo/TeensySwerve/install/micro_ros_msgs/share/micro_ros_msgs/local_setup.bash
[69.547s] -- Installing: /home/aidan/GitHub/AidansRepo/TeensySwerve/install/micro_ros_msgs/share/micro_ros_msgs/local_setup.sh
[69.548s] -- Installing: /home/aidan/GitHub/AidansRepo/TeensySwerve/install/micro_ros_msgs/share/micro_ros_msgs/local_setup.zsh
[69.548s] -- Installing: /home/aidan/GitHub/AidansRepo/TeensySwerve/install/micro_ros_msgs/share/micro_ros_msgs/local_setup.dsv
[69.553s] -- Installing: /home/aidan/GitHub/AidansRepo/TeensySwerve/install/micro_ros_msgs/share/micro_ros_msgs/package.dsv
[69.554s] -- Installing: /home/aidan/GitHub/AidansRepo/TeensySwerve/install/micro_ros_msgs/share/ament_index/resource_index/packages/micro_ros_msgs
[69.555s] -- Installing: /home/aidan/GitHub/AidansRepo/TeensySwerve/install/micro_ros_msgs/share/micro_ros_msgs/cmake/export_micro_ros_msgs__rosidl_generator_cExport.cmake
[69.562s] -- Installing: /home/aidan/GitHub/AidansRepo/TeensySwerve/install/micro_ros_msgs/share/micro_ros_msgs/cmake/export_micro_ros_msgs__rosidl_generator_cExport-noconfig.cmake
[69.563s] -- Installing: /home/aidan/GitHub/AidansRepo/TeensySwerve/install/micro_ros_msgs/share/micro_ros_msgs/cmake/export_micro_ros_msgs__rosidl_typesupport_fastrtps_cExport.cmake
[69.563s] -- Installing: /home/aidan/GitHub/AidansRepo/TeensySwerve/install/micro_ros_msgs/share/micro_ros_msgs/cmake/export_micro_ros_msgs__rosidl_typesupport_fastrtps_cExport-noconfig.cmake
[69.563s] -- Installing: /home/aidan/GitHub/AidansRepo/TeensySwerve/install/micro_ros_msgs/share/micro_ros_msgs/cmake/micro_ros_msgs__rosidl_typesupport_introspection_cExport.cmake
[69.564s] -- Installing: /home/aidan/GitHub/AidansRepo/TeensySwerve/install/micro_ros_msgs/share/micro_ros_msgs/cmake/micro_ros_msgs__rosidl_typesupport_introspection_cExport-noconfig.cmake
[69.564s] -- Installing: /home/aidan/GitHub/AidansRepo/TeensySwerve/install/micro_ros_msgs/share/micro_ros_msgs/cmake/micro_ros_msgs__rosidl_typesupport_cExport.cmake
[69.564s] -- Installing: /home/aidan/GitHub/AidansRepo/TeensySwerve/install/micro_ros_msgs/share/micro_ros_msgs/cmake/micro_ros_msgs__rosidl_typesupport_cExport-noconfig.cmake
[69.564s] -- Installing: /home/aidan/GitHub/AidansRepo/TeensySwerve/install/micro_ros_msgs/share/micro_ros_msgs/cmake/export_micro_ros_msgs__rosidl_generator_cppExport.cmake
[69.564s] -- Installing: /home/aidan/GitHub/AidansRepo/TeensySwerve/install/micro_ros_msgs/share/micro_ros_msgs/cmake/export_micro_ros_msgs__rosidl_typesupport_fastrtps_cppExport.cmake
[69.565s] -- Installing: /home/aidan/GitHub/AidansRepo/TeensySwerve/install/micro_ros_msgs/share/micro_ros_msgs/cmake/export_micro_ros_msgs__rosidl_typesupport_fastrtps_cppExport-noconfig.cmake
[69.565s] -- Installing: /home/aidan/GitHub/AidansRepo/TeensySwerve/install/micro_ros_msgs/share/micro_ros_msgs/cmake/micro_ros_msgs__rosidl_typesupport_introspection_cppExport.cmake
[69.565s] -- Installing: /home/aidan/GitHub/AidansRepo/TeensySwerve/install/micro_ros_msgs/share/micro_ros_msgs/cmake/micro_ros_msgs__rosidl_typesupport_introspection_cppExport-noconfig.cmake
[69.568s] -- Installing: /home/aidan/GitHub/AidansRepo/TeensySwerve/install/micro_ros_msgs/share/micro_ros_msgs/cmake/micro_ros_msgs__rosidl_typesupport_cppExport.cmake
[69.568s] -- Installing: /home/aidan/GitHub/AidansRepo/TeensySwerve/install/micro_ros_msgs/share/micro_ros_msgs/cmake/micro_ros_msgs__rosidl_typesupport_cppExport-noconfig.cmake
[69.569s] -- Installing: /home/aidan/GitHub/AidansRepo/TeensySwerve/install/micro_ros_msgs/share/micro_ros_msgs/cmake/export_micro_ros_msgs__rosidl_generator_pyExport.cmake
[69.569s] -- Installing: /home/aidan/GitHub/AidansRepo/TeensySwerve/install/micro_ros_msgs/share/micro_ros_msgs/cmake/export_micro_ros_msgs__rosidl_generator_pyExport-noconfig.cmake
[69.569s] -- Installing: /home/aidan/GitHub/AidansRepo/TeensySwerve/install/micro_ros_msgs/share/micro_ros_msgs/cmake/rosidl_cmake-extras.cmake
[69.569s] -- Installing: /home/aidan/GitHub/AidansRepo/TeensySwerve/install/micro_ros_msgs/share/micro_ros_msgs/cmake/ament_cmake_export_include_directories-extras.cmake
[69.571s] -- Installing: /home/aidan/GitHub/AidansRepo/TeensySwerve/install/micro_ros_msgs/share/micro_ros_msgs/cmake/ament_cmake_export_libraries-extras.cmake
[69.571s] -- Installing: /home/aidan/GitHub/AidansRepo/TeensySwerve/install/micro_ros_msgs/share/micro_ros_msgs/cmake/ament_cmake_export_targets-extras.cmake
[69.577s] -- Installing: /home/aidan/GitHub/AidansRepo/TeensySwerve/install/micro_ros_msgs/share/micro_ros_msgs/cmake/rosidl_cmake_export_typesupport_targets-extras.cmake
[69.578s] -- Installing: /home/aidan/GitHub/AidansRepo/TeensySwerve/install/micro_ros_msgs/share/micro_ros_msgs/cmake/ament_cmake_export_dependencies-extras.cmake
[69.578s] -- Installing: /home/aidan/GitHub/AidansRepo/TeensySwerve/install/micro_ros_msgs/share/micro_ros_msgs/cmake/rosidl_cmake_export_typesupport_libraries-extras.cmake
[69.579s] -- Installing: /home/aidan/GitHub/AidansRepo/TeensySwerve/install/micro_ros_msgs/share/micro_ros_msgs/cmake/micro_ros_msgsConfig.cmake
[69.582s] -- Installing: /home/aidan/GitHub/AidansRepo/TeensySwerve/install/micro_ros_msgs/share/micro_ros_msgs/cmake/micro_ros_msgsConfig-version.cmake
[69.583s] -- Installing: /home/aidan/GitHub/AidansRepo/TeensySwerve/install/micro_ros_msgs/share/micro_ros_msgs/package.xml
[69.587s] Invoked command in '/home/aidan/GitHub/AidansRepo/TeensySwerve/build/micro_ros_msgs' returned '0': CMAKE_PREFIX_PATH=${CMAKE_PREFIX_PATH}:/home/aidan/GitHub/AidansRepo/TeensySwerve/install/tnsy_swrv_controller:/opt/ros/humble /usr/bin/cmake --install /home/aidan/GitHub/AidansRepo/TeensySwerve/build/micro_ros_msgs
