[0.216s] Invoking command in '/home/aidan/GitHub/AidansRepo/TeensySwerve/build/microxrcedds_client': CMAKE_PREFIX_PATH=/home/aidan/GitHub/AidansRepo/TeensySwerve/install/microcdr:/home/aidan/GitHub/AidansRepo/TeensySwerve/install/micro_ros_demos_rclc:/home/aidan/GitHub/AidansRepo/TeensySwerve/install/common_interfaces:/home/aidan/GitHub/AidansRepo/TeensySwerve/install/visualization_msgs:/home/aidan/GitHub/AidansRepo/TeensySwerve/install/test_msgs:/home/aidan/GitHub/AidansRepo/TeensySwerve/install/example_interfaces:/home/aidan/GitHub/AidansRepo/TeensySwerve/install/action_msgs:/home/aidan/GitHub/AidansRepo/TeensySwerve/install/unique_identifier_msgs:/home/aidan/GitHub/AidansRepo/TeensySwerve/install/trajectory_msgs:/home/aidan/GitHub/AidansRepo/TeensySwerve/install/stereo_msgs:/home/aidan/GitHub/AidansRepo/TeensySwerve/install/std_srvs:/home/aidan/GitHub/AidansRepo/TeensySwerve/install/shape_msgs:/home/aidan/GitHub/AidansRepo/TeensySwerve/install/sensor_msgs:/home/aidan/GitHub/AidansRepo/TeensySwerve/install/nav_msgs:/home/aidan/GitHub/AidansRepo/TeensySwerve/install/diagnostic_msgs:/home/aidan/GitHub/AidansRepo/TeensySwerve/install/geometry_msgs:/home/aidan/GitHub/AidansRepo/TeensySwerve/install/actionlib_msgs:/home/aidan/GitHub/AidansRepo/TeensySwerve/install/std_msgs:/home/aidan/GitHub/AidansRepo/TeensySwerve/install/statistics_msgs:/home/aidan/GitHub/AidansRepo/TeensySwerve/install/rosidl_typesupport_microxrcedds_test_msg:/home/aidan/GitHub/AidansRepo/TeensySwerve/install/rosidl_typesupport_microxrcedds_cpp_tests:/home/aidan/GitHub/AidansRepo/TeensySwerve/install/rmw_microxrcedds:/home/aidan/GitHub/AidansRepo/TeensySwerve/install/rosidl_typesupport_microxrcedds_cpp:/home/aidan/GitHub/AidansRepo/TeensySwerve/install/rosidl_typesupport_microxrcedds_c_tests:/home/aidan/GitHub/AidansRepo/TeensySwerve/install/rosidl_typesupport_microxrcedds_c:/home/aidan/GitHub/AidansRepo/TeensySwerve/install/rosgraph_msgs:/home/aidan/GitHub/AidansRepo/TeensySwerve/install/rclc_parameter:/home/aidan/GitHub/AidansRepo/TeensySwerve/install/rclc:/home/aidan/GitHub/AidansRepo/TeensySwerve/install/composition_interfaces:/home/aidan/GitHub/AidansRepo/TeensySwerve/install/rcl_interfaces:/home/aidan/GitHub/AidansRepo/TeensySwerve/install/microxrcedds_client:/home/aidan/GitHub/AidansRepo/TeensySwerve/install/micro_ros_utilities:/home/aidan/GitHub/AidansRepo/TeensySwerve/install/micro_ros_msgs:/home/aidan/GitHub/AidansRepo/TeensySwerve/install/lifecycle_msgs:/home/aidan/GitHub/AidansRepo/TeensySwerve/install/complex_msgs:/home/aidan/GitHub/AidansRepo/TeensySwerve/install/builtin_interfaces:/home/aidan/GitHub/AidansRepo/TeensySwerve/install/tnsy_interfaces:/home/aidan/microros_ws/install/micro_ros_setup:/home/aidan/microros_ws/install/micro_ros_agent:/home/aidan/microros_ws/install/micro_ros_msgs /usr/bin/cmake --build /home/aidan/GitHub/AidansRepo/TeensySwerve/build/microxrcedds_client -- -j4 -l4
[0.901s] [100%] Built target microxrcedds_client
[1.053s] Invoked command in '/home/aidan/GitHub/AidansRepo/TeensySwerve/build/microxrcedds_client' returned '0': CMAKE_PREFIX_PATH=/home/aidan/GitHub/AidansRepo/TeensySwerve/install/microcdr:/home/aidan/GitHub/AidansRepo/TeensySwerve/install/micro_ros_demos_rclc:/home/aidan/GitHub/AidansRepo/TeensySwerve/install/common_interfaces:/home/aidan/GitHub/AidansRepo/TeensySwerve/install/visualization_msgs:/home/aidan/GitHub/AidansRepo/TeensySwerve/install/test_msgs:/home/aidan/GitHub/AidansRepo/TeensySwerve/install/example_interfaces:/home/aidan/GitHub/AidansRepo/TeensySwerve/install/action_msgs:/home/aidan/GitHub/AidansRepo/TeensySwerve/install/unique_identifier_msgs:/home/aidan/GitHub/AidansRepo/TeensySwerve/install/trajectory_msgs:/home/aidan/GitHub/AidansRepo/TeensySwerve/install/stereo_msgs:/home/aidan/GitHub/AidansRepo/TeensySwerve/install/std_srvs:/home/aidan/GitHub/AidansRepo/TeensySwerve/install/shape_msgs:/home/aidan/GitHub/AidansRepo/TeensySwerve/install/sensor_msgs:/home/aidan/GitHub/AidansRepo/TeensySwerve/install/nav_msgs:/home/aidan/GitHub/AidansRepo/TeensySwerve/install/diagnostic_msgs:/home/aidan/GitHub/AidansRepo/TeensySwerve/install/geometry_msgs:/home/aidan/GitHub/AidansRepo/TeensySwerve/install/actionlib_msgs:/home/aidan/GitHub/AidansRepo/TeensySwerve/install/std_msgs:/home/aidan/GitHub/AidansRepo/TeensySwerve/install/statistics_msgs:/home/aidan/GitHub/AidansRepo/TeensySwerve/install/rosidl_typesupport_microxrcedds_test_msg:/home/aidan/GitHub/AidansRepo/TeensySwerve/install/rosidl_typesupport_microxrcedds_cpp_tests:/home/aidan/GitHub/AidansRepo/TeensySwerve/install/rmw_microxrcedds:/home/aidan/GitHub/AidansRepo/TeensySwerve/install/rosidl_typesupport_microxrcedds_cpp:/home/aidan/GitHub/AidansRepo/TeensySwerve/install/rosidl_typesupport_microxrcedds_c_tests:/home/aidan/GitHub/AidansRepo/TeensySwerve/install/rosidl_typesupport_microxrcedds_c:/home/aidan/GitHub/AidansRepo/TeensySwerve/install/rosgraph_msgs:/home/aidan/GitHub/AidansRepo/TeensySwerve/install/rclc_parameter:/home/aidan/GitHub/AidansRepo/TeensySwerve/install/rclc:/home/aidan/GitHub/AidansRepo/TeensySwerve/install/composition_interfaces:/home/aidan/GitHub/AidansRepo/TeensySwerve/install/rcl_interfaces:/home/aidan/GitHub/AidansRepo/TeensySwerve/install/microxrcedds_client:/home/aidan/GitHub/AidansRepo/TeensySwerve/install/micro_ros_utilities:/home/aidan/GitHub/AidansRepo/TeensySwerve/install/micro_ros_msgs:/home/aidan/GitHub/AidansRepo/TeensySwerve/install/lifecycle_msgs:/home/aidan/GitHub/AidansRepo/TeensySwerve/install/complex_msgs:/home/aidan/GitHub/AidansRepo/TeensySwerve/install/builtin_interfaces:/home/aidan/GitHub/AidansRepo/TeensySwerve/install/tnsy_interfaces:/home/aidan/microros_ws/install/micro_ros_setup:/home/aidan/microros_ws/install/micro_ros_agent:/home/aidan/microros_ws/install/micro_ros_msgs /usr/bin/cmake --build /home/aidan/GitHub/AidansRepo/TeensySwerve/build/microxrcedds_client -- -j4 -l4
[2.778s] Invoking command in '/home/aidan/GitHub/AidansRepo/TeensySwerve/build/microxrcedds_client': CMAKE_PREFIX_PATH=/home/aidan/GitHub/AidansRepo/TeensySwerve/install/microcdr:/home/aidan/GitHub/AidansRepo/TeensySwerve/install/micro_ros_demos_rclc:/home/aidan/GitHub/AidansRepo/TeensySwerve/install/common_interfaces:/home/aidan/GitHub/AidansRepo/TeensySwerve/install/visualization_msgs:/home/aidan/GitHub/AidansRepo/TeensySwerve/install/test_msgs:/home/aidan/GitHub/AidansRepo/TeensySwerve/install/example_interfaces:/home/aidan/GitHub/AidansRepo/TeensySwerve/install/action_msgs:/home/aidan/GitHub/AidansRepo/TeensySwerve/install/unique_identifier_msgs:/home/aidan/GitHub/AidansRepo/TeensySwerve/install/trajectory_msgs:/home/aidan/GitHub/AidansRepo/TeensySwerve/install/stereo_msgs:/home/aidan/GitHub/AidansRepo/TeensySwerve/install/std_srvs:/home/aidan/GitHub/AidansRepo/TeensySwerve/install/shape_msgs:/home/aidan/GitHub/AidansRepo/TeensySwerve/install/sensor_msgs:/home/aidan/GitHub/AidansRepo/TeensySwerve/install/nav_msgs:/home/aidan/GitHub/AidansRepo/TeensySwerve/install/diagnostic_msgs:/home/aidan/GitHub/AidansRepo/TeensySwerve/install/geometry_msgs:/home/aidan/GitHub/AidansRepo/TeensySwerve/install/actionlib_msgs:/home/aidan/GitHub/AidansRepo/TeensySwerve/install/std_msgs:/home/aidan/GitHub/AidansRepo/TeensySwerve/install/statistics_msgs:/home/aidan/GitHub/AidansRepo/TeensySwerve/install/rosidl_typesupport_microxrcedds_test_msg:/home/aidan/GitHub/AidansRepo/TeensySwerve/install/rosidl_typesupport_microxrcedds_cpp_tests:/home/aidan/GitHub/AidansRepo/TeensySwerve/install/rmw_microxrcedds:/home/aidan/GitHub/AidansRepo/TeensySwerve/install/rosidl_typesupport_microxrcedds_cpp:/home/aidan/GitHub/AidansRepo/TeensySwerve/install/rosidl_typesupport_microxrcedds_c_tests:/home/aidan/GitHub/AidansRepo/TeensySwerve/install/rosidl_typesupport_microxrcedds_c:/home/aidan/GitHub/AidansRepo/TeensySwerve/install/rosgraph_msgs:/home/aidan/GitHub/AidansRepo/TeensySwerve/install/rclc_parameter:/home/aidan/GitHub/AidansRepo/TeensySwerve/install/rclc:/home/aidan/GitHub/AidansRepo/TeensySwerve/install/composition_interfaces:/home/aidan/GitHub/AidansRepo/TeensySwerve/install/rcl_interfaces:/home/aidan/GitHub/AidansRepo/TeensySwerve/install/microxrcedds_client:/home/aidan/GitHub/AidansRepo/TeensySwerve/install/micro_ros_utilities:/home/aidan/GitHub/AidansRepo/TeensySwerve/install/micro_ros_msgs:/home/aidan/GitHub/AidansRepo/TeensySwerve/install/lifecycle_msgs:/home/aidan/GitHub/AidansRepo/TeensySwerve/install/complex_msgs:/home/aidan/GitHub/AidansRepo/TeensySwerve/install/builtin_interfaces:/home/aidan/GitHub/AidansRepo/TeensySwerve/install/tnsy_interfaces:/home/aidan/microros_ws/install/micro_ros_setup:/home/aidan/microros_ws/install/micro_ros_agent:/home/aidan/microros_ws/install/micro_ros_msgs /usr/bin/cmake --install /home/aidan/GitHub/AidansRepo/TeensySwerve/build/microxrcedds_client
[2.827s] -- Install configuration: "Release"
[2.827s] -- Up-to-date: /home/aidan/GitHub/AidansRepo/TeensySwerve/install/microxrcedds_client/lib/libmicroxrcedds_client.a
[2.830s] -- Up-to-date: /home/aidan/GitHub/AidansRepo/TeensySwerve/install/microxrcedds_client/include/uxr/client
[2.830s] -- Up-to-date: /home/aidan/GitHub/AidansRepo/TeensySwerve/install/microxrcedds_client/include/uxr/client/core
[2.830s] -- Up-to-date: /home/aidan/GitHub/AidansRepo/TeensySwerve/install/microxrcedds_client/include/uxr/client/core/session
[2.831s] -- Up-to-date: /home/aidan/GitHub/AidansRepo/TeensySwerve/install/microxrcedds_client/include/uxr/client/core/session/create_entities_bin.h
[2.831s] -- Up-to-date: /home/aidan/GitHub/AidansRepo/TeensySwerve/install/microxrcedds_client/include/uxr/client/core/session/time_sync.h
[2.831s] -- Up-to-date: /home/aidan/GitHub/AidansRepo/TeensySwerve/install/microxrcedds_client/include/uxr/client/core/session/session_info.h
[2.831s] -- Up-to-date: /home/aidan/GitHub/AidansRepo/TeensySwerve/install/microxrcedds_client/include/uxr/client/core/session/read_access.h
[2.832s] -- Up-to-date: /home/aidan/GitHub/AidansRepo/TeensySwerve/install/microxrcedds_client/include/uxr/client/core/session/stream
[2.832s] -- Up-to-date: /home/aidan/GitHub/AidansRepo/TeensySwerve/install/microxrcedds_client/include/uxr/client/core/session/stream/output_best_effort_stream.h
[2.832s] -- Up-to-date: /home/aidan/GitHub/AidansRepo/TeensySwerve/install/microxrcedds_client/include/uxr/client/core/session/stream/input_best_effort_stream.h
[2.832s] -- Up-to-date: /home/aidan/GitHub/AidansRepo/TeensySwerve/install/microxrcedds_client/include/uxr/client/core/session/stream/output_reliable_stream.h
[2.832s] -- Up-to-date: /home/aidan/GitHub/AidansRepo/TeensySwerve/install/microxrcedds_client/include/uxr/client/core/session/stream/seq_num.h
[2.832s] -- Up-to-date: /home/aidan/GitHub/AidansRepo/TeensySwerve/install/microxrcedds_client/include/uxr/client/core/session/stream/stream_storage.h
[2.833s] -- Up-to-date: /home/aidan/GitHub/AidansRepo/TeensySwerve/install/microxrcedds_client/include/uxr/client/core/session/stream/stream_id.h
[2.833s] -- Up-to-date: /home/aidan/GitHub/AidansRepo/TeensySwerve/install/microxrcedds_client/include/uxr/client/core/session/stream/input_reliable_stream.h
[2.833s] -- Up-to-date: /home/aidan/GitHub/AidansRepo/TeensySwerve/install/microxrcedds_client/include/uxr/client/core/session/stream/reliable_stream.h
[2.833s] -- Up-to-date: /home/aidan/GitHub/AidansRepo/TeensySwerve/install/microxrcedds_client/include/uxr/client/core/session/session.h
[2.833s] -- Up-to-date: /home/aidan/GitHub/AidansRepo/TeensySwerve/install/microxrcedds_client/include/uxr/client/core/session/create_entities_xml.h
[2.833s] -- Up-to-date: /home/aidan/GitHub/AidansRepo/TeensySwerve/install/microxrcedds_client/include/uxr/client/core/session/write_access.h
[2.834s] -- Up-to-date: /home/aidan/GitHub/AidansRepo/TeensySwerve/install/microxrcedds_client/include/uxr/client/core/session/common_create_entities.h
[2.834s] -- Up-to-date: /home/aidan/GitHub/AidansRepo/TeensySwerve/install/microxrcedds_client/include/uxr/client/core/session/object_id.h
[2.834s] -- Up-to-date: /home/aidan/GitHub/AidansRepo/TeensySwerve/install/microxrcedds_client/include/uxr/client/core/session/create_entities_ref.h
[2.850s] -- Up-to-date: /home/aidan/GitHub/AidansRepo/TeensySwerve/install/microxrcedds_client/include/uxr/client/core/communication
[2.850s] -- Up-to-date: /home/aidan/GitHub/AidansRepo/TeensySwerve/install/microxrcedds_client/include/uxr/client/core/communication/communication.h
[2.850s] -- Up-to-date: /home/aidan/GitHub/AidansRepo/TeensySwerve/install/microxrcedds_client/include/uxr/client/core/type
[2.850s] -- Up-to-date: /home/aidan/GitHub/AidansRepo/TeensySwerve/install/microxrcedds_client/include/uxr/client/core/type/xrce_types.h
[2.851s] -- Up-to-date: /home/aidan/GitHub/AidansRepo/TeensySwerve/install/microxrcedds_client/include/uxr/client/util
[2.851s] -- Up-to-date: /home/aidan/GitHub/AidansRepo/TeensySwerve/install/microxrcedds_client/include/uxr/client/util/ping.h
[2.851s] -- Up-to-date: /home/aidan/GitHub/AidansRepo/TeensySwerve/install/microxrcedds_client/include/uxr/client/util/time.h
[2.851s] -- Up-to-date: /home/aidan/GitHub/AidansRepo/TeensySwerve/install/microxrcedds_client/include/uxr/client/transport.h
[2.851s] -- Up-to-date: /home/aidan/GitHub/AidansRepo/TeensySwerve/install/microxrcedds_client/include/uxr/client/profile
[2.851s] -- Up-to-date: /home/aidan/GitHub/AidansRepo/TeensySwerve/install/microxrcedds_client/include/uxr/client/profile/discovery
[2.852s] -- Up-to-date: /home/aidan/GitHub/AidansRepo/TeensySwerve/install/microxrcedds_client/include/uxr/client/profile/discovery/discovery.h
[2.852s] -- Up-to-date: /home/aidan/GitHub/AidansRepo/TeensySwerve/install/microxrcedds_client/include/uxr/client/profile/multithread
[2.863s] -- Up-to-date: /home/aidan/GitHub/AidansRepo/TeensySwerve/install/microxrcedds_client/include/uxr/client/profile/multithread/multithread.h
[2.864s] -- Up-to-date: /home/aidan/GitHub/AidansRepo/TeensySwerve/install/microxrcedds_client/include/uxr/client/profile/transport
[2.864s] -- Up-to-date: /home/aidan/GitHub/AidansRepo/TeensySwerve/install/microxrcedds_client/include/uxr/client/profile/transport/can
[2.865s] -- Up-to-date: /home/aidan/GitHub/AidansRepo/TeensySwerve/install/microxrcedds_client/include/uxr/client/profile/transport/can/can_transport_posix.h
[2.865s] -- Up-to-date: /home/aidan/GitHub/AidansRepo/TeensySwerve/install/microxrcedds_client/include/uxr/client/profile/transport/can/can_transport.h
[2.879s] -- Up-to-date: /home/aidan/GitHub/AidansRepo/TeensySwerve/install/microxrcedds_client/include/uxr/client/profile/transport/stream_framing
[2.879s] -- Up-to-date: /home/aidan/GitHub/AidansRepo/TeensySwerve/install/microxrcedds_client/include/uxr/client/profile/transport/stream_framing/stream_framing_protocol.h
[2.880s] -- Up-to-date: /home/aidan/GitHub/AidansRepo/TeensySwerve/install/microxrcedds_client/include/uxr/client/profile/transport/serial
[2.880s] -- Up-to-date: /home/aidan/GitHub/AidansRepo/TeensySwerve/install/microxrcedds_client/include/uxr/client/profile/transport/serial/serial_transport.h
[2.880s] -- Up-to-date: /home/aidan/GitHub/AidansRepo/TeensySwerve/install/microxrcedds_client/include/uxr/client/profile/transport/serial/serial_transport_platform.h
[2.880s] -- Up-to-date: /home/aidan/GitHub/AidansRepo/TeensySwerve/install/microxrcedds_client/include/uxr/client/profile/transport/serial/serial_transport_posix.h
[2.880s] -- Up-to-date: /home/aidan/GitHub/AidansRepo/TeensySwerve/install/microxrcedds_client/include/uxr/client/profile/transport/serial/serial_transport_rtems_bsd_net.h
[2.880s] -- Up-to-date: /home/aidan/GitHub/AidansRepo/TeensySwerve/install/microxrcedds_client/include/uxr/client/profile/transport/custom
[2.881s] -- Up-to-date: /home/aidan/GitHub/AidansRepo/TeensySwerve/install/microxrcedds_client/include/uxr/client/profile/transport/custom/custom_transport.h
[2.881s] -- Up-to-date: /home/aidan/GitHub/AidansRepo/TeensySwerve/install/microxrcedds_client/include/uxr/client/profile/transport/ip
[2.887s] -- Up-to-date: /home/aidan/GitHub/AidansRepo/TeensySwerve/install/microxrcedds_client/include/uxr/client/profile/transport/ip/udp
[2.889s] -- Up-to-date: /home/aidan/GitHub/AidansRepo/TeensySwerve/install/microxrcedds_client/include/uxr/client/profile/transport/ip/udp/udp_transport_posix.h
[2.889s] -- Up-to-date: /home/aidan/GitHub/AidansRepo/TeensySwerve/install/microxrcedds_client/include/uxr/client/profile/transport/ip/udp/udp_transport_rtems_bsd_net.h
[2.889s] -- Up-to-date: /home/aidan/GitHub/AidansRepo/TeensySwerve/install/microxrcedds_client/include/uxr/client/profile/transport/ip/udp/udp_transport_freertos_plus_tcp.h
[2.890s] -- Up-to-date: /home/aidan/GitHub/AidansRepo/TeensySwerve/install/microxrcedds_client/include/uxr/client/profile/transport/ip/udp/udp_transport_windows.h
[2.890s] -- Up-to-date: /home/aidan/GitHub/AidansRepo/TeensySwerve/install/microxrcedds_client/include/uxr/client/profile/transport/ip/udp/udp_transport_posix_nopoll.h
[2.890s] -- Up-to-date: /home/aidan/GitHub/AidansRepo/TeensySwerve/install/microxrcedds_client/include/uxr/client/profile/transport/ip/udp/udp_transport.h
[2.893s] -- Up-to-date: /home/aidan/GitHub/AidansRepo/TeensySwerve/install/microxrcedds_client/include/uxr/client/profile/transport/ip/ip.h
[2.893s] -- Up-to-date: /home/aidan/GitHub/AidansRepo/TeensySwerve/install/microxrcedds_client/include/uxr/client/profile/transport/ip/tcp
[2.894s] -- Up-to-date: /home/aidan/GitHub/AidansRepo/TeensySwerve/install/microxrcedds_client/include/uxr/client/profile/transport/ip/tcp/tcp_transport_windows.h
[2.894s] -- Up-to-date: /home/aidan/GitHub/AidansRepo/TeensySwerve/install/microxrcedds_client/include/uxr/client/profile/transport/ip/tcp/tcp_transport_freertos_plus_tcp.h
[2.894s] -- Up-to-date: /home/aidan/GitHub/AidansRepo/TeensySwerve/install/microxrcedds_client/include/uxr/client/profile/transport/ip/tcp/tcp_transport_posix_nopoll.h
[2.894s] -- Up-to-date: /home/aidan/GitHub/AidansRepo/TeensySwerve/install/microxrcedds_client/include/uxr/client/profile/transport/ip/tcp/tcp_transport.h
[2.894s] -- Up-to-date: /home/aidan/GitHub/AidansRepo/TeensySwerve/install/microxrcedds_client/include/uxr/client/profile/transport/ip/tcp/tcp_transport_posix.h
[2.895s] -- Up-to-date: /home/aidan/GitHub/AidansRepo/TeensySwerve/install/microxrcedds_client/include/uxr/client/profile/transport/ip/tcp/tcp_transport_rtems_bsd_net.h
[2.895s] -- Up-to-date: /home/aidan/GitHub/AidansRepo/TeensySwerve/install/microxrcedds_client/include/uxr/client/client.h
[2.899s] -- Up-to-date: /home/aidan/GitHub/AidansRepo/TeensySwerve/install/microxrcedds_client/include/uxr/client/visibility.h
[2.900s] -- Up-to-date: /home/aidan/GitHub/AidansRepo/TeensySwerve/install/microxrcedds_client/include/uxr/client/defines.h
[2.900s] -- Up-to-date: /home/aidan/GitHub/AidansRepo/TeensySwerve/install/microxrcedds_client/include/uxr/client/config.h
[2.900s] -- Up-to-date: /home/aidan/GitHub/AidansRepo/TeensySwerve/install/microxrcedds_client/share/microxrcedds_client/cmake/microxrcedds_clientTargets.cmake
[2.902s] -- Up-to-date: /home/aidan/GitHub/AidansRepo/TeensySwerve/install/microxrcedds_client/share/microxrcedds_client/cmake/microxrcedds_clientTargets-release.cmake
[2.903s] -- Up-to-date: /home/aidan/GitHub/AidansRepo/TeensySwerve/install/microxrcedds_client/share/microxrcedds_client/cmake/microxrcedds_clientConfig.cmake
[2.903s] -- Up-to-date: /home/aidan/GitHub/AidansRepo/TeensySwerve/install/microxrcedds_client/share/microxrcedds_client/cmake/microxrcedds_clientConfigVersion.cmake
[2.903s] Invoked command in '/home/aidan/GitHub/AidansRepo/TeensySwerve/build/microxrcedds_client' returned '0': CMAKE_PREFIX_PATH=/home/aidan/GitHub/AidansRepo/TeensySwerve/install/microcdr:/home/aidan/GitHub/AidansRepo/TeensySwerve/install/micro_ros_demos_rclc:/home/aidan/GitHub/AidansRepo/TeensySwerve/install/common_interfaces:/home/aidan/GitHub/AidansRepo/TeensySwerve/install/visualization_msgs:/home/aidan/GitHub/AidansRepo/TeensySwerve/install/test_msgs:/home/aidan/GitHub/AidansRepo/TeensySwerve/install/example_interfaces:/home/aidan/GitHub/AidansRepo/TeensySwerve/install/action_msgs:/home/aidan/GitHub/AidansRepo/TeensySwerve/install/unique_identifier_msgs:/home/aidan/GitHub/AidansRepo/TeensySwerve/install/trajectory_msgs:/home/aidan/GitHub/AidansRepo/TeensySwerve/install/stereo_msgs:/home/aidan/GitHub/AidansRepo/TeensySwerve/install/std_srvs:/home/aidan/GitHub/AidansRepo/TeensySwerve/install/shape_msgs:/home/aidan/GitHub/AidansRepo/TeensySwerve/install/sensor_msgs:/home/aidan/GitHub/AidansRepo/TeensySwerve/install/nav_msgs:/home/aidan/GitHub/AidansRepo/TeensySwerve/install/diagnostic_msgs:/home/aidan/GitHub/AidansRepo/TeensySwerve/install/geometry_msgs:/home/aidan/GitHub/AidansRepo/TeensySwerve/install/actionlib_msgs:/home/aidan/GitHub/AidansRepo/TeensySwerve/install/std_msgs:/home/aidan/GitHub/AidansRepo/TeensySwerve/install/statistics_msgs:/home/aidan/GitHub/AidansRepo/TeensySwerve/install/rosidl_typesupport_microxrcedds_test_msg:/home/aidan/GitHub/AidansRepo/TeensySwerve/install/rosidl_typesupport_microxrcedds_cpp_tests:/home/aidan/GitHub/AidansRepo/TeensySwerve/install/rmw_microxrcedds:/home/aidan/GitHub/AidansRepo/TeensySwerve/install/rosidl_typesupport_microxrcedds_cpp:/home/aidan/GitHub/AidansRepo/TeensySwerve/install/rosidl_typesupport_microxrcedds_c_tests:/home/aidan/GitHub/AidansRepo/TeensySwerve/install/rosidl_typesupport_microxrcedds_c:/home/aidan/GitHub/AidansRepo/TeensySwerve/install/rosgraph_msgs:/home/aidan/GitHub/AidansRepo/TeensySwerve/install/rclc_parameter:/home/aidan/GitHub/AidansRepo/TeensySwerve/install/rclc:/home/aidan/GitHub/AidansRepo/TeensySwerve/install/composition_interfaces:/home/aidan/GitHub/AidansRepo/TeensySwerve/install/rcl_interfaces:/home/aidan/GitHub/AidansRepo/TeensySwerve/install/microxrcedds_client:/home/aidan/GitHub/AidansRepo/TeensySwerve/install/micro_ros_utilities:/home/aidan/GitHub/AidansRepo/TeensySwerve/install/micro_ros_msgs:/home/aidan/GitHub/AidansRepo/TeensySwerve/install/lifecycle_msgs:/home/aidan/GitHub/AidansRepo/TeensySwerve/install/complex_msgs:/home/aidan/GitHub/AidansRepo/TeensySwerve/install/builtin_interfaces:/home/aidan/GitHub/AidansRepo/TeensySwerve/install/tnsy_interfaces:/home/aidan/microros_ws/install/micro_ros_setup:/home/aidan/microros_ws/install/micro_ros_agent:/home/aidan/microros_ws/install/micro_ros_msgs /usr/bin/cmake --install /home/aidan/GitHub/AidansRepo/TeensySwerve/build/microxrcedds_client
