[0.076s] Invoking command in '/home/aidan/GitHub/AidansRepo/TeensySwerve/build/complex_msgs': AMENT_PREFIX_PATH=/home/aidan/GitHub/AidansRepo/TeensySwerve/install/builtin_interfaces:${AMENT_PREFIX_PATH} CMAKE_PREFIX_PATH=/home/aidan/GitHub/AidansRepo/TeensySwerve/install/builtin_interfaces:/home/aidan/GitHub/AidansRepo/TeensySwerve/install/tnsy_interfaces:/home/aidan/microros_ws/install/micro_ros_setup:/home/aidan/microros_ws/install/micro_ros_agent:/home/aidan/microros_ws/install/micro_ros_msgs:/home/aidan/GitHub/AidansRepo/TeensySwerve/install/tnsy_swrv_controller:/opt/ros/humble LD_LIBRARY_PATH=/home/aidan/GitHub/AidansRepo/TeensySwerve/install/builtin_interfaces/lib:${LD_LIBRARY_PATH} PYTHONPATH=/home/aidan/GitHub/AidansRepo/TeensySwerve/install/builtin_interfaces/local/lib/python3.10/dist-packages:${PYTHONPATH} /usr/bin/cmake --build /home/aidan/GitHub/AidansRepo/TeensySwerve/build/complex_msgs -- -j4 -l4
[0.425s] [ 10%] Built target complex_msgs__rosidl_generator_c
[0.625s] [ 10%] Built target ament_cmake_python_copy_complex_msgs
[0.766s] [ 20%] Built target complex_msgs__rosidl_typesupport_fastrtps_c
[0.902s] [ 30%] Built target complex_msgs__rosidl_typesupport_introspection_c
[3.643s] running egg_info
[3.645s] writing complex_msgs.egg-info/PKG-INFO
[3.650s] writing dependency_links to complex_msgs.egg-info/dependency_links.txt
[3.650s] writing top-level names to complex_msgs.egg-info/top_level.txt
[3.655s] reading manifest file 'complex_msgs.egg-info/SOURCES.txt'
[3.659s] writing manifest file 'complex_msgs.egg-info/SOURCES.txt'
[3.883s] [ 30%] Built target ament_cmake_python_build_complex_msgs_egg
[4.034s] [ 41%] Built target complex_msgs__rosidl_typesupport_c
[4.147s] [ 43%] Built target complex_msgs__cpp
[4.316s] [ 53%] Built target complex_msgs__rosidl_typesupport_introspection_cpp
[4.465s] [ 64%] Built target complex_msgs__rosidl_typesupport_fastrtps_cpp
[4.607s] [ 74%] Built target complex_msgs__rosidl_typesupport_cpp
[4.747s] [ 74%] Built target complex_msgs
[4.859s] [ 76%] Built target complex_msgs__py
[5.015s] [ 84%] Built target complex_msgs__rosidl_generator_py
[5.202s] [ 89%] Built target complex_msgs__rosidl_typesupport_fastrtps_c__pyext
[5.414s] [ 94%] Built target complex_msgs__rosidl_typesupport_c__pyext
[5.583s] [100%] Built target complex_msgs__rosidl_typesupport_introspection_c__pyext
[5.670s] Invoked command in '/home/aidan/GitHub/AidansRepo/TeensySwerve/build/complex_msgs' returned '0': AMENT_PREFIX_PATH=/home/aidan/GitHub/AidansRepo/TeensySwerve/install/builtin_interfaces:${AMENT_PREFIX_PATH} CMAKE_PREFIX_PATH=/home/aidan/GitHub/AidansRepo/TeensySwerve/install/builtin_interfaces:/home/aidan/GitHub/AidansRepo/TeensySwerve/install/tnsy_interfaces:/home/aidan/microros_ws/install/micro_ros_setup:/home/aidan/microros_ws/install/micro_ros_agent:/home/aidan/microros_ws/install/micro_ros_msgs:/home/aidan/GitHub/AidansRepo/TeensySwerve/install/tnsy_swrv_controller:/opt/ros/humble LD_LIBRARY_PATH=/home/aidan/GitHub/AidansRepo/TeensySwerve/install/builtin_interfaces/lib:${LD_LIBRARY_PATH} PYTHONPATH=/home/aidan/GitHub/AidansRepo/TeensySwerve/install/builtin_interfaces/local/lib/python3.10/dist-packages:${PYTHONPATH} /usr/bin/cmake --build /home/aidan/GitHub/AidansRepo/TeensySwerve/build/complex_msgs -- -j4 -l4
[6.590s] Invoking command in '/home/aidan/GitHub/AidansRepo/TeensySwerve/build/complex_msgs': AMENT_PREFIX_PATH=/home/aidan/GitHub/AidansRepo/TeensySwerve/install/builtin_interfaces:${AMENT_PREFIX_PATH} CMAKE_PREFIX_PATH=/home/aidan/GitHub/AidansRepo/TeensySwerve/install/builtin_interfaces:/home/aidan/GitHub/AidansRepo/TeensySwerve/install/tnsy_interfaces:/home/aidan/microros_ws/install/micro_ros_setup:/home/aidan/microros_ws/install/micro_ros_agent:/home/aidan/microros_ws/install/micro_ros_msgs:/home/aidan/GitHub/AidansRepo/TeensySwerve/install/tnsy_swrv_controller:/opt/ros/humble LD_LIBRARY_PATH=/home/aidan/GitHub/AidansRepo/TeensySwerve/install/builtin_interfaces/lib:${LD_LIBRARY_PATH} PYTHONPATH=/home/aidan/GitHub/AidansRepo/TeensySwerve/install/builtin_interfaces/local/lib/python3.10/dist-packages:${PYTHONPATH} /usr/bin/cmake --install /home/aidan/GitHub/AidansRepo/TeensySwerve/build/complex_msgs
[6.591s] -- Install configuration: ""
[6.597s] -- Up-to-date: /home/aidan/GitHub/AidansRepo/TeensySwerve/install/complex_msgs/share/ament_index/resource_index/rosidl_interfaces/complex_msgs
[6.598s] -- Up-to-date: /home/aidan/GitHub/AidansRepo/TeensySwerve/install/complex_msgs/include/complex_msgs/complex_msgs
[6.598s] -- Up-to-date: /home/aidan/GitHub/AidansRepo/TeensySwerve/install/complex_msgs/include/complex_msgs/complex_msgs/msg
[6.598s] -- Up-to-date: /home/aidan/GitHub/AidansRepo/TeensySwerve/install/complex_msgs/include/complex_msgs/complex_msgs/msg/nested_msg_test.h
[6.599s] -- Up-to-date: /home/aidan/GitHub/AidansRepo/TeensySwerve/install/complex_msgs/include/complex_msgs/complex_msgs/msg/multi_string_test.h
[6.599s] -- Up-to-date: /home/aidan/GitHub/AidansRepo/TeensySwerve/install/complex_msgs/include/complex_msgs/complex_msgs/msg/rosidl_generator_c__visibility_control.h
[6.599s] -- Up-to-date: /home/aidan/GitHub/AidansRepo/TeensySwerve/install/complex_msgs/include/complex_msgs/complex_msgs/msg/detail
[6.606s] -- Up-to-date: /home/aidan/GitHub/AidansRepo/TeensySwerve/install/complex_msgs/include/complex_msgs/complex_msgs/msg/detail/nested_msg_test__type_support.h
[6.606s] -- Up-to-date: /home/aidan/GitHub/AidansRepo/TeensySwerve/install/complex_msgs/include/complex_msgs/complex_msgs/msg/detail/nested_msg_test__functions.h
[6.607s] -- Up-to-date: /home/aidan/GitHub/AidansRepo/TeensySwerve/install/complex_msgs/include/complex_msgs/complex_msgs/msg/detail/multi_string_test__functions.c
[6.607s] -- Up-to-date: /home/aidan/GitHub/AidansRepo/TeensySwerve/install/complex_msgs/include/complex_msgs/complex_msgs/msg/detail/multi_string_test__functions.h
[6.608s] -- Up-to-date: /home/aidan/GitHub/AidansRepo/TeensySwerve/install/complex_msgs/include/complex_msgs/complex_msgs/msg/detail/nested_msg_test__struct.h
[6.608s] -- Up-to-date: /home/aidan/GitHub/AidansRepo/TeensySwerve/install/complex_msgs/include/complex_msgs/complex_msgs/msg/detail/multi_string_test__type_support.h
[6.609s] -- Up-to-date: /home/aidan/GitHub/AidansRepo/TeensySwerve/install/complex_msgs/include/complex_msgs/complex_msgs/msg/detail/nested_msg_test__functions.c
[6.616s] -- Up-to-date: /home/aidan/GitHub/AidansRepo/TeensySwerve/install/complex_msgs/include/complex_msgs/complex_msgs/msg/detail/multi_string_test__struct.h
[6.616s] -- Up-to-date: /home/aidan/GitHub/AidansRepo/TeensySwerve/install/complex_msgs/share/complex_msgs/environment/library_path.sh
[6.616s] -- Up-to-date: /home/aidan/GitHub/AidansRepo/TeensySwerve/install/complex_msgs/share/complex_msgs/environment/library_path.dsv
[6.616s] -- Up-to-date: /home/aidan/GitHub/AidansRepo/TeensySwerve/install/complex_msgs/lib/libcomplex_msgs__rosidl_generator_c.so
[6.617s] -- Up-to-date: /home/aidan/GitHub/AidansRepo/TeensySwerve/install/complex_msgs/include/complex_msgs/complex_msgs
[6.617s] -- Up-to-date: /home/aidan/GitHub/AidansRepo/TeensySwerve/install/complex_msgs/include/complex_msgs/complex_msgs/msg
[6.617s] -- Up-to-date: /home/aidan/GitHub/AidansRepo/TeensySwerve/install/complex_msgs/include/complex_msgs/complex_msgs/msg/rosidl_typesupport_fastrtps_c__visibility_control.h
[6.617s] -- Up-to-date: /home/aidan/GitHub/AidansRepo/TeensySwerve/install/complex_msgs/include/complex_msgs/complex_msgs/msg/detail
[6.617s] -- Up-to-date: /home/aidan/GitHub/AidansRepo/TeensySwerve/install/complex_msgs/include/complex_msgs/complex_msgs/msg/detail/nested_msg_test__rosidl_typesupport_fastrtps_c.h
[6.618s] -- Up-to-date: /home/aidan/GitHub/AidansRepo/TeensySwerve/install/complex_msgs/include/complex_msgs/complex_msgs/msg/detail/multi_string_test__rosidl_typesupport_fastrtps_c.h
[6.618s] -- Up-to-date: /home/aidan/GitHub/AidansRepo/TeensySwerve/install/complex_msgs/lib/libcomplex_msgs__rosidl_typesupport_fastrtps_c.so
[6.618s] -- Up-to-date: /home/aidan/GitHub/AidansRepo/TeensySwerve/install/complex_msgs/include/complex_msgs/complex_msgs
[6.619s] -- Up-to-date: /home/aidan/GitHub/AidansRepo/TeensySwerve/install/complex_msgs/include/complex_msgs/complex_msgs/msg
[6.625s] -- Up-to-date: /home/aidan/GitHub/AidansRepo/TeensySwerve/install/complex_msgs/include/complex_msgs/complex_msgs/msg/multi_string_test.hpp
[6.625s] -- Up-to-date: /home/aidan/GitHub/AidansRepo/TeensySwerve/install/complex_msgs/include/complex_msgs/complex_msgs/msg/nested_msg_test.hpp
[6.625s] -- Up-to-date: /home/aidan/GitHub/AidansRepo/TeensySwerve/install/complex_msgs/include/complex_msgs/complex_msgs/msg/detail
[6.626s] -- Up-to-date: /home/aidan/GitHub/AidansRepo/TeensySwerve/install/complex_msgs/include/complex_msgs/complex_msgs/msg/detail/multi_string_test__traits.hpp
[6.626s] -- Up-to-date: /home/aidan/GitHub/AidansRepo/TeensySwerve/install/complex_msgs/include/complex_msgs/complex_msgs/msg/detail/multi_string_test__struct.hpp
[6.626s] -- Up-to-date: /home/aidan/GitHub/AidansRepo/TeensySwerve/install/complex_msgs/include/complex_msgs/complex_msgs/msg/detail/nested_msg_test__traits.hpp
[6.626s] -- Up-to-date: /home/aidan/GitHub/AidansRepo/TeensySwerve/install/complex_msgs/include/complex_msgs/complex_msgs/msg/detail/nested_msg_test__builder.hpp
[6.626s] -- Up-to-date: /home/aidan/GitHub/AidansRepo/TeensySwerve/install/complex_msgs/include/complex_msgs/complex_msgs/msg/detail/multi_string_test__builder.hpp
[6.627s] -- Up-to-date: /home/aidan/GitHub/AidansRepo/TeensySwerve/install/complex_msgs/include/complex_msgs/complex_msgs/msg/detail/nested_msg_test__type_support.hpp
[6.631s] -- Up-to-date: /home/aidan/GitHub/AidansRepo/TeensySwerve/install/complex_msgs/include/complex_msgs/complex_msgs/msg/detail/nested_msg_test__struct.hpp
[6.631s] -- Up-to-date: /home/aidan/GitHub/AidansRepo/TeensySwerve/install/complex_msgs/include/complex_msgs/complex_msgs/msg/detail/multi_string_test__type_support.hpp
[6.632s] -- Up-to-date: /home/aidan/GitHub/AidansRepo/TeensySwerve/install/complex_msgs/include/complex_msgs/complex_msgs/msg/rosidl_generator_cpp__visibility_control.hpp
[6.634s] -- Up-to-date: /home/aidan/GitHub/AidansRepo/TeensySwerve/install/complex_msgs/include/complex_msgs/complex_msgs
[6.637s] -- Up-to-date: /home/aidan/GitHub/AidansRepo/TeensySwerve/install/complex_msgs/include/complex_msgs/complex_msgs/msg
[6.637s] -- Up-to-date: /home/aidan/GitHub/AidansRepo/TeensySwerve/install/complex_msgs/include/complex_msgs/complex_msgs/msg/rosidl_typesupport_fastrtps_cpp__visibility_control.h
[6.638s] -- Up-to-date: /home/aidan/GitHub/AidansRepo/TeensySwerve/install/complex_msgs/include/complex_msgs/complex_msgs/msg/detail
[6.639s] -- Up-to-date: /home/aidan/GitHub/AidansRepo/TeensySwerve/install/complex_msgs/include/complex_msgs/complex_msgs/msg/detail/dds_fastrtps
[6.644s] -- Up-to-date: /home/aidan/GitHub/AidansRepo/TeensySwerve/install/complex_msgs/include/complex_msgs/complex_msgs/msg/detail/nested_msg_test__rosidl_typesupport_fastrtps_cpp.hpp
[6.644s] -- Up-to-date: /home/aidan/GitHub/AidansRepo/TeensySwerve/install/complex_msgs/include/complex_msgs/complex_msgs/msg/detail/multi_string_test__rosidl_typesupport_fastrtps_cpp.hpp
[6.644s] -- Up-to-date: /home/aidan/GitHub/AidansRepo/TeensySwerve/install/complex_msgs/lib/libcomplex_msgs__rosidl_typesupport_fastrtps_cpp.so
[6.645s] -- Up-to-date: /home/aidan/GitHub/AidansRepo/TeensySwerve/install/complex_msgs/include/complex_msgs/complex_msgs
[6.645s] -- Up-to-date: /home/aidan/GitHub/AidansRepo/TeensySwerve/install/complex_msgs/include/complex_msgs/complex_msgs/msg
[6.645s] -- Up-to-date: /home/aidan/GitHub/AidansRepo/TeensySwerve/install/complex_msgs/include/complex_msgs/complex_msgs/msg/detail
[6.645s] -- Up-to-date: /home/aidan/GitHub/AidansRepo/TeensySwerve/install/complex_msgs/include/complex_msgs/complex_msgs/msg/detail/multi_string_test__rosidl_typesupport_introspection_c.h
[6.645s] -- Up-to-date: /home/aidan/GitHub/AidansRepo/TeensySwerve/install/complex_msgs/include/complex_msgs/complex_msgs/msg/detail/nested_msg_test__rosidl_typesupport_introspection_c.h
[6.647s] -- Up-to-date: /home/aidan/GitHub/AidansRepo/TeensySwerve/install/complex_msgs/include/complex_msgs/complex_msgs/msg/detail/nested_msg_test__type_support.c
[6.649s] -- Up-to-date: /home/aidan/GitHub/AidansRepo/TeensySwerve/install/complex_msgs/include/complex_msgs/complex_msgs/msg/detail/multi_string_test__type_support.c
[6.650s] -- Up-to-date: /home/aidan/GitHub/AidansRepo/TeensySwerve/install/complex_msgs/include/complex_msgs/complex_msgs/msg/rosidl_typesupport_introspection_c__visibility_control.h
[6.653s] -- Up-to-date: /home/aidan/GitHub/AidansRepo/TeensySwerve/install/complex_msgs/lib/libcomplex_msgs__rosidl_typesupport_introspection_c.so
[6.653s] -- Up-to-date: /home/aidan/GitHub/AidansRepo/TeensySwerve/install/complex_msgs/lib/libcomplex_msgs__rosidl_typesupport_c.so
[6.653s] -- Up-to-date: /home/aidan/GitHub/AidansRepo/TeensySwerve/install/complex_msgs/include/complex_msgs/complex_msgs
[6.654s] -- Up-to-date: /home/aidan/GitHub/AidansRepo/TeensySwerve/install/complex_msgs/include/complex_msgs/complex_msgs/msg
[6.657s] -- Up-to-date: /home/aidan/GitHub/AidansRepo/TeensySwerve/install/complex_msgs/include/complex_msgs/complex_msgs/msg/detail
[6.657s] -- Up-to-date: /home/aidan/GitHub/AidansRepo/TeensySwerve/install/complex_msgs/include/complex_msgs/complex_msgs/msg/detail/multi_string_test__type_support.cpp
[6.660s] -- Up-to-date: /home/aidan/GitHub/AidansRepo/TeensySwerve/install/complex_msgs/include/complex_msgs/complex_msgs/msg/detail/multi_string_test__rosidl_typesupport_introspection_cpp.hpp
[6.661s] -- Up-to-date: /home/aidan/GitHub/AidansRepo/TeensySwerve/install/complex_msgs/include/complex_msgs/complex_msgs/msg/detail/nested_msg_test__rosidl_typesupport_introspection_cpp.hpp
[6.662s] -- Up-to-date: /home/aidan/GitHub/AidansRepo/TeensySwerve/install/complex_msgs/include/complex_msgs/complex_msgs/msg/detail/nested_msg_test__type_support.cpp
[6.667s] -- Up-to-date: /home/aidan/GitHub/AidansRepo/TeensySwerve/install/complex_msgs/lib/libcomplex_msgs__rosidl_typesupport_introspection_cpp.so
[6.667s] -- Up-to-date: /home/aidan/GitHub/AidansRepo/TeensySwerve/install/complex_msgs/lib/libcomplex_msgs__rosidl_typesupport_cpp.so
[6.670s] -- Up-to-date: /home/aidan/GitHub/AidansRepo/TeensySwerve/install/complex_msgs/share/complex_msgs/environment/pythonpath.sh
[6.672s] -- Up-to-date: /home/aidan/GitHub/AidansRepo/TeensySwerve/install/complex_msgs/share/complex_msgs/environment/pythonpath.dsv
[6.673s] -- Up-to-date: /home/aidan/GitHub/AidansRepo/TeensySwerve/install/complex_msgs/local/lib/python3.10/dist-packages/complex_msgs-3.0.2-py3.10.egg-info
[6.676s] -- Installing: /home/aidan/GitHub/AidansRepo/TeensySwerve/install/complex_msgs/local/lib/python3.10/dist-packages/complex_msgs-3.0.2-py3.10.egg-info/PKG-INFO
[6.676s] -- Installing: /home/aidan/GitHub/AidansRepo/TeensySwerve/install/complex_msgs/local/lib/python3.10/dist-packages/complex_msgs-3.0.2-py3.10.egg-info/SOURCES.txt
[6.679s] -- Installing: /home/aidan/GitHub/AidansRepo/TeensySwerve/install/complex_msgs/local/lib/python3.10/dist-packages/complex_msgs-3.0.2-py3.10.egg-info/dependency_links.txt
[6.679s] -- Installing: /home/aidan/GitHub/AidansRepo/TeensySwerve/install/complex_msgs/local/lib/python3.10/dist-packages/complex_msgs-3.0.2-py3.10.egg-info/top_level.txt
[6.681s] -- Up-to-date: /home/aidan/GitHub/AidansRepo/TeensySwerve/install/complex_msgs/local/lib/python3.10/dist-packages/complex_msgs
[6.687s] -- Up-to-date: /home/aidan/GitHub/AidansRepo/TeensySwerve/install/complex_msgs/local/lib/python3.10/dist-packages/complex_msgs/libcomplex_msgs__rosidl_generator_py.so
[6.689s] -- Up-to-date: /home/aidan/GitHub/AidansRepo/TeensySwerve/install/complex_msgs/local/lib/python3.10/dist-packages/complex_msgs/complex_msgs_s__rosidl_typesupport_fastrtps_c.cpython-310-x86_64-linux-gnu.so
[6.695s] -- Up-to-date: /home/aidan/GitHub/AidansRepo/TeensySwerve/install/complex_msgs/local/lib/python3.10/dist-packages/complex_msgs/complex_msgs_s__rosidl_typesupport_introspection_c.cpython-310-x86_64-linux-gnu.so
[6.695s] -- Up-to-date: /home/aidan/GitHub/AidansRepo/TeensySwerve/install/complex_msgs/local/lib/python3.10/dist-packages/complex_msgs/__init__.py
[6.696s] -- Up-to-date: /home/aidan/GitHub/AidansRepo/TeensySwerve/install/complex_msgs/local/lib/python3.10/dist-packages/complex_msgs/_complex_msgs_s.ep.rosidl_typesupport_fastrtps_c.c
[6.696s] -- Up-to-date: /home/aidan/GitHub/AidansRepo/TeensySwerve/install/complex_msgs/local/lib/python3.10/dist-packages/complex_msgs/msg
[6.696s] -- Up-to-date: /home/aidan/GitHub/AidansRepo/TeensySwerve/install/complex_msgs/local/lib/python3.10/dist-packages/complex_msgs/msg/_multi_string_test_s.c
[6.696s] -- Up-to-date: /home/aidan/GitHub/AidansRepo/TeensySwerve/install/complex_msgs/local/lib/python3.10/dist-packages/complex_msgs/msg/_nested_msg_test.py
[6.699s] -- Up-to-date: /home/aidan/GitHub/AidansRepo/TeensySwerve/install/complex_msgs/local/lib/python3.10/dist-packages/complex_msgs/msg/_nested_msg_test_s.c
[6.699s] -- Up-to-date: /home/aidan/GitHub/AidansRepo/TeensySwerve/install/complex_msgs/local/lib/python3.10/dist-packages/complex_msgs/msg/__init__.py
[6.700s] -- Up-to-date: /home/aidan/GitHub/AidansRepo/TeensySwerve/install/complex_msgs/local/lib/python3.10/dist-packages/complex_msgs/msg/_multi_string_test.py
[6.700s] -- Up-to-date: /home/aidan/GitHub/AidansRepo/TeensySwerve/install/complex_msgs/local/lib/python3.10/dist-packages/complex_msgs/_complex_msgs_s.ep.rosidl_typesupport_c.c
[6.704s] -- Up-to-date: /home/aidan/GitHub/AidansRepo/TeensySwerve/install/complex_msgs/local/lib/python3.10/dist-packages/complex_msgs/complex_msgs_s__rosidl_typesupport_c.cpython-310-x86_64-linux-gnu.so
[6.704s] -- Up-to-date: /home/aidan/GitHub/AidansRepo/TeensySwerve/install/complex_msgs/local/lib/python3.10/dist-packages/complex_msgs/_complex_msgs_s.ep.rosidl_typesupport_introspection_c.c
[6.835s] Listing '/home/aidan/GitHub/AidansRepo/TeensySwerve/install/complex_msgs/local/lib/python3.10/dist-packages/complex_msgs'...
[6.835s] Listing '/home/aidan/GitHub/AidansRepo/TeensySwerve/install/complex_msgs/local/lib/python3.10/dist-packages/complex_msgs/msg'...
[6.881s] -- Up-to-date: /home/aidan/GitHub/AidansRepo/TeensySwerve/install/complex_msgs/local/lib/python3.10/dist-packages/complex_msgs/complex_msgs_s__rosidl_typesupport_fastrtps_c.cpython-310-x86_64-linux-gnu.so
[6.881s] -- Up-to-date: /home/aidan/GitHub/AidansRepo/TeensySwerve/install/complex_msgs/local/lib/python3.10/dist-packages/complex_msgs/complex_msgs_s__rosidl_typesupport_introspection_c.cpython-310-x86_64-linux-gnu.so
[6.882s] -- Up-to-date: /home/aidan/GitHub/AidansRepo/TeensySwerve/install/complex_msgs/local/lib/python3.10/dist-packages/complex_msgs/complex_msgs_s__rosidl_typesupport_c.cpython-310-x86_64-linux-gnu.so
[6.882s] -- Up-to-date: /home/aidan/GitHub/AidansRepo/TeensySwerve/install/complex_msgs/lib/libcomplex_msgs__rosidl_generator_py.so
[6.886s] -- Up-to-date: /home/aidan/GitHub/AidansRepo/TeensySwerve/install/complex_msgs/share/complex_msgs/msg/MultiStringTest.idl
[6.887s] -- Up-to-date: /home/aidan/GitHub/AidansRepo/TeensySwerve/install/complex_msgs/share/complex_msgs/msg/NestedMsgTest.idl
[6.899s] -- Up-to-date: /home/aidan/GitHub/AidansRepo/TeensySwerve/install/complex_msgs/share/complex_msgs/msg/MultiStringTest.msg
[6.899s] -- Up-to-date: /home/aidan/GitHub/AidansRepo/TeensySwerve/install/complex_msgs/share/complex_msgs/msg/NestedMsgTest.msg
[6.900s] -- Up-to-date: /home/aidan/GitHub/AidansRepo/TeensySwerve/install/complex_msgs/share/ament_index/resource_index/package_run_dependencies/complex_msgs
[6.900s] -- Up-to-date: /home/aidan/GitHub/AidansRepo/TeensySwerve/install/complex_msgs/share/ament_index/resource_index/parent_prefix_path/complex_msgs
[6.900s] -- Up-to-date: /home/aidan/GitHub/AidansRepo/TeensySwerve/install/complex_msgs/share/complex_msgs/environment/ament_prefix_path.sh
[6.900s] -- Up-to-date: /home/aidan/GitHub/AidansRepo/TeensySwerve/install/complex_msgs/share/complex_msgs/environment/ament_prefix_path.dsv
[6.901s] -- Up-to-date: /home/aidan/GitHub/AidansRepo/TeensySwerve/install/complex_msgs/share/complex_msgs/environment/path.sh
[6.901s] -- Up-to-date: /home/aidan/GitHub/AidansRepo/TeensySwerve/install/complex_msgs/share/complex_msgs/environment/path.dsv
[6.901s] -- Up-to-date: /home/aidan/GitHub/AidansRepo/TeensySwerve/install/complex_msgs/share/complex_msgs/local_setup.bash
[6.901s] -- Up-to-date: /home/aidan/GitHub/AidansRepo/TeensySwerve/install/complex_msgs/share/complex_msgs/local_setup.sh
[6.902s] -- Up-to-date: /home/aidan/GitHub/AidansRepo/TeensySwerve/install/complex_msgs/share/complex_msgs/local_setup.zsh
[6.906s] -- Up-to-date: /home/aidan/GitHub/AidansRepo/TeensySwerve/install/complex_msgs/share/complex_msgs/local_setup.dsv
[6.906s] -- Installing: /home/aidan/GitHub/AidansRepo/TeensySwerve/install/complex_msgs/share/complex_msgs/package.dsv
[6.906s] -- Up-to-date: /home/aidan/GitHub/AidansRepo/TeensySwerve/install/complex_msgs/share/ament_index/resource_index/packages/complex_msgs
[6.906s] -- Up-to-date: /home/aidan/GitHub/AidansRepo/TeensySwerve/install/complex_msgs/share/complex_msgs/cmake/export_complex_msgs__rosidl_generator_cExport.cmake
[6.906s] -- Up-to-date: /home/aidan/GitHub/AidansRepo/TeensySwerve/install/complex_msgs/share/complex_msgs/cmake/export_complex_msgs__rosidl_generator_cExport-noconfig.cmake
[6.907s] -- Up-to-date: /home/aidan/GitHub/AidansRepo/TeensySwerve/install/complex_msgs/share/complex_msgs/cmake/export_complex_msgs__rosidl_typesupport_fastrtps_cExport.cmake
[6.907s] -- Up-to-date: /home/aidan/GitHub/AidansRepo/TeensySwerve/install/complex_msgs/share/complex_msgs/cmake/export_complex_msgs__rosidl_typesupport_fastrtps_cExport-noconfig.cmake
[6.907s] -- Up-to-date: /home/aidan/GitHub/AidansRepo/TeensySwerve/install/complex_msgs/share/complex_msgs/cmake/export_complex_msgs__rosidl_generator_cppExport.cmake
[6.907s] -- Up-to-date: /home/aidan/GitHub/AidansRepo/TeensySwerve/install/complex_msgs/share/complex_msgs/cmake/export_complex_msgs__rosidl_typesupport_fastrtps_cppExport.cmake
[6.907s] -- Up-to-date: /home/aidan/GitHub/AidansRepo/TeensySwerve/install/complex_msgs/share/complex_msgs/cmake/export_complex_msgs__rosidl_typesupport_fastrtps_cppExport-noconfig.cmake
[6.908s] -- Up-to-date: /home/aidan/GitHub/AidansRepo/TeensySwerve/install/complex_msgs/share/complex_msgs/cmake/complex_msgs__rosidl_typesupport_introspection_cExport.cmake
[6.911s] -- Up-to-date: /home/aidan/GitHub/AidansRepo/TeensySwerve/install/complex_msgs/share/complex_msgs/cmake/complex_msgs__rosidl_typesupport_introspection_cExport-noconfig.cmake
[6.919s] -- Up-to-date: /home/aidan/GitHub/AidansRepo/TeensySwerve/install/complex_msgs/share/complex_msgs/cmake/complex_msgs__rosidl_typesupport_cExport.cmake
[6.927s] -- Up-to-date: /home/aidan/GitHub/AidansRepo/TeensySwerve/install/complex_msgs/share/complex_msgs/cmake/complex_msgs__rosidl_typesupport_cExport-noconfig.cmake
[6.927s] -- Up-to-date: /home/aidan/GitHub/AidansRepo/TeensySwerve/install/complex_msgs/share/complex_msgs/cmake/complex_msgs__rosidl_typesupport_introspection_cppExport.cmake
[6.927s] -- Up-to-date: /home/aidan/GitHub/AidansRepo/TeensySwerve/install/complex_msgs/share/complex_msgs/cmake/complex_msgs__rosidl_typesupport_introspection_cppExport-noconfig.cmake
[6.927s] -- Up-to-date: /home/aidan/GitHub/AidansRepo/TeensySwerve/install/complex_msgs/share/complex_msgs/cmake/complex_msgs__rosidl_typesupport_cppExport.cmake
[6.928s] -- Up-to-date: /home/aidan/GitHub/AidansRepo/TeensySwerve/install/complex_msgs/share/complex_msgs/cmake/complex_msgs__rosidl_typesupport_cppExport-noconfig.cmake
[6.928s] -- Up-to-date: /home/aidan/GitHub/AidansRepo/TeensySwerve/install/complex_msgs/share/complex_msgs/cmake/export_complex_msgs__rosidl_generator_pyExport.cmake
[6.928s] -- Up-to-date: /home/aidan/GitHub/AidansRepo/TeensySwerve/install/complex_msgs/share/complex_msgs/cmake/export_complex_msgs__rosidl_generator_pyExport-noconfig.cmake
[6.928s] -- Up-to-date: /home/aidan/GitHub/AidansRepo/TeensySwerve/install/complex_msgs/share/complex_msgs/cmake/rosidl_cmake-extras.cmake
[6.928s] -- Up-to-date: /home/aidan/GitHub/AidansRepo/TeensySwerve/install/complex_msgs/share/complex_msgs/cmake/ament_cmake_export_dependencies-extras.cmake
[6.929s] -- Up-to-date: /home/aidan/GitHub/AidansRepo/TeensySwerve/install/complex_msgs/share/complex_msgs/cmake/ament_cmake_export_include_directories-extras.cmake
[6.929s] -- Up-to-date: /home/aidan/GitHub/AidansRepo/TeensySwerve/install/complex_msgs/share/complex_msgs/cmake/ament_cmake_export_libraries-extras.cmake
[6.929s] -- Up-to-date: /home/aidan/GitHub/AidansRepo/TeensySwerve/install/complex_msgs/share/complex_msgs/cmake/ament_cmake_export_targets-extras.cmake
[6.929s] -- Up-to-date: /home/aidan/GitHub/AidansRepo/TeensySwerve/install/complex_msgs/share/complex_msgs/cmake/rosidl_cmake_export_typesupport_targets-extras.cmake
[6.929s] -- Up-to-date: /home/aidan/GitHub/AidansRepo/TeensySwerve/install/complex_msgs/share/complex_msgs/cmake/rosidl_cmake_export_typesupport_libraries-extras.cmake
[6.929s] -- Up-to-date: /home/aidan/GitHub/AidansRepo/TeensySwerve/install/complex_msgs/share/complex_msgs/cmake/complex_msgsConfig.cmake
[6.930s] -- Up-to-date: /home/aidan/GitHub/AidansRepo/TeensySwerve/install/complex_msgs/share/complex_msgs/cmake/complex_msgsConfig-version.cmake
[6.930s] -- Up-to-date: /home/aidan/GitHub/AidansRepo/TeensySwerve/install/complex_msgs/share/complex_msgs/package.xml
[6.967s] Invoked command in '/home/aidan/GitHub/AidansRepo/TeensySwerve/build/complex_msgs' returned '0': AMENT_PREFIX_PATH=/home/aidan/GitHub/AidansRepo/TeensySwerve/install/builtin_interfaces:${AMENT_PREFIX_PATH} CMAKE_PREFIX_PATH=/home/aidan/GitHub/AidansRepo/TeensySwerve/install/builtin_interfaces:/home/aidan/GitHub/AidansRepo/TeensySwerve/install/tnsy_interfaces:/home/aidan/microros_ws/install/micro_ros_setup:/home/aidan/microros_ws/install/micro_ros_agent:/home/aidan/microros_ws/install/micro_ros_msgs:/home/aidan/GitHub/AidansRepo/TeensySwerve/install/tnsy_swrv_controller:/opt/ros/humble LD_LIBRARY_PATH=/home/aidan/GitHub/AidansRepo/TeensySwerve/install/builtin_interfaces/lib:${LD_LIBRARY_PATH} PYTHONPATH=/home/aidan/GitHub/AidansRepo/TeensySwerve/install/builtin_interfaces/local/lib/python3.10/dist-packages:${PYTHONPATH} /usr/bin/cmake --install /home/aidan/GitHub/AidansRepo/TeensySwerve/build/complex_msgs
