[0.132s] Invoking command in '/home/aidan/GitHub/AidansRepo/TeensySwerve/build/stereo_msgs': AMENT_PREFIX_PATH=/home/aidan/GitHub/AidansRepo/TeensySwerve/install/sensor_msgs:/home/aidan/GitHub/AidansRepo/TeensySwerve/install/geometry_msgs:/home/aidan/GitHub/AidansRepo/TeensySwerve/install/std_msgs:/home/aidan/GitHub/AidansRepo/TeensySwerve/install/builtin_interfaces:${AMENT_PREFIX_PATH} CMAKE_PREFIX_PATH=/home/aidan/GitHub/AidansRepo/TeensySwerve/install/sensor_msgs:/home/aidan/GitHub/AidansRepo/TeensySwerve/install/geometry_msgs:/home/aidan/GitHub/AidansRepo/TeensySwerve/install/std_msgs:/home/aidan/GitHub/AidansRepo/TeensySwerve/install/builtin_interfaces:/home/aidan/GitHub/AidansRepo/TeensySwerve/install/tnsy_interfaces:/home/aidan/microros_ws/install/micro_ros_setup:/home/aidan/microros_ws/install/micro_ros_agent:/home/aidan/microros_ws/install/micro_ros_msgs:/home/aidan/GitHub/AidansRepo/TeensySwerve/install/tnsy_swrv_controller:/opt/ros/humble LD_LIBRARY_PATH=/home/aidan/GitHub/AidansRepo/TeensySwerve/install/sensor_msgs/lib:/home/aidan/GitHub/AidansRepo/TeensySwerve/install/geometry_msgs/lib:/home/aidan/GitHub/AidansRepo/TeensySwerve/install/std_msgs/lib:/home/aidan/GitHub/AidansRepo/TeensySwerve/install/builtin_interfaces/lib:${LD_LIBRARY_PATH} PYTHONPATH=/home/aidan/GitHub/AidansRepo/TeensySwerve/install/sensor_msgs/local/lib/python3.10/dist-packages:/home/aidan/GitHub/AidansRepo/TeensySwerve/install/geometry_msgs/local/lib/python3.10/dist-packages:/home/aidan/GitHub/AidansRepo/TeensySwerve/install/std_msgs/local/lib/python3.10/dist-packages:/home/aidan/GitHub/AidansRepo/TeensySwerve/install/builtin_interfaces/local/lib/python3.10/dist-packages:${PYTHONPATH} /usr/bin/cmake --build /home/aidan/GitHub/AidansRepo/TeensySwerve/build/stereo_msgs -- -j4 -l4
[0.454s] [  3%] Built target stereo_msgs__cpp
[0.708s] [  3%] Built target ament_cmake_python_copy_stereo_msgs
[0.811s] [35m[1mConsolidate compiler generated dependencies of target stereo_msgs__rosidl_typesupport_fastrtps_cpp[0m
[0.909s] [ 12%] Built target stereo_msgs__rosidl_typesupport_fastrtps_cpp
[0.971s] [35m[1mConsolidate compiler generated dependencies of target stereo_msgs__rosidl_typesupport_introspection_cpp[0m
[1.050s] [ 22%] Built target stereo_msgs__rosidl_typesupport_introspection_cpp
[2.763s] running egg_info
[2.765s] writing stereo_msgs.egg-info/PKG-INFO
[2.767s] writing dependency_links to stereo_msgs.egg-info/dependency_links.txt
[2.767s] writing top-level names to stereo_msgs.egg-info/top_level.txt
[2.777s] reading manifest file 'stereo_msgs.egg-info/SOURCES.txt'
[2.778s] writing manifest file 'stereo_msgs.egg-info/SOURCES.txt'
[2.910s] [ 22%] Built target ament_cmake_python_build_stereo_msgs_egg
[3.042s] [35m[1mConsolidate compiler generated dependencies of target stereo_msgs__rosidl_typesupport_cpp[0m
[3.115s] [ 32%] Built target stereo_msgs__rosidl_typesupport_cpp
[3.264s] [35m[1mConsolidate compiler generated dependencies of target stereo_msgs__rosidl_generator_c[0m
[3.266s] [ 41%] Built target stereo_msgs__rosidl_generator_c
[3.273s] [35m[1mConsolidate compiler generated dependencies of target stereo_msgs__rosidl_typesupport_fastrtps_c[0m
[3.335s] [ 51%] Built target stereo_msgs__rosidl_typesupport_fastrtps_c
[3.393s] [35m[1mConsolidate compiler generated dependencies of target stereo_msgs__rosidl_typesupport_c[0m
[3.443s] [ 61%] Built target stereo_msgs__rosidl_typesupport_c
[3.503s] [35m[1mConsolidate compiler generated dependencies of target stereo_msgs__rosidl_typesupport_introspection_c[0m
[3.553s] [ 70%] Built target stereo_msgs__rosidl_typesupport_introspection_c
[3.661s] [ 70%] Built target stereo_msgs
[3.734s] [ 74%] Built target stereo_msgs__py
[3.761s] [35m[1mConsolidate compiler generated dependencies of target stereo_msgs__rosidl_generator_py[0m
[3.815s] [ 80%] Built target stereo_msgs__rosidl_generator_py
[3.859s] [35m[1mConsolidate compiler generated dependencies of target stereo_msgs__rosidl_typesupport_fastrtps_c__pyext[0m
[3.889s] [ 87%] Built target stereo_msgs__rosidl_typesupport_fastrtps_c__pyext
[3.920s] [35m[1mConsolidate compiler generated dependencies of target stereo_msgs__rosidl_typesupport_c__pyext[0m
[3.961s] [ 93%] Built target stereo_msgs__rosidl_typesupport_c__pyext
[3.989s] [35m[1mConsolidate compiler generated dependencies of target stereo_msgs__rosidl_typesupport_introspection_c__pyext[0m
[4.039s] [100%] Built target stereo_msgs__rosidl_typesupport_introspection_c__pyext
[4.771s] Invoked command in '/home/aidan/GitHub/AidansRepo/TeensySwerve/build/stereo_msgs' returned '0': AMENT_PREFIX_PATH=/home/aidan/GitHub/AidansRepo/TeensySwerve/install/sensor_msgs:/home/aidan/GitHub/AidansRepo/TeensySwerve/install/geometry_msgs:/home/aidan/GitHub/AidansRepo/TeensySwerve/install/std_msgs:/home/aidan/GitHub/AidansRepo/TeensySwerve/install/builtin_interfaces:${AMENT_PREFIX_PATH} CMAKE_PREFIX_PATH=/home/aidan/GitHub/AidansRepo/TeensySwerve/install/sensor_msgs:/home/aidan/GitHub/AidansRepo/TeensySwerve/install/geometry_msgs:/home/aidan/GitHub/AidansRepo/TeensySwerve/install/std_msgs:/home/aidan/GitHub/AidansRepo/TeensySwerve/install/builtin_interfaces:/home/aidan/GitHub/AidansRepo/TeensySwerve/install/tnsy_interfaces:/home/aidan/microros_ws/install/micro_ros_setup:/home/aidan/microros_ws/install/micro_ros_agent:/home/aidan/microros_ws/install/micro_ros_msgs:/home/aidan/GitHub/AidansRepo/TeensySwerve/install/tnsy_swrv_controller:/opt/ros/humble LD_LIBRARY_PATH=/home/aidan/GitHub/AidansRepo/TeensySwerve/install/sensor_msgs/lib:/home/aidan/GitHub/AidansRepo/TeensySwerve/install/geometry_msgs/lib:/home/aidan/GitHub/AidansRepo/TeensySwerve/install/std_msgs/lib:/home/aidan/GitHub/AidansRepo/TeensySwerve/install/builtin_interfaces/lib:${LD_LIBRARY_PATH} PYTHONPATH=/home/aidan/GitHub/AidansRepo/TeensySwerve/install/sensor_msgs/local/lib/python3.10/dist-packages:/home/aidan/GitHub/AidansRepo/TeensySwerve/install/geometry_msgs/local/lib/python3.10/dist-packages:/home/aidan/GitHub/AidansRepo/TeensySwerve/install/std_msgs/local/lib/python3.10/dist-packages:/home/aidan/GitHub/AidansRepo/TeensySwerve/install/builtin_interfaces/local/lib/python3.10/dist-packages:${PYTHONPATH} /usr/bin/cmake --build /home/aidan/GitHub/AidansRepo/TeensySwerve/build/stereo_msgs -- -j4 -l4
[6.367s] Invoking command in '/home/aidan/GitHub/AidansRepo/TeensySwerve/build/stereo_msgs': AMENT_PREFIX_PATH=/home/aidan/GitHub/AidansRepo/TeensySwerve/install/sensor_msgs:/home/aidan/GitHub/AidansRepo/TeensySwerve/install/geometry_msgs:/home/aidan/GitHub/AidansRepo/TeensySwerve/install/std_msgs:/home/aidan/GitHub/AidansRepo/TeensySwerve/install/builtin_interfaces:${AMENT_PREFIX_PATH} CMAKE_PREFIX_PATH=/home/aidan/GitHub/AidansRepo/TeensySwerve/install/sensor_msgs:/home/aidan/GitHub/AidansRepo/TeensySwerve/install/geometry_msgs:/home/aidan/GitHub/AidansRepo/TeensySwerve/install/std_msgs:/home/aidan/GitHub/AidansRepo/TeensySwerve/install/builtin_interfaces:/home/aidan/GitHub/AidansRepo/TeensySwerve/install/tnsy_interfaces:/home/aidan/microros_ws/install/micro_ros_setup:/home/aidan/microros_ws/install/micro_ros_agent:/home/aidan/microros_ws/install/micro_ros_msgs:/home/aidan/GitHub/AidansRepo/TeensySwerve/install/tnsy_swrv_controller:/opt/ros/humble LD_LIBRARY_PATH=/home/aidan/GitHub/AidansRepo/TeensySwerve/install/sensor_msgs/lib:/home/aidan/GitHub/AidansRepo/TeensySwerve/install/geometry_msgs/lib:/home/aidan/GitHub/AidansRepo/TeensySwerve/install/std_msgs/lib:/home/aidan/GitHub/AidansRepo/TeensySwerve/install/builtin_interfaces/lib:${LD_LIBRARY_PATH} PYTHONPATH=/home/aidan/GitHub/AidansRepo/TeensySwerve/install/sensor_msgs/local/lib/python3.10/dist-packages:/home/aidan/GitHub/AidansRepo/TeensySwerve/install/geometry_msgs/local/lib/python3.10/dist-packages:/home/aidan/GitHub/AidansRepo/TeensySwerve/install/std_msgs/local/lib/python3.10/dist-packages:/home/aidan/GitHub/AidansRepo/TeensySwerve/install/builtin_interfaces/local/lib/python3.10/dist-packages:${PYTHONPATH} /usr/bin/cmake --install /home/aidan/GitHub/AidansRepo/TeensySwerve/build/stereo_msgs
[6.392s] -- Install configuration: ""
[6.394s] -- Up-to-date: /home/aidan/GitHub/AidansRepo/TeensySwerve/install/stereo_msgs/share/ament_index/resource_index/rosidl_interfaces/stereo_msgs
[6.394s] -- Up-to-date: /home/aidan/GitHub/AidansRepo/TeensySwerve/install/stereo_msgs/include/stereo_msgs/stereo_msgs
[6.394s] -- Up-to-date: /home/aidan/GitHub/AidansRepo/TeensySwerve/install/stereo_msgs/include/stereo_msgs/stereo_msgs/msg
[6.394s] -- Up-to-date: /home/aidan/GitHub/AidansRepo/TeensySwerve/install/stereo_msgs/include/stereo_msgs/stereo_msgs/msg/rosidl_generator_c__visibility_control.h
[6.395s] -- Up-to-date: /home/aidan/GitHub/AidansRepo/TeensySwerve/install/stereo_msgs/include/stereo_msgs/stereo_msgs/msg/disparity_image.h
[6.395s] -- Up-to-date: /home/aidan/GitHub/AidansRepo/TeensySwerve/install/stereo_msgs/include/stereo_msgs/stereo_msgs/msg/detail
[6.398s] -- Up-to-date: /home/aidan/GitHub/AidansRepo/TeensySwerve/install/stereo_msgs/include/stereo_msgs/stereo_msgs/msg/detail/disparity_image__type_support.h
[6.403s] -- Up-to-date: /home/aidan/GitHub/AidansRepo/TeensySwerve/install/stereo_msgs/include/stereo_msgs/stereo_msgs/msg/detail/disparity_image__functions.c
[6.404s] -- Up-to-date: /home/aidan/GitHub/AidansRepo/TeensySwerve/install/stereo_msgs/include/stereo_msgs/stereo_msgs/msg/detail/disparity_image__functions.h
[6.404s] -- Up-to-date: /home/aidan/GitHub/AidansRepo/TeensySwerve/install/stereo_msgs/include/stereo_msgs/stereo_msgs/msg/detail/disparity_image__struct.h
[6.405s] -- Up-to-date: /home/aidan/GitHub/AidansRepo/TeensySwerve/install/stereo_msgs/share/stereo_msgs/environment/library_path.sh
[6.405s] -- Up-to-date: /home/aidan/GitHub/AidansRepo/TeensySwerve/install/stereo_msgs/share/stereo_msgs/environment/library_path.dsv
[6.405s] -- Up-to-date: /home/aidan/GitHub/AidansRepo/TeensySwerve/install/stereo_msgs/lib/libstereo_msgs__rosidl_generator_c.so
[6.405s] -- Up-to-date: /home/aidan/GitHub/AidansRepo/TeensySwerve/install/stereo_msgs/include/stereo_msgs/stereo_msgs
[6.405s] -- Up-to-date: /home/aidan/GitHub/AidansRepo/TeensySwerve/install/stereo_msgs/include/stereo_msgs/stereo_msgs/msg
[6.405s] -- Up-to-date: /home/aidan/GitHub/AidansRepo/TeensySwerve/install/stereo_msgs/include/stereo_msgs/stereo_msgs/msg/rosidl_typesupport_fastrtps_c__visibility_control.h
[6.406s] -- Up-to-date: /home/aidan/GitHub/AidansRepo/TeensySwerve/install/stereo_msgs/include/stereo_msgs/stereo_msgs/msg/detail
[6.406s] -- Up-to-date: /home/aidan/GitHub/AidansRepo/TeensySwerve/install/stereo_msgs/include/stereo_msgs/stereo_msgs/msg/detail/disparity_image__rosidl_typesupport_fastrtps_c.h
[6.406s] -- Up-to-date: /home/aidan/GitHub/AidansRepo/TeensySwerve/install/stereo_msgs/lib/libstereo_msgs__rosidl_typesupport_fastrtps_c.so
[6.411s] -- Up-to-date: /home/aidan/GitHub/AidansRepo/TeensySwerve/install/stereo_msgs/include/stereo_msgs/stereo_msgs
[6.412s] -- Up-to-date: /home/aidan/GitHub/AidansRepo/TeensySwerve/install/stereo_msgs/include/stereo_msgs/stereo_msgs/msg
[6.413s] -- Up-to-date: /home/aidan/GitHub/AidansRepo/TeensySwerve/install/stereo_msgs/include/stereo_msgs/stereo_msgs/msg/detail
[6.413s] -- Up-to-date: /home/aidan/GitHub/AidansRepo/TeensySwerve/install/stereo_msgs/include/stereo_msgs/stereo_msgs/msg/detail/disparity_image__rosidl_typesupport_introspection_c.h
[6.416s] -- Up-to-date: /home/aidan/GitHub/AidansRepo/TeensySwerve/install/stereo_msgs/include/stereo_msgs/stereo_msgs/msg/detail/disparity_image__type_support.c
[6.416s] -- Up-to-date: /home/aidan/GitHub/AidansRepo/TeensySwerve/install/stereo_msgs/include/stereo_msgs/stereo_msgs/msg/rosidl_typesupport_introspection_c__visibility_control.h
[6.417s] -- Up-to-date: /home/aidan/GitHub/AidansRepo/TeensySwerve/install/stereo_msgs/lib/libstereo_msgs__rosidl_typesupport_introspection_c.so
[6.417s] -- Up-to-date: /home/aidan/GitHub/AidansRepo/TeensySwerve/install/stereo_msgs/lib/libstereo_msgs__rosidl_typesupport_c.so
[6.423s] -- Up-to-date: /home/aidan/GitHub/AidansRepo/TeensySwerve/install/stereo_msgs/include/stereo_msgs/stereo_msgs
[6.423s] -- Up-to-date: /home/aidan/GitHub/AidansRepo/TeensySwerve/install/stereo_msgs/include/stereo_msgs/stereo_msgs/msg
[6.427s] -- Up-to-date: /home/aidan/GitHub/AidansRepo/TeensySwerve/install/stereo_msgs/include/stereo_msgs/stereo_msgs/msg/disparity_image.hpp
[6.433s] -- Up-to-date: /home/aidan/GitHub/AidansRepo/TeensySwerve/install/stereo_msgs/include/stereo_msgs/stereo_msgs/msg/detail
[6.433s] -- Up-to-date: /home/aidan/GitHub/AidansRepo/TeensySwerve/install/stereo_msgs/include/stereo_msgs/stereo_msgs/msg/detail/disparity_image__traits.hpp
[6.433s] -- Up-to-date: /home/aidan/GitHub/AidansRepo/TeensySwerve/install/stereo_msgs/include/stereo_msgs/stereo_msgs/msg/detail/disparity_image__struct.hpp
[6.434s] -- Up-to-date: /home/aidan/GitHub/AidansRepo/TeensySwerve/install/stereo_msgs/include/stereo_msgs/stereo_msgs/msg/detail/disparity_image__builder.hpp
[6.434s] -- Up-to-date: /home/aidan/GitHub/AidansRepo/TeensySwerve/install/stereo_msgs/include/stereo_msgs/stereo_msgs/msg/detail/disparity_image__type_support.hpp
[6.434s] -- Up-to-date: /home/aidan/GitHub/AidansRepo/TeensySwerve/install/stereo_msgs/include/stereo_msgs/stereo_msgs/msg/rosidl_generator_cpp__visibility_control.hpp
[6.438s] -- Up-to-date: /home/aidan/GitHub/AidansRepo/TeensySwerve/install/stereo_msgs/include/stereo_msgs/stereo_msgs
[6.438s] -- Up-to-date: /home/aidan/GitHub/AidansRepo/TeensySwerve/install/stereo_msgs/include/stereo_msgs/stereo_msgs/msg
[6.439s] -- Up-to-date: /home/aidan/GitHub/AidansRepo/TeensySwerve/install/stereo_msgs/include/stereo_msgs/stereo_msgs/msg/rosidl_typesupport_fastrtps_cpp__visibility_control.h
[6.442s] -- Up-to-date: /home/aidan/GitHub/AidansRepo/TeensySwerve/install/stereo_msgs/include/stereo_msgs/stereo_msgs/msg/detail
[6.448s] -- Up-to-date: /home/aidan/GitHub/AidansRepo/TeensySwerve/install/stereo_msgs/include/stereo_msgs/stereo_msgs/msg/detail/disparity_image__rosidl_typesupport_fastrtps_cpp.hpp
[6.449s] -- Up-to-date: /home/aidan/GitHub/AidansRepo/TeensySwerve/install/stereo_msgs/include/stereo_msgs/stereo_msgs/msg/detail/dds_fastrtps
[6.449s] -- Up-to-date: /home/aidan/GitHub/AidansRepo/TeensySwerve/install/stereo_msgs/lib/libstereo_msgs__rosidl_typesupport_fastrtps_cpp.so
[6.449s] -- Up-to-date: /home/aidan/GitHub/AidansRepo/TeensySwerve/install/stereo_msgs/include/stereo_msgs/stereo_msgs
[6.449s] -- Up-to-date: /home/aidan/GitHub/AidansRepo/TeensySwerve/install/stereo_msgs/include/stereo_msgs/stereo_msgs/msg
[6.449s] -- Up-to-date: /home/aidan/GitHub/AidansRepo/TeensySwerve/install/stereo_msgs/include/stereo_msgs/stereo_msgs/msg/detail
[6.450s] -- Up-to-date: /home/aidan/GitHub/AidansRepo/TeensySwerve/install/stereo_msgs/include/stereo_msgs/stereo_msgs/msg/detail/disparity_image__rosidl_typesupport_introspection_cpp.hpp
[6.450s] -- Up-to-date: /home/aidan/GitHub/AidansRepo/TeensySwerve/install/stereo_msgs/include/stereo_msgs/stereo_msgs/msg/detail/disparity_image__type_support.cpp
[6.456s] -- Up-to-date: /home/aidan/GitHub/AidansRepo/TeensySwerve/install/stereo_msgs/lib/libstereo_msgs__rosidl_typesupport_introspection_cpp.so
[6.456s] -- Up-to-date: /home/aidan/GitHub/AidansRepo/TeensySwerve/install/stereo_msgs/lib/libstereo_msgs__rosidl_typesupport_cpp.so
[6.456s] -- Up-to-date: /home/aidan/GitHub/AidansRepo/TeensySwerve/install/stereo_msgs/share/stereo_msgs/environment/pythonpath.sh
[6.457s] -- Up-to-date: /home/aidan/GitHub/AidansRepo/TeensySwerve/install/stereo_msgs/share/stereo_msgs/environment/pythonpath.dsv
[6.457s] -- Up-to-date: /home/aidan/GitHub/AidansRepo/TeensySwerve/install/stereo_msgs/local/lib/python3.10/dist-packages/stereo_msgs-4.8.0-py3.10.egg-info
[6.459s] -- Installing: /home/aidan/GitHub/AidansRepo/TeensySwerve/install/stereo_msgs/local/lib/python3.10/dist-packages/stereo_msgs-4.8.0-py3.10.egg-info/PKG-INFO
[6.459s] -- Installing: /home/aidan/GitHub/AidansRepo/TeensySwerve/install/stereo_msgs/local/lib/python3.10/dist-packages/stereo_msgs-4.8.0-py3.10.egg-info/SOURCES.txt
[6.459s] -- Installing: /home/aidan/GitHub/AidansRepo/TeensySwerve/install/stereo_msgs/local/lib/python3.10/dist-packages/stereo_msgs-4.8.0-py3.10.egg-info/dependency_links.txt
[6.460s] -- Installing: /home/aidan/GitHub/AidansRepo/TeensySwerve/install/stereo_msgs/local/lib/python3.10/dist-packages/stereo_msgs-4.8.0-py3.10.egg-info/top_level.txt
[6.467s] -- Up-to-date: /home/aidan/GitHub/AidansRepo/TeensySwerve/install/stereo_msgs/local/lib/python3.10/dist-packages/stereo_msgs
[6.468s] -- Up-to-date: /home/aidan/GitHub/AidansRepo/TeensySwerve/install/stereo_msgs/local/lib/python3.10/dist-packages/stereo_msgs/stereo_msgs_s__rosidl_typesupport_introspection_c.cpython-310-x86_64-linux-gnu.so
[6.468s] -- Up-to-date: /home/aidan/GitHub/AidansRepo/TeensySwerve/install/stereo_msgs/local/lib/python3.10/dist-packages/stereo_msgs/stereo_msgs_s__rosidl_typesupport_fastrtps_c.cpython-310-x86_64-linux-gnu.so
[6.468s] -- Up-to-date: /home/aidan/GitHub/AidansRepo/TeensySwerve/install/stereo_msgs/local/lib/python3.10/dist-packages/stereo_msgs/__init__.py
[6.468s] -- Up-to-date: /home/aidan/GitHub/AidansRepo/TeensySwerve/install/stereo_msgs/local/lib/python3.10/dist-packages/stereo_msgs/_stereo_msgs_s.ep.rosidl_typesupport_c.c
[6.469s] -- Up-to-date: /home/aidan/GitHub/AidansRepo/TeensySwerve/install/stereo_msgs/local/lib/python3.10/dist-packages/stereo_msgs/stereo_msgs_s__rosidl_typesupport_c.cpython-310-x86_64-linux-gnu.so
[6.469s] -- Up-to-date: /home/aidan/GitHub/AidansRepo/TeensySwerve/install/stereo_msgs/local/lib/python3.10/dist-packages/stereo_msgs/msg
[6.469s] -- Up-to-date: /home/aidan/GitHub/AidansRepo/TeensySwerve/install/stereo_msgs/local/lib/python3.10/dist-packages/stereo_msgs/msg/_disparity_image_s.c
[6.471s] -- Up-to-date: /home/aidan/GitHub/AidansRepo/TeensySwerve/install/stereo_msgs/local/lib/python3.10/dist-packages/stereo_msgs/msg/__init__.py
[6.474s] -- Up-to-date: /home/aidan/GitHub/AidansRepo/TeensySwerve/install/stereo_msgs/local/lib/python3.10/dist-packages/stereo_msgs/msg/_disparity_image.py
[6.475s] -- Up-to-date: /home/aidan/GitHub/AidansRepo/TeensySwerve/install/stereo_msgs/local/lib/python3.10/dist-packages/stereo_msgs/_stereo_msgs_s.ep.rosidl_typesupport_fastrtps_c.c
[6.475s] -- Up-to-date: /home/aidan/GitHub/AidansRepo/TeensySwerve/install/stereo_msgs/local/lib/python3.10/dist-packages/stereo_msgs/_stereo_msgs_s.ep.rosidl_typesupport_introspection_c.c
[6.475s] -- Up-to-date: /home/aidan/GitHub/AidansRepo/TeensySwerve/install/stereo_msgs/local/lib/python3.10/dist-packages/stereo_msgs/libstereo_msgs__rosidl_generator_py.so
[6.847s] Listing '/home/aidan/GitHub/AidansRepo/TeensySwerve/install/stereo_msgs/local/lib/python3.10/dist-packages/stereo_msgs'...
[6.847s] Listing '/home/aidan/GitHub/AidansRepo/TeensySwerve/install/stereo_msgs/local/lib/python3.10/dist-packages/stereo_msgs/msg'...
[6.908s] -- Up-to-date: /home/aidan/GitHub/AidansRepo/TeensySwerve/install/stereo_msgs/local/lib/python3.10/dist-packages/stereo_msgs/stereo_msgs_s__rosidl_typesupport_fastrtps_c.cpython-310-x86_64-linux-gnu.so
[6.913s] -- Up-to-date: /home/aidan/GitHub/AidansRepo/TeensySwerve/install/stereo_msgs/local/lib/python3.10/dist-packages/stereo_msgs/stereo_msgs_s__rosidl_typesupport_introspection_c.cpython-310-x86_64-linux-gnu.so
[6.914s] -- Up-to-date: /home/aidan/GitHub/AidansRepo/TeensySwerve/install/stereo_msgs/local/lib/python3.10/dist-packages/stereo_msgs/stereo_msgs_s__rosidl_typesupport_c.cpython-310-x86_64-linux-gnu.so
[6.914s] -- Up-to-date: /home/aidan/GitHub/AidansRepo/TeensySwerve/install/stereo_msgs/lib/libstereo_msgs__rosidl_generator_py.so
[6.914s] -- Up-to-date: /home/aidan/GitHub/AidansRepo/TeensySwerve/install/stereo_msgs/share/stereo_msgs/msg/DisparityImage.idl
[6.914s] -- Up-to-date: /home/aidan/GitHub/AidansRepo/TeensySwerve/install/stereo_msgs/share/stereo_msgs/msg/DisparityImage.msg
[6.915s] -- Up-to-date: /home/aidan/GitHub/AidansRepo/TeensySwerve/install/stereo_msgs/share/ament_index/resource_index/package_run_dependencies/stereo_msgs
[6.915s] -- Up-to-date: /home/aidan/GitHub/AidansRepo/TeensySwerve/install/stereo_msgs/share/ament_index/resource_index/parent_prefix_path/stereo_msgs
[6.915s] -- Up-to-date: /home/aidan/GitHub/AidansRepo/TeensySwerve/install/stereo_msgs/share/stereo_msgs/environment/ament_prefix_path.sh
[6.918s] -- Up-to-date: /home/aidan/GitHub/AidansRepo/TeensySwerve/install/stereo_msgs/share/stereo_msgs/environment/ament_prefix_path.dsv
[6.919s] -- Up-to-date: /home/aidan/GitHub/AidansRepo/TeensySwerve/install/stereo_msgs/share/stereo_msgs/environment/path.sh
[6.919s] -- Up-to-date: /home/aidan/GitHub/AidansRepo/TeensySwerve/install/stereo_msgs/share/stereo_msgs/environment/path.dsv
[6.920s] -- Up-to-date: /home/aidan/GitHub/AidansRepo/TeensySwerve/install/stereo_msgs/share/stereo_msgs/local_setup.bash
[6.920s] -- Up-to-date: /home/aidan/GitHub/AidansRepo/TeensySwerve/install/stereo_msgs/share/stereo_msgs/local_setup.sh
[6.921s] -- Up-to-date: /home/aidan/GitHub/AidansRepo/TeensySwerve/install/stereo_msgs/share/stereo_msgs/local_setup.zsh
[6.924s] -- Up-to-date: /home/aidan/GitHub/AidansRepo/TeensySwerve/install/stereo_msgs/share/stereo_msgs/local_setup.dsv
[6.925s] -- Installing: /home/aidan/GitHub/AidansRepo/TeensySwerve/install/stereo_msgs/share/stereo_msgs/package.dsv
[6.925s] -- Up-to-date: /home/aidan/GitHub/AidansRepo/TeensySwerve/install/stereo_msgs/share/ament_index/resource_index/packages/stereo_msgs
[6.926s] -- Up-to-date: /home/aidan/GitHub/AidansRepo/TeensySwerve/install/stereo_msgs/share/stereo_msgs/cmake/export_stereo_msgs__rosidl_generator_cExport.cmake
[6.926s] -- Up-to-date: /home/aidan/GitHub/AidansRepo/TeensySwerve/install/stereo_msgs/share/stereo_msgs/cmake/export_stereo_msgs__rosidl_generator_cExport-noconfig.cmake
[6.927s] -- Up-to-date: /home/aidan/GitHub/AidansRepo/TeensySwerve/install/stereo_msgs/share/stereo_msgs/cmake/export_stereo_msgs__rosidl_typesupport_fastrtps_cExport.cmake
[6.930s] -- Up-to-date: /home/aidan/GitHub/AidansRepo/TeensySwerve/install/stereo_msgs/share/stereo_msgs/cmake/export_stereo_msgs__rosidl_typesupport_fastrtps_cExport-noconfig.cmake
[6.932s] -- Up-to-date: /home/aidan/GitHub/AidansRepo/TeensySwerve/install/stereo_msgs/share/stereo_msgs/cmake/stereo_msgs__rosidl_typesupport_introspection_cExport.cmake
[6.933s] -- Up-to-date: /home/aidan/GitHub/AidansRepo/TeensySwerve/install/stereo_msgs/share/stereo_msgs/cmake/stereo_msgs__rosidl_typesupport_introspection_cExport-noconfig.cmake
[6.933s] -- Up-to-date: /home/aidan/GitHub/AidansRepo/TeensySwerve/install/stereo_msgs/share/stereo_msgs/cmake/stereo_msgs__rosidl_typesupport_cExport.cmake
[6.936s] -- Up-to-date: /home/aidan/GitHub/AidansRepo/TeensySwerve/install/stereo_msgs/share/stereo_msgs/cmake/stereo_msgs__rosidl_typesupport_cExport-noconfig.cmake
[6.936s] -- Up-to-date: /home/aidan/GitHub/AidansRepo/TeensySwerve/install/stereo_msgs/share/stereo_msgs/cmake/export_stereo_msgs__rosidl_generator_cppExport.cmake
[6.937s] -- Up-to-date: /home/aidan/GitHub/AidansRepo/TeensySwerve/install/stereo_msgs/share/stereo_msgs/cmake/export_stereo_msgs__rosidl_typesupport_fastrtps_cppExport.cmake
[6.937s] -- Up-to-date: /home/aidan/GitHub/AidansRepo/TeensySwerve/install/stereo_msgs/share/stereo_msgs/cmake/export_stereo_msgs__rosidl_typesupport_fastrtps_cppExport-noconfig.cmake
[6.938s] -- Up-to-date: /home/aidan/GitHub/AidansRepo/TeensySwerve/install/stereo_msgs/share/stereo_msgs/cmake/stereo_msgs__rosidl_typesupport_introspection_cppExport.cmake
[6.938s] -- Up-to-date: /home/aidan/GitHub/AidansRepo/TeensySwerve/install/stereo_msgs/share/stereo_msgs/cmake/stereo_msgs__rosidl_typesupport_introspection_cppExport-noconfig.cmake
[6.939s] -- Up-to-date: /home/aidan/GitHub/AidansRepo/TeensySwerve/install/stereo_msgs/share/stereo_msgs/cmake/stereo_msgs__rosidl_typesupport_cppExport.cmake
[6.939s] -- Up-to-date: /home/aidan/GitHub/AidansRepo/TeensySwerve/install/stereo_msgs/share/stereo_msgs/cmake/stereo_msgs__rosidl_typesupport_cppExport-noconfig.cmake
[6.940s] -- Up-to-date: /home/aidan/GitHub/AidansRepo/TeensySwerve/install/stereo_msgs/share/stereo_msgs/cmake/export_stereo_msgs__rosidl_generator_pyExport.cmake
[6.940s] -- Up-to-date: /home/aidan/GitHub/AidansRepo/TeensySwerve/install/stereo_msgs/share/stereo_msgs/cmake/export_stereo_msgs__rosidl_generator_pyExport-noconfig.cmake
[6.944s] -- Up-to-date: /home/aidan/GitHub/AidansRepo/TeensySwerve/install/stereo_msgs/share/stereo_msgs/cmake/rosidl_cmake-extras.cmake
[6.945s] -- Up-to-date: /home/aidan/GitHub/AidansRepo/TeensySwerve/install/stereo_msgs/share/stereo_msgs/cmake/ament_cmake_export_dependencies-extras.cmake
[6.946s] -- Up-to-date: /home/aidan/GitHub/AidansRepo/TeensySwerve/install/stereo_msgs/share/stereo_msgs/cmake/ament_cmake_export_include_directories-extras.cmake
[6.946s] -- Up-to-date: /home/aidan/GitHub/AidansRepo/TeensySwerve/install/stereo_msgs/share/stereo_msgs/cmake/ament_cmake_export_libraries-extras.cmake
[6.947s] -- Up-to-date: /home/aidan/GitHub/AidansRepo/TeensySwerve/install/stereo_msgs/share/stereo_msgs/cmake/ament_cmake_export_targets-extras.cmake
[6.950s] -- Up-to-date: /home/aidan/GitHub/AidansRepo/TeensySwerve/install/stereo_msgs/share/stereo_msgs/cmake/rosidl_cmake_export_typesupport_targets-extras.cmake
[6.951s] -- Up-to-date: /home/aidan/GitHub/AidansRepo/TeensySwerve/install/stereo_msgs/share/stereo_msgs/cmake/rosidl_cmake_export_typesupport_libraries-extras.cmake
[6.951s] -- Up-to-date: /home/aidan/GitHub/AidansRepo/TeensySwerve/install/stereo_msgs/share/stereo_msgs/cmake/stereo_msgsConfig.cmake
[6.954s] -- Up-to-date: /home/aidan/GitHub/AidansRepo/TeensySwerve/install/stereo_msgs/share/stereo_msgs/cmake/stereo_msgsConfig-version.cmake
[6.954s] -- Up-to-date: /home/aidan/GitHub/AidansRepo/TeensySwerve/install/stereo_msgs/share/stereo_msgs/package.xml
[6.955s] Invoked command in '/home/aidan/GitHub/AidansRepo/TeensySwerve/build/stereo_msgs' returned '0': AMENT_PREFIX_PATH=/home/aidan/GitHub/AidansRepo/TeensySwerve/install/sensor_msgs:/home/aidan/GitHub/AidansRepo/TeensySwerve/install/geometry_msgs:/home/aidan/GitHub/AidansRepo/TeensySwerve/install/std_msgs:/home/aidan/GitHub/AidansRepo/TeensySwerve/install/builtin_interfaces:${AMENT_PREFIX_PATH} CMAKE_PREFIX_PATH=/home/aidan/GitHub/AidansRepo/TeensySwerve/install/sensor_msgs:/home/aidan/GitHub/AidansRepo/TeensySwerve/install/geometry_msgs:/home/aidan/GitHub/AidansRepo/TeensySwerve/install/std_msgs:/home/aidan/GitHub/AidansRepo/TeensySwerve/install/builtin_interfaces:/home/aidan/GitHub/AidansRepo/TeensySwerve/install/tnsy_interfaces:/home/aidan/microros_ws/install/micro_ros_setup:/home/aidan/microros_ws/install/micro_ros_agent:/home/aidan/microros_ws/install/micro_ros_msgs:/home/aidan/GitHub/AidansRepo/TeensySwerve/install/tnsy_swrv_controller:/opt/ros/humble LD_LIBRARY_PATH=/home/aidan/GitHub/AidansRepo/TeensySwerve/install/sensor_msgs/lib:/home/aidan/GitHub/AidansRepo/TeensySwerve/install/geometry_msgs/lib:/home/aidan/GitHub/AidansRepo/TeensySwerve/install/std_msgs/lib:/home/aidan/GitHub/AidansRepo/TeensySwerve/install/builtin_interfaces/lib:${LD_LIBRARY_PATH} PYTHONPATH=/home/aidan/GitHub/AidansRepo/TeensySwerve/install/sensor_msgs/local/lib/python3.10/dist-packages:/home/aidan/GitHub/AidansRepo/TeensySwerve/install/geometry_msgs/local/lib/python3.10/dist-packages:/home/aidan/GitHub/AidansRepo/TeensySwerve/install/std_msgs/local/lib/python3.10/dist-packages:/home/aidan/GitHub/AidansRepo/TeensySwerve/install/builtin_interfaces/local/lib/python3.10/dist-packages:${PYTHONPATH} /usr/bin/cmake --install /home/aidan/GitHub/AidansRepo/TeensySwerve/build/stereo_msgs
