[1.158s] Invoking command in '/home/aidan/GitHub/AidansRepo/TeensySwerve/build/tnsy_swrv_controller': PYTHONPATH=/home/aidan/GitHub/AidansRepo/TeensySwerve/build/tnsy_swrv_controller/prefix_override:/home/aidan/GitHub/AidansRepo/TeensySwerve/install/tnsy_swrv_controller/lib/python3.10/site-packages:${PYTHONPATH} /usr/bin/python3 -W ignore:setup.py install is deprecated setup.py develop --editable --build-directory /home/aidan/GitHub/AidansRepo/TeensySwerve/build/tnsy_swrv_controller/build --no-deps symlink_data
[1.755s] running develop
[2.095s] running egg_info
[2.095s] writing tnsy_swrv_controller.egg-info/PKG-INFO
[2.095s] writing dependency_links to tnsy_swrv_controller.egg-info/dependency_links.txt
[2.096s] writing entry points to tnsy_swrv_controller.egg-info/entry_points.txt
[2.096s] writing requirements to tnsy_swrv_controller.egg-info/requires.txt
[2.096s] writing top-level names to tnsy_swrv_controller.egg-info/top_level.txt
[2.099s] reading manifest file 'tnsy_swrv_controller.egg-info/SOURCES.txt'
[2.100s] writing manifest file 'tnsy_swrv_controller.egg-info/SOURCES.txt'
[2.102s] running build_ext
[2.103s] Creating /home/aidan/GitHub/AidansRepo/TeensySwerve/install/tnsy_swrv_controller/lib/python3.10/site-packages/tnsy-swrv-controller.egg-link (link to .)
[2.104s] Installing joy_translator script to /home/aidan/GitHub/AidansRepo/TeensySwerve/install/tnsy_swrv_controller/lib/tnsy_swrv_controller
[2.104s] Installing pub script to /home/aidan/GitHub/AidansRepo/TeensySwerve/install/tnsy_swrv_controller/lib/tnsy_swrv_controller
[2.105s] Installing sub script to /home/aidan/GitHub/AidansRepo/TeensySwerve/install/tnsy_swrv_controller/lib/tnsy_swrv_controller
[2.105s] Installing test_node script to /home/aidan/GitHub/AidansRepo/TeensySwerve/install/tnsy_swrv_controller/lib/tnsy_swrv_controller
[2.105s] 
[2.106s] Installed /home/aidan/GitHub/AidansRepo/TeensySwerve/build/tnsy_swrv_controller
[2.106s] running symlink_data
[2.171s] Invoked command in '/home/aidan/GitHub/AidansRepo/TeensySwerve/build/tnsy_swrv_controller' returned '0': PYTHONPATH=/home/aidan/GitHub/AidansRepo/TeensySwerve/build/tnsy_swrv_controller/prefix_override:/home/aidan/GitHub/AidansRepo/TeensySwerve/install/tnsy_swrv_controller/lib/python3.10/site-packages:${PYTHONPATH} /usr/bin/python3 -W ignore:setup.py install is deprecated setup.py develop --editable --build-directory /home/aidan/GitHub/AidansRepo/TeensySwerve/build/tnsy_swrv_controller/build --no-deps symlink_data
