[0.163s] Invoking command in '/home/aidan/GitHub/AidansRepo/TeensySwerve/build/rclc_parameter': AMENT_PREFIX_PATH=/home/aidan/GitHub/AidansRepo/TeensySwerve/install/rclc:/home/aidan/GitHub/AidansRepo/TeensySwerve/install/example_interfaces:/home/aidan/GitHub/AidansRepo/TeensySwerve/install/std_msgs:/home/aidan/GitHub/AidansRepo/TeensySwerve/install/rcl_interfaces:/home/aidan/GitHub/AidansRepo/TeensySwerve/install/action_msgs:/home/aidan/GitHub/AidansRepo/TeensySwerve/install/unique_identifier_msgs:/home/aidan/GitHub/AidansRepo/TeensySwerve/install/builtin_interfaces:${AMENT_PREFIX_PATH} CMAKE_PREFIX_PATH=/home/aidan/GitHub/AidansRepo/TeensySwerve/install/rclc:/home/aidan/GitHub/AidansRepo/TeensySwerve/install/example_interfaces:/home/aidan/GitHub/AidansRepo/TeensySwerve/install/std_msgs:/home/aidan/GitHub/AidansRepo/TeensySwerve/install/rcl_interfaces:/home/aidan/GitHub/AidansRepo/TeensySwerve/install/action_msgs:/home/aidan/GitHub/AidansRepo/TeensySwerve/install/unique_identifier_msgs:/home/aidan/GitHub/AidansRepo/TeensySwerve/install/builtin_interfaces:/home/aidan/GitHub/AidansRepo/TeensySwerve/install/tnsy_interfaces:/home/aidan/microros_ws/install/micro_ros_setup:/home/aidan/microros_ws/install/micro_ros_agent:/home/aidan/microros_ws/install/micro_ros_msgs:/home/aidan/GitHub/AidansRepo/TeensySwerve/install/tnsy_swrv_controller:/opt/ros/humble LD_LIBRARY_PATH=/home/aidan/GitHub/AidansRepo/TeensySwerve/install/rclc/lib:/home/aidan/GitHub/AidansRepo/TeensySwerve/install/example_interfaces/lib:/home/aidan/GitHub/AidansRepo/TeensySwerve/install/std_msgs/lib:/home/aidan/GitHub/AidansRepo/TeensySwerve/install/rcl_interfaces/lib:/home/aidan/GitHub/AidansRepo/TeensySwerve/install/action_msgs/lib:/home/aidan/GitHub/AidansRepo/TeensySwerve/install/unique_identifier_msgs/lib:/home/aidan/GitHub/AidansRepo/TeensySwerve/install/builtin_interfaces/lib:${LD_LIBRARY_PATH} PYTHONPATH=/home/aidan/GitHub/AidansRepo/TeensySwerve/install/example_interfaces/local/lib/python3.10/dist-packages:/home/aidan/GitHub/AidansRepo/TeensySwerve/install/std_msgs/local/lib/python3.10/dist-packages:/home/aidan/GitHub/AidansRepo/TeensySwerve/install/rcl_interfaces/local/lib/python3.10/dist-packages:/home/aidan/GitHub/AidansRepo/TeensySwerve/install/action_msgs/local/lib/python3.10/dist-packages:/home/aidan/GitHub/AidansRepo/TeensySwerve/install/unique_identifier_msgs/local/lib/python3.10/dist-packages:/home/aidan/GitHub/AidansRepo/TeensySwerve/install/builtin_interfaces/local/lib/python3.10/dist-packages:${PYTHONPATH} /usr/bin/cmake --build /home/aidan/GitHub/AidansRepo/TeensySwerve/build/rclc_parameter -- -j4 -l4
[0.214s] /usr/bin/cmake -S/home/aidan/GitHub/AidansRepo/TeensySwerve/src/uros/rclc/rclc_parameter -B/home/aidan/GitHub/AidansRepo/TeensySwerve/build/rclc_parameter --check-build-system CMakeFiles/Makefile.cmake 0
[0.312s] /usr/bin/cmake -E cmake_progress_start /home/aidan/GitHub/AidansRepo/TeensySwerve/build/rclc_parameter/CMakeFiles /home/aidan/GitHub/AidansRepo/TeensySwerve/build/rclc_parameter//CMakeFiles/progress.marks
[0.368s] /usr/bin/gmake  -f CMakeFiles/Makefile2 all
[0.370s] gmake[1]: Entering directory '/home/aidan/GitHub/AidansRepo/TeensySwerve/build/rclc_parameter'
[0.371s] /usr/bin/gmake  -f CMakeFiles/rclc_parameter.dir/build.make CMakeFiles/rclc_parameter.dir/depend
[0.397s] gmake[2]: Entering directory '/home/aidan/GitHub/AidansRepo/TeensySwerve/build/rclc_parameter'
[0.397s] cd /home/aidan/GitHub/AidansRepo/TeensySwerve/build/rclc_parameter && /usr/bin/cmake -E cmake_depends "Unix Makefiles" /home/aidan/GitHub/AidansRepo/TeensySwerve/src/uros/rclc/rclc_parameter /home/aidan/GitHub/AidansRepo/TeensySwerve/src/uros/rclc/rclc_parameter /home/aidan/GitHub/AidansRepo/TeensySwerve/build/rclc_parameter /home/aidan/GitHub/AidansRepo/TeensySwerve/build/rclc_parameter /home/aidan/GitHub/AidansRepo/TeensySwerve/build/rclc_parameter/CMakeFiles/rclc_parameter.dir/DependInfo.cmake --color=
[0.464s] gmake[2]: Leaving directory '/home/aidan/GitHub/AidansRepo/TeensySwerve/build/rclc_parameter'
[0.464s] /usr/bin/gmake  -f CMakeFiles/rclc_parameter.dir/build.make CMakeFiles/rclc_parameter.dir/build
[0.474s] gmake[2]: Entering directory '/home/aidan/GitHub/AidansRepo/TeensySwerve/build/rclc_parameter'
[0.475s] gmake[2]: Nothing to be done for 'CMakeFiles/rclc_parameter.dir/build'.
[0.475s] gmake[2]: Leaving directory '/home/aidan/GitHub/AidansRepo/TeensySwerve/build/rclc_parameter'
[0.559s] [ 33%] Built target rclc_parameter
[0.559s] /usr/bin/gmake  -f gtest/CMakeFiles/gtest.dir/build.make gtest/CMakeFiles/gtest.dir/depend
[0.579s] gmake[2]: Entering directory '/home/aidan/GitHub/AidansRepo/TeensySwerve/build/rclc_parameter'
[0.579s] cd /home/aidan/GitHub/AidansRepo/TeensySwerve/build/rclc_parameter && /usr/bin/cmake -E cmake_depends "Unix Makefiles" /home/aidan/GitHub/AidansRepo/TeensySwerve/src/uros/rclc/rclc_parameter /opt/ros/humble/src/gtest_vendor /home/aidan/GitHub/AidansRepo/TeensySwerve/build/rclc_parameter /home/aidan/GitHub/AidansRepo/TeensySwerve/build/rclc_parameter/gtest /home/aidan/GitHub/AidansRepo/TeensySwerve/build/rclc_parameter/gtest/CMakeFiles/gtest.dir/DependInfo.cmake --color=
[0.683s] gmake[2]: Leaving directory '/home/aidan/GitHub/AidansRepo/TeensySwerve/build/rclc_parameter'
[0.683s] /usr/bin/gmake  -f gtest/CMakeFiles/gtest.dir/build.make gtest/CMakeFiles/gtest.dir/build
[0.695s] gmake[2]: Entering directory '/home/aidan/GitHub/AidansRepo/TeensySwerve/build/rclc_parameter'
[0.695s] gmake[2]: Nothing to be done for 'gtest/CMakeFiles/gtest.dir/build'.
[0.702s] gmake[2]: Leaving directory '/home/aidan/GitHub/AidansRepo/TeensySwerve/build/rclc_parameter'
[0.791s] [ 55%] Built target gtest
[0.806s] /usr/bin/gmake  -f gtest/CMakeFiles/gtest_main.dir/build.make gtest/CMakeFiles/gtest_main.dir/depend
[0.822s] gmake[2]: Entering directory '/home/aidan/GitHub/AidansRepo/TeensySwerve/build/rclc_parameter'
[0.822s] cd /home/aidan/GitHub/AidansRepo/TeensySwerve/build/rclc_parameter && /usr/bin/cmake -E cmake_depends "Unix Makefiles" /home/aidan/GitHub/AidansRepo/TeensySwerve/src/uros/rclc/rclc_parameter /opt/ros/humble/src/gtest_vendor /home/aidan/GitHub/AidansRepo/TeensySwerve/build/rclc_parameter /home/aidan/GitHub/AidansRepo/TeensySwerve/build/rclc_parameter/gtest /home/aidan/GitHub/AidansRepo/TeensySwerve/build/rclc_parameter/gtest/CMakeFiles/gtest_main.dir/DependInfo.cmake --color=
[0.882s] gmake[2]: Leaving directory '/home/aidan/GitHub/AidansRepo/TeensySwerve/build/rclc_parameter'
[0.883s] /usr/bin/gmake  -f gtest/CMakeFiles/gtest_main.dir/build.make gtest/CMakeFiles/gtest_main.dir/build
[0.898s] gmake[2]: Entering directory '/home/aidan/GitHub/AidansRepo/TeensySwerve/build/rclc_parameter'
[0.898s] gmake[2]: Nothing to be done for 'gtest/CMakeFiles/gtest_main.dir/build'.
[0.900s] gmake[2]: Leaving directory '/home/aidan/GitHub/AidansRepo/TeensySwerve/build/rclc_parameter'
[0.987s] [ 77%] Built target gtest_main
[0.992s] /usr/bin/gmake  -f CMakeFiles/rclc_parameter_test.dir/build.make CMakeFiles/rclc_parameter_test.dir/depend
[1.027s] gmake[2]: Entering directory '/home/aidan/GitHub/AidansRepo/TeensySwerve/build/rclc_parameter'
[1.027s] cd /home/aidan/GitHub/AidansRepo/TeensySwerve/build/rclc_parameter && /usr/bin/cmake -E cmake_depends "Unix Makefiles" /home/aidan/GitHub/AidansRepo/TeensySwerve/src/uros/rclc/rclc_parameter /home/aidan/GitHub/AidansRepo/TeensySwerve/src/uros/rclc/rclc_parameter /home/aidan/GitHub/AidansRepo/TeensySwerve/build/rclc_parameter /home/aidan/GitHub/AidansRepo/TeensySwerve/build/rclc_parameter /home/aidan/GitHub/AidansRepo/TeensySwerve/build/rclc_parameter/CMakeFiles/rclc_parameter_test.dir/DependInfo.cmake --color=
[1.151s] gmake[2]: Leaving directory '/home/aidan/GitHub/AidansRepo/TeensySwerve/build/rclc_parameter'
[1.152s] /usr/bin/gmake  -f CMakeFiles/rclc_parameter_test.dir/build.make CMakeFiles/rclc_parameter_test.dir/build
[1.191s] gmake[2]: Entering directory '/home/aidan/GitHub/AidansRepo/TeensySwerve/build/rclc_parameter'
[1.202s] gmake[2]: Nothing to be done for 'CMakeFiles/rclc_parameter_test.dir/build'.
[1.202s] gmake[2]: Leaving directory '/home/aidan/GitHub/AidansRepo/TeensySwerve/build/rclc_parameter'
[1.276s] [100%] Built target rclc_parameter_test
[1.286s] gmake[1]: Leaving directory '/home/aidan/GitHub/AidansRepo/TeensySwerve/build/rclc_parameter'
[1.286s] /usr/bin/cmake -E cmake_progress_start /home/aidan/GitHub/AidansRepo/TeensySwerve/build/rclc_parameter/CMakeFiles 0
[1.397s] Invoked command in '/home/aidan/GitHub/AidansRepo/TeensySwerve/build/rclc_parameter' returned '0': AMENT_PREFIX_PATH=/home/aidan/GitHub/AidansRepo/TeensySwerve/install/rclc:/home/aidan/GitHub/AidansRepo/TeensySwerve/install/example_interfaces:/home/aidan/GitHub/AidansRepo/TeensySwerve/install/std_msgs:/home/aidan/GitHub/AidansRepo/TeensySwerve/install/rcl_interfaces:/home/aidan/GitHub/AidansRepo/TeensySwerve/install/action_msgs:/home/aidan/GitHub/AidansRepo/TeensySwerve/install/unique_identifier_msgs:/home/aidan/GitHub/AidansRepo/TeensySwerve/install/builtin_interfaces:${AMENT_PREFIX_PATH} CMAKE_PREFIX_PATH=/home/aidan/GitHub/AidansRepo/TeensySwerve/install/rclc:/home/aidan/GitHub/AidansRepo/TeensySwerve/install/example_interfaces:/home/aidan/GitHub/AidansRepo/TeensySwerve/install/std_msgs:/home/aidan/GitHub/AidansRepo/TeensySwerve/install/rcl_interfaces:/home/aidan/GitHub/AidansRepo/TeensySwerve/install/action_msgs:/home/aidan/GitHub/AidansRepo/TeensySwerve/install/unique_identifier_msgs:/home/aidan/GitHub/AidansRepo/TeensySwerve/install/builtin_interfaces:/home/aidan/GitHub/AidansRepo/TeensySwerve/install/tnsy_interfaces:/home/aidan/microros_ws/install/micro_ros_setup:/home/aidan/microros_ws/install/micro_ros_agent:/home/aidan/microros_ws/install/micro_ros_msgs:/home/aidan/GitHub/AidansRepo/TeensySwerve/install/tnsy_swrv_controller:/opt/ros/humble LD_LIBRARY_PATH=/home/aidan/GitHub/AidansRepo/TeensySwerve/install/rclc/lib:/home/aidan/GitHub/AidansRepo/TeensySwerve/install/example_interfaces/lib:/home/aidan/GitHub/AidansRepo/TeensySwerve/install/std_msgs/lib:/home/aidan/GitHub/AidansRepo/TeensySwerve/install/rcl_interfaces/lib:/home/aidan/GitHub/AidansRepo/TeensySwerve/install/action_msgs/lib:/home/aidan/GitHub/AidansRepo/TeensySwerve/install/unique_identifier_msgs/lib:/home/aidan/GitHub/AidansRepo/TeensySwerve/install/builtin_interfaces/lib:${LD_LIBRARY_PATH} PYTHONPATH=/home/aidan/GitHub/AidansRepo/TeensySwerve/install/example_interfaces/local/lib/python3.10/dist-packages:/home/aidan/GitHub/AidansRepo/TeensySwerve/install/std_msgs/local/lib/python3.10/dist-packages:/home/aidan/GitHub/AidansRepo/TeensySwerve/install/rcl_interfaces/local/lib/python3.10/dist-packages:/home/aidan/GitHub/AidansRepo/TeensySwerve/install/action_msgs/local/lib/python3.10/dist-packages:/home/aidan/GitHub/AidansRepo/TeensySwerve/install/unique_identifier_msgs/local/lib/python3.10/dist-packages:/home/aidan/GitHub/AidansRepo/TeensySwerve/install/builtin_interfaces/local/lib/python3.10/dist-packages:${PYTHONPATH} /usr/bin/cmake --build /home/aidan/GitHub/AidansRepo/TeensySwerve/build/rclc_parameter -- -j4 -l4
[1.629s] Invoking command in '/home/aidan/GitHub/AidansRepo/TeensySwerve/build/rclc_parameter': AMENT_PREFIX_PATH=/home/aidan/GitHub/AidansRepo/TeensySwerve/install/rclc:/home/aidan/GitHub/AidansRepo/TeensySwerve/install/example_interfaces:/home/aidan/GitHub/AidansRepo/TeensySwerve/install/std_msgs:/home/aidan/GitHub/AidansRepo/TeensySwerve/install/rcl_interfaces:/home/aidan/GitHub/AidansRepo/TeensySwerve/install/action_msgs:/home/aidan/GitHub/AidansRepo/TeensySwerve/install/unique_identifier_msgs:/home/aidan/GitHub/AidansRepo/TeensySwerve/install/builtin_interfaces:${AMENT_PREFIX_PATH} CMAKE_PREFIX_PATH=/home/aidan/GitHub/AidansRepo/TeensySwerve/install/rclc:/home/aidan/GitHub/AidansRepo/TeensySwerve/install/example_interfaces:/home/aidan/GitHub/AidansRepo/TeensySwerve/install/std_msgs:/home/aidan/GitHub/AidansRepo/TeensySwerve/install/rcl_interfaces:/home/aidan/GitHub/AidansRepo/TeensySwerve/install/action_msgs:/home/aidan/GitHub/AidansRepo/TeensySwerve/install/unique_identifier_msgs:/home/aidan/GitHub/AidansRepo/TeensySwerve/install/builtin_interfaces:/home/aidan/GitHub/AidansRepo/TeensySwerve/install/tnsy_interfaces:/home/aidan/microros_ws/install/micro_ros_setup:/home/aidan/microros_ws/install/micro_ros_agent:/home/aidan/microros_ws/install/micro_ros_msgs:/home/aidan/GitHub/AidansRepo/TeensySwerve/install/tnsy_swrv_controller:/opt/ros/humble LD_LIBRARY_PATH=/home/aidan/GitHub/AidansRepo/TeensySwerve/install/rclc/lib:/home/aidan/GitHub/AidansRepo/TeensySwerve/install/example_interfaces/lib:/home/aidan/GitHub/AidansRepo/TeensySwerve/install/std_msgs/lib:/home/aidan/GitHub/AidansRepo/TeensySwerve/install/rcl_interfaces/lib:/home/aidan/GitHub/AidansRepo/TeensySwerve/install/action_msgs/lib:/home/aidan/GitHub/AidansRepo/TeensySwerve/install/unique_identifier_msgs/lib:/home/aidan/GitHub/AidansRepo/TeensySwerve/install/builtin_interfaces/lib:${LD_LIBRARY_PATH} PYTHONPATH=/home/aidan/GitHub/AidansRepo/TeensySwerve/install/example_interfaces/local/lib/python3.10/dist-packages:/home/aidan/GitHub/AidansRepo/TeensySwerve/install/std_msgs/local/lib/python3.10/dist-packages:/home/aidan/GitHub/AidansRepo/TeensySwerve/install/rcl_interfaces/local/lib/python3.10/dist-packages:/home/aidan/GitHub/AidansRepo/TeensySwerve/install/action_msgs/local/lib/python3.10/dist-packages:/home/aidan/GitHub/AidansRepo/TeensySwerve/install/unique_identifier_msgs/local/lib/python3.10/dist-packages:/home/aidan/GitHub/AidansRepo/TeensySwerve/install/builtin_interfaces/local/lib/python3.10/dist-packages:${PYTHONPATH} /usr/bin/cmake --install /home/aidan/GitHub/AidansRepo/TeensySwerve/build/rclc_parameter
[1.696s] -- Install configuration: ""
[1.696s] -- Up-to-date: /home/aidan/GitHub/AidansRepo/TeensySwerve/install/rclc_parameter/lib/librclc_parameter.a
[1.697s] -- Up-to-date: /home/aidan/GitHub/AidansRepo/TeensySwerve/install/rclc_parameter/include
[1.697s] -- Up-to-date: /home/aidan/GitHub/AidansRepo/TeensySwerve/install/rclc_parameter/include/rclc_parameter
[1.697s] -- Up-to-date: /home/aidan/GitHub/AidansRepo/TeensySwerve/install/rclc_parameter/include/rclc_parameter/visibility_control.h
[1.697s] -- Up-to-date: /home/aidan/GitHub/AidansRepo/TeensySwerve/install/rclc_parameter/include/rclc_parameter/rclc_parameter.h
[1.697s] -- Up-to-date: /home/aidan/GitHub/AidansRepo/TeensySwerve/install/rclc_parameter/share/rclc_parameter/environment/library_path.sh
[1.697s] -- Up-to-date: /home/aidan/GitHub/AidansRepo/TeensySwerve/install/rclc_parameter/share/rclc_parameter/environment/library_path.dsv
[1.697s] -- Up-to-date: /home/aidan/GitHub/AidansRepo/TeensySwerve/install/rclc_parameter/share/ament_index/resource_index/package_run_dependencies/rclc_parameter
[1.706s] -- Up-to-date: /home/aidan/GitHub/AidansRepo/TeensySwerve/install/rclc_parameter/share/ament_index/resource_index/parent_prefix_path/rclc_parameter
[1.706s] -- Up-to-date: /home/aidan/GitHub/AidansRepo/TeensySwerve/install/rclc_parameter/share/rclc_parameter/environment/ament_prefix_path.sh
[1.710s] -- Up-to-date: /home/aidan/GitHub/AidansRepo/TeensySwerve/install/rclc_parameter/share/rclc_parameter/environment/ament_prefix_path.dsv
[1.713s] -- Up-to-date: /home/aidan/GitHub/AidansRepo/TeensySwerve/install/rclc_parameter/share/rclc_parameter/environment/path.sh
[1.713s] -- Up-to-date: /home/aidan/GitHub/AidansRepo/TeensySwerve/install/rclc_parameter/share/rclc_parameter/environment/path.dsv
[1.713s] -- Up-to-date: /home/aidan/GitHub/AidansRepo/TeensySwerve/install/rclc_parameter/share/rclc_parameter/local_setup.bash
[1.714s] -- Up-to-date: /home/aidan/GitHub/AidansRepo/TeensySwerve/install/rclc_parameter/share/rclc_parameter/local_setup.sh
[1.714s] -- Up-to-date: /home/aidan/GitHub/AidansRepo/TeensySwerve/install/rclc_parameter/share/rclc_parameter/local_setup.zsh
[1.717s] -- Up-to-date: /home/aidan/GitHub/AidansRepo/TeensySwerve/install/rclc_parameter/share/rclc_parameter/local_setup.dsv
[1.721s] -- Installing: /home/aidan/GitHub/AidansRepo/TeensySwerve/install/rclc_parameter/share/rclc_parameter/package.dsv
[1.724s] -- Up-to-date: /home/aidan/GitHub/AidansRepo/TeensySwerve/install/rclc_parameter/share/ament_index/resource_index/packages/rclc_parameter
[1.725s] -- Up-to-date: /home/aidan/GitHub/AidansRepo/TeensySwerve/install/rclc_parameter/share/rclc_parameter/cmake/rclc_parameterExport.cmake
[1.725s] -- Up-to-date: /home/aidan/GitHub/AidansRepo/TeensySwerve/install/rclc_parameter/share/rclc_parameter/cmake/rclc_parameterExport-noconfig.cmake
[1.725s] -- Up-to-date: /home/aidan/GitHub/AidansRepo/TeensySwerve/install/rclc_parameter/share/rclc_parameter/cmake/ament_cmake_export_include_directories-extras.cmake
[1.726s] -- Up-to-date: /home/aidan/GitHub/AidansRepo/TeensySwerve/install/rclc_parameter/share/rclc_parameter/cmake/ament_cmake_export_libraries-extras.cmake
[1.726s] -- Up-to-date: /home/aidan/GitHub/AidansRepo/TeensySwerve/install/rclc_parameter/share/rclc_parameter/cmake/ament_cmake_export_targets-extras.cmake
[1.726s] -- Up-to-date: /home/aidan/GitHub/AidansRepo/TeensySwerve/install/rclc_parameter/share/rclc_parameter/cmake/ament_cmake_export_dependencies-extras.cmake
[1.726s] -- Up-to-date: /home/aidan/GitHub/AidansRepo/TeensySwerve/install/rclc_parameter/share/rclc_parameter/cmake/rclc_parameterConfig.cmake
[1.726s] -- Up-to-date: /home/aidan/GitHub/AidansRepo/TeensySwerve/install/rclc_parameter/share/rclc_parameter/cmake/rclc_parameterConfig-version.cmake
[1.734s] -- Up-to-date: /home/aidan/GitHub/AidansRepo/TeensySwerve/install/rclc_parameter/share/rclc_parameter/package.xml
[1.734s] Invoked command in '/home/aidan/GitHub/AidansRepo/TeensySwerve/build/rclc_parameter' returned '0': AMENT_PREFIX_PATH=/home/aidan/GitHub/AidansRepo/TeensySwerve/install/rclc:/home/aidan/GitHub/AidansRepo/TeensySwerve/install/example_interfaces:/home/aidan/GitHub/AidansRepo/TeensySwerve/install/std_msgs:/home/aidan/GitHub/AidansRepo/TeensySwerve/install/rcl_interfaces:/home/aidan/GitHub/AidansRepo/TeensySwerve/install/action_msgs:/home/aidan/GitHub/AidansRepo/TeensySwerve/install/unique_identifier_msgs:/home/aidan/GitHub/AidansRepo/TeensySwerve/install/builtin_interfaces:${AMENT_PREFIX_PATH} CMAKE_PREFIX_PATH=/home/aidan/GitHub/AidansRepo/TeensySwerve/install/rclc:/home/aidan/GitHub/AidansRepo/TeensySwerve/install/example_interfaces:/home/aidan/GitHub/AidansRepo/TeensySwerve/install/std_msgs:/home/aidan/GitHub/AidansRepo/TeensySwerve/install/rcl_interfaces:/home/aidan/GitHub/AidansRepo/TeensySwerve/install/action_msgs:/home/aidan/GitHub/AidansRepo/TeensySwerve/install/unique_identifier_msgs:/home/aidan/GitHub/AidansRepo/TeensySwerve/install/builtin_interfaces:/home/aidan/GitHub/AidansRepo/TeensySwerve/install/tnsy_interfaces:/home/aidan/microros_ws/install/micro_ros_setup:/home/aidan/microros_ws/install/micro_ros_agent:/home/aidan/microros_ws/install/micro_ros_msgs:/home/aidan/GitHub/AidansRepo/TeensySwerve/install/tnsy_swrv_controller:/opt/ros/humble LD_LIBRARY_PATH=/home/aidan/GitHub/AidansRepo/TeensySwerve/install/rclc/lib:/home/aidan/GitHub/AidansRepo/TeensySwerve/install/example_interfaces/lib:/home/aidan/GitHub/AidansRepo/TeensySwerve/install/std_msgs/lib:/home/aidan/GitHub/AidansRepo/TeensySwerve/install/rcl_interfaces/lib:/home/aidan/GitHub/AidansRepo/TeensySwerve/install/action_msgs/lib:/home/aidan/GitHub/AidansRepo/TeensySwerve/install/unique_identifier_msgs/lib:/home/aidan/GitHub/AidansRepo/TeensySwerve/install/builtin_interfaces/lib:${LD_LIBRARY_PATH} PYTHONPATH=/home/aidan/GitHub/AidansRepo/TeensySwerve/install/example_interfaces/local/lib/python3.10/dist-packages:/home/aidan/GitHub/AidansRepo/TeensySwerve/install/std_msgs/local/lib/python3.10/dist-packages:/home/aidan/GitHub/AidansRepo/TeensySwerve/install/rcl_interfaces/local/lib/python3.10/dist-packages:/home/aidan/GitHub/AidansRepo/TeensySwerve/install/action_msgs/local/lib/python3.10/dist-packages:/home/aidan/GitHub/AidansRepo/TeensySwerve/install/unique_identifier_msgs/local/lib/python3.10/dist-packages:/home/aidan/GitHub/AidansRepo/TeensySwerve/install/builtin_interfaces/local/lib/python3.10/dist-packages:${PYTHONPATH} /usr/bin/cmake --install /home/aidan/GitHub/AidansRepo/TeensySwerve/build/rclc_parameter
