[0.094s] Invoking command in '/home/aidan/GitHub/AidansRepo/TeensySwerve/build/diagnostic_msgs': AMENT_PREFIX_PATH=/home/aidan/GitHub/AidansRepo/TeensySwerve/install/geometry_msgs:/home/aidan/GitHub/AidansRepo/TeensySwerve/install/std_msgs:/home/aidan/GitHub/AidansRepo/TeensySwerve/install/builtin_interfaces:${AMENT_PREFIX_PATH} CMAKE_PREFIX_PATH=/home/aidan/GitHub/AidansRepo/TeensySwerve/install/geometry_msgs:/home/aidan/GitHub/AidansRepo/TeensySwerve/install/std_msgs:/home/aidan/GitHub/AidansRepo/TeensySwerve/install/builtin_interfaces:/home/aidan/GitHub/AidansRepo/TeensySwerve/install/tnsy_interfaces:/home/aidan/microros_ws/install/micro_ros_setup:/home/aidan/microros_ws/install/micro_ros_agent:/home/aidan/microros_ws/install/micro_ros_msgs:/home/aidan/GitHub/AidansRepo/TeensySwerve/install/tnsy_swrv_controller:/opt/ros/humble LD_LIBRARY_PATH=/home/aidan/GitHub/AidansRepo/TeensySwerve/install/geometry_msgs/lib:/home/aidan/GitHub/AidansRepo/TeensySwerve/install/std_msgs/lib:/home/aidan/GitHub/AidansRepo/TeensySwerve/install/builtin_interfaces/lib:${LD_LIBRARY_PATH} PYTHONPATH=/home/aidan/GitHub/AidansRepo/TeensySwerve/install/geometry_msgs/local/lib/python3.10/dist-packages:/home/aidan/GitHub/AidansRepo/TeensySwerve/install/std_msgs/local/lib/python3.10/dist-packages:/home/aidan/GitHub/AidansRepo/TeensySwerve/install/builtin_interfaces/local/lib/python3.10/dist-packages:${PYTHONPATH} /usr/bin/cmake --build /home/aidan/GitHub/AidansRepo/TeensySwerve/build/diagnostic_msgs -- -j4 -l4
[0.397s] [  1%] Built target diagnostic_msgs__cpp
[0.595s] [  1%] Built target ament_cmake_python_copy_diagnostic_msgs
[0.646s] [35m[1mConsolidate compiler generated dependencies of target diagnostic_msgs__rosidl_typesupport_fastrtps_cpp[0m
[0.747s] [ 12%] Built target diagnostic_msgs__rosidl_typesupport_fastrtps_cpp
[0.815s] [35m[1mConsolidate compiler generated dependencies of target diagnostic_msgs__rosidl_typesupport_introspection_cpp[0m
[0.928s] [ 23%] Built target diagnostic_msgs__rosidl_typesupport_introspection_cpp
[2.654s] running egg_info
[2.654s] writing diagnostic_msgs.egg-info/PKG-INFO
[2.654s] writing dependency_links to diagnostic_msgs.egg-info/dependency_links.txt
[2.654s] writing top-level names to diagnostic_msgs.egg-info/top_level.txt
[2.660s] reading manifest file 'diagnostic_msgs.egg-info/SOURCES.txt'
[2.664s] writing manifest file 'diagnostic_msgs.egg-info/SOURCES.txt'
[2.811s] [ 23%] Built target ament_cmake_python_build_diagnostic_msgs_egg
[2.868s] [35m[1mConsolidate compiler generated dependencies of target diagnostic_msgs__rosidl_typesupport_cpp[0m
[2.977s] [ 34%] Built target diagnostic_msgs__rosidl_typesupport_cpp
[3.017s] [35m[1mConsolidate compiler generated dependencies of target diagnostic_msgs__rosidl_generator_c[0m
[3.080s] [ 46%] Built target diagnostic_msgs__rosidl_generator_c
[3.151s] [35m[1mConsolidate compiler generated dependencies of target diagnostic_msgs__rosidl_typesupport_fastrtps_c[0m
[3.245s] [ 57%] Built target diagnostic_msgs__rosidl_typesupport_fastrtps_c
[3.316s] [35m[1mConsolidate compiler generated dependencies of target diagnostic_msgs__rosidl_typesupport_c[0m
[3.408s] [ 68%] Built target diagnostic_msgs__rosidl_typesupport_c
[3.461s] [35m[1mConsolidate compiler generated dependencies of target diagnostic_msgs__rosidl_typesupport_introspection_c[0m
[3.536s] [ 79%] Built target diagnostic_msgs__rosidl_typesupport_introspection_c
[3.625s] [ 79%] Built target diagnostic_msgs
[3.745s] [ 80%] Built target diagnostic_msgs__py
[3.794s] [35m[1mConsolidate compiler generated dependencies of target diagnostic_msgs__rosidl_generator_py[0m
[3.911s] [ 90%] Built target diagnostic_msgs__rosidl_generator_py
[4.000s] [35m[1mConsolidate compiler generated dependencies of target diagnostic_msgs__rosidl_typesupport_fastrtps_c__pyext[0m
[4.120s] [ 93%] Built target diagnostic_msgs__rosidl_typesupport_fastrtps_c__pyext
[4.201s] [35m[1mConsolidate compiler generated dependencies of target diagnostic_msgs__rosidl_typesupport_c__pyext[0m
[4.302s] [ 96%] Built target diagnostic_msgs__rosidl_typesupport_c__pyext
[4.345s] [35m[1mConsolidate compiler generated dependencies of target diagnostic_msgs__rosidl_typesupport_introspection_c__pyext[0m
[4.420s] [100%] Built target diagnostic_msgs__rosidl_typesupport_introspection_c__pyext
[4.526s] Invoked command in '/home/aidan/GitHub/AidansRepo/TeensySwerve/build/diagnostic_msgs' returned '0': AMENT_PREFIX_PATH=/home/aidan/GitHub/AidansRepo/TeensySwerve/install/geometry_msgs:/home/aidan/GitHub/AidansRepo/TeensySwerve/install/std_msgs:/home/aidan/GitHub/AidansRepo/TeensySwerve/install/builtin_interfaces:${AMENT_PREFIX_PATH} CMAKE_PREFIX_PATH=/home/aidan/GitHub/AidansRepo/TeensySwerve/install/geometry_msgs:/home/aidan/GitHub/AidansRepo/TeensySwerve/install/std_msgs:/home/aidan/GitHub/AidansRepo/TeensySwerve/install/builtin_interfaces:/home/aidan/GitHub/AidansRepo/TeensySwerve/install/tnsy_interfaces:/home/aidan/microros_ws/install/micro_ros_setup:/home/aidan/microros_ws/install/micro_ros_agent:/home/aidan/microros_ws/install/micro_ros_msgs:/home/aidan/GitHub/AidansRepo/TeensySwerve/install/tnsy_swrv_controller:/opt/ros/humble LD_LIBRARY_PATH=/home/aidan/GitHub/AidansRepo/TeensySwerve/install/geometry_msgs/lib:/home/aidan/GitHub/AidansRepo/TeensySwerve/install/std_msgs/lib:/home/aidan/GitHub/AidansRepo/TeensySwerve/install/builtin_interfaces/lib:${LD_LIBRARY_PATH} PYTHONPATH=/home/aidan/GitHub/AidansRepo/TeensySwerve/install/geometry_msgs/local/lib/python3.10/dist-packages:/home/aidan/GitHub/AidansRepo/TeensySwerve/install/std_msgs/local/lib/python3.10/dist-packages:/home/aidan/GitHub/AidansRepo/TeensySwerve/install/builtin_interfaces/local/lib/python3.10/dist-packages:${PYTHONPATH} /usr/bin/cmake --build /home/aidan/GitHub/AidansRepo/TeensySwerve/build/diagnostic_msgs -- -j4 -l4
[5.465s] Invoking command in '/home/aidan/GitHub/AidansRepo/TeensySwerve/build/diagnostic_msgs': AMENT_PREFIX_PATH=/home/aidan/GitHub/AidansRepo/TeensySwerve/install/geometry_msgs:/home/aidan/GitHub/AidansRepo/TeensySwerve/install/std_msgs:/home/aidan/GitHub/AidansRepo/TeensySwerve/install/builtin_interfaces:${AMENT_PREFIX_PATH} CMAKE_PREFIX_PATH=/home/aidan/GitHub/AidansRepo/TeensySwerve/install/geometry_msgs:/home/aidan/GitHub/AidansRepo/TeensySwerve/install/std_msgs:/home/aidan/GitHub/AidansRepo/TeensySwerve/install/builtin_interfaces:/home/aidan/GitHub/AidansRepo/TeensySwerve/install/tnsy_interfaces:/home/aidan/microros_ws/install/micro_ros_setup:/home/aidan/microros_ws/install/micro_ros_agent:/home/aidan/microros_ws/install/micro_ros_msgs:/home/aidan/GitHub/AidansRepo/TeensySwerve/install/tnsy_swrv_controller:/opt/ros/humble LD_LIBRARY_PATH=/home/aidan/GitHub/AidansRepo/TeensySwerve/install/geometry_msgs/lib:/home/aidan/GitHub/AidansRepo/TeensySwerve/install/std_msgs/lib:/home/aidan/GitHub/AidansRepo/TeensySwerve/install/builtin_interfaces/lib:${LD_LIBRARY_PATH} PYTHONPATH=/home/aidan/GitHub/AidansRepo/TeensySwerve/install/geometry_msgs/local/lib/python3.10/dist-packages:/home/aidan/GitHub/AidansRepo/TeensySwerve/install/std_msgs/local/lib/python3.10/dist-packages:/home/aidan/GitHub/AidansRepo/TeensySwerve/install/builtin_interfaces/local/lib/python3.10/dist-packages:${PYTHONPATH} /usr/bin/cmake --install /home/aidan/GitHub/AidansRepo/TeensySwerve/build/diagnostic_msgs
[5.498s] -- Install configuration: ""
[5.499s] -- Up-to-date: /home/aidan/GitHub/AidansRepo/TeensySwerve/install/diagnostic_msgs/share/ament_index/resource_index/rosidl_interfaces/diagnostic_msgs
[5.501s] -- Up-to-date: /home/aidan/GitHub/AidansRepo/TeensySwerve/install/diagnostic_msgs/include/diagnostic_msgs/diagnostic_msgs
[5.502s] -- Up-to-date: /home/aidan/GitHub/AidansRepo/TeensySwerve/install/diagnostic_msgs/include/diagnostic_msgs/diagnostic_msgs/srv
[5.502s] -- Up-to-date: /home/aidan/GitHub/AidansRepo/TeensySwerve/install/diagnostic_msgs/include/diagnostic_msgs/diagnostic_msgs/srv/add_diagnostics.h
[5.502s] -- Up-to-date: /home/aidan/GitHub/AidansRepo/TeensySwerve/install/diagnostic_msgs/include/diagnostic_msgs/diagnostic_msgs/srv/detail
[5.504s] -- Up-to-date: /home/aidan/GitHub/AidansRepo/TeensySwerve/install/diagnostic_msgs/include/diagnostic_msgs/diagnostic_msgs/srv/detail/self_test__functions.c
[5.508s] -- Up-to-date: /home/aidan/GitHub/AidansRepo/TeensySwerve/install/diagnostic_msgs/include/diagnostic_msgs/diagnostic_msgs/srv/detail/add_diagnostics__struct.h
[5.508s] -- Up-to-date: /home/aidan/GitHub/AidansRepo/TeensySwerve/install/diagnostic_msgs/include/diagnostic_msgs/diagnostic_msgs/srv/detail/self_test__struct.h
[5.509s] -- Up-to-date: /home/aidan/GitHub/AidansRepo/TeensySwerve/install/diagnostic_msgs/include/diagnostic_msgs/diagnostic_msgs/srv/detail/add_diagnostics__functions.h
[5.509s] -- Up-to-date: /home/aidan/GitHub/AidansRepo/TeensySwerve/install/diagnostic_msgs/include/diagnostic_msgs/diagnostic_msgs/srv/detail/add_diagnostics__functions.c
[5.510s] -- Up-to-date: /home/aidan/GitHub/AidansRepo/TeensySwerve/install/diagnostic_msgs/include/diagnostic_msgs/diagnostic_msgs/srv/detail/add_diagnostics__type_support.h
[5.510s] -- Up-to-date: /home/aidan/GitHub/AidansRepo/TeensySwerve/install/diagnostic_msgs/include/diagnostic_msgs/diagnostic_msgs/srv/detail/self_test__type_support.h
[5.514s] -- Up-to-date: /home/aidan/GitHub/AidansRepo/TeensySwerve/install/diagnostic_msgs/include/diagnostic_msgs/diagnostic_msgs/srv/detail/self_test__functions.h
[5.514s] -- Up-to-date: /home/aidan/GitHub/AidansRepo/TeensySwerve/install/diagnostic_msgs/include/diagnostic_msgs/diagnostic_msgs/srv/self_test.h
[5.518s] -- Up-to-date: /home/aidan/GitHub/AidansRepo/TeensySwerve/install/diagnostic_msgs/include/diagnostic_msgs/diagnostic_msgs/msg
[5.522s] -- Up-to-date: /home/aidan/GitHub/AidansRepo/TeensySwerve/install/diagnostic_msgs/include/diagnostic_msgs/diagnostic_msgs/msg/key_value.h
[5.523s] -- Up-to-date: /home/aidan/GitHub/AidansRepo/TeensySwerve/install/diagnostic_msgs/include/diagnostic_msgs/diagnostic_msgs/msg/rosidl_generator_c__visibility_control.h
[5.523s] -- Up-to-date: /home/aidan/GitHub/AidansRepo/TeensySwerve/install/diagnostic_msgs/include/diagnostic_msgs/diagnostic_msgs/msg/detail
[5.523s] -- Up-to-date: /home/aidan/GitHub/AidansRepo/TeensySwerve/install/diagnostic_msgs/include/diagnostic_msgs/diagnostic_msgs/msg/detail/diagnostic_status__functions.h
[5.523s] -- Up-to-date: /home/aidan/GitHub/AidansRepo/TeensySwerve/install/diagnostic_msgs/include/diagnostic_msgs/diagnostic_msgs/msg/detail/key_value__functions.h
[5.523s] -- Up-to-date: /home/aidan/GitHub/AidansRepo/TeensySwerve/install/diagnostic_msgs/include/diagnostic_msgs/diagnostic_msgs/msg/detail/diagnostic_status__type_support.h
[5.523s] -- Up-to-date: /home/aidan/GitHub/AidansRepo/TeensySwerve/install/diagnostic_msgs/include/diagnostic_msgs/diagnostic_msgs/msg/detail/diagnostic_array__type_support.h
[5.524s] -- Up-to-date: /home/aidan/GitHub/AidansRepo/TeensySwerve/install/diagnostic_msgs/include/diagnostic_msgs/diagnostic_msgs/msg/detail/key_value__functions.c
[5.524s] -- Up-to-date: /home/aidan/GitHub/AidansRepo/TeensySwerve/install/diagnostic_msgs/include/diagnostic_msgs/diagnostic_msgs/msg/detail/diagnostic_array__functions.c
[5.524s] -- Up-to-date: /home/aidan/GitHub/AidansRepo/TeensySwerve/install/diagnostic_msgs/include/diagnostic_msgs/diagnostic_msgs/msg/detail/diagnostic_status__functions.c
[5.524s] -- Up-to-date: /home/aidan/GitHub/AidansRepo/TeensySwerve/install/diagnostic_msgs/include/diagnostic_msgs/diagnostic_msgs/msg/detail/key_value__struct.h
[5.524s] -- Up-to-date: /home/aidan/GitHub/AidansRepo/TeensySwerve/install/diagnostic_msgs/include/diagnostic_msgs/diagnostic_msgs/msg/detail/diagnostic_array__struct.h
[5.528s] -- Up-to-date: /home/aidan/GitHub/AidansRepo/TeensySwerve/install/diagnostic_msgs/include/diagnostic_msgs/diagnostic_msgs/msg/detail/key_value__type_support.h
[5.529s] -- Up-to-date: /home/aidan/GitHub/AidansRepo/TeensySwerve/install/diagnostic_msgs/include/diagnostic_msgs/diagnostic_msgs/msg/detail/diagnostic_status__struct.h
[5.529s] -- Up-to-date: /home/aidan/GitHub/AidansRepo/TeensySwerve/install/diagnostic_msgs/include/diagnostic_msgs/diagnostic_msgs/msg/detail/diagnostic_array__functions.h
[5.529s] -- Up-to-date: /home/aidan/GitHub/AidansRepo/TeensySwerve/install/diagnostic_msgs/include/diagnostic_msgs/diagnostic_msgs/msg/diagnostic_status.h
[5.530s] -- Up-to-date: /home/aidan/GitHub/AidansRepo/TeensySwerve/install/diagnostic_msgs/include/diagnostic_msgs/diagnostic_msgs/msg/diagnostic_array.h
[5.532s] -- Up-to-date: /home/aidan/GitHub/AidansRepo/TeensySwerve/install/diagnostic_msgs/share/diagnostic_msgs/environment/library_path.sh
[5.533s] -- Up-to-date: /home/aidan/GitHub/AidansRepo/TeensySwerve/install/diagnostic_msgs/share/diagnostic_msgs/environment/library_path.dsv
[5.535s] -- Up-to-date: /home/aidan/GitHub/AidansRepo/TeensySwerve/install/diagnostic_msgs/lib/libdiagnostic_msgs__rosidl_generator_c.so
[5.537s] -- Up-to-date: /home/aidan/GitHub/AidansRepo/TeensySwerve/install/diagnostic_msgs/include/diagnostic_msgs/diagnostic_msgs
[5.537s] -- Up-to-date: /home/aidan/GitHub/AidansRepo/TeensySwerve/install/diagnostic_msgs/include/diagnostic_msgs/diagnostic_msgs/srv
[5.537s] -- Up-to-date: /home/aidan/GitHub/AidansRepo/TeensySwerve/install/diagnostic_msgs/include/diagnostic_msgs/diagnostic_msgs/srv/detail
[5.538s] -- Up-to-date: /home/aidan/GitHub/AidansRepo/TeensySwerve/install/diagnostic_msgs/include/diagnostic_msgs/diagnostic_msgs/srv/detail/self_test__rosidl_typesupport_fastrtps_c.h
[5.538s] -- Up-to-date: /home/aidan/GitHub/AidansRepo/TeensySwerve/install/diagnostic_msgs/include/diagnostic_msgs/diagnostic_msgs/srv/detail/add_diagnostics__rosidl_typesupport_fastrtps_c.h
[5.538s] -- Up-to-date: /home/aidan/GitHub/AidansRepo/TeensySwerve/install/diagnostic_msgs/include/diagnostic_msgs/diagnostic_msgs/msg
[5.538s] -- Up-to-date: /home/aidan/GitHub/AidansRepo/TeensySwerve/install/diagnostic_msgs/include/diagnostic_msgs/diagnostic_msgs/msg/rosidl_typesupport_fastrtps_c__visibility_control.h
[5.538s] -- Up-to-date: /home/aidan/GitHub/AidansRepo/TeensySwerve/install/diagnostic_msgs/include/diagnostic_msgs/diagnostic_msgs/msg/detail
[5.539s] -- Up-to-date: /home/aidan/GitHub/AidansRepo/TeensySwerve/install/diagnostic_msgs/include/diagnostic_msgs/diagnostic_msgs/msg/detail/key_value__rosidl_typesupport_fastrtps_c.h
[5.539s] -- Up-to-date: /home/aidan/GitHub/AidansRepo/TeensySwerve/install/diagnostic_msgs/include/diagnostic_msgs/diagnostic_msgs/msg/detail/diagnostic_status__rosidl_typesupport_fastrtps_c.h
[5.539s] -- Up-to-date: /home/aidan/GitHub/AidansRepo/TeensySwerve/install/diagnostic_msgs/include/diagnostic_msgs/diagnostic_msgs/msg/detail/diagnostic_array__rosidl_typesupport_fastrtps_c.h
[5.542s] -- Up-to-date: /home/aidan/GitHub/AidansRepo/TeensySwerve/install/diagnostic_msgs/lib/libdiagnostic_msgs__rosidl_typesupport_fastrtps_c.so
[5.545s] -- Up-to-date: /home/aidan/GitHub/AidansRepo/TeensySwerve/install/diagnostic_msgs/include/diagnostic_msgs/diagnostic_msgs
[5.545s] -- Up-to-date: /home/aidan/GitHub/AidansRepo/TeensySwerve/install/diagnostic_msgs/include/diagnostic_msgs/diagnostic_msgs/srv
[5.546s] -- Up-to-date: /home/aidan/GitHub/AidansRepo/TeensySwerve/install/diagnostic_msgs/include/diagnostic_msgs/diagnostic_msgs/srv/detail
[5.546s] -- Up-to-date: /home/aidan/GitHub/AidansRepo/TeensySwerve/install/diagnostic_msgs/include/diagnostic_msgs/diagnostic_msgs/srv/detail/add_diagnostics__type_support.c
[5.547s] -- Up-to-date: /home/aidan/GitHub/AidansRepo/TeensySwerve/install/diagnostic_msgs/include/diagnostic_msgs/diagnostic_msgs/srv/detail/self_test__rosidl_typesupport_introspection_c.h
[5.547s] -- Up-to-date: /home/aidan/GitHub/AidansRepo/TeensySwerve/install/diagnostic_msgs/include/diagnostic_msgs/diagnostic_msgs/srv/detail/self_test__type_support.c
[5.548s] -- Up-to-date: /home/aidan/GitHub/AidansRepo/TeensySwerve/install/diagnostic_msgs/include/diagnostic_msgs/diagnostic_msgs/srv/detail/add_diagnostics__rosidl_typesupport_introspection_c.h
[5.548s] -- Up-to-date: /home/aidan/GitHub/AidansRepo/TeensySwerve/install/diagnostic_msgs/include/diagnostic_msgs/diagnostic_msgs/msg
[5.551s] -- Up-to-date: /home/aidan/GitHub/AidansRepo/TeensySwerve/install/diagnostic_msgs/include/diagnostic_msgs/diagnostic_msgs/msg/detail
[5.552s] -- Up-to-date: /home/aidan/GitHub/AidansRepo/TeensySwerve/install/diagnostic_msgs/include/diagnostic_msgs/diagnostic_msgs/msg/detail/diagnostic_array__rosidl_typesupport_introspection_c.h
[5.553s] -- Up-to-date: /home/aidan/GitHub/AidansRepo/TeensySwerve/install/diagnostic_msgs/include/diagnostic_msgs/diagnostic_msgs/msg/detail/diagnostic_array__type_support.c
[5.553s] -- Up-to-date: /home/aidan/GitHub/AidansRepo/TeensySwerve/install/diagnostic_msgs/include/diagnostic_msgs/diagnostic_msgs/msg/detail/key_value__rosidl_typesupport_introspection_c.h
[5.553s] -- Up-to-date: /home/aidan/GitHub/AidansRepo/TeensySwerve/install/diagnostic_msgs/include/diagnostic_msgs/diagnostic_msgs/msg/detail/diagnostic_status__rosidl_typesupport_introspection_c.h
[5.553s] -- Up-to-date: /home/aidan/GitHub/AidansRepo/TeensySwerve/install/diagnostic_msgs/include/diagnostic_msgs/diagnostic_msgs/msg/detail/diagnostic_status__type_support.c
[5.559s] -- Up-to-date: /home/aidan/GitHub/AidansRepo/TeensySwerve/install/diagnostic_msgs/include/diagnostic_msgs/diagnostic_msgs/msg/detail/key_value__type_support.c
[5.559s] -- Up-to-date: /home/aidan/GitHub/AidansRepo/TeensySwerve/install/diagnostic_msgs/include/diagnostic_msgs/diagnostic_msgs/msg/rosidl_typesupport_introspection_c__visibility_control.h
[5.559s] -- Up-to-date: /home/aidan/GitHub/AidansRepo/TeensySwerve/install/diagnostic_msgs/lib/libdiagnostic_msgs__rosidl_typesupport_introspection_c.so
[5.559s] -- Up-to-date: /home/aidan/GitHub/AidansRepo/TeensySwerve/install/diagnostic_msgs/lib/libdiagnostic_msgs__rosidl_typesupport_c.so
[5.559s] -- Up-to-date: /home/aidan/GitHub/AidansRepo/TeensySwerve/install/diagnostic_msgs/include/diagnostic_msgs/diagnostic_msgs
[5.560s] -- Up-to-date: /home/aidan/GitHub/AidansRepo/TeensySwerve/install/diagnostic_msgs/include/diagnostic_msgs/diagnostic_msgs/srv
[5.560s] -- Up-to-date: /home/aidan/GitHub/AidansRepo/TeensySwerve/install/diagnostic_msgs/include/diagnostic_msgs/diagnostic_msgs/srv/add_diagnostics.hpp
[5.561s] -- Up-to-date: /home/aidan/GitHub/AidansRepo/TeensySwerve/install/diagnostic_msgs/include/diagnostic_msgs/diagnostic_msgs/srv/self_test.hpp
[5.561s] -- Up-to-date: /home/aidan/GitHub/AidansRepo/TeensySwerve/install/diagnostic_msgs/include/diagnostic_msgs/diagnostic_msgs/srv/detail
[5.562s] -- Up-to-date: /home/aidan/GitHub/AidansRepo/TeensySwerve/install/diagnostic_msgs/include/diagnostic_msgs/diagnostic_msgs/srv/detail/add_diagnostics__struct.hpp
[5.562s] -- Up-to-date: /home/aidan/GitHub/AidansRepo/TeensySwerve/install/diagnostic_msgs/include/diagnostic_msgs/diagnostic_msgs/srv/detail/self_test__struct.hpp
[5.562s] -- Up-to-date: /home/aidan/GitHub/AidansRepo/TeensySwerve/install/diagnostic_msgs/include/diagnostic_msgs/diagnostic_msgs/srv/detail/add_diagnostics__traits.hpp
[5.562s] -- Up-to-date: /home/aidan/GitHub/AidansRepo/TeensySwerve/install/diagnostic_msgs/include/diagnostic_msgs/diagnostic_msgs/srv/detail/self_test__traits.hpp
[5.563s] -- Up-to-date: /home/aidan/GitHub/AidansRepo/TeensySwerve/install/diagnostic_msgs/include/diagnostic_msgs/diagnostic_msgs/srv/detail/add_diagnostics__builder.hpp
[5.564s] -- Up-to-date: /home/aidan/GitHub/AidansRepo/TeensySwerve/install/diagnostic_msgs/include/diagnostic_msgs/diagnostic_msgs/srv/detail/self_test__type_support.hpp
[5.566s] -- Up-to-date: /home/aidan/GitHub/AidansRepo/TeensySwerve/install/diagnostic_msgs/include/diagnostic_msgs/diagnostic_msgs/srv/detail/self_test__builder.hpp
[5.568s] -- Up-to-date: /home/aidan/GitHub/AidansRepo/TeensySwerve/install/diagnostic_msgs/include/diagnostic_msgs/diagnostic_msgs/srv/detail/add_diagnostics__type_support.hpp
[5.572s] -- Up-to-date: /home/aidan/GitHub/AidansRepo/TeensySwerve/install/diagnostic_msgs/include/diagnostic_msgs/diagnostic_msgs/msg
[5.572s] -- Up-to-date: /home/aidan/GitHub/AidansRepo/TeensySwerve/install/diagnostic_msgs/include/diagnostic_msgs/diagnostic_msgs/msg/diagnostic_array.hpp
[5.572s] -- Up-to-date: /home/aidan/GitHub/AidansRepo/TeensySwerve/install/diagnostic_msgs/include/diagnostic_msgs/diagnostic_msgs/msg/diagnostic_status.hpp
[5.572s] -- Up-to-date: /home/aidan/GitHub/AidansRepo/TeensySwerve/install/diagnostic_msgs/include/diagnostic_msgs/diagnostic_msgs/msg/key_value.hpp
[5.572s] -- Up-to-date: /home/aidan/GitHub/AidansRepo/TeensySwerve/install/diagnostic_msgs/include/diagnostic_msgs/diagnostic_msgs/msg/detail
[5.573s] -- Up-to-date: /home/aidan/GitHub/AidansRepo/TeensySwerve/install/diagnostic_msgs/include/diagnostic_msgs/diagnostic_msgs/msg/detail/diagnostic_status__struct.hpp
[5.573s] -- Up-to-date: /home/aidan/GitHub/AidansRepo/TeensySwerve/install/diagnostic_msgs/include/diagnostic_msgs/diagnostic_msgs/msg/detail/diagnostic_status__type_support.hpp
[5.573s] -- Up-to-date: /home/aidan/GitHub/AidansRepo/TeensySwerve/install/diagnostic_msgs/include/diagnostic_msgs/diagnostic_msgs/msg/detail/diagnostic_array__builder.hpp
[5.573s] -- Up-to-date: /home/aidan/GitHub/AidansRepo/TeensySwerve/install/diagnostic_msgs/include/diagnostic_msgs/diagnostic_msgs/msg/detail/key_value__traits.hpp
[5.573s] -- Up-to-date: /home/aidan/GitHub/AidansRepo/TeensySwerve/install/diagnostic_msgs/include/diagnostic_msgs/diagnostic_msgs/msg/detail/key_value__type_support.hpp
[5.573s] -- Up-to-date: /home/aidan/GitHub/AidansRepo/TeensySwerve/install/diagnostic_msgs/include/diagnostic_msgs/diagnostic_msgs/msg/detail/key_value__builder.hpp
[5.576s] -- Up-to-date: /home/aidan/GitHub/AidansRepo/TeensySwerve/install/diagnostic_msgs/include/diagnostic_msgs/diagnostic_msgs/msg/detail/diagnostic_array__traits.hpp
[5.578s] -- Up-to-date: /home/aidan/GitHub/AidansRepo/TeensySwerve/install/diagnostic_msgs/include/diagnostic_msgs/diagnostic_msgs/msg/detail/diagnostic_array__type_support.hpp
[5.578s] -- Up-to-date: /home/aidan/GitHub/AidansRepo/TeensySwerve/install/diagnostic_msgs/include/diagnostic_msgs/diagnostic_msgs/msg/detail/key_value__struct.hpp
[5.578s] -- Up-to-date: /home/aidan/GitHub/AidansRepo/TeensySwerve/install/diagnostic_msgs/include/diagnostic_msgs/diagnostic_msgs/msg/detail/diagnostic_status__traits.hpp
[5.578s] -- Up-to-date: /home/aidan/GitHub/AidansRepo/TeensySwerve/install/diagnostic_msgs/include/diagnostic_msgs/diagnostic_msgs/msg/detail/diagnostic_array__struct.hpp
[5.578s] -- Up-to-date: /home/aidan/GitHub/AidansRepo/TeensySwerve/install/diagnostic_msgs/include/diagnostic_msgs/diagnostic_msgs/msg/detail/diagnostic_status__builder.hpp
[5.578s] -- Up-to-date: /home/aidan/GitHub/AidansRepo/TeensySwerve/install/diagnostic_msgs/include/diagnostic_msgs/diagnostic_msgs/msg/rosidl_generator_cpp__visibility_control.hpp
[5.582s] -- Up-to-date: /home/aidan/GitHub/AidansRepo/TeensySwerve/install/diagnostic_msgs/include/diagnostic_msgs/diagnostic_msgs
[5.587s] -- Up-to-date: /home/aidan/GitHub/AidansRepo/TeensySwerve/install/diagnostic_msgs/include/diagnostic_msgs/diagnostic_msgs/srv
[5.587s] -- Up-to-date: /home/aidan/GitHub/AidansRepo/TeensySwerve/install/diagnostic_msgs/include/diagnostic_msgs/diagnostic_msgs/srv/detail
[5.587s] -- Up-to-date: /home/aidan/GitHub/AidansRepo/TeensySwerve/install/diagnostic_msgs/include/diagnostic_msgs/diagnostic_msgs/srv/detail/dds_fastrtps
[5.587s] -- Up-to-date: /home/aidan/GitHub/AidansRepo/TeensySwerve/install/diagnostic_msgs/include/diagnostic_msgs/diagnostic_msgs/srv/detail/add_diagnostics__rosidl_typesupport_fastrtps_cpp.hpp
[5.587s] -- Up-to-date: /home/aidan/GitHub/AidansRepo/TeensySwerve/install/diagnostic_msgs/include/diagnostic_msgs/diagnostic_msgs/srv/detail/self_test__rosidl_typesupport_fastrtps_cpp.hpp
[5.591s] -- Up-to-date: /home/aidan/GitHub/AidansRepo/TeensySwerve/install/diagnostic_msgs/include/diagnostic_msgs/diagnostic_msgs/msg
[5.592s] -- Up-to-date: /home/aidan/GitHub/AidansRepo/TeensySwerve/install/diagnostic_msgs/include/diagnostic_msgs/diagnostic_msgs/msg/rosidl_typesupport_fastrtps_cpp__visibility_control.h
[5.596s] -- Up-to-date: /home/aidan/GitHub/AidansRepo/TeensySwerve/install/diagnostic_msgs/include/diagnostic_msgs/diagnostic_msgs/msg/detail
[5.596s] -- Up-to-date: /home/aidan/GitHub/AidansRepo/TeensySwerve/install/diagnostic_msgs/include/diagnostic_msgs/diagnostic_msgs/msg/detail/key_value__rosidl_typesupport_fastrtps_cpp.hpp
[5.600s] -- Up-to-date: /home/aidan/GitHub/AidansRepo/TeensySwerve/install/diagnostic_msgs/include/diagnostic_msgs/diagnostic_msgs/msg/detail/dds_fastrtps
[5.604s] -- Up-to-date: /home/aidan/GitHub/AidansRepo/TeensySwerve/install/diagnostic_msgs/include/diagnostic_msgs/diagnostic_msgs/msg/detail/diagnostic_array__rosidl_typesupport_fastrtps_cpp.hpp
[5.604s] -- Up-to-date: /home/aidan/GitHub/AidansRepo/TeensySwerve/install/diagnostic_msgs/include/diagnostic_msgs/diagnostic_msgs/msg/detail/diagnostic_status__rosidl_typesupport_fastrtps_cpp.hpp
[5.604s] -- Up-to-date: /home/aidan/GitHub/AidansRepo/TeensySwerve/install/diagnostic_msgs/lib/libdiagnostic_msgs__rosidl_typesupport_fastrtps_cpp.so
[5.604s] -- Up-to-date: /home/aidan/GitHub/AidansRepo/TeensySwerve/install/diagnostic_msgs/include/diagnostic_msgs/diagnostic_msgs
[5.604s] -- Up-to-date: /home/aidan/GitHub/AidansRepo/TeensySwerve/install/diagnostic_msgs/include/diagnostic_msgs/diagnostic_msgs/srv
[5.605s] -- Up-to-date: /home/aidan/GitHub/AidansRepo/TeensySwerve/install/diagnostic_msgs/include/diagnostic_msgs/diagnostic_msgs/srv/detail
[5.605s] -- Up-to-date: /home/aidan/GitHub/AidansRepo/TeensySwerve/install/diagnostic_msgs/include/diagnostic_msgs/diagnostic_msgs/srv/detail/self_test__type_support.cpp
[5.605s] -- Up-to-date: /home/aidan/GitHub/AidansRepo/TeensySwerve/install/diagnostic_msgs/include/diagnostic_msgs/diagnostic_msgs/srv/detail/add_diagnostics__rosidl_typesupport_introspection_cpp.hpp
[5.605s] -- Up-to-date: /home/aidan/GitHub/AidansRepo/TeensySwerve/install/diagnostic_msgs/include/diagnostic_msgs/diagnostic_msgs/srv/detail/add_diagnostics__type_support.cpp
[5.605s] -- Up-to-date: /home/aidan/GitHub/AidansRepo/TeensySwerve/install/diagnostic_msgs/include/diagnostic_msgs/diagnostic_msgs/srv/detail/self_test__rosidl_typesupport_introspection_cpp.hpp
[5.613s] -- Up-to-date: /home/aidan/GitHub/AidansRepo/TeensySwerve/install/diagnostic_msgs/include/diagnostic_msgs/diagnostic_msgs/msg
[5.613s] -- Up-to-date: /home/aidan/GitHub/AidansRepo/TeensySwerve/install/diagnostic_msgs/include/diagnostic_msgs/diagnostic_msgs/msg/detail
[5.613s] -- Up-to-date: /home/aidan/GitHub/AidansRepo/TeensySwerve/install/diagnostic_msgs/include/diagnostic_msgs/diagnostic_msgs/msg/detail/key_value__type_support.cpp
[5.613s] -- Up-to-date: /home/aidan/GitHub/AidansRepo/TeensySwerve/install/diagnostic_msgs/include/diagnostic_msgs/diagnostic_msgs/msg/detail/diagnostic_status__rosidl_typesupport_introspection_cpp.hpp
[5.613s] -- Up-to-date: /home/aidan/GitHub/AidansRepo/TeensySwerve/install/diagnostic_msgs/include/diagnostic_msgs/diagnostic_msgs/msg/detail/key_value__rosidl_typesupport_introspection_cpp.hpp
[5.614s] -- Up-to-date: /home/aidan/GitHub/AidansRepo/TeensySwerve/install/diagnostic_msgs/include/diagnostic_msgs/diagnostic_msgs/msg/detail/diagnostic_status__type_support.cpp
[5.614s] -- Up-to-date: /home/aidan/GitHub/AidansRepo/TeensySwerve/install/diagnostic_msgs/include/diagnostic_msgs/diagnostic_msgs/msg/detail/diagnostic_array__rosidl_typesupport_introspection_cpp.hpp
[5.614s] -- Up-to-date: /home/aidan/GitHub/AidansRepo/TeensySwerve/install/diagnostic_msgs/include/diagnostic_msgs/diagnostic_msgs/msg/detail/diagnostic_array__type_support.cpp
[5.614s] -- Up-to-date: /home/aidan/GitHub/AidansRepo/TeensySwerve/install/diagnostic_msgs/lib/libdiagnostic_msgs__rosidl_typesupport_introspection_cpp.so
[5.614s] -- Up-to-date: /home/aidan/GitHub/AidansRepo/TeensySwerve/install/diagnostic_msgs/lib/libdiagnostic_msgs__rosidl_typesupport_cpp.so
[5.614s] -- Up-to-date: /home/aidan/GitHub/AidansRepo/TeensySwerve/install/diagnostic_msgs/share/diagnostic_msgs/environment/pythonpath.sh
[5.621s] -- Up-to-date: /home/aidan/GitHub/AidansRepo/TeensySwerve/install/diagnostic_msgs/share/diagnostic_msgs/environment/pythonpath.dsv
[5.622s] -- Up-to-date: /home/aidan/GitHub/AidansRepo/TeensySwerve/install/diagnostic_msgs/local/lib/python3.10/dist-packages/diagnostic_msgs-4.8.0-py3.10.egg-info
[5.626s] -- Installing: /home/aidan/GitHub/AidansRepo/TeensySwerve/install/diagnostic_msgs/local/lib/python3.10/dist-packages/diagnostic_msgs-4.8.0-py3.10.egg-info/PKG-INFO
[5.627s] -- Installing: /home/aidan/GitHub/AidansRepo/TeensySwerve/install/diagnostic_msgs/local/lib/python3.10/dist-packages/diagnostic_msgs-4.8.0-py3.10.egg-info/SOURCES.txt
[5.627s] -- Installing: /home/aidan/GitHub/AidansRepo/TeensySwerve/install/diagnostic_msgs/local/lib/python3.10/dist-packages/diagnostic_msgs-4.8.0-py3.10.egg-info/dependency_links.txt
[5.627s] -- Installing: /home/aidan/GitHub/AidansRepo/TeensySwerve/install/diagnostic_msgs/local/lib/python3.10/dist-packages/diagnostic_msgs-4.8.0-py3.10.egg-info/top_level.txt
[5.631s] -- Up-to-date: /home/aidan/GitHub/AidansRepo/TeensySwerve/install/diagnostic_msgs/local/lib/python3.10/dist-packages/diagnostic_msgs
[5.631s] -- Up-to-date: /home/aidan/GitHub/AidansRepo/TeensySwerve/install/diagnostic_msgs/local/lib/python3.10/dist-packages/diagnostic_msgs/_diagnostic_msgs_s.ep.rosidl_typesupport_fastrtps_c.c
[5.632s] -- Up-to-date: /home/aidan/GitHub/AidansRepo/TeensySwerve/install/diagnostic_msgs/local/lib/python3.10/dist-packages/diagnostic_msgs/libdiagnostic_msgs__rosidl_generator_py.so
[5.635s] -- Up-to-date: /home/aidan/GitHub/AidansRepo/TeensySwerve/install/diagnostic_msgs/local/lib/python3.10/dist-packages/diagnostic_msgs/srv
[5.636s] -- Up-to-date: /home/aidan/GitHub/AidansRepo/TeensySwerve/install/diagnostic_msgs/local/lib/python3.10/dist-packages/diagnostic_msgs/srv/_self_test.py
[5.636s] -- Up-to-date: /home/aidan/GitHub/AidansRepo/TeensySwerve/install/diagnostic_msgs/local/lib/python3.10/dist-packages/diagnostic_msgs/srv/__init__.py
[5.636s] -- Up-to-date: /home/aidan/GitHub/AidansRepo/TeensySwerve/install/diagnostic_msgs/local/lib/python3.10/dist-packages/diagnostic_msgs/srv/_self_test_s.c
[5.636s] -- Up-to-date: /home/aidan/GitHub/AidansRepo/TeensySwerve/install/diagnostic_msgs/local/lib/python3.10/dist-packages/diagnostic_msgs/srv/_add_diagnostics.py
[5.636s] -- Up-to-date: /home/aidan/GitHub/AidansRepo/TeensySwerve/install/diagnostic_msgs/local/lib/python3.10/dist-packages/diagnostic_msgs/srv/_add_diagnostics_s.c
[5.637s] -- Up-to-date: /home/aidan/GitHub/AidansRepo/TeensySwerve/install/diagnostic_msgs/local/lib/python3.10/dist-packages/diagnostic_msgs/_diagnostic_msgs_s.ep.rosidl_typesupport_introspection_c.c
[5.637s] -- Up-to-date: /home/aidan/GitHub/AidansRepo/TeensySwerve/install/diagnostic_msgs/local/lib/python3.10/dist-packages/diagnostic_msgs/__init__.py
[5.637s] -- Up-to-date: /home/aidan/GitHub/AidansRepo/TeensySwerve/install/diagnostic_msgs/local/lib/python3.10/dist-packages/diagnostic_msgs/diagnostic_msgs_s__rosidl_typesupport_fastrtps_c.cpython-310-x86_64-linux-gnu.so
[5.637s] -- Up-to-date: /home/aidan/GitHub/AidansRepo/TeensySwerve/install/diagnostic_msgs/local/lib/python3.10/dist-packages/diagnostic_msgs/diagnostic_msgs_s__rosidl_typesupport_introspection_c.cpython-310-x86_64-linux-gnu.so
[5.637s] -- Up-to-date: /home/aidan/GitHub/AidansRepo/TeensySwerve/install/diagnostic_msgs/local/lib/python3.10/dist-packages/diagnostic_msgs/diagnostic_msgs_s__rosidl_typesupport_c.cpython-310-x86_64-linux-gnu.so
[5.638s] -- Up-to-date: /home/aidan/GitHub/AidansRepo/TeensySwerve/install/diagnostic_msgs/local/lib/python3.10/dist-packages/diagnostic_msgs/_diagnostic_msgs_s.ep.rosidl_typesupport_c.c
[5.638s] -- Up-to-date: /home/aidan/GitHub/AidansRepo/TeensySwerve/install/diagnostic_msgs/local/lib/python3.10/dist-packages/diagnostic_msgs/msg
[5.638s] -- Up-to-date: /home/aidan/GitHub/AidansRepo/TeensySwerve/install/diagnostic_msgs/local/lib/python3.10/dist-packages/diagnostic_msgs/msg/_diagnostic_status.py
[5.638s] -- Up-to-date: /home/aidan/GitHub/AidansRepo/TeensySwerve/install/diagnostic_msgs/local/lib/python3.10/dist-packages/diagnostic_msgs/msg/__init__.py
[5.638s] -- Up-to-date: /home/aidan/GitHub/AidansRepo/TeensySwerve/install/diagnostic_msgs/local/lib/python3.10/dist-packages/diagnostic_msgs/msg/_diagnostic_array.py
[5.639s] -- Up-to-date: /home/aidan/GitHub/AidansRepo/TeensySwerve/install/diagnostic_msgs/local/lib/python3.10/dist-packages/diagnostic_msgs/msg/_diagnostic_status_s.c
[5.639s] -- Up-to-date: /home/aidan/GitHub/AidansRepo/TeensySwerve/install/diagnostic_msgs/local/lib/python3.10/dist-packages/diagnostic_msgs/msg/_key_value_s.c
[5.639s] -- Up-to-date: /home/aidan/GitHub/AidansRepo/TeensySwerve/install/diagnostic_msgs/local/lib/python3.10/dist-packages/diagnostic_msgs/msg/_diagnostic_array_s.c
[5.639s] -- Up-to-date: /home/aidan/GitHub/AidansRepo/TeensySwerve/install/diagnostic_msgs/local/lib/python3.10/dist-packages/diagnostic_msgs/msg/_key_value.py
[5.659s] Listing '/home/aidan/GitHub/AidansRepo/TeensySwerve/install/diagnostic_msgs/local/lib/python3.10/dist-packages/diagnostic_msgs'...
[5.661s] Listing '/home/aidan/GitHub/AidansRepo/TeensySwerve/install/diagnostic_msgs/local/lib/python3.10/dist-packages/diagnostic_msgs/msg'...
[5.667s] Listing '/home/aidan/GitHub/AidansRepo/TeensySwerve/install/diagnostic_msgs/local/lib/python3.10/dist-packages/diagnostic_msgs/srv'...
[5.707s] -- Up-to-date: /home/aidan/GitHub/AidansRepo/TeensySwerve/install/diagnostic_msgs/local/lib/python3.10/dist-packages/diagnostic_msgs/diagnostic_msgs_s__rosidl_typesupport_fastrtps_c.cpython-310-x86_64-linux-gnu.so
[5.716s] -- Up-to-date: /home/aidan/GitHub/AidansRepo/TeensySwerve/install/diagnostic_msgs/local/lib/python3.10/dist-packages/diagnostic_msgs/diagnostic_msgs_s__rosidl_typesupport_introspection_c.cpython-310-x86_64-linux-gnu.so
[5.717s] -- Up-to-date: /home/aidan/GitHub/AidansRepo/TeensySwerve/install/diagnostic_msgs/local/lib/python3.10/dist-packages/diagnostic_msgs/diagnostic_msgs_s__rosidl_typesupport_c.cpython-310-x86_64-linux-gnu.so
[5.717s] -- Up-to-date: /home/aidan/GitHub/AidansRepo/TeensySwerve/install/diagnostic_msgs/lib/libdiagnostic_msgs__rosidl_generator_py.so
[5.717s] -- Up-to-date: /home/aidan/GitHub/AidansRepo/TeensySwerve/install/diagnostic_msgs/share/diagnostic_msgs/msg/DiagnosticArray.idl
[5.722s] -- Up-to-date: /home/aidan/GitHub/AidansRepo/TeensySwerve/install/diagnostic_msgs/share/diagnostic_msgs/msg/DiagnosticStatus.idl
[5.726s] -- Up-to-date: /home/aidan/GitHub/AidansRepo/TeensySwerve/install/diagnostic_msgs/share/diagnostic_msgs/msg/KeyValue.idl
[5.727s] -- Up-to-date: /home/aidan/GitHub/AidansRepo/TeensySwerve/install/diagnostic_msgs/share/diagnostic_msgs/srv/AddDiagnostics.idl
[5.731s] -- Up-to-date: /home/aidan/GitHub/AidansRepo/TeensySwerve/install/diagnostic_msgs/share/diagnostic_msgs/srv/SelfTest.idl
[5.732s] -- Up-to-date: /home/aidan/GitHub/AidansRepo/TeensySwerve/install/diagnostic_msgs/share/diagnostic_msgs/msg/DiagnosticArray.msg
[5.733s] -- Up-to-date: /home/aidan/GitHub/AidansRepo/TeensySwerve/install/diagnostic_msgs/share/diagnostic_msgs/msg/DiagnosticStatus.msg
[5.733s] -- Up-to-date: /home/aidan/GitHub/AidansRepo/TeensySwerve/install/diagnostic_msgs/share/diagnostic_msgs/msg/KeyValue.msg
[5.735s] -- Up-to-date: /home/aidan/GitHub/AidansRepo/TeensySwerve/install/diagnostic_msgs/share/diagnostic_msgs/srv/AddDiagnostics.srv
[5.735s] -- Up-to-date: /home/aidan/GitHub/AidansRepo/TeensySwerve/install/diagnostic_msgs/share/diagnostic_msgs/srv/AddDiagnostics_Request.msg
[5.736s] -- Up-to-date: /home/aidan/GitHub/AidansRepo/TeensySwerve/install/diagnostic_msgs/share/diagnostic_msgs/srv/AddDiagnostics_Response.msg
[5.736s] -- Up-to-date: /home/aidan/GitHub/AidansRepo/TeensySwerve/install/diagnostic_msgs/share/diagnostic_msgs/srv/SelfTest.srv
[5.736s] -- Up-to-date: /home/aidan/GitHub/AidansRepo/TeensySwerve/install/diagnostic_msgs/share/diagnostic_msgs/srv/SelfTest_Request.msg
[5.737s] -- Up-to-date: /home/aidan/GitHub/AidansRepo/TeensySwerve/install/diagnostic_msgs/share/diagnostic_msgs/srv/SelfTest_Response.msg
[5.737s] -- Up-to-date: /home/aidan/GitHub/AidansRepo/TeensySwerve/install/diagnostic_msgs/share/ament_index/resource_index/package_run_dependencies/diagnostic_msgs
[5.740s] -- Up-to-date: /home/aidan/GitHub/AidansRepo/TeensySwerve/install/diagnostic_msgs/share/ament_index/resource_index/parent_prefix_path/diagnostic_msgs
[5.740s] -- Up-to-date: /home/aidan/GitHub/AidansRepo/TeensySwerve/install/diagnostic_msgs/share/diagnostic_msgs/environment/ament_prefix_path.sh
[5.741s] -- Up-to-date: /home/aidan/GitHub/AidansRepo/TeensySwerve/install/diagnostic_msgs/share/diagnostic_msgs/environment/ament_prefix_path.dsv
[5.741s] -- Up-to-date: /home/aidan/GitHub/AidansRepo/TeensySwerve/install/diagnostic_msgs/share/diagnostic_msgs/environment/path.sh
[5.741s] -- Up-to-date: /home/aidan/GitHub/AidansRepo/TeensySwerve/install/diagnostic_msgs/share/diagnostic_msgs/environment/path.dsv
[5.746s] -- Up-to-date: /home/aidan/GitHub/AidansRepo/TeensySwerve/install/diagnostic_msgs/share/diagnostic_msgs/local_setup.bash
[5.751s] -- Up-to-date: /home/aidan/GitHub/AidansRepo/TeensySwerve/install/diagnostic_msgs/share/diagnostic_msgs/local_setup.sh
[5.752s] -- Up-to-date: /home/aidan/GitHub/AidansRepo/TeensySwerve/install/diagnostic_msgs/share/diagnostic_msgs/local_setup.zsh
[5.752s] -- Up-to-date: /home/aidan/GitHub/AidansRepo/TeensySwerve/install/diagnostic_msgs/share/diagnostic_msgs/local_setup.dsv
[5.752s] -- Installing: /home/aidan/GitHub/AidansRepo/TeensySwerve/install/diagnostic_msgs/share/diagnostic_msgs/package.dsv
[5.752s] -- Up-to-date: /home/aidan/GitHub/AidansRepo/TeensySwerve/install/diagnostic_msgs/share/ament_index/resource_index/packages/diagnostic_msgs
[5.752s] -- Up-to-date: /home/aidan/GitHub/AidansRepo/TeensySwerve/install/diagnostic_msgs/share/diagnostic_msgs/cmake/export_diagnostic_msgs__rosidl_generator_cExport.cmake
[5.753s] -- Up-to-date: /home/aidan/GitHub/AidansRepo/TeensySwerve/install/diagnostic_msgs/share/diagnostic_msgs/cmake/export_diagnostic_msgs__rosidl_generator_cExport-noconfig.cmake
[5.753s] -- Up-to-date: /home/aidan/GitHub/AidansRepo/TeensySwerve/install/diagnostic_msgs/share/diagnostic_msgs/cmake/export_diagnostic_msgs__rosidl_typesupport_fastrtps_cExport.cmake
[5.753s] -- Up-to-date: /home/aidan/GitHub/AidansRepo/TeensySwerve/install/diagnostic_msgs/share/diagnostic_msgs/cmake/export_diagnostic_msgs__rosidl_typesupport_fastrtps_cExport-noconfig.cmake
[5.753s] -- Up-to-date: /home/aidan/GitHub/AidansRepo/TeensySwerve/install/diagnostic_msgs/share/diagnostic_msgs/cmake/diagnostic_msgs__rosidl_typesupport_introspection_cExport.cmake
[5.755s] -- Up-to-date: /home/aidan/GitHub/AidansRepo/TeensySwerve/install/diagnostic_msgs/share/diagnostic_msgs/cmake/diagnostic_msgs__rosidl_typesupport_introspection_cExport-noconfig.cmake
[5.756s] -- Up-to-date: /home/aidan/GitHub/AidansRepo/TeensySwerve/install/diagnostic_msgs/share/diagnostic_msgs/cmake/diagnostic_msgs__rosidl_typesupport_cExport.cmake
[5.757s] -- Up-to-date: /home/aidan/GitHub/AidansRepo/TeensySwerve/install/diagnostic_msgs/share/diagnostic_msgs/cmake/diagnostic_msgs__rosidl_typesupport_cExport-noconfig.cmake
[5.757s] -- Up-to-date: /home/aidan/GitHub/AidansRepo/TeensySwerve/install/diagnostic_msgs/share/diagnostic_msgs/cmake/export_diagnostic_msgs__rosidl_generator_cppExport.cmake
[5.758s] -- Up-to-date: /home/aidan/GitHub/AidansRepo/TeensySwerve/install/diagnostic_msgs/share/diagnostic_msgs/cmake/export_diagnostic_msgs__rosidl_typesupport_fastrtps_cppExport.cmake
[5.759s] -- Up-to-date: /home/aidan/GitHub/AidansRepo/TeensySwerve/install/diagnostic_msgs/share/diagnostic_msgs/cmake/export_diagnostic_msgs__rosidl_typesupport_fastrtps_cppExport-noconfig.cmake
[5.759s] -- Up-to-date: /home/aidan/GitHub/AidansRepo/TeensySwerve/install/diagnostic_msgs/share/diagnostic_msgs/cmake/diagnostic_msgs__rosidl_typesupport_introspection_cppExport.cmake
[5.759s] -- Up-to-date: /home/aidan/GitHub/AidansRepo/TeensySwerve/install/diagnostic_msgs/share/diagnostic_msgs/cmake/diagnostic_msgs__rosidl_typesupport_introspection_cppExport-noconfig.cmake
[5.759s] -- Up-to-date: /home/aidan/GitHub/AidansRepo/TeensySwerve/install/diagnostic_msgs/share/diagnostic_msgs/cmake/diagnostic_msgs__rosidl_typesupport_cppExport.cmake
[5.759s] -- Up-to-date: /home/aidan/GitHub/AidansRepo/TeensySwerve/install/diagnostic_msgs/share/diagnostic_msgs/cmake/diagnostic_msgs__rosidl_typesupport_cppExport-noconfig.cmake
[5.760s] -- Up-to-date: /home/aidan/GitHub/AidansRepo/TeensySwerve/install/diagnostic_msgs/share/diagnostic_msgs/cmake/export_diagnostic_msgs__rosidl_generator_pyExport.cmake
[5.760s] -- Up-to-date: /home/aidan/GitHub/AidansRepo/TeensySwerve/install/diagnostic_msgs/share/diagnostic_msgs/cmake/export_diagnostic_msgs__rosidl_generator_pyExport-noconfig.cmake
[5.760s] -- Up-to-date: /home/aidan/GitHub/AidansRepo/TeensySwerve/install/diagnostic_msgs/share/diagnostic_msgs/cmake/rosidl_cmake-extras.cmake
[5.760s] -- Up-to-date: /home/aidan/GitHub/AidansRepo/TeensySwerve/install/diagnostic_msgs/share/diagnostic_msgs/cmake/ament_cmake_export_dependencies-extras.cmake
[5.761s] -- Up-to-date: /home/aidan/GitHub/AidansRepo/TeensySwerve/install/diagnostic_msgs/share/diagnostic_msgs/cmake/ament_cmake_export_include_directories-extras.cmake
[5.761s] -- Up-to-date: /home/aidan/GitHub/AidansRepo/TeensySwerve/install/diagnostic_msgs/share/diagnostic_msgs/cmake/ament_cmake_export_libraries-extras.cmake
[5.761s] -- Up-to-date: /home/aidan/GitHub/AidansRepo/TeensySwerve/install/diagnostic_msgs/share/diagnostic_msgs/cmake/ament_cmake_export_targets-extras.cmake
[5.761s] -- Up-to-date: /home/aidan/GitHub/AidansRepo/TeensySwerve/install/diagnostic_msgs/share/diagnostic_msgs/cmake/rosidl_cmake_export_typesupport_targets-extras.cmake
[5.761s] -- Up-to-date: /home/aidan/GitHub/AidansRepo/TeensySwerve/install/diagnostic_msgs/share/diagnostic_msgs/cmake/rosidl_cmake_export_typesupport_libraries-extras.cmake
[5.761s] -- Up-to-date: /home/aidan/GitHub/AidansRepo/TeensySwerve/install/diagnostic_msgs/share/diagnostic_msgs/cmake/diagnostic_msgsConfig.cmake
[5.761s] -- Up-to-date: /home/aidan/GitHub/AidansRepo/TeensySwerve/install/diagnostic_msgs/share/diagnostic_msgs/cmake/diagnostic_msgsConfig-version.cmake
[5.762s] -- Up-to-date: /home/aidan/GitHub/AidansRepo/TeensySwerve/install/diagnostic_msgs/share/diagnostic_msgs/package.xml
[5.776s] Invoked command in '/home/aidan/GitHub/AidansRepo/TeensySwerve/build/diagnostic_msgs' returned '0': AMENT_PREFIX_PATH=/home/aidan/GitHub/AidansRepo/TeensySwerve/install/geometry_msgs:/home/aidan/GitHub/AidansRepo/TeensySwerve/install/std_msgs:/home/aidan/GitHub/AidansRepo/TeensySwerve/install/builtin_interfaces:${AMENT_PREFIX_PATH} CMAKE_PREFIX_PATH=/home/aidan/GitHub/AidansRepo/TeensySwerve/install/geometry_msgs:/home/aidan/GitHub/AidansRepo/TeensySwerve/install/std_msgs:/home/aidan/GitHub/AidansRepo/TeensySwerve/install/builtin_interfaces:/home/aidan/GitHub/AidansRepo/TeensySwerve/install/tnsy_interfaces:/home/aidan/microros_ws/install/micro_ros_setup:/home/aidan/microros_ws/install/micro_ros_agent:/home/aidan/microros_ws/install/micro_ros_msgs:/home/aidan/GitHub/AidansRepo/TeensySwerve/install/tnsy_swrv_controller:/opt/ros/humble LD_LIBRARY_PATH=/home/aidan/GitHub/AidansRepo/TeensySwerve/install/geometry_msgs/lib:/home/aidan/GitHub/AidansRepo/TeensySwerve/install/std_msgs/lib:/home/aidan/GitHub/AidansRepo/TeensySwerve/install/builtin_interfaces/lib:${LD_LIBRARY_PATH} PYTHONPATH=/home/aidan/GitHub/AidansRepo/TeensySwerve/install/geometry_msgs/local/lib/python3.10/dist-packages:/home/aidan/GitHub/AidansRepo/TeensySwerve/install/std_msgs/local/lib/python3.10/dist-packages:/home/aidan/GitHub/AidansRepo/TeensySwerve/install/builtin_interfaces/local/lib/python3.10/dist-packages:${PYTHONPATH} /usr/bin/cmake --install /home/aidan/GitHub/AidansRepo/TeensySwerve/build/diagnostic_msgs
