[0.091s] Invoking command in '/home/aidan/GitHub/AidansRepo/TeensySwerve/build/statistics_msgs': AMENT_PREFIX_PATH=/home/aidan/GitHub/AidansRepo/TeensySwerve/install/builtin_interfaces:${AMENT_PREFIX_PATH} CMAKE_PREFIX_PATH=/home/aidan/GitHub/AidansRepo/TeensySwerve/install/builtin_interfaces:/home/aidan/GitHub/AidansRepo/TeensySwerve/install/tnsy_interfaces:/home/aidan/microros_ws/install/micro_ros_setup:/home/aidan/microros_ws/install/micro_ros_agent:/home/aidan/microros_ws/install/micro_ros_msgs:/home/aidan/GitHub/AidansRepo/TeensySwerve/install/tnsy_swrv_controller:/opt/ros/humble LD_LIBRARY_PATH=/home/aidan/GitHub/AidansRepo/TeensySwerve/install/builtin_interfaces/lib:${LD_LIBRARY_PATH} PYTHONPATH=/home/aidan/GitHub/AidansRepo/TeensySwerve/install/builtin_interfaces/local/lib/python3.10/dist-packages:${PYTHONPATH} /usr/bin/cmake --build /home/aidan/GitHub/AidansRepo/TeensySwerve/build/statistics_msgs -- -j4 -l4
[0.356s] [  2%] Built target statistics_msgs__cpp
[0.494s] [  2%] Built target ament_cmake_python_copy_statistics_msgs
[0.538s] [35m[1mConsolidate compiler generated dependencies of target statistics_msgs__rosidl_typesupport_introspection_cpp[0m
[0.578s] [ 12%] Built target statistics_msgs__rosidl_typesupport_introspection_cpp
[0.637s] [35m[1mConsolidate compiler generated dependencies of target statistics_msgs__rosidl_typesupport_cpp[0m
[0.722s] [ 23%] Built target statistics_msgs__rosidl_typesupport_cpp
[2.499s] running egg_info
[2.500s] writing statistics_msgs.egg-info/PKG-INFO
[2.507s] writing dependency_links to statistics_msgs.egg-info/dependency_links.txt
[2.508s] writing top-level names to statistics_msgs.egg-info/top_level.txt
[2.527s] reading manifest file 'statistics_msgs.egg-info/SOURCES.txt'
[2.537s] writing manifest file 'statistics_msgs.egg-info/SOURCES.txt'
[2.762s] [ 23%] Built target ament_cmake_python_build_statistics_msgs_egg
[2.833s] [35m[1mConsolidate compiler generated dependencies of target statistics_msgs__rosidl_typesupport_fastrtps_cpp[0m
[2.923s] [ 34%] Built target statistics_msgs__rosidl_typesupport_fastrtps_cpp
[2.995s] [35m[1mConsolidate compiler generated dependencies of target statistics_msgs__rosidl_generator_c[0m
[3.066s] [ 44%] Built target statistics_msgs__rosidl_generator_c
[3.145s] [35m[1mConsolidate compiler generated dependencies of target statistics_msgs__rosidl_typesupport_introspection_c[0m
[3.253s] [ 55%] Built target statistics_msgs__rosidl_typesupport_introspection_c
[3.312s] [35m[1mConsolidate compiler generated dependencies of target statistics_msgs__rosidl_typesupport_fastrtps_c[0m
[3.392s] [ 65%] Built target statistics_msgs__rosidl_typesupport_fastrtps_c
[3.447s] [35m[1mConsolidate compiler generated dependencies of target statistics_msgs__rosidl_typesupport_c[0m
[3.508s] [ 76%] Built target statistics_msgs__rosidl_typesupport_c
[3.633s] [ 76%] Built target statistics_msgs
[3.780s] [ 78%] Built target statistics_msgs__py
[3.848s] [35m[1mConsolidate compiler generated dependencies of target statistics_msgs__rosidl_generator_py[0m
[3.949s] [ 87%] Built target statistics_msgs__rosidl_generator_py
[4.037s] [35m[1mConsolidate compiler generated dependencies of target statistics_msgs__rosidl_typesupport_fastrtps_c__pyext[0m
[4.109s] [ 91%] Built target statistics_msgs__rosidl_typesupport_fastrtps_c__pyext
[4.182s] [35m[1mConsolidate compiler generated dependencies of target statistics_msgs__rosidl_typesupport_c__pyext[0m
[4.268s] [ 95%] Built target statistics_msgs__rosidl_typesupport_c__pyext
[4.346s] [35m[1mConsolidate compiler generated dependencies of target statistics_msgs__rosidl_typesupport_introspection_c__pyext[0m
[4.425s] [100%] Built target statistics_msgs__rosidl_typesupport_introspection_c__pyext
[4.526s] Invoked command in '/home/aidan/GitHub/AidansRepo/TeensySwerve/build/statistics_msgs' returned '0': AMENT_PREFIX_PATH=/home/aidan/GitHub/AidansRepo/TeensySwerve/install/builtin_interfaces:${AMENT_PREFIX_PATH} CMAKE_PREFIX_PATH=/home/aidan/GitHub/AidansRepo/TeensySwerve/install/builtin_interfaces:/home/aidan/GitHub/AidansRepo/TeensySwerve/install/tnsy_interfaces:/home/aidan/microros_ws/install/micro_ros_setup:/home/aidan/microros_ws/install/micro_ros_agent:/home/aidan/microros_ws/install/micro_ros_msgs:/home/aidan/GitHub/AidansRepo/TeensySwerve/install/tnsy_swrv_controller:/opt/ros/humble LD_LIBRARY_PATH=/home/aidan/GitHub/AidansRepo/TeensySwerve/install/builtin_interfaces/lib:${LD_LIBRARY_PATH} PYTHONPATH=/home/aidan/GitHub/AidansRepo/TeensySwerve/install/builtin_interfaces/local/lib/python3.10/dist-packages:${PYTHONPATH} /usr/bin/cmake --build /home/aidan/GitHub/AidansRepo/TeensySwerve/build/statistics_msgs -- -j4 -l4
[5.219s] Invoking command in '/home/aidan/GitHub/AidansRepo/TeensySwerve/build/statistics_msgs': AMENT_PREFIX_PATH=/home/aidan/GitHub/AidansRepo/TeensySwerve/install/builtin_interfaces:${AMENT_PREFIX_PATH} CMAKE_PREFIX_PATH=/home/aidan/GitHub/AidansRepo/TeensySwerve/install/builtin_interfaces:/home/aidan/GitHub/AidansRepo/TeensySwerve/install/tnsy_interfaces:/home/aidan/microros_ws/install/micro_ros_setup:/home/aidan/microros_ws/install/micro_ros_agent:/home/aidan/microros_ws/install/micro_ros_msgs:/home/aidan/GitHub/AidansRepo/TeensySwerve/install/tnsy_swrv_controller:/opt/ros/humble LD_LIBRARY_PATH=/home/aidan/GitHub/AidansRepo/TeensySwerve/install/builtin_interfaces/lib:${LD_LIBRARY_PATH} PYTHONPATH=/home/aidan/GitHub/AidansRepo/TeensySwerve/install/builtin_interfaces/local/lib/python3.10/dist-packages:${PYTHONPATH} /usr/bin/cmake --install /home/aidan/GitHub/AidansRepo/TeensySwerve/build/statistics_msgs
[5.258s] -- Install configuration: ""
[5.258s] -- Up-to-date: /home/aidan/GitHub/AidansRepo/TeensySwerve/install/statistics_msgs/share/ament_index/resource_index/rosidl_interfaces/statistics_msgs
[5.258s] -- Up-to-date: /home/aidan/GitHub/AidansRepo/TeensySwerve/install/statistics_msgs/include/statistics_msgs/statistics_msgs
[5.258s] -- Up-to-date: /home/aidan/GitHub/AidansRepo/TeensySwerve/install/statistics_msgs/include/statistics_msgs/statistics_msgs/msg
[5.259s] -- Up-to-date: /home/aidan/GitHub/AidansRepo/TeensySwerve/install/statistics_msgs/include/statistics_msgs/statistics_msgs/msg/metrics_message.h
[5.260s] -- Up-to-date: /home/aidan/GitHub/AidansRepo/TeensySwerve/install/statistics_msgs/include/statistics_msgs/statistics_msgs/msg/rosidl_generator_c__visibility_control.h
[5.260s] -- Up-to-date: /home/aidan/GitHub/AidansRepo/TeensySwerve/install/statistics_msgs/include/statistics_msgs/statistics_msgs/msg/detail
[5.260s] -- Up-to-date: /home/aidan/GitHub/AidansRepo/TeensySwerve/install/statistics_msgs/include/statistics_msgs/statistics_msgs/msg/detail/metrics_message__functions.c
[5.260s] -- Up-to-date: /home/aidan/GitHub/AidansRepo/TeensySwerve/install/statistics_msgs/include/statistics_msgs/statistics_msgs/msg/detail/statistic_data_type__functions.h
[5.260s] -- Up-to-date: /home/aidan/GitHub/AidansRepo/TeensySwerve/install/statistics_msgs/include/statistics_msgs/statistics_msgs/msg/detail/metrics_message__struct.h
[5.260s] -- Up-to-date: /home/aidan/GitHub/AidansRepo/TeensySwerve/install/statistics_msgs/include/statistics_msgs/statistics_msgs/msg/detail/metrics_message__type_support.h
[5.261s] -- Up-to-date: /home/aidan/GitHub/AidansRepo/TeensySwerve/install/statistics_msgs/include/statistics_msgs/statistics_msgs/msg/detail/statistic_data_point__functions.c
[5.261s] -- Up-to-date: /home/aidan/GitHub/AidansRepo/TeensySwerve/install/statistics_msgs/include/statistics_msgs/statistics_msgs/msg/detail/statistic_data_type__type_support.h
[5.261s] -- Up-to-date: /home/aidan/GitHub/AidansRepo/TeensySwerve/install/statistics_msgs/include/statistics_msgs/statistics_msgs/msg/detail/metrics_message__functions.h
[5.261s] -- Up-to-date: /home/aidan/GitHub/AidansRepo/TeensySwerve/install/statistics_msgs/include/statistics_msgs/statistics_msgs/msg/detail/statistic_data_point__struct.h
[5.261s] -- Up-to-date: /home/aidan/GitHub/AidansRepo/TeensySwerve/install/statistics_msgs/include/statistics_msgs/statistics_msgs/msg/detail/statistic_data_point__functions.h
[5.261s] -- Up-to-date: /home/aidan/GitHub/AidansRepo/TeensySwerve/install/statistics_msgs/include/statistics_msgs/statistics_msgs/msg/detail/statistic_data_point__type_support.h
[5.262s] -- Up-to-date: /home/aidan/GitHub/AidansRepo/TeensySwerve/install/statistics_msgs/include/statistics_msgs/statistics_msgs/msg/detail/statistic_data_type__struct.h
[5.262s] -- Up-to-date: /home/aidan/GitHub/AidansRepo/TeensySwerve/install/statistics_msgs/include/statistics_msgs/statistics_msgs/msg/detail/statistic_data_type__functions.c
[5.262s] -- Up-to-date: /home/aidan/GitHub/AidansRepo/TeensySwerve/install/statistics_msgs/include/statistics_msgs/statistics_msgs/msg/statistic_data_point.h
[5.262s] -- Up-to-date: /home/aidan/GitHub/AidansRepo/TeensySwerve/install/statistics_msgs/include/statistics_msgs/statistics_msgs/msg/statistic_data_type.h
[5.266s] -- Up-to-date: /home/aidan/GitHub/AidansRepo/TeensySwerve/install/statistics_msgs/share/statistics_msgs/environment/library_path.sh
[5.266s] -- Up-to-date: /home/aidan/GitHub/AidansRepo/TeensySwerve/install/statistics_msgs/share/statistics_msgs/environment/library_path.dsv
[5.266s] -- Up-to-date: /home/aidan/GitHub/AidansRepo/TeensySwerve/install/statistics_msgs/lib/libstatistics_msgs__rosidl_generator_c.so
[5.267s] -- Up-to-date: /home/aidan/GitHub/AidansRepo/TeensySwerve/install/statistics_msgs/include/statistics_msgs/statistics_msgs
[5.267s] -- Up-to-date: /home/aidan/GitHub/AidansRepo/TeensySwerve/install/statistics_msgs/include/statistics_msgs/statistics_msgs/msg
[5.269s] -- Up-to-date: /home/aidan/GitHub/AidansRepo/TeensySwerve/install/statistics_msgs/include/statistics_msgs/statistics_msgs/msg/rosidl_typesupport_fastrtps_c__visibility_control.h
[5.269s] -- Up-to-date: /home/aidan/GitHub/AidansRepo/TeensySwerve/install/statistics_msgs/include/statistics_msgs/statistics_msgs/msg/detail
[5.269s] -- Up-to-date: /home/aidan/GitHub/AidansRepo/TeensySwerve/install/statistics_msgs/include/statistics_msgs/statistics_msgs/msg/detail/statistic_data_type__rosidl_typesupport_fastrtps_c.h
[5.272s] -- Up-to-date: /home/aidan/GitHub/AidansRepo/TeensySwerve/install/statistics_msgs/include/statistics_msgs/statistics_msgs/msg/detail/statistic_data_point__rosidl_typesupport_fastrtps_c.h
[5.272s] -- Up-to-date: /home/aidan/GitHub/AidansRepo/TeensySwerve/install/statistics_msgs/include/statistics_msgs/statistics_msgs/msg/detail/metrics_message__rosidl_typesupport_fastrtps_c.h
[5.277s] -- Up-to-date: /home/aidan/GitHub/AidansRepo/TeensySwerve/install/statistics_msgs/lib/libstatistics_msgs__rosidl_typesupport_fastrtps_c.so
[5.277s] -- Up-to-date: /home/aidan/GitHub/AidansRepo/TeensySwerve/install/statistics_msgs/include/statistics_msgs/statistics_msgs
[5.277s] -- Up-to-date: /home/aidan/GitHub/AidansRepo/TeensySwerve/install/statistics_msgs/include/statistics_msgs/statistics_msgs/msg
[5.278s] -- Up-to-date: /home/aidan/GitHub/AidansRepo/TeensySwerve/install/statistics_msgs/include/statistics_msgs/statistics_msgs/msg/statistic_data_type.hpp
[5.278s] -- Up-to-date: /home/aidan/GitHub/AidansRepo/TeensySwerve/install/statistics_msgs/include/statistics_msgs/statistics_msgs/msg/statistic_data_point.hpp
[5.278s] -- Up-to-date: /home/aidan/GitHub/AidansRepo/TeensySwerve/install/statistics_msgs/include/statistics_msgs/statistics_msgs/msg/detail
[5.278s] -- Up-to-date: /home/aidan/GitHub/AidansRepo/TeensySwerve/install/statistics_msgs/include/statistics_msgs/statistics_msgs/msg/detail/statistic_data_point__traits.hpp
[5.278s] -- Up-to-date: /home/aidan/GitHub/AidansRepo/TeensySwerve/install/statistics_msgs/include/statistics_msgs/statistics_msgs/msg/detail/statistic_data_type__builder.hpp
[5.278s] -- Up-to-date: /home/aidan/GitHub/AidansRepo/TeensySwerve/install/statistics_msgs/include/statistics_msgs/statistics_msgs/msg/detail/metrics_message__struct.hpp
[5.280s] -- Up-to-date: /home/aidan/GitHub/AidansRepo/TeensySwerve/install/statistics_msgs/include/statistics_msgs/statistics_msgs/msg/detail/statistic_data_point__type_support.hpp
[5.281s] -- Up-to-date: /home/aidan/GitHub/AidansRepo/TeensySwerve/install/statistics_msgs/include/statistics_msgs/statistics_msgs/msg/detail/statistic_data_type__traits.hpp
[5.281s] -- Up-to-date: /home/aidan/GitHub/AidansRepo/TeensySwerve/install/statistics_msgs/include/statistics_msgs/statistics_msgs/msg/detail/metrics_message__traits.hpp
[5.281s] -- Up-to-date: /home/aidan/GitHub/AidansRepo/TeensySwerve/install/statistics_msgs/include/statistics_msgs/statistics_msgs/msg/detail/statistic_data_point__builder.hpp
[5.281s] -- Up-to-date: /home/aidan/GitHub/AidansRepo/TeensySwerve/install/statistics_msgs/include/statistics_msgs/statistics_msgs/msg/detail/statistic_data_point__struct.hpp
[5.283s] -- Up-to-date: /home/aidan/GitHub/AidansRepo/TeensySwerve/install/statistics_msgs/include/statistics_msgs/statistics_msgs/msg/detail/statistic_data_type__struct.hpp
[5.284s] -- Up-to-date: /home/aidan/GitHub/AidansRepo/TeensySwerve/install/statistics_msgs/include/statistics_msgs/statistics_msgs/msg/detail/statistic_data_type__type_support.hpp
[5.284s] -- Up-to-date: /home/aidan/GitHub/AidansRepo/TeensySwerve/install/statistics_msgs/include/statistics_msgs/statistics_msgs/msg/detail/metrics_message__type_support.hpp
[5.285s] -- Up-to-date: /home/aidan/GitHub/AidansRepo/TeensySwerve/install/statistics_msgs/include/statistics_msgs/statistics_msgs/msg/detail/metrics_message__builder.hpp
[5.285s] -- Up-to-date: /home/aidan/GitHub/AidansRepo/TeensySwerve/install/statistics_msgs/include/statistics_msgs/statistics_msgs/msg/rosidl_generator_cpp__visibility_control.hpp
[5.285s] -- Up-to-date: /home/aidan/GitHub/AidansRepo/TeensySwerve/install/statistics_msgs/include/statistics_msgs/statistics_msgs/msg/metrics_message.hpp
[5.285s] -- Up-to-date: /home/aidan/GitHub/AidansRepo/TeensySwerve/install/statistics_msgs/include/statistics_msgs/statistics_msgs
[5.285s] -- Up-to-date: /home/aidan/GitHub/AidansRepo/TeensySwerve/install/statistics_msgs/include/statistics_msgs/statistics_msgs/msg
[5.288s] -- Up-to-date: /home/aidan/GitHub/AidansRepo/TeensySwerve/install/statistics_msgs/include/statistics_msgs/statistics_msgs/msg/rosidl_typesupport_fastrtps_cpp__visibility_control.h
[5.288s] -- Up-to-date: /home/aidan/GitHub/AidansRepo/TeensySwerve/install/statistics_msgs/include/statistics_msgs/statistics_msgs/msg/detail
[5.288s] -- Up-to-date: /home/aidan/GitHub/AidansRepo/TeensySwerve/install/statistics_msgs/include/statistics_msgs/statistics_msgs/msg/detail/metrics_message__rosidl_typesupport_fastrtps_cpp.hpp
[5.289s] -- Up-to-date: /home/aidan/GitHub/AidansRepo/TeensySwerve/install/statistics_msgs/include/statistics_msgs/statistics_msgs/msg/detail/statistic_data_type__rosidl_typesupport_fastrtps_cpp.hpp
[5.300s] -- Up-to-date: /home/aidan/GitHub/AidansRepo/TeensySwerve/install/statistics_msgs/include/statistics_msgs/statistics_msgs/msg/detail/dds_fastrtps
[5.300s] -- Up-to-date: /home/aidan/GitHub/AidansRepo/TeensySwerve/install/statistics_msgs/include/statistics_msgs/statistics_msgs/msg/detail/statistic_data_point__rosidl_typesupport_fastrtps_cpp.hpp
[5.300s] -- Up-to-date: /home/aidan/GitHub/AidansRepo/TeensySwerve/install/statistics_msgs/lib/libstatistics_msgs__rosidl_typesupport_fastrtps_cpp.so
[5.305s] -- Up-to-date: /home/aidan/GitHub/AidansRepo/TeensySwerve/install/statistics_msgs/include/statistics_msgs/statistics_msgs
[5.305s] -- Up-to-date: /home/aidan/GitHub/AidansRepo/TeensySwerve/install/statistics_msgs/include/statistics_msgs/statistics_msgs/msg
[5.305s] -- Up-to-date: /home/aidan/GitHub/AidansRepo/TeensySwerve/install/statistics_msgs/include/statistics_msgs/statistics_msgs/msg/detail
[5.306s] -- Up-to-date: /home/aidan/GitHub/AidansRepo/TeensySwerve/install/statistics_msgs/include/statistics_msgs/statistics_msgs/msg/detail/metrics_message__rosidl_typesupport_introspection_c.h
[5.306s] -- Up-to-date: /home/aidan/GitHub/AidansRepo/TeensySwerve/install/statistics_msgs/include/statistics_msgs/statistics_msgs/msg/detail/statistic_data_type__type_support.c
[5.306s] -- Up-to-date: /home/aidan/GitHub/AidansRepo/TeensySwerve/install/statistics_msgs/include/statistics_msgs/statistics_msgs/msg/detail/statistic_data_type__rosidl_typesupport_introspection_c.h
[5.306s] -- Up-to-date: /home/aidan/GitHub/AidansRepo/TeensySwerve/install/statistics_msgs/include/statistics_msgs/statistics_msgs/msg/detail/statistic_data_point__rosidl_typesupport_introspection_c.h
[5.306s] -- Up-to-date: /home/aidan/GitHub/AidansRepo/TeensySwerve/install/statistics_msgs/include/statistics_msgs/statistics_msgs/msg/detail/metrics_message__type_support.c
[5.307s] -- Up-to-date: /home/aidan/GitHub/AidansRepo/TeensySwerve/install/statistics_msgs/include/statistics_msgs/statistics_msgs/msg/detail/statistic_data_point__type_support.c
[5.307s] -- Up-to-date: /home/aidan/GitHub/AidansRepo/TeensySwerve/install/statistics_msgs/include/statistics_msgs/statistics_msgs/msg/rosidl_typesupport_introspection_c__visibility_control.h
[5.307s] -- Up-to-date: /home/aidan/GitHub/AidansRepo/TeensySwerve/install/statistics_msgs/lib/libstatistics_msgs__rosidl_typesupport_introspection_c.so
[5.307s] -- Up-to-date: /home/aidan/GitHub/AidansRepo/TeensySwerve/install/statistics_msgs/lib/libstatistics_msgs__rosidl_typesupport_c.so
[5.311s] -- Up-to-date: /home/aidan/GitHub/AidansRepo/TeensySwerve/install/statistics_msgs/include/statistics_msgs/statistics_msgs
[5.312s] -- Up-to-date: /home/aidan/GitHub/AidansRepo/TeensySwerve/install/statistics_msgs/include/statistics_msgs/statistics_msgs/msg
[5.312s] -- Up-to-date: /home/aidan/GitHub/AidansRepo/TeensySwerve/install/statistics_msgs/include/statistics_msgs/statistics_msgs/msg/detail
[5.312s] -- Up-to-date: /home/aidan/GitHub/AidansRepo/TeensySwerve/install/statistics_msgs/include/statistics_msgs/statistics_msgs/msg/detail/statistic_data_point__rosidl_typesupport_introspection_cpp.hpp
[5.312s] -- Up-to-date: /home/aidan/GitHub/AidansRepo/TeensySwerve/install/statistics_msgs/include/statistics_msgs/statistics_msgs/msg/detail/statistic_data_type__rosidl_typesupport_introspection_cpp.hpp
[5.313s] -- Up-to-date: /home/aidan/GitHub/AidansRepo/TeensySwerve/install/statistics_msgs/include/statistics_msgs/statistics_msgs/msg/detail/metrics_message__type_support.cpp
[5.313s] -- Up-to-date: /home/aidan/GitHub/AidansRepo/TeensySwerve/install/statistics_msgs/include/statistics_msgs/statistics_msgs/msg/detail/statistic_data_type__type_support.cpp
[5.313s] -- Up-to-date: /home/aidan/GitHub/AidansRepo/TeensySwerve/install/statistics_msgs/include/statistics_msgs/statistics_msgs/msg/detail/metrics_message__rosidl_typesupport_introspection_cpp.hpp
[5.313s] -- Up-to-date: /home/aidan/GitHub/AidansRepo/TeensySwerve/install/statistics_msgs/include/statistics_msgs/statistics_msgs/msg/detail/statistic_data_point__type_support.cpp
[5.313s] -- Up-to-date: /home/aidan/GitHub/AidansRepo/TeensySwerve/install/statistics_msgs/lib/libstatistics_msgs__rosidl_typesupport_introspection_cpp.so
[5.314s] -- Up-to-date: /home/aidan/GitHub/AidansRepo/TeensySwerve/install/statistics_msgs/lib/libstatistics_msgs__rosidl_typesupport_cpp.so
[5.314s] -- Up-to-date: /home/aidan/GitHub/AidansRepo/TeensySwerve/install/statistics_msgs/share/statistics_msgs/environment/pythonpath.sh
[5.314s] -- Up-to-date: /home/aidan/GitHub/AidansRepo/TeensySwerve/install/statistics_msgs/share/statistics_msgs/environment/pythonpath.dsv
[5.314s] -- Up-to-date: /home/aidan/GitHub/AidansRepo/TeensySwerve/install/statistics_msgs/local/lib/python3.10/dist-packages/statistics_msgs-1.2.1-py3.10.egg-info
[5.314s] -- Installing: /home/aidan/GitHub/AidansRepo/TeensySwerve/install/statistics_msgs/local/lib/python3.10/dist-packages/statistics_msgs-1.2.1-py3.10.egg-info/PKG-INFO
[5.317s] -- Installing: /home/aidan/GitHub/AidansRepo/TeensySwerve/install/statistics_msgs/local/lib/python3.10/dist-packages/statistics_msgs-1.2.1-py3.10.egg-info/SOURCES.txt
[5.318s] -- Installing: /home/aidan/GitHub/AidansRepo/TeensySwerve/install/statistics_msgs/local/lib/python3.10/dist-packages/statistics_msgs-1.2.1-py3.10.egg-info/dependency_links.txt
[5.319s] -- Installing: /home/aidan/GitHub/AidansRepo/TeensySwerve/install/statistics_msgs/local/lib/python3.10/dist-packages/statistics_msgs-1.2.1-py3.10.egg-info/top_level.txt
[5.323s] -- Up-to-date: /home/aidan/GitHub/AidansRepo/TeensySwerve/install/statistics_msgs/local/lib/python3.10/dist-packages/statistics_msgs
[5.323s] -- Up-to-date: /home/aidan/GitHub/AidansRepo/TeensySwerve/install/statistics_msgs/local/lib/python3.10/dist-packages/statistics_msgs/statistics_msgs_s__rosidl_typesupport_fastrtps_c.cpython-310-x86_64-linux-gnu.so
[5.323s] -- Up-to-date: /home/aidan/GitHub/AidansRepo/TeensySwerve/install/statistics_msgs/local/lib/python3.10/dist-packages/statistics_msgs/__init__.py
[5.323s] -- Up-to-date: /home/aidan/GitHub/AidansRepo/TeensySwerve/install/statistics_msgs/local/lib/python3.10/dist-packages/statistics_msgs/_statistics_msgs_s.ep.rosidl_typesupport_introspection_c.c
[5.323s] -- Up-to-date: /home/aidan/GitHub/AidansRepo/TeensySwerve/install/statistics_msgs/local/lib/python3.10/dist-packages/statistics_msgs/_statistics_msgs_s.ep.rosidl_typesupport_fastrtps_c.c
[5.324s] -- Up-to-date: /home/aidan/GitHub/AidansRepo/TeensySwerve/install/statistics_msgs/local/lib/python3.10/dist-packages/statistics_msgs/msg
[5.324s] -- Up-to-date: /home/aidan/GitHub/AidansRepo/TeensySwerve/install/statistics_msgs/local/lib/python3.10/dist-packages/statistics_msgs/msg/_metrics_message_s.c
[5.324s] -- Up-to-date: /home/aidan/GitHub/AidansRepo/TeensySwerve/install/statistics_msgs/local/lib/python3.10/dist-packages/statistics_msgs/msg/_metrics_message.py
[5.324s] -- Up-to-date: /home/aidan/GitHub/AidansRepo/TeensySwerve/install/statistics_msgs/local/lib/python3.10/dist-packages/statistics_msgs/msg/_statistic_data_type.py
[5.324s] -- Up-to-date: /home/aidan/GitHub/AidansRepo/TeensySwerve/install/statistics_msgs/local/lib/python3.10/dist-packages/statistics_msgs/msg/_statistic_data_type_s.c
[5.327s] -- Up-to-date: /home/aidan/GitHub/AidansRepo/TeensySwerve/install/statistics_msgs/local/lib/python3.10/dist-packages/statistics_msgs/msg/__init__.py
[5.327s] -- Up-to-date: /home/aidan/GitHub/AidansRepo/TeensySwerve/install/statistics_msgs/local/lib/python3.10/dist-packages/statistics_msgs/msg/_statistic_data_point.py
[5.327s] -- Up-to-date: /home/aidan/GitHub/AidansRepo/TeensySwerve/install/statistics_msgs/local/lib/python3.10/dist-packages/statistics_msgs/msg/_statistic_data_point_s.c
[5.328s] -- Up-to-date: /home/aidan/GitHub/AidansRepo/TeensySwerve/install/statistics_msgs/local/lib/python3.10/dist-packages/statistics_msgs/libstatistics_msgs__rosidl_generator_py.so
[5.328s] -- Up-to-date: /home/aidan/GitHub/AidansRepo/TeensySwerve/install/statistics_msgs/local/lib/python3.10/dist-packages/statistics_msgs/statistics_msgs_s__rosidl_typesupport_introspection_c.cpython-310-x86_64-linux-gnu.so
[5.328s] -- Up-to-date: /home/aidan/GitHub/AidansRepo/TeensySwerve/install/statistics_msgs/local/lib/python3.10/dist-packages/statistics_msgs/statistics_msgs_s__rosidl_typesupport_c.cpython-310-x86_64-linux-gnu.so
[5.330s] -- Up-to-date: /home/aidan/GitHub/AidansRepo/TeensySwerve/install/statistics_msgs/local/lib/python3.10/dist-packages/statistics_msgs/_statistics_msgs_s.ep.rosidl_typesupport_c.c
[5.505s] Listing '/home/aidan/GitHub/AidansRepo/TeensySwerve/install/statistics_msgs/local/lib/python3.10/dist-packages/statistics_msgs'...
[5.505s] Listing '/home/aidan/GitHub/AidansRepo/TeensySwerve/install/statistics_msgs/local/lib/python3.10/dist-packages/statistics_msgs/msg'...
[5.554s] -- Up-to-date: /home/aidan/GitHub/AidansRepo/TeensySwerve/install/statistics_msgs/local/lib/python3.10/dist-packages/statistics_msgs/statistics_msgs_s__rosidl_typesupport_fastrtps_c.cpython-310-x86_64-linux-gnu.so
[5.570s] -- Up-to-date: /home/aidan/GitHub/AidansRepo/TeensySwerve/install/statistics_msgs/local/lib/python3.10/dist-packages/statistics_msgs/statistics_msgs_s__rosidl_typesupport_introspection_c.cpython-310-x86_64-linux-gnu.so
[5.570s] -- Up-to-date: /home/aidan/GitHub/AidansRepo/TeensySwerve/install/statistics_msgs/local/lib/python3.10/dist-packages/statistics_msgs/statistics_msgs_s__rosidl_typesupport_c.cpython-310-x86_64-linux-gnu.so
[5.575s] -- Up-to-date: /home/aidan/GitHub/AidansRepo/TeensySwerve/install/statistics_msgs/lib/libstatistics_msgs__rosidl_generator_py.so
[5.616s] -- Up-to-date: /home/aidan/GitHub/AidansRepo/TeensySwerve/install/statistics_msgs/share/statistics_msgs/msg/MetricsMessage.idl
[5.617s] -- Up-to-date: /home/aidan/GitHub/AidansRepo/TeensySwerve/install/statistics_msgs/share/statistics_msgs/msg/StatisticDataPoint.idl
[5.617s] -- Up-to-date: /home/aidan/GitHub/AidansRepo/TeensySwerve/install/statistics_msgs/share/statistics_msgs/msg/StatisticDataType.idl
[5.644s] -- Up-to-date: /home/aidan/GitHub/AidansRepo/TeensySwerve/install/statistics_msgs/share/statistics_msgs/msg/MetricsMessage.msg
[5.644s] -- Up-to-date: /home/aidan/GitHub/AidansRepo/TeensySwerve/install/statistics_msgs/share/statistics_msgs/msg/StatisticDataPoint.msg
[5.644s] -- Up-to-date: /home/aidan/GitHub/AidansRepo/TeensySwerve/install/statistics_msgs/share/statistics_msgs/msg/StatisticDataType.msg
[5.644s] -- Up-to-date: /home/aidan/GitHub/AidansRepo/TeensySwerve/install/statistics_msgs/share/ament_index/resource_index/package_run_dependencies/statistics_msgs
[5.644s] -- Up-to-date: /home/aidan/GitHub/AidansRepo/TeensySwerve/install/statistics_msgs/share/ament_index/resource_index/parent_prefix_path/statistics_msgs
[5.644s] -- Up-to-date: /home/aidan/GitHub/AidansRepo/TeensySwerve/install/statistics_msgs/share/statistics_msgs/environment/ament_prefix_path.sh
[5.645s] -- Up-to-date: /home/aidan/GitHub/AidansRepo/TeensySwerve/install/statistics_msgs/share/statistics_msgs/environment/ament_prefix_path.dsv
[5.645s] -- Up-to-date: /home/aidan/GitHub/AidansRepo/TeensySwerve/install/statistics_msgs/share/statistics_msgs/environment/path.sh
[5.645s] -- Up-to-date: /home/aidan/GitHub/AidansRepo/TeensySwerve/install/statistics_msgs/share/statistics_msgs/environment/path.dsv
[5.645s] -- Up-to-date: /home/aidan/GitHub/AidansRepo/TeensySwerve/install/statistics_msgs/share/statistics_msgs/local_setup.bash
[5.645s] -- Up-to-date: /home/aidan/GitHub/AidansRepo/TeensySwerve/install/statistics_msgs/share/statistics_msgs/local_setup.sh
[5.647s] -- Up-to-date: /home/aidan/GitHub/AidansRepo/TeensySwerve/install/statistics_msgs/share/statistics_msgs/local_setup.zsh
[5.651s] -- Up-to-date: /home/aidan/GitHub/AidansRepo/TeensySwerve/install/statistics_msgs/share/statistics_msgs/local_setup.dsv
[5.653s] -- Installing: /home/aidan/GitHub/AidansRepo/TeensySwerve/install/statistics_msgs/share/statistics_msgs/package.dsv
[5.653s] -- Up-to-date: /home/aidan/GitHub/AidansRepo/TeensySwerve/install/statistics_msgs/share/ament_index/resource_index/packages/statistics_msgs
[5.653s] -- Up-to-date: /home/aidan/GitHub/AidansRepo/TeensySwerve/install/statistics_msgs/share/statistics_msgs/cmake/export_statistics_msgs__rosidl_generator_cExport.cmake
[5.653s] -- Up-to-date: /home/aidan/GitHub/AidansRepo/TeensySwerve/install/statistics_msgs/share/statistics_msgs/cmake/export_statistics_msgs__rosidl_generator_cExport-noconfig.cmake
[5.655s] -- Up-to-date: /home/aidan/GitHub/AidansRepo/TeensySwerve/install/statistics_msgs/share/statistics_msgs/cmake/export_statistics_msgs__rosidl_typesupport_fastrtps_cExport.cmake
[5.655s] -- Up-to-date: /home/aidan/GitHub/AidansRepo/TeensySwerve/install/statistics_msgs/share/statistics_msgs/cmake/export_statistics_msgs__rosidl_typesupport_fastrtps_cExport-noconfig.cmake
[5.656s] -- Up-to-date: /home/aidan/GitHub/AidansRepo/TeensySwerve/install/statistics_msgs/share/statistics_msgs/cmake/export_statistics_msgs__rosidl_generator_cppExport.cmake
[5.656s] -- Up-to-date: /home/aidan/GitHub/AidansRepo/TeensySwerve/install/statistics_msgs/share/statistics_msgs/cmake/export_statistics_msgs__rosidl_typesupport_fastrtps_cppExport.cmake
[5.656s] -- Up-to-date: /home/aidan/GitHub/AidansRepo/TeensySwerve/install/statistics_msgs/share/statistics_msgs/cmake/export_statistics_msgs__rosidl_typesupport_fastrtps_cppExport-noconfig.cmake
[5.656s] -- Up-to-date: /home/aidan/GitHub/AidansRepo/TeensySwerve/install/statistics_msgs/share/statistics_msgs/cmake/statistics_msgs__rosidl_typesupport_introspection_cExport.cmake
[5.656s] -- Up-to-date: /home/aidan/GitHub/AidansRepo/TeensySwerve/install/statistics_msgs/share/statistics_msgs/cmake/statistics_msgs__rosidl_typesupport_introspection_cExport-noconfig.cmake
[5.657s] -- Up-to-date: /home/aidan/GitHub/AidansRepo/TeensySwerve/install/statistics_msgs/share/statistics_msgs/cmake/statistics_msgs__rosidl_typesupport_cExport.cmake
[5.657s] -- Up-to-date: /home/aidan/GitHub/AidansRepo/TeensySwerve/install/statistics_msgs/share/statistics_msgs/cmake/statistics_msgs__rosidl_typesupport_cExport-noconfig.cmake
[5.657s] -- Up-to-date: /home/aidan/GitHub/AidansRepo/TeensySwerve/install/statistics_msgs/share/statistics_msgs/cmake/statistics_msgs__rosidl_typesupport_introspection_cppExport.cmake
[5.667s] -- Up-to-date: /home/aidan/GitHub/AidansRepo/TeensySwerve/install/statistics_msgs/share/statistics_msgs/cmake/statistics_msgs__rosidl_typesupport_introspection_cppExport-noconfig.cmake
[5.667s] -- Up-to-date: /home/aidan/GitHub/AidansRepo/TeensySwerve/install/statistics_msgs/share/statistics_msgs/cmake/statistics_msgs__rosidl_typesupport_cppExport.cmake
[5.668s] -- Up-to-date: /home/aidan/GitHub/AidansRepo/TeensySwerve/install/statistics_msgs/share/statistics_msgs/cmake/statistics_msgs__rosidl_typesupport_cppExport-noconfig.cmake
[5.668s] -- Up-to-date: /home/aidan/GitHub/AidansRepo/TeensySwerve/install/statistics_msgs/share/statistics_msgs/cmake/export_statistics_msgs__rosidl_generator_pyExport.cmake
[5.668s] -- Up-to-date: /home/aidan/GitHub/AidansRepo/TeensySwerve/install/statistics_msgs/share/statistics_msgs/cmake/export_statistics_msgs__rosidl_generator_pyExport-noconfig.cmake
[5.668s] -- Up-to-date: /home/aidan/GitHub/AidansRepo/TeensySwerve/install/statistics_msgs/share/statistics_msgs/cmake/rosidl_cmake-extras.cmake
[5.669s] -- Up-to-date: /home/aidan/GitHub/AidansRepo/TeensySwerve/install/statistics_msgs/share/statistics_msgs/cmake/ament_cmake_export_dependencies-extras.cmake
[5.669s] -- Up-to-date: /home/aidan/GitHub/AidansRepo/TeensySwerve/install/statistics_msgs/share/statistics_msgs/cmake/ament_cmake_export_include_directories-extras.cmake
[5.675s] -- Up-to-date: /home/aidan/GitHub/AidansRepo/TeensySwerve/install/statistics_msgs/share/statistics_msgs/cmake/ament_cmake_export_libraries-extras.cmake
[5.682s] -- Up-to-date: /home/aidan/GitHub/AidansRepo/TeensySwerve/install/statistics_msgs/share/statistics_msgs/cmake/ament_cmake_export_targets-extras.cmake
[5.683s] -- Up-to-date: /home/aidan/GitHub/AidansRepo/TeensySwerve/install/statistics_msgs/share/statistics_msgs/cmake/rosidl_cmake_export_typesupport_targets-extras.cmake
[5.683s] -- Up-to-date: /home/aidan/GitHub/AidansRepo/TeensySwerve/install/statistics_msgs/share/statistics_msgs/cmake/rosidl_cmake_export_typesupport_libraries-extras.cmake
[5.683s] -- Up-to-date: /home/aidan/GitHub/AidansRepo/TeensySwerve/install/statistics_msgs/share/statistics_msgs/cmake/statistics_msgsConfig.cmake
[5.684s] -- Up-to-date: /home/aidan/GitHub/AidansRepo/TeensySwerve/install/statistics_msgs/share/statistics_msgs/cmake/statistics_msgsConfig-version.cmake
[5.684s] -- Up-to-date: /home/aidan/GitHub/AidansRepo/TeensySwerve/install/statistics_msgs/share/statistics_msgs/package.xml
[5.687s] Invoked command in '/home/aidan/GitHub/AidansRepo/TeensySwerve/build/statistics_msgs' returned '0': AMENT_PREFIX_PATH=/home/aidan/GitHub/AidansRepo/TeensySwerve/install/builtin_interfaces:${AMENT_PREFIX_PATH} CMAKE_PREFIX_PATH=/home/aidan/GitHub/AidansRepo/TeensySwerve/install/builtin_interfaces:/home/aidan/GitHub/AidansRepo/TeensySwerve/install/tnsy_interfaces:/home/aidan/microros_ws/install/micro_ros_setup:/home/aidan/microros_ws/install/micro_ros_agent:/home/aidan/microros_ws/install/micro_ros_msgs:/home/aidan/GitHub/AidansRepo/TeensySwerve/install/tnsy_swrv_controller:/opt/ros/humble LD_LIBRARY_PATH=/home/aidan/GitHub/AidansRepo/TeensySwerve/install/builtin_interfaces/lib:${LD_LIBRARY_PATH} PYTHONPATH=/home/aidan/GitHub/AidansRepo/TeensySwerve/install/builtin_interfaces/local/lib/python3.10/dist-packages:${PYTHONPATH} /usr/bin/cmake --install /home/aidan/GitHub/AidansRepo/TeensySwerve/build/statistics_msgs
