[0.059s] Invoking command in '/home/aidan/GitHub/AidansRepo/TeensySwerve/build/lifecycle_msgs': CMAKE_PREFIX_PATH=${CMAKE_PREFIX_PATH}:/home/aidan/GitHub/AidansRepo/TeensySwerve/install/tnsy_swrv_controller:/opt/ros/humble /usr/bin/cmake /home/aidan/GitHub/AidansRepo/TeensySwerve/src/ros2/rcl_interfaces/lifecycle_msgs -DCMAKE_INSTALL_PREFIX=/home/aidan/GitHub/AidansRepo/TeensySwerve/install/lifecycle_msgs
[0.373s] -- The C compiler identification is GNU 11.4.0
[0.672s] -- The CXX compiler identification is GNU 11.4.0
[0.716s] -- Detecting C compiler ABI info
[1.062s] -- Detecting C compiler ABI info - done
[1.105s] -- Check for working C compiler: /usr/bin/cc - skipped
[1.108s] -- Detecting C compile features
[1.109s] -- Detecting C compile features - done
[1.122s] -- Detecting CXX compiler ABI info
[1.479s] -- Detecting CXX compiler ABI info - done
[1.558s] -- Check for working CXX compiler: /usr/bin/c++ - skipped
[1.558s] -- Detecting CXX compile features
[1.566s] -- Detecting CXX compile features - done
[1.586s] -- Found ament_cmake: 1.3.11 (/opt/ros/humble/share/ament_cmake/cmake)
[2.132s] -- Found Python3: /usr/bin/python3 (found version "3.10.12") found components: Interpreter 
[2.393s] -- Found rosidl_default_generators: 1.2.0 (/opt/ros/humble/share/rosidl_default_generators/cmake)
[2.402s] -- Using all available rosidl_typesupport_c: rosidl_typesupport_fastrtps_c;rosidl_typesupport_introspection_c
[2.429s] -- Found rosidl_adapter: 3.1.6 (/opt/ros/humble/share/rosidl_adapter/cmake)
[2.545s] -- Using all available rosidl_typesupport_cpp: rosidl_typesupport_fastrtps_cpp;rosidl_typesupport_introspection_cpp
[4.185s] -- Found ament_cmake_cppcheck: 0.12.12 (/opt/ros/humble/share/ament_cmake_cppcheck/cmake)
[4.195s] -- Found ament_cmake_cpplint: 0.12.12 (/opt/ros/humble/share/ament_cmake_cpplint/cmake)
[4.200s] -- Found ament_cmake_uncrustify: 0.12.12 (/opt/ros/humble/share/ament_cmake_uncrustify/cmake)
[4.211s] -- Found ament_cmake_ros: 0.10.0 (/opt/ros/humble/share/ament_cmake_ros/cmake)
[5.221s] -- Using all available rosidl_typesupport_c: rosidl_typesupport_fastrtps_c;rosidl_typesupport_introspection_c
[6.191s] -- Using all available rosidl_typesupport_cpp: rosidl_typesupport_fastrtps_cpp;rosidl_typesupport_introspection_cpp
[6.303s] -- Found PythonInterp: /usr/bin/python3 (found suitable version "3.10.12", minimum required is "3.6") 
[6.312s] -- Found python_cmake_module: 0.10.0 (/opt/ros/humble/share/python_cmake_module/cmake)
[6.461s] -- Found PythonLibs: /usr/lib/x86_64-linux-gnu/libpython3.10.so (found suitable version "3.10.12", minimum required is "3.5") 
[6.467s] -- Using PYTHON_EXECUTABLE: /usr/bin/python3
[6.474s] -- Using PYTHON_INCLUDE_DIRS: /usr/include/python3.10
[6.475s] -- Using PYTHON_LIBRARIES: /usr/lib/x86_64-linux-gnu/libpython3.10.so
[6.601s] -- Found PythonExtra: .so  
[6.876s] -- Found ament_cmake_flake8: 0.12.12 (/opt/ros/humble/share/ament_cmake_flake8/cmake)
[6.900s] -- Found ament_cmake_pep257: 0.12.12 (/opt/ros/humble/share/ament_cmake_pep257/cmake)
[6.919s] -- Found ament_lint_auto: 0.12.12 (/opt/ros/humble/share/ament_lint_auto/cmake)
[7.045s] -- Added test 'copyright' to check source files copyright and LICENSE
[7.048s] -- Added test 'lint_cmake' to check CMake code style
[7.054s] -- Added test 'xmllint' to check XML markup files
[7.086s] -- Configuring done
[7.257s] -- Generating done
[7.261s] -- Build files have been written to: /home/aidan/GitHub/AidansRepo/TeensySwerve/build/lifecycle_msgs
[7.290s] Invoked command in '/home/aidan/GitHub/AidansRepo/TeensySwerve/build/lifecycle_msgs' returned '0': CMAKE_PREFIX_PATH=${CMAKE_PREFIX_PATH}:/home/aidan/GitHub/AidansRepo/TeensySwerve/install/tnsy_swrv_controller:/opt/ros/humble /usr/bin/cmake /home/aidan/GitHub/AidansRepo/TeensySwerve/src/ros2/rcl_interfaces/lifecycle_msgs -DCMAKE_INSTALL_PREFIX=/home/aidan/GitHub/AidansRepo/TeensySwerve/install/lifecycle_msgs
[7.297s] Invoking command in '/home/aidan/GitHub/AidansRepo/TeensySwerve/build/lifecycle_msgs': CMAKE_PREFIX_PATH=${CMAKE_PREFIX_PATH}:/home/aidan/GitHub/AidansRepo/TeensySwerve/install/tnsy_swrv_controller:/opt/ros/humble /usr/bin/cmake --build /home/aidan/GitHub/AidansRepo/TeensySwerve/build/lifecycle_msgs -- -j4 -l4
[7.508s] [  1%] [34m[1mGenerating C++ code for ROS interfaces[0m
[14.279s] [  1%] Built target lifecycle_msgs__cpp
[14.425s] [  1%] Built target ament_cmake_python_copy_lifecycle_msgs
[14.453s] [  2%] [34m[1mGenerating C++ type support for eProsima Fast-RTPS[0m
[20.399s] [  3%] [32mBuilding CXX object CMakeFiles/lifecycle_msgs__rosidl_typesupport_fastrtps_cpp.dir/rosidl_typesupport_fastrtps_cpp/lifecycle_msgs/msg/detail/dds_fastrtps/state__type_support.cpp.o[0m
[21.864s] [  4%] [32mBuilding CXX object CMakeFiles/lifecycle_msgs__rosidl_typesupport_fastrtps_cpp.dir/rosidl_typesupport_fastrtps_cpp/lifecycle_msgs/msg/detail/dds_fastrtps/transition__type_support.cpp.o[0m
[23.252s] [  5%] [32mBuilding CXX object CMakeFiles/lifecycle_msgs__rosidl_typesupport_fastrtps_cpp.dir/rosidl_typesupport_fastrtps_cpp/lifecycle_msgs/msg/detail/dds_fastrtps/transition_description__type_support.cpp.o[0m
[25.091s] [  6%] [32mBuilding CXX object CMakeFiles/lifecycle_msgs__rosidl_typesupport_fastrtps_cpp.dir/rosidl_typesupport_fastrtps_cpp/lifecycle_msgs/msg/detail/dds_fastrtps/transition_event__type_support.cpp.o[0m
[27.049s] [  8%] [32mBuilding CXX object CMakeFiles/lifecycle_msgs__rosidl_typesupport_fastrtps_cpp.dir/rosidl_typesupport_fastrtps_cpp/lifecycle_msgs/srv/detail/dds_fastrtps/change_state__type_support.cpp.o[0m
[28.870s] [  9%] [32mBuilding CXX object CMakeFiles/lifecycle_msgs__rosidl_typesupport_fastrtps_cpp.dir/rosidl_typesupport_fastrtps_cpp/lifecycle_msgs/srv/detail/dds_fastrtps/get_available_states__type_support.cpp.o[0m
[31.280s] [ 10%] [32mBuilding CXX object CMakeFiles/lifecycle_msgs__rosidl_typesupport_fastrtps_cpp.dir/rosidl_typesupport_fastrtps_cpp/lifecycle_msgs/srv/detail/dds_fastrtps/get_available_transitions__type_support.cpp.o[0m
[33.170s] [ 11%] [32mBuilding CXX object CMakeFiles/lifecycle_msgs__rosidl_typesupport_fastrtps_cpp.dir/rosidl_typesupport_fastrtps_cpp/lifecycle_msgs/srv/detail/dds_fastrtps/get_state__type_support.cpp.o[0m
[35.266s] [ 12%] [32m[1mLinking CXX shared library liblifecycle_msgs__rosidl_typesupport_fastrtps_cpp.so[0m
[35.698s] [ 12%] Built target lifecycle_msgs__rosidl_typesupport_fastrtps_cpp
[35.761s] [ 13%] [34m[1mGenerating C++ introspection for ROS interfaces[0m
[40.537s] [ 14%] [32mBuilding CXX object CMakeFiles/lifecycle_msgs__rosidl_typesupport_introspection_cpp.dir/rosidl_typesupport_introspection_cpp/lifecycle_msgs/msg/detail/state__type_support.cpp.o[0m
[42.421s] [ 16%] [32mBuilding CXX object CMakeFiles/lifecycle_msgs__rosidl_typesupport_introspection_cpp.dir/rosidl_typesupport_introspection_cpp/lifecycle_msgs/msg/detail/transition__type_support.cpp.o[0m
[43.942s] [ 17%] [32mBuilding CXX object CMakeFiles/lifecycle_msgs__rosidl_typesupport_introspection_cpp.dir/rosidl_typesupport_introspection_cpp/lifecycle_msgs/msg/detail/transition_description__type_support.cpp.o[0m
[45.322s] [ 18%] [32mBuilding CXX object CMakeFiles/lifecycle_msgs__rosidl_typesupport_introspection_cpp.dir/rosidl_typesupport_introspection_cpp/lifecycle_msgs/msg/detail/transition_event__type_support.cpp.o[0m
[46.641s] [ 19%] [32mBuilding CXX object CMakeFiles/lifecycle_msgs__rosidl_typesupport_introspection_cpp.dir/rosidl_typesupport_introspection_cpp/lifecycle_msgs/srv/detail/change_state__type_support.cpp.o[0m
[48.635s] [ 20%] [32mBuilding CXX object CMakeFiles/lifecycle_msgs__rosidl_typesupport_introspection_cpp.dir/rosidl_typesupport_introspection_cpp/lifecycle_msgs/srv/detail/get_available_states__type_support.cpp.o[0m
[50.259s] [ 21%] [32mBuilding CXX object CMakeFiles/lifecycle_msgs__rosidl_typesupport_introspection_cpp.dir/rosidl_typesupport_introspection_cpp/lifecycle_msgs/srv/detail/get_available_transitions__type_support.cpp.o[0m
[52.087s] [ 22%] [32mBuilding CXX object CMakeFiles/lifecycle_msgs__rosidl_typesupport_introspection_cpp.dir/rosidl_typesupport_introspection_cpp/lifecycle_msgs/srv/detail/get_state__type_support.cpp.o[0m
[53.583s] [ 24%] [32m[1mLinking CXX shared library liblifecycle_msgs__rosidl_typesupport_introspection_cpp.so[0m
[54.005s] [ 24%] Built target lifecycle_msgs__rosidl_typesupport_introspection_cpp
[55.187s] running egg_info
[55.187s] creating lifecycle_msgs.egg-info
[55.189s] writing lifecycle_msgs.egg-info/PKG-INFO
[55.189s] writing dependency_links to lifecycle_msgs.egg-info/dependency_links.txt
[55.190s] writing top-level names to lifecycle_msgs.egg-info/top_level.txt
[55.190s] writing manifest file 'lifecycle_msgs.egg-info/SOURCES.txt'
[55.199s] reading manifest file 'lifecycle_msgs.egg-info/SOURCES.txt'
[55.200s] writing manifest file 'lifecycle_msgs.egg-info/SOURCES.txt'
[55.284s] [ 24%] Built target ament_cmake_python_build_lifecycle_msgs_egg
[55.335s] [ 25%] [34m[1mGenerating C++ type support dispatch for ROS interfaces[0m
[58.754s] [ 26%] [32mBuilding CXX object CMakeFiles/lifecycle_msgs__rosidl_typesupport_cpp.dir/rosidl_typesupport_cpp/lifecycle_msgs/msg/state__type_support.cpp.o[0m
[59.806s] [ 27%] [32mBuilding CXX object CMakeFiles/lifecycle_msgs__rosidl_typesupport_cpp.dir/rosidl_typesupport_cpp/lifecycle_msgs/msg/transition_description__type_support.cpp.o[0m
[61.018s] [ 28%] [32mBuilding CXX object CMakeFiles/lifecycle_msgs__rosidl_typesupport_cpp.dir/rosidl_typesupport_cpp/lifecycle_msgs/msg/transition_event__type_support.cpp.o[0m
[62.107s] [ 29%] [32mBuilding CXX object CMakeFiles/lifecycle_msgs__rosidl_typesupport_cpp.dir/rosidl_typesupport_cpp/lifecycle_msgs/srv/change_state__type_support.cpp.o[0m
[63.429s] [ 31%] [32mBuilding CXX object CMakeFiles/lifecycle_msgs__rosidl_typesupport_cpp.dir/rosidl_typesupport_cpp/lifecycle_msgs/srv/get_available_states__type_support.cpp.o[0m
[64.735s] [ 32%] [32mBuilding CXX object CMakeFiles/lifecycle_msgs__rosidl_typesupport_cpp.dir/rosidl_typesupport_cpp/lifecycle_msgs/srv/get_available_transitions__type_support.cpp.o[0m
[66.290s] [ 33%] [32mBuilding CXX object CMakeFiles/lifecycle_msgs__rosidl_typesupport_cpp.dir/rosidl_typesupport_cpp/lifecycle_msgs/srv/get_state__type_support.cpp.o[0m
[67.659s] [ 34%] [32mBuilding CXX object CMakeFiles/lifecycle_msgs__rosidl_typesupport_cpp.dir/rosidl_typesupport_cpp/lifecycle_msgs/msg/transition__type_support.cpp.o[0m
[68.503s] [ 35%] [32m[1mLinking CXX shared library liblifecycle_msgs__rosidl_typesupport_cpp.so[0m
[68.674s] [ 35%] Built target lifecycle_msgs__rosidl_typesupport_cpp
[68.737s] [ 36%] [34m[1mGenerating C code for ROS interfaces[0m
[78.459s] [ 37%] [32mBuilding C object CMakeFiles/lifecycle_msgs__rosidl_generator_c.dir/rosidl_generator_c/lifecycle_msgs/msg/detail/state__functions.c.o[0m
[78.645s] [ 39%] [32mBuilding C object CMakeFiles/lifecycle_msgs__rosidl_generator_c.dir/rosidl_generator_c/lifecycle_msgs/msg/detail/transition_event__functions.c.o[0m
[78.971s] [ 40%] [32mBuilding C object CMakeFiles/lifecycle_msgs__rosidl_generator_c.dir/rosidl_generator_c/lifecycle_msgs/srv/detail/change_state__functions.c.o[0m
[79.329s] [ 41%] [32mBuilding C object CMakeFiles/lifecycle_msgs__rosidl_generator_c.dir/rosidl_generator_c/lifecycle_msgs/srv/detail/get_available_states__functions.c.o[0m
[79.694s] [ 42%] [32mBuilding C object CMakeFiles/lifecycle_msgs__rosidl_generator_c.dir/rosidl_generator_c/lifecycle_msgs/srv/detail/get_available_transitions__functions.c.o[0m
[80.114s] [ 43%] [32mBuilding C object CMakeFiles/lifecycle_msgs__rosidl_generator_c.dir/rosidl_generator_c/lifecycle_msgs/srv/detail/get_state__functions.c.o[0m
[80.373s] [ 44%] [32mBuilding C object CMakeFiles/lifecycle_msgs__rosidl_generator_c.dir/rosidl_generator_c/lifecycle_msgs/msg/detail/transition_description__functions.c.o[0m
[80.564s] [ 45%] [32mBuilding C object CMakeFiles/lifecycle_msgs__rosidl_generator_c.dir/rosidl_generator_c/lifecycle_msgs/msg/detail/transition__functions.c.o[0m
[80.819s] [ 47%] [32m[1mLinking C shared library liblifecycle_msgs__rosidl_generator_c.so[0m
[80.962s] [ 47%] Built target lifecycle_msgs__rosidl_generator_c
[80.990s] [ 48%] [34m[1mGenerating C type support for eProsima Fast-RTPS[0m
[86.509s] [ 49%] [32mBuilding CXX object CMakeFiles/lifecycle_msgs__rosidl_typesupport_fastrtps_c.dir/rosidl_typesupport_fastrtps_c/lifecycle_msgs/msg/detail/state__type_support_c.cpp.o[0m
[88.323s] [ 50%] [32mBuilding CXX object CMakeFiles/lifecycle_msgs__rosidl_typesupport_fastrtps_c.dir/rosidl_typesupport_fastrtps_c/lifecycle_msgs/msg/detail/transition__type_support_c.cpp.o[0m
[89.502s] [ 51%] [32mBuilding CXX object CMakeFiles/lifecycle_msgs__rosidl_typesupport_fastrtps_c.dir/rosidl_typesupport_fastrtps_c/lifecycle_msgs/msg/detail/transition_description__type_support_c.cpp.o[0m
[91.174s] [ 52%] [32mBuilding CXX object CMakeFiles/lifecycle_msgs__rosidl_typesupport_fastrtps_c.dir/rosidl_typesupport_fastrtps_c/lifecycle_msgs/msg/detail/transition_event__type_support_c.cpp.o[0m
[92.858s] [ 54%] [32mBuilding CXX object CMakeFiles/lifecycle_msgs__rosidl_typesupport_fastrtps_c.dir/rosidl_typesupport_fastrtps_c/lifecycle_msgs/srv/detail/change_state__type_support_c.cpp.o[0m
[95.067s] [ 55%] [32mBuilding CXX object CMakeFiles/lifecycle_msgs__rosidl_typesupport_fastrtps_c.dir/rosidl_typesupport_fastrtps_c/lifecycle_msgs/srv/detail/get_available_states__type_support_c.cpp.o[0m
[96.280s] [ 56%] [32mBuilding CXX object CMakeFiles/lifecycle_msgs__rosidl_typesupport_fastrtps_c.dir/rosidl_typesupport_fastrtps_c/lifecycle_msgs/srv/detail/get_available_transitions__type_support_c.cpp.o[0m
[97.862s] [ 57%] [32mBuilding CXX object CMakeFiles/lifecycle_msgs__rosidl_typesupport_fastrtps_c.dir/rosidl_typesupport_fastrtps_c/lifecycle_msgs/srv/detail/get_state__type_support_c.cpp.o[0m
[99.330s] [ 58%] [32m[1mLinking CXX shared library liblifecycle_msgs__rosidl_typesupport_fastrtps_c.so[0m
[99.637s] [ 58%] Built target lifecycle_msgs__rosidl_typesupport_fastrtps_c
[99.700s] [ 59%] [34m[1mGenerating C type support dispatch for ROS interfaces[0m
[106.992s] [ 60%] [32mBuilding CXX object CMakeFiles/lifecycle_msgs__rosidl_typesupport_c.dir/rosidl_typesupport_c/lifecycle_msgs/msg/state__type_support.cpp.o[0m
[107.171s] [ 62%] [32mBuilding CXX object CMakeFiles/lifecycle_msgs__rosidl_typesupport_c.dir/rosidl_typesupport_c/lifecycle_msgs/msg/transition_description__type_support.cpp.o[0m
[107.326s] [ 63%] [32mBuilding CXX object CMakeFiles/lifecycle_msgs__rosidl_typesupport_c.dir/rosidl_typesupport_c/lifecycle_msgs/msg/transition_event__type_support.cpp.o[0m
[107.510s] [ 64%] [32mBuilding CXX object CMakeFiles/lifecycle_msgs__rosidl_typesupport_c.dir/rosidl_typesupport_c/lifecycle_msgs/srv/change_state__type_support.cpp.o[0m
[107.807s] [ 65%] [32mBuilding CXX object CMakeFiles/lifecycle_msgs__rosidl_typesupport_c.dir/rosidl_typesupport_c/lifecycle_msgs/srv/get_available_states__type_support.cpp.o[0m
[108.054s] [ 66%] [32mBuilding CXX object CMakeFiles/lifecycle_msgs__rosidl_typesupport_c.dir/rosidl_typesupport_c/lifecycle_msgs/srv/get_available_transitions__type_support.cpp.o[0m
[108.288s] [ 67%] [32mBuilding CXX object CMakeFiles/lifecycle_msgs__rosidl_typesupport_c.dir/rosidl_typesupport_c/lifecycle_msgs/srv/get_state__type_support.cpp.o[0m
[108.507s] [ 68%] [32mBuilding CXX object CMakeFiles/lifecycle_msgs__rosidl_typesupport_c.dir/rosidl_typesupport_c/lifecycle_msgs/msg/transition__type_support.cpp.o[0m
[108.658s] [ 70%] [32m[1mLinking CXX shared library liblifecycle_msgs__rosidl_typesupport_c.so[0m
[108.779s] [ 70%] Built target lifecycle_msgs__rosidl_typesupport_c
[108.865s] [ 71%] [34m[1mGenerating C introspection for ROS interfaces[0m
[115.087s] [ 72%] [32mBuilding C object CMakeFiles/lifecycle_msgs__rosidl_typesupport_introspection_c.dir/rosidl_typesupport_introspection_c/lifecycle_msgs/msg/detail/state__type_support.c.o[0m
[115.223s] [ 73%] [32mBuilding C object CMakeFiles/lifecycle_msgs__rosidl_typesupport_introspection_c.dir/rosidl_typesupport_introspection_c/lifecycle_msgs/msg/detail/transition_event__type_support.c.o[0m
[115.394s] [ 74%] [32mBuilding C object CMakeFiles/lifecycle_msgs__rosidl_typesupport_introspection_c.dir/rosidl_typesupport_introspection_c/lifecycle_msgs/srv/detail/change_state__type_support.c.o[0m
[115.522s] [ 75%] [32mBuilding C object CMakeFiles/lifecycle_msgs__rosidl_typesupport_introspection_c.dir/rosidl_typesupport_introspection_c/lifecycle_msgs/srv/detail/get_available_states__type_support.c.o[0m
[115.664s] [ 77%] [32mBuilding C object CMakeFiles/lifecycle_msgs__rosidl_typesupport_introspection_c.dir/rosidl_typesupport_introspection_c/lifecycle_msgs/srv/detail/get_available_transitions__type_support.c.o[0m
[115.804s] [ 78%] [32mBuilding C object CMakeFiles/lifecycle_msgs__rosidl_typesupport_introspection_c.dir/rosidl_typesupport_introspection_c/lifecycle_msgs/srv/detail/get_state__type_support.c.o[0m
[116.003s] [ 79%] [32mBuilding C object CMakeFiles/lifecycle_msgs__rosidl_typesupport_introspection_c.dir/rosidl_typesupport_introspection_c/lifecycle_msgs/msg/detail/transition_description__type_support.c.o[0m
[116.189s] [ 80%] [32mBuilding C object CMakeFiles/lifecycle_msgs__rosidl_typesupport_introspection_c.dir/rosidl_typesupport_introspection_c/lifecycle_msgs/msg/detail/transition__type_support.c.o[0m
[116.346s] [ 81%] [32m[1mLinking C shared library liblifecycle_msgs__rosidl_typesupport_introspection_c.so[0m
[116.490s] [ 81%] Built target lifecycle_msgs__rosidl_typesupport_introspection_c
[116.594s] [ 81%] Built target lifecycle_msgs
[116.702s] [ 82%] [34m[1mGenerating Python code for ROS interfaces[0m
[130.819s] [ 82%] Built target lifecycle_msgs__py
[130.951s] [ 83%] [32mBuilding C object CMakeFiles/lifecycle_msgs__rosidl_generator_py.dir/rosidl_generator_py/lifecycle_msgs/msg/_state_s.c.o[0m
[131.865s] [ 85%] [32mBuilding C object CMakeFiles/lifecycle_msgs__rosidl_generator_py.dir/rosidl_generator_py/lifecycle_msgs/msg/_transition_event_s.c.o[0m
[132.830s] [ 86%] [32mBuilding C object CMakeFiles/lifecycle_msgs__rosidl_generator_py.dir/rosidl_generator_py/lifecycle_msgs/srv/_change_state_s.c.o[0m
[133.908s] [ 87%] [32mBuilding C object CMakeFiles/lifecycle_msgs__rosidl_generator_py.dir/rosidl_generator_py/lifecycle_msgs/srv/_get_available_states_s.c.o[0m
[134.778s] [ 88%] [32mBuilding C object CMakeFiles/lifecycle_msgs__rosidl_generator_py.dir/rosidl_generator_py/lifecycle_msgs/srv/_get_available_transitions_s.c.o[0m
[135.846s] [ 89%] [32mBuilding C object CMakeFiles/lifecycle_msgs__rosidl_generator_py.dir/rosidl_generator_py/lifecycle_msgs/srv/_get_state_s.c.o[0m
[136.411s] [ 90%] [32mBuilding C object CMakeFiles/lifecycle_msgs__rosidl_generator_py.dir/rosidl_generator_py/lifecycle_msgs/msg/_transition_description_s.c.o[0m
[137.197s] [ 91%] [32mBuilding C object CMakeFiles/lifecycle_msgs__rosidl_generator_py.dir/rosidl_generator_py/lifecycle_msgs/msg/_transition_s.c.o[0m
[137.948s] [ 93%] [32m[1mLinking C shared library rosidl_generator_py/lifecycle_msgs/liblifecycle_msgs__rosidl_generator_py.so[0m
[138.183s] [ 93%] Built target lifecycle_msgs__rosidl_generator_py
[138.361s] [ 94%] [32mBuilding C object CMakeFiles/lifecycle_msgs__rosidl_typesupport_fastrtps_c__pyext.dir/rosidl_generator_py/lifecycle_msgs/_lifecycle_msgs_s.ep.rosidl_typesupport_fastrtps_c.c.o[0m
[139.359s] [ 95%] [32m[1mLinking C shared library rosidl_generator_py/lifecycle_msgs/lifecycle_msgs_s__rosidl_typesupport_fastrtps_c.cpython-310-x86_64-linux-gnu.so[0m
[139.669s] [ 95%] Built target lifecycle_msgs__rosidl_typesupport_fastrtps_c__pyext
[139.766s] [ 96%] [32mBuilding C object CMakeFiles/lifecycle_msgs__rosidl_typesupport_c__pyext.dir/rosidl_generator_py/lifecycle_msgs/_lifecycle_msgs_s.ep.rosidl_typesupport_c.c.o[0m
[141.047s] [ 97%] [32m[1mLinking C shared library rosidl_generator_py/lifecycle_msgs/lifecycle_msgs_s__rosidl_typesupport_c.cpython-310-x86_64-linux-gnu.so[0m
[141.324s] [ 97%] Built target lifecycle_msgs__rosidl_typesupport_c__pyext
[141.450s] [ 98%] [32mBuilding C object CMakeFiles/lifecycle_msgs__rosidl_typesupport_introspection_c__pyext.dir/rosidl_generator_py/lifecycle_msgs/_lifecycle_msgs_s.ep.rosidl_typesupport_introspection_c.c.o[0m
[142.509s] [100%] [32m[1mLinking C shared library rosidl_generator_py/lifecycle_msgs/lifecycle_msgs_s__rosidl_typesupport_introspection_c.cpython-310-x86_64-linux-gnu.so[0m
[142.802s] [100%] Built target lifecycle_msgs__rosidl_typesupport_introspection_c__pyext
[142.893s] Invoked command in '/home/aidan/GitHub/AidansRepo/TeensySwerve/build/lifecycle_msgs' returned '0': CMAKE_PREFIX_PATH=${CMAKE_PREFIX_PATH}:/home/aidan/GitHub/AidansRepo/TeensySwerve/install/tnsy_swrv_controller:/opt/ros/humble /usr/bin/cmake --build /home/aidan/GitHub/AidansRepo/TeensySwerve/build/lifecycle_msgs -- -j4 -l4
[144.603s] Invoking command in '/home/aidan/GitHub/AidansRepo/TeensySwerve/build/lifecycle_msgs': CMAKE_PREFIX_PATH=${CMAKE_PREFIX_PATH}:/home/aidan/GitHub/AidansRepo/TeensySwerve/install/tnsy_swrv_controller:/opt/ros/humble /usr/bin/cmake --install /home/aidan/GitHub/AidansRepo/TeensySwerve/build/lifecycle_msgs
[144.691s] -- Install configuration: ""
[144.691s] -- Installing: /home/aidan/GitHub/AidansRepo/TeensySwerve/install/lifecycle_msgs/share/ament_index/resource_index/rosidl_interfaces/lifecycle_msgs
[144.692s] -- Installing: /home/aidan/GitHub/AidansRepo/TeensySwerve/install/lifecycle_msgs/include/lifecycle_msgs/lifecycle_msgs
[144.692s] -- Installing: /home/aidan/GitHub/AidansRepo/TeensySwerve/install/lifecycle_msgs/include/lifecycle_msgs/lifecycle_msgs/srv
[144.693s] -- Installing: /home/aidan/GitHub/AidansRepo/TeensySwerve/install/lifecycle_msgs/include/lifecycle_msgs/lifecycle_msgs/srv/change_state.h
[144.693s] -- Installing: /home/aidan/GitHub/AidansRepo/TeensySwerve/install/lifecycle_msgs/include/lifecycle_msgs/lifecycle_msgs/srv/get_available_transitions.h
[144.693s] -- Installing: /home/aidan/GitHub/AidansRepo/TeensySwerve/install/lifecycle_msgs/include/lifecycle_msgs/lifecycle_msgs/srv/get_state.h
[144.694s] -- Installing: /home/aidan/GitHub/AidansRepo/TeensySwerve/install/lifecycle_msgs/include/lifecycle_msgs/lifecycle_msgs/srv/get_available_states.h
[144.694s] -- Installing: /home/aidan/GitHub/AidansRepo/TeensySwerve/install/lifecycle_msgs/include/lifecycle_msgs/lifecycle_msgs/srv/detail
[144.694s] -- Installing: /home/aidan/GitHub/AidansRepo/TeensySwerve/install/lifecycle_msgs/include/lifecycle_msgs/lifecycle_msgs/srv/detail/change_state__functions.c
[144.695s] -- Installing: /home/aidan/GitHub/AidansRepo/TeensySwerve/install/lifecycle_msgs/include/lifecycle_msgs/lifecycle_msgs/srv/detail/get_available_states__functions.c
[144.695s] -- Installing: /home/aidan/GitHub/AidansRepo/TeensySwerve/install/lifecycle_msgs/include/lifecycle_msgs/lifecycle_msgs/srv/detail/get_available_transitions__type_support.h
[144.695s] -- Installing: /home/aidan/GitHub/AidansRepo/TeensySwerve/install/lifecycle_msgs/include/lifecycle_msgs/lifecycle_msgs/srv/detail/get_available_transitions__struct.h
[144.695s] -- Installing: /home/aidan/GitHub/AidansRepo/TeensySwerve/install/lifecycle_msgs/include/lifecycle_msgs/lifecycle_msgs/srv/detail/get_state__functions.c
[144.696s] -- Installing: /home/aidan/GitHub/AidansRepo/TeensySwerve/install/lifecycle_msgs/include/lifecycle_msgs/lifecycle_msgs/srv/detail/get_state__type_support.h
[144.696s] -- Installing: /home/aidan/GitHub/AidansRepo/TeensySwerve/install/lifecycle_msgs/include/lifecycle_msgs/lifecycle_msgs/srv/detail/get_state__functions.h
[144.696s] -- Installing: /home/aidan/GitHub/AidansRepo/TeensySwerve/install/lifecycle_msgs/include/lifecycle_msgs/lifecycle_msgs/srv/detail/get_available_transitions__functions.h
[144.697s] -- Installing: /home/aidan/GitHub/AidansRepo/TeensySwerve/install/lifecycle_msgs/include/lifecycle_msgs/lifecycle_msgs/srv/detail/get_available_transitions__functions.c
[144.697s] -- Installing: /home/aidan/GitHub/AidansRepo/TeensySwerve/install/lifecycle_msgs/include/lifecycle_msgs/lifecycle_msgs/srv/detail/change_state__struct.h
[144.698s] -- Installing: /home/aidan/GitHub/AidansRepo/TeensySwerve/install/lifecycle_msgs/include/lifecycle_msgs/lifecycle_msgs/srv/detail/get_available_states__struct.h
[144.698s] -- Installing: /home/aidan/GitHub/AidansRepo/TeensySwerve/install/lifecycle_msgs/include/lifecycle_msgs/lifecycle_msgs/srv/detail/get_available_states__type_support.h
[144.698s] -- Installing: /home/aidan/GitHub/AidansRepo/TeensySwerve/install/lifecycle_msgs/include/lifecycle_msgs/lifecycle_msgs/srv/detail/change_state__functions.h
[144.698s] -- Installing: /home/aidan/GitHub/AidansRepo/TeensySwerve/install/lifecycle_msgs/include/lifecycle_msgs/lifecycle_msgs/srv/detail/change_state__type_support.h
[144.699s] -- Installing: /home/aidan/GitHub/AidansRepo/TeensySwerve/install/lifecycle_msgs/include/lifecycle_msgs/lifecycle_msgs/srv/detail/get_state__struct.h
[144.700s] -- Installing: /home/aidan/GitHub/AidansRepo/TeensySwerve/install/lifecycle_msgs/include/lifecycle_msgs/lifecycle_msgs/srv/detail/get_available_states__functions.h
[144.701s] -- Installing: /home/aidan/GitHub/AidansRepo/TeensySwerve/install/lifecycle_msgs/include/lifecycle_msgs/lifecycle_msgs/msg
[144.702s] -- Installing: /home/aidan/GitHub/AidansRepo/TeensySwerve/install/lifecycle_msgs/include/lifecycle_msgs/lifecycle_msgs/msg/transition_event.h
[144.704s] -- Installing: /home/aidan/GitHub/AidansRepo/TeensySwerve/install/lifecycle_msgs/include/lifecycle_msgs/lifecycle_msgs/msg/transition_description.h
[144.705s] -- Installing: /home/aidan/GitHub/AidansRepo/TeensySwerve/install/lifecycle_msgs/include/lifecycle_msgs/lifecycle_msgs/msg/state.h
[144.705s] -- Installing: /home/aidan/GitHub/AidansRepo/TeensySwerve/install/lifecycle_msgs/include/lifecycle_msgs/lifecycle_msgs/msg/rosidl_generator_c__visibility_control.h
[144.705s] -- Installing: /home/aidan/GitHub/AidansRepo/TeensySwerve/install/lifecycle_msgs/include/lifecycle_msgs/lifecycle_msgs/msg/detail
[144.706s] -- Installing: /home/aidan/GitHub/AidansRepo/TeensySwerve/install/lifecycle_msgs/include/lifecycle_msgs/lifecycle_msgs/msg/detail/transition__type_support.h
[144.706s] -- Installing: /home/aidan/GitHub/AidansRepo/TeensySwerve/install/lifecycle_msgs/include/lifecycle_msgs/lifecycle_msgs/msg/detail/transition__functions.c
[144.706s] -- Installing: /home/aidan/GitHub/AidansRepo/TeensySwerve/install/lifecycle_msgs/include/lifecycle_msgs/lifecycle_msgs/msg/detail/transition_event__functions.h
[144.707s] -- Installing: /home/aidan/GitHub/AidansRepo/TeensySwerve/install/lifecycle_msgs/include/lifecycle_msgs/lifecycle_msgs/msg/detail/transition_event__functions.c
[144.707s] -- Installing: /home/aidan/GitHub/AidansRepo/TeensySwerve/install/lifecycle_msgs/include/lifecycle_msgs/lifecycle_msgs/msg/detail/transition_description__struct.h
[144.707s] -- Installing: /home/aidan/GitHub/AidansRepo/TeensySwerve/install/lifecycle_msgs/include/lifecycle_msgs/lifecycle_msgs/msg/detail/transition_description__functions.c
[144.707s] -- Installing: /home/aidan/GitHub/AidansRepo/TeensySwerve/install/lifecycle_msgs/include/lifecycle_msgs/lifecycle_msgs/msg/detail/transition_event__type_support.h
[144.707s] -- Installing: /home/aidan/GitHub/AidansRepo/TeensySwerve/install/lifecycle_msgs/include/lifecycle_msgs/lifecycle_msgs/msg/detail/transition__struct.h
[144.708s] -- Installing: /home/aidan/GitHub/AidansRepo/TeensySwerve/install/lifecycle_msgs/include/lifecycle_msgs/lifecycle_msgs/msg/detail/state__functions.c
[144.708s] -- Installing: /home/aidan/GitHub/AidansRepo/TeensySwerve/install/lifecycle_msgs/include/lifecycle_msgs/lifecycle_msgs/msg/detail/transition_description__functions.h
[144.708s] -- Installing: /home/aidan/GitHub/AidansRepo/TeensySwerve/install/lifecycle_msgs/include/lifecycle_msgs/lifecycle_msgs/msg/detail/state__functions.h
[144.708s] -- Installing: /home/aidan/GitHub/AidansRepo/TeensySwerve/install/lifecycle_msgs/include/lifecycle_msgs/lifecycle_msgs/msg/detail/state__type_support.h
[144.709s] -- Installing: /home/aidan/GitHub/AidansRepo/TeensySwerve/install/lifecycle_msgs/include/lifecycle_msgs/lifecycle_msgs/msg/detail/transition_event__struct.h
[144.709s] -- Installing: /home/aidan/GitHub/AidansRepo/TeensySwerve/install/lifecycle_msgs/include/lifecycle_msgs/lifecycle_msgs/msg/detail/state__struct.h
[144.710s] -- Installing: /home/aidan/GitHub/AidansRepo/TeensySwerve/install/lifecycle_msgs/include/lifecycle_msgs/lifecycle_msgs/msg/detail/transition_description__type_support.h
[144.710s] -- Installing: /home/aidan/GitHub/AidansRepo/TeensySwerve/install/lifecycle_msgs/include/lifecycle_msgs/lifecycle_msgs/msg/detail/transition__functions.h
[144.710s] -- Installing: /home/aidan/GitHub/AidansRepo/TeensySwerve/install/lifecycle_msgs/include/lifecycle_msgs/lifecycle_msgs/msg/transition.h
[144.711s] -- Installing: /home/aidan/GitHub/AidansRepo/TeensySwerve/install/lifecycle_msgs/share/lifecycle_msgs/environment/library_path.sh
[144.711s] -- Installing: /home/aidan/GitHub/AidansRepo/TeensySwerve/install/lifecycle_msgs/share/lifecycle_msgs/environment/library_path.dsv
[144.711s] -- Installing: /home/aidan/GitHub/AidansRepo/TeensySwerve/install/lifecycle_msgs/lib/liblifecycle_msgs__rosidl_generator_c.so
[144.711s] -- Set runtime path of "/home/aidan/GitHub/AidansRepo/TeensySwerve/install/lifecycle_msgs/lib/liblifecycle_msgs__rosidl_generator_c.so" to ""
[144.711s] -- Up-to-date: /home/aidan/GitHub/AidansRepo/TeensySwerve/install/lifecycle_msgs/include/lifecycle_msgs/lifecycle_msgs
[144.712s] -- Up-to-date: /home/aidan/GitHub/AidansRepo/TeensySwerve/install/lifecycle_msgs/include/lifecycle_msgs/lifecycle_msgs/srv
[144.712s] -- Up-to-date: /home/aidan/GitHub/AidansRepo/TeensySwerve/install/lifecycle_msgs/include/lifecycle_msgs/lifecycle_msgs/srv/detail
[144.712s] -- Installing: /home/aidan/GitHub/AidansRepo/TeensySwerve/install/lifecycle_msgs/include/lifecycle_msgs/lifecycle_msgs/srv/detail/get_available_states__rosidl_typesupport_fastrtps_c.h
[144.712s] -- Installing: /home/aidan/GitHub/AidansRepo/TeensySwerve/install/lifecycle_msgs/include/lifecycle_msgs/lifecycle_msgs/srv/detail/get_state__rosidl_typesupport_fastrtps_c.h
[144.712s] -- Installing: /home/aidan/GitHub/AidansRepo/TeensySwerve/install/lifecycle_msgs/include/lifecycle_msgs/lifecycle_msgs/srv/detail/change_state__rosidl_typesupport_fastrtps_c.h
[144.713s] -- Installing: /home/aidan/GitHub/AidansRepo/TeensySwerve/install/lifecycle_msgs/include/lifecycle_msgs/lifecycle_msgs/srv/detail/get_available_transitions__rosidl_typesupport_fastrtps_c.h
[144.713s] -- Up-to-date: /home/aidan/GitHub/AidansRepo/TeensySwerve/install/lifecycle_msgs/include/lifecycle_msgs/lifecycle_msgs/msg
[144.713s] -- Installing: /home/aidan/GitHub/AidansRepo/TeensySwerve/install/lifecycle_msgs/include/lifecycle_msgs/lifecycle_msgs/msg/rosidl_typesupport_fastrtps_c__visibility_control.h
[144.713s] -- Up-to-date: /home/aidan/GitHub/AidansRepo/TeensySwerve/install/lifecycle_msgs/include/lifecycle_msgs/lifecycle_msgs/msg/detail
[144.714s] -- Installing: /home/aidan/GitHub/AidansRepo/TeensySwerve/install/lifecycle_msgs/include/lifecycle_msgs/lifecycle_msgs/msg/detail/transition_event__rosidl_typesupport_fastrtps_c.h
[144.718s] -- Installing: /home/aidan/GitHub/AidansRepo/TeensySwerve/install/lifecycle_msgs/include/lifecycle_msgs/lifecycle_msgs/msg/detail/state__rosidl_typesupport_fastrtps_c.h
[144.718s] -- Installing: /home/aidan/GitHub/AidansRepo/TeensySwerve/install/lifecycle_msgs/include/lifecycle_msgs/lifecycle_msgs/msg/detail/transition_description__rosidl_typesupport_fastrtps_c.h
[144.719s] -- Installing: /home/aidan/GitHub/AidansRepo/TeensySwerve/install/lifecycle_msgs/include/lifecycle_msgs/lifecycle_msgs/msg/detail/transition__rosidl_typesupport_fastrtps_c.h
[144.719s] -- Installing: /home/aidan/GitHub/AidansRepo/TeensySwerve/install/lifecycle_msgs/lib/liblifecycle_msgs__rosidl_typesupport_fastrtps_c.so
[144.734s] -- Set runtime path of "/home/aidan/GitHub/AidansRepo/TeensySwerve/install/lifecycle_msgs/lib/liblifecycle_msgs__rosidl_typesupport_fastrtps_c.so" to ""
[144.740s] -- Up-to-date: /home/aidan/GitHub/AidansRepo/TeensySwerve/install/lifecycle_msgs/include/lifecycle_msgs/lifecycle_msgs
[144.741s] -- Up-to-date: /home/aidan/GitHub/AidansRepo/TeensySwerve/install/lifecycle_msgs/include/lifecycle_msgs/lifecycle_msgs/srv
[144.741s] -- Up-to-date: /home/aidan/GitHub/AidansRepo/TeensySwerve/install/lifecycle_msgs/include/lifecycle_msgs/lifecycle_msgs/srv/detail
[144.744s] -- Installing: /home/aidan/GitHub/AidansRepo/TeensySwerve/install/lifecycle_msgs/include/lifecycle_msgs/lifecycle_msgs/srv/detail/change_state__rosidl_typesupport_introspection_c.h
[144.746s] -- Installing: /home/aidan/GitHub/AidansRepo/TeensySwerve/install/lifecycle_msgs/include/lifecycle_msgs/lifecycle_msgs/srv/detail/get_available_states__rosidl_typesupport_introspection_c.h
[144.747s] -- Installing: /home/aidan/GitHub/AidansRepo/TeensySwerve/install/lifecycle_msgs/include/lifecycle_msgs/lifecycle_msgs/srv/detail/get_available_transitions__rosidl_typesupport_introspection_c.h
[144.747s] -- Installing: /home/aidan/GitHub/AidansRepo/TeensySwerve/install/lifecycle_msgs/include/lifecycle_msgs/lifecycle_msgs/srv/detail/get_available_transitions__type_support.c
[144.748s] -- Installing: /home/aidan/GitHub/AidansRepo/TeensySwerve/install/lifecycle_msgs/include/lifecycle_msgs/lifecycle_msgs/srv/detail/get_state__type_support.c
[144.748s] -- Installing: /home/aidan/GitHub/AidansRepo/TeensySwerve/install/lifecycle_msgs/include/lifecycle_msgs/lifecycle_msgs/srv/detail/get_available_states__type_support.c
[144.749s] -- Installing: /home/aidan/GitHub/AidansRepo/TeensySwerve/install/lifecycle_msgs/include/lifecycle_msgs/lifecycle_msgs/srv/detail/get_state__rosidl_typesupport_introspection_c.h
[144.749s] -- Installing: /home/aidan/GitHub/AidansRepo/TeensySwerve/install/lifecycle_msgs/include/lifecycle_msgs/lifecycle_msgs/srv/detail/change_state__type_support.c
[144.761s] -- Up-to-date: /home/aidan/GitHub/AidansRepo/TeensySwerve/install/lifecycle_msgs/include/lifecycle_msgs/lifecycle_msgs/msg
[144.761s] -- Up-to-date: /home/aidan/GitHub/AidansRepo/TeensySwerve/install/lifecycle_msgs/include/lifecycle_msgs/lifecycle_msgs/msg/detail
[144.762s] -- Installing: /home/aidan/GitHub/AidansRepo/TeensySwerve/install/lifecycle_msgs/include/lifecycle_msgs/lifecycle_msgs/msg/detail/state__rosidl_typesupport_introspection_c.h
[144.762s] -- Installing: /home/aidan/GitHub/AidansRepo/TeensySwerve/install/lifecycle_msgs/include/lifecycle_msgs/lifecycle_msgs/msg/detail/transition_event__type_support.c
[144.763s] -- Installing: /home/aidan/GitHub/AidansRepo/TeensySwerve/install/lifecycle_msgs/include/lifecycle_msgs/lifecycle_msgs/msg/detail/transition_description__rosidl_typesupport_introspection_c.h
[144.763s] -- Installing: /home/aidan/GitHub/AidansRepo/TeensySwerve/install/lifecycle_msgs/include/lifecycle_msgs/lifecycle_msgs/msg/detail/transition_event__rosidl_typesupport_introspection_c.h
[144.764s] -- Installing: /home/aidan/GitHub/AidansRepo/TeensySwerve/install/lifecycle_msgs/include/lifecycle_msgs/lifecycle_msgs/msg/detail/transition_description__type_support.c
[144.764s] -- Installing: /home/aidan/GitHub/AidansRepo/TeensySwerve/install/lifecycle_msgs/include/lifecycle_msgs/lifecycle_msgs/msg/detail/transition__type_support.c
[144.764s] -- Installing: /home/aidan/GitHub/AidansRepo/TeensySwerve/install/lifecycle_msgs/include/lifecycle_msgs/lifecycle_msgs/msg/detail/state__type_support.c
[144.765s] -- Installing: /home/aidan/GitHub/AidansRepo/TeensySwerve/install/lifecycle_msgs/include/lifecycle_msgs/lifecycle_msgs/msg/detail/transition__rosidl_typesupport_introspection_c.h
[144.765s] -- Installing: /home/aidan/GitHub/AidansRepo/TeensySwerve/install/lifecycle_msgs/include/lifecycle_msgs/lifecycle_msgs/msg/rosidl_typesupport_introspection_c__visibility_control.h
[144.766s] -- Installing: /home/aidan/GitHub/AidansRepo/TeensySwerve/install/lifecycle_msgs/lib/liblifecycle_msgs__rosidl_typesupport_introspection_c.so
[144.767s] -- Set runtime path of "/home/aidan/GitHub/AidansRepo/TeensySwerve/install/lifecycle_msgs/lib/liblifecycle_msgs__rosidl_typesupport_introspection_c.so" to ""
[144.767s] -- Installing: /home/aidan/GitHub/AidansRepo/TeensySwerve/install/lifecycle_msgs/lib/liblifecycle_msgs__rosidl_typesupport_c.so
[144.768s] -- Set runtime path of "/home/aidan/GitHub/AidansRepo/TeensySwerve/install/lifecycle_msgs/lib/liblifecycle_msgs__rosidl_typesupport_c.so" to ""
[144.768s] -- Up-to-date: /home/aidan/GitHub/AidansRepo/TeensySwerve/install/lifecycle_msgs/include/lifecycle_msgs/lifecycle_msgs
[144.769s] -- Up-to-date: /home/aidan/GitHub/AidansRepo/TeensySwerve/install/lifecycle_msgs/include/lifecycle_msgs/lifecycle_msgs/srv
[144.769s] -- Installing: /home/aidan/GitHub/AidansRepo/TeensySwerve/install/lifecycle_msgs/include/lifecycle_msgs/lifecycle_msgs/srv/change_state.hpp
[144.770s] -- Installing: /home/aidan/GitHub/AidansRepo/TeensySwerve/install/lifecycle_msgs/include/lifecycle_msgs/lifecycle_msgs/srv/get_available_transitions.hpp
[144.770s] -- Installing: /home/aidan/GitHub/AidansRepo/TeensySwerve/install/lifecycle_msgs/include/lifecycle_msgs/lifecycle_msgs/srv/get_state.hpp
[144.770s] -- Installing: /home/aidan/GitHub/AidansRepo/TeensySwerve/install/lifecycle_msgs/include/lifecycle_msgs/lifecycle_msgs/srv/get_available_states.hpp
[144.771s] -- Up-to-date: /home/aidan/GitHub/AidansRepo/TeensySwerve/install/lifecycle_msgs/include/lifecycle_msgs/lifecycle_msgs/srv/detail
[144.771s] -- Installing: /home/aidan/GitHub/AidansRepo/TeensySwerve/install/lifecycle_msgs/include/lifecycle_msgs/lifecycle_msgs/srv/detail/get_available_transitions__struct.hpp
[144.771s] -- Installing: /home/aidan/GitHub/AidansRepo/TeensySwerve/install/lifecycle_msgs/include/lifecycle_msgs/lifecycle_msgs/srv/detail/get_state__traits.hpp
[144.772s] -- Installing: /home/aidan/GitHub/AidansRepo/TeensySwerve/install/lifecycle_msgs/include/lifecycle_msgs/lifecycle_msgs/srv/detail/get_state__builder.hpp
[144.772s] -- Installing: /home/aidan/GitHub/AidansRepo/TeensySwerve/install/lifecycle_msgs/include/lifecycle_msgs/lifecycle_msgs/srv/detail/get_available_transitions__traits.hpp
[144.772s] -- Installing: /home/aidan/GitHub/AidansRepo/TeensySwerve/install/lifecycle_msgs/include/lifecycle_msgs/lifecycle_msgs/srv/detail/get_available_transitions__type_support.hpp
[144.772s] -- Installing: /home/aidan/GitHub/AidansRepo/TeensySwerve/install/lifecycle_msgs/include/lifecycle_msgs/lifecycle_msgs/srv/detail/change_state__type_support.hpp
[144.773s] -- Installing: /home/aidan/GitHub/AidansRepo/TeensySwerve/install/lifecycle_msgs/include/lifecycle_msgs/lifecycle_msgs/srv/detail/change_state__traits.hpp
[144.773s] -- Installing: /home/aidan/GitHub/AidansRepo/TeensySwerve/install/lifecycle_msgs/include/lifecycle_msgs/lifecycle_msgs/srv/detail/get_state__type_support.hpp
[144.773s] -- Installing: /home/aidan/GitHub/AidansRepo/TeensySwerve/install/lifecycle_msgs/include/lifecycle_msgs/lifecycle_msgs/srv/detail/get_available_states__type_support.hpp
[144.773s] -- Installing: /home/aidan/GitHub/AidansRepo/TeensySwerve/install/lifecycle_msgs/include/lifecycle_msgs/lifecycle_msgs/srv/detail/get_state__struct.hpp
[144.774s] -- Installing: /home/aidan/GitHub/AidansRepo/TeensySwerve/install/lifecycle_msgs/include/lifecycle_msgs/lifecycle_msgs/srv/detail/get_available_states__builder.hpp
[144.774s] -- Installing: /home/aidan/GitHub/AidansRepo/TeensySwerve/install/lifecycle_msgs/include/lifecycle_msgs/lifecycle_msgs/srv/detail/get_available_states__struct.hpp
[144.775s] -- Installing: /home/aidan/GitHub/AidansRepo/TeensySwerve/install/lifecycle_msgs/include/lifecycle_msgs/lifecycle_msgs/srv/detail/get_available_transitions__builder.hpp
[144.775s] -- Installing: /home/aidan/GitHub/AidansRepo/TeensySwerve/install/lifecycle_msgs/include/lifecycle_msgs/lifecycle_msgs/srv/detail/change_state__struct.hpp
[144.775s] -- Installing: /home/aidan/GitHub/AidansRepo/TeensySwerve/install/lifecycle_msgs/include/lifecycle_msgs/lifecycle_msgs/srv/detail/change_state__builder.hpp
[144.776s] -- Installing: /home/aidan/GitHub/AidansRepo/TeensySwerve/install/lifecycle_msgs/include/lifecycle_msgs/lifecycle_msgs/srv/detail/get_available_states__traits.hpp
[144.776s] -- Up-to-date: /home/aidan/GitHub/AidansRepo/TeensySwerve/install/lifecycle_msgs/include/lifecycle_msgs/lifecycle_msgs/msg
[144.776s] -- Installing: /home/aidan/GitHub/AidansRepo/TeensySwerve/install/lifecycle_msgs/include/lifecycle_msgs/lifecycle_msgs/msg/transition_description.hpp
[144.777s] -- Installing: /home/aidan/GitHub/AidansRepo/TeensySwerve/install/lifecycle_msgs/include/lifecycle_msgs/lifecycle_msgs/msg/state.hpp
[144.777s] -- Installing: /home/aidan/GitHub/AidansRepo/TeensySwerve/install/lifecycle_msgs/include/lifecycle_msgs/lifecycle_msgs/msg/transition.hpp
[144.777s] -- Installing: /home/aidan/GitHub/AidansRepo/TeensySwerve/install/lifecycle_msgs/include/lifecycle_msgs/lifecycle_msgs/msg/transition_event.hpp
[144.778s] -- Up-to-date: /home/aidan/GitHub/AidansRepo/TeensySwerve/install/lifecycle_msgs/include/lifecycle_msgs/lifecycle_msgs/msg/detail
[144.778s] -- Installing: /home/aidan/GitHub/AidansRepo/TeensySwerve/install/lifecycle_msgs/include/lifecycle_msgs/lifecycle_msgs/msg/detail/state__type_support.hpp
[144.778s] -- Installing: /home/aidan/GitHub/AidansRepo/TeensySwerve/install/lifecycle_msgs/include/lifecycle_msgs/lifecycle_msgs/msg/detail/transition_description__builder.hpp
[144.779s] -- Installing: /home/aidan/GitHub/AidansRepo/TeensySwerve/install/lifecycle_msgs/include/lifecycle_msgs/lifecycle_msgs/msg/detail/transition__traits.hpp
[144.780s] -- Installing: /home/aidan/GitHub/AidansRepo/TeensySwerve/install/lifecycle_msgs/include/lifecycle_msgs/lifecycle_msgs/msg/detail/state__struct.hpp
[144.781s] -- Installing: /home/aidan/GitHub/AidansRepo/TeensySwerve/install/lifecycle_msgs/include/lifecycle_msgs/lifecycle_msgs/msg/detail/transition_event__type_support.hpp
[144.782s] -- Installing: /home/aidan/GitHub/AidansRepo/TeensySwerve/install/lifecycle_msgs/include/lifecycle_msgs/lifecycle_msgs/msg/detail/transition_description__type_support.hpp
[144.783s] -- Installing: /home/aidan/GitHub/AidansRepo/TeensySwerve/install/lifecycle_msgs/include/lifecycle_msgs/lifecycle_msgs/msg/detail/transition_event__traits.hpp
[144.783s] -- Installing: /home/aidan/GitHub/AidansRepo/TeensySwerve/install/lifecycle_msgs/include/lifecycle_msgs/lifecycle_msgs/msg/detail/transition__builder.hpp
[144.784s] -- Installing: /home/aidan/GitHub/AidansRepo/TeensySwerve/install/lifecycle_msgs/include/lifecycle_msgs/lifecycle_msgs/msg/detail/transition__struct.hpp
[144.786s] -- Installing: /home/aidan/GitHub/AidansRepo/TeensySwerve/install/lifecycle_msgs/include/lifecycle_msgs/lifecycle_msgs/msg/detail/transition__type_support.hpp
[144.786s] -- Installing: /home/aidan/GitHub/AidansRepo/TeensySwerve/install/lifecycle_msgs/include/lifecycle_msgs/lifecycle_msgs/msg/detail/state__builder.hpp
[144.787s] -- Installing: /home/aidan/GitHub/AidansRepo/TeensySwerve/install/lifecycle_msgs/include/lifecycle_msgs/lifecycle_msgs/msg/detail/state__traits.hpp
[144.788s] -- Installing: /home/aidan/GitHub/AidansRepo/TeensySwerve/install/lifecycle_msgs/include/lifecycle_msgs/lifecycle_msgs/msg/detail/transition_description__traits.hpp
[144.788s] -- Installing: /home/aidan/GitHub/AidansRepo/TeensySwerve/install/lifecycle_msgs/include/lifecycle_msgs/lifecycle_msgs/msg/detail/transition_event__struct.hpp
[144.789s] -- Installing: /home/aidan/GitHub/AidansRepo/TeensySwerve/install/lifecycle_msgs/include/lifecycle_msgs/lifecycle_msgs/msg/detail/transition_description__struct.hpp
[144.790s] -- Installing: /home/aidan/GitHub/AidansRepo/TeensySwerve/install/lifecycle_msgs/include/lifecycle_msgs/lifecycle_msgs/msg/detail/transition_event__builder.hpp
[144.791s] -- Installing: /home/aidan/GitHub/AidansRepo/TeensySwerve/install/lifecycle_msgs/include/lifecycle_msgs/lifecycle_msgs/msg/rosidl_generator_cpp__visibility_control.hpp
[144.791s] -- Up-to-date: /home/aidan/GitHub/AidansRepo/TeensySwerve/install/lifecycle_msgs/include/lifecycle_msgs/lifecycle_msgs
[144.792s] -- Up-to-date: /home/aidan/GitHub/AidansRepo/TeensySwerve/install/lifecycle_msgs/include/lifecycle_msgs/lifecycle_msgs/srv
[144.793s] -- Up-to-date: /home/aidan/GitHub/AidansRepo/TeensySwerve/install/lifecycle_msgs/include/lifecycle_msgs/lifecycle_msgs/srv/detail
[144.793s] -- Installing: /home/aidan/GitHub/AidansRepo/TeensySwerve/install/lifecycle_msgs/include/lifecycle_msgs/lifecycle_msgs/srv/detail/dds_fastrtps
[144.793s] -- Installing: /home/aidan/GitHub/AidansRepo/TeensySwerve/install/lifecycle_msgs/include/lifecycle_msgs/lifecycle_msgs/srv/detail/get_state__rosidl_typesupport_fastrtps_cpp.hpp
[144.793s] -- Installing: /home/aidan/GitHub/AidansRepo/TeensySwerve/install/lifecycle_msgs/include/lifecycle_msgs/lifecycle_msgs/srv/detail/get_available_transitions__rosidl_typesupport_fastrtps_cpp.hpp
[144.793s] -- Installing: /home/aidan/GitHub/AidansRepo/TeensySwerve/install/lifecycle_msgs/include/lifecycle_msgs/lifecycle_msgs/srv/detail/get_available_states__rosidl_typesupport_fastrtps_cpp.hpp
[144.794s] -- Installing: /home/aidan/GitHub/AidansRepo/TeensySwerve/install/lifecycle_msgs/include/lifecycle_msgs/lifecycle_msgs/srv/detail/change_state__rosidl_typesupport_fastrtps_cpp.hpp
[144.794s] -- Up-to-date: /home/aidan/GitHub/AidansRepo/TeensySwerve/install/lifecycle_msgs/include/lifecycle_msgs/lifecycle_msgs/msg
[144.794s] -- Installing: /home/aidan/GitHub/AidansRepo/TeensySwerve/install/lifecycle_msgs/include/lifecycle_msgs/lifecycle_msgs/msg/rosidl_typesupport_fastrtps_cpp__visibility_control.h
[144.796s] -- Up-to-date: /home/aidan/GitHub/AidansRepo/TeensySwerve/install/lifecycle_msgs/include/lifecycle_msgs/lifecycle_msgs/msg/detail
[144.797s] -- Installing: /home/aidan/GitHub/AidansRepo/TeensySwerve/install/lifecycle_msgs/include/lifecycle_msgs/lifecycle_msgs/msg/detail/transition_event__rosidl_typesupport_fastrtps_cpp.hpp
[144.799s] -- Installing: /home/aidan/GitHub/AidansRepo/TeensySwerve/install/lifecycle_msgs/include/lifecycle_msgs/lifecycle_msgs/msg/detail/transition__rosidl_typesupport_fastrtps_cpp.hpp
[144.800s] -- Installing: /home/aidan/GitHub/AidansRepo/TeensySwerve/install/lifecycle_msgs/include/lifecycle_msgs/lifecycle_msgs/msg/detail/dds_fastrtps
[144.801s] -- Installing: /home/aidan/GitHub/AidansRepo/TeensySwerve/install/lifecycle_msgs/include/lifecycle_msgs/lifecycle_msgs/msg/detail/state__rosidl_typesupport_fastrtps_cpp.hpp
[144.802s] -- Installing: /home/aidan/GitHub/AidansRepo/TeensySwerve/install/lifecycle_msgs/include/lifecycle_msgs/lifecycle_msgs/msg/detail/transition_description__rosidl_typesupport_fastrtps_cpp.hpp
[144.805s] -- Installing: /home/aidan/GitHub/AidansRepo/TeensySwerve/install/lifecycle_msgs/lib/liblifecycle_msgs__rosidl_typesupport_fastrtps_cpp.so
[144.805s] -- Set runtime path of "/home/aidan/GitHub/AidansRepo/TeensySwerve/install/lifecycle_msgs/lib/liblifecycle_msgs__rosidl_typesupport_fastrtps_cpp.so" to ""
[144.806s] -- Up-to-date: /home/aidan/GitHub/AidansRepo/TeensySwerve/install/lifecycle_msgs/include/lifecycle_msgs/lifecycle_msgs
[144.806s] -- Up-to-date: /home/aidan/GitHub/AidansRepo/TeensySwerve/install/lifecycle_msgs/include/lifecycle_msgs/lifecycle_msgs/srv
[144.806s] -- Up-to-date: /home/aidan/GitHub/AidansRepo/TeensySwerve/install/lifecycle_msgs/include/lifecycle_msgs/lifecycle_msgs/srv/detail
[144.807s] -- Installing: /home/aidan/GitHub/AidansRepo/TeensySwerve/install/lifecycle_msgs/include/lifecycle_msgs/lifecycle_msgs/srv/detail/change_state__type_support.cpp
[144.807s] -- Installing: /home/aidan/GitHub/AidansRepo/TeensySwerve/install/lifecycle_msgs/include/lifecycle_msgs/lifecycle_msgs/srv/detail/get_available_states__rosidl_typesupport_introspection_cpp.hpp
[144.808s] -- Installing: /home/aidan/GitHub/AidansRepo/TeensySwerve/install/lifecycle_msgs/include/lifecycle_msgs/lifecycle_msgs/srv/detail/get_available_transitions__rosidl_typesupport_introspection_cpp.hpp
[144.809s] -- Installing: /home/aidan/GitHub/AidansRepo/TeensySwerve/install/lifecycle_msgs/include/lifecycle_msgs/lifecycle_msgs/srv/detail/get_available_states__type_support.cpp
[144.809s] -- Installing: /home/aidan/GitHub/AidansRepo/TeensySwerve/install/lifecycle_msgs/include/lifecycle_msgs/lifecycle_msgs/srv/detail/get_state__rosidl_typesupport_introspection_cpp.hpp
[144.809s] -- Installing: /home/aidan/GitHub/AidansRepo/TeensySwerve/install/lifecycle_msgs/include/lifecycle_msgs/lifecycle_msgs/srv/detail/get_available_transitions__type_support.cpp
[144.809s] -- Installing: /home/aidan/GitHub/AidansRepo/TeensySwerve/install/lifecycle_msgs/include/lifecycle_msgs/lifecycle_msgs/srv/detail/change_state__rosidl_typesupport_introspection_cpp.hpp
[144.810s] -- Installing: /home/aidan/GitHub/AidansRepo/TeensySwerve/install/lifecycle_msgs/include/lifecycle_msgs/lifecycle_msgs/srv/detail/get_state__type_support.cpp
[144.812s] -- Up-to-date: /home/aidan/GitHub/AidansRepo/TeensySwerve/install/lifecycle_msgs/include/lifecycle_msgs/lifecycle_msgs/msg
[144.813s] -- Up-to-date: /home/aidan/GitHub/AidansRepo/TeensySwerve/install/lifecycle_msgs/include/lifecycle_msgs/lifecycle_msgs/msg/detail
[144.814s] -- Installing: /home/aidan/GitHub/AidansRepo/TeensySwerve/install/lifecycle_msgs/include/lifecycle_msgs/lifecycle_msgs/msg/detail/transition__type_support.cpp
[144.815s] -- Installing: /home/aidan/GitHub/AidansRepo/TeensySwerve/install/lifecycle_msgs/include/lifecycle_msgs/lifecycle_msgs/msg/detail/state__rosidl_typesupport_introspection_cpp.hpp
[144.815s] -- Installing: /home/aidan/GitHub/AidansRepo/TeensySwerve/install/lifecycle_msgs/include/lifecycle_msgs/lifecycle_msgs/msg/detail/transition_event__rosidl_typesupport_introspection_cpp.hpp
[144.815s] -- Installing: /home/aidan/GitHub/AidansRepo/TeensySwerve/install/lifecycle_msgs/include/lifecycle_msgs/lifecycle_msgs/msg/detail/transition_event__type_support.cpp
[144.816s] -- Installing: /home/aidan/GitHub/AidansRepo/TeensySwerve/install/lifecycle_msgs/include/lifecycle_msgs/lifecycle_msgs/msg/detail/transition__rosidl_typesupport_introspection_cpp.hpp
[144.817s] -- Installing: /home/aidan/GitHub/AidansRepo/TeensySwerve/install/lifecycle_msgs/include/lifecycle_msgs/lifecycle_msgs/msg/detail/transition_description__rosidl_typesupport_introspection_cpp.hpp
[144.818s] -- Installing: /home/aidan/GitHub/AidansRepo/TeensySwerve/install/lifecycle_msgs/include/lifecycle_msgs/lifecycle_msgs/msg/detail/transition_description__type_support.cpp
[144.818s] -- Installing: /home/aidan/GitHub/AidansRepo/TeensySwerve/install/lifecycle_msgs/include/lifecycle_msgs/lifecycle_msgs/msg/detail/state__type_support.cpp
[144.820s] -- Installing: /home/aidan/GitHub/AidansRepo/TeensySwerve/install/lifecycle_msgs/lib/liblifecycle_msgs__rosidl_typesupport_introspection_cpp.so
[144.821s] -- Set runtime path of "/home/aidan/GitHub/AidansRepo/TeensySwerve/install/lifecycle_msgs/lib/liblifecycle_msgs__rosidl_typesupport_introspection_cpp.so" to ""
[144.821s] -- Installing: /home/aidan/GitHub/AidansRepo/TeensySwerve/install/lifecycle_msgs/lib/liblifecycle_msgs__rosidl_typesupport_cpp.so
[144.821s] -- Set runtime path of "/home/aidan/GitHub/AidansRepo/TeensySwerve/install/lifecycle_msgs/lib/liblifecycle_msgs__rosidl_typesupport_cpp.so" to ""
[144.821s] -- Installing: /home/aidan/GitHub/AidansRepo/TeensySwerve/install/lifecycle_msgs/share/lifecycle_msgs/environment/pythonpath.sh
[144.822s] -- Installing: /home/aidan/GitHub/AidansRepo/TeensySwerve/install/lifecycle_msgs/share/lifecycle_msgs/environment/pythonpath.dsv
[144.822s] -- Installing: /home/aidan/GitHub/AidansRepo/TeensySwerve/install/lifecycle_msgs/local/lib/python3.10/dist-packages/lifecycle_msgs-1.2.1-py3.10.egg-info
[144.822s] -- Installing: /home/aidan/GitHub/AidansRepo/TeensySwerve/install/lifecycle_msgs/local/lib/python3.10/dist-packages/lifecycle_msgs-1.2.1-py3.10.egg-info/PKG-INFO
[144.822s] -- Installing: /home/aidan/GitHub/AidansRepo/TeensySwerve/install/lifecycle_msgs/local/lib/python3.10/dist-packages/lifecycle_msgs-1.2.1-py3.10.egg-info/SOURCES.txt
[144.823s] -- Installing: /home/aidan/GitHub/AidansRepo/TeensySwerve/install/lifecycle_msgs/local/lib/python3.10/dist-packages/lifecycle_msgs-1.2.1-py3.10.egg-info/dependency_links.txt
[144.823s] -- Installing: /home/aidan/GitHub/AidansRepo/TeensySwerve/install/lifecycle_msgs/local/lib/python3.10/dist-packages/lifecycle_msgs-1.2.1-py3.10.egg-info/top_level.txt
[144.823s] -- Installing: /home/aidan/GitHub/AidansRepo/TeensySwerve/install/lifecycle_msgs/local/lib/python3.10/dist-packages/lifecycle_msgs
[144.824s] -- Installing: /home/aidan/GitHub/AidansRepo/TeensySwerve/install/lifecycle_msgs/local/lib/python3.10/dist-packages/lifecycle_msgs/lifecycle_msgs_s__rosidl_typesupport_introspection_c.cpython-310-x86_64-linux-gnu.so
[144.824s] -- Installing: /home/aidan/GitHub/AidansRepo/TeensySwerve/install/lifecycle_msgs/local/lib/python3.10/dist-packages/lifecycle_msgs/_lifecycle_msgs_s.ep.rosidl_typesupport_fastrtps_c.c
[144.824s] -- Installing: /home/aidan/GitHub/AidansRepo/TeensySwerve/install/lifecycle_msgs/local/lib/python3.10/dist-packages/lifecycle_msgs/srv
[144.824s] -- Installing: /home/aidan/GitHub/AidansRepo/TeensySwerve/install/lifecycle_msgs/local/lib/python3.10/dist-packages/lifecycle_msgs/srv/_get_state.py
[144.824s] -- Installing: /home/aidan/GitHub/AidansRepo/TeensySwerve/install/lifecycle_msgs/local/lib/python3.10/dist-packages/lifecycle_msgs/srv/_get_available_states.py
[144.825s] -- Installing: /home/aidan/GitHub/AidansRepo/TeensySwerve/install/lifecycle_msgs/local/lib/python3.10/dist-packages/lifecycle_msgs/srv/_get_available_transitions_s.c
[144.825s] -- Installing: /home/aidan/GitHub/AidansRepo/TeensySwerve/install/lifecycle_msgs/local/lib/python3.10/dist-packages/lifecycle_msgs/srv/_get_available_states_s.c
[144.825s] -- Installing: /home/aidan/GitHub/AidansRepo/TeensySwerve/install/lifecycle_msgs/local/lib/python3.10/dist-packages/lifecycle_msgs/srv/__init__.py
[144.825s] -- Installing: /home/aidan/GitHub/AidansRepo/TeensySwerve/install/lifecycle_msgs/local/lib/python3.10/dist-packages/lifecycle_msgs/srv/_change_state.py
[144.826s] -- Installing: /home/aidan/GitHub/AidansRepo/TeensySwerve/install/lifecycle_msgs/local/lib/python3.10/dist-packages/lifecycle_msgs/srv/_get_available_transitions.py
[144.826s] -- Installing: /home/aidan/GitHub/AidansRepo/TeensySwerve/install/lifecycle_msgs/local/lib/python3.10/dist-packages/lifecycle_msgs/srv/_change_state_s.c
[144.826s] -- Installing: /home/aidan/GitHub/AidansRepo/TeensySwerve/install/lifecycle_msgs/local/lib/python3.10/dist-packages/lifecycle_msgs/srv/_get_state_s.c
[144.826s] -- Installing: /home/aidan/GitHub/AidansRepo/TeensySwerve/install/lifecycle_msgs/local/lib/python3.10/dist-packages/lifecycle_msgs/__init__.py
[144.827s] -- Installing: /home/aidan/GitHub/AidansRepo/TeensySwerve/install/lifecycle_msgs/local/lib/python3.10/dist-packages/lifecycle_msgs/liblifecycle_msgs__rosidl_generator_py.so
[144.827s] -- Installing: /home/aidan/GitHub/AidansRepo/TeensySwerve/install/lifecycle_msgs/local/lib/python3.10/dist-packages/lifecycle_msgs/msg
[144.827s] -- Installing: /home/aidan/GitHub/AidansRepo/TeensySwerve/install/lifecycle_msgs/local/lib/python3.10/dist-packages/lifecycle_msgs/msg/_transition_s.c
[144.827s] -- Installing: /home/aidan/GitHub/AidansRepo/TeensySwerve/install/lifecycle_msgs/local/lib/python3.10/dist-packages/lifecycle_msgs/msg/_transition_description_s.c
[144.827s] -- Installing: /home/aidan/GitHub/AidansRepo/TeensySwerve/install/lifecycle_msgs/local/lib/python3.10/dist-packages/lifecycle_msgs/msg/_state_s.c
[144.828s] -- Installing: /home/aidan/GitHub/AidansRepo/TeensySwerve/install/lifecycle_msgs/local/lib/python3.10/dist-packages/lifecycle_msgs/msg/_transition_event_s.c
[144.828s] -- Installing: /home/aidan/GitHub/AidansRepo/TeensySwerve/install/lifecycle_msgs/local/lib/python3.10/dist-packages/lifecycle_msgs/msg/_transition_event.py
[144.828s] -- Installing: /home/aidan/GitHub/AidansRepo/TeensySwerve/install/lifecycle_msgs/local/lib/python3.10/dist-packages/lifecycle_msgs/msg/_transition_description.py
[144.828s] -- Installing: /home/aidan/GitHub/AidansRepo/TeensySwerve/install/lifecycle_msgs/local/lib/python3.10/dist-packages/lifecycle_msgs/msg/__init__.py
[144.828s] -- Installing: /home/aidan/GitHub/AidansRepo/TeensySwerve/install/lifecycle_msgs/local/lib/python3.10/dist-packages/lifecycle_msgs/msg/_state.py
[144.828s] -- Installing: /home/aidan/GitHub/AidansRepo/TeensySwerve/install/lifecycle_msgs/local/lib/python3.10/dist-packages/lifecycle_msgs/msg/_transition.py
[144.829s] -- Installing: /home/aidan/GitHub/AidansRepo/TeensySwerve/install/lifecycle_msgs/local/lib/python3.10/dist-packages/lifecycle_msgs/_lifecycle_msgs_s.ep.rosidl_typesupport_c.c
[144.830s] -- Installing: /home/aidan/GitHub/AidansRepo/TeensySwerve/install/lifecycle_msgs/local/lib/python3.10/dist-packages/lifecycle_msgs/_lifecycle_msgs_s.ep.rosidl_typesupport_introspection_c.c
[144.830s] -- Installing: /home/aidan/GitHub/AidansRepo/TeensySwerve/install/lifecycle_msgs/local/lib/python3.10/dist-packages/lifecycle_msgs/lifecycle_msgs_s__rosidl_typesupport_c.cpython-310-x86_64-linux-gnu.so
[144.830s] -- Installing: /home/aidan/GitHub/AidansRepo/TeensySwerve/install/lifecycle_msgs/local/lib/python3.10/dist-packages/lifecycle_msgs/lifecycle_msgs_s__rosidl_typesupport_fastrtps_c.cpython-310-x86_64-linux-gnu.so
[145.284s] Listing '/home/aidan/GitHub/AidansRepo/TeensySwerve/install/lifecycle_msgs/local/lib/python3.10/dist-packages/lifecycle_msgs'...
[145.284s] Compiling '/home/aidan/GitHub/AidansRepo/TeensySwerve/install/lifecycle_msgs/local/lib/python3.10/dist-packages/lifecycle_msgs/__init__.py'...
[145.284s] Listing '/home/aidan/GitHub/AidansRepo/TeensySwerve/install/lifecycle_msgs/local/lib/python3.10/dist-packages/lifecycle_msgs/msg'...
[145.284s] Compiling '/home/aidan/GitHub/AidansRepo/TeensySwerve/install/lifecycle_msgs/local/lib/python3.10/dist-packages/lifecycle_msgs/msg/__init__.py'...
[145.285s] Compiling '/home/aidan/GitHub/AidansRepo/TeensySwerve/install/lifecycle_msgs/local/lib/python3.10/dist-packages/lifecycle_msgs/msg/_state.py'...
[145.285s] Compiling '/home/aidan/GitHub/AidansRepo/TeensySwerve/install/lifecycle_msgs/local/lib/python3.10/dist-packages/lifecycle_msgs/msg/_transition.py'...
[145.286s] Compiling '/home/aidan/GitHub/AidansRepo/TeensySwerve/install/lifecycle_msgs/local/lib/python3.10/dist-packages/lifecycle_msgs/msg/_transition_description.py'...
[145.286s] Compiling '/home/aidan/GitHub/AidansRepo/TeensySwerve/install/lifecycle_msgs/local/lib/python3.10/dist-packages/lifecycle_msgs/msg/_transition_event.py'...
[145.286s] Listing '/home/aidan/GitHub/AidansRepo/TeensySwerve/install/lifecycle_msgs/local/lib/python3.10/dist-packages/lifecycle_msgs/srv'...
[145.287s] Compiling '/home/aidan/GitHub/AidansRepo/TeensySwerve/install/lifecycle_msgs/local/lib/python3.10/dist-packages/lifecycle_msgs/srv/__init__.py'...
[145.287s] Compiling '/home/aidan/GitHub/AidansRepo/TeensySwerve/install/lifecycle_msgs/local/lib/python3.10/dist-packages/lifecycle_msgs/srv/_change_state.py'...
[145.287s] Compiling '/home/aidan/GitHub/AidansRepo/TeensySwerve/install/lifecycle_msgs/local/lib/python3.10/dist-packages/lifecycle_msgs/srv/_get_available_states.py'...
[145.293s] Compiling '/home/aidan/GitHub/AidansRepo/TeensySwerve/install/lifecycle_msgs/local/lib/python3.10/dist-packages/lifecycle_msgs/srv/_get_available_transitions.py'...
[145.293s] Compiling '/home/aidan/GitHub/AidansRepo/TeensySwerve/install/lifecycle_msgs/local/lib/python3.10/dist-packages/lifecycle_msgs/srv/_get_state.py'...
[145.326s] -- Installing: /home/aidan/GitHub/AidansRepo/TeensySwerve/install/lifecycle_msgs/local/lib/python3.10/dist-packages/lifecycle_msgs/lifecycle_msgs_s__rosidl_typesupport_fastrtps_c.cpython-310-x86_64-linux-gnu.so
[145.327s] -- Set runtime path of "/home/aidan/GitHub/AidansRepo/TeensySwerve/install/lifecycle_msgs/local/lib/python3.10/dist-packages/lifecycle_msgs/lifecycle_msgs_s__rosidl_typesupport_fastrtps_c.cpython-310-x86_64-linux-gnu.so" to ""
[145.327s] -- Installing: /home/aidan/GitHub/AidansRepo/TeensySwerve/install/lifecycle_msgs/local/lib/python3.10/dist-packages/lifecycle_msgs/lifecycle_msgs_s__rosidl_typesupport_introspection_c.cpython-310-x86_64-linux-gnu.so
[145.336s] -- Set runtime path of "/home/aidan/GitHub/AidansRepo/TeensySwerve/install/lifecycle_msgs/local/lib/python3.10/dist-packages/lifecycle_msgs/lifecycle_msgs_s__rosidl_typesupport_introspection_c.cpython-310-x86_64-linux-gnu.so" to ""
[145.337s] -- Installing: /home/aidan/GitHub/AidansRepo/TeensySwerve/install/lifecycle_msgs/local/lib/python3.10/dist-packages/lifecycle_msgs/lifecycle_msgs_s__rosidl_typesupport_c.cpython-310-x86_64-linux-gnu.so
[145.355s] -- Set runtime path of "/home/aidan/GitHub/AidansRepo/TeensySwerve/install/lifecycle_msgs/local/lib/python3.10/dist-packages/lifecycle_msgs/lifecycle_msgs_s__rosidl_typesupport_c.cpython-310-x86_64-linux-gnu.so" to ""
[145.356s] -- Installing: /home/aidan/GitHub/AidansRepo/TeensySwerve/install/lifecycle_msgs/lib/liblifecycle_msgs__rosidl_generator_py.so
[145.356s] -- Set runtime path of "/home/aidan/GitHub/AidansRepo/TeensySwerve/install/lifecycle_msgs/lib/liblifecycle_msgs__rosidl_generator_py.so" to ""
[145.356s] -- Installing: /home/aidan/GitHub/AidansRepo/TeensySwerve/install/lifecycle_msgs/share/lifecycle_msgs/msg/State.idl
[145.357s] -- Installing: /home/aidan/GitHub/AidansRepo/TeensySwerve/install/lifecycle_msgs/share/lifecycle_msgs/msg/Transition.idl
[145.357s] -- Installing: /home/aidan/GitHub/AidansRepo/TeensySwerve/install/lifecycle_msgs/share/lifecycle_msgs/msg/TransitionDescription.idl
[145.357s] -- Installing: /home/aidan/GitHub/AidansRepo/TeensySwerve/install/lifecycle_msgs/share/lifecycle_msgs/msg/TransitionEvent.idl
[145.369s] -- Installing: /home/aidan/GitHub/AidansRepo/TeensySwerve/install/lifecycle_msgs/share/lifecycle_msgs/srv/ChangeState.idl
[145.370s] -- Installing: /home/aidan/GitHub/AidansRepo/TeensySwerve/install/lifecycle_msgs/share/lifecycle_msgs/srv/GetAvailableStates.idl
[145.370s] -- Installing: /home/aidan/GitHub/AidansRepo/TeensySwerve/install/lifecycle_msgs/share/lifecycle_msgs/srv/GetAvailableTransitions.idl
[145.370s] -- Installing: /home/aidan/GitHub/AidansRepo/TeensySwerve/install/lifecycle_msgs/share/lifecycle_msgs/srv/GetState.idl
[145.371s] -- Installing: /home/aidan/GitHub/AidansRepo/TeensySwerve/install/lifecycle_msgs/share/lifecycle_msgs/msg/State.msg
[145.371s] -- Installing: /home/aidan/GitHub/AidansRepo/TeensySwerve/install/lifecycle_msgs/share/lifecycle_msgs/msg/Transition.msg
[145.376s] -- Installing: /home/aidan/GitHub/AidansRepo/TeensySwerve/install/lifecycle_msgs/share/lifecycle_msgs/msg/TransitionDescription.msg
[145.377s] -- Installing: /home/aidan/GitHub/AidansRepo/TeensySwerve/install/lifecycle_msgs/share/lifecycle_msgs/msg/TransitionEvent.msg
[145.377s] -- Installing: /home/aidan/GitHub/AidansRepo/TeensySwerve/install/lifecycle_msgs/share/lifecycle_msgs/srv/ChangeState.srv
[145.377s] -- Installing: /home/aidan/GitHub/AidansRepo/TeensySwerve/install/lifecycle_msgs/share/lifecycle_msgs/srv/ChangeState_Request.msg
[145.378s] -- Installing: /home/aidan/GitHub/AidansRepo/TeensySwerve/install/lifecycle_msgs/share/lifecycle_msgs/srv/ChangeState_Response.msg
[145.378s] -- Installing: /home/aidan/GitHub/AidansRepo/TeensySwerve/install/lifecycle_msgs/share/lifecycle_msgs/srv/GetAvailableStates.srv
[145.394s] -- Installing: /home/aidan/GitHub/AidansRepo/TeensySwerve/install/lifecycle_msgs/share/lifecycle_msgs/srv/GetAvailableStates_Request.msg
[145.395s] -- Installing: /home/aidan/GitHub/AidansRepo/TeensySwerve/install/lifecycle_msgs/share/lifecycle_msgs/srv/GetAvailableStates_Response.msg
[145.406s] -- Installing: /home/aidan/GitHub/AidansRepo/TeensySwerve/install/lifecycle_msgs/share/lifecycle_msgs/srv/GetAvailableTransitions.srv
[145.407s] -- Installing: /home/aidan/GitHub/AidansRepo/TeensySwerve/install/lifecycle_msgs/share/lifecycle_msgs/srv/GetAvailableTransitions_Request.msg
[145.407s] -- Installing: /home/aidan/GitHub/AidansRepo/TeensySwerve/install/lifecycle_msgs/share/lifecycle_msgs/srv/GetAvailableTransitions_Response.msg
[145.407s] -- Installing: /home/aidan/GitHub/AidansRepo/TeensySwerve/install/lifecycle_msgs/share/lifecycle_msgs/srv/GetState.srv
[145.411s] -- Installing: /home/aidan/GitHub/AidansRepo/TeensySwerve/install/lifecycle_msgs/share/lifecycle_msgs/srv/GetState_Request.msg
[145.412s] -- Installing: /home/aidan/GitHub/AidansRepo/TeensySwerve/install/lifecycle_msgs/share/lifecycle_msgs/srv/GetState_Response.msg
[145.413s] -- Installing: /home/aidan/GitHub/AidansRepo/TeensySwerve/install/lifecycle_msgs/share/ament_index/resource_index/package_run_dependencies/lifecycle_msgs
[145.419s] -- Installing: /home/aidan/GitHub/AidansRepo/TeensySwerve/install/lifecycle_msgs/share/ament_index/resource_index/parent_prefix_path/lifecycle_msgs
[145.422s] -- Installing: /home/aidan/GitHub/AidansRepo/TeensySwerve/install/lifecycle_msgs/share/lifecycle_msgs/environment/ament_prefix_path.sh
[145.423s] -- Installing: /home/aidan/GitHub/AidansRepo/TeensySwerve/install/lifecycle_msgs/share/lifecycle_msgs/environment/ament_prefix_path.dsv
[145.423s] -- Installing: /home/aidan/GitHub/AidansRepo/TeensySwerve/install/lifecycle_msgs/share/lifecycle_msgs/environment/path.sh
[145.423s] -- Installing: /home/aidan/GitHub/AidansRepo/TeensySwerve/install/lifecycle_msgs/share/lifecycle_msgs/environment/path.dsv
[145.423s] -- Installing: /home/aidan/GitHub/AidansRepo/TeensySwerve/install/lifecycle_msgs/share/lifecycle_msgs/local_setup.bash
[145.424s] -- Installing: /home/aidan/GitHub/AidansRepo/TeensySwerve/install/lifecycle_msgs/share/lifecycle_msgs/local_setup.sh
[145.437s] -- Installing: /home/aidan/GitHub/AidansRepo/TeensySwerve/install/lifecycle_msgs/share/lifecycle_msgs/local_setup.zsh
[145.440s] -- Installing: /home/aidan/GitHub/AidansRepo/TeensySwerve/install/lifecycle_msgs/share/lifecycle_msgs/local_setup.dsv
[145.441s] -- Installing: /home/aidan/GitHub/AidansRepo/TeensySwerve/install/lifecycle_msgs/share/lifecycle_msgs/package.dsv
[145.441s] -- Installing: /home/aidan/GitHub/AidansRepo/TeensySwerve/install/lifecycle_msgs/share/ament_index/resource_index/packages/lifecycle_msgs
[145.449s] -- Installing: /home/aidan/GitHub/AidansRepo/TeensySwerve/install/lifecycle_msgs/share/lifecycle_msgs/cmake/export_lifecycle_msgs__rosidl_generator_cExport.cmake
[145.449s] -- Installing: /home/aidan/GitHub/AidansRepo/TeensySwerve/install/lifecycle_msgs/share/lifecycle_msgs/cmake/export_lifecycle_msgs__rosidl_generator_cExport-noconfig.cmake
[145.452s] -- Installing: /home/aidan/GitHub/AidansRepo/TeensySwerve/install/lifecycle_msgs/share/lifecycle_msgs/cmake/export_lifecycle_msgs__rosidl_typesupport_fastrtps_cExport.cmake
[145.453s] -- Installing: /home/aidan/GitHub/AidansRepo/TeensySwerve/install/lifecycle_msgs/share/lifecycle_msgs/cmake/export_lifecycle_msgs__rosidl_typesupport_fastrtps_cExport-noconfig.cmake
[145.460s] -- Installing: /home/aidan/GitHub/AidansRepo/TeensySwerve/install/lifecycle_msgs/share/lifecycle_msgs/cmake/lifecycle_msgs__rosidl_typesupport_introspection_cExport.cmake
[145.461s] -- Installing: /home/aidan/GitHub/AidansRepo/TeensySwerve/install/lifecycle_msgs/share/lifecycle_msgs/cmake/lifecycle_msgs__rosidl_typesupport_introspection_cExport-noconfig.cmake
[145.462s] -- Installing: /home/aidan/GitHub/AidansRepo/TeensySwerve/install/lifecycle_msgs/share/lifecycle_msgs/cmake/lifecycle_msgs__rosidl_typesupport_cExport.cmake
[145.480s] -- Installing: /home/aidan/GitHub/AidansRepo/TeensySwerve/install/lifecycle_msgs/share/lifecycle_msgs/cmake/lifecycle_msgs__rosidl_typesupport_cExport-noconfig.cmake
[145.487s] -- Installing: /home/aidan/GitHub/AidansRepo/TeensySwerve/install/lifecycle_msgs/share/lifecycle_msgs/cmake/export_lifecycle_msgs__rosidl_generator_cppExport.cmake
[145.488s] -- Installing: /home/aidan/GitHub/AidansRepo/TeensySwerve/install/lifecycle_msgs/share/lifecycle_msgs/cmake/export_lifecycle_msgs__rosidl_typesupport_fastrtps_cppExport.cmake
[145.488s] -- Installing: /home/aidan/GitHub/AidansRepo/TeensySwerve/install/lifecycle_msgs/share/lifecycle_msgs/cmake/export_lifecycle_msgs__rosidl_typesupport_fastrtps_cppExport-noconfig.cmake
[145.488s] -- Installing: /home/aidan/GitHub/AidansRepo/TeensySwerve/install/lifecycle_msgs/share/lifecycle_msgs/cmake/lifecycle_msgs__rosidl_typesupport_introspection_cppExport.cmake
[145.488s] -- Installing: /home/aidan/GitHub/AidansRepo/TeensySwerve/install/lifecycle_msgs/share/lifecycle_msgs/cmake/lifecycle_msgs__rosidl_typesupport_introspection_cppExport-noconfig.cmake
[145.488s] -- Installing: /home/aidan/GitHub/AidansRepo/TeensySwerve/install/lifecycle_msgs/share/lifecycle_msgs/cmake/lifecycle_msgs__rosidl_typesupport_cppExport.cmake
[145.489s] -- Installing: /home/aidan/GitHub/AidansRepo/TeensySwerve/install/lifecycle_msgs/share/lifecycle_msgs/cmake/lifecycle_msgs__rosidl_typesupport_cppExport-noconfig.cmake
[145.489s] -- Installing: /home/aidan/GitHub/AidansRepo/TeensySwerve/install/lifecycle_msgs/share/lifecycle_msgs/cmake/export_lifecycle_msgs__rosidl_generator_pyExport.cmake
[145.489s] -- Installing: /home/aidan/GitHub/AidansRepo/TeensySwerve/install/lifecycle_msgs/share/lifecycle_msgs/cmake/export_lifecycle_msgs__rosidl_generator_pyExport-noconfig.cmake
[145.494s] -- Installing: /home/aidan/GitHub/AidansRepo/TeensySwerve/install/lifecycle_msgs/share/lifecycle_msgs/cmake/rosidl_cmake-extras.cmake
[145.495s] -- Installing: /home/aidan/GitHub/AidansRepo/TeensySwerve/install/lifecycle_msgs/share/lifecycle_msgs/cmake/ament_cmake_export_include_directories-extras.cmake
[145.495s] -- Installing: /home/aidan/GitHub/AidansRepo/TeensySwerve/install/lifecycle_msgs/share/lifecycle_msgs/cmake/ament_cmake_export_libraries-extras.cmake
[145.495s] -- Installing: /home/aidan/GitHub/AidansRepo/TeensySwerve/install/lifecycle_msgs/share/lifecycle_msgs/cmake/ament_cmake_export_targets-extras.cmake
[145.501s] -- Installing: /home/aidan/GitHub/AidansRepo/TeensySwerve/install/lifecycle_msgs/share/lifecycle_msgs/cmake/rosidl_cmake_export_typesupport_targets-extras.cmake
[145.502s] -- Installing: /home/aidan/GitHub/AidansRepo/TeensySwerve/install/lifecycle_msgs/share/lifecycle_msgs/cmake/ament_cmake_export_dependencies-extras.cmake
[145.502s] -- Installing: /home/aidan/GitHub/AidansRepo/TeensySwerve/install/lifecycle_msgs/share/lifecycle_msgs/cmake/rosidl_cmake_export_typesupport_libraries-extras.cmake
[145.502s] -- Installing: /home/aidan/GitHub/AidansRepo/TeensySwerve/install/lifecycle_msgs/share/lifecycle_msgs/cmake/lifecycle_msgsConfig.cmake
[145.502s] -- Installing: /home/aidan/GitHub/AidansRepo/TeensySwerve/install/lifecycle_msgs/share/lifecycle_msgs/cmake/lifecycle_msgsConfig-version.cmake
[145.502s] -- Installing: /home/aidan/GitHub/AidansRepo/TeensySwerve/install/lifecycle_msgs/share/lifecycle_msgs/package.xml
[145.538s] Invoked command in '/home/aidan/GitHub/AidansRepo/TeensySwerve/build/lifecycle_msgs' returned '0': CMAKE_PREFIX_PATH=${CMAKE_PREFIX_PATH}:/home/aidan/GitHub/AidansRepo/TeensySwerve/install/tnsy_swrv_controller:/opt/ros/humble /usr/bin/cmake --install /home/aidan/GitHub/AidansRepo/TeensySwerve/build/lifecycle_msgs
