[0.081s] Invoking command in '/home/aidan/GitHub/AidansRepo/TeensySwerve/build/unique_identifier_msgs': CMAKE_PREFIX_PATH=${CMAKE_PREFIX_PATH}:/home/aidan/GitHub/AidansRepo/TeensySwerve/install/tnsy_swrv_controller:/opt/ros/humble /usr/bin/cmake --build /home/aidan/GitHub/AidansRepo/TeensySwerve/build/unique_identifier_msgs -- -j4 -l4
[0.453s] [35m[1mConsolidate compiler generated dependencies of target unique_identifier_msgs__rosidl_generator_c[0m
[0.474s] [  3%] Built target unique_identifier_msgs__cpp
[0.632s] [  3%] Built target ament_cmake_python_copy_unique_identifier_msgs
[0.722s] [35m[1mConsolidate compiler generated dependencies of target unique_identifier_msgs__rosidl_typesupport_cpp[0m
[0.728s] [35m[1mConsolidate compiler generated dependencies of target unique_identifier_msgs__rosidl_typesupport_fastrtps_cpp[0m
[0.791s] [ 12%] Built target unique_identifier_msgs__rosidl_generator_c
[0.912s] [35m[1mConsolidate compiler generated dependencies of target unique_identifier_msgs__rosidl_typesupport_introspection_cpp[0m
[0.937s] [ 22%] Built target unique_identifier_msgs__rosidl_typesupport_cpp
[0.963s] [ 32%] Built target unique_identifier_msgs__rosidl_typesupport_fastrtps_cpp
[1.120s] [35m[1mConsolidate compiler generated dependencies of target unique_identifier_msgs__rosidl_typesupport_introspection_c[0m
[1.182s] [ 41%] Built target unique_identifier_msgs__rosidl_typesupport_introspection_cpp
[1.193s] [35m[1mConsolidate compiler generated dependencies of target unique_identifier_msgs__rosidl_typesupport_fastrtps_c[0m
[1.361s] [ 51%] Built target unique_identifier_msgs__rosidl_typesupport_introspection_c
[1.418s] [35m[1mConsolidate compiler generated dependencies of target unique_identifier_msgs__rosidl_typesupport_c[0m
[1.440s] [ 61%] Built target unique_identifier_msgs__rosidl_typesupport_fastrtps_c
[1.464s] [ 70%] Built target unique_identifier_msgs__rosidl_typesupport_c
[1.696s] [ 70%] Built target unique_identifier_msgs
[1.938s] [ 74%] Built target unique_identifier_msgs__py
[2.086s] [35m[1mConsolidate compiler generated dependencies of target unique_identifier_msgs__rosidl_generator_py[0m
[2.255s] [ 80%] Built target unique_identifier_msgs__rosidl_generator_py
[2.388s] [35m[1mConsolidate compiler generated dependencies of target unique_identifier_msgs__rosidl_typesupport_introspection_c__pyext[0m
[2.437s] [35m[1mConsolidate compiler generated dependencies of target unique_identifier_msgs__rosidl_typesupport_fastrtps_c__pyext[0m
[2.469s] [35m[1mConsolidate compiler generated dependencies of target unique_identifier_msgs__rosidl_typesupport_c__pyext[0m
[2.628s] [ 87%] Built target unique_identifier_msgs__rosidl_typesupport_introspection_c__pyext
[2.722s] [ 93%] Built target unique_identifier_msgs__rosidl_typesupport_fastrtps_c__pyext
[2.738s] [100%] Built target unique_identifier_msgs__rosidl_typesupport_c__pyext
[3.927s] running egg_info
[3.928s] writing unique_identifier_msgs.egg-info/PKG-INFO
[3.932s] writing dependency_links to unique_identifier_msgs.egg-info/dependency_links.txt
[3.932s] writing top-level names to unique_identifier_msgs.egg-info/top_level.txt
[3.943s] reading manifest file 'unique_identifier_msgs.egg-info/SOURCES.txt'
[3.943s] writing manifest file 'unique_identifier_msgs.egg-info/SOURCES.txt'
[4.099s] [100%] Built target ament_cmake_python_build_unique_identifier_msgs_egg
[4.183s] Invoked command in '/home/aidan/GitHub/AidansRepo/TeensySwerve/build/unique_identifier_msgs' returned '0': CMAKE_PREFIX_PATH=${CMAKE_PREFIX_PATH}:/home/aidan/GitHub/AidansRepo/TeensySwerve/install/tnsy_swrv_controller:/opt/ros/humble /usr/bin/cmake --build /home/aidan/GitHub/AidansRepo/TeensySwerve/build/unique_identifier_msgs -- -j4 -l4
[4.608s] Invoking command in '/home/aidan/GitHub/AidansRepo/TeensySwerve/build/unique_identifier_msgs': CMAKE_PREFIX_PATH=${CMAKE_PREFIX_PATH}:/home/aidan/GitHub/AidansRepo/TeensySwerve/install/tnsy_swrv_controller:/opt/ros/humble /usr/bin/cmake --install /home/aidan/GitHub/AidansRepo/TeensySwerve/build/unique_identifier_msgs
[4.642s] -- Install configuration: ""
[4.643s] -- Up-to-date: /home/aidan/GitHub/AidansRepo/TeensySwerve/install/unique_identifier_msgs/share/ament_index/resource_index/rosidl_interfaces/unique_identifier_msgs
[4.643s] -- Up-to-date: /home/aidan/GitHub/AidansRepo/TeensySwerve/install/unique_identifier_msgs/include/unique_identifier_msgs/unique_identifier_msgs
[4.643s] -- Up-to-date: /home/aidan/GitHub/AidansRepo/TeensySwerve/install/unique_identifier_msgs/include/unique_identifier_msgs/unique_identifier_msgs/msg
[4.650s] -- Up-to-date: /home/aidan/GitHub/AidansRepo/TeensySwerve/install/unique_identifier_msgs/include/unique_identifier_msgs/unique_identifier_msgs/msg/rosidl_generator_c__visibility_control.h
[4.658s] -- Up-to-date: /home/aidan/GitHub/AidansRepo/TeensySwerve/install/unique_identifier_msgs/include/unique_identifier_msgs/unique_identifier_msgs/msg/uuid.h
[4.658s] -- Up-to-date: /home/aidan/GitHub/AidansRepo/TeensySwerve/install/unique_identifier_msgs/include/unique_identifier_msgs/unique_identifier_msgs/msg/detail
[4.658s] -- Up-to-date: /home/aidan/GitHub/AidansRepo/TeensySwerve/install/unique_identifier_msgs/include/unique_identifier_msgs/unique_identifier_msgs/msg/detail/uuid__struct.h
[4.658s] -- Up-to-date: /home/aidan/GitHub/AidansRepo/TeensySwerve/install/unique_identifier_msgs/include/unique_identifier_msgs/unique_identifier_msgs/msg/detail/uuid__type_support.h
[4.660s] -- Up-to-date: /home/aidan/GitHub/AidansRepo/TeensySwerve/install/unique_identifier_msgs/include/unique_identifier_msgs/unique_identifier_msgs/msg/detail/uuid__functions.h
[4.660s] -- Up-to-date: /home/aidan/GitHub/AidansRepo/TeensySwerve/install/unique_identifier_msgs/include/unique_identifier_msgs/unique_identifier_msgs/msg/detail/uuid__functions.c
[4.660s] -- Up-to-date: /home/aidan/GitHub/AidansRepo/TeensySwerve/install/unique_identifier_msgs/share/unique_identifier_msgs/environment/library_path.sh
[4.661s] -- Up-to-date: /home/aidan/GitHub/AidansRepo/TeensySwerve/install/unique_identifier_msgs/share/unique_identifier_msgs/environment/library_path.dsv
[4.661s] -- Up-to-date: /home/aidan/GitHub/AidansRepo/TeensySwerve/install/unique_identifier_msgs/lib/libunique_identifier_msgs__rosidl_generator_c.so
[4.669s] -- Up-to-date: /home/aidan/GitHub/AidansRepo/TeensySwerve/install/unique_identifier_msgs/include/unique_identifier_msgs/unique_identifier_msgs
[4.669s] -- Up-to-date: /home/aidan/GitHub/AidansRepo/TeensySwerve/install/unique_identifier_msgs/include/unique_identifier_msgs/unique_identifier_msgs/msg
[4.670s] -- Up-to-date: /home/aidan/GitHub/AidansRepo/TeensySwerve/install/unique_identifier_msgs/include/unique_identifier_msgs/unique_identifier_msgs/msg/rosidl_typesupport_fastrtps_c__visibility_control.h
[4.670s] -- Up-to-date: /home/aidan/GitHub/AidansRepo/TeensySwerve/install/unique_identifier_msgs/include/unique_identifier_msgs/unique_identifier_msgs/msg/detail
[4.670s] -- Up-to-date: /home/aidan/GitHub/AidansRepo/TeensySwerve/install/unique_identifier_msgs/include/unique_identifier_msgs/unique_identifier_msgs/msg/detail/uuid__rosidl_typesupport_fastrtps_c.h
[4.671s] -- Up-to-date: /home/aidan/GitHub/AidansRepo/TeensySwerve/install/unique_identifier_msgs/lib/libunique_identifier_msgs__rosidl_typesupport_fastrtps_c.so
[4.672s] -- Up-to-date: /home/aidan/GitHub/AidansRepo/TeensySwerve/install/unique_identifier_msgs/include/unique_identifier_msgs/unique_identifier_msgs
[4.672s] -- Up-to-date: /home/aidan/GitHub/AidansRepo/TeensySwerve/install/unique_identifier_msgs/include/unique_identifier_msgs/unique_identifier_msgs/msg
[4.672s] -- Up-to-date: /home/aidan/GitHub/AidansRepo/TeensySwerve/install/unique_identifier_msgs/include/unique_identifier_msgs/unique_identifier_msgs/msg/detail
[4.672s] -- Up-to-date: /home/aidan/GitHub/AidansRepo/TeensySwerve/install/unique_identifier_msgs/include/unique_identifier_msgs/unique_identifier_msgs/msg/detail/uuid__type_support.c
[4.676s] -- Up-to-date: /home/aidan/GitHub/AidansRepo/TeensySwerve/install/unique_identifier_msgs/include/unique_identifier_msgs/unique_identifier_msgs/msg/detail/uuid__rosidl_typesupport_introspection_c.h
[4.678s] -- Up-to-date: /home/aidan/GitHub/AidansRepo/TeensySwerve/install/unique_identifier_msgs/include/unique_identifier_msgs/unique_identifier_msgs/msg/rosidl_typesupport_introspection_c__visibility_control.h
[4.681s] -- Up-to-date: /home/aidan/GitHub/AidansRepo/TeensySwerve/install/unique_identifier_msgs/lib/libunique_identifier_msgs__rosidl_typesupport_introspection_c.so
[4.682s] -- Up-to-date: /home/aidan/GitHub/AidansRepo/TeensySwerve/install/unique_identifier_msgs/lib/libunique_identifier_msgs__rosidl_typesupport_c.so
[4.682s] -- Up-to-date: /home/aidan/GitHub/AidansRepo/TeensySwerve/install/unique_identifier_msgs/include/unique_identifier_msgs/unique_identifier_msgs
[4.682s] -- Up-to-date: /home/aidan/GitHub/AidansRepo/TeensySwerve/install/unique_identifier_msgs/include/unique_identifier_msgs/unique_identifier_msgs/msg
[4.682s] -- Up-to-date: /home/aidan/GitHub/AidansRepo/TeensySwerve/install/unique_identifier_msgs/include/unique_identifier_msgs/unique_identifier_msgs/msg/detail
[4.683s] -- Up-to-date: /home/aidan/GitHub/AidansRepo/TeensySwerve/install/unique_identifier_msgs/include/unique_identifier_msgs/unique_identifier_msgs/msg/detail/uuid__traits.hpp
[4.691s] -- Up-to-date: /home/aidan/GitHub/AidansRepo/TeensySwerve/install/unique_identifier_msgs/include/unique_identifier_msgs/unique_identifier_msgs/msg/detail/uuid__type_support.hpp
[4.691s] -- Up-to-date: /home/aidan/GitHub/AidansRepo/TeensySwerve/install/unique_identifier_msgs/include/unique_identifier_msgs/unique_identifier_msgs/msg/detail/uuid__builder.hpp
[4.691s] -- Up-to-date: /home/aidan/GitHub/AidansRepo/TeensySwerve/install/unique_identifier_msgs/include/unique_identifier_msgs/unique_identifier_msgs/msg/detail/uuid__struct.hpp
[4.693s] -- Up-to-date: /home/aidan/GitHub/AidansRepo/TeensySwerve/install/unique_identifier_msgs/include/unique_identifier_msgs/unique_identifier_msgs/msg/uuid.hpp
[4.693s] -- Up-to-date: /home/aidan/GitHub/AidansRepo/TeensySwerve/install/unique_identifier_msgs/include/unique_identifier_msgs/unique_identifier_msgs/msg/rosidl_generator_cpp__visibility_control.hpp
[4.693s] -- Up-to-date: /home/aidan/GitHub/AidansRepo/TeensySwerve/install/unique_identifier_msgs/include/unique_identifier_msgs/unique_identifier_msgs
[4.695s] -- Up-to-date: /home/aidan/GitHub/AidansRepo/TeensySwerve/install/unique_identifier_msgs/include/unique_identifier_msgs/unique_identifier_msgs/msg
[4.695s] -- Up-to-date: /home/aidan/GitHub/AidansRepo/TeensySwerve/install/unique_identifier_msgs/include/unique_identifier_msgs/unique_identifier_msgs/msg/rosidl_typesupport_fastrtps_cpp__visibility_control.h
[4.700s] -- Up-to-date: /home/aidan/GitHub/AidansRepo/TeensySwerve/install/unique_identifier_msgs/include/unique_identifier_msgs/unique_identifier_msgs/msg/detail
[4.700s] -- Up-to-date: /home/aidan/GitHub/AidansRepo/TeensySwerve/install/unique_identifier_msgs/include/unique_identifier_msgs/unique_identifier_msgs/msg/detail/uuid__rosidl_typesupport_fastrtps_cpp.hpp
[4.703s] -- Up-to-date: /home/aidan/GitHub/AidansRepo/TeensySwerve/install/unique_identifier_msgs/include/unique_identifier_msgs/unique_identifier_msgs/msg/detail/dds_fastrtps
[4.705s] -- Up-to-date: /home/aidan/GitHub/AidansRepo/TeensySwerve/install/unique_identifier_msgs/lib/libunique_identifier_msgs__rosidl_typesupport_fastrtps_cpp.so
[4.706s] -- Up-to-date: /home/aidan/GitHub/AidansRepo/TeensySwerve/install/unique_identifier_msgs/include/unique_identifier_msgs/unique_identifier_msgs
[4.706s] -- Up-to-date: /home/aidan/GitHub/AidansRepo/TeensySwerve/install/unique_identifier_msgs/include/unique_identifier_msgs/unique_identifier_msgs/msg
[4.708s] -- Up-to-date: /home/aidan/GitHub/AidansRepo/TeensySwerve/install/unique_identifier_msgs/include/unique_identifier_msgs/unique_identifier_msgs/msg/detail
[4.708s] -- Up-to-date: /home/aidan/GitHub/AidansRepo/TeensySwerve/install/unique_identifier_msgs/include/unique_identifier_msgs/unique_identifier_msgs/msg/detail/uuid__rosidl_typesupport_introspection_cpp.hpp
[4.708s] -- Up-to-date: /home/aidan/GitHub/AidansRepo/TeensySwerve/install/unique_identifier_msgs/include/unique_identifier_msgs/unique_identifier_msgs/msg/detail/uuid__type_support.cpp
[4.708s] -- Up-to-date: /home/aidan/GitHub/AidansRepo/TeensySwerve/install/unique_identifier_msgs/lib/libunique_identifier_msgs__rosidl_typesupport_introspection_cpp.so
[4.730s] -- Up-to-date: /home/aidan/GitHub/AidansRepo/TeensySwerve/install/unique_identifier_msgs/lib/libunique_identifier_msgs__rosidl_typesupport_cpp.so
[4.768s] -- Up-to-date: /home/aidan/GitHub/AidansRepo/TeensySwerve/install/unique_identifier_msgs/share/unique_identifier_msgs/environment/pythonpath.sh
[4.768s] -- Up-to-date: /home/aidan/GitHub/AidansRepo/TeensySwerve/install/unique_identifier_msgs/share/unique_identifier_msgs/environment/pythonpath.dsv
[4.769s] -- Up-to-date: /home/aidan/GitHub/AidansRepo/TeensySwerve/install/unique_identifier_msgs/local/lib/python3.10/dist-packages/unique_identifier_msgs-2.2.1-py3.10.egg-info
[4.769s] -- Installing: /home/aidan/GitHub/AidansRepo/TeensySwerve/install/unique_identifier_msgs/local/lib/python3.10/dist-packages/unique_identifier_msgs-2.2.1-py3.10.egg-info/PKG-INFO
[4.769s] -- Installing: /home/aidan/GitHub/AidansRepo/TeensySwerve/install/unique_identifier_msgs/local/lib/python3.10/dist-packages/unique_identifier_msgs-2.2.1-py3.10.egg-info/SOURCES.txt
[4.769s] -- Installing: /home/aidan/GitHub/AidansRepo/TeensySwerve/install/unique_identifier_msgs/local/lib/python3.10/dist-packages/unique_identifier_msgs-2.2.1-py3.10.egg-info/dependency_links.txt
[4.769s] -- Installing: /home/aidan/GitHub/AidansRepo/TeensySwerve/install/unique_identifier_msgs/local/lib/python3.10/dist-packages/unique_identifier_msgs-2.2.1-py3.10.egg-info/top_level.txt
[4.778s] -- Up-to-date: /home/aidan/GitHub/AidansRepo/TeensySwerve/install/unique_identifier_msgs/local/lib/python3.10/dist-packages/unique_identifier_msgs
[4.778s] -- Up-to-date: /home/aidan/GitHub/AidansRepo/TeensySwerve/install/unique_identifier_msgs/local/lib/python3.10/dist-packages/unique_identifier_msgs/_unique_identifier_msgs_s.ep.rosidl_typesupport_fastrtps_c.c
[4.778s] -- Up-to-date: /home/aidan/GitHub/AidansRepo/TeensySwerve/install/unique_identifier_msgs/local/lib/python3.10/dist-packages/unique_identifier_msgs/_unique_identifier_msgs_s.ep.rosidl_typesupport_introspection_c.c
[4.778s] -- Up-to-date: /home/aidan/GitHub/AidansRepo/TeensySwerve/install/unique_identifier_msgs/local/lib/python3.10/dist-packages/unique_identifier_msgs/__init__.py
[4.790s] -- Up-to-date: /home/aidan/GitHub/AidansRepo/TeensySwerve/install/unique_identifier_msgs/local/lib/python3.10/dist-packages/unique_identifier_msgs/msg
[4.790s] -- Up-to-date: /home/aidan/GitHub/AidansRepo/TeensySwerve/install/unique_identifier_msgs/local/lib/python3.10/dist-packages/unique_identifier_msgs/msg/__init__.py
[4.790s] -- Up-to-date: /home/aidan/GitHub/AidansRepo/TeensySwerve/install/unique_identifier_msgs/local/lib/python3.10/dist-packages/unique_identifier_msgs/msg/_uuid.py
[4.791s] -- Up-to-date: /home/aidan/GitHub/AidansRepo/TeensySwerve/install/unique_identifier_msgs/local/lib/python3.10/dist-packages/unique_identifier_msgs/msg/_uuid_s.c
[4.791s] -- Up-to-date: /home/aidan/GitHub/AidansRepo/TeensySwerve/install/unique_identifier_msgs/local/lib/python3.10/dist-packages/unique_identifier_msgs/unique_identifier_msgs_s__rosidl_typesupport_fastrtps_c.cpython-310-x86_64-linux-gnu.so
[4.801s] -- Up-to-date: /home/aidan/GitHub/AidansRepo/TeensySwerve/install/unique_identifier_msgs/local/lib/python3.10/dist-packages/unique_identifier_msgs/libunique_identifier_msgs__rosidl_generator_py.so
[4.811s] -- Up-to-date: /home/aidan/GitHub/AidansRepo/TeensySwerve/install/unique_identifier_msgs/local/lib/python3.10/dist-packages/unique_identifier_msgs/unique_identifier_msgs_s__rosidl_typesupport_c.cpython-310-x86_64-linux-gnu.so
[4.811s] -- Up-to-date: /home/aidan/GitHub/AidansRepo/TeensySwerve/install/unique_identifier_msgs/local/lib/python3.10/dist-packages/unique_identifier_msgs/_unique_identifier_msgs_s.ep.rosidl_typesupport_c.c
[4.811s] -- Up-to-date: /home/aidan/GitHub/AidansRepo/TeensySwerve/install/unique_identifier_msgs/local/lib/python3.10/dist-packages/unique_identifier_msgs/unique_identifier_msgs_s__rosidl_typesupport_introspection_c.cpython-310-x86_64-linux-gnu.so
[4.935s] Listing '/home/aidan/GitHub/AidansRepo/TeensySwerve/install/unique_identifier_msgs/local/lib/python3.10/dist-packages/unique_identifier_msgs'...
[4.936s] Listing '/home/aidan/GitHub/AidansRepo/TeensySwerve/install/unique_identifier_msgs/local/lib/python3.10/dist-packages/unique_identifier_msgs/msg'...
[4.960s] -- Up-to-date: /home/aidan/GitHub/AidansRepo/TeensySwerve/install/unique_identifier_msgs/local/lib/python3.10/dist-packages/unique_identifier_msgs/unique_identifier_msgs_s__rosidl_typesupport_fastrtps_c.cpython-310-x86_64-linux-gnu.so
[4.961s] -- Up-to-date: /home/aidan/GitHub/AidansRepo/TeensySwerve/install/unique_identifier_msgs/local/lib/python3.10/dist-packages/unique_identifier_msgs/unique_identifier_msgs_s__rosidl_typesupport_introspection_c.cpython-310-x86_64-linux-gnu.so
[4.962s] -- Up-to-date: /home/aidan/GitHub/AidansRepo/TeensySwerve/install/unique_identifier_msgs/local/lib/python3.10/dist-packages/unique_identifier_msgs/unique_identifier_msgs_s__rosidl_typesupport_c.cpython-310-x86_64-linux-gnu.so
[4.976s] -- Up-to-date: /home/aidan/GitHub/AidansRepo/TeensySwerve/install/unique_identifier_msgs/lib/libunique_identifier_msgs__rosidl_generator_py.so
[4.978s] -- Up-to-date: /home/aidan/GitHub/AidansRepo/TeensySwerve/install/unique_identifier_msgs/share/unique_identifier_msgs/msg/UUID.idl
[4.978s] -- Up-to-date: /home/aidan/GitHub/AidansRepo/TeensySwerve/install/unique_identifier_msgs/share/unique_identifier_msgs/msg/UUID.msg
[4.980s] -- Up-to-date: /home/aidan/GitHub/AidansRepo/TeensySwerve/install/unique_identifier_msgs/share/ament_index/resource_index/package_run_dependencies/unique_identifier_msgs
[4.993s] -- Up-to-date: /home/aidan/GitHub/AidansRepo/TeensySwerve/install/unique_identifier_msgs/share/ament_index/resource_index/parent_prefix_path/unique_identifier_msgs
[4.993s] -- Up-to-date: /home/aidan/GitHub/AidansRepo/TeensySwerve/install/unique_identifier_msgs/share/unique_identifier_msgs/environment/ament_prefix_path.sh
[4.993s] -- Up-to-date: /home/aidan/GitHub/AidansRepo/TeensySwerve/install/unique_identifier_msgs/share/unique_identifier_msgs/environment/ament_prefix_path.dsv
[4.994s] -- Up-to-date: /home/aidan/GitHub/AidansRepo/TeensySwerve/install/unique_identifier_msgs/share/unique_identifier_msgs/environment/path.sh
[4.994s] -- Up-to-date: /home/aidan/GitHub/AidansRepo/TeensySwerve/install/unique_identifier_msgs/share/unique_identifier_msgs/environment/path.dsv
[4.994s] -- Up-to-date: /home/aidan/GitHub/AidansRepo/TeensySwerve/install/unique_identifier_msgs/share/unique_identifier_msgs/local_setup.bash
[4.994s] -- Up-to-date: /home/aidan/GitHub/AidansRepo/TeensySwerve/install/unique_identifier_msgs/share/unique_identifier_msgs/local_setup.sh
[4.999s] -- Up-to-date: /home/aidan/GitHub/AidansRepo/TeensySwerve/install/unique_identifier_msgs/share/unique_identifier_msgs/local_setup.zsh
[4.999s] -- Up-to-date: /home/aidan/GitHub/AidansRepo/TeensySwerve/install/unique_identifier_msgs/share/unique_identifier_msgs/local_setup.dsv
[5.001s] -- Installing: /home/aidan/GitHub/AidansRepo/TeensySwerve/install/unique_identifier_msgs/share/unique_identifier_msgs/package.dsv
[5.002s] -- Up-to-date: /home/aidan/GitHub/AidansRepo/TeensySwerve/install/unique_identifier_msgs/share/ament_index/resource_index/packages/unique_identifier_msgs
[5.009s] -- Up-to-date: /home/aidan/GitHub/AidansRepo/TeensySwerve/install/unique_identifier_msgs/share/unique_identifier_msgs/cmake/export_unique_identifier_msgs__rosidl_generator_cExport.cmake
[5.010s] -- Up-to-date: /home/aidan/GitHub/AidansRepo/TeensySwerve/install/unique_identifier_msgs/share/unique_identifier_msgs/cmake/export_unique_identifier_msgs__rosidl_generator_cExport-noconfig.cmake
[5.011s] -- Up-to-date: /home/aidan/GitHub/AidansRepo/TeensySwerve/install/unique_identifier_msgs/share/unique_identifier_msgs/cmake/export_unique_identifier_msgs__rosidl_typesupport_fastrtps_cExport.cmake
[5.013s] -- Up-to-date: /home/aidan/GitHub/AidansRepo/TeensySwerve/install/unique_identifier_msgs/share/unique_identifier_msgs/cmake/export_unique_identifier_msgs__rosidl_typesupport_fastrtps_cExport-noconfig.cmake
[5.020s] -- Up-to-date: /home/aidan/GitHub/AidansRepo/TeensySwerve/install/unique_identifier_msgs/share/unique_identifier_msgs/cmake/unique_identifier_msgs__rosidl_typesupport_introspection_cExport.cmake
[5.020s] -- Up-to-date: /home/aidan/GitHub/AidansRepo/TeensySwerve/install/unique_identifier_msgs/share/unique_identifier_msgs/cmake/unique_identifier_msgs__rosidl_typesupport_introspection_cExport-noconfig.cmake
[5.021s] -- Up-to-date: /home/aidan/GitHub/AidansRepo/TeensySwerve/install/unique_identifier_msgs/share/unique_identifier_msgs/cmake/unique_identifier_msgs__rosidl_typesupport_cExport.cmake
[5.025s] -- Up-to-date: /home/aidan/GitHub/AidansRepo/TeensySwerve/install/unique_identifier_msgs/share/unique_identifier_msgs/cmake/unique_identifier_msgs__rosidl_typesupport_cExport-noconfig.cmake
[5.025s] -- Up-to-date: /home/aidan/GitHub/AidansRepo/TeensySwerve/install/unique_identifier_msgs/share/unique_identifier_msgs/cmake/export_unique_identifier_msgs__rosidl_generator_cppExport.cmake
[5.025s] -- Up-to-date: /home/aidan/GitHub/AidansRepo/TeensySwerve/install/unique_identifier_msgs/share/unique_identifier_msgs/cmake/export_unique_identifier_msgs__rosidl_typesupport_fastrtps_cppExport.cmake
[5.026s] -- Up-to-date: /home/aidan/GitHub/AidansRepo/TeensySwerve/install/unique_identifier_msgs/share/unique_identifier_msgs/cmake/export_unique_identifier_msgs__rosidl_typesupport_fastrtps_cppExport-noconfig.cmake
[5.029s] -- Up-to-date: /home/aidan/GitHub/AidansRepo/TeensySwerve/install/unique_identifier_msgs/share/unique_identifier_msgs/cmake/unique_identifier_msgs__rosidl_typesupport_introspection_cppExport.cmake
[5.029s] -- Up-to-date: /home/aidan/GitHub/AidansRepo/TeensySwerve/install/unique_identifier_msgs/share/unique_identifier_msgs/cmake/unique_identifier_msgs__rosidl_typesupport_introspection_cppExport-noconfig.cmake
[5.029s] -- Up-to-date: /home/aidan/GitHub/AidansRepo/TeensySwerve/install/unique_identifier_msgs/share/unique_identifier_msgs/cmake/unique_identifier_msgs__rosidl_typesupport_cppExport.cmake
[5.029s] -- Up-to-date: /home/aidan/GitHub/AidansRepo/TeensySwerve/install/unique_identifier_msgs/share/unique_identifier_msgs/cmake/unique_identifier_msgs__rosidl_typesupport_cppExport-noconfig.cmake
[5.036s] -- Up-to-date: /home/aidan/GitHub/AidansRepo/TeensySwerve/install/unique_identifier_msgs/share/unique_identifier_msgs/cmake/export_unique_identifier_msgs__rosidl_generator_pyExport.cmake
[5.037s] -- Up-to-date: /home/aidan/GitHub/AidansRepo/TeensySwerve/install/unique_identifier_msgs/share/unique_identifier_msgs/cmake/export_unique_identifier_msgs__rosidl_generator_pyExport-noconfig.cmake
[5.037s] -- Up-to-date: /home/aidan/GitHub/AidansRepo/TeensySwerve/install/unique_identifier_msgs/share/unique_identifier_msgs/cmake/rosidl_cmake-extras.cmake
[5.037s] -- Up-to-date: /home/aidan/GitHub/AidansRepo/TeensySwerve/install/unique_identifier_msgs/share/unique_identifier_msgs/cmake/ament_cmake_export_include_directories-extras.cmake
[5.037s] -- Up-to-date: /home/aidan/GitHub/AidansRepo/TeensySwerve/install/unique_identifier_msgs/share/unique_identifier_msgs/cmake/ament_cmake_export_libraries-extras.cmake
[5.043s] -- Up-to-date: /home/aidan/GitHub/AidansRepo/TeensySwerve/install/unique_identifier_msgs/share/unique_identifier_msgs/cmake/ament_cmake_export_targets-extras.cmake
[5.043s] -- Up-to-date: /home/aidan/GitHub/AidansRepo/TeensySwerve/install/unique_identifier_msgs/share/unique_identifier_msgs/cmake/rosidl_cmake_export_typesupport_targets-extras.cmake
[5.043s] -- Up-to-date: /home/aidan/GitHub/AidansRepo/TeensySwerve/install/unique_identifier_msgs/share/unique_identifier_msgs/cmake/ament_cmake_export_dependencies-extras.cmake
[5.043s] -- Up-to-date: /home/aidan/GitHub/AidansRepo/TeensySwerve/install/unique_identifier_msgs/share/unique_identifier_msgs/cmake/rosidl_cmake_export_typesupport_libraries-extras.cmake
[5.045s] -- Up-to-date: /home/aidan/GitHub/AidansRepo/TeensySwerve/install/unique_identifier_msgs/share/unique_identifier_msgs/cmake/unique_identifier_msgsConfig.cmake
[5.048s] -- Up-to-date: /home/aidan/GitHub/AidansRepo/TeensySwerve/install/unique_identifier_msgs/share/unique_identifier_msgs/cmake/unique_identifier_msgsConfig-version.cmake
[5.055s] -- Up-to-date: /home/aidan/GitHub/AidansRepo/TeensySwerve/install/unique_identifier_msgs/share/unique_identifier_msgs/package.xml
[5.057s] -- Up-to-date: /home/aidan/GitHub/AidansRepo/TeensySwerve/install/unique_identifier_msgs/share/unique_identifier_msgs/mapping_rules.yaml
[5.072s] Invoked command in '/home/aidan/GitHub/AidansRepo/TeensySwerve/build/unique_identifier_msgs' returned '0': CMAKE_PREFIX_PATH=${CMAKE_PREFIX_PATH}:/home/aidan/GitHub/AidansRepo/TeensySwerve/install/tnsy_swrv_controller:/opt/ros/humble /usr/bin/cmake --install /home/aidan/GitHub/AidansRepo/TeensySwerve/build/unique_identifier_msgs
