[0.076s] Invoking command in '/home/aidan/GitHub/AidansRepo/TeensySwerve/build/builtin_interfaces': CMAKE_PREFIX_PATH=${CMAKE_PREFIX_PATH}:/home/aidan/GitHub/AidansRepo/TeensySwerve/install/tnsy_swrv_controller:/opt/ros/humble /usr/bin/cmake --build /home/aidan/GitHub/AidansRepo/TeensySwerve/build/builtin_interfaces -- -j4 -l4
[0.377s] [  2%] Built target builtin_interfaces__cpp
[0.428s] [  2%] Built target ament_cmake_python_copy_builtin_interfaces
[0.461s] [ 12%] Built target builtin_interfaces__rosidl_generator_c
[0.741s] [ 23%] Built target builtin_interfaces__rosidl_typesupport_cpp
[0.776s] [ 33%] Built target builtin_interfaces__rosidl_typesupport_fastrtps_cpp
[1.038s] [ 43%] Built target builtin_interfaces__rosidl_typesupport_introspection_cpp
[1.205s] [ 53%] Built target builtin_interfaces__rosidl_typesupport_fastrtps_c
[1.208s] [ 64%] Built target builtin_interfaces__rosidl_typesupport_introspection_c
[1.379s] [ 74%] Built target builtin_interfaces__rosidl_typesupport_c
[1.648s] [ 74%] Built target builtin_interfaces
[1.912s] [ 76%] Built target builtin_interfaces__py
[2.184s] [ 84%] Built target builtin_interfaces__rosidl_generator_py
[2.211s] running egg_info
[2.221s] writing builtin_interfaces.egg-info/PKG-INFO
[2.221s] writing dependency_links to builtin_interfaces.egg-info/dependency_links.txt
[2.221s] writing top-level names to builtin_interfaces.egg-info/top_level.txt
[2.222s] reading manifest file 'builtin_interfaces.egg-info/SOURCES.txt'
[2.229s] writing manifest file 'builtin_interfaces.egg-info/SOURCES.txt'
[2.449s] [ 89%] Built target builtin_interfaces__rosidl_typesupport_fastrtps_c__pyext
[2.460s] [ 89%] Built target ament_cmake_python_build_builtin_interfaces_egg
[2.566s] [ 94%] Built target builtin_interfaces__rosidl_typesupport_introspection_c__pyext
[2.590s] [100%] Built target builtin_interfaces__rosidl_typesupport_c__pyext
[2.699s] Invoked command in '/home/aidan/GitHub/AidansRepo/TeensySwerve/build/builtin_interfaces' returned '0': CMAKE_PREFIX_PATH=${CMAKE_PREFIX_PATH}:/home/aidan/GitHub/AidansRepo/TeensySwerve/install/tnsy_swrv_controller:/opt/ros/humble /usr/bin/cmake --build /home/aidan/GitHub/AidansRepo/TeensySwerve/build/builtin_interfaces -- -j4 -l4
[3.290s] Invoking command in '/home/aidan/GitHub/AidansRepo/TeensySwerve/build/builtin_interfaces': CMAKE_PREFIX_PATH=${CMAKE_PREFIX_PATH}:/home/aidan/GitHub/AidansRepo/TeensySwerve/install/tnsy_swrv_controller:/opt/ros/humble /usr/bin/cmake --install /home/aidan/GitHub/AidansRepo/TeensySwerve/build/builtin_interfaces
[3.358s] -- Install configuration: ""
[3.378s] -- Up-to-date: /home/aidan/GitHub/AidansRepo/TeensySwerve/install/builtin_interfaces/share/ament_index/resource_index/rosidl_interfaces/builtin_interfaces
[3.378s] -- Up-to-date: /home/aidan/GitHub/AidansRepo/TeensySwerve/install/builtin_interfaces/include/builtin_interfaces/builtin_interfaces
[3.380s] -- Up-to-date: /home/aidan/GitHub/AidansRepo/TeensySwerve/install/builtin_interfaces/include/builtin_interfaces/builtin_interfaces/msg
[3.384s] -- Up-to-date: /home/aidan/GitHub/AidansRepo/TeensySwerve/install/builtin_interfaces/include/builtin_interfaces/builtin_interfaces/msg/rosidl_generator_c__visibility_control.h
[3.385s] -- Up-to-date: /home/aidan/GitHub/AidansRepo/TeensySwerve/install/builtin_interfaces/include/builtin_interfaces/builtin_interfaces/msg/time.h
[3.386s] -- Up-to-date: /home/aidan/GitHub/AidansRepo/TeensySwerve/install/builtin_interfaces/include/builtin_interfaces/builtin_interfaces/msg/duration.h
[3.386s] -- Up-to-date: /home/aidan/GitHub/AidansRepo/TeensySwerve/install/builtin_interfaces/include/builtin_interfaces/builtin_interfaces/msg/detail
[3.386s] -- Up-to-date: /home/aidan/GitHub/AidansRepo/TeensySwerve/install/builtin_interfaces/include/builtin_interfaces/builtin_interfaces/msg/detail/time__functions.h
[3.386s] -- Up-to-date: /home/aidan/GitHub/AidansRepo/TeensySwerve/install/builtin_interfaces/include/builtin_interfaces/builtin_interfaces/msg/detail/time__struct.h
[3.388s] -- Up-to-date: /home/aidan/GitHub/AidansRepo/TeensySwerve/install/builtin_interfaces/include/builtin_interfaces/builtin_interfaces/msg/detail/duration__type_support.h
[3.388s] -- Up-to-date: /home/aidan/GitHub/AidansRepo/TeensySwerve/install/builtin_interfaces/include/builtin_interfaces/builtin_interfaces/msg/detail/duration__struct.h
[3.389s] -- Up-to-date: /home/aidan/GitHub/AidansRepo/TeensySwerve/install/builtin_interfaces/include/builtin_interfaces/builtin_interfaces/msg/detail/time__functions.c
[3.389s] -- Up-to-date: /home/aidan/GitHub/AidansRepo/TeensySwerve/install/builtin_interfaces/include/builtin_interfaces/builtin_interfaces/msg/detail/duration__functions.c
[3.389s] -- Up-to-date: /home/aidan/GitHub/AidansRepo/TeensySwerve/install/builtin_interfaces/include/builtin_interfaces/builtin_interfaces/msg/detail/duration__functions.h
[3.392s] -- Up-to-date: /home/aidan/GitHub/AidansRepo/TeensySwerve/install/builtin_interfaces/include/builtin_interfaces/builtin_interfaces/msg/detail/time__type_support.h
[3.395s] -- Up-to-date: /home/aidan/GitHub/AidansRepo/TeensySwerve/install/builtin_interfaces/share/builtin_interfaces/environment/library_path.sh
[3.395s] -- Up-to-date: /home/aidan/GitHub/AidansRepo/TeensySwerve/install/builtin_interfaces/share/builtin_interfaces/environment/library_path.dsv
[3.395s] -- Up-to-date: /home/aidan/GitHub/AidansRepo/TeensySwerve/install/builtin_interfaces/lib/libbuiltin_interfaces__rosidl_generator_c.so
[3.395s] -- Up-to-date: /home/aidan/GitHub/AidansRepo/TeensySwerve/install/builtin_interfaces/include/builtin_interfaces/builtin_interfaces
[3.396s] -- Up-to-date: /home/aidan/GitHub/AidansRepo/TeensySwerve/install/builtin_interfaces/include/builtin_interfaces/builtin_interfaces/msg
[3.396s] -- Up-to-date: /home/aidan/GitHub/AidansRepo/TeensySwerve/install/builtin_interfaces/include/builtin_interfaces/builtin_interfaces/msg/rosidl_typesupport_fastrtps_c__visibility_control.h
[3.396s] -- Up-to-date: /home/aidan/GitHub/AidansRepo/TeensySwerve/install/builtin_interfaces/include/builtin_interfaces/builtin_interfaces/msg/detail
[3.396s] -- Up-to-date: /home/aidan/GitHub/AidansRepo/TeensySwerve/install/builtin_interfaces/include/builtin_interfaces/builtin_interfaces/msg/detail/duration__rosidl_typesupport_fastrtps_c.h
[3.396s] -- Up-to-date: /home/aidan/GitHub/AidansRepo/TeensySwerve/install/builtin_interfaces/include/builtin_interfaces/builtin_interfaces/msg/detail/time__rosidl_typesupport_fastrtps_c.h
[3.396s] -- Up-to-date: /home/aidan/GitHub/AidansRepo/TeensySwerve/install/builtin_interfaces/lib/libbuiltin_interfaces__rosidl_typesupport_fastrtps_c.so
[3.397s] -- Up-to-date: /home/aidan/GitHub/AidansRepo/TeensySwerve/install/builtin_interfaces/include/builtin_interfaces/builtin_interfaces
[3.397s] -- Up-to-date: /home/aidan/GitHub/AidansRepo/TeensySwerve/install/builtin_interfaces/include/builtin_interfaces/builtin_interfaces/msg
[3.404s] -- Up-to-date: /home/aidan/GitHub/AidansRepo/TeensySwerve/install/builtin_interfaces/include/builtin_interfaces/builtin_interfaces/msg/detail
[3.404s] -- Up-to-date: /home/aidan/GitHub/AidansRepo/TeensySwerve/install/builtin_interfaces/include/builtin_interfaces/builtin_interfaces/msg/detail/duration__rosidl_typesupport_introspection_c.h
[3.404s] -- Up-to-date: /home/aidan/GitHub/AidansRepo/TeensySwerve/install/builtin_interfaces/include/builtin_interfaces/builtin_interfaces/msg/detail/time__type_support.c
[3.404s] -- Up-to-date: /home/aidan/GitHub/AidansRepo/TeensySwerve/install/builtin_interfaces/include/builtin_interfaces/builtin_interfaces/msg/detail/duration__type_support.c
[3.404s] -- Up-to-date: /home/aidan/GitHub/AidansRepo/TeensySwerve/install/builtin_interfaces/include/builtin_interfaces/builtin_interfaces/msg/detail/time__rosidl_typesupport_introspection_c.h
[3.404s] -- Up-to-date: /home/aidan/GitHub/AidansRepo/TeensySwerve/install/builtin_interfaces/include/builtin_interfaces/builtin_interfaces/msg/rosidl_typesupport_introspection_c__visibility_control.h
[3.405s] -- Up-to-date: /home/aidan/GitHub/AidansRepo/TeensySwerve/install/builtin_interfaces/lib/libbuiltin_interfaces__rosidl_typesupport_introspection_c.so
[3.405s] -- Up-to-date: /home/aidan/GitHub/AidansRepo/TeensySwerve/install/builtin_interfaces/lib/libbuiltin_interfaces__rosidl_typesupport_c.so
[3.409s] -- Up-to-date: /home/aidan/GitHub/AidansRepo/TeensySwerve/install/builtin_interfaces/include/builtin_interfaces/builtin_interfaces
[3.412s] -- Up-to-date: /home/aidan/GitHub/AidansRepo/TeensySwerve/install/builtin_interfaces/include/builtin_interfaces/builtin_interfaces/msg
[3.412s] -- Up-to-date: /home/aidan/GitHub/AidansRepo/TeensySwerve/install/builtin_interfaces/include/builtin_interfaces/builtin_interfaces/msg/duration.hpp
[3.415s] -- Up-to-date: /home/aidan/GitHub/AidansRepo/TeensySwerve/install/builtin_interfaces/include/builtin_interfaces/builtin_interfaces/msg/detail
[3.415s] -- Up-to-date: /home/aidan/GitHub/AidansRepo/TeensySwerve/install/builtin_interfaces/include/builtin_interfaces/builtin_interfaces/msg/detail/time__struct.hpp
[3.415s] -- Up-to-date: /home/aidan/GitHub/AidansRepo/TeensySwerve/install/builtin_interfaces/include/builtin_interfaces/builtin_interfaces/msg/detail/time__traits.hpp
[3.415s] -- Up-to-date: /home/aidan/GitHub/AidansRepo/TeensySwerve/install/builtin_interfaces/include/builtin_interfaces/builtin_interfaces/msg/detail/duration__traits.hpp
[3.416s] -- Up-to-date: /home/aidan/GitHub/AidansRepo/TeensySwerve/install/builtin_interfaces/include/builtin_interfaces/builtin_interfaces/msg/detail/duration__struct.hpp
[3.416s] -- Up-to-date: /home/aidan/GitHub/AidansRepo/TeensySwerve/install/builtin_interfaces/include/builtin_interfaces/builtin_interfaces/msg/detail/duration__builder.hpp
[3.419s] -- Up-to-date: /home/aidan/GitHub/AidansRepo/TeensySwerve/install/builtin_interfaces/include/builtin_interfaces/builtin_interfaces/msg/detail/duration__type_support.hpp
[3.420s] -- Up-to-date: /home/aidan/GitHub/AidansRepo/TeensySwerve/install/builtin_interfaces/include/builtin_interfaces/builtin_interfaces/msg/detail/time__builder.hpp
[3.422s] -- Up-to-date: /home/aidan/GitHub/AidansRepo/TeensySwerve/install/builtin_interfaces/include/builtin_interfaces/builtin_interfaces/msg/detail/time__type_support.hpp
[3.422s] -- Up-to-date: /home/aidan/GitHub/AidansRepo/TeensySwerve/install/builtin_interfaces/include/builtin_interfaces/builtin_interfaces/msg/time.hpp
[3.423s] -- Up-to-date: /home/aidan/GitHub/AidansRepo/TeensySwerve/install/builtin_interfaces/include/builtin_interfaces/builtin_interfaces/msg/rosidl_generator_cpp__visibility_control.hpp
[3.423s] -- Up-to-date: /home/aidan/GitHub/AidansRepo/TeensySwerve/install/builtin_interfaces/include/builtin_interfaces/builtin_interfaces
[3.423s] -- Up-to-date: /home/aidan/GitHub/AidansRepo/TeensySwerve/install/builtin_interfaces/include/builtin_interfaces/builtin_interfaces/msg
[3.423s] -- Up-to-date: /home/aidan/GitHub/AidansRepo/TeensySwerve/install/builtin_interfaces/include/builtin_interfaces/builtin_interfaces/msg/rosidl_typesupport_fastrtps_cpp__visibility_control.h
[3.423s] -- Up-to-date: /home/aidan/GitHub/AidansRepo/TeensySwerve/install/builtin_interfaces/include/builtin_interfaces/builtin_interfaces/msg/detail
[3.423s] -- Up-to-date: /home/aidan/GitHub/AidansRepo/TeensySwerve/install/builtin_interfaces/include/builtin_interfaces/builtin_interfaces/msg/detail/dds_fastrtps
[3.424s] -- Up-to-date: /home/aidan/GitHub/AidansRepo/TeensySwerve/install/builtin_interfaces/include/builtin_interfaces/builtin_interfaces/msg/detail/duration__rosidl_typesupport_fastrtps_cpp.hpp
[3.424s] -- Up-to-date: /home/aidan/GitHub/AidansRepo/TeensySwerve/install/builtin_interfaces/include/builtin_interfaces/builtin_interfaces/msg/detail/time__rosidl_typesupport_fastrtps_cpp.hpp
[3.429s] -- Up-to-date: /home/aidan/GitHub/AidansRepo/TeensySwerve/install/builtin_interfaces/lib/libbuiltin_interfaces__rosidl_typesupport_fastrtps_cpp.so
[3.429s] -- Up-to-date: /home/aidan/GitHub/AidansRepo/TeensySwerve/install/builtin_interfaces/include/builtin_interfaces/builtin_interfaces
[3.429s] -- Up-to-date: /home/aidan/GitHub/AidansRepo/TeensySwerve/install/builtin_interfaces/include/builtin_interfaces/builtin_interfaces/msg
[3.429s] -- Up-to-date: /home/aidan/GitHub/AidansRepo/TeensySwerve/install/builtin_interfaces/include/builtin_interfaces/builtin_interfaces/msg/detail
[3.430s] -- Up-to-date: /home/aidan/GitHub/AidansRepo/TeensySwerve/install/builtin_interfaces/include/builtin_interfaces/builtin_interfaces/msg/detail/time__rosidl_typesupport_introspection_cpp.hpp
[3.430s] -- Up-to-date: /home/aidan/GitHub/AidansRepo/TeensySwerve/install/builtin_interfaces/include/builtin_interfaces/builtin_interfaces/msg/detail/duration__type_support.cpp
[3.430s] -- Up-to-date: /home/aidan/GitHub/AidansRepo/TeensySwerve/install/builtin_interfaces/include/builtin_interfaces/builtin_interfaces/msg/detail/duration__rosidl_typesupport_introspection_cpp.hpp
[3.430s] -- Up-to-date: /home/aidan/GitHub/AidansRepo/TeensySwerve/install/builtin_interfaces/include/builtin_interfaces/builtin_interfaces/msg/detail/time__type_support.cpp
[3.430s] -- Up-to-date: /home/aidan/GitHub/AidansRepo/TeensySwerve/install/builtin_interfaces/lib/libbuiltin_interfaces__rosidl_typesupport_introspection_cpp.so
[3.431s] -- Up-to-date: /home/aidan/GitHub/AidansRepo/TeensySwerve/install/builtin_interfaces/lib/libbuiltin_interfaces__rosidl_typesupport_cpp.so
[3.431s] -- Up-to-date: /home/aidan/GitHub/AidansRepo/TeensySwerve/install/builtin_interfaces/share/builtin_interfaces/environment/pythonpath.sh
[3.438s] -- Up-to-date: /home/aidan/GitHub/AidansRepo/TeensySwerve/install/builtin_interfaces/share/builtin_interfaces/environment/pythonpath.dsv
[3.439s] -- Up-to-date: /home/aidan/GitHub/AidansRepo/TeensySwerve/install/builtin_interfaces/local/lib/python3.10/dist-packages/builtin_interfaces-1.2.1-py3.10.egg-info
[3.440s] -- Installing: /home/aidan/GitHub/AidansRepo/TeensySwerve/install/builtin_interfaces/local/lib/python3.10/dist-packages/builtin_interfaces-1.2.1-py3.10.egg-info/PKG-INFO
[3.441s] -- Installing: /home/aidan/GitHub/AidansRepo/TeensySwerve/install/builtin_interfaces/local/lib/python3.10/dist-packages/builtin_interfaces-1.2.1-py3.10.egg-info/SOURCES.txt
[3.441s] -- Installing: /home/aidan/GitHub/AidansRepo/TeensySwerve/install/builtin_interfaces/local/lib/python3.10/dist-packages/builtin_interfaces-1.2.1-py3.10.egg-info/dependency_links.txt
[3.441s] -- Installing: /home/aidan/GitHub/AidansRepo/TeensySwerve/install/builtin_interfaces/local/lib/python3.10/dist-packages/builtin_interfaces-1.2.1-py3.10.egg-info/top_level.txt
[3.441s] -- Up-to-date: /home/aidan/GitHub/AidansRepo/TeensySwerve/install/builtin_interfaces/local/lib/python3.10/dist-packages/builtin_interfaces
[3.441s] -- Up-to-date: /home/aidan/GitHub/AidansRepo/TeensySwerve/install/builtin_interfaces/local/lib/python3.10/dist-packages/builtin_interfaces/builtin_interfaces_s__rosidl_typesupport_fastrtps_c.cpython-310-x86_64-linux-gnu.so
[3.441s] -- Up-to-date: /home/aidan/GitHub/AidansRepo/TeensySwerve/install/builtin_interfaces/local/lib/python3.10/dist-packages/builtin_interfaces/_builtin_interfaces_s.ep.rosidl_typesupport_c.c
[3.443s] -- Up-to-date: /home/aidan/GitHub/AidansRepo/TeensySwerve/install/builtin_interfaces/local/lib/python3.10/dist-packages/builtin_interfaces/builtin_interfaces_s__rosidl_typesupport_introspection_c.cpython-310-x86_64-linux-gnu.so
[3.443s] -- Up-to-date: /home/aidan/GitHub/AidansRepo/TeensySwerve/install/builtin_interfaces/local/lib/python3.10/dist-packages/builtin_interfaces/__init__.py
[3.443s] -- Up-to-date: /home/aidan/GitHub/AidansRepo/TeensySwerve/install/builtin_interfaces/local/lib/python3.10/dist-packages/builtin_interfaces/_builtin_interfaces_s.ep.rosidl_typesupport_introspection_c.c
[3.444s] -- Up-to-date: /home/aidan/GitHub/AidansRepo/TeensySwerve/install/builtin_interfaces/local/lib/python3.10/dist-packages/builtin_interfaces/msg
[3.444s] -- Up-to-date: /home/aidan/GitHub/AidansRepo/TeensySwerve/install/builtin_interfaces/local/lib/python3.10/dist-packages/builtin_interfaces/msg/__init__.py
[3.448s] -- Up-to-date: /home/aidan/GitHub/AidansRepo/TeensySwerve/install/builtin_interfaces/local/lib/python3.10/dist-packages/builtin_interfaces/msg/_duration_s.c
[3.449s] -- Up-to-date: /home/aidan/GitHub/AidansRepo/TeensySwerve/install/builtin_interfaces/local/lib/python3.10/dist-packages/builtin_interfaces/msg/_time_s.c
[3.449s] -- Up-to-date: /home/aidan/GitHub/AidansRepo/TeensySwerve/install/builtin_interfaces/local/lib/python3.10/dist-packages/builtin_interfaces/msg/_duration.py
[3.450s] -- Up-to-date: /home/aidan/GitHub/AidansRepo/TeensySwerve/install/builtin_interfaces/local/lib/python3.10/dist-packages/builtin_interfaces/msg/_time.py
[3.450s] -- Up-to-date: /home/aidan/GitHub/AidansRepo/TeensySwerve/install/builtin_interfaces/local/lib/python3.10/dist-packages/builtin_interfaces/_builtin_interfaces_s.ep.rosidl_typesupport_fastrtps_c.c
[3.453s] -- Up-to-date: /home/aidan/GitHub/AidansRepo/TeensySwerve/install/builtin_interfaces/local/lib/python3.10/dist-packages/builtin_interfaces/libbuiltin_interfaces__rosidl_generator_py.so
[3.453s] -- Up-to-date: /home/aidan/GitHub/AidansRepo/TeensySwerve/install/builtin_interfaces/local/lib/python3.10/dist-packages/builtin_interfaces/builtin_interfaces_s__rosidl_typesupport_c.cpython-310-x86_64-linux-gnu.so
[3.663s] Listing '/home/aidan/GitHub/AidansRepo/TeensySwerve/install/builtin_interfaces/local/lib/python3.10/dist-packages/builtin_interfaces'...
[3.663s] Listing '/home/aidan/GitHub/AidansRepo/TeensySwerve/install/builtin_interfaces/local/lib/python3.10/dist-packages/builtin_interfaces/msg'...
[3.689s] -- Up-to-date: /home/aidan/GitHub/AidansRepo/TeensySwerve/install/builtin_interfaces/local/lib/python3.10/dist-packages/builtin_interfaces/builtin_interfaces_s__rosidl_typesupport_fastrtps_c.cpython-310-x86_64-linux-gnu.so
[3.690s] -- Up-to-date: /home/aidan/GitHub/AidansRepo/TeensySwerve/install/builtin_interfaces/local/lib/python3.10/dist-packages/builtin_interfaces/builtin_interfaces_s__rosidl_typesupport_introspection_c.cpython-310-x86_64-linux-gnu.so
[3.692s] -- Up-to-date: /home/aidan/GitHub/AidansRepo/TeensySwerve/install/builtin_interfaces/local/lib/python3.10/dist-packages/builtin_interfaces/builtin_interfaces_s__rosidl_typesupport_c.cpython-310-x86_64-linux-gnu.so
[3.698s] -- Up-to-date: /home/aidan/GitHub/AidansRepo/TeensySwerve/install/builtin_interfaces/lib/libbuiltin_interfaces__rosidl_generator_py.so
[3.699s] -- Up-to-date: /home/aidan/GitHub/AidansRepo/TeensySwerve/install/builtin_interfaces/share/builtin_interfaces/msg/Duration.idl
[3.699s] -- Up-to-date: /home/aidan/GitHub/AidansRepo/TeensySwerve/install/builtin_interfaces/share/builtin_interfaces/msg/Time.idl
[3.700s] -- Up-to-date: /home/aidan/GitHub/AidansRepo/TeensySwerve/install/builtin_interfaces/share/builtin_interfaces/msg/Duration.msg
[3.700s] -- Up-to-date: /home/aidan/GitHub/AidansRepo/TeensySwerve/install/builtin_interfaces/share/builtin_interfaces/msg/Time.msg
[3.703s] -- Up-to-date: /home/aidan/GitHub/AidansRepo/TeensySwerve/install/builtin_interfaces/share/ament_index/resource_index/package_run_dependencies/builtin_interfaces
[3.705s] -- Up-to-date: /home/aidan/GitHub/AidansRepo/TeensySwerve/install/builtin_interfaces/share/ament_index/resource_index/parent_prefix_path/builtin_interfaces
[3.705s] -- Up-to-date: /home/aidan/GitHub/AidansRepo/TeensySwerve/install/builtin_interfaces/share/builtin_interfaces/environment/ament_prefix_path.sh
[3.705s] -- Up-to-date: /home/aidan/GitHub/AidansRepo/TeensySwerve/install/builtin_interfaces/share/builtin_interfaces/environment/ament_prefix_path.dsv
[3.706s] -- Up-to-date: /home/aidan/GitHub/AidansRepo/TeensySwerve/install/builtin_interfaces/share/builtin_interfaces/environment/path.sh
[3.706s] -- Up-to-date: /home/aidan/GitHub/AidansRepo/TeensySwerve/install/builtin_interfaces/share/builtin_interfaces/environment/path.dsv
[3.706s] -- Up-to-date: /home/aidan/GitHub/AidansRepo/TeensySwerve/install/builtin_interfaces/share/builtin_interfaces/local_setup.bash
[3.706s] -- Up-to-date: /home/aidan/GitHub/AidansRepo/TeensySwerve/install/builtin_interfaces/share/builtin_interfaces/local_setup.sh
[3.707s] -- Up-to-date: /home/aidan/GitHub/AidansRepo/TeensySwerve/install/builtin_interfaces/share/builtin_interfaces/local_setup.zsh
[3.707s] -- Up-to-date: /home/aidan/GitHub/AidansRepo/TeensySwerve/install/builtin_interfaces/share/builtin_interfaces/local_setup.dsv
[3.707s] -- Installing: /home/aidan/GitHub/AidansRepo/TeensySwerve/install/builtin_interfaces/share/builtin_interfaces/package.dsv
[3.707s] -- Up-to-date: /home/aidan/GitHub/AidansRepo/TeensySwerve/install/builtin_interfaces/share/ament_index/resource_index/packages/builtin_interfaces
[3.707s] -- Up-to-date: /home/aidan/GitHub/AidansRepo/TeensySwerve/install/builtin_interfaces/share/builtin_interfaces/cmake/export_builtin_interfaces__rosidl_generator_cExport.cmake
[3.708s] -- Up-to-date: /home/aidan/GitHub/AidansRepo/TeensySwerve/install/builtin_interfaces/share/builtin_interfaces/cmake/export_builtin_interfaces__rosidl_generator_cExport-noconfig.cmake
[3.708s] -- Up-to-date: /home/aidan/GitHub/AidansRepo/TeensySwerve/install/builtin_interfaces/share/builtin_interfaces/cmake/export_builtin_interfaces__rosidl_typesupport_fastrtps_cExport.cmake
[3.708s] -- Up-to-date: /home/aidan/GitHub/AidansRepo/TeensySwerve/install/builtin_interfaces/share/builtin_interfaces/cmake/export_builtin_interfaces__rosidl_typesupport_fastrtps_cExport-noconfig.cmake
[3.708s] -- Up-to-date: /home/aidan/GitHub/AidansRepo/TeensySwerve/install/builtin_interfaces/share/builtin_interfaces/cmake/builtin_interfaces__rosidl_typesupport_introspection_cExport.cmake
[3.709s] -- Up-to-date: /home/aidan/GitHub/AidansRepo/TeensySwerve/install/builtin_interfaces/share/builtin_interfaces/cmake/builtin_interfaces__rosidl_typesupport_introspection_cExport-noconfig.cmake
[3.709s] -- Up-to-date: /home/aidan/GitHub/AidansRepo/TeensySwerve/install/builtin_interfaces/share/builtin_interfaces/cmake/builtin_interfaces__rosidl_typesupport_cExport.cmake
[3.709s] -- Up-to-date: /home/aidan/GitHub/AidansRepo/TeensySwerve/install/builtin_interfaces/share/builtin_interfaces/cmake/builtin_interfaces__rosidl_typesupport_cExport-noconfig.cmake
[3.710s] -- Up-to-date: /home/aidan/GitHub/AidansRepo/TeensySwerve/install/builtin_interfaces/share/builtin_interfaces/cmake/export_builtin_interfaces__rosidl_generator_cppExport.cmake
[3.713s] -- Up-to-date: /home/aidan/GitHub/AidansRepo/TeensySwerve/install/builtin_interfaces/share/builtin_interfaces/cmake/export_builtin_interfaces__rosidl_typesupport_fastrtps_cppExport.cmake
[3.715s] -- Up-to-date: /home/aidan/GitHub/AidansRepo/TeensySwerve/install/builtin_interfaces/share/builtin_interfaces/cmake/export_builtin_interfaces__rosidl_typesupport_fastrtps_cppExport-noconfig.cmake
[3.715s] -- Up-to-date: /home/aidan/GitHub/AidansRepo/TeensySwerve/install/builtin_interfaces/share/builtin_interfaces/cmake/builtin_interfaces__rosidl_typesupport_introspection_cppExport.cmake
[3.715s] -- Up-to-date: /home/aidan/GitHub/AidansRepo/TeensySwerve/install/builtin_interfaces/share/builtin_interfaces/cmake/builtin_interfaces__rosidl_typesupport_introspection_cppExport-noconfig.cmake
[3.723s] -- Up-to-date: /home/aidan/GitHub/AidansRepo/TeensySwerve/install/builtin_interfaces/share/builtin_interfaces/cmake/builtin_interfaces__rosidl_typesupport_cppExport.cmake
[3.724s] -- Up-to-date: /home/aidan/GitHub/AidansRepo/TeensySwerve/install/builtin_interfaces/share/builtin_interfaces/cmake/builtin_interfaces__rosidl_typesupport_cppExport-noconfig.cmake
[3.724s] -- Up-to-date: /home/aidan/GitHub/AidansRepo/TeensySwerve/install/builtin_interfaces/share/builtin_interfaces/cmake/export_builtin_interfaces__rosidl_generator_pyExport.cmake
[3.738s] -- Up-to-date: /home/aidan/GitHub/AidansRepo/TeensySwerve/install/builtin_interfaces/share/builtin_interfaces/cmake/export_builtin_interfaces__rosidl_generator_pyExport-noconfig.cmake
[3.738s] -- Up-to-date: /home/aidan/GitHub/AidansRepo/TeensySwerve/install/builtin_interfaces/share/builtin_interfaces/cmake/rosidl_cmake-extras.cmake
[3.738s] -- Up-to-date: /home/aidan/GitHub/AidansRepo/TeensySwerve/install/builtin_interfaces/share/builtin_interfaces/cmake/ament_cmake_export_include_directories-extras.cmake
[3.738s] -- Up-to-date: /home/aidan/GitHub/AidansRepo/TeensySwerve/install/builtin_interfaces/share/builtin_interfaces/cmake/ament_cmake_export_libraries-extras.cmake
[3.739s] -- Up-to-date: /home/aidan/GitHub/AidansRepo/TeensySwerve/install/builtin_interfaces/share/builtin_interfaces/cmake/ament_cmake_export_targets-extras.cmake
[3.739s] -- Up-to-date: /home/aidan/GitHub/AidansRepo/TeensySwerve/install/builtin_interfaces/share/builtin_interfaces/cmake/rosidl_cmake_export_typesupport_targets-extras.cmake
[3.739s] -- Up-to-date: /home/aidan/GitHub/AidansRepo/TeensySwerve/install/builtin_interfaces/share/builtin_interfaces/cmake/ament_cmake_export_dependencies-extras.cmake
[3.739s] -- Up-to-date: /home/aidan/GitHub/AidansRepo/TeensySwerve/install/builtin_interfaces/share/builtin_interfaces/cmake/rosidl_cmake_export_typesupport_libraries-extras.cmake
[3.739s] -- Up-to-date: /home/aidan/GitHub/AidansRepo/TeensySwerve/install/builtin_interfaces/share/builtin_interfaces/cmake/builtin_interfacesConfig.cmake
[3.740s] -- Up-to-date: /home/aidan/GitHub/AidansRepo/TeensySwerve/install/builtin_interfaces/share/builtin_interfaces/cmake/builtin_interfacesConfig-version.cmake
[3.740s] -- Up-to-date: /home/aidan/GitHub/AidansRepo/TeensySwerve/install/builtin_interfaces/share/builtin_interfaces/package.xml
[3.742s] Invoked command in '/home/aidan/GitHub/AidansRepo/TeensySwerve/build/builtin_interfaces' returned '0': CMAKE_PREFIX_PATH=${CMAKE_PREFIX_PATH}:/home/aidan/GitHub/AidansRepo/TeensySwerve/install/tnsy_swrv_controller:/opt/ros/humble /usr/bin/cmake --install /home/aidan/GitHub/AidansRepo/TeensySwerve/build/builtin_interfaces
