[0.067s] Invoking command in '/home/aidan/GitHub/AidansRepo/TeensySwerve/build/rcl_interfaces': AMENT_PREFIX_PATH=/home/aidan/GitHub/AidansRepo/TeensySwerve/install/builtin_interfaces:${AMENT_PREFIX_PATH} CMAKE_PREFIX_PATH=/home/aidan/GitHub/AidansRepo/TeensySwerve/install/builtin_interfaces:/home/aidan/GitHub/AidansRepo/TeensySwerve/install/tnsy_interfaces:/home/aidan/microros_ws/install/micro_ros_setup:/home/aidan/microros_ws/install/micro_ros_agent:/home/aidan/microros_ws/install/micro_ros_msgs:/home/aidan/GitHub/AidansRepo/TeensySwerve/install/tnsy_swrv_controller:/opt/ros/humble LD_LIBRARY_PATH=/home/aidan/GitHub/AidansRepo/TeensySwerve/install/builtin_interfaces/lib:${LD_LIBRARY_PATH} PYTHONPATH=/home/aidan/GitHub/AidansRepo/TeensySwerve/install/builtin_interfaces/local/lib/python3.10/dist-packages:${PYTHONPATH} /usr/bin/cmake --build /home/aidan/GitHub/AidansRepo/TeensySwerve/build/rcl_interfaces -- -j4 -l4
[0.478s] [  0%] Built target rcl_interfaces__cpp
[0.489s] [ 12%] Built target rcl_interfaces__rosidl_generator_c
[0.717s] [ 12%] Built target ament_cmake_python_copy_rcl_interfaces
[0.922s] [ 25%] Built target rcl_interfaces__rosidl_typesupport_cpp
[0.922s] [ 36%] Built target rcl_interfaces__rosidl_typesupport_introspection_cpp
[0.922s] [ 48%] Built target rcl_interfaces__rosidl_typesupport_fastrtps_cpp
[1.003s] [ 60%] Built target rcl_interfaces__rosidl_typesupport_introspection_c
[1.086s] [ 72%] Built target rcl_interfaces__rosidl_typesupport_fastrtps_c
[1.087s] [ 84%] Built target rcl_interfaces__rosidl_typesupport_c
[1.278s] [ 84%] Built target rcl_interfaces
[1.478s] [ 85%] Built target rcl_interfaces__py
[1.688s] [ 96%] Built target rcl_interfaces__rosidl_generator_py
[1.843s] [ 97%] Built target rcl_interfaces__rosidl_typesupport_fastrtps_c__pyext
[1.907s] [ 98%] Built target rcl_interfaces__rosidl_typesupport_c__pyext
[1.907s] [100%] Built target rcl_interfaces__rosidl_typesupport_introspection_c__pyext
[2.328s] running egg_info
[2.328s] writing rcl_interfaces.egg-info/PKG-INFO
[2.328s] writing dependency_links to rcl_interfaces.egg-info/dependency_links.txt
[2.328s] writing top-level names to rcl_interfaces.egg-info/top_level.txt
[2.335s] reading manifest file 'rcl_interfaces.egg-info/SOURCES.txt'
[2.344s] writing manifest file 'rcl_interfaces.egg-info/SOURCES.txt'
[2.558s] [100%] Built target ament_cmake_python_build_rcl_interfaces_egg
[2.775s] Invoked command in '/home/aidan/GitHub/AidansRepo/TeensySwerve/build/rcl_interfaces' returned '0': AMENT_PREFIX_PATH=/home/aidan/GitHub/AidansRepo/TeensySwerve/install/builtin_interfaces:${AMENT_PREFIX_PATH} CMAKE_PREFIX_PATH=/home/aidan/GitHub/AidansRepo/TeensySwerve/install/builtin_interfaces:/home/aidan/GitHub/AidansRepo/TeensySwerve/install/tnsy_interfaces:/home/aidan/microros_ws/install/micro_ros_setup:/home/aidan/microros_ws/install/micro_ros_agent:/home/aidan/microros_ws/install/micro_ros_msgs:/home/aidan/GitHub/AidansRepo/TeensySwerve/install/tnsy_swrv_controller:/opt/ros/humble LD_LIBRARY_PATH=/home/aidan/GitHub/AidansRepo/TeensySwerve/install/builtin_interfaces/lib:${LD_LIBRARY_PATH} PYTHONPATH=/home/aidan/GitHub/AidansRepo/TeensySwerve/install/builtin_interfaces/local/lib/python3.10/dist-packages:${PYTHONPATH} /usr/bin/cmake --build /home/aidan/GitHub/AidansRepo/TeensySwerve/build/rcl_interfaces -- -j4 -l4
[6.203s] Invoking command in '/home/aidan/GitHub/AidansRepo/TeensySwerve/build/rcl_interfaces': AMENT_PREFIX_PATH=/home/aidan/GitHub/AidansRepo/TeensySwerve/install/builtin_interfaces:${AMENT_PREFIX_PATH} CMAKE_PREFIX_PATH=/home/aidan/GitHub/AidansRepo/TeensySwerve/install/builtin_interfaces:/home/aidan/GitHub/AidansRepo/TeensySwerve/install/tnsy_interfaces:/home/aidan/microros_ws/install/micro_ros_setup:/home/aidan/microros_ws/install/micro_ros_agent:/home/aidan/microros_ws/install/micro_ros_msgs:/home/aidan/GitHub/AidansRepo/TeensySwerve/install/tnsy_swrv_controller:/opt/ros/humble LD_LIBRARY_PATH=/home/aidan/GitHub/AidansRepo/TeensySwerve/install/builtin_interfaces/lib:${LD_LIBRARY_PATH} PYTHONPATH=/home/aidan/GitHub/AidansRepo/TeensySwerve/install/builtin_interfaces/local/lib/python3.10/dist-packages:${PYTHONPATH} /usr/bin/cmake --install /home/aidan/GitHub/AidansRepo/TeensySwerve/build/rcl_interfaces
[6.339s] -- Install configuration: ""
[6.350s] -- Up-to-date: /home/aidan/GitHub/AidansRepo/TeensySwerve/install/rcl_interfaces/share/ament_index/resource_index/rosidl_interfaces/rcl_interfaces
[6.351s] -- Up-to-date: /home/aidan/GitHub/AidansRepo/TeensySwerve/install/rcl_interfaces/include/rcl_interfaces/rcl_interfaces
[6.352s] -- Up-to-date: /home/aidan/GitHub/AidansRepo/TeensySwerve/install/rcl_interfaces/include/rcl_interfaces/rcl_interfaces/srv
[6.352s] -- Up-to-date: /home/aidan/GitHub/AidansRepo/TeensySwerve/install/rcl_interfaces/include/rcl_interfaces/rcl_interfaces/srv/set_parameters.h
[6.352s] -- Up-to-date: /home/aidan/GitHub/AidansRepo/TeensySwerve/install/rcl_interfaces/include/rcl_interfaces/rcl_interfaces/srv/set_parameters_atomically.h
[6.353s] -- Up-to-date: /home/aidan/GitHub/AidansRepo/TeensySwerve/install/rcl_interfaces/include/rcl_interfaces/rcl_interfaces/srv/list_parameters.h
[6.353s] -- Up-to-date: /home/aidan/GitHub/AidansRepo/TeensySwerve/install/rcl_interfaces/include/rcl_interfaces/rcl_interfaces/srv/describe_parameters.h
[6.353s] -- Up-to-date: /home/aidan/GitHub/AidansRepo/TeensySwerve/install/rcl_interfaces/include/rcl_interfaces/rcl_interfaces/srv/detail
[6.353s] -- Up-to-date: /home/aidan/GitHub/AidansRepo/TeensySwerve/install/rcl_interfaces/include/rcl_interfaces/rcl_interfaces/srv/detail/describe_parameters__type_support.h
[6.353s] -- Up-to-date: /home/aidan/GitHub/AidansRepo/TeensySwerve/install/rcl_interfaces/include/rcl_interfaces/rcl_interfaces/srv/detail/get_parameters__functions.c
[6.362s] -- Up-to-date: /home/aidan/GitHub/AidansRepo/TeensySwerve/install/rcl_interfaces/include/rcl_interfaces/rcl_interfaces/srv/detail/set_parameters_atomically__functions.h
[6.362s] -- Up-to-date: /home/aidan/GitHub/AidansRepo/TeensySwerve/install/rcl_interfaces/include/rcl_interfaces/rcl_interfaces/srv/detail/set_parameters_atomically__type_support.h
[6.363s] -- Up-to-date: /home/aidan/GitHub/AidansRepo/TeensySwerve/install/rcl_interfaces/include/rcl_interfaces/rcl_interfaces/srv/detail/get_parameter_types__functions.c
[6.363s] -- Up-to-date: /home/aidan/GitHub/AidansRepo/TeensySwerve/install/rcl_interfaces/include/rcl_interfaces/rcl_interfaces/srv/detail/set_parameters_atomically__struct.h
[6.363s] -- Up-to-date: /home/aidan/GitHub/AidansRepo/TeensySwerve/install/rcl_interfaces/include/rcl_interfaces/rcl_interfaces/srv/detail/set_parameters__type_support.h
[6.363s] -- Up-to-date: /home/aidan/GitHub/AidansRepo/TeensySwerve/install/rcl_interfaces/include/rcl_interfaces/rcl_interfaces/srv/detail/describe_parameters__functions.c
[6.363s] -- Up-to-date: /home/aidan/GitHub/AidansRepo/TeensySwerve/install/rcl_interfaces/include/rcl_interfaces/rcl_interfaces/srv/detail/get_parameters__struct.h
[6.363s] -- Up-to-date: /home/aidan/GitHub/AidansRepo/TeensySwerve/install/rcl_interfaces/include/rcl_interfaces/rcl_interfaces/srv/detail/set_parameters_atomically__functions.c
[6.363s] -- Up-to-date: /home/aidan/GitHub/AidansRepo/TeensySwerve/install/rcl_interfaces/include/rcl_interfaces/rcl_interfaces/srv/detail/set_parameters__struct.h
[6.364s] -- Up-to-date: /home/aidan/GitHub/AidansRepo/TeensySwerve/install/rcl_interfaces/include/rcl_interfaces/rcl_interfaces/srv/detail/describe_parameters__struct.h
[6.364s] -- Up-to-date: /home/aidan/GitHub/AidansRepo/TeensySwerve/install/rcl_interfaces/include/rcl_interfaces/rcl_interfaces/srv/detail/set_parameters__functions.c
[6.364s] -- Up-to-date: /home/aidan/GitHub/AidansRepo/TeensySwerve/install/rcl_interfaces/include/rcl_interfaces/rcl_interfaces/srv/detail/get_parameter_types__struct.h
[6.364s] -- Up-to-date: /home/aidan/GitHub/AidansRepo/TeensySwerve/install/rcl_interfaces/include/rcl_interfaces/rcl_interfaces/srv/detail/list_parameters__struct.h
[6.364s] -- Up-to-date: /home/aidan/GitHub/AidansRepo/TeensySwerve/install/rcl_interfaces/include/rcl_interfaces/rcl_interfaces/srv/detail/get_parameter_types__functions.h
[6.397s] -- Up-to-date: /home/aidan/GitHub/AidansRepo/TeensySwerve/install/rcl_interfaces/include/rcl_interfaces/rcl_interfaces/srv/detail/set_parameters__functions.h
[6.398s] -- Up-to-date: /home/aidan/GitHub/AidansRepo/TeensySwerve/install/rcl_interfaces/include/rcl_interfaces/rcl_interfaces/srv/detail/list_parameters__type_support.h
[6.398s] -- Up-to-date: /home/aidan/GitHub/AidansRepo/TeensySwerve/install/rcl_interfaces/include/rcl_interfaces/rcl_interfaces/srv/detail/describe_parameters__functions.h
[6.398s] -- Up-to-date: /home/aidan/GitHub/AidansRepo/TeensySwerve/install/rcl_interfaces/include/rcl_interfaces/rcl_interfaces/srv/detail/get_parameters__type_support.h
[6.398s] -- Up-to-date: /home/aidan/GitHub/AidansRepo/TeensySwerve/install/rcl_interfaces/include/rcl_interfaces/rcl_interfaces/srv/detail/get_parameters__functions.h
[6.398s] -- Up-to-date: /home/aidan/GitHub/AidansRepo/TeensySwerve/install/rcl_interfaces/include/rcl_interfaces/rcl_interfaces/srv/detail/get_parameter_types__type_support.h
[6.399s] -- Up-to-date: /home/aidan/GitHub/AidansRepo/TeensySwerve/install/rcl_interfaces/include/rcl_interfaces/rcl_interfaces/srv/detail/list_parameters__functions.h
[6.399s] -- Up-to-date: /home/aidan/GitHub/AidansRepo/TeensySwerve/install/rcl_interfaces/include/rcl_interfaces/rcl_interfaces/srv/detail/list_parameters__functions.c
[6.399s] -- Up-to-date: /home/aidan/GitHub/AidansRepo/TeensySwerve/install/rcl_interfaces/include/rcl_interfaces/rcl_interfaces/srv/get_parameter_types.h
[6.399s] -- Up-to-date: /home/aidan/GitHub/AidansRepo/TeensySwerve/install/rcl_interfaces/include/rcl_interfaces/rcl_interfaces/srv/get_parameters.h
[6.399s] -- Up-to-date: /home/aidan/GitHub/AidansRepo/TeensySwerve/install/rcl_interfaces/include/rcl_interfaces/rcl_interfaces/msg
[6.399s] -- Up-to-date: /home/aidan/GitHub/AidansRepo/TeensySwerve/install/rcl_interfaces/include/rcl_interfaces/rcl_interfaces/msg/parameter_event.h
[6.399s] -- Up-to-date: /home/aidan/GitHub/AidansRepo/TeensySwerve/install/rcl_interfaces/include/rcl_interfaces/rcl_interfaces/msg/integer_range.h
[6.400s] -- Up-to-date: /home/aidan/GitHub/AidansRepo/TeensySwerve/install/rcl_interfaces/include/rcl_interfaces/rcl_interfaces/msg/parameter_type.h
[6.400s] -- Up-to-date: /home/aidan/GitHub/AidansRepo/TeensySwerve/install/rcl_interfaces/include/rcl_interfaces/rcl_interfaces/msg/set_parameters_result.h
[6.400s] -- Up-to-date: /home/aidan/GitHub/AidansRepo/TeensySwerve/install/rcl_interfaces/include/rcl_interfaces/rcl_interfaces/msg/list_parameters_result.h
[6.400s] -- Up-to-date: /home/aidan/GitHub/AidansRepo/TeensySwerve/install/rcl_interfaces/include/rcl_interfaces/rcl_interfaces/msg/parameter_event_descriptors.h
[6.400s] -- Up-to-date: /home/aidan/GitHub/AidansRepo/TeensySwerve/install/rcl_interfaces/include/rcl_interfaces/rcl_interfaces/msg/log.h
[6.405s] -- Up-to-date: /home/aidan/GitHub/AidansRepo/TeensySwerve/install/rcl_interfaces/include/rcl_interfaces/rcl_interfaces/msg/rosidl_generator_c__visibility_control.h
[6.405s] -- Up-to-date: /home/aidan/GitHub/AidansRepo/TeensySwerve/install/rcl_interfaces/include/rcl_interfaces/rcl_interfaces/msg/floating_point_range.h
[6.406s] -- Up-to-date: /home/aidan/GitHub/AidansRepo/TeensySwerve/install/rcl_interfaces/include/rcl_interfaces/rcl_interfaces/msg/parameter_value.h
[6.407s] -- Up-to-date: /home/aidan/GitHub/AidansRepo/TeensySwerve/install/rcl_interfaces/include/rcl_interfaces/rcl_interfaces/msg/parameter_descriptor.h
[6.407s] -- Up-to-date: /home/aidan/GitHub/AidansRepo/TeensySwerve/install/rcl_interfaces/include/rcl_interfaces/rcl_interfaces/msg/detail
[6.408s] -- Up-to-date: /home/aidan/GitHub/AidansRepo/TeensySwerve/install/rcl_interfaces/include/rcl_interfaces/rcl_interfaces/msg/detail/list_parameters_result__functions.h
[6.408s] -- Up-to-date: /home/aidan/GitHub/AidansRepo/TeensySwerve/install/rcl_interfaces/include/rcl_interfaces/rcl_interfaces/msg/detail/parameter_event_descriptors__type_support.h
[6.415s] -- Up-to-date: /home/aidan/GitHub/AidansRepo/TeensySwerve/install/rcl_interfaces/include/rcl_interfaces/rcl_interfaces/msg/detail/parameter_descriptor__functions.h
[6.415s] -- Up-to-date: /home/aidan/GitHub/AidansRepo/TeensySwerve/install/rcl_interfaces/include/rcl_interfaces/rcl_interfaces/msg/detail/floating_point_range__type_support.h
[6.415s] -- Up-to-date: /home/aidan/GitHub/AidansRepo/TeensySwerve/install/rcl_interfaces/include/rcl_interfaces/rcl_interfaces/msg/detail/parameter_type__struct.h
[6.417s] -- Up-to-date: /home/aidan/GitHub/AidansRepo/TeensySwerve/install/rcl_interfaces/include/rcl_interfaces/rcl_interfaces/msg/detail/integer_range__struct.h
[6.417s] -- Up-to-date: /home/aidan/GitHub/AidansRepo/TeensySwerve/install/rcl_interfaces/include/rcl_interfaces/rcl_interfaces/msg/detail/set_parameters_result__struct.h
[6.417s] -- Up-to-date: /home/aidan/GitHub/AidansRepo/TeensySwerve/install/rcl_interfaces/include/rcl_interfaces/rcl_interfaces/msg/detail/parameter__type_support.h
[6.417s] -- Up-to-date: /home/aidan/GitHub/AidansRepo/TeensySwerve/install/rcl_interfaces/include/rcl_interfaces/rcl_interfaces/msg/detail/set_parameters_result__functions.c
[6.417s] -- Up-to-date: /home/aidan/GitHub/AidansRepo/TeensySwerve/install/rcl_interfaces/include/rcl_interfaces/rcl_interfaces/msg/detail/parameter_value__functions.h
[6.418s] -- Up-to-date: /home/aidan/GitHub/AidansRepo/TeensySwerve/install/rcl_interfaces/include/rcl_interfaces/rcl_interfaces/msg/detail/integer_range__type_support.h
[6.418s] -- Up-to-date: /home/aidan/GitHub/AidansRepo/TeensySwerve/install/rcl_interfaces/include/rcl_interfaces/rcl_interfaces/msg/detail/parameter_event__functions.c
[6.418s] -- Up-to-date: /home/aidan/GitHub/AidansRepo/TeensySwerve/install/rcl_interfaces/include/rcl_interfaces/rcl_interfaces/msg/detail/parameter_type__functions.c
[6.418s] -- Up-to-date: /home/aidan/GitHub/AidansRepo/TeensySwerve/install/rcl_interfaces/include/rcl_interfaces/rcl_interfaces/msg/detail/parameter_value__type_support.h
[6.418s] -- Up-to-date: /home/aidan/GitHub/AidansRepo/TeensySwerve/install/rcl_interfaces/include/rcl_interfaces/rcl_interfaces/msg/detail/integer_range__functions.c
[6.424s] -- Up-to-date: /home/aidan/GitHub/AidansRepo/TeensySwerve/install/rcl_interfaces/include/rcl_interfaces/rcl_interfaces/msg/detail/parameter_event__type_support.h
[6.424s] -- Up-to-date: /home/aidan/GitHub/AidansRepo/TeensySwerve/install/rcl_interfaces/include/rcl_interfaces/rcl_interfaces/msg/detail/parameter__functions.h
[6.425s] -- Up-to-date: /home/aidan/GitHub/AidansRepo/TeensySwerve/install/rcl_interfaces/include/rcl_interfaces/rcl_interfaces/msg/detail/floating_point_range__functions.c
[6.425s] -- Up-to-date: /home/aidan/GitHub/AidansRepo/TeensySwerve/install/rcl_interfaces/include/rcl_interfaces/rcl_interfaces/msg/detail/list_parameters_result__struct.h
[6.425s] -- Up-to-date: /home/aidan/GitHub/AidansRepo/TeensySwerve/install/rcl_interfaces/include/rcl_interfaces/rcl_interfaces/msg/detail/parameter_event__functions.h
[6.425s] -- Up-to-date: /home/aidan/GitHub/AidansRepo/TeensySwerve/install/rcl_interfaces/include/rcl_interfaces/rcl_interfaces/msg/detail/set_parameters_result__type_support.h
[6.425s] -- Up-to-date: /home/aidan/GitHub/AidansRepo/TeensySwerve/install/rcl_interfaces/include/rcl_interfaces/rcl_interfaces/msg/detail/set_parameters_result__functions.h
[6.426s] -- Up-to-date: /home/aidan/GitHub/AidansRepo/TeensySwerve/install/rcl_interfaces/include/rcl_interfaces/rcl_interfaces/msg/detail/parameter_type__type_support.h
[6.426s] -- Up-to-date: /home/aidan/GitHub/AidansRepo/TeensySwerve/install/rcl_interfaces/include/rcl_interfaces/rcl_interfaces/msg/detail/parameter_descriptor__type_support.h
[6.426s] -- Up-to-date: /home/aidan/GitHub/AidansRepo/TeensySwerve/install/rcl_interfaces/include/rcl_interfaces/rcl_interfaces/msg/detail/parameter_event_descriptors__struct.h
[6.426s] -- Up-to-date: /home/aidan/GitHub/AidansRepo/TeensySwerve/install/rcl_interfaces/include/rcl_interfaces/rcl_interfaces/msg/detail/parameter__functions.c
[6.426s] -- Up-to-date: /home/aidan/GitHub/AidansRepo/TeensySwerve/install/rcl_interfaces/include/rcl_interfaces/rcl_interfaces/msg/detail/floating_point_range__functions.h
[6.431s] -- Up-to-date: /home/aidan/GitHub/AidansRepo/TeensySwerve/install/rcl_interfaces/include/rcl_interfaces/rcl_interfaces/msg/detail/parameter_value__functions.c
[6.431s] -- Up-to-date: /home/aidan/GitHub/AidansRepo/TeensySwerve/install/rcl_interfaces/include/rcl_interfaces/rcl_interfaces/msg/detail/log__functions.c
[6.431s] -- Up-to-date: /home/aidan/GitHub/AidansRepo/TeensySwerve/install/rcl_interfaces/include/rcl_interfaces/rcl_interfaces/msg/detail/list_parameters_result__type_support.h
[6.431s] -- Up-to-date: /home/aidan/GitHub/AidansRepo/TeensySwerve/install/rcl_interfaces/include/rcl_interfaces/rcl_interfaces/msg/detail/parameter_event_descriptors__functions.h
[6.432s] -- Up-to-date: /home/aidan/GitHub/AidansRepo/TeensySwerve/install/rcl_interfaces/include/rcl_interfaces/rcl_interfaces/msg/detail/parameter_descriptor__functions.c
[6.432s] -- Up-to-date: /home/aidan/GitHub/AidansRepo/TeensySwerve/install/rcl_interfaces/include/rcl_interfaces/rcl_interfaces/msg/detail/parameter_descriptor__struct.h
[6.432s] -- Up-to-date: /home/aidan/GitHub/AidansRepo/TeensySwerve/install/rcl_interfaces/include/rcl_interfaces/rcl_interfaces/msg/detail/integer_range__functions.h
[6.432s] -- Up-to-date: /home/aidan/GitHub/AidansRepo/TeensySwerve/install/rcl_interfaces/include/rcl_interfaces/rcl_interfaces/msg/detail/floating_point_range__struct.h
[6.432s] -- Up-to-date: /home/aidan/GitHub/AidansRepo/TeensySwerve/install/rcl_interfaces/include/rcl_interfaces/rcl_interfaces/msg/detail/parameter_event__struct.h
[6.432s] -- Up-to-date: /home/aidan/GitHub/AidansRepo/TeensySwerve/install/rcl_interfaces/include/rcl_interfaces/rcl_interfaces/msg/detail/list_parameters_result__functions.c
[6.433s] -- Up-to-date: /home/aidan/GitHub/AidansRepo/TeensySwerve/install/rcl_interfaces/include/rcl_interfaces/rcl_interfaces/msg/detail/log__struct.h
[6.433s] -- Up-to-date: /home/aidan/GitHub/AidansRepo/TeensySwerve/install/rcl_interfaces/include/rcl_interfaces/rcl_interfaces/msg/detail/parameter_type__functions.h
[6.440s] -- Up-to-date: /home/aidan/GitHub/AidansRepo/TeensySwerve/install/rcl_interfaces/include/rcl_interfaces/rcl_interfaces/msg/detail/log__type_support.h
[6.443s] -- Up-to-date: /home/aidan/GitHub/AidansRepo/TeensySwerve/install/rcl_interfaces/include/rcl_interfaces/rcl_interfaces/msg/detail/parameter_event_descriptors__functions.c
[6.444s] -- Up-to-date: /home/aidan/GitHub/AidansRepo/TeensySwerve/install/rcl_interfaces/include/rcl_interfaces/rcl_interfaces/msg/detail/parameter_value__struct.h
[6.445s] -- Up-to-date: /home/aidan/GitHub/AidansRepo/TeensySwerve/install/rcl_interfaces/include/rcl_interfaces/rcl_interfaces/msg/detail/parameter__struct.h
[6.445s] -- Up-to-date: /home/aidan/GitHub/AidansRepo/TeensySwerve/install/rcl_interfaces/include/rcl_interfaces/rcl_interfaces/msg/detail/log__functions.h
[6.445s] -- Up-to-date: /home/aidan/GitHub/AidansRepo/TeensySwerve/install/rcl_interfaces/include/rcl_interfaces/rcl_interfaces/msg/parameter.h
[6.445s] -- Up-to-date: /home/aidan/GitHub/AidansRepo/TeensySwerve/install/rcl_interfaces/share/rcl_interfaces/environment/library_path.sh
[6.445s] -- Up-to-date: /home/aidan/GitHub/AidansRepo/TeensySwerve/install/rcl_interfaces/share/rcl_interfaces/environment/library_path.dsv
[6.445s] -- Up-to-date: /home/aidan/GitHub/AidansRepo/TeensySwerve/install/rcl_interfaces/lib/librcl_interfaces__rosidl_generator_c.so
[6.446s] -- Up-to-date: /home/aidan/GitHub/AidansRepo/TeensySwerve/install/rcl_interfaces/include/rcl_interfaces/rcl_interfaces
[6.446s] -- Up-to-date: /home/aidan/GitHub/AidansRepo/TeensySwerve/install/rcl_interfaces/include/rcl_interfaces/rcl_interfaces/srv
[6.446s] -- Up-to-date: /home/aidan/GitHub/AidansRepo/TeensySwerve/install/rcl_interfaces/include/rcl_interfaces/rcl_interfaces/srv/detail
[6.448s] -- Up-to-date: /home/aidan/GitHub/AidansRepo/TeensySwerve/install/rcl_interfaces/include/rcl_interfaces/rcl_interfaces/srv/detail/set_parameters_atomically__rosidl_typesupport_fastrtps_c.h
[6.448s] -- Up-to-date: /home/aidan/GitHub/AidansRepo/TeensySwerve/install/rcl_interfaces/include/rcl_interfaces/rcl_interfaces/srv/detail/get_parameters__rosidl_typesupport_fastrtps_c.h
[6.448s] -- Up-to-date: /home/aidan/GitHub/AidansRepo/TeensySwerve/install/rcl_interfaces/include/rcl_interfaces/rcl_interfaces/srv/detail/list_parameters__rosidl_typesupport_fastrtps_c.h
[6.448s] -- Up-to-date: /home/aidan/GitHub/AidansRepo/TeensySwerve/install/rcl_interfaces/include/rcl_interfaces/rcl_interfaces/srv/detail/set_parameters__rosidl_typesupport_fastrtps_c.h
[6.450s] -- Up-to-date: /home/aidan/GitHub/AidansRepo/TeensySwerve/install/rcl_interfaces/include/rcl_interfaces/rcl_interfaces/srv/detail/describe_parameters__rosidl_typesupport_fastrtps_c.h
[6.450s] -- Up-to-date: /home/aidan/GitHub/AidansRepo/TeensySwerve/install/rcl_interfaces/include/rcl_interfaces/rcl_interfaces/srv/detail/get_parameter_types__rosidl_typesupport_fastrtps_c.h
[6.450s] -- Up-to-date: /home/aidan/GitHub/AidansRepo/TeensySwerve/install/rcl_interfaces/include/rcl_interfaces/rcl_interfaces/msg
[6.450s] -- Up-to-date: /home/aidan/GitHub/AidansRepo/TeensySwerve/install/rcl_interfaces/include/rcl_interfaces/rcl_interfaces/msg/rosidl_typesupport_fastrtps_c__visibility_control.h
[6.450s] -- Up-to-date: /home/aidan/GitHub/AidansRepo/TeensySwerve/install/rcl_interfaces/include/rcl_interfaces/rcl_interfaces/msg/detail
[6.451s] -- Up-to-date: /home/aidan/GitHub/AidansRepo/TeensySwerve/install/rcl_interfaces/include/rcl_interfaces/rcl_interfaces/msg/detail/parameter_value__rosidl_typesupport_fastrtps_c.h
[6.452s] -- Up-to-date: /home/aidan/GitHub/AidansRepo/TeensySwerve/install/rcl_interfaces/include/rcl_interfaces/rcl_interfaces/msg/detail/parameter_type__rosidl_typesupport_fastrtps_c.h
[6.452s] -- Up-to-date: /home/aidan/GitHub/AidansRepo/TeensySwerve/install/rcl_interfaces/include/rcl_interfaces/rcl_interfaces/msg/detail/parameter_descriptor__rosidl_typesupport_fastrtps_c.h
[6.452s] -- Up-to-date: /home/aidan/GitHub/AidansRepo/TeensySwerve/install/rcl_interfaces/include/rcl_interfaces/rcl_interfaces/msg/detail/log__rosidl_typesupport_fastrtps_c.h
[6.452s] -- Up-to-date: /home/aidan/GitHub/AidansRepo/TeensySwerve/install/rcl_interfaces/include/rcl_interfaces/rcl_interfaces/msg/detail/floating_point_range__rosidl_typesupport_fastrtps_c.h
[6.453s] -- Up-to-date: /home/aidan/GitHub/AidansRepo/TeensySwerve/install/rcl_interfaces/include/rcl_interfaces/rcl_interfaces/msg/detail/parameter_event_descriptors__rosidl_typesupport_fastrtps_c.h
[6.455s] -- Up-to-date: /home/aidan/GitHub/AidansRepo/TeensySwerve/install/rcl_interfaces/include/rcl_interfaces/rcl_interfaces/msg/detail/parameter_event__rosidl_typesupport_fastrtps_c.h
[6.455s] -- Up-to-date: /home/aidan/GitHub/AidansRepo/TeensySwerve/install/rcl_interfaces/include/rcl_interfaces/rcl_interfaces/msg/detail/integer_range__rosidl_typesupport_fastrtps_c.h
[6.456s] -- Up-to-date: /home/aidan/GitHub/AidansRepo/TeensySwerve/install/rcl_interfaces/include/rcl_interfaces/rcl_interfaces/msg/detail/list_parameters_result__rosidl_typesupport_fastrtps_c.h
[6.456s] -- Up-to-date: /home/aidan/GitHub/AidansRepo/TeensySwerve/install/rcl_interfaces/include/rcl_interfaces/rcl_interfaces/msg/detail/parameter__rosidl_typesupport_fastrtps_c.h
[6.456s] -- Up-to-date: /home/aidan/GitHub/AidansRepo/TeensySwerve/install/rcl_interfaces/include/rcl_interfaces/rcl_interfaces/msg/detail/set_parameters_result__rosidl_typesupport_fastrtps_c.h
[6.461s] -- Up-to-date: /home/aidan/GitHub/AidansRepo/TeensySwerve/install/rcl_interfaces/lib/librcl_interfaces__rosidl_typesupport_fastrtps_c.so
[6.461s] -- Up-to-date: /home/aidan/GitHub/AidansRepo/TeensySwerve/install/rcl_interfaces/include/rcl_interfaces/rcl_interfaces
[6.461s] -- Up-to-date: /home/aidan/GitHub/AidansRepo/TeensySwerve/install/rcl_interfaces/include/rcl_interfaces/rcl_interfaces/srv
[6.462s] -- Up-to-date: /home/aidan/GitHub/AidansRepo/TeensySwerve/install/rcl_interfaces/include/rcl_interfaces/rcl_interfaces/srv/detail
[6.463s] -- Up-to-date: /home/aidan/GitHub/AidansRepo/TeensySwerve/install/rcl_interfaces/include/rcl_interfaces/rcl_interfaces/srv/detail/set_parameters_atomically__rosidl_typesupport_introspection_c.h
[6.463s] -- Up-to-date: /home/aidan/GitHub/AidansRepo/TeensySwerve/install/rcl_interfaces/include/rcl_interfaces/rcl_interfaces/srv/detail/list_parameters__rosidl_typesupport_introspection_c.h
[6.463s] -- Up-to-date: /home/aidan/GitHub/AidansRepo/TeensySwerve/install/rcl_interfaces/include/rcl_interfaces/rcl_interfaces/srv/detail/describe_parameters__type_support.c
[6.463s] -- Up-to-date: /home/aidan/GitHub/AidansRepo/TeensySwerve/install/rcl_interfaces/include/rcl_interfaces/rcl_interfaces/srv/detail/list_parameters__type_support.c
[6.463s] -- Up-to-date: /home/aidan/GitHub/AidansRepo/TeensySwerve/install/rcl_interfaces/include/rcl_interfaces/rcl_interfaces/srv/detail/get_parameter_types__type_support.c
[6.464s] -- Up-to-date: /home/aidan/GitHub/AidansRepo/TeensySwerve/install/rcl_interfaces/include/rcl_interfaces/rcl_interfaces/srv/detail/describe_parameters__rosidl_typesupport_introspection_c.h
[6.464s] -- Up-to-date: /home/aidan/GitHub/AidansRepo/TeensySwerve/install/rcl_interfaces/include/rcl_interfaces/rcl_interfaces/srv/detail/set_parameters__type_support.c
[6.465s] -- Up-to-date: /home/aidan/GitHub/AidansRepo/TeensySwerve/install/rcl_interfaces/include/rcl_interfaces/rcl_interfaces/srv/detail/set_parameters_atomically__type_support.c
[6.465s] -- Up-to-date: /home/aidan/GitHub/AidansRepo/TeensySwerve/install/rcl_interfaces/include/rcl_interfaces/rcl_interfaces/srv/detail/set_parameters__rosidl_typesupport_introspection_c.h
[6.465s] -- Up-to-date: /home/aidan/GitHub/AidansRepo/TeensySwerve/install/rcl_interfaces/include/rcl_interfaces/rcl_interfaces/srv/detail/get_parameter_types__rosidl_typesupport_introspection_c.h
[6.465s] -- Up-to-date: /home/aidan/GitHub/AidansRepo/TeensySwerve/install/rcl_interfaces/include/rcl_interfaces/rcl_interfaces/srv/detail/get_parameters__rosidl_typesupport_introspection_c.h
[6.465s] -- Up-to-date: /home/aidan/GitHub/AidansRepo/TeensySwerve/install/rcl_interfaces/include/rcl_interfaces/rcl_interfaces/srv/detail/get_parameters__type_support.c
[6.466s] -- Up-to-date: /home/aidan/GitHub/AidansRepo/TeensySwerve/install/rcl_interfaces/include/rcl_interfaces/rcl_interfaces/msg
[6.466s] -- Up-to-date: /home/aidan/GitHub/AidansRepo/TeensySwerve/install/rcl_interfaces/include/rcl_interfaces/rcl_interfaces/msg/detail
[6.467s] -- Up-to-date: /home/aidan/GitHub/AidansRepo/TeensySwerve/install/rcl_interfaces/include/rcl_interfaces/rcl_interfaces/msg/detail/parameter__rosidl_typesupport_introspection_c.h
[6.467s] -- Up-to-date: /home/aidan/GitHub/AidansRepo/TeensySwerve/install/rcl_interfaces/include/rcl_interfaces/rcl_interfaces/msg/detail/log__type_support.c
[6.467s] -- Up-to-date: /home/aidan/GitHub/AidansRepo/TeensySwerve/install/rcl_interfaces/include/rcl_interfaces/rcl_interfaces/msg/detail/parameter_event__type_support.c
[6.467s] -- Up-to-date: /home/aidan/GitHub/AidansRepo/TeensySwerve/install/rcl_interfaces/include/rcl_interfaces/rcl_interfaces/msg/detail/parameter_event_descriptors__type_support.c
[6.468s] -- Up-to-date: /home/aidan/GitHub/AidansRepo/TeensySwerve/install/rcl_interfaces/include/rcl_interfaces/rcl_interfaces/msg/detail/list_parameters_result__rosidl_typesupport_introspection_c.h
[6.468s] -- Up-to-date: /home/aidan/GitHub/AidansRepo/TeensySwerve/install/rcl_interfaces/include/rcl_interfaces/rcl_interfaces/msg/detail/list_parameters_result__type_support.c
[6.468s] -- Up-to-date: /home/aidan/GitHub/AidansRepo/TeensySwerve/install/rcl_interfaces/include/rcl_interfaces/rcl_interfaces/msg/detail/integer_range__type_support.c
[6.469s] -- Up-to-date: /home/aidan/GitHub/AidansRepo/TeensySwerve/install/rcl_interfaces/include/rcl_interfaces/rcl_interfaces/msg/detail/parameter_event_descriptors__rosidl_typesupport_introspection_c.h
[6.469s] -- Up-to-date: /home/aidan/GitHub/AidansRepo/TeensySwerve/install/rcl_interfaces/include/rcl_interfaces/rcl_interfaces/msg/detail/parameter_type__rosidl_typesupport_introspection_c.h
[6.469s] -- Up-to-date: /home/aidan/GitHub/AidansRepo/TeensySwerve/install/rcl_interfaces/include/rcl_interfaces/rcl_interfaces/msg/detail/set_parameters_result__type_support.c
[6.469s] -- Up-to-date: /home/aidan/GitHub/AidansRepo/TeensySwerve/install/rcl_interfaces/include/rcl_interfaces/rcl_interfaces/msg/detail/parameter_descriptor__type_support.c
[6.470s] -- Up-to-date: /home/aidan/GitHub/AidansRepo/TeensySwerve/install/rcl_interfaces/include/rcl_interfaces/rcl_interfaces/msg/detail/set_parameters_result__rosidl_typesupport_introspection_c.h
[6.470s] -- Up-to-date: /home/aidan/GitHub/AidansRepo/TeensySwerve/install/rcl_interfaces/include/rcl_interfaces/rcl_interfaces/msg/detail/parameter_descriptor__rosidl_typesupport_introspection_c.h
[6.470s] -- Up-to-date: /home/aidan/GitHub/AidansRepo/TeensySwerve/install/rcl_interfaces/include/rcl_interfaces/rcl_interfaces/msg/detail/parameter_type__type_support.c
[6.470s] -- Up-to-date: /home/aidan/GitHub/AidansRepo/TeensySwerve/install/rcl_interfaces/include/rcl_interfaces/rcl_interfaces/msg/detail/log__rosidl_typesupport_introspection_c.h
[6.470s] -- Up-to-date: /home/aidan/GitHub/AidansRepo/TeensySwerve/install/rcl_interfaces/include/rcl_interfaces/rcl_interfaces/msg/detail/integer_range__rosidl_typesupport_introspection_c.h
[6.477s] -- Up-to-date: /home/aidan/GitHub/AidansRepo/TeensySwerve/install/rcl_interfaces/include/rcl_interfaces/rcl_interfaces/msg/detail/parameter_value__rosidl_typesupport_introspection_c.h
[6.478s] -- Up-to-date: /home/aidan/GitHub/AidansRepo/TeensySwerve/install/rcl_interfaces/include/rcl_interfaces/rcl_interfaces/msg/detail/parameter_event__rosidl_typesupport_introspection_c.h
[6.478s] -- Up-to-date: /home/aidan/GitHub/AidansRepo/TeensySwerve/install/rcl_interfaces/include/rcl_interfaces/rcl_interfaces/msg/detail/parameter_value__type_support.c
[6.478s] -- Up-to-date: /home/aidan/GitHub/AidansRepo/TeensySwerve/install/rcl_interfaces/include/rcl_interfaces/rcl_interfaces/msg/detail/floating_point_range__rosidl_typesupport_introspection_c.h
[6.478s] -- Up-to-date: /home/aidan/GitHub/AidansRepo/TeensySwerve/install/rcl_interfaces/include/rcl_interfaces/rcl_interfaces/msg/detail/parameter__type_support.c
[6.479s] -- Up-to-date: /home/aidan/GitHub/AidansRepo/TeensySwerve/install/rcl_interfaces/include/rcl_interfaces/rcl_interfaces/msg/detail/floating_point_range__type_support.c
[6.479s] -- Up-to-date: /home/aidan/GitHub/AidansRepo/TeensySwerve/install/rcl_interfaces/include/rcl_interfaces/rcl_interfaces/msg/rosidl_typesupport_introspection_c__visibility_control.h
[6.479s] -- Up-to-date: /home/aidan/GitHub/AidansRepo/TeensySwerve/install/rcl_interfaces/lib/librcl_interfaces__rosidl_typesupport_introspection_c.so
[6.479s] -- Up-to-date: /home/aidan/GitHub/AidansRepo/TeensySwerve/install/rcl_interfaces/lib/librcl_interfaces__rosidl_typesupport_c.so
[6.482s] -- Up-to-date: /home/aidan/GitHub/AidansRepo/TeensySwerve/install/rcl_interfaces/include/rcl_interfaces/rcl_interfaces
[6.484s] -- Up-to-date: /home/aidan/GitHub/AidansRepo/TeensySwerve/install/rcl_interfaces/include/rcl_interfaces/rcl_interfaces/srv
[6.489s] -- Up-to-date: /home/aidan/GitHub/AidansRepo/TeensySwerve/install/rcl_interfaces/include/rcl_interfaces/rcl_interfaces/srv/set_parameters.hpp
[6.490s] -- Up-to-date: /home/aidan/GitHub/AidansRepo/TeensySwerve/install/rcl_interfaces/include/rcl_interfaces/rcl_interfaces/srv/describe_parameters.hpp
[6.496s] -- Up-to-date: /home/aidan/GitHub/AidansRepo/TeensySwerve/install/rcl_interfaces/include/rcl_interfaces/rcl_interfaces/srv/get_parameters.hpp
[6.497s] -- Up-to-date: /home/aidan/GitHub/AidansRepo/TeensySwerve/install/rcl_interfaces/include/rcl_interfaces/rcl_interfaces/srv/set_parameters_atomically.hpp
[6.497s] -- Up-to-date: /home/aidan/GitHub/AidansRepo/TeensySwerve/install/rcl_interfaces/include/rcl_interfaces/rcl_interfaces/srv/list_parameters.hpp
[6.497s] -- Up-to-date: /home/aidan/GitHub/AidansRepo/TeensySwerve/install/rcl_interfaces/include/rcl_interfaces/rcl_interfaces/srv/get_parameter_types.hpp
[6.497s] -- Up-to-date: /home/aidan/GitHub/AidansRepo/TeensySwerve/install/rcl_interfaces/include/rcl_interfaces/rcl_interfaces/srv/detail
[6.497s] -- Up-to-date: /home/aidan/GitHub/AidansRepo/TeensySwerve/install/rcl_interfaces/include/rcl_interfaces/rcl_interfaces/srv/detail/set_parameters__traits.hpp
[6.498s] -- Up-to-date: /home/aidan/GitHub/AidansRepo/TeensySwerve/install/rcl_interfaces/include/rcl_interfaces/rcl_interfaces/srv/detail/get_parameters__type_support.hpp
[6.498s] -- Up-to-date: /home/aidan/GitHub/AidansRepo/TeensySwerve/install/rcl_interfaces/include/rcl_interfaces/rcl_interfaces/srv/detail/get_parameters__traits.hpp
[6.498s] -- Up-to-date: /home/aidan/GitHub/AidansRepo/TeensySwerve/install/rcl_interfaces/include/rcl_interfaces/rcl_interfaces/srv/detail/list_parameters__type_support.hpp
[6.498s] -- Up-to-date: /home/aidan/GitHub/AidansRepo/TeensySwerve/install/rcl_interfaces/include/rcl_interfaces/rcl_interfaces/srv/detail/describe_parameters__type_support.hpp
[6.509s] -- Up-to-date: /home/aidan/GitHub/AidansRepo/TeensySwerve/install/rcl_interfaces/include/rcl_interfaces/rcl_interfaces/srv/detail/set_parameters_atomically__builder.hpp
[6.509s] -- Up-to-date: /home/aidan/GitHub/AidansRepo/TeensySwerve/install/rcl_interfaces/include/rcl_interfaces/rcl_interfaces/srv/detail/list_parameters__struct.hpp
[6.510s] -- Up-to-date: /home/aidan/GitHub/AidansRepo/TeensySwerve/install/rcl_interfaces/include/rcl_interfaces/rcl_interfaces/srv/detail/get_parameter_types__builder.hpp
[6.510s] -- Up-to-date: /home/aidan/GitHub/AidansRepo/TeensySwerve/install/rcl_interfaces/include/rcl_interfaces/rcl_interfaces/srv/detail/list_parameters__builder.hpp
[6.510s] -- Up-to-date: /home/aidan/GitHub/AidansRepo/TeensySwerve/install/rcl_interfaces/include/rcl_interfaces/rcl_interfaces/srv/detail/set_parameters__type_support.hpp
[6.510s] -- Up-to-date: /home/aidan/GitHub/AidansRepo/TeensySwerve/install/rcl_interfaces/include/rcl_interfaces/rcl_interfaces/srv/detail/get_parameters__builder.hpp
[6.513s] -- Up-to-date: /home/aidan/GitHub/AidansRepo/TeensySwerve/install/rcl_interfaces/include/rcl_interfaces/rcl_interfaces/srv/detail/set_parameters__builder.hpp
[6.514s] -- Up-to-date: /home/aidan/GitHub/AidansRepo/TeensySwerve/install/rcl_interfaces/include/rcl_interfaces/rcl_interfaces/srv/detail/list_parameters__traits.hpp
[6.514s] -- Up-to-date: /home/aidan/GitHub/AidansRepo/TeensySwerve/install/rcl_interfaces/include/rcl_interfaces/rcl_interfaces/srv/detail/get_parameters__struct.hpp
[6.514s] -- Up-to-date: /home/aidan/GitHub/AidansRepo/TeensySwerve/install/rcl_interfaces/include/rcl_interfaces/rcl_interfaces/srv/detail/get_parameter_types__type_support.hpp
[6.514s] -- Up-to-date: /home/aidan/GitHub/AidansRepo/TeensySwerve/install/rcl_interfaces/include/rcl_interfaces/rcl_interfaces/srv/detail/set_parameters_atomically__type_support.hpp
[6.525s] -- Up-to-date: /home/aidan/GitHub/AidansRepo/TeensySwerve/install/rcl_interfaces/include/rcl_interfaces/rcl_interfaces/srv/detail/set_parameters_atomically__traits.hpp
[6.536s] -- Up-to-date: /home/aidan/GitHub/AidansRepo/TeensySwerve/install/rcl_interfaces/include/rcl_interfaces/rcl_interfaces/srv/detail/set_parameters__struct.hpp
[6.540s] -- Up-to-date: /home/aidan/GitHub/AidansRepo/TeensySwerve/install/rcl_interfaces/include/rcl_interfaces/rcl_interfaces/srv/detail/describe_parameters__traits.hpp
[6.541s] -- Up-to-date: /home/aidan/GitHub/AidansRepo/TeensySwerve/install/rcl_interfaces/include/rcl_interfaces/rcl_interfaces/srv/detail/get_parameter_types__struct.hpp
[6.541s] -- Up-to-date: /home/aidan/GitHub/AidansRepo/TeensySwerve/install/rcl_interfaces/include/rcl_interfaces/rcl_interfaces/srv/detail/describe_parameters__struct.hpp
[6.551s] -- Up-to-date: /home/aidan/GitHub/AidansRepo/TeensySwerve/install/rcl_interfaces/include/rcl_interfaces/rcl_interfaces/srv/detail/describe_parameters__builder.hpp
[6.551s] -- Up-to-date: /home/aidan/GitHub/AidansRepo/TeensySwerve/install/rcl_interfaces/include/rcl_interfaces/rcl_interfaces/srv/detail/get_parameter_types__traits.hpp
[6.551s] -- Up-to-date: /home/aidan/GitHub/AidansRepo/TeensySwerve/install/rcl_interfaces/include/rcl_interfaces/rcl_interfaces/srv/detail/set_parameters_atomically__struct.hpp
[6.551s] -- Up-to-date: /home/aidan/GitHub/AidansRepo/TeensySwerve/install/rcl_interfaces/include/rcl_interfaces/rcl_interfaces/msg
[6.552s] -- Up-to-date: /home/aidan/GitHub/AidansRepo/TeensySwerve/install/rcl_interfaces/include/rcl_interfaces/rcl_interfaces/msg/log.hpp
[6.552s] -- Up-to-date: /home/aidan/GitHub/AidansRepo/TeensySwerve/install/rcl_interfaces/include/rcl_interfaces/rcl_interfaces/msg/parameter_value.hpp
[6.552s] -- Up-to-date: /home/aidan/GitHub/AidansRepo/TeensySwerve/install/rcl_interfaces/include/rcl_interfaces/rcl_interfaces/msg/parameter_event_descriptors.hpp
[6.552s] -- Up-to-date: /home/aidan/GitHub/AidansRepo/TeensySwerve/install/rcl_interfaces/include/rcl_interfaces/rcl_interfaces/msg/set_parameters_result.hpp
[6.552s] -- Up-to-date: /home/aidan/GitHub/AidansRepo/TeensySwerve/install/rcl_interfaces/include/rcl_interfaces/rcl_interfaces/msg/parameter_type.hpp
[6.552s] -- Up-to-date: /home/aidan/GitHub/AidansRepo/TeensySwerve/install/rcl_interfaces/include/rcl_interfaces/rcl_interfaces/msg/parameter.hpp
[6.553s] -- Up-to-date: /home/aidan/GitHub/AidansRepo/TeensySwerve/install/rcl_interfaces/include/rcl_interfaces/rcl_interfaces/msg/floating_point_range.hpp
[6.553s] -- Up-to-date: /home/aidan/GitHub/AidansRepo/TeensySwerve/install/rcl_interfaces/include/rcl_interfaces/rcl_interfaces/msg/parameter_descriptor.hpp
[6.553s] -- Up-to-date: /home/aidan/GitHub/AidansRepo/TeensySwerve/install/rcl_interfaces/include/rcl_interfaces/rcl_interfaces/msg/integer_range.hpp
[6.553s] -- Up-to-date: /home/aidan/GitHub/AidansRepo/TeensySwerve/install/rcl_interfaces/include/rcl_interfaces/rcl_interfaces/msg/detail
[6.553s] -- Up-to-date: /home/aidan/GitHub/AidansRepo/TeensySwerve/install/rcl_interfaces/include/rcl_interfaces/rcl_interfaces/msg/detail/parameter_value__struct.hpp
[6.565s] -- Up-to-date: /home/aidan/GitHub/AidansRepo/TeensySwerve/install/rcl_interfaces/include/rcl_interfaces/rcl_interfaces/msg/detail/floating_point_range__builder.hpp
[6.565s] -- Up-to-date: /home/aidan/GitHub/AidansRepo/TeensySwerve/install/rcl_interfaces/include/rcl_interfaces/rcl_interfaces/msg/detail/floating_point_range__type_support.hpp
[6.565s] -- Up-to-date: /home/aidan/GitHub/AidansRepo/TeensySwerve/install/rcl_interfaces/include/rcl_interfaces/rcl_interfaces/msg/detail/parameter_event__type_support.hpp
[6.565s] -- Up-to-date: /home/aidan/GitHub/AidansRepo/TeensySwerve/install/rcl_interfaces/include/rcl_interfaces/rcl_interfaces/msg/detail/parameter__type_support.hpp
[6.565s] -- Up-to-date: /home/aidan/GitHub/AidansRepo/TeensySwerve/install/rcl_interfaces/include/rcl_interfaces/rcl_interfaces/msg/detail/floating_point_range__struct.hpp
[6.565s] -- Up-to-date: /home/aidan/GitHub/AidansRepo/TeensySwerve/install/rcl_interfaces/include/rcl_interfaces/rcl_interfaces/msg/detail/parameter_event__builder.hpp
[6.566s] -- Up-to-date: /home/aidan/GitHub/AidansRepo/TeensySwerve/install/rcl_interfaces/include/rcl_interfaces/rcl_interfaces/msg/detail/log__type_support.hpp
[6.566s] -- Up-to-date: /home/aidan/GitHub/AidansRepo/TeensySwerve/install/rcl_interfaces/include/rcl_interfaces/rcl_interfaces/msg/detail/parameter__struct.hpp
[6.566s] -- Up-to-date: /home/aidan/GitHub/AidansRepo/TeensySwerve/install/rcl_interfaces/include/rcl_interfaces/rcl_interfaces/msg/detail/parameter_type__type_support.hpp
[6.567s] -- Up-to-date: /home/aidan/GitHub/AidansRepo/TeensySwerve/install/rcl_interfaces/include/rcl_interfaces/rcl_interfaces/msg/detail/parameter_event_descriptors__struct.hpp
[6.567s] -- Up-to-date: /home/aidan/GitHub/AidansRepo/TeensySwerve/install/rcl_interfaces/include/rcl_interfaces/rcl_interfaces/msg/detail/log__builder.hpp
[6.574s] -- Up-to-date: /home/aidan/GitHub/AidansRepo/TeensySwerve/install/rcl_interfaces/include/rcl_interfaces/rcl_interfaces/msg/detail/floating_point_range__traits.hpp
[6.574s] -- Up-to-date: /home/aidan/GitHub/AidansRepo/TeensySwerve/install/rcl_interfaces/include/rcl_interfaces/rcl_interfaces/msg/detail/integer_range__struct.hpp
[6.574s] -- Up-to-date: /home/aidan/GitHub/AidansRepo/TeensySwerve/install/rcl_interfaces/include/rcl_interfaces/rcl_interfaces/msg/detail/parameter_type__traits.hpp
[6.574s] -- Up-to-date: /home/aidan/GitHub/AidansRepo/TeensySwerve/install/rcl_interfaces/include/rcl_interfaces/rcl_interfaces/msg/detail/parameter__traits.hpp
[6.575s] -- Up-to-date: /home/aidan/GitHub/AidansRepo/TeensySwerve/install/rcl_interfaces/include/rcl_interfaces/rcl_interfaces/msg/detail/integer_range__builder.hpp
[6.575s] -- Up-to-date: /home/aidan/GitHub/AidansRepo/TeensySwerve/install/rcl_interfaces/include/rcl_interfaces/rcl_interfaces/msg/detail/log__traits.hpp
[6.575s] -- Up-to-date: /home/aidan/GitHub/AidansRepo/TeensySwerve/install/rcl_interfaces/include/rcl_interfaces/rcl_interfaces/msg/detail/log__struct.hpp
[6.575s] -- Up-to-date: /home/aidan/GitHub/AidansRepo/TeensySwerve/install/rcl_interfaces/include/rcl_interfaces/rcl_interfaces/msg/detail/list_parameters_result__traits.hpp
[6.575s] -- Up-to-date: /home/aidan/GitHub/AidansRepo/TeensySwerve/install/rcl_interfaces/include/rcl_interfaces/rcl_interfaces/msg/detail/parameter_event_descriptors__traits.hpp
[6.581s] -- Up-to-date: /home/aidan/GitHub/AidansRepo/TeensySwerve/install/rcl_interfaces/include/rcl_interfaces/rcl_interfaces/msg/detail/parameter_event__struct.hpp
[6.581s] -- Up-to-date: /home/aidan/GitHub/AidansRepo/TeensySwerve/install/rcl_interfaces/include/rcl_interfaces/rcl_interfaces/msg/detail/parameter_value__type_support.hpp
[6.584s] -- Up-to-date: /home/aidan/GitHub/AidansRepo/TeensySwerve/install/rcl_interfaces/include/rcl_interfaces/rcl_interfaces/msg/detail/list_parameters_result__builder.hpp
[6.584s] -- Up-to-date: /home/aidan/GitHub/AidansRepo/TeensySwerve/install/rcl_interfaces/include/rcl_interfaces/rcl_interfaces/msg/detail/parameter_value__builder.hpp
[6.585s] -- Up-to-date: /home/aidan/GitHub/AidansRepo/TeensySwerve/install/rcl_interfaces/include/rcl_interfaces/rcl_interfaces/msg/detail/list_parameters_result__struct.hpp
[6.585s] -- Up-to-date: /home/aidan/GitHub/AidansRepo/TeensySwerve/install/rcl_interfaces/include/rcl_interfaces/rcl_interfaces/msg/detail/parameter_value__traits.hpp
[6.585s] -- Up-to-date: /home/aidan/GitHub/AidansRepo/TeensySwerve/install/rcl_interfaces/include/rcl_interfaces/rcl_interfaces/msg/detail/parameter__builder.hpp
[6.591s] -- Up-to-date: /home/aidan/GitHub/AidansRepo/TeensySwerve/install/rcl_interfaces/include/rcl_interfaces/rcl_interfaces/msg/detail/integer_range__traits.hpp
[6.591s] -- Up-to-date: /home/aidan/GitHub/AidansRepo/TeensySwerve/install/rcl_interfaces/include/rcl_interfaces/rcl_interfaces/msg/detail/parameter_event_descriptors__builder.hpp
[6.591s] -- Up-to-date: /home/aidan/GitHub/AidansRepo/TeensySwerve/install/rcl_interfaces/include/rcl_interfaces/rcl_interfaces/msg/detail/parameter_type__builder.hpp
[6.595s] -- Up-to-date: /home/aidan/GitHub/AidansRepo/TeensySwerve/install/rcl_interfaces/include/rcl_interfaces/rcl_interfaces/msg/detail/parameter_descriptor__traits.hpp
[6.595s] -- Up-to-date: /home/aidan/GitHub/AidansRepo/TeensySwerve/install/rcl_interfaces/include/rcl_interfaces/rcl_interfaces/msg/detail/parameter_descriptor__builder.hpp
[6.595s] -- Up-to-date: /home/aidan/GitHub/AidansRepo/TeensySwerve/install/rcl_interfaces/include/rcl_interfaces/rcl_interfaces/msg/detail/parameter_type__struct.hpp
[6.595s] -- Up-to-date: /home/aidan/GitHub/AidansRepo/TeensySwerve/install/rcl_interfaces/include/rcl_interfaces/rcl_interfaces/msg/detail/parameter_event_descriptors__type_support.hpp
[6.599s] -- Up-to-date: /home/aidan/GitHub/AidansRepo/TeensySwerve/install/rcl_interfaces/include/rcl_interfaces/rcl_interfaces/msg/detail/set_parameters_result__struct.hpp
[6.600s] -- Up-to-date: /home/aidan/GitHub/AidansRepo/TeensySwerve/install/rcl_interfaces/include/rcl_interfaces/rcl_interfaces/msg/detail/parameter_event__traits.hpp
[6.600s] -- Up-to-date: /home/aidan/GitHub/AidansRepo/TeensySwerve/install/rcl_interfaces/include/rcl_interfaces/rcl_interfaces/msg/detail/set_parameters_result__builder.hpp
[6.600s] -- Up-to-date: /home/aidan/GitHub/AidansRepo/TeensySwerve/install/rcl_interfaces/include/rcl_interfaces/rcl_interfaces/msg/detail/parameter_descriptor__type_support.hpp
[6.600s] -- Up-to-date: /home/aidan/GitHub/AidansRepo/TeensySwerve/install/rcl_interfaces/include/rcl_interfaces/rcl_interfaces/msg/detail/list_parameters_result__type_support.hpp
[6.601s] -- Up-to-date: /home/aidan/GitHub/AidansRepo/TeensySwerve/install/rcl_interfaces/include/rcl_interfaces/rcl_interfaces/msg/detail/integer_range__type_support.hpp
[6.602s] -- Up-to-date: /home/aidan/GitHub/AidansRepo/TeensySwerve/install/rcl_interfaces/include/rcl_interfaces/rcl_interfaces/msg/detail/set_parameters_result__type_support.hpp
[6.602s] -- Up-to-date: /home/aidan/GitHub/AidansRepo/TeensySwerve/install/rcl_interfaces/include/rcl_interfaces/rcl_interfaces/msg/detail/parameter_descriptor__struct.hpp
[6.608s] -- Up-to-date: /home/aidan/GitHub/AidansRepo/TeensySwerve/install/rcl_interfaces/include/rcl_interfaces/rcl_interfaces/msg/detail/set_parameters_result__traits.hpp
[6.608s] -- Up-to-date: /home/aidan/GitHub/AidansRepo/TeensySwerve/install/rcl_interfaces/include/rcl_interfaces/rcl_interfaces/msg/list_parameters_result.hpp
[6.608s] -- Up-to-date: /home/aidan/GitHub/AidansRepo/TeensySwerve/install/rcl_interfaces/include/rcl_interfaces/rcl_interfaces/msg/rosidl_generator_cpp__visibility_control.hpp
[6.609s] -- Up-to-date: /home/aidan/GitHub/AidansRepo/TeensySwerve/install/rcl_interfaces/include/rcl_interfaces/rcl_interfaces/msg/parameter_event.hpp
[6.609s] -- Up-to-date: /home/aidan/GitHub/AidansRepo/TeensySwerve/install/rcl_interfaces/include/rcl_interfaces/rcl_interfaces
[6.609s] -- Up-to-date: /home/aidan/GitHub/AidansRepo/TeensySwerve/install/rcl_interfaces/include/rcl_interfaces/rcl_interfaces/srv
[6.618s] -- Up-to-date: /home/aidan/GitHub/AidansRepo/TeensySwerve/install/rcl_interfaces/include/rcl_interfaces/rcl_interfaces/srv/detail
[6.619s] -- Up-to-date: /home/aidan/GitHub/AidansRepo/TeensySwerve/install/rcl_interfaces/include/rcl_interfaces/rcl_interfaces/srv/detail/dds_fastrtps
[6.619s] -- Up-to-date: /home/aidan/GitHub/AidansRepo/TeensySwerve/install/rcl_interfaces/include/rcl_interfaces/rcl_interfaces/srv/detail/get_parameter_types__rosidl_typesupport_fastrtps_cpp.hpp
[6.619s] -- Up-to-date: /home/aidan/GitHub/AidansRepo/TeensySwerve/install/rcl_interfaces/include/rcl_interfaces/rcl_interfaces/srv/detail/describe_parameters__rosidl_typesupport_fastrtps_cpp.hpp
[6.619s] -- Up-to-date: /home/aidan/GitHub/AidansRepo/TeensySwerve/install/rcl_interfaces/include/rcl_interfaces/rcl_interfaces/srv/detail/set_parameters_atomically__rosidl_typesupport_fastrtps_cpp.hpp
[6.619s] -- Up-to-date: /home/aidan/GitHub/AidansRepo/TeensySwerve/install/rcl_interfaces/include/rcl_interfaces/rcl_interfaces/srv/detail/list_parameters__rosidl_typesupport_fastrtps_cpp.hpp
[6.619s] -- Up-to-date: /home/aidan/GitHub/AidansRepo/TeensySwerve/install/rcl_interfaces/include/rcl_interfaces/rcl_interfaces/srv/detail/get_parameters__rosidl_typesupport_fastrtps_cpp.hpp
[6.620s] -- Up-to-date: /home/aidan/GitHub/AidansRepo/TeensySwerve/install/rcl_interfaces/include/rcl_interfaces/rcl_interfaces/srv/detail/set_parameters__rosidl_typesupport_fastrtps_cpp.hpp
[6.620s] -- Up-to-date: /home/aidan/GitHub/AidansRepo/TeensySwerve/install/rcl_interfaces/include/rcl_interfaces/rcl_interfaces/msg
[6.620s] -- Up-to-date: /home/aidan/GitHub/AidansRepo/TeensySwerve/install/rcl_interfaces/include/rcl_interfaces/rcl_interfaces/msg/rosidl_typesupport_fastrtps_cpp__visibility_control.h
[6.620s] -- Up-to-date: /home/aidan/GitHub/AidansRepo/TeensySwerve/install/rcl_interfaces/include/rcl_interfaces/rcl_interfaces/msg/detail
[6.620s] -- Up-to-date: /home/aidan/GitHub/AidansRepo/TeensySwerve/install/rcl_interfaces/include/rcl_interfaces/rcl_interfaces/msg/detail/parameter__rosidl_typesupport_fastrtps_cpp.hpp
[6.625s] -- Up-to-date: /home/aidan/GitHub/AidansRepo/TeensySwerve/install/rcl_interfaces/include/rcl_interfaces/rcl_interfaces/msg/detail/log__rosidl_typesupport_fastrtps_cpp.hpp
[6.625s] -- Up-to-date: /home/aidan/GitHub/AidansRepo/TeensySwerve/install/rcl_interfaces/include/rcl_interfaces/rcl_interfaces/msg/detail/parameter_event_descriptors__rosidl_typesupport_fastrtps_cpp.hpp
[6.625s] -- Up-to-date: /home/aidan/GitHub/AidansRepo/TeensySwerve/install/rcl_interfaces/include/rcl_interfaces/rcl_interfaces/msg/detail/dds_fastrtps
[6.629s] -- Up-to-date: /home/aidan/GitHub/AidansRepo/TeensySwerve/install/rcl_interfaces/include/rcl_interfaces/rcl_interfaces/msg/detail/parameter_descriptor__rosidl_typesupport_fastrtps_cpp.hpp
[6.630s] -- Up-to-date: /home/aidan/GitHub/AidansRepo/TeensySwerve/install/rcl_interfaces/include/rcl_interfaces/rcl_interfaces/msg/detail/floating_point_range__rosidl_typesupport_fastrtps_cpp.hpp
[6.630s] -- Up-to-date: /home/aidan/GitHub/AidansRepo/TeensySwerve/install/rcl_interfaces/include/rcl_interfaces/rcl_interfaces/msg/detail/parameter_value__rosidl_typesupport_fastrtps_cpp.hpp
[6.630s] -- Up-to-date: /home/aidan/GitHub/AidansRepo/TeensySwerve/install/rcl_interfaces/include/rcl_interfaces/rcl_interfaces/msg/detail/list_parameters_result__rosidl_typesupport_fastrtps_cpp.hpp
[6.630s] -- Up-to-date: /home/aidan/GitHub/AidansRepo/TeensySwerve/install/rcl_interfaces/include/rcl_interfaces/rcl_interfaces/msg/detail/parameter_event__rosidl_typesupport_fastrtps_cpp.hpp
[6.630s] -- Up-to-date: /home/aidan/GitHub/AidansRepo/TeensySwerve/install/rcl_interfaces/include/rcl_interfaces/rcl_interfaces/msg/detail/set_parameters_result__rosidl_typesupport_fastrtps_cpp.hpp
[6.631s] -- Up-to-date: /home/aidan/GitHub/AidansRepo/TeensySwerve/install/rcl_interfaces/include/rcl_interfaces/rcl_interfaces/msg/detail/integer_range__rosidl_typesupport_fastrtps_cpp.hpp
[6.631s] -- Up-to-date: /home/aidan/GitHub/AidansRepo/TeensySwerve/install/rcl_interfaces/include/rcl_interfaces/rcl_interfaces/msg/detail/parameter_type__rosidl_typesupport_fastrtps_cpp.hpp
[6.631s] -- Up-to-date: /home/aidan/GitHub/AidansRepo/TeensySwerve/install/rcl_interfaces/lib/librcl_interfaces__rosidl_typesupport_fastrtps_cpp.so
[6.631s] -- Up-to-date: /home/aidan/GitHub/AidansRepo/TeensySwerve/install/rcl_interfaces/include/rcl_interfaces/rcl_interfaces
[6.631s] -- Up-to-date: /home/aidan/GitHub/AidansRepo/TeensySwerve/install/rcl_interfaces/include/rcl_interfaces/rcl_interfaces/srv
[6.635s] -- Up-to-date: /home/aidan/GitHub/AidansRepo/TeensySwerve/install/rcl_interfaces/include/rcl_interfaces/rcl_interfaces/srv/detail
[6.639s] -- Up-to-date: /home/aidan/GitHub/AidansRepo/TeensySwerve/install/rcl_interfaces/include/rcl_interfaces/rcl_interfaces/srv/detail/set_parameters__rosidl_typesupport_introspection_cpp.hpp
[6.640s] -- Up-to-date: /home/aidan/GitHub/AidansRepo/TeensySwerve/install/rcl_interfaces/include/rcl_interfaces/rcl_interfaces/srv/detail/get_parameters__rosidl_typesupport_introspection_cpp.hpp
[6.640s] -- Up-to-date: /home/aidan/GitHub/AidansRepo/TeensySwerve/install/rcl_interfaces/include/rcl_interfaces/rcl_interfaces/srv/detail/set_parameters_atomically__type_support.cpp
[6.640s] -- Up-to-date: /home/aidan/GitHub/AidansRepo/TeensySwerve/install/rcl_interfaces/include/rcl_interfaces/rcl_interfaces/srv/detail/list_parameters__type_support.cpp
[6.642s] -- Up-to-date: /home/aidan/GitHub/AidansRepo/TeensySwerve/install/rcl_interfaces/include/rcl_interfaces/rcl_interfaces/srv/detail/get_parameter_types__type_support.cpp
[6.643s] -- Up-to-date: /home/aidan/GitHub/AidansRepo/TeensySwerve/install/rcl_interfaces/include/rcl_interfaces/rcl_interfaces/srv/detail/list_parameters__rosidl_typesupport_introspection_cpp.hpp
[6.643s] -- Up-to-date: /home/aidan/GitHub/AidansRepo/TeensySwerve/install/rcl_interfaces/include/rcl_interfaces/rcl_interfaces/srv/detail/set_parameters__type_support.cpp
[6.643s] -- Up-to-date: /home/aidan/GitHub/AidansRepo/TeensySwerve/install/rcl_interfaces/include/rcl_interfaces/rcl_interfaces/srv/detail/set_parameters_atomically__rosidl_typesupport_introspection_cpp.hpp
[6.643s] -- Up-to-date: /home/aidan/GitHub/AidansRepo/TeensySwerve/install/rcl_interfaces/include/rcl_interfaces/rcl_interfaces/srv/detail/get_parameter_types__rosidl_typesupport_introspection_cpp.hpp
[6.644s] -- Up-to-date: /home/aidan/GitHub/AidansRepo/TeensySwerve/install/rcl_interfaces/include/rcl_interfaces/rcl_interfaces/srv/detail/describe_parameters__type_support.cpp
[6.644s] -- Up-to-date: /home/aidan/GitHub/AidansRepo/TeensySwerve/install/rcl_interfaces/include/rcl_interfaces/rcl_interfaces/srv/detail/get_parameters__type_support.cpp
[6.646s] -- Up-to-date: /home/aidan/GitHub/AidansRepo/TeensySwerve/install/rcl_interfaces/include/rcl_interfaces/rcl_interfaces/srv/detail/describe_parameters__rosidl_typesupport_introspection_cpp.hpp
[6.647s] -- Up-to-date: /home/aidan/GitHub/AidansRepo/TeensySwerve/install/rcl_interfaces/include/rcl_interfaces/rcl_interfaces/msg
[6.647s] -- Up-to-date: /home/aidan/GitHub/AidansRepo/TeensySwerve/install/rcl_interfaces/include/rcl_interfaces/rcl_interfaces/msg/detail
[6.647s] -- Up-to-date: /home/aidan/GitHub/AidansRepo/TeensySwerve/install/rcl_interfaces/include/rcl_interfaces/rcl_interfaces/msg/detail/integer_range__rosidl_typesupport_introspection_cpp.hpp
[6.648s] -- Up-to-date: /home/aidan/GitHub/AidansRepo/TeensySwerve/install/rcl_interfaces/include/rcl_interfaces/rcl_interfaces/msg/detail/parameter_value__type_support.cpp
[6.648s] -- Up-to-date: /home/aidan/GitHub/AidansRepo/TeensySwerve/install/rcl_interfaces/include/rcl_interfaces/rcl_interfaces/msg/detail/log__rosidl_typesupport_introspection_cpp.hpp
[6.648s] -- Up-to-date: /home/aidan/GitHub/AidansRepo/TeensySwerve/install/rcl_interfaces/include/rcl_interfaces/rcl_interfaces/msg/detail/set_parameters_result__rosidl_typesupport_introspection_cpp.hpp
[6.648s] -- Up-to-date: /home/aidan/GitHub/AidansRepo/TeensySwerve/install/rcl_interfaces/include/rcl_interfaces/rcl_interfaces/msg/detail/parameter_descriptor__type_support.cpp
[6.648s] -- Up-to-date: /home/aidan/GitHub/AidansRepo/TeensySwerve/install/rcl_interfaces/include/rcl_interfaces/rcl_interfaces/msg/detail/floating_point_range__type_support.cpp
[6.648s] -- Up-to-date: /home/aidan/GitHub/AidansRepo/TeensySwerve/install/rcl_interfaces/include/rcl_interfaces/rcl_interfaces/msg/detail/parameter_event__rosidl_typesupport_introspection_cpp.hpp
[6.648s] -- Up-to-date: /home/aidan/GitHub/AidansRepo/TeensySwerve/install/rcl_interfaces/include/rcl_interfaces/rcl_interfaces/msg/detail/parameter__rosidl_typesupport_introspection_cpp.hpp
[6.649s] -- Up-to-date: /home/aidan/GitHub/AidansRepo/TeensySwerve/install/rcl_interfaces/include/rcl_interfaces/rcl_interfaces/msg/detail/parameter_value__rosidl_typesupport_introspection_cpp.hpp
[6.649s] -- Up-to-date: /home/aidan/GitHub/AidansRepo/TeensySwerve/install/rcl_interfaces/include/rcl_interfaces/rcl_interfaces/msg/detail/parameter_descriptor__rosidl_typesupport_introspection_cpp.hpp
[6.656s] -- Up-to-date: /home/aidan/GitHub/AidansRepo/TeensySwerve/install/rcl_interfaces/include/rcl_interfaces/rcl_interfaces/msg/detail/parameter_event__type_support.cpp
[6.656s] -- Up-to-date: /home/aidan/GitHub/AidansRepo/TeensySwerve/install/rcl_interfaces/include/rcl_interfaces/rcl_interfaces/msg/detail/integer_range__type_support.cpp
[6.657s] -- Up-to-date: /home/aidan/GitHub/AidansRepo/TeensySwerve/install/rcl_interfaces/include/rcl_interfaces/rcl_interfaces/msg/detail/parameter_event_descriptors__type_support.cpp
[6.657s] -- Up-to-date: /home/aidan/GitHub/AidansRepo/TeensySwerve/install/rcl_interfaces/include/rcl_interfaces/rcl_interfaces/msg/detail/parameter_event_descriptors__rosidl_typesupport_introspection_cpp.hpp
[6.657s] -- Up-to-date: /home/aidan/GitHub/AidansRepo/TeensySwerve/install/rcl_interfaces/include/rcl_interfaces/rcl_interfaces/msg/detail/set_parameters_result__type_support.cpp
[6.657s] -- Up-to-date: /home/aidan/GitHub/AidansRepo/TeensySwerve/install/rcl_interfaces/include/rcl_interfaces/rcl_interfaces/msg/detail/parameter__type_support.cpp
[6.662s] -- Up-to-date: /home/aidan/GitHub/AidansRepo/TeensySwerve/install/rcl_interfaces/include/rcl_interfaces/rcl_interfaces/msg/detail/parameter_type__type_support.cpp
[6.665s] -- Up-to-date: /home/aidan/GitHub/AidansRepo/TeensySwerve/install/rcl_interfaces/include/rcl_interfaces/rcl_interfaces/msg/detail/list_parameters_result__type_support.cpp
[6.665s] -- Up-to-date: /home/aidan/GitHub/AidansRepo/TeensySwerve/install/rcl_interfaces/include/rcl_interfaces/rcl_interfaces/msg/detail/floating_point_range__rosidl_typesupport_introspection_cpp.hpp
[6.670s] -- Up-to-date: /home/aidan/GitHub/AidansRepo/TeensySwerve/install/rcl_interfaces/include/rcl_interfaces/rcl_interfaces/msg/detail/list_parameters_result__rosidl_typesupport_introspection_cpp.hpp
[6.670s] -- Up-to-date: /home/aidan/GitHub/AidansRepo/TeensySwerve/install/rcl_interfaces/include/rcl_interfaces/rcl_interfaces/msg/detail/parameter_type__rosidl_typesupport_introspection_cpp.hpp
[6.670s] -- Up-to-date: /home/aidan/GitHub/AidansRepo/TeensySwerve/install/rcl_interfaces/include/rcl_interfaces/rcl_interfaces/msg/detail/log__type_support.cpp
[6.670s] -- Up-to-date: /home/aidan/GitHub/AidansRepo/TeensySwerve/install/rcl_interfaces/lib/librcl_interfaces__rosidl_typesupport_introspection_cpp.so
[6.671s] -- Up-to-date: /home/aidan/GitHub/AidansRepo/TeensySwerve/install/rcl_interfaces/lib/librcl_interfaces__rosidl_typesupport_cpp.so
[6.671s] -- Up-to-date: /home/aidan/GitHub/AidansRepo/TeensySwerve/install/rcl_interfaces/share/rcl_interfaces/environment/pythonpath.sh
[6.671s] -- Up-to-date: /home/aidan/GitHub/AidansRepo/TeensySwerve/install/rcl_interfaces/share/rcl_interfaces/environment/pythonpath.dsv
[6.671s] -- Up-to-date: /home/aidan/GitHub/AidansRepo/TeensySwerve/install/rcl_interfaces/local/lib/python3.10/dist-packages/rcl_interfaces-1.2.1-py3.10.egg-info
[6.671s] -- Installing: /home/aidan/GitHub/AidansRepo/TeensySwerve/install/rcl_interfaces/local/lib/python3.10/dist-packages/rcl_interfaces-1.2.1-py3.10.egg-info/PKG-INFO
[6.672s] -- Installing: /home/aidan/GitHub/AidansRepo/TeensySwerve/install/rcl_interfaces/local/lib/python3.10/dist-packages/rcl_interfaces-1.2.1-py3.10.egg-info/SOURCES.txt
[6.672s] -- Installing: /home/aidan/GitHub/AidansRepo/TeensySwerve/install/rcl_interfaces/local/lib/python3.10/dist-packages/rcl_interfaces-1.2.1-py3.10.egg-info/dependency_links.txt
[6.672s] -- Installing: /home/aidan/GitHub/AidansRepo/TeensySwerve/install/rcl_interfaces/local/lib/python3.10/dist-packages/rcl_interfaces-1.2.1-py3.10.egg-info/top_level.txt
[6.672s] -- Up-to-date: /home/aidan/GitHub/AidansRepo/TeensySwerve/install/rcl_interfaces/local/lib/python3.10/dist-packages/rcl_interfaces
[6.684s] -- Up-to-date: /home/aidan/GitHub/AidansRepo/TeensySwerve/install/rcl_interfaces/local/lib/python3.10/dist-packages/rcl_interfaces/librcl_interfaces__rosidl_generator_py.so
[6.686s] -- Up-to-date: /home/aidan/GitHub/AidansRepo/TeensySwerve/install/rcl_interfaces/local/lib/python3.10/dist-packages/rcl_interfaces/srv
[6.686s] -- Up-to-date: /home/aidan/GitHub/AidansRepo/TeensySwerve/install/rcl_interfaces/local/lib/python3.10/dist-packages/rcl_interfaces/srv/_describe_parameters_s.c
[6.686s] -- Up-to-date: /home/aidan/GitHub/AidansRepo/TeensySwerve/install/rcl_interfaces/local/lib/python3.10/dist-packages/rcl_interfaces/srv/_set_parameters_s.c
[6.686s] -- Up-to-date: /home/aidan/GitHub/AidansRepo/TeensySwerve/install/rcl_interfaces/local/lib/python3.10/dist-packages/rcl_interfaces/srv/_describe_parameters.py
[6.687s] -- Up-to-date: /home/aidan/GitHub/AidansRepo/TeensySwerve/install/rcl_interfaces/local/lib/python3.10/dist-packages/rcl_interfaces/srv/_get_parameters.py
[6.687s] -- Up-to-date: /home/aidan/GitHub/AidansRepo/TeensySwerve/install/rcl_interfaces/local/lib/python3.10/dist-packages/rcl_interfaces/srv/__init__.py
[6.687s] -- Up-to-date: /home/aidan/GitHub/AidansRepo/TeensySwerve/install/rcl_interfaces/local/lib/python3.10/dist-packages/rcl_interfaces/srv/_get_parameter_types.py
[6.691s] -- Up-to-date: /home/aidan/GitHub/AidansRepo/TeensySwerve/install/rcl_interfaces/local/lib/python3.10/dist-packages/rcl_interfaces/srv/_list_parameters.py
[6.691s] -- Up-to-date: /home/aidan/GitHub/AidansRepo/TeensySwerve/install/rcl_interfaces/local/lib/python3.10/dist-packages/rcl_interfaces/srv/_set_parameters_atomically.py
[6.691s] -- Up-to-date: /home/aidan/GitHub/AidansRepo/TeensySwerve/install/rcl_interfaces/local/lib/python3.10/dist-packages/rcl_interfaces/srv/_list_parameters_s.c
[6.692s] -- Up-to-date: /home/aidan/GitHub/AidansRepo/TeensySwerve/install/rcl_interfaces/local/lib/python3.10/dist-packages/rcl_interfaces/srv/_get_parameters_s.c
[6.692s] -- Up-to-date: /home/aidan/GitHub/AidansRepo/TeensySwerve/install/rcl_interfaces/local/lib/python3.10/dist-packages/rcl_interfaces/srv/_set_parameters_atomically_s.c
[6.693s] -- Up-to-date: /home/aidan/GitHub/AidansRepo/TeensySwerve/install/rcl_interfaces/local/lib/python3.10/dist-packages/rcl_interfaces/srv/_set_parameters.py
[6.693s] -- Up-to-date: /home/aidan/GitHub/AidansRepo/TeensySwerve/install/rcl_interfaces/local/lib/python3.10/dist-packages/rcl_interfaces/srv/_get_parameter_types_s.c
[6.693s] -- Up-to-date: /home/aidan/GitHub/AidansRepo/TeensySwerve/install/rcl_interfaces/local/lib/python3.10/dist-packages/rcl_interfaces/__init__.py
[6.694s] -- Up-to-date: /home/aidan/GitHub/AidansRepo/TeensySwerve/install/rcl_interfaces/local/lib/python3.10/dist-packages/rcl_interfaces/msg
[6.694s] -- Up-to-date: /home/aidan/GitHub/AidansRepo/TeensySwerve/install/rcl_interfaces/local/lib/python3.10/dist-packages/rcl_interfaces/msg/_parameter_event_descriptors.py
[6.694s] -- Up-to-date: /home/aidan/GitHub/AidansRepo/TeensySwerve/install/rcl_interfaces/local/lib/python3.10/dist-packages/rcl_interfaces/msg/_parameter_s.c
[6.695s] -- Up-to-date: /home/aidan/GitHub/AidansRepo/TeensySwerve/install/rcl_interfaces/local/lib/python3.10/dist-packages/rcl_interfaces/msg/_integer_range.py
[6.695s] -- Up-to-date: /home/aidan/GitHub/AidansRepo/TeensySwerve/install/rcl_interfaces/local/lib/python3.10/dist-packages/rcl_interfaces/msg/_log.py
[6.696s] -- Up-to-date: /home/aidan/GitHub/AidansRepo/TeensySwerve/install/rcl_interfaces/local/lib/python3.10/dist-packages/rcl_interfaces/msg/_set_parameters_result_s.c
[6.696s] -- Up-to-date: /home/aidan/GitHub/AidansRepo/TeensySwerve/install/rcl_interfaces/local/lib/python3.10/dist-packages/rcl_interfaces/msg/__init__.py
[6.696s] -- Up-to-date: /home/aidan/GitHub/AidansRepo/TeensySwerve/install/rcl_interfaces/local/lib/python3.10/dist-packages/rcl_interfaces/msg/_parameter_type_s.c
[6.696s] -- Up-to-date: /home/aidan/GitHub/AidansRepo/TeensySwerve/install/rcl_interfaces/local/lib/python3.10/dist-packages/rcl_interfaces/msg/_floating_point_range_s.c
[6.697s] -- Up-to-date: /home/aidan/GitHub/AidansRepo/TeensySwerve/install/rcl_interfaces/local/lib/python3.10/dist-packages/rcl_interfaces/msg/_parameter_descriptor.py
[6.697s] -- Up-to-date: /home/aidan/GitHub/AidansRepo/TeensySwerve/install/rcl_interfaces/local/lib/python3.10/dist-packages/rcl_interfaces/msg/_parameter_type.py
[6.697s] -- Up-to-date: /home/aidan/GitHub/AidansRepo/TeensySwerve/install/rcl_interfaces/local/lib/python3.10/dist-packages/rcl_interfaces/msg/_parameter_value.py
[6.697s] -- Up-to-date: /home/aidan/GitHub/AidansRepo/TeensySwerve/install/rcl_interfaces/local/lib/python3.10/dist-packages/rcl_interfaces/msg/_set_parameters_result.py
[6.697s] -- Up-to-date: /home/aidan/GitHub/AidansRepo/TeensySwerve/install/rcl_interfaces/local/lib/python3.10/dist-packages/rcl_interfaces/msg/_parameter_value_s.c
[6.698s] -- Up-to-date: /home/aidan/GitHub/AidansRepo/TeensySwerve/install/rcl_interfaces/local/lib/python3.10/dist-packages/rcl_interfaces/msg/_log_s.c
[6.698s] -- Up-to-date: /home/aidan/GitHub/AidansRepo/TeensySwerve/install/rcl_interfaces/local/lib/python3.10/dist-packages/rcl_interfaces/msg/_parameter.py
[6.698s] -- Up-to-date: /home/aidan/GitHub/AidansRepo/TeensySwerve/install/rcl_interfaces/local/lib/python3.10/dist-packages/rcl_interfaces/msg/_parameter_event_descriptors_s.c
[6.698s] -- Up-to-date: /home/aidan/GitHub/AidansRepo/TeensySwerve/install/rcl_interfaces/local/lib/python3.10/dist-packages/rcl_interfaces/msg/_integer_range_s.c
[6.698s] -- Up-to-date: /home/aidan/GitHub/AidansRepo/TeensySwerve/install/rcl_interfaces/local/lib/python3.10/dist-packages/rcl_interfaces/msg/_parameter_descriptor_s.c
[6.698s] -- Up-to-date: /home/aidan/GitHub/AidansRepo/TeensySwerve/install/rcl_interfaces/local/lib/python3.10/dist-packages/rcl_interfaces/msg/_parameter_event_s.c
[6.699s] -- Up-to-date: /home/aidan/GitHub/AidansRepo/TeensySwerve/install/rcl_interfaces/local/lib/python3.10/dist-packages/rcl_interfaces/msg/_parameter_event.py
[6.699s] -- Up-to-date: /home/aidan/GitHub/AidansRepo/TeensySwerve/install/rcl_interfaces/local/lib/python3.10/dist-packages/rcl_interfaces/msg/_list_parameters_result.py
[6.699s] -- Up-to-date: /home/aidan/GitHub/AidansRepo/TeensySwerve/install/rcl_interfaces/local/lib/python3.10/dist-packages/rcl_interfaces/msg/_floating_point_range.py
[6.699s] -- Up-to-date: /home/aidan/GitHub/AidansRepo/TeensySwerve/install/rcl_interfaces/local/lib/python3.10/dist-packages/rcl_interfaces/msg/_list_parameters_result_s.c
[6.699s] -- Up-to-date: /home/aidan/GitHub/AidansRepo/TeensySwerve/install/rcl_interfaces/local/lib/python3.10/dist-packages/rcl_interfaces/_rcl_interfaces_s.ep.rosidl_typesupport_fastrtps_c.c
[6.699s] -- Up-to-date: /home/aidan/GitHub/AidansRepo/TeensySwerve/install/rcl_interfaces/local/lib/python3.10/dist-packages/rcl_interfaces/rcl_interfaces_s__rosidl_typesupport_c.cpython-310-x86_64-linux-gnu.so
[6.699s] -- Up-to-date: /home/aidan/GitHub/AidansRepo/TeensySwerve/install/rcl_interfaces/local/lib/python3.10/dist-packages/rcl_interfaces/_rcl_interfaces_s.ep.rosidl_typesupport_introspection_c.c
[6.700s] -- Up-to-date: /home/aidan/GitHub/AidansRepo/TeensySwerve/install/rcl_interfaces/local/lib/python3.10/dist-packages/rcl_interfaces/_rcl_interfaces_s.ep.rosidl_typesupport_c.c
[6.700s] -- Up-to-date: /home/aidan/GitHub/AidansRepo/TeensySwerve/install/rcl_interfaces/local/lib/python3.10/dist-packages/rcl_interfaces/rcl_interfaces_s__rosidl_typesupport_fastrtps_c.cpython-310-x86_64-linux-gnu.so
[6.700s] -- Up-to-date: /home/aidan/GitHub/AidansRepo/TeensySwerve/install/rcl_interfaces/local/lib/python3.10/dist-packages/rcl_interfaces/rcl_interfaces_s__rosidl_typesupport_introspection_c.cpython-310-x86_64-linux-gnu.so
[6.705s] Listing '/home/aidan/GitHub/AidansRepo/TeensySwerve/install/rcl_interfaces/local/lib/python3.10/dist-packages/rcl_interfaces'...
[6.705s] Listing '/home/aidan/GitHub/AidansRepo/TeensySwerve/install/rcl_interfaces/local/lib/python3.10/dist-packages/rcl_interfaces/msg'...
[6.706s] Listing '/home/aidan/GitHub/AidansRepo/TeensySwerve/install/rcl_interfaces/local/lib/python3.10/dist-packages/rcl_interfaces/srv'...
[6.787s] -- Up-to-date: /home/aidan/GitHub/AidansRepo/TeensySwerve/install/rcl_interfaces/local/lib/python3.10/dist-packages/rcl_interfaces/rcl_interfaces_s__rosidl_typesupport_fastrtps_c.cpython-310-x86_64-linux-gnu.so
[6.789s] -- Up-to-date: /home/aidan/GitHub/AidansRepo/TeensySwerve/install/rcl_interfaces/local/lib/python3.10/dist-packages/rcl_interfaces/rcl_interfaces_s__rosidl_typesupport_introspection_c.cpython-310-x86_64-linux-gnu.so
[6.791s] -- Up-to-date: /home/aidan/GitHub/AidansRepo/TeensySwerve/install/rcl_interfaces/local/lib/python3.10/dist-packages/rcl_interfaces/rcl_interfaces_s__rosidl_typesupport_c.cpython-310-x86_64-linux-gnu.so
[6.806s] -- Up-to-date: /home/aidan/GitHub/AidansRepo/TeensySwerve/install/rcl_interfaces/lib/librcl_interfaces__rosidl_generator_py.so
[6.816s] -- Up-to-date: /home/aidan/GitHub/AidansRepo/TeensySwerve/install/rcl_interfaces/share/rcl_interfaces/msg/FloatingPointRange.idl
[6.820s] -- Up-to-date: /home/aidan/GitHub/AidansRepo/TeensySwerve/install/rcl_interfaces/share/rcl_interfaces/msg/IntegerRange.idl
[6.820s] -- Up-to-date: /home/aidan/GitHub/AidansRepo/TeensySwerve/install/rcl_interfaces/share/rcl_interfaces/msg/ListParametersResult.idl
[6.821s] -- Up-to-date: /home/aidan/GitHub/AidansRepo/TeensySwerve/install/rcl_interfaces/share/rcl_interfaces/msg/Log.idl
[6.821s] -- Up-to-date: /home/aidan/GitHub/AidansRepo/TeensySwerve/install/rcl_interfaces/share/rcl_interfaces/msg/ParameterDescriptor.idl
[6.832s] -- Up-to-date: /home/aidan/GitHub/AidansRepo/TeensySwerve/install/rcl_interfaces/share/rcl_interfaces/msg/ParameterEventDescriptors.idl
[6.832s] -- Up-to-date: /home/aidan/GitHub/AidansRepo/TeensySwerve/install/rcl_interfaces/share/rcl_interfaces/msg/ParameterEvent.idl
[6.832s] -- Up-to-date: /home/aidan/GitHub/AidansRepo/TeensySwerve/install/rcl_interfaces/share/rcl_interfaces/msg/Parameter.idl
[6.835s] -- Up-to-date: /home/aidan/GitHub/AidansRepo/TeensySwerve/install/rcl_interfaces/share/rcl_interfaces/msg/ParameterType.idl
[6.835s] -- Up-to-date: /home/aidan/GitHub/AidansRepo/TeensySwerve/install/rcl_interfaces/share/rcl_interfaces/msg/ParameterValue.idl
[6.835s] -- Up-to-date: /home/aidan/GitHub/AidansRepo/TeensySwerve/install/rcl_interfaces/share/rcl_interfaces/msg/SetParametersResult.idl
[6.835s] -- Up-to-date: /home/aidan/GitHub/AidansRepo/TeensySwerve/install/rcl_interfaces/share/rcl_interfaces/srv/DescribeParameters.idl
[6.835s] -- Up-to-date: /home/aidan/GitHub/AidansRepo/TeensySwerve/install/rcl_interfaces/share/rcl_interfaces/srv/GetParameters.idl
[6.836s] -- Up-to-date: /home/aidan/GitHub/AidansRepo/TeensySwerve/install/rcl_interfaces/share/rcl_interfaces/srv/GetParameterTypes.idl
[6.836s] -- Up-to-date: /home/aidan/GitHub/AidansRepo/TeensySwerve/install/rcl_interfaces/share/rcl_interfaces/srv/ListParameters.idl
[6.836s] -- Up-to-date: /home/aidan/GitHub/AidansRepo/TeensySwerve/install/rcl_interfaces/share/rcl_interfaces/srv/SetParametersAtomically.idl
[6.845s] -- Up-to-date: /home/aidan/GitHub/AidansRepo/TeensySwerve/install/rcl_interfaces/share/rcl_interfaces/srv/SetParameters.idl
[6.850s] -- Up-to-date: /home/aidan/GitHub/AidansRepo/TeensySwerve/install/rcl_interfaces/share/rcl_interfaces/msg/FloatingPointRange.msg
[6.851s] -- Up-to-date: /home/aidan/GitHub/AidansRepo/TeensySwerve/install/rcl_interfaces/share/rcl_interfaces/msg/IntegerRange.msg
[6.858s] -- Up-to-date: /home/aidan/GitHub/AidansRepo/TeensySwerve/install/rcl_interfaces/share/rcl_interfaces/msg/ListParametersResult.msg
[6.859s] -- Up-to-date: /home/aidan/GitHub/AidansRepo/TeensySwerve/install/rcl_interfaces/share/rcl_interfaces/msg/Log.msg
[6.869s] -- Up-to-date: /home/aidan/GitHub/AidansRepo/TeensySwerve/install/rcl_interfaces/share/rcl_interfaces/msg/ParameterDescriptor.msg
[6.869s] -- Up-to-date: /home/aidan/GitHub/AidansRepo/TeensySwerve/install/rcl_interfaces/share/rcl_interfaces/msg/ParameterEventDescriptors.msg
[6.869s] -- Up-to-date: /home/aidan/GitHub/AidansRepo/TeensySwerve/install/rcl_interfaces/share/rcl_interfaces/msg/ParameterEvent.msg
[6.869s] -- Up-to-date: /home/aidan/GitHub/AidansRepo/TeensySwerve/install/rcl_interfaces/share/rcl_interfaces/msg/Parameter.msg
[6.870s] -- Up-to-date: /home/aidan/GitHub/AidansRepo/TeensySwerve/install/rcl_interfaces/share/rcl_interfaces/msg/ParameterType.msg
[6.870s] -- Up-to-date: /home/aidan/GitHub/AidansRepo/TeensySwerve/install/rcl_interfaces/share/rcl_interfaces/msg/ParameterValue.msg
[6.870s] -- Up-to-date: /home/aidan/GitHub/AidansRepo/TeensySwerve/install/rcl_interfaces/share/rcl_interfaces/msg/SetParametersResult.msg
[6.870s] -- Up-to-date: /home/aidan/GitHub/AidansRepo/TeensySwerve/install/rcl_interfaces/share/rcl_interfaces/srv/DescribeParameters.srv
[6.880s] -- Up-to-date: /home/aidan/GitHub/AidansRepo/TeensySwerve/install/rcl_interfaces/share/rcl_interfaces/srv/DescribeParameters_Request.msg
[6.880s] -- Up-to-date: /home/aidan/GitHub/AidansRepo/TeensySwerve/install/rcl_interfaces/share/rcl_interfaces/srv/DescribeParameters_Response.msg
[6.880s] -- Up-to-date: /home/aidan/GitHub/AidansRepo/TeensySwerve/install/rcl_interfaces/share/rcl_interfaces/srv/GetParameters.srv
[6.880s] -- Up-to-date: /home/aidan/GitHub/AidansRepo/TeensySwerve/install/rcl_interfaces/share/rcl_interfaces/srv/GetParameters_Request.msg
[6.881s] -- Up-to-date: /home/aidan/GitHub/AidansRepo/TeensySwerve/install/rcl_interfaces/share/rcl_interfaces/srv/GetParameters_Response.msg
[6.881s] -- Up-to-date: /home/aidan/GitHub/AidansRepo/TeensySwerve/install/rcl_interfaces/share/rcl_interfaces/srv/GetParameterTypes.srv
[6.881s] -- Up-to-date: /home/aidan/GitHub/AidansRepo/TeensySwerve/install/rcl_interfaces/share/rcl_interfaces/srv/GetParameterTypes_Request.msg
[6.881s] -- Up-to-date: /home/aidan/GitHub/AidansRepo/TeensySwerve/install/rcl_interfaces/share/rcl_interfaces/srv/GetParameterTypes_Response.msg
[6.885s] -- Up-to-date: /home/aidan/GitHub/AidansRepo/TeensySwerve/install/rcl_interfaces/share/rcl_interfaces/srv/ListParameters.srv
[6.891s] -- Up-to-date: /home/aidan/GitHub/AidansRepo/TeensySwerve/install/rcl_interfaces/share/rcl_interfaces/srv/ListParameters_Request.msg
[6.891s] -- Up-to-date: /home/aidan/GitHub/AidansRepo/TeensySwerve/install/rcl_interfaces/share/rcl_interfaces/srv/ListParameters_Response.msg
[6.891s] -- Up-to-date: /home/aidan/GitHub/AidansRepo/TeensySwerve/install/rcl_interfaces/share/rcl_interfaces/srv/SetParametersAtomically.srv
[6.891s] -- Up-to-date: /home/aidan/GitHub/AidansRepo/TeensySwerve/install/rcl_interfaces/share/rcl_interfaces/srv/SetParametersAtomically_Request.msg
[6.892s] -- Up-to-date: /home/aidan/GitHub/AidansRepo/TeensySwerve/install/rcl_interfaces/share/rcl_interfaces/srv/SetParametersAtomically_Response.msg
[6.895s] -- Up-to-date: /home/aidan/GitHub/AidansRepo/TeensySwerve/install/rcl_interfaces/share/rcl_interfaces/srv/SetParameters.srv
[6.895s] -- Up-to-date: /home/aidan/GitHub/AidansRepo/TeensySwerve/install/rcl_interfaces/share/rcl_interfaces/srv/SetParameters_Request.msg
[6.897s] -- Up-to-date: /home/aidan/GitHub/AidansRepo/TeensySwerve/install/rcl_interfaces/share/rcl_interfaces/srv/SetParameters_Response.msg
[6.897s] -- Up-to-date: /home/aidan/GitHub/AidansRepo/TeensySwerve/install/rcl_interfaces/share/rcl_interfaces/mapping_rules.yaml
[6.905s] -- Up-to-date: /home/aidan/GitHub/AidansRepo/TeensySwerve/install/rcl_interfaces/share/ament_index/resource_index/package_run_dependencies/rcl_interfaces
[6.905s] -- Up-to-date: /home/aidan/GitHub/AidansRepo/TeensySwerve/install/rcl_interfaces/share/ament_index/resource_index/parent_prefix_path/rcl_interfaces
[6.905s] -- Up-to-date: /home/aidan/GitHub/AidansRepo/TeensySwerve/install/rcl_interfaces/share/rcl_interfaces/environment/ament_prefix_path.sh
[6.909s] -- Up-to-date: /home/aidan/GitHub/AidansRepo/TeensySwerve/install/rcl_interfaces/share/rcl_interfaces/environment/ament_prefix_path.dsv
[6.913s] -- Up-to-date: /home/aidan/GitHub/AidansRepo/TeensySwerve/install/rcl_interfaces/share/rcl_interfaces/environment/path.sh
[6.913s] -- Up-to-date: /home/aidan/GitHub/AidansRepo/TeensySwerve/install/rcl_interfaces/share/rcl_interfaces/environment/path.dsv
[6.920s] -- Up-to-date: /home/aidan/GitHub/AidansRepo/TeensySwerve/install/rcl_interfaces/share/rcl_interfaces/local_setup.bash
[6.920s] -- Up-to-date: /home/aidan/GitHub/AidansRepo/TeensySwerve/install/rcl_interfaces/share/rcl_interfaces/local_setup.sh
[6.922s] -- Up-to-date: /home/aidan/GitHub/AidansRepo/TeensySwerve/install/rcl_interfaces/share/rcl_interfaces/local_setup.zsh
[6.931s] -- Up-to-date: /home/aidan/GitHub/AidansRepo/TeensySwerve/install/rcl_interfaces/share/rcl_interfaces/local_setup.dsv
[6.932s] -- Installing: /home/aidan/GitHub/AidansRepo/TeensySwerve/install/rcl_interfaces/share/rcl_interfaces/package.dsv
[6.932s] -- Up-to-date: /home/aidan/GitHub/AidansRepo/TeensySwerve/install/rcl_interfaces/share/ament_index/resource_index/packages/rcl_interfaces
[6.932s] -- Up-to-date: /home/aidan/GitHub/AidansRepo/TeensySwerve/install/rcl_interfaces/share/rcl_interfaces/cmake/export_rcl_interfaces__rosidl_generator_cExport.cmake
[6.933s] -- Up-to-date: /home/aidan/GitHub/AidansRepo/TeensySwerve/install/rcl_interfaces/share/rcl_interfaces/cmake/export_rcl_interfaces__rosidl_generator_cExport-noconfig.cmake
[6.934s] -- Up-to-date: /home/aidan/GitHub/AidansRepo/TeensySwerve/install/rcl_interfaces/share/rcl_interfaces/cmake/export_rcl_interfaces__rosidl_typesupport_fastrtps_cExport.cmake
[6.934s] -- Up-to-date: /home/aidan/GitHub/AidansRepo/TeensySwerve/install/rcl_interfaces/share/rcl_interfaces/cmake/export_rcl_interfaces__rosidl_typesupport_fastrtps_cExport-noconfig.cmake
[6.934s] -- Up-to-date: /home/aidan/GitHub/AidansRepo/TeensySwerve/install/rcl_interfaces/share/rcl_interfaces/cmake/rcl_interfaces__rosidl_typesupport_introspection_cExport.cmake
[6.934s] -- Up-to-date: /home/aidan/GitHub/AidansRepo/TeensySwerve/install/rcl_interfaces/share/rcl_interfaces/cmake/rcl_interfaces__rosidl_typesupport_introspection_cExport-noconfig.cmake
[6.938s] -- Up-to-date: /home/aidan/GitHub/AidansRepo/TeensySwerve/install/rcl_interfaces/share/rcl_interfaces/cmake/rcl_interfaces__rosidl_typesupport_cExport.cmake
[6.938s] -- Up-to-date: /home/aidan/GitHub/AidansRepo/TeensySwerve/install/rcl_interfaces/share/rcl_interfaces/cmake/rcl_interfaces__rosidl_typesupport_cExport-noconfig.cmake
[6.948s] -- Up-to-date: /home/aidan/GitHub/AidansRepo/TeensySwerve/install/rcl_interfaces/share/rcl_interfaces/cmake/export_rcl_interfaces__rosidl_generator_cppExport.cmake
[6.950s] -- Up-to-date: /home/aidan/GitHub/AidansRepo/TeensySwerve/install/rcl_interfaces/share/rcl_interfaces/cmake/export_rcl_interfaces__rosidl_typesupport_fastrtps_cppExport.cmake
[6.955s] -- Up-to-date: /home/aidan/GitHub/AidansRepo/TeensySwerve/install/rcl_interfaces/share/rcl_interfaces/cmake/export_rcl_interfaces__rosidl_typesupport_fastrtps_cppExport-noconfig.cmake
[6.956s] -- Up-to-date: /home/aidan/GitHub/AidansRepo/TeensySwerve/install/rcl_interfaces/share/rcl_interfaces/cmake/rcl_interfaces__rosidl_typesupport_introspection_cppExport.cmake
[6.956s] -- Up-to-date: /home/aidan/GitHub/AidansRepo/TeensySwerve/install/rcl_interfaces/share/rcl_interfaces/cmake/rcl_interfaces__rosidl_typesupport_introspection_cppExport-noconfig.cmake
[6.956s] -- Up-to-date: /home/aidan/GitHub/AidansRepo/TeensySwerve/install/rcl_interfaces/share/rcl_interfaces/cmake/rcl_interfaces__rosidl_typesupport_cppExport.cmake
[6.957s] -- Up-to-date: /home/aidan/GitHub/AidansRepo/TeensySwerve/install/rcl_interfaces/share/rcl_interfaces/cmake/rcl_interfaces__rosidl_typesupport_cppExport-noconfig.cmake
[6.957s] -- Up-to-date: /home/aidan/GitHub/AidansRepo/TeensySwerve/install/rcl_interfaces/share/rcl_interfaces/cmake/export_rcl_interfaces__rosidl_generator_pyExport.cmake
[6.957s] -- Up-to-date: /home/aidan/GitHub/AidansRepo/TeensySwerve/install/rcl_interfaces/share/rcl_interfaces/cmake/export_rcl_interfaces__rosidl_generator_pyExport-noconfig.cmake
[6.957s] -- Up-to-date: /home/aidan/GitHub/AidansRepo/TeensySwerve/install/rcl_interfaces/share/rcl_interfaces/cmake/rosidl_cmake-extras.cmake
[6.958s] -- Up-to-date: /home/aidan/GitHub/AidansRepo/TeensySwerve/install/rcl_interfaces/share/rcl_interfaces/cmake/ament_cmake_export_dependencies-extras.cmake
[6.958s] -- Up-to-date: /home/aidan/GitHub/AidansRepo/TeensySwerve/install/rcl_interfaces/share/rcl_interfaces/cmake/ament_cmake_export_include_directories-extras.cmake
[6.970s] -- Up-to-date: /home/aidan/GitHub/AidansRepo/TeensySwerve/install/rcl_interfaces/share/rcl_interfaces/cmake/ament_cmake_export_libraries-extras.cmake
[6.970s] -- Up-to-date: /home/aidan/GitHub/AidansRepo/TeensySwerve/install/rcl_interfaces/share/rcl_interfaces/cmake/ament_cmake_export_targets-extras.cmake
[6.971s] -- Up-to-date: /home/aidan/GitHub/AidansRepo/TeensySwerve/install/rcl_interfaces/share/rcl_interfaces/cmake/rosidl_cmake_export_typesupport_targets-extras.cmake
[6.971s] -- Up-to-date: /home/aidan/GitHub/AidansRepo/TeensySwerve/install/rcl_interfaces/share/rcl_interfaces/cmake/rosidl_cmake_export_typesupport_libraries-extras.cmake
[6.971s] -- Up-to-date: /home/aidan/GitHub/AidansRepo/TeensySwerve/install/rcl_interfaces/share/rcl_interfaces/cmake/rcl_interfacesConfig.cmake
[6.971s] -- Up-to-date: /home/aidan/GitHub/AidansRepo/TeensySwerve/install/rcl_interfaces/share/rcl_interfaces/cmake/rcl_interfacesConfig-version.cmake
[6.972s] -- Up-to-date: /home/aidan/GitHub/AidansRepo/TeensySwerve/install/rcl_interfaces/share/rcl_interfaces/package.xml
[6.997s] Invoked command in '/home/aidan/GitHub/AidansRepo/TeensySwerve/build/rcl_interfaces' returned '0': AMENT_PREFIX_PATH=/home/aidan/GitHub/AidansRepo/TeensySwerve/install/builtin_interfaces:${AMENT_PREFIX_PATH} CMAKE_PREFIX_PATH=/home/aidan/GitHub/AidansRepo/TeensySwerve/install/builtin_interfaces:/home/aidan/GitHub/AidansRepo/TeensySwerve/install/tnsy_interfaces:/home/aidan/microros_ws/install/micro_ros_setup:/home/aidan/microros_ws/install/micro_ros_agent:/home/aidan/microros_ws/install/micro_ros_msgs:/home/aidan/GitHub/AidansRepo/TeensySwerve/install/tnsy_swrv_controller:/opt/ros/humble LD_LIBRARY_PATH=/home/aidan/GitHub/AidansRepo/TeensySwerve/install/builtin_interfaces/lib:${LD_LIBRARY_PATH} PYTHONPATH=/home/aidan/GitHub/AidansRepo/TeensySwerve/install/builtin_interfaces/local/lib/python3.10/dist-packages:${PYTHONPATH} /usr/bin/cmake --install /home/aidan/GitHub/AidansRepo/TeensySwerve/build/rcl_interfaces
