[0.207s] Invoking command in '/home/aidan/GitHub/AidansRepo/TeensySwerve/build/rmw_microxrcedds': AMENT_PREFIX_PATH=/home/aidan/GitHub/AidansRepo/TeensySwerve/install/rosidl_typesupport_microxrcedds_cpp:/home/aidan/GitHub/AidansRepo/TeensySwerve/install/rosidl_typesupport_microxrcedds_c:/home/aidan/GitHub/AidansRepo/TeensySwerve/install/micro_ros_msgs:${AMENT_PREFIX_PATH} CMAKE_PREFIX_PATH=/home/aidan/GitHub/AidansRepo/TeensySwerve/install/rosidl_typesupport_microxrcedds_cpp:/home/aidan/GitHub/AidansRepo/TeensySwerve/install/rosidl_typesupport_microxrcedds_c:/home/aidan/GitHub/AidansRepo/TeensySwerve/install/microxrcedds_client:/home/aidan/GitHub/AidansRepo/TeensySwerve/install/microcdr:/home/aidan/GitHub/AidansRepo/TeensySwerve/install/micro_ros_msgs:/home/aidan/GitHub/AidansRepo/TeensySwerve/install/tnsy_interfaces:/home/aidan/microros_ws/install/micro_ros_setup:/home/aidan/microros_ws/install/micro_ros_agent:/home/aidan/microros_ws/install/micro_ros_msgs:/home/aidan/GitHub/AidansRepo/TeensySwerve/install/tnsy_swrv_controller:/opt/ros/humble LD_LIBRARY_PATH=/home/aidan/GitHub/AidansRepo/TeensySwerve/install/rosidl_typesupport_microxrcedds_cpp/lib:/home/aidan/GitHub/AidansRepo/TeensySwerve/install/rosidl_typesupport_microxrcedds_c/lib:/home/aidan/GitHub/AidansRepo/TeensySwerve/install/micro_ros_msgs/lib:${LD_LIBRARY_PATH} PYTHONPATH=/home/aidan/GitHub/AidansRepo/TeensySwerve/install/rosidl_typesupport_microxrcedds_cpp/local/lib/python3.10/dist-packages:/home/aidan/GitHub/AidansRepo/TeensySwerve/install/rosidl_typesupport_microxrcedds_c/local/lib/python3.10/dist-packages:/home/aidan/GitHub/AidansRepo/TeensySwerve/install/micro_ros_msgs/local/lib/python3.10/dist-packages:${PYTHONPATH} /usr/bin/cmake --build /home/aidan/GitHub/AidansRepo/TeensySwerve/build/rmw_microxrcedds -- -j4 -l4
[0.596s] [  2%] Built target gtest_main
[0.660s] [  4%] Built target gtest
[0.661s] [ 60%] Built target rmw_microxrcedds
[0.878s] [ 64%] Built target test-node
[0.975s] [ 71%] Built target test-publisher
[0.975s] [ 67%] Built target test-service
[1.016s] [ 75%] Built target test-client
[1.119s] [ 78%] Built target test-pubsub
[1.172s] [ 82%] Built target test-subscriber
[1.290s] [ 85%] Built target test-topic
[1.318s] [ 89%] Built target test-rmw
[1.344s] [ 92%] Built target test-reqres
[1.401s] [ 96%] Built target test-sizes
[1.459s] [100%] Built target test-guardcond
[1.569s] Invoked command in '/home/aidan/GitHub/AidansRepo/TeensySwerve/build/rmw_microxrcedds' returned '0': AMENT_PREFIX_PATH=/home/aidan/GitHub/AidansRepo/TeensySwerve/install/rosidl_typesupport_microxrcedds_cpp:/home/aidan/GitHub/AidansRepo/TeensySwerve/install/rosidl_typesupport_microxrcedds_c:/home/aidan/GitHub/AidansRepo/TeensySwerve/install/micro_ros_msgs:${AMENT_PREFIX_PATH} CMAKE_PREFIX_PATH=/home/aidan/GitHub/AidansRepo/TeensySwerve/install/rosidl_typesupport_microxrcedds_cpp:/home/aidan/GitHub/AidansRepo/TeensySwerve/install/rosidl_typesupport_microxrcedds_c:/home/aidan/GitHub/AidansRepo/TeensySwerve/install/microxrcedds_client:/home/aidan/GitHub/AidansRepo/TeensySwerve/install/microcdr:/home/aidan/GitHub/AidansRepo/TeensySwerve/install/micro_ros_msgs:/home/aidan/GitHub/AidansRepo/TeensySwerve/install/tnsy_interfaces:/home/aidan/microros_ws/install/micro_ros_setup:/home/aidan/microros_ws/install/micro_ros_agent:/home/aidan/microros_ws/install/micro_ros_msgs:/home/aidan/GitHub/AidansRepo/TeensySwerve/install/tnsy_swrv_controller:/opt/ros/humble LD_LIBRARY_PATH=/home/aidan/GitHub/AidansRepo/TeensySwerve/install/rosidl_typesupport_microxrcedds_cpp/lib:/home/aidan/GitHub/AidansRepo/TeensySwerve/install/rosidl_typesupport_microxrcedds_c/lib:/home/aidan/GitHub/AidansRepo/TeensySwerve/install/micro_ros_msgs/lib:${LD_LIBRARY_PATH} PYTHONPATH=/home/aidan/GitHub/AidansRepo/TeensySwerve/install/rosidl_typesupport_microxrcedds_cpp/local/lib/python3.10/dist-packages:/home/aidan/GitHub/AidansRepo/TeensySwerve/install/rosidl_typesupport_microxrcedds_c/local/lib/python3.10/dist-packages:/home/aidan/GitHub/AidansRepo/TeensySwerve/install/micro_ros_msgs/local/lib/python3.10/dist-packages:${PYTHONPATH} /usr/bin/cmake --build /home/aidan/GitHub/AidansRepo/TeensySwerve/build/rmw_microxrcedds -- -j4 -l4
[2.913s] Invoking command in '/home/aidan/GitHub/AidansRepo/TeensySwerve/build/rmw_microxrcedds': AMENT_PREFIX_PATH=/home/aidan/GitHub/AidansRepo/TeensySwerve/install/rosidl_typesupport_microxrcedds_cpp:/home/aidan/GitHub/AidansRepo/TeensySwerve/install/rosidl_typesupport_microxrcedds_c:/home/aidan/GitHub/AidansRepo/TeensySwerve/install/micro_ros_msgs:${AMENT_PREFIX_PATH} CMAKE_PREFIX_PATH=/home/aidan/GitHub/AidansRepo/TeensySwerve/install/rosidl_typesupport_microxrcedds_cpp:/home/aidan/GitHub/AidansRepo/TeensySwerve/install/rosidl_typesupport_microxrcedds_c:/home/aidan/GitHub/AidansRepo/TeensySwerve/install/microxrcedds_client:/home/aidan/GitHub/AidansRepo/TeensySwerve/install/microcdr:/home/aidan/GitHub/AidansRepo/TeensySwerve/install/micro_ros_msgs:/home/aidan/GitHub/AidansRepo/TeensySwerve/install/tnsy_interfaces:/home/aidan/microros_ws/install/micro_ros_setup:/home/aidan/microros_ws/install/micro_ros_agent:/home/aidan/microros_ws/install/micro_ros_msgs:/home/aidan/GitHub/AidansRepo/TeensySwerve/install/tnsy_swrv_controller:/opt/ros/humble LD_LIBRARY_PATH=/home/aidan/GitHub/AidansRepo/TeensySwerve/install/rosidl_typesupport_microxrcedds_cpp/lib:/home/aidan/GitHub/AidansRepo/TeensySwerve/install/rosidl_typesupport_microxrcedds_c/lib:/home/aidan/GitHub/AidansRepo/TeensySwerve/install/micro_ros_msgs/lib:${LD_LIBRARY_PATH} PYTHONPATH=/home/aidan/GitHub/AidansRepo/TeensySwerve/install/rosidl_typesupport_microxrcedds_cpp/local/lib/python3.10/dist-packages:/home/aidan/GitHub/AidansRepo/TeensySwerve/install/rosidl_typesupport_microxrcedds_c/local/lib/python3.10/dist-packages:/home/aidan/GitHub/AidansRepo/TeensySwerve/install/micro_ros_msgs/local/lib/python3.10/dist-packages:${PYTHONPATH} /usr/bin/cmake --install /home/aidan/GitHub/AidansRepo/TeensySwerve/build/rmw_microxrcedds
[3.034s] -- Install configuration: ""
[3.051s] -- Up-to-date: /home/aidan/GitHub/AidansRepo/TeensySwerve/install/rmw_microxrcedds/share/rmw_microxrcedds/environment/library_path.sh
[3.057s] -- Up-to-date: /home/aidan/GitHub/AidansRepo/TeensySwerve/install/rmw_microxrcedds/share/rmw_microxrcedds/environment/library_path.dsv
[3.057s] -- Up-to-date: /home/aidan/GitHub/AidansRepo/TeensySwerve/install/rmw_microxrcedds/share/ament_index/resource_index/rmw_typesupport_c/rmw_microxrcedds
[3.058s] -- Up-to-date: /home/aidan/GitHub/AidansRepo/TeensySwerve/install/rmw_microxrcedds/share/ament_index/resource_index/rmw_typesupport/rmw_microxrcedds
[3.058s] -- Up-to-date: /home/aidan/GitHub/AidansRepo/TeensySwerve/install/rmw_microxrcedds/share/ament_index/resource_index/package_run_dependencies/rmw_microxrcedds
[3.058s] -- Up-to-date: /home/aidan/GitHub/AidansRepo/TeensySwerve/install/rmw_microxrcedds/share/ament_index/resource_index/parent_prefix_path/rmw_microxrcedds
[3.058s] -- Up-to-date: /home/aidan/GitHub/AidansRepo/TeensySwerve/install/rmw_microxrcedds/share/rmw_microxrcedds/environment/ament_prefix_path.sh
[3.059s] -- Up-to-date: /home/aidan/GitHub/AidansRepo/TeensySwerve/install/rmw_microxrcedds/share/rmw_microxrcedds/environment/ament_prefix_path.dsv
[3.066s] -- Up-to-date: /home/aidan/GitHub/AidansRepo/TeensySwerve/install/rmw_microxrcedds/share/rmw_microxrcedds/environment/path.sh
[3.066s] -- Up-to-date: /home/aidan/GitHub/AidansRepo/TeensySwerve/install/rmw_microxrcedds/share/rmw_microxrcedds/environment/path.dsv
[3.066s] -- Up-to-date: /home/aidan/GitHub/AidansRepo/TeensySwerve/install/rmw_microxrcedds/share/rmw_microxrcedds/local_setup.bash
[3.067s] -- Up-to-date: /home/aidan/GitHub/AidansRepo/TeensySwerve/install/rmw_microxrcedds/share/rmw_microxrcedds/local_setup.sh
[3.067s] -- Up-to-date: /home/aidan/GitHub/AidansRepo/TeensySwerve/install/rmw_microxrcedds/share/rmw_microxrcedds/local_setup.zsh
[3.067s] -- Up-to-date: /home/aidan/GitHub/AidansRepo/TeensySwerve/install/rmw_microxrcedds/share/rmw_microxrcedds/local_setup.dsv
[3.067s] -- Installing: /home/aidan/GitHub/AidansRepo/TeensySwerve/install/rmw_microxrcedds/share/rmw_microxrcedds/package.dsv
[3.079s] -- Up-to-date: /home/aidan/GitHub/AidansRepo/TeensySwerve/install/rmw_microxrcedds/share/ament_index/resource_index/packages/rmw_microxrcedds
[3.079s] -- Up-to-date: /home/aidan/GitHub/AidansRepo/TeensySwerve/install/rmw_microxrcedds/share/rmw_microxrcedds/cmake/ament_cmake_export_include_directories-extras.cmake
[3.088s] -- Up-to-date: /home/aidan/GitHub/AidansRepo/TeensySwerve/install/rmw_microxrcedds/share/rmw_microxrcedds/cmake/ament_cmake_export_libraries-extras.cmake
[3.088s] -- Up-to-date: /home/aidan/GitHub/AidansRepo/TeensySwerve/install/rmw_microxrcedds/share/rmw_microxrcedds/cmake/ament_cmake_export_dependencies-extras.cmake
[3.088s] -- Up-to-date: /home/aidan/GitHub/AidansRepo/TeensySwerve/install/rmw_microxrcedds/share/rmw_microxrcedds/cmake/rmw_microxrceddsConfig.cmake
[3.088s] -- Up-to-date: /home/aidan/GitHub/AidansRepo/TeensySwerve/install/rmw_microxrcedds/share/rmw_microxrcedds/cmake/rmw_microxrceddsConfig-version.cmake
[3.089s] -- Up-to-date: /home/aidan/GitHub/AidansRepo/TeensySwerve/install/rmw_microxrcedds/share/rmw_microxrcedds/package.xml
[3.089s] -- Up-to-date: /home/aidan/GitHub/AidansRepo/TeensySwerve/install/rmw_microxrcedds/include
[3.089s] -- Up-to-date: /home/aidan/GitHub/AidansRepo/TeensySwerve/install/rmw_microxrcedds/include/rmw_microros
[3.089s] -- Up-to-date: /home/aidan/GitHub/AidansRepo/TeensySwerve/install/rmw_microxrcedds/include/rmw_microros/time_sync.h
[3.089s] -- Up-to-date: /home/aidan/GitHub/AidansRepo/TeensySwerve/install/rmw_microxrcedds/include/rmw_microros/ping.h
[3.089s] -- Up-to-date: /home/aidan/GitHub/AidansRepo/TeensySwerve/install/rmw_microxrcedds/include/rmw_microros/custom_transport.h
[3.090s] -- Up-to-date: /home/aidan/GitHub/AidansRepo/TeensySwerve/install/rmw_microxrcedds/include/rmw_microros/init_options.h
[3.090s] -- Up-to-date: /home/aidan/GitHub/AidansRepo/TeensySwerve/install/rmw_microxrcedds/include/rmw_microros/rmw_microros.h
[3.090s] -- Up-to-date: /home/aidan/GitHub/AidansRepo/TeensySwerve/install/rmw_microxrcedds/include/rmw_microros/discovery.h
[3.090s] -- Up-to-date: /home/aidan/GitHub/AidansRepo/TeensySwerve/install/rmw_microxrcedds/include/rmw_microros/timing.h
[3.090s] -- Up-to-date: /home/aidan/GitHub/AidansRepo/TeensySwerve/install/rmw_microxrcedds/include/rmw_microros/continous_serialization.h
[3.090s] -- Up-to-date: /home/aidan/GitHub/AidansRepo/TeensySwerve/install/rmw_microxrcedds/include/rmw_microros/error_handling.h
[3.090s] -- Up-to-date: /home/aidan/GitHub/AidansRepo/TeensySwerve/install/rmw_microxrcedds/include/rmw_microxrcedds_c
[3.096s] -- Up-to-date: /home/aidan/GitHub/AidansRepo/TeensySwerve/install/rmw_microxrcedds/include/rmw_microxrcedds_c/rmw_c_macros.h
[3.109s] -- Up-to-date: /home/aidan/GitHub/AidansRepo/TeensySwerve/install/rmw_microxrcedds/include/rmw_microxrcedds_c/config.h
[3.109s] -- Up-to-date: /home/aidan/GitHub/AidansRepo/TeensySwerve/install/rmw_microxrcedds/lib/librmw_microxrcedds.so
[3.111s] Invoked command in '/home/aidan/GitHub/AidansRepo/TeensySwerve/build/rmw_microxrcedds' returned '0': AMENT_PREFIX_PATH=/home/aidan/GitHub/AidansRepo/TeensySwerve/install/rosidl_typesupport_microxrcedds_cpp:/home/aidan/GitHub/AidansRepo/TeensySwerve/install/rosidl_typesupport_microxrcedds_c:/home/aidan/GitHub/AidansRepo/TeensySwerve/install/micro_ros_msgs:${AMENT_PREFIX_PATH} CMAKE_PREFIX_PATH=/home/aidan/GitHub/AidansRepo/TeensySwerve/install/rosidl_typesupport_microxrcedds_cpp:/home/aidan/GitHub/AidansRepo/TeensySwerve/install/rosidl_typesupport_microxrcedds_c:/home/aidan/GitHub/AidansRepo/TeensySwerve/install/microxrcedds_client:/home/aidan/GitHub/AidansRepo/TeensySwerve/install/microcdr:/home/aidan/GitHub/AidansRepo/TeensySwerve/install/micro_ros_msgs:/home/aidan/GitHub/AidansRepo/TeensySwerve/install/tnsy_interfaces:/home/aidan/microros_ws/install/micro_ros_setup:/home/aidan/microros_ws/install/micro_ros_agent:/home/aidan/microros_ws/install/micro_ros_msgs:/home/aidan/GitHub/AidansRepo/TeensySwerve/install/tnsy_swrv_controller:/opt/ros/humble LD_LIBRARY_PATH=/home/aidan/GitHub/AidansRepo/TeensySwerve/install/rosidl_typesupport_microxrcedds_cpp/lib:/home/aidan/GitHub/AidansRepo/TeensySwerve/install/rosidl_typesupport_microxrcedds_c/lib:/home/aidan/GitHub/AidansRepo/TeensySwerve/install/micro_ros_msgs/lib:${LD_LIBRARY_PATH} PYTHONPATH=/home/aidan/GitHub/AidansRepo/TeensySwerve/install/rosidl_typesupport_microxrcedds_cpp/local/lib/python3.10/dist-packages:/home/aidan/GitHub/AidansRepo/TeensySwerve/install/rosidl_typesupport_microxrcedds_c/local/lib/python3.10/dist-packages:/home/aidan/GitHub/AidansRepo/TeensySwerve/install/micro_ros_msgs/local/lib/python3.10/dist-packages:${PYTHONPATH} /usr/bin/cmake --install /home/aidan/GitHub/AidansRepo/TeensySwerve/build/rmw_microxrcedds
