[0.064s] Invoking command in '/home/aidan/GitHub/AidansRepo/TeensySwerve/build/std_srvs': CMAKE_PREFIX_PATH=${CMAKE_PREFIX_PATH}:/home/aidan/GitHub/AidansRepo/TeensySwerve/install/tnsy_swrv_controller:/opt/ros/humble /usr/bin/cmake /home/aidan/GitHub/AidansRepo/TeensySwerve/src/ros2/common_interfaces/std_srvs -DCMAKE_INSTALL_PREFIX=/home/aidan/GitHub/AidansRepo/TeensySwerve/install/std_srvs
[0.455s] -- The C compiler identification is GNU 11.4.0
[0.937s] -- The CXX compiler identification is GNU 11.4.0
[1.015s] -- Detecting C compiler ABI info
[1.709s] -- Detecting C compiler ABI info - done
[1.767s] -- Check for working C compiler: /usr/bin/cc - skipped
[1.771s] -- Detecting C compile features
[1.777s] -- Detecting C compile features - done
[1.806s] -- Detecting CXX compiler ABI info
[2.519s] -- Detecting CXX compiler ABI info - done
[2.589s] -- Check for working CXX compiler: /usr/bin/c++ - skipped
[2.590s] -- Detecting CXX compile features
[2.591s] -- Detecting CXX compile features - done
[2.602s] -- Found ament_cmake: 1.3.11 (/opt/ros/humble/share/ament_cmake/cmake)
[3.602s] -- Found Python3: /usr/bin/python3 (found version "3.10.12") found components: Interpreter 
[4.101s] -- Found rosidl_default_generators: 1.2.0 (/opt/ros/humble/share/rosidl_default_generators/cmake)
[4.125s] -- Using all available rosidl_typesupport_c: rosidl_typesupport_fastrtps_c;rosidl_typesupport_introspection_c
[4.145s] -- Found rosidl_adapter: 3.1.6 (/opt/ros/humble/share/rosidl_adapter/cmake)
[4.301s] -- Using all available rosidl_typesupport_cpp: rosidl_typesupport_fastrtps_cpp;rosidl_typesupport_introspection_cpp
[5.933s] -- Found ament_cmake_cppcheck: 0.12.12 (/opt/ros/humble/share/ament_cmake_cppcheck/cmake)
[5.949s] -- Found ament_cmake_cpplint: 0.12.12 (/opt/ros/humble/share/ament_cmake_cpplint/cmake)
[5.961s] -- Found ament_cmake_uncrustify: 0.12.12 (/opt/ros/humble/share/ament_cmake_uncrustify/cmake)
[5.969s] -- Found ament_cmake_ros: 0.10.0 (/opt/ros/humble/share/ament_cmake_ros/cmake)
[6.856s] -- Using all available rosidl_typesupport_c: rosidl_typesupport_fastrtps_c;rosidl_typesupport_introspection_c
[9.107s] -- Using all available rosidl_typesupport_cpp: rosidl_typesupport_fastrtps_cpp;rosidl_typesupport_introspection_cpp
[9.344s] -- Found PythonInterp: /usr/bin/python3 (found suitable version "3.10.12", minimum required is "3.6") 
[9.361s] -- Found python_cmake_module: 0.10.0 (/opt/ros/humble/share/python_cmake_module/cmake)
[9.626s] -- Found PythonLibs: /usr/lib/x86_64-linux-gnu/libpython3.10.so (found suitable version "3.10.12", minimum required is "3.5") 
[9.627s] -- Using PYTHON_EXECUTABLE: /usr/bin/python3
[9.629s] -- Using PYTHON_INCLUDE_DIRS: /usr/include/python3.10
[9.630s] -- Using PYTHON_LIBRARIES: /usr/lib/x86_64-linux-gnu/libpython3.10.so
[9.834s] -- Found PythonExtra: .so  
[10.177s] -- Found ament_cmake_flake8: 0.12.12 (/opt/ros/humble/share/ament_cmake_flake8/cmake)
[10.192s] -- Found ament_cmake_pep257: 0.12.12 (/opt/ros/humble/share/ament_cmake_pep257/cmake)
[10.295s] -- Configuring done
[10.598s] -- Generating done
[10.627s] -- Build files have been written to: /home/aidan/GitHub/AidansRepo/TeensySwerve/build/std_srvs
[10.679s] Invoked command in '/home/aidan/GitHub/AidansRepo/TeensySwerve/build/std_srvs' returned '0': CMAKE_PREFIX_PATH=${CMAKE_PREFIX_PATH}:/home/aidan/GitHub/AidansRepo/TeensySwerve/install/tnsy_swrv_controller:/opt/ros/humble /usr/bin/cmake /home/aidan/GitHub/AidansRepo/TeensySwerve/src/ros2/common_interfaces/std_srvs -DCMAKE_INSTALL_PREFIX=/home/aidan/GitHub/AidansRepo/TeensySwerve/install/std_srvs
[10.690s] Invoking command in '/home/aidan/GitHub/AidansRepo/TeensySwerve/build/std_srvs': CMAKE_PREFIX_PATH=${CMAKE_PREFIX_PATH}:/home/aidan/GitHub/AidansRepo/TeensySwerve/install/tnsy_swrv_controller:/opt/ros/humble /usr/bin/cmake --build /home/aidan/GitHub/AidansRepo/TeensySwerve/build/std_srvs -- -j4 -l4
[11.025s] [  2%] [34m[1mGenerating C++ code for ROS interfaces[0m
[14.706s] [  2%] Built target std_srvs__cpp
[14.956s] [  2%] Built target ament_cmake_python_copy_std_srvs
[15.037s] [  4%] [34m[1mGenerating C++ type support for eProsima Fast-RTPS[0m
[18.372s] [  6%] [32mBuilding CXX object CMakeFiles/std_srvs__rosidl_typesupport_fastrtps_cpp.dir/rosidl_typesupport_fastrtps_cpp/std_srvs/srv/detail/dds_fastrtps/empty__type_support.cpp.o[0m
[20.590s] [  8%] [32mBuilding CXX object CMakeFiles/std_srvs__rosidl_typesupport_fastrtps_cpp.dir/rosidl_typesupport_fastrtps_cpp/std_srvs/srv/detail/dds_fastrtps/set_bool__type_support.cpp.o[0m
[24.175s] [ 10%] [32mBuilding CXX object CMakeFiles/std_srvs__rosidl_typesupport_fastrtps_cpp.dir/rosidl_typesupport_fastrtps_cpp/std_srvs/srv/detail/dds_fastrtps/trigger__type_support.cpp.o[0m
[27.473s] [ 12%] [32m[1mLinking CXX shared library libstd_srvs__rosidl_typesupport_fastrtps_cpp.so[0m
[28.117s] [ 12%] Built target std_srvs__rosidl_typesupport_fastrtps_cpp
[28.188s] [ 14%] [34m[1mGenerating C++ introspection for ROS interfaces[0m
[30.130s] [ 17%] [32mBuilding CXX object CMakeFiles/std_srvs__rosidl_typesupport_introspection_cpp.dir/rosidl_typesupport_introspection_cpp/std_srvs/srv/detail/empty__type_support.cpp.o[0m
[32.367s] [ 19%] [32mBuilding CXX object CMakeFiles/std_srvs__rosidl_typesupport_introspection_cpp.dir/rosidl_typesupport_introspection_cpp/std_srvs/srv/detail/set_bool__type_support.cpp.o[0m
[35.219s] [ 21%] [32mBuilding CXX object CMakeFiles/std_srvs__rosidl_typesupport_introspection_cpp.dir/rosidl_typesupport_introspection_cpp/std_srvs/srv/detail/trigger__type_support.cpp.o[0m
[38.637s] [ 23%] [32m[1mLinking CXX shared library libstd_srvs__rosidl_typesupport_introspection_cpp.so[0m
[39.092s] [ 23%] Built target std_srvs__rosidl_typesupport_introspection_cpp
[41.728s] running egg_info
[41.733s] creating std_srvs.egg-info
[41.733s] writing std_srvs.egg-info/PKG-INFO
[41.733s] writing dependency_links to std_srvs.egg-info/dependency_links.txt
[41.737s] writing top-level names to std_srvs.egg-info/top_level.txt
[41.741s] writing manifest file 'std_srvs.egg-info/SOURCES.txt'
[41.762s] reading manifest file 'std_srvs.egg-info/SOURCES.txt'
[41.772s] writing manifest file 'std_srvs.egg-info/SOURCES.txt'
[42.016s] [ 23%] Built target ament_cmake_python_build_std_srvs_egg
[42.084s] [ 25%] [34m[1mGenerating C++ type support dispatch for ROS interfaces[0m
[44.656s] [ 27%] [32mBuilding CXX object CMakeFiles/std_srvs__rosidl_typesupport_cpp.dir/rosidl_typesupport_cpp/std_srvs/srv/empty__type_support.cpp.o[0m
[46.022s] [ 29%] [32mBuilding CXX object CMakeFiles/std_srvs__rosidl_typesupport_cpp.dir/rosidl_typesupport_cpp/std_srvs/srv/trigger__type_support.cpp.o[0m
[47.239s] [ 31%] [32mBuilding CXX object CMakeFiles/std_srvs__rosidl_typesupport_cpp.dir/rosidl_typesupport_cpp/std_srvs/srv/set_bool__type_support.cpp.o[0m
[49.584s] [ 34%] [32m[1mLinking CXX shared library libstd_srvs__rosidl_typesupport_cpp.so[0m
[49.890s] [ 34%] Built target std_srvs__rosidl_typesupport_cpp
[49.964s] [ 36%] [34m[1mGenerating C code for ROS interfaces[0m
[54.005s] [ 38%] [32mBuilding C object CMakeFiles/std_srvs__rosidl_generator_c.dir/rosidl_generator_c/std_srvs/srv/detail/empty__functions.c.o[0m
[54.373s] [ 40%] [32mBuilding C object CMakeFiles/std_srvs__rosidl_generator_c.dir/rosidl_generator_c/std_srvs/srv/detail/trigger__functions.c.o[0m
[54.650s] [ 42%] [32mBuilding C object CMakeFiles/std_srvs__rosidl_generator_c.dir/rosidl_generator_c/std_srvs/srv/detail/set_bool__functions.c.o[0m
[54.928s] [ 44%] [32m[1mLinking C shared library libstd_srvs__rosidl_generator_c.so[0m
[55.076s] [ 44%] Built target std_srvs__rosidl_generator_c
[55.150s] [ 46%] [34m[1mGenerating C type support for eProsima Fast-RTPS[0m
[57.534s] [ 48%] [32mBuilding CXX object CMakeFiles/std_srvs__rosidl_typesupport_fastrtps_c.dir/rosidl_typesupport_fastrtps_c/std_srvs/srv/detail/empty__type_support_c.cpp.o[0m
[59.040s] [ 51%] [32mBuilding CXX object CMakeFiles/std_srvs__rosidl_typesupport_fastrtps_c.dir/rosidl_typesupport_fastrtps_c/std_srvs/srv/detail/set_bool__type_support_c.cpp.o[0m
[60.522s] [ 53%] [32mBuilding CXX object CMakeFiles/std_srvs__rosidl_typesupport_fastrtps_c.dir/rosidl_typesupport_fastrtps_c/std_srvs/srv/detail/trigger__type_support_c.cpp.o[0m
[62.061s] [ 55%] [32m[1mLinking CXX shared library libstd_srvs__rosidl_typesupport_fastrtps_c.so[0m
[62.342s] [ 55%] Built target std_srvs__rosidl_typesupport_fastrtps_c
[62.389s] [ 57%] [34m[1mGenerating C type support dispatch for ROS interfaces[0m
[64.628s] [ 59%] [32mBuilding CXX object CMakeFiles/std_srvs__rosidl_typesupport_c.dir/rosidl_typesupport_c/std_srvs/srv/empty__type_support.cpp.o[0m
[64.771s] [ 61%] [32mBuilding CXX object CMakeFiles/std_srvs__rosidl_typesupport_c.dir/rosidl_typesupport_c/std_srvs/srv/trigger__type_support.cpp.o[0m
[64.941s] [ 63%] [32mBuilding CXX object CMakeFiles/std_srvs__rosidl_typesupport_c.dir/rosidl_typesupport_c/std_srvs/srv/set_bool__type_support.cpp.o[0m
[65.128s] [ 65%] [32m[1mLinking CXX shared library libstd_srvs__rosidl_typesupport_c.so[0m
[65.356s] [ 65%] Built target std_srvs__rosidl_typesupport_c
[65.413s] [ 68%] [34m[1mGenerating C introspection for ROS interfaces[0m
[67.387s] [ 70%] [32mBuilding C object CMakeFiles/std_srvs__rosidl_typesupport_introspection_c.dir/rosidl_typesupport_introspection_c/std_srvs/srv/detail/empty__type_support.c.o[0m
[67.530s] [ 72%] [32mBuilding C object CMakeFiles/std_srvs__rosidl_typesupport_introspection_c.dir/rosidl_typesupport_introspection_c/std_srvs/srv/detail/trigger__type_support.c.o[0m
[67.636s] [ 74%] [32mBuilding C object CMakeFiles/std_srvs__rosidl_typesupport_introspection_c.dir/rosidl_typesupport_introspection_c/std_srvs/srv/detail/set_bool__type_support.c.o[0m
[67.719s] [ 76%] [32m[1mLinking C shared library libstd_srvs__rosidl_typesupport_introspection_c.so[0m
[67.820s] [ 76%] Built target std_srvs__rosidl_typesupport_introspection_c
[67.929s] [ 76%] Built target std_srvs
[68.035s] [ 78%] [34m[1mGenerating Python code for ROS interfaces[0m
[72.228s] [ 78%] Built target std_srvs__py
[72.328s] [ 80%] [32mBuilding C object CMakeFiles/std_srvs__rosidl_generator_py.dir/rosidl_generator_py/std_srvs/srv/_empty_s.c.o[0m
[72.685s] [ 82%] [32mBuilding C object CMakeFiles/std_srvs__rosidl_generator_py.dir/rosidl_generator_py/std_srvs/srv/_trigger_s.c.o[0m
[73.222s] [ 85%] [32mBuilding C object CMakeFiles/std_srvs__rosidl_generator_py.dir/rosidl_generator_py/std_srvs/srv/_set_bool_s.c.o[0m
[73.873s] [ 87%] [32m[1mLinking C shared library rosidl_generator_py/std_srvs/libstd_srvs__rosidl_generator_py.so[0m
[74.077s] [ 87%] Built target std_srvs__rosidl_generator_py
[74.193s] [ 89%] [32mBuilding C object CMakeFiles/std_srvs__rosidl_typesupport_fastrtps_c__pyext.dir/rosidl_generator_py/std_srvs/_std_srvs_s.ep.rosidl_typesupport_fastrtps_c.c.o[0m
[74.821s] [ 91%] [32m[1mLinking C shared library rosidl_generator_py/std_srvs/std_srvs_s__rosidl_typesupport_fastrtps_c.cpython-310-x86_64-linux-gnu.so[0m
[75.008s] [ 91%] Built target std_srvs__rosidl_typesupport_fastrtps_c__pyext
[75.053s] [ 93%] [32mBuilding C object CMakeFiles/std_srvs__rosidl_typesupport_c__pyext.dir/rosidl_generator_py/std_srvs/_std_srvs_s.ep.rosidl_typesupport_c.c.o[0m
[75.362s] [ 95%] [32m[1mLinking C shared library rosidl_generator_py/std_srvs/std_srvs_s__rosidl_typesupport_c.cpython-310-x86_64-linux-gnu.so[0m
[75.483s] [ 95%] Built target std_srvs__rosidl_typesupport_c__pyext
[75.557s] [ 97%] [32mBuilding C object CMakeFiles/std_srvs__rosidl_typesupport_introspection_c__pyext.dir/rosidl_generator_py/std_srvs/_std_srvs_s.ep.rosidl_typesupport_introspection_c.c.o[0m
[76.183s] [100%] [32m[1mLinking C shared library rosidl_generator_py/std_srvs/std_srvs_s__rosidl_typesupport_introspection_c.cpython-310-x86_64-linux-gnu.so[0m
[76.312s] [100%] Built target std_srvs__rosidl_typesupport_introspection_c__pyext
[76.365s] Invoked command in '/home/aidan/GitHub/AidansRepo/TeensySwerve/build/std_srvs' returned '0': CMAKE_PREFIX_PATH=${CMAKE_PREFIX_PATH}:/home/aidan/GitHub/AidansRepo/TeensySwerve/install/tnsy_swrv_controller:/opt/ros/humble /usr/bin/cmake --build /home/aidan/GitHub/AidansRepo/TeensySwerve/build/std_srvs -- -j4 -l4
[76.923s] Invoking command in '/home/aidan/GitHub/AidansRepo/TeensySwerve/build/std_srvs': CMAKE_PREFIX_PATH=${CMAKE_PREFIX_PATH}:/home/aidan/GitHub/AidansRepo/TeensySwerve/install/tnsy_swrv_controller:/opt/ros/humble /usr/bin/cmake --install /home/aidan/GitHub/AidansRepo/TeensySwerve/build/std_srvs
[76.957s] -- Install configuration: ""
[76.962s] -- Installing: /home/aidan/GitHub/AidansRepo/TeensySwerve/install/std_srvs/share/ament_index/resource_index/rosidl_interfaces/std_srvs
[76.963s] -- Installing: /home/aidan/GitHub/AidansRepo/TeensySwerve/install/std_srvs/include/std_srvs/std_srvs
[76.966s] -- Installing: /home/aidan/GitHub/AidansRepo/TeensySwerve/install/std_srvs/include/std_srvs/std_srvs/srv
[76.966s] -- Installing: /home/aidan/GitHub/AidansRepo/TeensySwerve/install/std_srvs/include/std_srvs/std_srvs/srv/empty.h
[76.966s] -- Installing: /home/aidan/GitHub/AidansRepo/TeensySwerve/install/std_srvs/include/std_srvs/std_srvs/srv/set_bool.h
[76.966s] -- Installing: /home/aidan/GitHub/AidansRepo/TeensySwerve/install/std_srvs/include/std_srvs/std_srvs/srv/trigger.h
[76.974s] -- Installing: /home/aidan/GitHub/AidansRepo/TeensySwerve/install/std_srvs/include/std_srvs/std_srvs/srv/detail
[76.974s] -- Installing: /home/aidan/GitHub/AidansRepo/TeensySwerve/install/std_srvs/include/std_srvs/std_srvs/srv/detail/empty__struct.h
[76.974s] -- Installing: /home/aidan/GitHub/AidansRepo/TeensySwerve/install/std_srvs/include/std_srvs/std_srvs/srv/detail/trigger__functions.c
[76.980s] -- Installing: /home/aidan/GitHub/AidansRepo/TeensySwerve/install/std_srvs/include/std_srvs/std_srvs/srv/detail/trigger__type_support.h
[76.980s] -- Installing: /home/aidan/GitHub/AidansRepo/TeensySwerve/install/std_srvs/include/std_srvs/std_srvs/srv/detail/set_bool__type_support.h
[76.980s] -- Installing: /home/aidan/GitHub/AidansRepo/TeensySwerve/install/std_srvs/include/std_srvs/std_srvs/srv/detail/empty__functions.h
[76.980s] -- Installing: /home/aidan/GitHub/AidansRepo/TeensySwerve/install/std_srvs/include/std_srvs/std_srvs/srv/detail/trigger__functions.h
[76.981s] -- Installing: /home/aidan/GitHub/AidansRepo/TeensySwerve/install/std_srvs/include/std_srvs/std_srvs/srv/detail/empty__functions.c
[76.981s] -- Installing: /home/aidan/GitHub/AidansRepo/TeensySwerve/install/std_srvs/include/std_srvs/std_srvs/srv/detail/empty__type_support.h
[76.981s] -- Installing: /home/aidan/GitHub/AidansRepo/TeensySwerve/install/std_srvs/include/std_srvs/std_srvs/srv/detail/set_bool__functions.c
[76.981s] -- Installing: /home/aidan/GitHub/AidansRepo/TeensySwerve/install/std_srvs/include/std_srvs/std_srvs/srv/detail/trigger__struct.h
[76.982s] -- Installing: /home/aidan/GitHub/AidansRepo/TeensySwerve/install/std_srvs/include/std_srvs/std_srvs/srv/detail/set_bool__struct.h
[76.983s] -- Installing: /home/aidan/GitHub/AidansRepo/TeensySwerve/install/std_srvs/include/std_srvs/std_srvs/srv/detail/set_bool__functions.h
[76.983s] -- Installing: /home/aidan/GitHub/AidansRepo/TeensySwerve/install/std_srvs/include/std_srvs/std_srvs/msg
[76.983s] -- Installing: /home/aidan/GitHub/AidansRepo/TeensySwerve/install/std_srvs/include/std_srvs/std_srvs/msg/rosidl_generator_c__visibility_control.h
[76.983s] -- Installing: /home/aidan/GitHub/AidansRepo/TeensySwerve/install/std_srvs/share/std_srvs/environment/library_path.sh
[76.986s] -- Installing: /home/aidan/GitHub/AidansRepo/TeensySwerve/install/std_srvs/share/std_srvs/environment/library_path.dsv
[76.987s] -- Installing: /home/aidan/GitHub/AidansRepo/TeensySwerve/install/std_srvs/lib/libstd_srvs__rosidl_generator_c.so
[76.992s] -- Set runtime path of "/home/aidan/GitHub/AidansRepo/TeensySwerve/install/std_srvs/lib/libstd_srvs__rosidl_generator_c.so" to ""
[76.994s] -- Up-to-date: /home/aidan/GitHub/AidansRepo/TeensySwerve/install/std_srvs/include/std_srvs/std_srvs
[76.994s] -- Up-to-date: /home/aidan/GitHub/AidansRepo/TeensySwerve/install/std_srvs/include/std_srvs/std_srvs/srv
[76.994s] -- Up-to-date: /home/aidan/GitHub/AidansRepo/TeensySwerve/install/std_srvs/include/std_srvs/std_srvs/srv/detail
[76.994s] -- Installing: /home/aidan/GitHub/AidansRepo/TeensySwerve/install/std_srvs/include/std_srvs/std_srvs/srv/detail/set_bool__rosidl_typesupport_fastrtps_c.h
[76.994s] -- Installing: /home/aidan/GitHub/AidansRepo/TeensySwerve/install/std_srvs/include/std_srvs/std_srvs/srv/detail/empty__rosidl_typesupport_fastrtps_c.h
[76.995s] -- Installing: /home/aidan/GitHub/AidansRepo/TeensySwerve/install/std_srvs/include/std_srvs/std_srvs/srv/detail/trigger__rosidl_typesupport_fastrtps_c.h
[76.995s] -- Up-to-date: /home/aidan/GitHub/AidansRepo/TeensySwerve/install/std_srvs/include/std_srvs/std_srvs/msg
[76.995s] -- Installing: /home/aidan/GitHub/AidansRepo/TeensySwerve/install/std_srvs/include/std_srvs/std_srvs/msg/rosidl_typesupport_fastrtps_c__visibility_control.h
[76.996s] -- Installing: /home/aidan/GitHub/AidansRepo/TeensySwerve/install/std_srvs/lib/libstd_srvs__rosidl_typesupport_fastrtps_c.so
[77.000s] -- Set runtime path of "/home/aidan/GitHub/AidansRepo/TeensySwerve/install/std_srvs/lib/libstd_srvs__rosidl_typesupport_fastrtps_c.so" to ""
[77.000s] -- Up-to-date: /home/aidan/GitHub/AidansRepo/TeensySwerve/install/std_srvs/include/std_srvs/std_srvs
[77.001s] -- Up-to-date: /home/aidan/GitHub/AidansRepo/TeensySwerve/install/std_srvs/include/std_srvs/std_srvs/srv
[77.002s] -- Up-to-date: /home/aidan/GitHub/AidansRepo/TeensySwerve/install/std_srvs/include/std_srvs/std_srvs/srv/detail
[77.007s] -- Installing: /home/aidan/GitHub/AidansRepo/TeensySwerve/install/std_srvs/include/std_srvs/std_srvs/srv/detail/empty__type_support.c
[77.010s] -- Installing: /home/aidan/GitHub/AidansRepo/TeensySwerve/install/std_srvs/include/std_srvs/std_srvs/srv/detail/set_bool__type_support.c
[77.010s] -- Installing: /home/aidan/GitHub/AidansRepo/TeensySwerve/install/std_srvs/include/std_srvs/std_srvs/srv/detail/set_bool__rosidl_typesupport_introspection_c.h
[77.011s] -- Installing: /home/aidan/GitHub/AidansRepo/TeensySwerve/install/std_srvs/include/std_srvs/std_srvs/srv/detail/trigger__rosidl_typesupport_introspection_c.h
[77.011s] -- Installing: /home/aidan/GitHub/AidansRepo/TeensySwerve/install/std_srvs/include/std_srvs/std_srvs/srv/detail/trigger__type_support.c
[77.013s] -- Installing: /home/aidan/GitHub/AidansRepo/TeensySwerve/install/std_srvs/include/std_srvs/std_srvs/srv/detail/empty__rosidl_typesupport_introspection_c.h
[77.014s] -- Up-to-date: /home/aidan/GitHub/AidansRepo/TeensySwerve/install/std_srvs/include/std_srvs/std_srvs/msg
[77.015s] -- Installing: /home/aidan/GitHub/AidansRepo/TeensySwerve/install/std_srvs/include/std_srvs/std_srvs/msg/rosidl_typesupport_introspection_c__visibility_control.h
[77.017s] -- Installing: /home/aidan/GitHub/AidansRepo/TeensySwerve/install/std_srvs/lib/libstd_srvs__rosidl_typesupport_introspection_c.so
[77.021s] -- Set runtime path of "/home/aidan/GitHub/AidansRepo/TeensySwerve/install/std_srvs/lib/libstd_srvs__rosidl_typesupport_introspection_c.so" to ""
[77.026s] -- Installing: /home/aidan/GitHub/AidansRepo/TeensySwerve/install/std_srvs/lib/libstd_srvs__rosidl_typesupport_c.so
[77.028s] -- Set runtime path of "/home/aidan/GitHub/AidansRepo/TeensySwerve/install/std_srvs/lib/libstd_srvs__rosidl_typesupport_c.so" to ""
[77.029s] -- Up-to-date: /home/aidan/GitHub/AidansRepo/TeensySwerve/install/std_srvs/include/std_srvs/std_srvs
[77.030s] -- Up-to-date: /home/aidan/GitHub/AidansRepo/TeensySwerve/install/std_srvs/include/std_srvs/std_srvs/srv
[77.030s] -- Installing: /home/aidan/GitHub/AidansRepo/TeensySwerve/install/std_srvs/include/std_srvs/std_srvs/srv/set_bool.hpp
[77.031s] -- Installing: /home/aidan/GitHub/AidansRepo/TeensySwerve/install/std_srvs/include/std_srvs/std_srvs/srv/trigger.hpp
[77.034s] -- Installing: /home/aidan/GitHub/AidansRepo/TeensySwerve/install/std_srvs/include/std_srvs/std_srvs/srv/empty.hpp
[77.034s] -- Up-to-date: /home/aidan/GitHub/AidansRepo/TeensySwerve/install/std_srvs/include/std_srvs/std_srvs/srv/detail
[77.035s] -- Installing: /home/aidan/GitHub/AidansRepo/TeensySwerve/install/std_srvs/include/std_srvs/std_srvs/srv/detail/set_bool__struct.hpp
[77.035s] -- Installing: /home/aidan/GitHub/AidansRepo/TeensySwerve/install/std_srvs/include/std_srvs/std_srvs/srv/detail/set_bool__builder.hpp
[77.036s] -- Installing: /home/aidan/GitHub/AidansRepo/TeensySwerve/install/std_srvs/include/std_srvs/std_srvs/srv/detail/set_bool__traits.hpp
[77.037s] -- Installing: /home/aidan/GitHub/AidansRepo/TeensySwerve/install/std_srvs/include/std_srvs/std_srvs/srv/detail/trigger__traits.hpp
[77.038s] -- Installing: /home/aidan/GitHub/AidansRepo/TeensySwerve/install/std_srvs/include/std_srvs/std_srvs/srv/detail/trigger__type_support.hpp
[77.039s] -- Installing: /home/aidan/GitHub/AidansRepo/TeensySwerve/install/std_srvs/include/std_srvs/std_srvs/srv/detail/empty__builder.hpp
[77.042s] -- Installing: /home/aidan/GitHub/AidansRepo/TeensySwerve/install/std_srvs/include/std_srvs/std_srvs/srv/detail/empty__struct.hpp
[77.043s] -- Installing: /home/aidan/GitHub/AidansRepo/TeensySwerve/install/std_srvs/include/std_srvs/std_srvs/srv/detail/trigger__builder.hpp
[77.044s] -- Installing: /home/aidan/GitHub/AidansRepo/TeensySwerve/install/std_srvs/include/std_srvs/std_srvs/srv/detail/empty__type_support.hpp
[77.045s] -- Installing: /home/aidan/GitHub/AidansRepo/TeensySwerve/install/std_srvs/include/std_srvs/std_srvs/srv/detail/trigger__struct.hpp
[77.045s] -- Installing: /home/aidan/GitHub/AidansRepo/TeensySwerve/install/std_srvs/include/std_srvs/std_srvs/srv/detail/empty__traits.hpp
[77.049s] -- Installing: /home/aidan/GitHub/AidansRepo/TeensySwerve/install/std_srvs/include/std_srvs/std_srvs/srv/detail/set_bool__type_support.hpp
[77.049s] -- Up-to-date: /home/aidan/GitHub/AidansRepo/TeensySwerve/install/std_srvs/include/std_srvs/std_srvs/msg
[77.050s] -- Installing: /home/aidan/GitHub/AidansRepo/TeensySwerve/install/std_srvs/include/std_srvs/std_srvs/msg/rosidl_generator_cpp__visibility_control.hpp
[77.051s] -- Up-to-date: /home/aidan/GitHub/AidansRepo/TeensySwerve/install/std_srvs/include/std_srvs/std_srvs
[77.051s] -- Up-to-date: /home/aidan/GitHub/AidansRepo/TeensySwerve/install/std_srvs/include/std_srvs/std_srvs/srv
[77.052s] -- Up-to-date: /home/aidan/GitHub/AidansRepo/TeensySwerve/install/std_srvs/include/std_srvs/std_srvs/srv/detail
[77.053s] -- Installing: /home/aidan/GitHub/AidansRepo/TeensySwerve/install/std_srvs/include/std_srvs/std_srvs/srv/detail/empty__rosidl_typesupport_fastrtps_cpp.hpp
[77.053s] -- Installing: /home/aidan/GitHub/AidansRepo/TeensySwerve/install/std_srvs/include/std_srvs/std_srvs/srv/detail/trigger__rosidl_typesupport_fastrtps_cpp.hpp
[77.054s] -- Installing: /home/aidan/GitHub/AidansRepo/TeensySwerve/install/std_srvs/include/std_srvs/std_srvs/srv/detail/dds_fastrtps
[77.058s] -- Installing: /home/aidan/GitHub/AidansRepo/TeensySwerve/install/std_srvs/include/std_srvs/std_srvs/srv/detail/set_bool__rosidl_typesupport_fastrtps_cpp.hpp
[77.059s] -- Up-to-date: /home/aidan/GitHub/AidansRepo/TeensySwerve/install/std_srvs/include/std_srvs/std_srvs/msg
[77.060s] -- Installing: /home/aidan/GitHub/AidansRepo/TeensySwerve/install/std_srvs/include/std_srvs/std_srvs/msg/rosidl_typesupport_fastrtps_cpp__visibility_control.h
[77.060s] -- Installing: /home/aidan/GitHub/AidansRepo/TeensySwerve/install/std_srvs/lib/libstd_srvs__rosidl_typesupport_fastrtps_cpp.so
[77.065s] -- Set runtime path of "/home/aidan/GitHub/AidansRepo/TeensySwerve/install/std_srvs/lib/libstd_srvs__rosidl_typesupport_fastrtps_cpp.so" to ""
[77.066s] -- Up-to-date: /home/aidan/GitHub/AidansRepo/TeensySwerve/install/std_srvs/include/std_srvs/std_srvs
[77.066s] -- Up-to-date: /home/aidan/GitHub/AidansRepo/TeensySwerve/install/std_srvs/include/std_srvs/std_srvs/srv
[77.067s] -- Up-to-date: /home/aidan/GitHub/AidansRepo/TeensySwerve/install/std_srvs/include/std_srvs/std_srvs/srv/detail
[77.067s] -- Installing: /home/aidan/GitHub/AidansRepo/TeensySwerve/install/std_srvs/include/std_srvs/std_srvs/srv/detail/trigger__rosidl_typesupport_introspection_cpp.hpp
[77.068s] -- Installing: /home/aidan/GitHub/AidansRepo/TeensySwerve/install/std_srvs/include/std_srvs/std_srvs/srv/detail/trigger__type_support.cpp
[77.068s] -- Installing: /home/aidan/GitHub/AidansRepo/TeensySwerve/install/std_srvs/include/std_srvs/std_srvs/srv/detail/set_bool__rosidl_typesupport_introspection_cpp.hpp
[77.069s] -- Installing: /home/aidan/GitHub/AidansRepo/TeensySwerve/install/std_srvs/include/std_srvs/std_srvs/srv/detail/empty__rosidl_typesupport_introspection_cpp.hpp
[77.071s] -- Installing: /home/aidan/GitHub/AidansRepo/TeensySwerve/install/std_srvs/include/std_srvs/std_srvs/srv/detail/set_bool__type_support.cpp
[77.075s] -- Installing: /home/aidan/GitHub/AidansRepo/TeensySwerve/install/std_srvs/include/std_srvs/std_srvs/srv/detail/empty__type_support.cpp
[77.075s] -- Installing: /home/aidan/GitHub/AidansRepo/TeensySwerve/install/std_srvs/lib/libstd_srvs__rosidl_typesupport_introspection_cpp.so
[77.076s] -- Set runtime path of "/home/aidan/GitHub/AidansRepo/TeensySwerve/install/std_srvs/lib/libstd_srvs__rosidl_typesupport_introspection_cpp.so" to ""
[77.077s] -- Installing: /home/aidan/GitHub/AidansRepo/TeensySwerve/install/std_srvs/lib/libstd_srvs__rosidl_typesupport_cpp.so
[77.080s] -- Set runtime path of "/home/aidan/GitHub/AidansRepo/TeensySwerve/install/std_srvs/lib/libstd_srvs__rosidl_typesupport_cpp.so" to ""
[77.082s] -- Installing: /home/aidan/GitHub/AidansRepo/TeensySwerve/install/std_srvs/share/std_srvs/environment/pythonpath.sh
[77.083s] -- Installing: /home/aidan/GitHub/AidansRepo/TeensySwerve/install/std_srvs/share/std_srvs/environment/pythonpath.dsv
[77.083s] -- Installing: /home/aidan/GitHub/AidansRepo/TeensySwerve/install/std_srvs/local/lib/python3.10/dist-packages/std_srvs-4.8.0-py3.10.egg-info
[77.087s] -- Installing: /home/aidan/GitHub/AidansRepo/TeensySwerve/install/std_srvs/local/lib/python3.10/dist-packages/std_srvs-4.8.0-py3.10.egg-info/PKG-INFO
[77.089s] -- Installing: /home/aidan/GitHub/AidansRepo/TeensySwerve/install/std_srvs/local/lib/python3.10/dist-packages/std_srvs-4.8.0-py3.10.egg-info/SOURCES.txt
[77.093s] -- Installing: /home/aidan/GitHub/AidansRepo/TeensySwerve/install/std_srvs/local/lib/python3.10/dist-packages/std_srvs-4.8.0-py3.10.egg-info/dependency_links.txt
[77.093s] -- Installing: /home/aidan/GitHub/AidansRepo/TeensySwerve/install/std_srvs/local/lib/python3.10/dist-packages/std_srvs-4.8.0-py3.10.egg-info/top_level.txt
[77.094s] -- Installing: /home/aidan/GitHub/AidansRepo/TeensySwerve/install/std_srvs/local/lib/python3.10/dist-packages/std_srvs
[77.094s] -- Installing: /home/aidan/GitHub/AidansRepo/TeensySwerve/install/std_srvs/local/lib/python3.10/dist-packages/std_srvs/std_srvs_s__rosidl_typesupport_introspection_c.cpython-310-x86_64-linux-gnu.so
[77.094s] -- Installing: /home/aidan/GitHub/AidansRepo/TeensySwerve/install/std_srvs/local/lib/python3.10/dist-packages/std_srvs/std_srvs_s__rosidl_typesupport_fastrtps_c.cpython-310-x86_64-linux-gnu.so
[77.100s] -- Installing: /home/aidan/GitHub/AidansRepo/TeensySwerve/install/std_srvs/local/lib/python3.10/dist-packages/std_srvs/_std_srvs_s.ep.rosidl_typesupport_c.c
[77.104s] -- Installing: /home/aidan/GitHub/AidansRepo/TeensySwerve/install/std_srvs/local/lib/python3.10/dist-packages/std_srvs/srv
[77.105s] -- Installing: /home/aidan/GitHub/AidansRepo/TeensySwerve/install/std_srvs/local/lib/python3.10/dist-packages/std_srvs/srv/_trigger_s.c
[77.105s] -- Installing: /home/aidan/GitHub/AidansRepo/TeensySwerve/install/std_srvs/local/lib/python3.10/dist-packages/std_srvs/srv/__init__.py
[77.109s] -- Installing: /home/aidan/GitHub/AidansRepo/TeensySwerve/install/std_srvs/local/lib/python3.10/dist-packages/std_srvs/srv/_empty_s.c
[77.109s] -- Installing: /home/aidan/GitHub/AidansRepo/TeensySwerve/install/std_srvs/local/lib/python3.10/dist-packages/std_srvs/srv/_set_bool_s.c
[77.113s] -- Installing: /home/aidan/GitHub/AidansRepo/TeensySwerve/install/std_srvs/local/lib/python3.10/dist-packages/std_srvs/srv/_set_bool.py
[77.113s] -- Installing: /home/aidan/GitHub/AidansRepo/TeensySwerve/install/std_srvs/local/lib/python3.10/dist-packages/std_srvs/srv/_trigger.py
[77.113s] -- Installing: /home/aidan/GitHub/AidansRepo/TeensySwerve/install/std_srvs/local/lib/python3.10/dist-packages/std_srvs/srv/_empty.py
[77.113s] -- Installing: /home/aidan/GitHub/AidansRepo/TeensySwerve/install/std_srvs/local/lib/python3.10/dist-packages/std_srvs/__init__.py
[77.119s] -- Installing: /home/aidan/GitHub/AidansRepo/TeensySwerve/install/std_srvs/local/lib/python3.10/dist-packages/std_srvs/_std_srvs_s.ep.rosidl_typesupport_introspection_c.c
[77.123s] -- Installing: /home/aidan/GitHub/AidansRepo/TeensySwerve/install/std_srvs/local/lib/python3.10/dist-packages/std_srvs/std_srvs_s__rosidl_typesupport_c.cpython-310-x86_64-linux-gnu.so
[77.123s] -- Installing: /home/aidan/GitHub/AidansRepo/TeensySwerve/install/std_srvs/local/lib/python3.10/dist-packages/std_srvs/_std_srvs_s.ep.rosidl_typesupport_fastrtps_c.c
[77.124s] -- Installing: /home/aidan/GitHub/AidansRepo/TeensySwerve/install/std_srvs/local/lib/python3.10/dist-packages/std_srvs/libstd_srvs__rosidl_generator_py.so
[77.342s] Listing '/home/aidan/GitHub/AidansRepo/TeensySwerve/install/std_srvs/local/lib/python3.10/dist-packages/std_srvs'...
[77.343s] Compiling '/home/aidan/GitHub/AidansRepo/TeensySwerve/install/std_srvs/local/lib/python3.10/dist-packages/std_srvs/__init__.py'...
[77.343s] Listing '/home/aidan/GitHub/AidansRepo/TeensySwerve/install/std_srvs/local/lib/python3.10/dist-packages/std_srvs/srv'...
[77.343s] Compiling '/home/aidan/GitHub/AidansRepo/TeensySwerve/install/std_srvs/local/lib/python3.10/dist-packages/std_srvs/srv/__init__.py'...
[77.343s] Compiling '/home/aidan/GitHub/AidansRepo/TeensySwerve/install/std_srvs/local/lib/python3.10/dist-packages/std_srvs/srv/_empty.py'...
[77.343s] Compiling '/home/aidan/GitHub/AidansRepo/TeensySwerve/install/std_srvs/local/lib/python3.10/dist-packages/std_srvs/srv/_set_bool.py'...
[77.343s] Compiling '/home/aidan/GitHub/AidansRepo/TeensySwerve/install/std_srvs/local/lib/python3.10/dist-packages/std_srvs/srv/_trigger.py'...
[77.385s] -- Installing: /home/aidan/GitHub/AidansRepo/TeensySwerve/install/std_srvs/local/lib/python3.10/dist-packages/std_srvs/std_srvs_s__rosidl_typesupport_fastrtps_c.cpython-310-x86_64-linux-gnu.so
[77.386s] -- Set runtime path of "/home/aidan/GitHub/AidansRepo/TeensySwerve/install/std_srvs/local/lib/python3.10/dist-packages/std_srvs/std_srvs_s__rosidl_typesupport_fastrtps_c.cpython-310-x86_64-linux-gnu.so" to ""
[77.386s] -- Installing: /home/aidan/GitHub/AidansRepo/TeensySwerve/install/std_srvs/local/lib/python3.10/dist-packages/std_srvs/std_srvs_s__rosidl_typesupport_introspection_c.cpython-310-x86_64-linux-gnu.so
[77.386s] -- Set runtime path of "/home/aidan/GitHub/AidansRepo/TeensySwerve/install/std_srvs/local/lib/python3.10/dist-packages/std_srvs/std_srvs_s__rosidl_typesupport_introspection_c.cpython-310-x86_64-linux-gnu.so" to ""
[77.392s] -- Installing: /home/aidan/GitHub/AidansRepo/TeensySwerve/install/std_srvs/local/lib/python3.10/dist-packages/std_srvs/std_srvs_s__rosidl_typesupport_c.cpython-310-x86_64-linux-gnu.so
[77.394s] -- Set runtime path of "/home/aidan/GitHub/AidansRepo/TeensySwerve/install/std_srvs/local/lib/python3.10/dist-packages/std_srvs/std_srvs_s__rosidl_typesupport_c.cpython-310-x86_64-linux-gnu.so" to ""
[77.394s] -- Installing: /home/aidan/GitHub/AidansRepo/TeensySwerve/install/std_srvs/lib/libstd_srvs__rosidl_generator_py.so
[77.398s] -- Set runtime path of "/home/aidan/GitHub/AidansRepo/TeensySwerve/install/std_srvs/lib/libstd_srvs__rosidl_generator_py.so" to ""
[77.399s] -- Installing: /home/aidan/GitHub/AidansRepo/TeensySwerve/install/std_srvs/share/std_srvs/srv/Empty.idl
[77.400s] -- Installing: /home/aidan/GitHub/AidansRepo/TeensySwerve/install/std_srvs/share/std_srvs/srv/SetBool.idl
[77.401s] -- Installing: /home/aidan/GitHub/AidansRepo/TeensySwerve/install/std_srvs/share/std_srvs/srv/Trigger.idl
[77.402s] -- Installing: /home/aidan/GitHub/AidansRepo/TeensySwerve/install/std_srvs/share/std_srvs/srv/Empty.srv
[77.402s] -- Installing: /home/aidan/GitHub/AidansRepo/TeensySwerve/install/std_srvs/share/std_srvs/srv/Empty_Request.msg
[77.403s] -- Installing: /home/aidan/GitHub/AidansRepo/TeensySwerve/install/std_srvs/share/std_srvs/srv/Empty_Response.msg
[77.404s] -- Installing: /home/aidan/GitHub/AidansRepo/TeensySwerve/install/std_srvs/share/std_srvs/srv/SetBool.srv
[77.405s] -- Installing: /home/aidan/GitHub/AidansRepo/TeensySwerve/install/std_srvs/share/std_srvs/srv/SetBool_Request.msg
[77.405s] -- Installing: /home/aidan/GitHub/AidansRepo/TeensySwerve/install/std_srvs/share/std_srvs/srv/SetBool_Response.msg
[77.406s] -- Installing: /home/aidan/GitHub/AidansRepo/TeensySwerve/install/std_srvs/share/std_srvs/srv/Trigger.srv
[77.407s] -- Installing: /home/aidan/GitHub/AidansRepo/TeensySwerve/install/std_srvs/share/std_srvs/srv/Trigger_Request.msg
[77.408s] -- Installing: /home/aidan/GitHub/AidansRepo/TeensySwerve/install/std_srvs/share/std_srvs/srv/Trigger_Response.msg
[77.410s] -- Installing: /home/aidan/GitHub/AidansRepo/TeensySwerve/install/std_srvs/share/ament_index/resource_index/package_run_dependencies/std_srvs
[77.411s] -- Installing: /home/aidan/GitHub/AidansRepo/TeensySwerve/install/std_srvs/share/ament_index/resource_index/parent_prefix_path/std_srvs
[77.411s] -- Installing: /home/aidan/GitHub/AidansRepo/TeensySwerve/install/std_srvs/share/std_srvs/environment/ament_prefix_path.sh
[77.413s] -- Installing: /home/aidan/GitHub/AidansRepo/TeensySwerve/install/std_srvs/share/std_srvs/environment/ament_prefix_path.dsv
[77.414s] -- Installing: /home/aidan/GitHub/AidansRepo/TeensySwerve/install/std_srvs/share/std_srvs/environment/path.sh
[77.415s] -- Installing: /home/aidan/GitHub/AidansRepo/TeensySwerve/install/std_srvs/share/std_srvs/environment/path.dsv
[77.416s] -- Installing: /home/aidan/GitHub/AidansRepo/TeensySwerve/install/std_srvs/share/std_srvs/local_setup.bash
[77.418s] -- Installing: /home/aidan/GitHub/AidansRepo/TeensySwerve/install/std_srvs/share/std_srvs/local_setup.sh
[77.419s] -- Installing: /home/aidan/GitHub/AidansRepo/TeensySwerve/install/std_srvs/share/std_srvs/local_setup.zsh
[77.419s] -- Installing: /home/aidan/GitHub/AidansRepo/TeensySwerve/install/std_srvs/share/std_srvs/local_setup.dsv
[77.420s] -- Installing: /home/aidan/GitHub/AidansRepo/TeensySwerve/install/std_srvs/share/std_srvs/package.dsv
[77.423s] -- Installing: /home/aidan/GitHub/AidansRepo/TeensySwerve/install/std_srvs/share/ament_index/resource_index/packages/std_srvs
[77.424s] -- Installing: /home/aidan/GitHub/AidansRepo/TeensySwerve/install/std_srvs/share/std_srvs/cmake/export_std_srvs__rosidl_generator_cExport.cmake
[77.425s] -- Installing: /home/aidan/GitHub/AidansRepo/TeensySwerve/install/std_srvs/share/std_srvs/cmake/export_std_srvs__rosidl_generator_cExport-noconfig.cmake
[77.425s] -- Installing: /home/aidan/GitHub/AidansRepo/TeensySwerve/install/std_srvs/share/std_srvs/cmake/export_std_srvs__rosidl_typesupport_fastrtps_cExport.cmake
[77.426s] -- Installing: /home/aidan/GitHub/AidansRepo/TeensySwerve/install/std_srvs/share/std_srvs/cmake/export_std_srvs__rosidl_typesupport_fastrtps_cExport-noconfig.cmake
[77.426s] -- Installing: /home/aidan/GitHub/AidansRepo/TeensySwerve/install/std_srvs/share/std_srvs/cmake/std_srvs__rosidl_typesupport_introspection_cExport.cmake
[77.428s] -- Installing: /home/aidan/GitHub/AidansRepo/TeensySwerve/install/std_srvs/share/std_srvs/cmake/std_srvs__rosidl_typesupport_introspection_cExport-noconfig.cmake
[77.430s] -- Installing: /home/aidan/GitHub/AidansRepo/TeensySwerve/install/std_srvs/share/std_srvs/cmake/std_srvs__rosidl_typesupport_cExport.cmake
[77.430s] -- Installing: /home/aidan/GitHub/AidansRepo/TeensySwerve/install/std_srvs/share/std_srvs/cmake/std_srvs__rosidl_typesupport_cExport-noconfig.cmake
[77.431s] -- Installing: /home/aidan/GitHub/AidansRepo/TeensySwerve/install/std_srvs/share/std_srvs/cmake/export_std_srvs__rosidl_generator_cppExport.cmake
[77.432s] -- Installing: /home/aidan/GitHub/AidansRepo/TeensySwerve/install/std_srvs/share/std_srvs/cmake/export_std_srvs__rosidl_typesupport_fastrtps_cppExport.cmake
[77.433s] -- Installing: /home/aidan/GitHub/AidansRepo/TeensySwerve/install/std_srvs/share/std_srvs/cmake/export_std_srvs__rosidl_typesupport_fastrtps_cppExport-noconfig.cmake
[77.435s] -- Installing: /home/aidan/GitHub/AidansRepo/TeensySwerve/install/std_srvs/share/std_srvs/cmake/std_srvs__rosidl_typesupport_introspection_cppExport.cmake
[77.437s] -- Installing: /home/aidan/GitHub/AidansRepo/TeensySwerve/install/std_srvs/share/std_srvs/cmake/std_srvs__rosidl_typesupport_introspection_cppExport-noconfig.cmake
[77.440s] -- Installing: /home/aidan/GitHub/AidansRepo/TeensySwerve/install/std_srvs/share/std_srvs/cmake/std_srvs__rosidl_typesupport_cppExport.cmake
[77.441s] -- Installing: /home/aidan/GitHub/AidansRepo/TeensySwerve/install/std_srvs/share/std_srvs/cmake/std_srvs__rosidl_typesupport_cppExport-noconfig.cmake
[77.441s] -- Installing: /home/aidan/GitHub/AidansRepo/TeensySwerve/install/std_srvs/share/std_srvs/cmake/export_std_srvs__rosidl_generator_pyExport.cmake
[77.443s] -- Installing: /home/aidan/GitHub/AidansRepo/TeensySwerve/install/std_srvs/share/std_srvs/cmake/export_std_srvs__rosidl_generator_pyExport-noconfig.cmake
[77.443s] -- Installing: /home/aidan/GitHub/AidansRepo/TeensySwerve/install/std_srvs/share/std_srvs/cmake/rosidl_cmake-extras.cmake
[77.445s] -- Installing: /home/aidan/GitHub/AidansRepo/TeensySwerve/install/std_srvs/share/std_srvs/cmake/ament_cmake_export_include_directories-extras.cmake
[77.447s] -- Installing: /home/aidan/GitHub/AidansRepo/TeensySwerve/install/std_srvs/share/std_srvs/cmake/ament_cmake_export_libraries-extras.cmake
[77.448s] -- Installing: /home/aidan/GitHub/AidansRepo/TeensySwerve/install/std_srvs/share/std_srvs/cmake/ament_cmake_export_targets-extras.cmake
[77.451s] -- Installing: /home/aidan/GitHub/AidansRepo/TeensySwerve/install/std_srvs/share/std_srvs/cmake/rosidl_cmake_export_typesupport_targets-extras.cmake
[77.452s] -- Installing: /home/aidan/GitHub/AidansRepo/TeensySwerve/install/std_srvs/share/std_srvs/cmake/ament_cmake_export_dependencies-extras.cmake
[77.453s] -- Installing: /home/aidan/GitHub/AidansRepo/TeensySwerve/install/std_srvs/share/std_srvs/cmake/rosidl_cmake_export_typesupport_libraries-extras.cmake
[77.454s] -- Installing: /home/aidan/GitHub/AidansRepo/TeensySwerve/install/std_srvs/share/std_srvs/cmake/std_srvsConfig.cmake
[77.455s] -- Installing: /home/aidan/GitHub/AidansRepo/TeensySwerve/install/std_srvs/share/std_srvs/cmake/std_srvsConfig-version.cmake
[77.459s] -- Installing: /home/aidan/GitHub/AidansRepo/TeensySwerve/install/std_srvs/share/std_srvs/package.xml
[77.467s] Invoked command in '/home/aidan/GitHub/AidansRepo/TeensySwerve/build/std_srvs' returned '0': CMAKE_PREFIX_PATH=${CMAKE_PREFIX_PATH}:/home/aidan/GitHub/AidansRepo/TeensySwerve/install/tnsy_swrv_controller:/opt/ros/humble /usr/bin/cmake --install /home/aidan/GitHub/AidansRepo/TeensySwerve/build/std_srvs
