[0.214s] DEBUG:colcon:Command line arguments: ['/home/aidan/.local/bin/colcon', 'build', '--symlink-install']
[0.215s] DEBUG:colcon:Parsed command line arguments: Namespace(log_base=None, log_level=None, verb_name='build', build_base='build', install_base='install', merge_install=False, symlink_install=True, test_result_base=None, continue_on_error=False, executor='parallel', parallel_workers=4, event_handlers=None, ignore_user_meta=False, metas=['./colcon.meta'], base_paths=['.'], packages_ignore=None, packages_ignore_regex=None, paths=None, packages_up_to=None, packages_up_to_regex=None, packages_above=None, packages_above_and_dependencies=None, packages_above_depth=None, packages_select_by_dep=None, packages_skip_by_dep=None, packages_skip_up_to=None, packages_select_build_failed=False, packages_skip_build_finished=False, packages_select_test_failures=False, packages_skip_test_passed=False, packages_select=None, packages_skip=None, packages_select_regex=None, packages_skip_regex=None, packages_start=None, packages_end=None, allow_overriding=[], cmake_args=None, cmake_target=None, cmake_target_skip_unavailable=False, cmake_clean_cache=False, cmake_clean_first=False, cmake_force_configure=False, ament_cmake_args=None, catkin_cmake_args=None, catkin_skip_building_tests=False, verb_parser=<colcon_defaults.argument_parser.defaults.DefaultArgumentsDecorator object at 0x7d978eaeef50>, verb_extension=<colcon_core.verb.build.BuildVerb object at 0x7d978ea6ec80>, main=<bound method BuildVerb.main of <colcon_core.verb.build.BuildVerb object at 0x7d978ea6ec80>>)
[0.478s] Level 1:colcon.colcon_core.package_discovery:discover_packages(colcon_meta) check parameters
[0.478s] Level 1:colcon.colcon_core.package_discovery:discover_packages(recursive) check parameters
[0.478s] Level 1:colcon.colcon_core.package_discovery:discover_packages(ignore) check parameters
[0.478s] Level 1:colcon.colcon_core.package_discovery:discover_packages(path) check parameters
[0.479s] Level 1:colcon.colcon_core.package_discovery:discover_packages(colcon_meta) discover
[0.479s] Level 1:colcon.colcon_core.package_discovery:discover_packages(recursive) discover
[0.479s] INFO:colcon.colcon_core.package_discovery:Crawling recursively for packages in '/home/aidan/GitHub/AidansRepo/TeensySwerve'
[0.479s] Level 1:colcon.colcon_core.package_identification:_identify(.) by extensions ['ignore', 'ignore_ament_install']
[0.479s] Level 1:colcon.colcon_core.package_identification:_identify(.) by extension 'ignore'
[0.479s] Level 1:colcon.colcon_core.package_identification:_identify(.) by extension 'ignore_ament_install'
[0.479s] Level 1:colcon.colcon_core.package_identification:_identify(.) by extensions ['colcon_pkg']
[0.479s] Level 1:colcon.colcon_core.package_identification:_identify(.) by extension 'colcon_pkg'
[0.479s] Level 1:colcon.colcon_core.package_identification:_identify(.) by extensions ['colcon_meta']
[0.479s] Level 1:colcon.colcon_core.package_identification:_identify(.) by extension 'colcon_meta'
[0.479s] Level 1:colcon.colcon_core.package_identification:_identify(.) by extensions ['ros']
[0.479s] Level 1:colcon.colcon_core.package_identification:_identify(.) by extension 'ros'
[0.498s] Level 1:colcon.colcon_core.package_identification:_identify(.) by extensions ['cmake', 'python']
[0.498s] Level 1:colcon.colcon_core.package_identification:_identify(.) by extension 'cmake'
[0.498s] Level 1:colcon.colcon_core.package_identification:_identify(.) by extension 'python'
[0.499s] Level 1:colcon.colcon_core.package_identification:_identify(.) by extensions ['python_setup_py']
[0.499s] Level 1:colcon.colcon_core.package_identification:_identify(.) by extension 'python_setup_py'
[0.499s] Level 1:colcon.colcon_core.package_identification:_identify(build) by extensions ['ignore', 'ignore_ament_install']
[0.499s] Level 1:colcon.colcon_core.package_identification:_identify(build) by extension 'ignore'
[0.499s] Level 1:colcon.colcon_core.package_identification:_identify(build) ignored
[0.499s] Level 1:colcon.colcon_core.package_identification:_identify(install) by extensions ['ignore', 'ignore_ament_install']
[0.500s] Level 1:colcon.colcon_core.package_identification:_identify(install) by extension 'ignore'
[0.500s] Level 1:colcon.colcon_core.package_identification:_identify(install) ignored
[0.500s] Level 1:colcon.colcon_core.package_identification:_identify(log) by extensions ['ignore', 'ignore_ament_install']
[0.500s] Level 1:colcon.colcon_core.package_identification:_identify(log) by extension 'ignore'
[0.500s] Level 1:colcon.colcon_core.package_identification:_identify(log) ignored
[0.501s] Level 1:colcon.colcon_core.package_identification:_identify(src) by extensions ['ignore', 'ignore_ament_install']
[0.501s] Level 1:colcon.colcon_core.package_identification:_identify(src) by extension 'ignore'
[0.501s] Level 1:colcon.colcon_core.package_identification:_identify(src) by extension 'ignore_ament_install'
[0.501s] Level 1:colcon.colcon_core.package_identification:_identify(src) by extensions ['colcon_pkg']
[0.501s] Level 1:colcon.colcon_core.package_identification:_identify(src) by extension 'colcon_pkg'
[0.502s] Level 1:colcon.colcon_core.package_identification:_identify(src) by extensions ['colcon_meta']
[0.502s] Level 1:colcon.colcon_core.package_identification:_identify(src) by extension 'colcon_meta'
[0.502s] Level 1:colcon.colcon_core.package_identification:_identify(src) by extensions ['ros']
[0.502s] Level 1:colcon.colcon_core.package_identification:_identify(src) by extension 'ros'
[0.502s] Level 1:colcon.colcon_core.package_identification:_identify(src) by extensions ['cmake', 'python']
[0.502s] Level 1:colcon.colcon_core.package_identification:_identify(src) by extension 'cmake'
[0.502s] Level 1:colcon.colcon_core.package_identification:_identify(src) by extension 'python'
[0.502s] Level 1:colcon.colcon_core.package_identification:_identify(src) by extensions ['python_setup_py']
[0.502s] Level 1:colcon.colcon_core.package_identification:_identify(src) by extension 'python_setup_py'
[0.502s] Level 1:colcon.colcon_core.package_identification:_identify(src/tnsy_swrv_controller) by extensions ['ignore', 'ignore_ament_install']
[0.503s] Level 1:colcon.colcon_core.package_identification:_identify(src/tnsy_swrv_controller) by extension 'ignore'
[0.503s] Level 1:colcon.colcon_core.package_identification:_identify(src/tnsy_swrv_controller) by extension 'ignore_ament_install'
[0.503s] Level 1:colcon.colcon_core.package_identification:_identify(src/tnsy_swrv_controller) by extensions ['colcon_pkg']
[0.503s] Level 1:colcon.colcon_core.package_identification:_identify(src/tnsy_swrv_controller) by extension 'colcon_pkg'
[0.503s] Level 1:colcon.colcon_core.package_identification:_identify(src/tnsy_swrv_controller) by extensions ['colcon_meta']
[0.503s] Level 1:colcon.colcon_core.package_identification:_identify(src/tnsy_swrv_controller) by extension 'colcon_meta'
[0.503s] Level 1:colcon.colcon_core.package_identification:_identify(src/tnsy_swrv_controller) by extensions ['ros']
[0.503s] Level 1:colcon.colcon_core.package_identification:_identify(src/tnsy_swrv_controller) by extension 'ros'
[0.507s] DEBUG:colcon.colcon_core.package_identification:Package 'src/tnsy_swrv_controller' with type 'ros.ament_python' and name 'tnsy_swrv_controller'
[0.507s] Level 1:colcon.colcon_core.package_discovery:discover_packages(recursive) using defaults
[0.507s] Level 1:colcon.colcon_core.package_discovery:discover_packages(ignore) discover
[0.507s] Level 1:colcon.colcon_core.package_discovery:discover_packages(ignore) using defaults
[0.507s] Level 1:colcon.colcon_core.package_discovery:discover_packages(path) discover
[0.507s] Level 1:colcon.colcon_core.package_discovery:discover_packages(path) using defaults
[0.548s] Level 1:colcon.colcon_core.package_discovery:discover_packages(prefix_path) check parameters
[0.548s] Level 1:colcon.colcon_core.package_discovery:discover_packages(prefix_path) discover
[0.553s] DEBUG:colcon.colcon_installed_package_information.package_discovery:Found 1 installed packages in /home/aidan/GitHub/AidansRepo/TeensySwerve/install
[0.556s] DEBUG:colcon.colcon_installed_package_information.package_discovery:Found 313 installed packages in /opt/ros/humble
[0.561s] Level 1:colcon.colcon_core.package_discovery:discover_packages(prefix_path) using defaults
[0.647s] Level 5:colcon.colcon_core.verb:set package 'tnsy_swrv_controller' build argument 'cmake_args' from command line to 'None'
[0.647s] Level 5:colcon.colcon_core.verb:set package 'tnsy_swrv_controller' build argument 'cmake_target' from command line to 'None'
[0.647s] Level 5:colcon.colcon_core.verb:set package 'tnsy_swrv_controller' build argument 'cmake_target_skip_unavailable' from command line to 'False'
[0.647s] Level 5:colcon.colcon_core.verb:set package 'tnsy_swrv_controller' build argument 'cmake_clean_cache' from command line to 'False'
[0.647s] Level 5:colcon.colcon_core.verb:set package 'tnsy_swrv_controller' build argument 'cmake_clean_first' from command line to 'False'
[0.647s] Level 5:colcon.colcon_core.verb:set package 'tnsy_swrv_controller' build argument 'cmake_force_configure' from command line to 'False'
[0.647s] Level 5:colcon.colcon_core.verb:set package 'tnsy_swrv_controller' build argument 'ament_cmake_args' from command line to 'None'
[0.647s] Level 5:colcon.colcon_core.verb:set package 'tnsy_swrv_controller' build argument 'catkin_cmake_args' from command line to 'None'
[0.647s] Level 5:colcon.colcon_core.verb:set package 'tnsy_swrv_controller' build argument 'catkin_skip_building_tests' from command line to 'False'
[0.648s] DEBUG:colcon.colcon_core.verb:Building package 'tnsy_swrv_controller' with the following arguments: {'ament_cmake_args': None, 'build_base': '/home/aidan/GitHub/AidansRepo/TeensySwerve/build/tnsy_swrv_controller', 'catkin_cmake_args': None, 'catkin_skip_building_tests': False, 'cmake_args': None, 'cmake_clean_cache': False, 'cmake_clean_first': False, 'cmake_force_configure': False, 'cmake_target': None, 'cmake_target_skip_unavailable': False, 'install_base': '/home/aidan/GitHub/AidansRepo/TeensySwerve/install/tnsy_swrv_controller', 'merge_install': False, 'path': '/home/aidan/GitHub/AidansRepo/TeensySwerve/src/tnsy_swrv_controller', 'symlink_install': True, 'test_result_base': None}
[0.648s] INFO:colcon.colcon_core.executor:Executing jobs using 'parallel' executor
[0.651s] DEBUG:colcon.colcon_parallel_executor.executor.parallel:run_until_complete
[0.652s] INFO:colcon.colcon_ros.task.ament_python.build:Building ROS package in '/home/aidan/GitHub/AidansRepo/TeensySwerve/src/tnsy_swrv_controller' with build type 'ament_python'
[0.652s] Level 1:colcon.colcon_core.shell:create_environment_hook('tnsy_swrv_controller', 'ament_prefix_path')
[0.657s] INFO:colcon.colcon_core.plugin_system:Skipping extension 'colcon_core.shell.bat': Not used on non-Windows systems
[0.657s] INFO:colcon.colcon_core.shell:Creating environment hook '/home/aidan/GitHub/AidansRepo/TeensySwerve/install/tnsy_swrv_controller/share/tnsy_swrv_controller/hook/ament_prefix_path.ps1'
[0.658s] INFO:colcon.colcon_core.shell:Creating environment descriptor '/home/aidan/GitHub/AidansRepo/TeensySwerve/install/tnsy_swrv_controller/share/tnsy_swrv_controller/hook/ament_prefix_path.dsv'
[0.659s] INFO:colcon.colcon_core.shell:Creating environment hook '/home/aidan/GitHub/AidansRepo/TeensySwerve/install/tnsy_swrv_controller/share/tnsy_swrv_controller/hook/ament_prefix_path.sh'
[0.661s] INFO:colcon.colcon_core.shell:Skip shell extension 'powershell' for command environment: Not usable outside of PowerShell
[0.661s] DEBUG:colcon.colcon_core.shell:Skip shell extension 'dsv' for command environment
[1.187s] INFO:colcon.colcon_core.task.python.build:Building Python package in '/home/aidan/GitHub/AidansRepo/TeensySwerve/src/tnsy_swrv_controller'
[1.187s] INFO:colcon.colcon_core.shell:Skip shell extension 'powershell' for command environment: Not usable outside of PowerShell
[1.187s] DEBUG:colcon.colcon_core.shell:Skip shell extension 'dsv' for command environment
[2.003s] DEBUG:colcon.colcon_core.event_handler.log_command:Invoking command in '/home/aidan/GitHub/AidansRepo/TeensySwerve/build/tnsy_swrv_controller': PYTHONPATH=/home/aidan/GitHub/AidansRepo/TeensySwerve/build/tnsy_swrv_controller/prefix_override:/home/aidan/GitHub/AidansRepo/TeensySwerve/install/tnsy_swrv_controller/lib/python3.10/site-packages:${PYTHONPATH} /usr/bin/python3 -W ignore:setup.py install is deprecated setup.py develop --editable --build-directory /home/aidan/GitHub/AidansRepo/TeensySwerve/build/tnsy_swrv_controller/build --no-deps symlink_data
[3.006s] Level 1:colcon.colcon_core.shell:create_environment_hook('tnsy_swrv_controller', 'pythonpath_develop')
[3.007s] INFO:colcon.colcon_core.shell:Creating environment hook '/home/aidan/GitHub/AidansRepo/TeensySwerve/build/tnsy_swrv_controller/share/tnsy_swrv_controller/hook/pythonpath_develop.ps1'
[3.008s] DEBUG:colcon.colcon_core.event_handler.log_command:Invoked command in '/home/aidan/GitHub/AidansRepo/TeensySwerve/build/tnsy_swrv_controller' returned '0': PYTHONPATH=/home/aidan/GitHub/AidansRepo/TeensySwerve/build/tnsy_swrv_controller/prefix_override:/home/aidan/GitHub/AidansRepo/TeensySwerve/install/tnsy_swrv_controller/lib/python3.10/site-packages:${PYTHONPATH} /usr/bin/python3 -W ignore:setup.py install is deprecated setup.py develop --editable --build-directory /home/aidan/GitHub/AidansRepo/TeensySwerve/build/tnsy_swrv_controller/build --no-deps symlink_data
[3.009s] INFO:colcon.colcon_core.shell:Creating environment descriptor '/home/aidan/GitHub/AidansRepo/TeensySwerve/build/tnsy_swrv_controller/share/tnsy_swrv_controller/hook/pythonpath_develop.dsv'
[3.009s] INFO:colcon.colcon_core.shell:Creating environment hook '/home/aidan/GitHub/AidansRepo/TeensySwerve/build/tnsy_swrv_controller/share/tnsy_swrv_controller/hook/pythonpath_develop.sh'
[3.026s] Level 1:colcon.colcon_core.environment:checking '/home/aidan/GitHub/AidansRepo/TeensySwerve/install/tnsy_swrv_controller' for CMake module files
[3.027s] Level 1:colcon.colcon_core.environment:checking '/home/aidan/GitHub/AidansRepo/TeensySwerve/install/tnsy_swrv_controller' for CMake config files
[3.028s] Level 1:colcon.colcon_core.environment:checking '/home/aidan/GitHub/AidansRepo/TeensySwerve/install/tnsy_swrv_controller/lib'
[3.028s] Level 1:colcon.colcon_core.environment:checking '/home/aidan/GitHub/AidansRepo/TeensySwerve/install/tnsy_swrv_controller/bin'
[3.028s] Level 1:colcon.colcon_core.environment:checking '/home/aidan/GitHub/AidansRepo/TeensySwerve/install/tnsy_swrv_controller/lib/pkgconfig/tnsy_swrv_controller.pc'
[3.029s] Level 1:colcon.colcon_core.environment:checking '/home/aidan/GitHub/AidansRepo/TeensySwerve/install/tnsy_swrv_controller/lib/python3.10/site-packages'
[3.029s] Level 1:colcon.colcon_core.shell:create_environment_hook('tnsy_swrv_controller', 'pythonpath')
[3.029s] INFO:colcon.colcon_core.shell:Creating environment hook '/home/aidan/GitHub/AidansRepo/TeensySwerve/install/tnsy_swrv_controller/share/tnsy_swrv_controller/hook/pythonpath.ps1'
[3.030s] INFO:colcon.colcon_core.shell:Creating environment descriptor '/home/aidan/GitHub/AidansRepo/TeensySwerve/install/tnsy_swrv_controller/share/tnsy_swrv_controller/hook/pythonpath.dsv'
[3.030s] INFO:colcon.colcon_core.shell:Creating environment hook '/home/aidan/GitHub/AidansRepo/TeensySwerve/install/tnsy_swrv_controller/share/tnsy_swrv_controller/hook/pythonpath.sh'
[3.031s] Level 1:colcon.colcon_core.environment:checking '/home/aidan/GitHub/AidansRepo/TeensySwerve/install/tnsy_swrv_controller/bin'
[3.031s] Level 1:colcon.colcon_core.environment:create_environment_scripts_only(tnsy_swrv_controller)
[3.032s] INFO:colcon.colcon_core.shell:Creating package script '/home/aidan/GitHub/AidansRepo/TeensySwerve/install/tnsy_swrv_controller/share/tnsy_swrv_controller/package.ps1'
[3.033s] INFO:colcon.colcon_core.shell:Creating package descriptor '/home/aidan/GitHub/AidansRepo/TeensySwerve/install/tnsy_swrv_controller/share/tnsy_swrv_controller/package.dsv'
[3.034s] INFO:colcon.colcon_core.shell:Creating package script '/home/aidan/GitHub/AidansRepo/TeensySwerve/install/tnsy_swrv_controller/share/tnsy_swrv_controller/package.sh'
[3.035s] INFO:colcon.colcon_core.shell:Creating package script '/home/aidan/GitHub/AidansRepo/TeensySwerve/install/tnsy_swrv_controller/share/tnsy_swrv_controller/package.bash'
[3.036s] INFO:colcon.colcon_core.shell:Creating package script '/home/aidan/GitHub/AidansRepo/TeensySwerve/install/tnsy_swrv_controller/share/tnsy_swrv_controller/package.zsh'
[3.037s] Level 1:colcon.colcon_core.environment:create_file_with_runtime_dependencies(/home/aidan/GitHub/AidansRepo/TeensySwerve/install/tnsy_swrv_controller/share/colcon-core/packages/tnsy_swrv_controller)
[3.038s] DEBUG:colcon.colcon_parallel_executor.executor.parallel:closing loop
[3.038s] DEBUG:colcon.colcon_parallel_executor.executor.parallel:loop closed
[3.039s] DEBUG:colcon.colcon_parallel_executor.executor.parallel:run_until_complete finished with '0'
[3.039s] DEBUG:colcon.colcon_core.event_reactor:joining thread
[3.047s] INFO:colcon.colcon_core.plugin_system:Skipping extension 'colcon_notification.desktop_notification.terminal_notifier': Not used on non-Darwin systems
[3.048s] INFO:colcon.colcon_core.plugin_system:Skipping extension 'colcon_notification.desktop_notification.win32': Not used on non-Windows systems
[3.048s] INFO:colcon.colcon_notification.desktop_notification:Sending desktop notification using 'notify2'
[3.071s] DEBUG:colcon.colcon_core.event_reactor:joined thread
[3.072s] INFO:colcon.colcon_core.shell:Creating prefix script '/home/aidan/GitHub/AidansRepo/TeensySwerve/install/local_setup.ps1'
[3.074s] INFO:colcon.colcon_core.shell:Creating prefix util module '/home/aidan/GitHub/AidansRepo/TeensySwerve/install/_local_setup_util_ps1.py'
[3.079s] INFO:colcon.colcon_core.shell:Creating prefix chain script '/home/aidan/GitHub/AidansRepo/TeensySwerve/install/setup.ps1'
[3.083s] INFO:colcon.colcon_core.shell:Creating prefix script '/home/aidan/GitHub/AidansRepo/TeensySwerve/install/local_setup.sh'
[3.085s] INFO:colcon.colcon_core.shell:Creating prefix util module '/home/aidan/GitHub/AidansRepo/TeensySwerve/install/_local_setup_util_sh.py'
[3.086s] INFO:colcon.colcon_core.shell:Creating prefix chain script '/home/aidan/GitHub/AidansRepo/TeensySwerve/install/setup.sh'
[3.089s] INFO:colcon.colcon_core.shell:Creating prefix script '/home/aidan/GitHub/AidansRepo/TeensySwerve/install/local_setup.bash'
[3.090s] INFO:colcon.colcon_core.shell:Creating prefix chain script '/home/aidan/GitHub/AidansRepo/TeensySwerve/install/setup.bash'
[3.093s] INFO:colcon.colcon_core.shell:Creating prefix script '/home/aidan/GitHub/AidansRepo/TeensySwerve/install/local_setup.zsh'
[3.095s] INFO:colcon.colcon_core.shell:Creating prefix chain script '/home/aidan/GitHub/AidansRepo/TeensySwerve/install/setup.zsh'
