[0.067s] Invoking command in '/home/aidan/GitHub/AidansRepo/TeensySwerve/build/rosgraph_msgs': AMENT_PREFIX_PATH=/home/aidan/GitHub/AidansRepo/TeensySwerve/install/builtin_interfaces:${AMENT_PREFIX_PATH} CMAKE_PREFIX_PATH=/home/aidan/GitHub/AidansRepo/TeensySwerve/install/builtin_interfaces:/home/aidan/GitHub/AidansRepo/TeensySwerve/install/tnsy_interfaces:/home/aidan/microros_ws/install/micro_ros_setup:/home/aidan/microros_ws/install/micro_ros_agent:/home/aidan/microros_ws/install/micro_ros_msgs:/home/aidan/GitHub/AidansRepo/TeensySwerve/install/tnsy_swrv_controller:/opt/ros/humble LD_LIBRARY_PATH=/home/aidan/GitHub/AidansRepo/TeensySwerve/install/builtin_interfaces/lib:${LD_LIBRARY_PATH} PYTHONPATH=/home/aidan/GitHub/AidansRepo/TeensySwerve/install/builtin_interfaces/local/lib/python3.10/dist-packages:${PYTHONPATH} /usr/bin/cmake --build /home/aidan/GitHub/AidansRepo/TeensySwerve/build/rosgraph_msgs -- -j4 -l4
[0.366s] [  3%] Built target rosgraph_msgs__cpp
[0.526s] [  3%] Built target ament_cmake_python_copy_rosgraph_msgs
[0.668s] [ 12%] Built target rosgraph_msgs__rosidl_typesupport_fastrtps_cpp
[0.781s] [ 22%] Built target rosgraph_msgs__rosidl_typesupport_introspection_cpp
[2.652s] running egg_info
[2.652s] writing rosgraph_msgs.egg-info/PKG-INFO
[2.653s] writing dependency_links to rosgraph_msgs.egg-info/dependency_links.txt
[2.653s] writing top-level names to rosgraph_msgs.egg-info/top_level.txt
[2.667s] reading manifest file 'rosgraph_msgs.egg-info/SOURCES.txt'
[2.668s] writing manifest file 'rosgraph_msgs.egg-info/SOURCES.txt'
[2.849s] [ 22%] Built target ament_cmake_python_build_rosgraph_msgs_egg
[3.022s] [ 32%] Built target rosgraph_msgs__rosidl_typesupport_cpp
[3.129s] [ 41%] Built target rosgraph_msgs__rosidl_generator_c
[3.283s] [ 51%] Built target rosgraph_msgs__rosidl_typesupport_fastrtps_c
[3.417s] [ 61%] Built target rosgraph_msgs__rosidl_typesupport_c
[3.547s] [ 70%] Built target rosgraph_msgs__rosidl_typesupport_introspection_c
[3.673s] [ 70%] Built target rosgraph_msgs
[3.818s] [ 74%] Built target rosgraph_msgs__py
[3.964s] [ 80%] Built target rosgraph_msgs__rosidl_generator_py
[4.079s] [ 87%] Built target rosgraph_msgs__rosidl_typesupport_fastrtps_c__pyext
[4.385s] [ 93%] Built target rosgraph_msgs__rosidl_typesupport_c__pyext
[4.592s] [100%] Built target rosgraph_msgs__rosidl_typesupport_introspection_c__pyext
[4.592s] Invoked command in '/home/aidan/GitHub/AidansRepo/TeensySwerve/build/rosgraph_msgs' returned '0': AMENT_PREFIX_PATH=/home/aidan/GitHub/AidansRepo/TeensySwerve/install/builtin_interfaces:${AMENT_PREFIX_PATH} CMAKE_PREFIX_PATH=/home/aidan/GitHub/AidansRepo/TeensySwerve/install/builtin_interfaces:/home/aidan/GitHub/AidansRepo/TeensySwerve/install/tnsy_interfaces:/home/aidan/microros_ws/install/micro_ros_setup:/home/aidan/microros_ws/install/micro_ros_agent:/home/aidan/microros_ws/install/micro_ros_msgs:/home/aidan/GitHub/AidansRepo/TeensySwerve/install/tnsy_swrv_controller:/opt/ros/humble LD_LIBRARY_PATH=/home/aidan/GitHub/AidansRepo/TeensySwerve/install/builtin_interfaces/lib:${LD_LIBRARY_PATH} PYTHONPATH=/home/aidan/GitHub/AidansRepo/TeensySwerve/install/builtin_interfaces/local/lib/python3.10/dist-packages:${PYTHONPATH} /usr/bin/cmake --build /home/aidan/GitHub/AidansRepo/TeensySwerve/build/rosgraph_msgs -- -j4 -l4
[5.010s] Invoking command in '/home/aidan/GitHub/AidansRepo/TeensySwerve/build/rosgraph_msgs': AMENT_PREFIX_PATH=/home/aidan/GitHub/AidansRepo/TeensySwerve/install/builtin_interfaces:${AMENT_PREFIX_PATH} CMAKE_PREFIX_PATH=/home/aidan/GitHub/AidansRepo/TeensySwerve/install/builtin_interfaces:/home/aidan/GitHub/AidansRepo/TeensySwerve/install/tnsy_interfaces:/home/aidan/microros_ws/install/micro_ros_setup:/home/aidan/microros_ws/install/micro_ros_agent:/home/aidan/microros_ws/install/micro_ros_msgs:/home/aidan/GitHub/AidansRepo/TeensySwerve/install/tnsy_swrv_controller:/opt/ros/humble LD_LIBRARY_PATH=/home/aidan/GitHub/AidansRepo/TeensySwerve/install/builtin_interfaces/lib:${LD_LIBRARY_PATH} PYTHONPATH=/home/aidan/GitHub/AidansRepo/TeensySwerve/install/builtin_interfaces/local/lib/python3.10/dist-packages:${PYTHONPATH} /usr/bin/cmake --install /home/aidan/GitHub/AidansRepo/TeensySwerve/build/rosgraph_msgs
[5.051s] -- Install configuration: ""
[5.059s] -- Up-to-date: /home/aidan/GitHub/AidansRepo/TeensySwerve/install/rosgraph_msgs/share/ament_index/resource_index/rosidl_interfaces/rosgraph_msgs
[5.061s] -- Up-to-date: /home/aidan/GitHub/AidansRepo/TeensySwerve/install/rosgraph_msgs/include/rosgraph_msgs/rosgraph_msgs
[5.061s] -- Up-to-date: /home/aidan/GitHub/AidansRepo/TeensySwerve/install/rosgraph_msgs/include/rosgraph_msgs/rosgraph_msgs/msg
[5.061s] -- Up-to-date: /home/aidan/GitHub/AidansRepo/TeensySwerve/install/rosgraph_msgs/include/rosgraph_msgs/rosgraph_msgs/msg/clock.h
[5.061s] -- Up-to-date: /home/aidan/GitHub/AidansRepo/TeensySwerve/install/rosgraph_msgs/include/rosgraph_msgs/rosgraph_msgs/msg/rosidl_generator_c__visibility_control.h
[5.062s] -- Up-to-date: /home/aidan/GitHub/AidansRepo/TeensySwerve/install/rosgraph_msgs/include/rosgraph_msgs/rosgraph_msgs/msg/detail
[5.062s] -- Up-to-date: /home/aidan/GitHub/AidansRepo/TeensySwerve/install/rosgraph_msgs/include/rosgraph_msgs/rosgraph_msgs/msg/detail/clock__type_support.h
[5.062s] -- Up-to-date: /home/aidan/GitHub/AidansRepo/TeensySwerve/install/rosgraph_msgs/include/rosgraph_msgs/rosgraph_msgs/msg/detail/clock__functions.c
[5.062s] -- Up-to-date: /home/aidan/GitHub/AidansRepo/TeensySwerve/install/rosgraph_msgs/include/rosgraph_msgs/rosgraph_msgs/msg/detail/clock__struct.h
[5.073s] -- Up-to-date: /home/aidan/GitHub/AidansRepo/TeensySwerve/install/rosgraph_msgs/include/rosgraph_msgs/rosgraph_msgs/msg/detail/clock__functions.h
[5.074s] -- Up-to-date: /home/aidan/GitHub/AidansRepo/TeensySwerve/install/rosgraph_msgs/share/rosgraph_msgs/environment/library_path.sh
[5.074s] -- Up-to-date: /home/aidan/GitHub/AidansRepo/TeensySwerve/install/rosgraph_msgs/share/rosgraph_msgs/environment/library_path.dsv
[5.074s] -- Up-to-date: /home/aidan/GitHub/AidansRepo/TeensySwerve/install/rosgraph_msgs/lib/librosgraph_msgs__rosidl_generator_c.so
[5.075s] -- Up-to-date: /home/aidan/GitHub/AidansRepo/TeensySwerve/install/rosgraph_msgs/include/rosgraph_msgs/rosgraph_msgs
[5.075s] -- Up-to-date: /home/aidan/GitHub/AidansRepo/TeensySwerve/install/rosgraph_msgs/include/rosgraph_msgs/rosgraph_msgs/msg
[5.075s] -- Up-to-date: /home/aidan/GitHub/AidansRepo/TeensySwerve/install/rosgraph_msgs/include/rosgraph_msgs/rosgraph_msgs/msg/rosidl_typesupport_fastrtps_c__visibility_control.h
[5.086s] -- Up-to-date: /home/aidan/GitHub/AidansRepo/TeensySwerve/install/rosgraph_msgs/include/rosgraph_msgs/rosgraph_msgs/msg/detail
[5.087s] -- Up-to-date: /home/aidan/GitHub/AidansRepo/TeensySwerve/install/rosgraph_msgs/include/rosgraph_msgs/rosgraph_msgs/msg/detail/clock__rosidl_typesupport_fastrtps_c.h
[5.094s] -- Up-to-date: /home/aidan/GitHub/AidansRepo/TeensySwerve/install/rosgraph_msgs/lib/librosgraph_msgs__rosidl_typesupport_fastrtps_c.so
[5.099s] -- Up-to-date: /home/aidan/GitHub/AidansRepo/TeensySwerve/install/rosgraph_msgs/include/rosgraph_msgs/rosgraph_msgs
[5.100s] -- Up-to-date: /home/aidan/GitHub/AidansRepo/TeensySwerve/install/rosgraph_msgs/include/rosgraph_msgs/rosgraph_msgs/msg
[5.100s] -- Up-to-date: /home/aidan/GitHub/AidansRepo/TeensySwerve/install/rosgraph_msgs/include/rosgraph_msgs/rosgraph_msgs/msg/detail
[5.100s] -- Up-to-date: /home/aidan/GitHub/AidansRepo/TeensySwerve/install/rosgraph_msgs/include/rosgraph_msgs/rosgraph_msgs/msg/detail/clock__struct.hpp
[5.100s] -- Up-to-date: /home/aidan/GitHub/AidansRepo/TeensySwerve/install/rosgraph_msgs/include/rosgraph_msgs/rosgraph_msgs/msg/detail/clock__traits.hpp
[5.100s] -- Up-to-date: /home/aidan/GitHub/AidansRepo/TeensySwerve/install/rosgraph_msgs/include/rosgraph_msgs/rosgraph_msgs/msg/detail/clock__builder.hpp
[5.100s] -- Up-to-date: /home/aidan/GitHub/AidansRepo/TeensySwerve/install/rosgraph_msgs/include/rosgraph_msgs/rosgraph_msgs/msg/detail/clock__type_support.hpp
[5.101s] -- Up-to-date: /home/aidan/GitHub/AidansRepo/TeensySwerve/install/rosgraph_msgs/include/rosgraph_msgs/rosgraph_msgs/msg/clock.hpp
[5.101s] -- Up-to-date: /home/aidan/GitHub/AidansRepo/TeensySwerve/install/rosgraph_msgs/include/rosgraph_msgs/rosgraph_msgs/msg/rosidl_generator_cpp__visibility_control.hpp
[5.111s] -- Up-to-date: /home/aidan/GitHub/AidansRepo/TeensySwerve/install/rosgraph_msgs/include/rosgraph_msgs/rosgraph_msgs
[5.112s] -- Up-to-date: /home/aidan/GitHub/AidansRepo/TeensySwerve/install/rosgraph_msgs/include/rosgraph_msgs/rosgraph_msgs/msg
[5.115s] -- Up-to-date: /home/aidan/GitHub/AidansRepo/TeensySwerve/install/rosgraph_msgs/include/rosgraph_msgs/rosgraph_msgs/msg/rosidl_typesupport_fastrtps_cpp__visibility_control.h
[5.125s] -- Up-to-date: /home/aidan/GitHub/AidansRepo/TeensySwerve/install/rosgraph_msgs/include/rosgraph_msgs/rosgraph_msgs/msg/detail
[5.125s] -- Up-to-date: /home/aidan/GitHub/AidansRepo/TeensySwerve/install/rosgraph_msgs/include/rosgraph_msgs/rosgraph_msgs/msg/detail/dds_fastrtps
[5.126s] -- Up-to-date: /home/aidan/GitHub/AidansRepo/TeensySwerve/install/rosgraph_msgs/include/rosgraph_msgs/rosgraph_msgs/msg/detail/clock__rosidl_typesupport_fastrtps_cpp.hpp
[5.126s] -- Up-to-date: /home/aidan/GitHub/AidansRepo/TeensySwerve/install/rosgraph_msgs/lib/librosgraph_msgs__rosidl_typesupport_fastrtps_cpp.so
[5.126s] -- Up-to-date: /home/aidan/GitHub/AidansRepo/TeensySwerve/install/rosgraph_msgs/include/rosgraph_msgs/rosgraph_msgs
[5.126s] -- Up-to-date: /home/aidan/GitHub/AidansRepo/TeensySwerve/install/rosgraph_msgs/include/rosgraph_msgs/rosgraph_msgs/msg
[5.127s] -- Up-to-date: /home/aidan/GitHub/AidansRepo/TeensySwerve/install/rosgraph_msgs/include/rosgraph_msgs/rosgraph_msgs/msg/detail
[5.127s] -- Up-to-date: /home/aidan/GitHub/AidansRepo/TeensySwerve/install/rosgraph_msgs/include/rosgraph_msgs/rosgraph_msgs/msg/detail/clock__type_support.c
[5.135s] -- Up-to-date: /home/aidan/GitHub/AidansRepo/TeensySwerve/install/rosgraph_msgs/include/rosgraph_msgs/rosgraph_msgs/msg/detail/clock__rosidl_typesupport_introspection_c.h
[5.136s] -- Up-to-date: /home/aidan/GitHub/AidansRepo/TeensySwerve/install/rosgraph_msgs/include/rosgraph_msgs/rosgraph_msgs/msg/rosidl_typesupport_introspection_c__visibility_control.h
[5.136s] -- Up-to-date: /home/aidan/GitHub/AidansRepo/TeensySwerve/install/rosgraph_msgs/lib/librosgraph_msgs__rosidl_typesupport_introspection_c.so
[5.136s] -- Up-to-date: /home/aidan/GitHub/AidansRepo/TeensySwerve/install/rosgraph_msgs/lib/librosgraph_msgs__rosidl_typesupport_c.so
[5.137s] -- Up-to-date: /home/aidan/GitHub/AidansRepo/TeensySwerve/install/rosgraph_msgs/include/rosgraph_msgs/rosgraph_msgs
[5.148s] -- Up-to-date: /home/aidan/GitHub/AidansRepo/TeensySwerve/install/rosgraph_msgs/include/rosgraph_msgs/rosgraph_msgs/msg
[5.150s] -- Up-to-date: /home/aidan/GitHub/AidansRepo/TeensySwerve/install/rosgraph_msgs/include/rosgraph_msgs/rosgraph_msgs/msg/detail
[5.150s] -- Up-to-date: /home/aidan/GitHub/AidansRepo/TeensySwerve/install/rosgraph_msgs/include/rosgraph_msgs/rosgraph_msgs/msg/detail/clock__rosidl_typesupport_introspection_cpp.hpp
[5.151s] -- Up-to-date: /home/aidan/GitHub/AidansRepo/TeensySwerve/install/rosgraph_msgs/include/rosgraph_msgs/rosgraph_msgs/msg/detail/clock__type_support.cpp
[5.151s] -- Up-to-date: /home/aidan/GitHub/AidansRepo/TeensySwerve/install/rosgraph_msgs/lib/librosgraph_msgs__rosidl_typesupport_introspection_cpp.so
[5.151s] -- Up-to-date: /home/aidan/GitHub/AidansRepo/TeensySwerve/install/rosgraph_msgs/lib/librosgraph_msgs__rosidl_typesupport_cpp.so
[5.151s] -- Up-to-date: /home/aidan/GitHub/AidansRepo/TeensySwerve/install/rosgraph_msgs/share/rosgraph_msgs/environment/pythonpath.sh
[5.151s] -- Up-to-date: /home/aidan/GitHub/AidansRepo/TeensySwerve/install/rosgraph_msgs/share/rosgraph_msgs/environment/pythonpath.dsv
[5.160s] -- Up-to-date: /home/aidan/GitHub/AidansRepo/TeensySwerve/install/rosgraph_msgs/local/lib/python3.10/dist-packages/rosgraph_msgs-1.2.1-py3.10.egg-info
[5.160s] -- Installing: /home/aidan/GitHub/AidansRepo/TeensySwerve/install/rosgraph_msgs/local/lib/python3.10/dist-packages/rosgraph_msgs-1.2.1-py3.10.egg-info/PKG-INFO
[5.160s] -- Installing: /home/aidan/GitHub/AidansRepo/TeensySwerve/install/rosgraph_msgs/local/lib/python3.10/dist-packages/rosgraph_msgs-1.2.1-py3.10.egg-info/SOURCES.txt
[5.160s] -- Installing: /home/aidan/GitHub/AidansRepo/TeensySwerve/install/rosgraph_msgs/local/lib/python3.10/dist-packages/rosgraph_msgs-1.2.1-py3.10.egg-info/dependency_links.txt
[5.161s] -- Installing: /home/aidan/GitHub/AidansRepo/TeensySwerve/install/rosgraph_msgs/local/lib/python3.10/dist-packages/rosgraph_msgs-1.2.1-py3.10.egg-info/top_level.txt
[5.164s] -- Up-to-date: /home/aidan/GitHub/AidansRepo/TeensySwerve/install/rosgraph_msgs/local/lib/python3.10/dist-packages/rosgraph_msgs
[5.165s] -- Up-to-date: /home/aidan/GitHub/AidansRepo/TeensySwerve/install/rosgraph_msgs/local/lib/python3.10/dist-packages/rosgraph_msgs/librosgraph_msgs__rosidl_generator_py.so
[5.165s] -- Up-to-date: /home/aidan/GitHub/AidansRepo/TeensySwerve/install/rosgraph_msgs/local/lib/python3.10/dist-packages/rosgraph_msgs/_rosgraph_msgs_s.ep.rosidl_typesupport_introspection_c.c
[5.170s] -- Up-to-date: /home/aidan/GitHub/AidansRepo/TeensySwerve/install/rosgraph_msgs/local/lib/python3.10/dist-packages/rosgraph_msgs/_rosgraph_msgs_s.ep.rosidl_typesupport_c.c
[5.179s] -- Up-to-date: /home/aidan/GitHub/AidansRepo/TeensySwerve/install/rosgraph_msgs/local/lib/python3.10/dist-packages/rosgraph_msgs/__init__.py
[5.182s] -- Up-to-date: /home/aidan/GitHub/AidansRepo/TeensySwerve/install/rosgraph_msgs/local/lib/python3.10/dist-packages/rosgraph_msgs/msg
[5.183s] -- Up-to-date: /home/aidan/GitHub/AidansRepo/TeensySwerve/install/rosgraph_msgs/local/lib/python3.10/dist-packages/rosgraph_msgs/msg/_clock_s.c
[5.188s] -- Up-to-date: /home/aidan/GitHub/AidansRepo/TeensySwerve/install/rosgraph_msgs/local/lib/python3.10/dist-packages/rosgraph_msgs/msg/__init__.py
[5.189s] -- Up-to-date: /home/aidan/GitHub/AidansRepo/TeensySwerve/install/rosgraph_msgs/local/lib/python3.10/dist-packages/rosgraph_msgs/msg/_clock.py
[5.191s] -- Up-to-date: /home/aidan/GitHub/AidansRepo/TeensySwerve/install/rosgraph_msgs/local/lib/python3.10/dist-packages/rosgraph_msgs/rosgraph_msgs_s__rosidl_typesupport_c.cpython-310-x86_64-linux-gnu.so
[5.192s] -- Up-to-date: /home/aidan/GitHub/AidansRepo/TeensySwerve/install/rosgraph_msgs/local/lib/python3.10/dist-packages/rosgraph_msgs/rosgraph_msgs_s__rosidl_typesupport_fastrtps_c.cpython-310-x86_64-linux-gnu.so
[5.195s] -- Up-to-date: /home/aidan/GitHub/AidansRepo/TeensySwerve/install/rosgraph_msgs/local/lib/python3.10/dist-packages/rosgraph_msgs/rosgraph_msgs_s__rosidl_typesupport_introspection_c.cpython-310-x86_64-linux-gnu.so
[5.196s] -- Up-to-date: /home/aidan/GitHub/AidansRepo/TeensySwerve/install/rosgraph_msgs/local/lib/python3.10/dist-packages/rosgraph_msgs/_rosgraph_msgs_s.ep.rosidl_typesupport_fastrtps_c.c
[5.422s] Listing '/home/aidan/GitHub/AidansRepo/TeensySwerve/install/rosgraph_msgs/local/lib/python3.10/dist-packages/rosgraph_msgs'...
[5.423s] Listing '/home/aidan/GitHub/AidansRepo/TeensySwerve/install/rosgraph_msgs/local/lib/python3.10/dist-packages/rosgraph_msgs/msg'...
[5.468s] -- Up-to-date: /home/aidan/GitHub/AidansRepo/TeensySwerve/install/rosgraph_msgs/local/lib/python3.10/dist-packages/rosgraph_msgs/rosgraph_msgs_s__rosidl_typesupport_fastrtps_c.cpython-310-x86_64-linux-gnu.so
[5.468s] -- Up-to-date: /home/aidan/GitHub/AidansRepo/TeensySwerve/install/rosgraph_msgs/local/lib/python3.10/dist-packages/rosgraph_msgs/rosgraph_msgs_s__rosidl_typesupport_introspection_c.cpython-310-x86_64-linux-gnu.so
[5.479s] -- Up-to-date: /home/aidan/GitHub/AidansRepo/TeensySwerve/install/rosgraph_msgs/local/lib/python3.10/dist-packages/rosgraph_msgs/rosgraph_msgs_s__rosidl_typesupport_c.cpython-310-x86_64-linux-gnu.so
[5.479s] -- Up-to-date: /home/aidan/GitHub/AidansRepo/TeensySwerve/install/rosgraph_msgs/lib/librosgraph_msgs__rosidl_generator_py.so
[5.479s] -- Up-to-date: /home/aidan/GitHub/AidansRepo/TeensySwerve/install/rosgraph_msgs/share/rosgraph_msgs/msg/Clock.idl
[5.479s] -- Up-to-date: /home/aidan/GitHub/AidansRepo/TeensySwerve/install/rosgraph_msgs/share/rosgraph_msgs/msg/Clock.msg
[5.480s] -- Up-to-date: /home/aidan/GitHub/AidansRepo/TeensySwerve/install/rosgraph_msgs/share/ament_index/resource_index/package_run_dependencies/rosgraph_msgs
[5.480s] -- Up-to-date: /home/aidan/GitHub/AidansRepo/TeensySwerve/install/rosgraph_msgs/share/ament_index/resource_index/parent_prefix_path/rosgraph_msgs
[5.480s] -- Up-to-date: /home/aidan/GitHub/AidansRepo/TeensySwerve/install/rosgraph_msgs/share/rosgraph_msgs/environment/ament_prefix_path.sh
[5.480s] -- Up-to-date: /home/aidan/GitHub/AidansRepo/TeensySwerve/install/rosgraph_msgs/share/rosgraph_msgs/environment/ament_prefix_path.dsv
[5.483s] -- Up-to-date: /home/aidan/GitHub/AidansRepo/TeensySwerve/install/rosgraph_msgs/share/rosgraph_msgs/environment/path.sh
[5.483s] -- Up-to-date: /home/aidan/GitHub/AidansRepo/TeensySwerve/install/rosgraph_msgs/share/rosgraph_msgs/environment/path.dsv
[5.483s] -- Up-to-date: /home/aidan/GitHub/AidansRepo/TeensySwerve/install/rosgraph_msgs/share/rosgraph_msgs/local_setup.bash
[5.483s] -- Up-to-date: /home/aidan/GitHub/AidansRepo/TeensySwerve/install/rosgraph_msgs/share/rosgraph_msgs/local_setup.sh
[5.487s] -- Up-to-date: /home/aidan/GitHub/AidansRepo/TeensySwerve/install/rosgraph_msgs/share/rosgraph_msgs/local_setup.zsh
[5.487s] -- Up-to-date: /home/aidan/GitHub/AidansRepo/TeensySwerve/install/rosgraph_msgs/share/rosgraph_msgs/local_setup.dsv
[5.487s] -- Installing: /home/aidan/GitHub/AidansRepo/TeensySwerve/install/rosgraph_msgs/share/rosgraph_msgs/package.dsv
[5.488s] -- Up-to-date: /home/aidan/GitHub/AidansRepo/TeensySwerve/install/rosgraph_msgs/share/ament_index/resource_index/packages/rosgraph_msgs
[5.493s] -- Up-to-date: /home/aidan/GitHub/AidansRepo/TeensySwerve/install/rosgraph_msgs/share/rosgraph_msgs/cmake/export_rosgraph_msgs__rosidl_generator_cExport.cmake
[5.502s] -- Up-to-date: /home/aidan/GitHub/AidansRepo/TeensySwerve/install/rosgraph_msgs/share/rosgraph_msgs/cmake/export_rosgraph_msgs__rosidl_generator_cExport-noconfig.cmake
[5.502s] -- Up-to-date: /home/aidan/GitHub/AidansRepo/TeensySwerve/install/rosgraph_msgs/share/rosgraph_msgs/cmake/export_rosgraph_msgs__rosidl_typesupport_fastrtps_cExport.cmake
[5.505s] -- Up-to-date: /home/aidan/GitHub/AidansRepo/TeensySwerve/install/rosgraph_msgs/share/rosgraph_msgs/cmake/export_rosgraph_msgs__rosidl_typesupport_fastrtps_cExport-noconfig.cmake
[5.506s] -- Up-to-date: /home/aidan/GitHub/AidansRepo/TeensySwerve/install/rosgraph_msgs/share/rosgraph_msgs/cmake/export_rosgraph_msgs__rosidl_generator_cppExport.cmake
[5.506s] -- Up-to-date: /home/aidan/GitHub/AidansRepo/TeensySwerve/install/rosgraph_msgs/share/rosgraph_msgs/cmake/export_rosgraph_msgs__rosidl_typesupport_fastrtps_cppExport.cmake
[5.510s] -- Up-to-date: /home/aidan/GitHub/AidansRepo/TeensySwerve/install/rosgraph_msgs/share/rosgraph_msgs/cmake/export_rosgraph_msgs__rosidl_typesupport_fastrtps_cppExport-noconfig.cmake
[5.514s] -- Up-to-date: /home/aidan/GitHub/AidansRepo/TeensySwerve/install/rosgraph_msgs/share/rosgraph_msgs/cmake/rosgraph_msgs__rosidl_typesupport_introspection_cExport.cmake
[5.514s] -- Up-to-date: /home/aidan/GitHub/AidansRepo/TeensySwerve/install/rosgraph_msgs/share/rosgraph_msgs/cmake/rosgraph_msgs__rosidl_typesupport_introspection_cExport-noconfig.cmake
[5.514s] -- Up-to-date: /home/aidan/GitHub/AidansRepo/TeensySwerve/install/rosgraph_msgs/share/rosgraph_msgs/cmake/rosgraph_msgs__rosidl_typesupport_cExport.cmake
[5.515s] -- Up-to-date: /home/aidan/GitHub/AidansRepo/TeensySwerve/install/rosgraph_msgs/share/rosgraph_msgs/cmake/rosgraph_msgs__rosidl_typesupport_cExport-noconfig.cmake
[5.515s] -- Up-to-date: /home/aidan/GitHub/AidansRepo/TeensySwerve/install/rosgraph_msgs/share/rosgraph_msgs/cmake/rosgraph_msgs__rosidl_typesupport_introspection_cppExport.cmake
[5.515s] -- Up-to-date: /home/aidan/GitHub/AidansRepo/TeensySwerve/install/rosgraph_msgs/share/rosgraph_msgs/cmake/rosgraph_msgs__rosidl_typesupport_introspection_cppExport-noconfig.cmake
[5.516s] -- Up-to-date: /home/aidan/GitHub/AidansRepo/TeensySwerve/install/rosgraph_msgs/share/rosgraph_msgs/cmake/rosgraph_msgs__rosidl_typesupport_cppExport.cmake
[5.523s] -- Up-to-date: /home/aidan/GitHub/AidansRepo/TeensySwerve/install/rosgraph_msgs/share/rosgraph_msgs/cmake/rosgraph_msgs__rosidl_typesupport_cppExport-noconfig.cmake
[5.524s] -- Up-to-date: /home/aidan/GitHub/AidansRepo/TeensySwerve/install/rosgraph_msgs/share/rosgraph_msgs/cmake/export_rosgraph_msgs__rosidl_generator_pyExport.cmake
[5.524s] -- Up-to-date: /home/aidan/GitHub/AidansRepo/TeensySwerve/install/rosgraph_msgs/share/rosgraph_msgs/cmake/export_rosgraph_msgs__rosidl_generator_pyExport-noconfig.cmake
[5.524s] -- Up-to-date: /home/aidan/GitHub/AidansRepo/TeensySwerve/install/rosgraph_msgs/share/rosgraph_msgs/cmake/rosidl_cmake-extras.cmake
[5.524s] -- Up-to-date: /home/aidan/GitHub/AidansRepo/TeensySwerve/install/rosgraph_msgs/share/rosgraph_msgs/cmake/ament_cmake_export_dependencies-extras.cmake
[5.525s] -- Up-to-date: /home/aidan/GitHub/AidansRepo/TeensySwerve/install/rosgraph_msgs/share/rosgraph_msgs/cmake/ament_cmake_export_include_directories-extras.cmake
[5.535s] -- Up-to-date: /home/aidan/GitHub/AidansRepo/TeensySwerve/install/rosgraph_msgs/share/rosgraph_msgs/cmake/ament_cmake_export_libraries-extras.cmake
[5.535s] -- Up-to-date: /home/aidan/GitHub/AidansRepo/TeensySwerve/install/rosgraph_msgs/share/rosgraph_msgs/cmake/ament_cmake_export_targets-extras.cmake
[5.535s] -- Up-to-date: /home/aidan/GitHub/AidansRepo/TeensySwerve/install/rosgraph_msgs/share/rosgraph_msgs/cmake/rosidl_cmake_export_typesupport_targets-extras.cmake
[5.535s] -- Up-to-date: /home/aidan/GitHub/AidansRepo/TeensySwerve/install/rosgraph_msgs/share/rosgraph_msgs/cmake/rosidl_cmake_export_typesupport_libraries-extras.cmake
[5.536s] -- Up-to-date: /home/aidan/GitHub/AidansRepo/TeensySwerve/install/rosgraph_msgs/share/rosgraph_msgs/cmake/rosgraph_msgsConfig.cmake
[5.540s] -- Up-to-date: /home/aidan/GitHub/AidansRepo/TeensySwerve/install/rosgraph_msgs/share/rosgraph_msgs/cmake/rosgraph_msgsConfig-version.cmake
[5.541s] -- Up-to-date: /home/aidan/GitHub/AidansRepo/TeensySwerve/install/rosgraph_msgs/share/rosgraph_msgs/package.xml
[5.541s] Invoked command in '/home/aidan/GitHub/AidansRepo/TeensySwerve/build/rosgraph_msgs' returned '0': AMENT_PREFIX_PATH=/home/aidan/GitHub/AidansRepo/TeensySwerve/install/builtin_interfaces:${AMENT_PREFIX_PATH} CMAKE_PREFIX_PATH=/home/aidan/GitHub/AidansRepo/TeensySwerve/install/builtin_interfaces:/home/aidan/GitHub/AidansRepo/TeensySwerve/install/tnsy_interfaces:/home/aidan/microros_ws/install/micro_ros_setup:/home/aidan/microros_ws/install/micro_ros_agent:/home/aidan/microros_ws/install/micro_ros_msgs:/home/aidan/GitHub/AidansRepo/TeensySwerve/install/tnsy_swrv_controller:/opt/ros/humble LD_LIBRARY_PATH=/home/aidan/GitHub/AidansRepo/TeensySwerve/install/builtin_interfaces/lib:${LD_LIBRARY_PATH} PYTHONPATH=/home/aidan/GitHub/AidansRepo/TeensySwerve/install/builtin_interfaces/local/lib/python3.10/dist-packages:${PYTHONPATH} /usr/bin/cmake --install /home/aidan/GitHub/AidansRepo/TeensySwerve/build/rosgraph_msgs
