[1.617s] Invoking command in '/home/aidan/Documents/GitHub/AidansRepo/TeensySwerve/src/tnsy_swrv_controller': AMENT_PREFIX_PATH=/home/aidan/Documents/GitHub/AidansRepo/TeensySwerve/install/tnsy_interfaces:${AMENT_PREFIX_PATH} CMAKE_PREFIX_PATH=/home/aidan/Documents/GitHub/AidansRepo/TeensySwerve/install/tnsy_interfaces:${CMAKE_PREFIX_PATH} LD_LIBRARY_PATH=/home/aidan/Documents/GitHub/AidansRepo/TeensySwerve/install/tnsy_interfaces/lib:${LD_LIBRARY_PATH} PYTHONPATH=/home/aidan/Documents/GitHub/AidansRepo/TeensySwerve/build/tnsy_swrv_controller/prefix_override:/home/aidan/Documents/GitHub/AidansRepo/TeensySwerve/install/tnsy_swrv_controller/lib/python3.10/site-packages:/home/aidan/Documents/GitHub/AidansRepo/TeensySwerve/install/tnsy_interfaces/local/lib/python3.10/dist-packages:${PYTHONPATH} /usr/bin/python3 -W ignore:setup.py install is deprecated setup.py egg_info --egg-base ../../build/tnsy_swrv_controller build --build-base /home/aidan/Documents/GitHub/AidansRepo/TeensySwerve/build/tnsy_swrv_controller/build install --record /home/aidan/Documents/GitHub/AidansRepo/TeensySwerve/build/tnsy_swrv_controller/install.log --single-version-externally-managed install_data
[2.237s] running egg_info
[2.238s] writing ../../build/tnsy_swrv_controller/tnsy_swrv_controller.egg-info/PKG-INFO
[2.238s] writing dependency_links to ../../build/tnsy_swrv_controller/tnsy_swrv_controller.egg-info/dependency_links.txt
[2.239s] writing entry points to ../../build/tnsy_swrv_controller/tnsy_swrv_controller.egg-info/entry_points.txt
[2.239s] writing requirements to ../../build/tnsy_swrv_controller/tnsy_swrv_controller.egg-info/requires.txt
[2.239s] writing top-level names to ../../build/tnsy_swrv_controller/tnsy_swrv_controller.egg-info/top_level.txt
[2.242s] reading manifest file '../../build/tnsy_swrv_controller/tnsy_swrv_controller.egg-info/SOURCES.txt'
[2.244s] writing manifest file '../../build/tnsy_swrv_controller/tnsy_swrv_controller.egg-info/SOURCES.txt'
[2.245s] running build
[2.245s] running build_py
[2.246s] running install
[2.248s] running install_lib
[2.254s] running install_data
[2.254s] running install_egg_info
[2.257s] removing '/home/aidan/Documents/GitHub/AidansRepo/TeensySwerve/install/tnsy_swrv_controller/lib/python3.10/site-packages/tnsy_swrv_controller-0.0.0-py3.10.egg-info' (and everything under it)
[2.258s] Copying ../../build/tnsy_swrv_controller/tnsy_swrv_controller.egg-info to /home/aidan/Documents/GitHub/AidansRepo/TeensySwerve/install/tnsy_swrv_controller/lib/python3.10/site-packages/tnsy_swrv_controller-0.0.0-py3.10.egg-info
[2.260s] running install_scripts
[2.309s] Installing joy_translator script to /home/aidan/Documents/GitHub/AidansRepo/TeensySwerve/install/tnsy_swrv_controller/lib/tnsy_swrv_controller
[2.310s] Installing pub script to /home/aidan/Documents/GitHub/AidansRepo/TeensySwerve/install/tnsy_swrv_controller/lib/tnsy_swrv_controller
[2.310s] Installing sub script to /home/aidan/Documents/GitHub/AidansRepo/TeensySwerve/install/tnsy_swrv_controller/lib/tnsy_swrv_controller
[2.310s] Installing test_node script to /home/aidan/Documents/GitHub/AidansRepo/TeensySwerve/install/tnsy_swrv_controller/lib/tnsy_swrv_controller
[2.311s] writing list of installed files to '/home/aidan/Documents/GitHub/AidansRepo/TeensySwerve/build/tnsy_swrv_controller/install.log'
[2.375s] Invoked command in '/home/aidan/Documents/GitHub/AidansRepo/TeensySwerve/src/tnsy_swrv_controller' returned '0': AMENT_PREFIX_PATH=/home/aidan/Documents/GitHub/AidansRepo/TeensySwerve/install/tnsy_interfaces:${AMENT_PREFIX_PATH} CMAKE_PREFIX_PATH=/home/aidan/Documents/GitHub/AidansRepo/TeensySwerve/install/tnsy_interfaces:${CMAKE_PREFIX_PATH} LD_LIBRARY_PATH=/home/aidan/Documents/GitHub/AidansRepo/TeensySwerve/install/tnsy_interfaces/lib:${LD_LIBRARY_PATH} PYTHONPATH=/home/aidan/Documents/GitHub/AidansRepo/TeensySwerve/build/tnsy_swrv_controller/prefix_override:/home/aidan/Documents/GitHub/AidansRepo/TeensySwerve/install/tnsy_swrv_controller/lib/python3.10/site-packages:/home/aidan/Documents/GitHub/AidansRepo/TeensySwerve/install/tnsy_interfaces/local/lib/python3.10/dist-packages:${PYTHONPATH} /usr/bin/python3 -W ignore:setup.py install is deprecated setup.py egg_info --egg-base ../../build/tnsy_swrv_controller build --build-base /home/aidan/Documents/GitHub/AidansRepo/TeensySwerve/build/tnsy_swrv_controller/build install --record /home/aidan/Documents/GitHub/AidansRepo/TeensySwerve/build/tnsy_swrv_controller/install.log --single-version-externally-managed install_data
