[0.478s] DEBUG:colcon:Command line arguments: ['/home/aidan/.local/bin/colcon', 'build', '--symlink-install']
[0.478s] DEBUG:colcon:Parsed command line arguments: Namespace(log_base=None, log_level=None, verb_name='build', build_base='build', install_base='install', merge_install=False, symlink_install=True, test_result_base=None, continue_on_error=False, executor='parallel', parallel_workers=4, event_handlers=None, ignore_user_meta=False, metas=['./colcon.meta'], base_paths=['.'], packages_ignore=None, packages_ignore_regex=None, paths=None, packages_up_to=None, packages_up_to_regex=None, packages_above=None, packages_above_and_dependencies=None, packages_above_depth=None, packages_select_by_dep=None, packages_skip_by_dep=None, packages_skip_up_to=None, packages_select_build_failed=False, packages_skip_build_finished=False, packages_select_test_failures=False, packages_skip_test_passed=False, packages_select=None, packages_skip=None, packages_select_regex=None, packages_skip_regex=None, packages_start=None, packages_end=None, allow_overriding=[], cmake_args=None, cmake_target=None, cmake_target_skip_unavailable=False, cmake_clean_cache=False, cmake_clean_first=False, cmake_force_configure=False, ament_cmake_args=None, catkin_cmake_args=None, catkin_skip_building_tests=False, verb_parser=<colcon_defaults.argument_parser.defaults.DefaultArgumentsDecorator object at 0x7cd4a20eaf50>, verb_extension=<colcon_core.verb.build.BuildVerb object at 0x7cd4a206ac80>, main=<bound method BuildVerb.main of <colcon_core.verb.build.BuildVerb object at 0x7cd4a206ac80>>)
[1.071s] Level 1:colcon.colcon_core.package_discovery:discover_packages(colcon_meta) check parameters
[1.072s] Level 1:colcon.colcon_core.package_discovery:discover_packages(recursive) check parameters
[1.072s] Level 1:colcon.colcon_core.package_discovery:discover_packages(ignore) check parameters
[1.072s] Level 1:colcon.colcon_core.package_discovery:discover_packages(path) check parameters
[1.072s] Level 1:colcon.colcon_core.package_discovery:discover_packages(colcon_meta) discover
[1.072s] Level 1:colcon.colcon_core.package_discovery:discover_packages(recursive) discover
[1.072s] INFO:colcon.colcon_core.package_discovery:Crawling recursively for packages in '/home/aidan/GitHub/AidansRepo/TeensySwerve'
[1.073s] Level 1:colcon.colcon_core.package_identification:_identify(.) by extensions ['ignore', 'ignore_ament_install']
[1.073s] Level 1:colcon.colcon_core.package_identification:_identify(.) by extension 'ignore'
[1.073s] Level 1:colcon.colcon_core.package_identification:_identify(.) by extension 'ignore_ament_install'
[1.073s] Level 1:colcon.colcon_core.package_identification:_identify(.) by extensions ['colcon_pkg']
[1.074s] Level 1:colcon.colcon_core.package_identification:_identify(.) by extension 'colcon_pkg'
[1.074s] Level 1:colcon.colcon_core.package_identification:_identify(.) by extensions ['colcon_meta']
[1.074s] Level 1:colcon.colcon_core.package_identification:_identify(.) by extension 'colcon_meta'
[1.074s] Level 1:colcon.colcon_core.package_identification:_identify(.) by extensions ['ros']
[1.074s] Level 1:colcon.colcon_core.package_identification:_identify(.) by extension 'ros'
[1.108s] Level 1:colcon.colcon_core.package_identification:_identify(.) by extensions ['cmake', 'python']
[1.108s] Level 1:colcon.colcon_core.package_identification:_identify(.) by extension 'cmake'
[1.109s] Level 1:colcon.colcon_core.package_identification:_identify(.) by extension 'python'
[1.109s] Level 1:colcon.colcon_core.package_identification:_identify(.) by extensions ['python_setup_py']
[1.109s] Level 1:colcon.colcon_core.package_identification:_identify(.) by extension 'python_setup_py'
[1.109s] Level 1:colcon.colcon_core.package_identification:_identify(build) by extensions ['ignore', 'ignore_ament_install']
[1.110s] Level 1:colcon.colcon_core.package_identification:_identify(build) by extension 'ignore'
[1.110s] Level 1:colcon.colcon_core.package_identification:_identify(build) ignored
[1.110s] Level 1:colcon.colcon_core.package_identification:_identify(install) by extensions ['ignore', 'ignore_ament_install']
[1.110s] Level 1:colcon.colcon_core.package_identification:_identify(install) by extension 'ignore'
[1.110s] Level 1:colcon.colcon_core.package_identification:_identify(install) ignored
[1.111s] Level 1:colcon.colcon_core.package_identification:_identify(log) by extensions ['ignore', 'ignore_ament_install']
[1.111s] Level 1:colcon.colcon_core.package_identification:_identify(log) by extension 'ignore'
[1.111s] Level 1:colcon.colcon_core.package_identification:_identify(log) ignored
[1.111s] Level 1:colcon.colcon_core.package_identification:_identify(src) by extensions ['ignore', 'ignore_ament_install']
[1.112s] Level 1:colcon.colcon_core.package_identification:_identify(src) by extension 'ignore'
[1.112s] Level 1:colcon.colcon_core.package_identification:_identify(src) by extension 'ignore_ament_install'
[1.112s] Level 1:colcon.colcon_core.package_identification:_identify(src) by extensions ['colcon_pkg']
[1.112s] Level 1:colcon.colcon_core.package_identification:_identify(src) by extension 'colcon_pkg'
[1.112s] Level 1:colcon.colcon_core.package_identification:_identify(src) by extensions ['colcon_meta']
[1.112s] Level 1:colcon.colcon_core.package_identification:_identify(src) by extension 'colcon_meta'
[1.112s] Level 1:colcon.colcon_core.package_identification:_identify(src) by extensions ['ros']
[1.112s] Level 1:colcon.colcon_core.package_identification:_identify(src) by extension 'ros'
[1.113s] Level 1:colcon.colcon_core.package_identification:_identify(src) by extensions ['cmake', 'python']
[1.113s] Level 1:colcon.colcon_core.package_identification:_identify(src) by extension 'cmake'
[1.113s] Level 1:colcon.colcon_core.package_identification:_identify(src) by extension 'python'
[1.113s] Level 1:colcon.colcon_core.package_identification:_identify(src) by extensions ['python_setup_py']
[1.113s] Level 1:colcon.colcon_core.package_identification:_identify(src) by extension 'python_setup_py'
[1.113s] Level 1:colcon.colcon_core.package_identification:_identify(src/tnsy_swrv_controller) by extensions ['ignore', 'ignore_ament_install']
[1.114s] Level 1:colcon.colcon_core.package_identification:_identify(src/tnsy_swrv_controller) by extension 'ignore'
[1.114s] Level 1:colcon.colcon_core.package_identification:_identify(src/tnsy_swrv_controller) by extension 'ignore_ament_install'
[1.114s] Level 1:colcon.colcon_core.package_identification:_identify(src/tnsy_swrv_controller) by extensions ['colcon_pkg']
[1.114s] Level 1:colcon.colcon_core.package_identification:_identify(src/tnsy_swrv_controller) by extension 'colcon_pkg'
[1.114s] Level 1:colcon.colcon_core.package_identification:_identify(src/tnsy_swrv_controller) by extensions ['colcon_meta']
[1.114s] Level 1:colcon.colcon_core.package_identification:_identify(src/tnsy_swrv_controller) by extension 'colcon_meta'
[1.114s] Level 1:colcon.colcon_core.package_identification:_identify(src/tnsy_swrv_controller) by extensions ['ros']
[1.114s] Level 1:colcon.colcon_core.package_identification:_identify(src/tnsy_swrv_controller) by extension 'ros'
[1.132s] DEBUG:colcon.colcon_core.package_identification:Package 'src/tnsy_swrv_controller' with type 'ros.ament_python' and name 'tnsy_swrv_controller'
[1.132s] Level 1:colcon.colcon_core.package_discovery:discover_packages(recursive) using defaults
[1.135s] Level 1:colcon.colcon_core.package_discovery:discover_packages(ignore) discover
[1.135s] Level 1:colcon.colcon_core.package_discovery:discover_packages(ignore) using defaults
[1.135s] Level 1:colcon.colcon_core.package_discovery:discover_packages(path) discover
[1.135s] Level 1:colcon.colcon_core.package_discovery:discover_packages(path) using defaults
[1.197s] Level 1:colcon.colcon_core.package_discovery:discover_packages(prefix_path) check parameters
[1.197s] Level 1:colcon.colcon_core.package_discovery:discover_packages(prefix_path) discover
[1.215s] DEBUG:colcon.colcon_installed_package_information.package_discovery:Found 1 installed packages in /home/aidan/GitHub/AidansRepo/TeensySwerve/install
[1.220s] DEBUG:colcon.colcon_installed_package_information.package_discovery:Found 313 installed packages in /opt/ros/humble
[1.234s] Level 1:colcon.colcon_core.package_discovery:discover_packages(prefix_path) using defaults
[1.393s] Level 5:colcon.colcon_core.verb:set package 'tnsy_swrv_controller' build argument 'cmake_args' from command line to 'None'
[1.393s] Level 5:colcon.colcon_core.verb:set package 'tnsy_swrv_controller' build argument 'cmake_target' from command line to 'None'
[1.393s] Level 5:colcon.colcon_core.verb:set package 'tnsy_swrv_controller' build argument 'cmake_target_skip_unavailable' from command line to 'False'
[1.393s] Level 5:colcon.colcon_core.verb:set package 'tnsy_swrv_controller' build argument 'cmake_clean_cache' from command line to 'False'
[1.393s] Level 5:colcon.colcon_core.verb:set package 'tnsy_swrv_controller' build argument 'cmake_clean_first' from command line to 'False'
[1.394s] Level 5:colcon.colcon_core.verb:set package 'tnsy_swrv_controller' build argument 'cmake_force_configure' from command line to 'False'
[1.394s] Level 5:colcon.colcon_core.verb:set package 'tnsy_swrv_controller' build argument 'ament_cmake_args' from command line to 'None'
[1.394s] Level 5:colcon.colcon_core.verb:set package 'tnsy_swrv_controller' build argument 'catkin_cmake_args' from command line to 'None'
[1.394s] Level 5:colcon.colcon_core.verb:set package 'tnsy_swrv_controller' build argument 'catkin_skip_building_tests' from command line to 'False'
[1.394s] DEBUG:colcon.colcon_core.verb:Building package 'tnsy_swrv_controller' with the following arguments: {'ament_cmake_args': None, 'build_base': '/home/aidan/GitHub/AidansRepo/TeensySwerve/build/tnsy_swrv_controller', 'catkin_cmake_args': None, 'catkin_skip_building_tests': False, 'cmake_args': None, 'cmake_clean_cache': False, 'cmake_clean_first': False, 'cmake_force_configure': False, 'cmake_target': None, 'cmake_target_skip_unavailable': False, 'install_base': '/home/aidan/GitHub/AidansRepo/TeensySwerve/install/tnsy_swrv_controller', 'merge_install': False, 'path': '/home/aidan/GitHub/AidansRepo/TeensySwerve/src/tnsy_swrv_controller', 'symlink_install': True, 'test_result_base': None}
[1.394s] INFO:colcon.colcon_core.executor:Executing jobs using 'parallel' executor
[1.397s] DEBUG:colcon.colcon_parallel_executor.executor.parallel:run_until_complete
[1.398s] INFO:colcon.colcon_ros.task.ament_python.build:Building ROS package in '/home/aidan/GitHub/AidansRepo/TeensySwerve/src/tnsy_swrv_controller' with build type 'ament_python'
[1.398s] Level 1:colcon.colcon_core.shell:create_environment_hook('tnsy_swrv_controller', 'ament_prefix_path')
[1.420s] INFO:colcon.colcon_core.plugin_system:Skipping extension 'colcon_core.shell.bat': Not used on non-Windows systems
[1.421s] INFO:colcon.colcon_core.shell:Creating environment hook '/home/aidan/GitHub/AidansRepo/TeensySwerve/install/tnsy_swrv_controller/share/tnsy_swrv_controller/hook/ament_prefix_path.ps1'
[1.425s] INFO:colcon.colcon_core.shell:Creating environment descriptor '/home/aidan/GitHub/AidansRepo/TeensySwerve/install/tnsy_swrv_controller/share/tnsy_swrv_controller/hook/ament_prefix_path.dsv'
[1.431s] INFO:colcon.colcon_core.shell:Creating environment hook '/home/aidan/GitHub/AidansRepo/TeensySwerve/install/tnsy_swrv_controller/share/tnsy_swrv_controller/hook/ament_prefix_path.sh'
[1.434s] INFO:colcon.colcon_core.shell:Skip shell extension 'powershell' for command environment: Not usable outside of PowerShell
[1.434s] DEBUG:colcon.colcon_core.shell:Skip shell extension 'dsv' for command environment
[2.377s] INFO:colcon.colcon_core.task.python.build:Building Python package in '/home/aidan/GitHub/AidansRepo/TeensySwerve/src/tnsy_swrv_controller'
[2.378s] INFO:colcon.colcon_core.shell:Skip shell extension 'powershell' for command environment: Not usable outside of PowerShell
[2.379s] DEBUG:colcon.colcon_core.shell:Skip shell extension 'dsv' for command environment
[3.972s] DEBUG:colcon.colcon_core.event_handler.log_command:Invoking command in '/home/aidan/GitHub/AidansRepo/TeensySwerve/build/tnsy_swrv_controller': PYTHONPATH=/home/aidan/GitHub/AidansRepo/TeensySwerve/build/tnsy_swrv_controller/prefix_override:/home/aidan/GitHub/AidansRepo/TeensySwerve/install/tnsy_swrv_controller/lib/python3.10/site-packages:${PYTHONPATH} /usr/bin/python3 -W ignore:setup.py install is deprecated setup.py develop --editable --build-directory /home/aidan/GitHub/AidansRepo/TeensySwerve/build/tnsy_swrv_controller/build --no-deps symlink_data
[5.969s] Level 1:colcon.colcon_core.shell:create_environment_hook('tnsy_swrv_controller', 'pythonpath_develop')
[5.970s] INFO:colcon.colcon_core.shell:Creating environment hook '/home/aidan/GitHub/AidansRepo/TeensySwerve/build/tnsy_swrv_controller/share/tnsy_swrv_controller/hook/pythonpath_develop.ps1'
[5.972s] INFO:colcon.colcon_core.shell:Creating environment descriptor '/home/aidan/GitHub/AidansRepo/TeensySwerve/build/tnsy_swrv_controller/share/tnsy_swrv_controller/hook/pythonpath_develop.dsv'
[5.972s] DEBUG:colcon.colcon_core.event_handler.log_command:Invoked command in '/home/aidan/GitHub/AidansRepo/TeensySwerve/build/tnsy_swrv_controller' returned '0': PYTHONPATH=/home/aidan/GitHub/AidansRepo/TeensySwerve/build/tnsy_swrv_controller/prefix_override:/home/aidan/GitHub/AidansRepo/TeensySwerve/install/tnsy_swrv_controller/lib/python3.10/site-packages:${PYTHONPATH} /usr/bin/python3 -W ignore:setup.py install is deprecated setup.py develop --editable --build-directory /home/aidan/GitHub/AidansRepo/TeensySwerve/build/tnsy_swrv_controller/build --no-deps symlink_data
[5.975s] INFO:colcon.colcon_core.shell:Creating environment hook '/home/aidan/GitHub/AidansRepo/TeensySwerve/build/tnsy_swrv_controller/share/tnsy_swrv_controller/hook/pythonpath_develop.sh'
[6.022s] Level 1:colcon.colcon_core.environment:checking '/home/aidan/GitHub/AidansRepo/TeensySwerve/install/tnsy_swrv_controller' for CMake module files
[6.023s] Level 1:colcon.colcon_core.environment:checking '/home/aidan/GitHub/AidansRepo/TeensySwerve/install/tnsy_swrv_controller' for CMake config files
[6.025s] Level 1:colcon.colcon_core.environment:checking '/home/aidan/GitHub/AidansRepo/TeensySwerve/install/tnsy_swrv_controller/lib'
[6.025s] Level 1:colcon.colcon_core.environment:checking '/home/aidan/GitHub/AidansRepo/TeensySwerve/install/tnsy_swrv_controller/bin'
[6.026s] Level 1:colcon.colcon_core.environment:checking '/home/aidan/GitHub/AidansRepo/TeensySwerve/install/tnsy_swrv_controller/lib/pkgconfig/tnsy_swrv_controller.pc'
[6.026s] Level 1:colcon.colcon_core.environment:checking '/home/aidan/GitHub/AidansRepo/TeensySwerve/install/tnsy_swrv_controller/lib/python3.10/site-packages'
[6.027s] Level 1:colcon.colcon_core.shell:create_environment_hook('tnsy_swrv_controller', 'pythonpath')
[6.028s] INFO:colcon.colcon_core.shell:Creating environment hook '/home/aidan/GitHub/AidansRepo/TeensySwerve/install/tnsy_swrv_controller/share/tnsy_swrv_controller/hook/pythonpath.ps1'
[6.029s] INFO:colcon.colcon_core.shell:Creating environment descriptor '/home/aidan/GitHub/AidansRepo/TeensySwerve/install/tnsy_swrv_controller/share/tnsy_swrv_controller/hook/pythonpath.dsv'
[6.030s] INFO:colcon.colcon_core.shell:Creating environment hook '/home/aidan/GitHub/AidansRepo/TeensySwerve/install/tnsy_swrv_controller/share/tnsy_swrv_controller/hook/pythonpath.sh'
[6.032s] Level 1:colcon.colcon_core.environment:checking '/home/aidan/GitHub/AidansRepo/TeensySwerve/install/tnsy_swrv_controller/bin'
[6.032s] Level 1:colcon.colcon_core.environment:create_environment_scripts_only(tnsy_swrv_controller)
[6.033s] INFO:colcon.colcon_core.shell:Creating package script '/home/aidan/GitHub/AidansRepo/TeensySwerve/install/tnsy_swrv_controller/share/tnsy_swrv_controller/package.ps1'
[6.038s] INFO:colcon.colcon_core.shell:Creating package descriptor '/home/aidan/GitHub/AidansRepo/TeensySwerve/install/tnsy_swrv_controller/share/tnsy_swrv_controller/package.dsv'
[6.042s] INFO:colcon.colcon_core.shell:Creating package script '/home/aidan/GitHub/AidansRepo/TeensySwerve/install/tnsy_swrv_controller/share/tnsy_swrv_controller/package.sh'
[6.045s] INFO:colcon.colcon_core.shell:Creating package script '/home/aidan/GitHub/AidansRepo/TeensySwerve/install/tnsy_swrv_controller/share/tnsy_swrv_controller/package.bash'
[6.047s] INFO:colcon.colcon_core.shell:Creating package script '/home/aidan/GitHub/AidansRepo/TeensySwerve/install/tnsy_swrv_controller/share/tnsy_swrv_controller/package.zsh'
[6.050s] Level 1:colcon.colcon_core.environment:create_file_with_runtime_dependencies(/home/aidan/GitHub/AidansRepo/TeensySwerve/install/tnsy_swrv_controller/share/colcon-core/packages/tnsy_swrv_controller)
[6.052s] DEBUG:colcon.colcon_parallel_executor.executor.parallel:closing loop
[6.052s] DEBUG:colcon.colcon_parallel_executor.executor.parallel:loop closed
[6.053s] DEBUG:colcon.colcon_parallel_executor.executor.parallel:run_until_complete finished with '0'
[6.053s] DEBUG:colcon.colcon_core.event_reactor:joining thread
[6.077s] INFO:colcon.colcon_core.plugin_system:Skipping extension 'colcon_notification.desktop_notification.terminal_notifier': Not used on non-Darwin systems
[6.077s] INFO:colcon.colcon_core.plugin_system:Skipping extension 'colcon_notification.desktop_notification.win32': Not used on non-Windows systems
[6.077s] INFO:colcon.colcon_notification.desktop_notification:Sending desktop notification using 'notify2'
[6.128s] DEBUG:colcon.colcon_core.event_reactor:joined thread
[6.129s] INFO:colcon.colcon_core.shell:Creating prefix script '/home/aidan/GitHub/AidansRepo/TeensySwerve/install/local_setup.ps1'
[6.135s] INFO:colcon.colcon_core.shell:Creating prefix util module '/home/aidan/GitHub/AidansRepo/TeensySwerve/install/_local_setup_util_ps1.py'
[6.145s] INFO:colcon.colcon_core.shell:Creating prefix chain script '/home/aidan/GitHub/AidansRepo/TeensySwerve/install/setup.ps1'
[6.149s] INFO:colcon.colcon_core.shell:Creating prefix script '/home/aidan/GitHub/AidansRepo/TeensySwerve/install/local_setup.sh'
[6.152s] INFO:colcon.colcon_core.shell:Creating prefix util module '/home/aidan/GitHub/AidansRepo/TeensySwerve/install/_local_setup_util_sh.py'
[6.154s] INFO:colcon.colcon_core.shell:Creating prefix chain script '/home/aidan/GitHub/AidansRepo/TeensySwerve/install/setup.sh'
[6.157s] INFO:colcon.colcon_core.shell:Creating prefix script '/home/aidan/GitHub/AidansRepo/TeensySwerve/install/local_setup.bash'
[6.161s] INFO:colcon.colcon_core.shell:Creating prefix chain script '/home/aidan/GitHub/AidansRepo/TeensySwerve/install/setup.bash'
[6.168s] INFO:colcon.colcon_core.shell:Creating prefix script '/home/aidan/GitHub/AidansRepo/TeensySwerve/install/local_setup.zsh'
[6.172s] INFO:colcon.colcon_core.shell:Creating prefix chain script '/home/aidan/GitHub/AidansRepo/TeensySwerve/install/setup.zsh'
