[2.266s] Invoking command in '/home/aidan/GitHub/AidansRepo/TeensySwerve/build/tnsy_swrv_controller': PYTHONPATH=/home/aidan/GitHub/AidansRepo/TeensySwerve/build/tnsy_swrv_controller/prefix_override:/home/aidan/GitHub/AidansRepo/TeensySwerve/install/tnsy_swrv_controller/lib/python3.10/site-packages:${PYTHONPATH} /usr/bin/python3 -W ignore:setup.py install is deprecated setup.py develop --uninstall --editable --build-directory /home/aidan/GitHub/AidansRepo/TeensySwerve/build/tnsy_swrv_controller/build
[3.101s] running develop
[3.533s] Removing /home/aidan/GitHub/AidansRepo/TeensySwerve/install/tnsy_swrv_controller/lib/python3.10/site-packages/tnsy-swrv-controller.egg-link (link to .)
[3.613s] Invoked command in '/home/aidan/GitHub/AidansRepo/TeensySwerve/build/tnsy_swrv_controller' returned '0': PYTHONPATH=/home/aidan/GitHub/AidansRepo/TeensySwerve/build/tnsy_swrv_controller/prefix_override:/home/aidan/GitHub/AidansRepo/TeensySwerve/install/tnsy_swrv_controller/lib/python3.10/site-packages:${PYTHONPATH} /usr/bin/python3 -W ignore:setup.py install is deprecated setup.py develop --uninstall --editable --build-directory /home/aidan/GitHub/AidansRepo/TeensySwerve/build/tnsy_swrv_controller/build
[3.616s] Invoking command in '/home/aidan/GitHub/AidansRepo/TeensySwerve/src/tnsy_swrv_controller': PYTHONPATH=/home/aidan/GitHub/AidansRepo/TeensySwerve/build/tnsy_swrv_controller/prefix_override:/home/aidan/GitHub/AidansRepo/TeensySwerve/install/tnsy_swrv_controller/lib/python3.10/site-packages:${PYTHONPATH} /usr/bin/python3 -W ignore:setup.py install is deprecated setup.py egg_info --egg-base ../../build/tnsy_swrv_controller build --build-base /home/aidan/GitHub/AidansRepo/TeensySwerve/build/tnsy_swrv_controller/build install --record /home/aidan/GitHub/AidansRepo/TeensySwerve/build/tnsy_swrv_controller/install.log --single-version-externally-managed install_data --force
[4.299s] running egg_info
[4.300s] writing ../../build/tnsy_swrv_controller/tnsy_swrv_controller.egg-info/PKG-INFO
[4.301s] writing dependency_links to ../../build/tnsy_swrv_controller/tnsy_swrv_controller.egg-info/dependency_links.txt
[4.302s] writing entry points to ../../build/tnsy_swrv_controller/tnsy_swrv_controller.egg-info/entry_points.txt
[4.303s] writing requirements to ../../build/tnsy_swrv_controller/tnsy_swrv_controller.egg-info/requires.txt
[4.303s] writing top-level names to ../../build/tnsy_swrv_controller/tnsy_swrv_controller.egg-info/top_level.txt
[4.308s] reading manifest file '../../build/tnsy_swrv_controller/tnsy_swrv_controller.egg-info/SOURCES.txt'
[4.312s] writing manifest file '../../build/tnsy_swrv_controller/tnsy_swrv_controller.egg-info/SOURCES.txt'
[4.313s] running build
[4.314s] running build_py
[4.314s] copying tnsy_swrv_controller/joy_translator.py -> /home/aidan/GitHub/AidansRepo/TeensySwerve/build/tnsy_swrv_controller/build/lib/tnsy_swrv_controller
[4.315s] running install
[4.315s] running install_lib
[4.317s] creating /home/aidan/GitHub/AidansRepo/TeensySwerve/install/tnsy_swrv_controller/lib/python3.10/site-packages/tnsy_swrv_controller
[4.317s] copying /home/aidan/GitHub/AidansRepo/TeensySwerve/build/tnsy_swrv_controller/build/lib/tnsy_swrv_controller/__init__.py -> /home/aidan/GitHub/AidansRepo/TeensySwerve/install/tnsy_swrv_controller/lib/python3.10/site-packages/tnsy_swrv_controller
[4.317s] copying /home/aidan/GitHub/AidansRepo/TeensySwerve/build/tnsy_swrv_controller/build/lib/tnsy_swrv_controller/my_first_node.py -> /home/aidan/GitHub/AidansRepo/TeensySwerve/install/tnsy_swrv_controller/lib/python3.10/site-packages/tnsy_swrv_controller
[4.318s] copying /home/aidan/GitHub/AidansRepo/TeensySwerve/build/tnsy_swrv_controller/build/lib/tnsy_swrv_controller/publisher_member_function.py -> /home/aidan/GitHub/AidansRepo/TeensySwerve/install/tnsy_swrv_controller/lib/python3.10/site-packages/tnsy_swrv_controller
[4.319s] copying /home/aidan/GitHub/AidansRepo/TeensySwerve/build/tnsy_swrv_controller/build/lib/tnsy_swrv_controller/joy_translator.py -> /home/aidan/GitHub/AidansRepo/TeensySwerve/install/tnsy_swrv_controller/lib/python3.10/site-packages/tnsy_swrv_controller
[4.321s] copying /home/aidan/GitHub/AidansRepo/TeensySwerve/build/tnsy_swrv_controller/build/lib/tnsy_swrv_controller/subscriber_member_function.py -> /home/aidan/GitHub/AidansRepo/TeensySwerve/install/tnsy_swrv_controller/lib/python3.10/site-packages/tnsy_swrv_controller
[4.321s] byte-compiling /home/aidan/GitHub/AidansRepo/TeensySwerve/install/tnsy_swrv_controller/lib/python3.10/site-packages/tnsy_swrv_controller/__init__.py to __init__.cpython-310.pyc
[4.325s] byte-compiling /home/aidan/GitHub/AidansRepo/TeensySwerve/install/tnsy_swrv_controller/lib/python3.10/site-packages/tnsy_swrv_controller/my_first_node.py to my_first_node.cpython-310.pyc
[4.325s] byte-compiling /home/aidan/GitHub/AidansRepo/TeensySwerve/install/tnsy_swrv_controller/lib/python3.10/site-packages/tnsy_swrv_controller/publisher_member_function.py to publisher_member_function.cpython-310.pyc
[4.325s] byte-compiling /home/aidan/GitHub/AidansRepo/TeensySwerve/install/tnsy_swrv_controller/lib/python3.10/site-packages/tnsy_swrv_controller/joy_translator.py to joy_translator.cpython-310.pyc
[4.326s] byte-compiling /home/aidan/GitHub/AidansRepo/TeensySwerve/install/tnsy_swrv_controller/lib/python3.10/site-packages/tnsy_swrv_controller/subscriber_member_function.py to subscriber_member_function.cpython-310.pyc
[4.327s] running install_data
[4.328s] copying resource/tnsy_swrv_controller -> /home/aidan/GitHub/AidansRepo/TeensySwerve/install/tnsy_swrv_controller/share/ament_index/resource_index/packages
[4.330s] copying package.xml -> /home/aidan/GitHub/AidansRepo/TeensySwerve/install/tnsy_swrv_controller/share/tnsy_swrv_controller
[4.331s] copying launch/joystick.launch.py -> /home/aidan/GitHub/AidansRepo/TeensySwerve/install/tnsy_swrv_controller/share/tnsy_swrv_controller/launch
[4.332s] copying config/joystick.yaml -> /home/aidan/GitHub/AidansRepo/TeensySwerve/install/tnsy_swrv_controller/share/tnsy_swrv_controller/config
[4.336s] running install_egg_info
[4.339s] Copying ../../build/tnsy_swrv_controller/tnsy_swrv_controller.egg-info to /home/aidan/GitHub/AidansRepo/TeensySwerve/install/tnsy_swrv_controller/lib/python3.10/site-packages/tnsy_swrv_controller-0.0.0-py3.10.egg-info
[4.343s] running install_scripts
[4.385s] Installing joy_translator script to /home/aidan/GitHub/AidansRepo/TeensySwerve/install/tnsy_swrv_controller/lib/tnsy_swrv_controller
[4.387s] Installing pub script to /home/aidan/GitHub/AidansRepo/TeensySwerve/install/tnsy_swrv_controller/lib/tnsy_swrv_controller
[4.387s] Installing sub script to /home/aidan/GitHub/AidansRepo/TeensySwerve/install/tnsy_swrv_controller/lib/tnsy_swrv_controller
[4.388s] Installing test_node script to /home/aidan/GitHub/AidansRepo/TeensySwerve/install/tnsy_swrv_controller/lib/tnsy_swrv_controller
[4.393s] writing list of installed files to '/home/aidan/GitHub/AidansRepo/TeensySwerve/build/tnsy_swrv_controller/install.log'
[4.456s] Invoked command in '/home/aidan/GitHub/AidansRepo/TeensySwerve/src/tnsy_swrv_controller' returned '0': PYTHONPATH=/home/aidan/GitHub/AidansRepo/TeensySwerve/build/tnsy_swrv_controller/prefix_override:/home/aidan/GitHub/AidansRepo/TeensySwerve/install/tnsy_swrv_controller/lib/python3.10/site-packages:${PYTHONPATH} /usr/bin/python3 -W ignore:setup.py install is deprecated setup.py egg_info --egg-base ../../build/tnsy_swrv_controller build --build-base /home/aidan/GitHub/AidansRepo/TeensySwerve/build/tnsy_swrv_controller/build install --record /home/aidan/GitHub/AidansRepo/TeensySwerve/build/tnsy_swrv_controller/install.log --single-version-externally-managed install_data --force
