[0.241s] Invoking command in '/home/aidan/GitHub/AidansRepo/TeensySwerve/build/rclc': AMENT_PREFIX_PATH=/home/aidan/GitHub/AidansRepo/TeensySwerve/install/test_msgs:/home/aidan/GitHub/AidansRepo/TeensySwerve/install/example_interfaces:/home/aidan/GitHub/AidansRepo/TeensySwerve/install/std_msgs:/home/aidan/GitHub/AidansRepo/TeensySwerve/install/action_msgs:/home/aidan/GitHub/AidansRepo/TeensySwerve/install/unique_identifier_msgs:/home/aidan/GitHub/AidansRepo/TeensySwerve/install/builtin_interfaces:${AMENT_PREFIX_PATH} CMAKE_PREFIX_PATH=/home/aidan/GitHub/AidansRepo/TeensySwerve/install/test_msgs:/home/aidan/GitHub/AidansRepo/TeensySwerve/install/example_interfaces:/home/aidan/GitHub/AidansRepo/TeensySwerve/install/std_msgs:/home/aidan/GitHub/AidansRepo/TeensySwerve/install/action_msgs:/home/aidan/GitHub/AidansRepo/TeensySwerve/install/unique_identifier_msgs:/home/aidan/GitHub/AidansRepo/TeensySwerve/install/builtin_interfaces:/home/aidan/GitHub/AidansRepo/TeensySwerve/install/tnsy_interfaces:/home/aidan/microros_ws/install/micro_ros_setup:/home/aidan/microros_ws/install/micro_ros_agent:/home/aidan/microros_ws/install/micro_ros_msgs:/home/aidan/GitHub/AidansRepo/TeensySwerve/install/tnsy_swrv_controller:/opt/ros/humble LD_LIBRARY_PATH=/home/aidan/GitHub/AidansRepo/TeensySwerve/install/test_msgs/lib:/home/aidan/GitHub/AidansRepo/TeensySwerve/install/example_interfaces/lib:/home/aidan/GitHub/AidansRepo/TeensySwerve/install/std_msgs/lib:/home/aidan/GitHub/AidansRepo/TeensySwerve/install/action_msgs/lib:/home/aidan/GitHub/AidansRepo/TeensySwerve/install/unique_identifier_msgs/lib:/home/aidan/GitHub/AidansRepo/TeensySwerve/install/builtin_interfaces/lib:${LD_LIBRARY_PATH} PYTHONPATH=/home/aidan/GitHub/AidansRepo/TeensySwerve/install/test_msgs/local/lib/python3.10/dist-packages:/home/aidan/GitHub/AidansRepo/TeensySwerve/install/example_interfaces/local/lib/python3.10/dist-packages:/home/aidan/GitHub/AidansRepo/TeensySwerve/install/std_msgs/local/lib/python3.10/dist-packages:/home/aidan/GitHub/AidansRepo/TeensySwerve/install/action_msgs/local/lib/python3.10/dist-packages:/home/aidan/GitHub/AidansRepo/TeensySwerve/install/unique_identifier_msgs/local/lib/python3.10/dist-packages:/home/aidan/GitHub/AidansRepo/TeensySwerve/install/builtin_interfaces/local/lib/python3.10/dist-packages:${PYTHONPATH} /usr/bin/cmake --build /home/aidan/GitHub/AidansRepo/TeensySwerve/build/rclc -- -j4 -l4
[0.315s] /usr/bin/cmake -S/home/aidan/GitHub/AidansRepo/TeensySwerve/src/uros/rclc/rclc -B/home/aidan/GitHub/AidansRepo/TeensySwerve/build/rclc --check-build-system CMakeFiles/Makefile.cmake 0
[0.411s] /usr/bin/cmake -E cmake_progress_start /home/aidan/GitHub/AidansRepo/TeensySwerve/build/rclc/CMakeFiles /home/aidan/GitHub/AidansRepo/TeensySwerve/build/rclc//CMakeFiles/progress.marks
[0.475s] /usr/bin/gmake  -f CMakeFiles/Makefile2 all
[0.495s] gmake[1]: Entering directory '/home/aidan/GitHub/AidansRepo/TeensySwerve/build/rclc'
[0.496s] /usr/bin/gmake  -f CMakeFiles/rclc.dir/build.make CMakeFiles/rclc.dir/depend
[0.519s] gmake[2]: Entering directory '/home/aidan/GitHub/AidansRepo/TeensySwerve/build/rclc'
[0.519s] cd /home/aidan/GitHub/AidansRepo/TeensySwerve/build/rclc && /usr/bin/cmake -E cmake_depends "Unix Makefiles" /home/aidan/GitHub/AidansRepo/TeensySwerve/src/uros/rclc/rclc /home/aidan/GitHub/AidansRepo/TeensySwerve/src/uros/rclc/rclc /home/aidan/GitHub/AidansRepo/TeensySwerve/build/rclc /home/aidan/GitHub/AidansRepo/TeensySwerve/build/rclc /home/aidan/GitHub/AidansRepo/TeensySwerve/build/rclc/CMakeFiles/rclc.dir/DependInfo.cmake --color=
[0.613s] gmake[2]: Leaving directory '/home/aidan/GitHub/AidansRepo/TeensySwerve/build/rclc'
[0.613s] /usr/bin/gmake  -f CMakeFiles/rclc.dir/build.make CMakeFiles/rclc.dir/build
[0.642s] gmake[2]: Entering directory '/home/aidan/GitHub/AidansRepo/TeensySwerve/build/rclc'
[0.643s] gmake[2]: Nothing to be done for 'CMakeFiles/rclc.dir/build'.
[0.647s] gmake[2]: Leaving directory '/home/aidan/GitHub/AidansRepo/TeensySwerve/build/rclc'
[0.722s] [ 46%] Built target rclc
[0.733s] /usr/bin/gmake  -f gtest/CMakeFiles/gtest.dir/build.make gtest/CMakeFiles/gtest.dir/depend
[0.745s] gmake[2]: Entering directory '/home/aidan/GitHub/AidansRepo/TeensySwerve/build/rclc'
[0.745s] cd /home/aidan/GitHub/AidansRepo/TeensySwerve/build/rclc && /usr/bin/cmake -E cmake_depends "Unix Makefiles" /home/aidan/GitHub/AidansRepo/TeensySwerve/src/uros/rclc/rclc /opt/ros/humble/src/gtest_vendor /home/aidan/GitHub/AidansRepo/TeensySwerve/build/rclc /home/aidan/GitHub/AidansRepo/TeensySwerve/build/rclc/gtest /home/aidan/GitHub/AidansRepo/TeensySwerve/build/rclc/gtest/CMakeFiles/gtest.dir/DependInfo.cmake --color=
[0.831s] gmake[2]: Leaving directory '/home/aidan/GitHub/AidansRepo/TeensySwerve/build/rclc'
[0.831s] /usr/bin/gmake  -f gtest/CMakeFiles/gtest.dir/build.make gtest/CMakeFiles/gtest.dir/build
[0.849s] gmake[2]: Entering directory '/home/aidan/GitHub/AidansRepo/TeensySwerve/build/rclc'
[0.850s] gmake[2]: Nothing to be done for 'gtest/CMakeFiles/gtest.dir/build'.
[0.850s] gmake[2]: Leaving directory '/home/aidan/GitHub/AidansRepo/TeensySwerve/build/rclc'
[0.896s] [ 53%] Built target gtest
[0.897s] /usr/bin/gmake  -f gtest/CMakeFiles/gtest_main.dir/build.make gtest/CMakeFiles/gtest_main.dir/depend
[0.906s] gmake[2]: Entering directory '/home/aidan/GitHub/AidansRepo/TeensySwerve/build/rclc'
[0.907s] cd /home/aidan/GitHub/AidansRepo/TeensySwerve/build/rclc && /usr/bin/cmake -E cmake_depends "Unix Makefiles" /home/aidan/GitHub/AidansRepo/TeensySwerve/src/uros/rclc/rclc /opt/ros/humble/src/gtest_vendor /home/aidan/GitHub/AidansRepo/TeensySwerve/build/rclc /home/aidan/GitHub/AidansRepo/TeensySwerve/build/rclc/gtest /home/aidan/GitHub/AidansRepo/TeensySwerve/build/rclc/gtest/CMakeFiles/gtest_main.dir/DependInfo.cmake --color=
[0.957s] gmake[2]: Leaving directory '/home/aidan/GitHub/AidansRepo/TeensySwerve/build/rclc'
[0.958s] /usr/bin/gmake  -f gtest/CMakeFiles/gtest_main.dir/build.make gtest/CMakeFiles/gtest_main.dir/build
[0.982s] gmake[2]: Entering directory '/home/aidan/GitHub/AidansRepo/TeensySwerve/build/rclc'
[0.984s] gmake[2]: Nothing to be done for 'gtest/CMakeFiles/gtest_main.dir/build'.
[0.984s] gmake[2]: Leaving directory '/home/aidan/GitHub/AidansRepo/TeensySwerve/build/rclc'
[1.030s] [ 60%] Built target gtest_main
[1.035s] /usr/bin/gmake  -f CMakeFiles/rclc_test.dir/build.make CMakeFiles/rclc_test.dir/depend
[1.079s] gmake[2]: Entering directory '/home/aidan/GitHub/AidansRepo/TeensySwerve/build/rclc'
[1.080s] cd /home/aidan/GitHub/AidansRepo/TeensySwerve/build/rclc && /usr/bin/cmake -E cmake_depends "Unix Makefiles" /home/aidan/GitHub/AidansRepo/TeensySwerve/src/uros/rclc/rclc /home/aidan/GitHub/AidansRepo/TeensySwerve/src/uros/rclc/rclc /home/aidan/GitHub/AidansRepo/TeensySwerve/build/rclc /home/aidan/GitHub/AidansRepo/TeensySwerve/build/rclc /home/aidan/GitHub/AidansRepo/TeensySwerve/build/rclc/CMakeFiles/rclc_test.dir/DependInfo.cmake --color=
[1.118s] gmake[2]: Leaving directory '/home/aidan/GitHub/AidansRepo/TeensySwerve/build/rclc'
[1.118s] /usr/bin/gmake  -f CMakeFiles/rclc_test.dir/build.make CMakeFiles/rclc_test.dir/build
[1.158s] gmake[2]: Entering directory '/home/aidan/GitHub/AidansRepo/TeensySwerve/build/rclc'
[1.158s] gmake[2]: Nothing to be done for 'CMakeFiles/rclc_test.dir/build'.
[1.159s] gmake[2]: Leaving directory '/home/aidan/GitHub/AidansRepo/TeensySwerve/build/rclc'
[1.206s] [100%] Built target rclc_test
[1.207s] gmake[1]: Leaving directory '/home/aidan/GitHub/AidansRepo/TeensySwerve/build/rclc'
[1.214s] /usr/bin/cmake -E cmake_progress_start /home/aidan/GitHub/AidansRepo/TeensySwerve/build/rclc/CMakeFiles 0
[1.284s] Invoked command in '/home/aidan/GitHub/AidansRepo/TeensySwerve/build/rclc' returned '0': AMENT_PREFIX_PATH=/home/aidan/GitHub/AidansRepo/TeensySwerve/install/test_msgs:/home/aidan/GitHub/AidansRepo/TeensySwerve/install/example_interfaces:/home/aidan/GitHub/AidansRepo/TeensySwerve/install/std_msgs:/home/aidan/GitHub/AidansRepo/TeensySwerve/install/action_msgs:/home/aidan/GitHub/AidansRepo/TeensySwerve/install/unique_identifier_msgs:/home/aidan/GitHub/AidansRepo/TeensySwerve/install/builtin_interfaces:${AMENT_PREFIX_PATH} CMAKE_PREFIX_PATH=/home/aidan/GitHub/AidansRepo/TeensySwerve/install/test_msgs:/home/aidan/GitHub/AidansRepo/TeensySwerve/install/example_interfaces:/home/aidan/GitHub/AidansRepo/TeensySwerve/install/std_msgs:/home/aidan/GitHub/AidansRepo/TeensySwerve/install/action_msgs:/home/aidan/GitHub/AidansRepo/TeensySwerve/install/unique_identifier_msgs:/home/aidan/GitHub/AidansRepo/TeensySwerve/install/builtin_interfaces:/home/aidan/GitHub/AidansRepo/TeensySwerve/install/tnsy_interfaces:/home/aidan/microros_ws/install/micro_ros_setup:/home/aidan/microros_ws/install/micro_ros_agent:/home/aidan/microros_ws/install/micro_ros_msgs:/home/aidan/GitHub/AidansRepo/TeensySwerve/install/tnsy_swrv_controller:/opt/ros/humble LD_LIBRARY_PATH=/home/aidan/GitHub/AidansRepo/TeensySwerve/install/test_msgs/lib:/home/aidan/GitHub/AidansRepo/TeensySwerve/install/example_interfaces/lib:/home/aidan/GitHub/AidansRepo/TeensySwerve/install/std_msgs/lib:/home/aidan/GitHub/AidansRepo/TeensySwerve/install/action_msgs/lib:/home/aidan/GitHub/AidansRepo/TeensySwerve/install/unique_identifier_msgs/lib:/home/aidan/GitHub/AidansRepo/TeensySwerve/install/builtin_interfaces/lib:${LD_LIBRARY_PATH} PYTHONPATH=/home/aidan/GitHub/AidansRepo/TeensySwerve/install/test_msgs/local/lib/python3.10/dist-packages:/home/aidan/GitHub/AidansRepo/TeensySwerve/install/example_interfaces/local/lib/python3.10/dist-packages:/home/aidan/GitHub/AidansRepo/TeensySwerve/install/std_msgs/local/lib/python3.10/dist-packages:/home/aidan/GitHub/AidansRepo/TeensySwerve/install/action_msgs/local/lib/python3.10/dist-packages:/home/aidan/GitHub/AidansRepo/TeensySwerve/install/unique_identifier_msgs/local/lib/python3.10/dist-packages:/home/aidan/GitHub/AidansRepo/TeensySwerve/install/builtin_interfaces/local/lib/python3.10/dist-packages:${PYTHONPATH} /usr/bin/cmake --build /home/aidan/GitHub/AidansRepo/TeensySwerve/build/rclc -- -j4 -l4
[1.972s] Invoking command in '/home/aidan/GitHub/AidansRepo/TeensySwerve/build/rclc': AMENT_PREFIX_PATH=/home/aidan/GitHub/AidansRepo/TeensySwerve/install/test_msgs:/home/aidan/GitHub/AidansRepo/TeensySwerve/install/example_interfaces:/home/aidan/GitHub/AidansRepo/TeensySwerve/install/std_msgs:/home/aidan/GitHub/AidansRepo/TeensySwerve/install/action_msgs:/home/aidan/GitHub/AidansRepo/TeensySwerve/install/unique_identifier_msgs:/home/aidan/GitHub/AidansRepo/TeensySwerve/install/builtin_interfaces:${AMENT_PREFIX_PATH} CMAKE_PREFIX_PATH=/home/aidan/GitHub/AidansRepo/TeensySwerve/install/test_msgs:/home/aidan/GitHub/AidansRepo/TeensySwerve/install/example_interfaces:/home/aidan/GitHub/AidansRepo/TeensySwerve/install/std_msgs:/home/aidan/GitHub/AidansRepo/TeensySwerve/install/action_msgs:/home/aidan/GitHub/AidansRepo/TeensySwerve/install/unique_identifier_msgs:/home/aidan/GitHub/AidansRepo/TeensySwerve/install/builtin_interfaces:/home/aidan/GitHub/AidansRepo/TeensySwerve/install/tnsy_interfaces:/home/aidan/microros_ws/install/micro_ros_setup:/home/aidan/microros_ws/install/micro_ros_agent:/home/aidan/microros_ws/install/micro_ros_msgs:/home/aidan/GitHub/AidansRepo/TeensySwerve/install/tnsy_swrv_controller:/opt/ros/humble LD_LIBRARY_PATH=/home/aidan/GitHub/AidansRepo/TeensySwerve/install/test_msgs/lib:/home/aidan/GitHub/AidansRepo/TeensySwerve/install/example_interfaces/lib:/home/aidan/GitHub/AidansRepo/TeensySwerve/install/std_msgs/lib:/home/aidan/GitHub/AidansRepo/TeensySwerve/install/action_msgs/lib:/home/aidan/GitHub/AidansRepo/TeensySwerve/install/unique_identifier_msgs/lib:/home/aidan/GitHub/AidansRepo/TeensySwerve/install/builtin_interfaces/lib:${LD_LIBRARY_PATH} PYTHONPATH=/home/aidan/GitHub/AidansRepo/TeensySwerve/install/test_msgs/local/lib/python3.10/dist-packages:/home/aidan/GitHub/AidansRepo/TeensySwerve/install/example_interfaces/local/lib/python3.10/dist-packages:/home/aidan/GitHub/AidansRepo/TeensySwerve/install/std_msgs/local/lib/python3.10/dist-packages:/home/aidan/GitHub/AidansRepo/TeensySwerve/install/action_msgs/local/lib/python3.10/dist-packages:/home/aidan/GitHub/AidansRepo/TeensySwerve/install/unique_identifier_msgs/local/lib/python3.10/dist-packages:/home/aidan/GitHub/AidansRepo/TeensySwerve/install/builtin_interfaces/local/lib/python3.10/dist-packages:${PYTHONPATH} /usr/bin/cmake --install /home/aidan/GitHub/AidansRepo/TeensySwerve/build/rclc
[2.028s] -- Install configuration: ""
[2.030s] -- Up-to-date: /home/aidan/GitHub/AidansRepo/TeensySwerve/install/rclc/lib/librclc.so
[2.033s] -- Up-to-date: /home/aidan/GitHub/AidansRepo/TeensySwerve/install/rclc/include
[2.036s] -- Up-to-date: /home/aidan/GitHub/AidansRepo/TeensySwerve/install/rclc/include/rclc
[2.037s] -- Up-to-date: /home/aidan/GitHub/AidansRepo/TeensySwerve/install/rclc/include/rclc/action_goal_handle.h
[2.037s] -- Up-to-date: /home/aidan/GitHub/AidansRepo/TeensySwerve/install/rclc/include/rclc/init.h
[2.037s] -- Up-to-date: /home/aidan/GitHub/AidansRepo/TeensySwerve/install/rclc/include/rclc/timer.h
[2.037s] -- Up-to-date: /home/aidan/GitHub/AidansRepo/TeensySwerve/install/rclc/include/rclc/visibility_control.h
[2.037s] -- Up-to-date: /home/aidan/GitHub/AidansRepo/TeensySwerve/install/rclc/include/rclc/sleep.h
[2.048s] -- Up-to-date: /home/aidan/GitHub/AidansRepo/TeensySwerve/install/rclc/include/rclc/action_server.h
[2.048s] -- Up-to-date: /home/aidan/GitHub/AidansRepo/TeensySwerve/install/rclc/include/rclc/node.h
[2.048s] -- Up-to-date: /home/aidan/GitHub/AidansRepo/TeensySwerve/install/rclc/include/rclc/action_client.h
[2.048s] -- Up-to-date: /home/aidan/GitHub/AidansRepo/TeensySwerve/install/rclc/include/rclc/service.h
[2.048s] -- Up-to-date: /home/aidan/GitHub/AidansRepo/TeensySwerve/install/rclc/include/rclc/publisher.h
[2.063s] -- Up-to-date: /home/aidan/GitHub/AidansRepo/TeensySwerve/install/rclc/include/rclc/subscription.h
[2.063s] -- Up-to-date: /home/aidan/GitHub/AidansRepo/TeensySwerve/install/rclc/include/rclc/client.h
[2.063s] -- Up-to-date: /home/aidan/GitHub/AidansRepo/TeensySwerve/install/rclc/include/rclc/rclc.h
[2.063s] -- Up-to-date: /home/aidan/GitHub/AidansRepo/TeensySwerve/install/rclc/include/rclc/executor_handle.h
[2.063s] -- Up-to-date: /home/aidan/GitHub/AidansRepo/TeensySwerve/install/rclc/include/rclc/executor.h
[2.064s] -- Up-to-date: /home/aidan/GitHub/AidansRepo/TeensySwerve/install/rclc/include/rclc/types.h
[2.064s] -- Up-to-date: /home/aidan/GitHub/AidansRepo/TeensySwerve/install/rclc/share/rclc/environment/library_path.sh
[2.064s] -- Up-to-date: /home/aidan/GitHub/AidansRepo/TeensySwerve/install/rclc/share/rclc/environment/library_path.dsv
[2.064s] -- Up-to-date: /home/aidan/GitHub/AidansRepo/TeensySwerve/install/rclc/share/ament_index/resource_index/package_run_dependencies/rclc
[2.064s] -- Up-to-date: /home/aidan/GitHub/AidansRepo/TeensySwerve/install/rclc/share/ament_index/resource_index/parent_prefix_path/rclc
[2.064s] -- Up-to-date: /home/aidan/GitHub/AidansRepo/TeensySwerve/install/rclc/share/rclc/environment/ament_prefix_path.sh
[2.064s] -- Up-to-date: /home/aidan/GitHub/AidansRepo/TeensySwerve/install/rclc/share/rclc/environment/ament_prefix_path.dsv
[2.065s] -- Up-to-date: /home/aidan/GitHub/AidansRepo/TeensySwerve/install/rclc/share/rclc/environment/path.sh
[2.065s] -- Up-to-date: /home/aidan/GitHub/AidansRepo/TeensySwerve/install/rclc/share/rclc/environment/path.dsv
[2.065s] -- Up-to-date: /home/aidan/GitHub/AidansRepo/TeensySwerve/install/rclc/share/rclc/local_setup.bash
[2.065s] -- Up-to-date: /home/aidan/GitHub/AidansRepo/TeensySwerve/install/rclc/share/rclc/local_setup.sh
[2.065s] -- Up-to-date: /home/aidan/GitHub/AidansRepo/TeensySwerve/install/rclc/share/rclc/local_setup.zsh
[2.076s] -- Up-to-date: /home/aidan/GitHub/AidansRepo/TeensySwerve/install/rclc/share/rclc/local_setup.dsv
[2.076s] -- Installing: /home/aidan/GitHub/AidansRepo/TeensySwerve/install/rclc/share/rclc/package.dsv
[2.077s] -- Up-to-date: /home/aidan/GitHub/AidansRepo/TeensySwerve/install/rclc/share/ament_index/resource_index/packages/rclc
[2.077s] -- Up-to-date: /home/aidan/GitHub/AidansRepo/TeensySwerve/install/rclc/share/rclc/cmake/rclcExport.cmake
[2.077s] -- Up-to-date: /home/aidan/GitHub/AidansRepo/TeensySwerve/install/rclc/share/rclc/cmake/rclcExport-noconfig.cmake
[2.078s] -- Up-to-date: /home/aidan/GitHub/AidansRepo/TeensySwerve/install/rclc/share/rclc/cmake/ament_cmake_export_include_directories-extras.cmake
[2.078s] -- Up-to-date: /home/aidan/GitHub/AidansRepo/TeensySwerve/install/rclc/share/rclc/cmake/ament_cmake_export_libraries-extras.cmake
[2.078s] -- Up-to-date: /home/aidan/GitHub/AidansRepo/TeensySwerve/install/rclc/share/rclc/cmake/ament_cmake_export_targets-extras.cmake
[2.079s] -- Up-to-date: /home/aidan/GitHub/AidansRepo/TeensySwerve/install/rclc/share/rclc/cmake/ament_cmake_export_dependencies-extras.cmake
[2.079s] -- Up-to-date: /home/aidan/GitHub/AidansRepo/TeensySwerve/install/rclc/share/rclc/cmake/rclcConfig.cmake
[2.080s] -- Up-to-date: /home/aidan/GitHub/AidansRepo/TeensySwerve/install/rclc/share/rclc/cmake/rclcConfig-version.cmake
[2.083s] -- Up-to-date: /home/aidan/GitHub/AidansRepo/TeensySwerve/install/rclc/share/rclc/package.xml
[2.083s] Invoked command in '/home/aidan/GitHub/AidansRepo/TeensySwerve/build/rclc' returned '0': AMENT_PREFIX_PATH=/home/aidan/GitHub/AidansRepo/TeensySwerve/install/test_msgs:/home/aidan/GitHub/AidansRepo/TeensySwerve/install/example_interfaces:/home/aidan/GitHub/AidansRepo/TeensySwerve/install/std_msgs:/home/aidan/GitHub/AidansRepo/TeensySwerve/install/action_msgs:/home/aidan/GitHub/AidansRepo/TeensySwerve/install/unique_identifier_msgs:/home/aidan/GitHub/AidansRepo/TeensySwerve/install/builtin_interfaces:${AMENT_PREFIX_PATH} CMAKE_PREFIX_PATH=/home/aidan/GitHub/AidansRepo/TeensySwerve/install/test_msgs:/home/aidan/GitHub/AidansRepo/TeensySwerve/install/example_interfaces:/home/aidan/GitHub/AidansRepo/TeensySwerve/install/std_msgs:/home/aidan/GitHub/AidansRepo/TeensySwerve/install/action_msgs:/home/aidan/GitHub/AidansRepo/TeensySwerve/install/unique_identifier_msgs:/home/aidan/GitHub/AidansRepo/TeensySwerve/install/builtin_interfaces:/home/aidan/GitHub/AidansRepo/TeensySwerve/install/tnsy_interfaces:/home/aidan/microros_ws/install/micro_ros_setup:/home/aidan/microros_ws/install/micro_ros_agent:/home/aidan/microros_ws/install/micro_ros_msgs:/home/aidan/GitHub/AidansRepo/TeensySwerve/install/tnsy_swrv_controller:/opt/ros/humble LD_LIBRARY_PATH=/home/aidan/GitHub/AidansRepo/TeensySwerve/install/test_msgs/lib:/home/aidan/GitHub/AidansRepo/TeensySwerve/install/example_interfaces/lib:/home/aidan/GitHub/AidansRepo/TeensySwerve/install/std_msgs/lib:/home/aidan/GitHub/AidansRepo/TeensySwerve/install/action_msgs/lib:/home/aidan/GitHub/AidansRepo/TeensySwerve/install/unique_identifier_msgs/lib:/home/aidan/GitHub/AidansRepo/TeensySwerve/install/builtin_interfaces/lib:${LD_LIBRARY_PATH} PYTHONPATH=/home/aidan/GitHub/AidansRepo/TeensySwerve/install/test_msgs/local/lib/python3.10/dist-packages:/home/aidan/GitHub/AidansRepo/TeensySwerve/install/example_interfaces/local/lib/python3.10/dist-packages:/home/aidan/GitHub/AidansRepo/TeensySwerve/install/std_msgs/local/lib/python3.10/dist-packages:/home/aidan/GitHub/AidansRepo/TeensySwerve/install/action_msgs/local/lib/python3.10/dist-packages:/home/aidan/GitHub/AidansRepo/TeensySwerve/install/unique_identifier_msgs/local/lib/python3.10/dist-packages:/home/aidan/GitHub/AidansRepo/TeensySwerve/install/builtin_interfaces/local/lib/python3.10/dist-packages:${PYTHONPATH} /usr/bin/cmake --install /home/aidan/GitHub/AidansRepo/TeensySwerve/build/rclc
