[0.182s] Invoking command in '/home/aidan/GitHub/AidansRepo/TeensySwerve/build/micro_ros_utilities': CMAKE_PREFIX_PATH=${CMAKE_PREFIX_PATH}:/home/aidan/GitHub/AidansRepo/TeensySwerve/install/tnsy_swrv_controller:/opt/ros/humble /usr/bin/cmake --build /home/aidan/GitHub/AidansRepo/TeensySwerve/build/micro_ros_utilities -- -j4 -l4
[0.418s] [35m[1mConsolidate compiler generated dependencies of target gtest[0m
[0.426s] [35m[1mConsolidate compiler generated dependencies of target micro_ros_utilities[0m
[0.438s] [35m[1mConsolidate compiler generated dependencies of target gtest_main[0m
[0.528s] [ 30%] Built target micro_ros_utilities
[0.587s] [ 50%] Built target gtest_main
[0.593s] [ 70%] Built target gtest
[0.676s] [35m[1mConsolidate compiler generated dependencies of target micro_ros_utilities_test[0m
[0.839s] [100%] Built target micro_ros_utilities_test
[0.905s] Invoked command in '/home/aidan/GitHub/AidansRepo/TeensySwerve/build/micro_ros_utilities' returned '0': CMAKE_PREFIX_PATH=${CMAKE_PREFIX_PATH}:/home/aidan/GitHub/AidansRepo/TeensySwerve/install/tnsy_swrv_controller:/opt/ros/humble /usr/bin/cmake --build /home/aidan/GitHub/AidansRepo/TeensySwerve/build/micro_ros_utilities -- -j4 -l4
[1.234s] Invoking command in '/home/aidan/GitHub/AidansRepo/TeensySwerve/build/micro_ros_utilities': CMAKE_PREFIX_PATH=${CMAKE_PREFIX_PATH}:/home/aidan/GitHub/AidansRepo/TeensySwerve/install/tnsy_swrv_controller:/opt/ros/humble /usr/bin/cmake --install /home/aidan/GitHub/AidansRepo/TeensySwerve/build/micro_ros_utilities
[1.442s] -- Install configuration: ""
[1.459s] -- Up-to-date: /home/aidan/GitHub/AidansRepo/TeensySwerve/install/micro_ros_utilities/include
[1.459s] -- Up-to-date: /home/aidan/GitHub/AidansRepo/TeensySwerve/install/micro_ros_utilities/include/micro_ros_utilities
[1.459s] -- Up-to-date: /home/aidan/GitHub/AidansRepo/TeensySwerve/install/micro_ros_utilities/include/micro_ros_utilities/visibility_control.h
[1.464s] -- Up-to-date: /home/aidan/GitHub/AidansRepo/TeensySwerve/install/micro_ros_utilities/include/micro_ros_utilities/string_utilities.h
[1.464s] -- Up-to-date: /home/aidan/GitHub/AidansRepo/TeensySwerve/install/micro_ros_utilities/include/micro_ros_utilities/type_utilities.h
[1.464s] -- Up-to-date: /home/aidan/GitHub/AidansRepo/TeensySwerve/install/micro_ros_utilities/lib/libmicro_ros_utilities.a
[1.464s] -- Up-to-date: /home/aidan/GitHub/AidansRepo/TeensySwerve/install/micro_ros_utilities/share/micro_ros_utilities/environment/library_path.sh
[1.464s] -- Up-to-date: /home/aidan/GitHub/AidansRepo/TeensySwerve/install/micro_ros_utilities/share/micro_ros_utilities/environment/library_path.dsv
[1.464s] -- Up-to-date: /home/aidan/GitHub/AidansRepo/TeensySwerve/install/micro_ros_utilities/share/ament_index/resource_index/package_run_dependencies/micro_ros_utilities
[1.465s] -- Up-to-date: /home/aidan/GitHub/AidansRepo/TeensySwerve/install/micro_ros_utilities/share/ament_index/resource_index/parent_prefix_path/micro_ros_utilities
[1.465s] -- Up-to-date: /home/aidan/GitHub/AidansRepo/TeensySwerve/install/micro_ros_utilities/share/micro_ros_utilities/environment/ament_prefix_path.sh
[1.465s] -- Up-to-date: /home/aidan/GitHub/AidansRepo/TeensySwerve/install/micro_ros_utilities/share/micro_ros_utilities/environment/ament_prefix_path.dsv
[1.465s] -- Up-to-date: /home/aidan/GitHub/AidansRepo/TeensySwerve/install/micro_ros_utilities/share/micro_ros_utilities/environment/path.sh
[1.478s] -- Up-to-date: /home/aidan/GitHub/AidansRepo/TeensySwerve/install/micro_ros_utilities/share/micro_ros_utilities/environment/path.dsv
[1.478s] -- Up-to-date: /home/aidan/GitHub/AidansRepo/TeensySwerve/install/micro_ros_utilities/share/micro_ros_utilities/local_setup.bash
[1.478s] -- Up-to-date: /home/aidan/GitHub/AidansRepo/TeensySwerve/install/micro_ros_utilities/share/micro_ros_utilities/local_setup.sh
[1.478s] -- Up-to-date: /home/aidan/GitHub/AidansRepo/TeensySwerve/install/micro_ros_utilities/share/micro_ros_utilities/local_setup.zsh
[1.478s] -- Up-to-date: /home/aidan/GitHub/AidansRepo/TeensySwerve/install/micro_ros_utilities/share/micro_ros_utilities/local_setup.dsv
[1.478s] -- Installing: /home/aidan/GitHub/AidansRepo/TeensySwerve/install/micro_ros_utilities/share/micro_ros_utilities/package.dsv
[1.479s] -- Up-to-date: /home/aidan/GitHub/AidansRepo/TeensySwerve/install/micro_ros_utilities/share/ament_index/resource_index/packages/micro_ros_utilities
[1.479s] -- Up-to-date: /home/aidan/GitHub/AidansRepo/TeensySwerve/install/micro_ros_utilities/share/micro_ros_utilities/cmake/ament_cmake_export_include_directories-extras.cmake
[1.479s] -- Up-to-date: /home/aidan/GitHub/AidansRepo/TeensySwerve/install/micro_ros_utilities/share/micro_ros_utilities/cmake/ament_cmake_export_libraries-extras.cmake
[1.479s] -- Up-to-date: /home/aidan/GitHub/AidansRepo/TeensySwerve/install/micro_ros_utilities/share/micro_ros_utilities/cmake/ament_cmake_export_dependencies-extras.cmake
[1.479s] -- Up-to-date: /home/aidan/GitHub/AidansRepo/TeensySwerve/install/micro_ros_utilities/share/micro_ros_utilities/cmake/micro_ros_utilitiesConfig.cmake
[1.479s] -- Up-to-date: /home/aidan/GitHub/AidansRepo/TeensySwerve/install/micro_ros_utilities/share/micro_ros_utilities/cmake/micro_ros_utilitiesConfig-version.cmake
[1.499s] -- Up-to-date: /home/aidan/GitHub/AidansRepo/TeensySwerve/install/micro_ros_utilities/share/micro_ros_utilities/package.xml
[1.647s] Invoked command in '/home/aidan/GitHub/AidansRepo/TeensySwerve/build/micro_ros_utilities' returned '0': CMAKE_PREFIX_PATH=${CMAKE_PREFIX_PATH}:/home/aidan/GitHub/AidansRepo/TeensySwerve/install/tnsy_swrv_controller:/opt/ros/humble /usr/bin/cmake --install /home/aidan/GitHub/AidansRepo/TeensySwerve/build/micro_ros_utilities
