[0.099s] Invoking command in '/home/aidan/GitHub/AidansRepo/TeensySwerve/build/nav_msgs': AMENT_PREFIX_PATH=/home/aidan/GitHub/AidansRepo/TeensySwerve/install/geometry_msgs:/home/aidan/GitHub/AidansRepo/TeensySwerve/install/std_msgs:/home/aidan/GitHub/AidansRepo/TeensySwerve/install/builtin_interfaces:${AMENT_PREFIX_PATH} CMAKE_PREFIX_PATH=/home/aidan/GitHub/AidansRepo/TeensySwerve/install/geometry_msgs:/home/aidan/GitHub/AidansRepo/TeensySwerve/install/std_msgs:/home/aidan/GitHub/AidansRepo/TeensySwerve/install/builtin_interfaces:/home/aidan/GitHub/AidansRepo/TeensySwerve/install/tnsy_interfaces:/home/aidan/microros_ws/install/micro_ros_setup:/home/aidan/microros_ws/install/micro_ros_agent:/home/aidan/microros_ws/install/micro_ros_msgs:/home/aidan/GitHub/AidansRepo/TeensySwerve/install/tnsy_swrv_controller:/opt/ros/humble LD_LIBRARY_PATH=/home/aidan/GitHub/AidansRepo/TeensySwerve/install/geometry_msgs/lib:/home/aidan/GitHub/AidansRepo/TeensySwerve/install/std_msgs/lib:/home/aidan/GitHub/AidansRepo/TeensySwerve/install/builtin_interfaces/lib:${LD_LIBRARY_PATH} PYTHONPATH=/home/aidan/GitHub/AidansRepo/TeensySwerve/install/geometry_msgs/local/lib/python3.10/dist-packages:/home/aidan/GitHub/AidansRepo/TeensySwerve/install/std_msgs/local/lib/python3.10/dist-packages:/home/aidan/GitHub/AidansRepo/TeensySwerve/install/builtin_interfaces/local/lib/python3.10/dist-packages:${PYTHONPATH} /usr/bin/cmake --build /home/aidan/GitHub/AidansRepo/TeensySwerve/build/nav_msgs -- -j4 -l4
[0.414s] [  0%] Built target nav_msgs__cpp
[0.601s] [  0%] Built target ament_cmake_python_copy_nav_msgs
[0.665s] [35m[1mConsolidate compiler generated dependencies of target nav_msgs__rosidl_typesupport_fastrtps_cpp[0m
[0.835s] [ 11%] Built target nav_msgs__rosidl_typesupport_fastrtps_cpp
[0.895s] [35m[1mConsolidate compiler generated dependencies of target nav_msgs__rosidl_typesupport_introspection_cpp[0m
[0.998s] [ 23%] Built target nav_msgs__rosidl_typesupport_introspection_cpp
[2.349s] running egg_info
[2.349s] writing nav_msgs.egg-info/PKG-INFO
[2.352s] writing dependency_links to nav_msgs.egg-info/dependency_links.txt
[2.352s] writing top-level names to nav_msgs.egg-info/top_level.txt
[2.359s] reading manifest file 'nav_msgs.egg-info/SOURCES.txt'
[2.363s] writing manifest file 'nav_msgs.egg-info/SOURCES.txt'
[2.517s] [ 23%] Built target ament_cmake_python_build_nav_msgs_egg
[2.603s] [35m[1mConsolidate compiler generated dependencies of target nav_msgs__rosidl_typesupport_cpp[0m
[2.715s] [ 35%] Built target nav_msgs__rosidl_typesupport_cpp
[2.792s] [35m[1mConsolidate compiler generated dependencies of target nav_msgs__rosidl_generator_c[0m
[2.915s] [ 47%] Built target nav_msgs__rosidl_generator_c
[3.028s] [35m[1mConsolidate compiler generated dependencies of target nav_msgs__rosidl_typesupport_fastrtps_c[0m
[3.199s] [ 59%] Built target nav_msgs__rosidl_typesupport_fastrtps_c
[3.275s] [35m[1mConsolidate compiler generated dependencies of target nav_msgs__rosidl_typesupport_c[0m
[3.393s] [ 70%] Built target nav_msgs__rosidl_typesupport_c
[3.505s] [35m[1mConsolidate compiler generated dependencies of target nav_msgs__rosidl_typesupport_introspection_c[0m
[3.601s] [ 82%] Built target nav_msgs__rosidl_typesupport_introspection_c
[3.743s] [ 82%] Built target nav_msgs
[3.839s] [ 83%] Built target nav_msgs__py
[3.937s] [35m[1mConsolidate compiler generated dependencies of target nav_msgs__rosidl_generator_py[0m
[4.053s] [ 94%] Built target nav_msgs__rosidl_generator_py
[4.111s] [35m[1mConsolidate compiler generated dependencies of target nav_msgs__rosidl_typesupport_fastrtps_c__pyext[0m
[4.182s] [ 96%] Built target nav_msgs__rosidl_typesupport_fastrtps_c__pyext
[4.238s] [35m[1mConsolidate compiler generated dependencies of target nav_msgs__rosidl_typesupport_c__pyext[0m
[4.379s] [ 98%] Built target nav_msgs__rosidl_typesupport_c__pyext
[4.385s] [35m[1mConsolidate compiler generated dependencies of target nav_msgs__rosidl_typesupport_introspection_c__pyext[0m
[4.493s] [100%] Built target nav_msgs__rosidl_typesupport_introspection_c__pyext
[4.583s] Invoked command in '/home/aidan/GitHub/AidansRepo/TeensySwerve/build/nav_msgs' returned '0': AMENT_PREFIX_PATH=/home/aidan/GitHub/AidansRepo/TeensySwerve/install/geometry_msgs:/home/aidan/GitHub/AidansRepo/TeensySwerve/install/std_msgs:/home/aidan/GitHub/AidansRepo/TeensySwerve/install/builtin_interfaces:${AMENT_PREFIX_PATH} CMAKE_PREFIX_PATH=/home/aidan/GitHub/AidansRepo/TeensySwerve/install/geometry_msgs:/home/aidan/GitHub/AidansRepo/TeensySwerve/install/std_msgs:/home/aidan/GitHub/AidansRepo/TeensySwerve/install/builtin_interfaces:/home/aidan/GitHub/AidansRepo/TeensySwerve/install/tnsy_interfaces:/home/aidan/microros_ws/install/micro_ros_setup:/home/aidan/microros_ws/install/micro_ros_agent:/home/aidan/microros_ws/install/micro_ros_msgs:/home/aidan/GitHub/AidansRepo/TeensySwerve/install/tnsy_swrv_controller:/opt/ros/humble LD_LIBRARY_PATH=/home/aidan/GitHub/AidansRepo/TeensySwerve/install/geometry_msgs/lib:/home/aidan/GitHub/AidansRepo/TeensySwerve/install/std_msgs/lib:/home/aidan/GitHub/AidansRepo/TeensySwerve/install/builtin_interfaces/lib:${LD_LIBRARY_PATH} PYTHONPATH=/home/aidan/GitHub/AidansRepo/TeensySwerve/install/geometry_msgs/local/lib/python3.10/dist-packages:/home/aidan/GitHub/AidansRepo/TeensySwerve/install/std_msgs/local/lib/python3.10/dist-packages:/home/aidan/GitHub/AidansRepo/TeensySwerve/install/builtin_interfaces/local/lib/python3.10/dist-packages:${PYTHONPATH} /usr/bin/cmake --build /home/aidan/GitHub/AidansRepo/TeensySwerve/build/nav_msgs -- -j4 -l4
[5.837s] Invoking command in '/home/aidan/GitHub/AidansRepo/TeensySwerve/build/nav_msgs': AMENT_PREFIX_PATH=/home/aidan/GitHub/AidansRepo/TeensySwerve/install/geometry_msgs:/home/aidan/GitHub/AidansRepo/TeensySwerve/install/std_msgs:/home/aidan/GitHub/AidansRepo/TeensySwerve/install/builtin_interfaces:${AMENT_PREFIX_PATH} CMAKE_PREFIX_PATH=/home/aidan/GitHub/AidansRepo/TeensySwerve/install/geometry_msgs:/home/aidan/GitHub/AidansRepo/TeensySwerve/install/std_msgs:/home/aidan/GitHub/AidansRepo/TeensySwerve/install/builtin_interfaces:/home/aidan/GitHub/AidansRepo/TeensySwerve/install/tnsy_interfaces:/home/aidan/microros_ws/install/micro_ros_setup:/home/aidan/microros_ws/install/micro_ros_agent:/home/aidan/microros_ws/install/micro_ros_msgs:/home/aidan/GitHub/AidansRepo/TeensySwerve/install/tnsy_swrv_controller:/opt/ros/humble LD_LIBRARY_PATH=/home/aidan/GitHub/AidansRepo/TeensySwerve/install/geometry_msgs/lib:/home/aidan/GitHub/AidansRepo/TeensySwerve/install/std_msgs/lib:/home/aidan/GitHub/AidansRepo/TeensySwerve/install/builtin_interfaces/lib:${LD_LIBRARY_PATH} PYTHONPATH=/home/aidan/GitHub/AidansRepo/TeensySwerve/install/geometry_msgs/local/lib/python3.10/dist-packages:/home/aidan/GitHub/AidansRepo/TeensySwerve/install/std_msgs/local/lib/python3.10/dist-packages:/home/aidan/GitHub/AidansRepo/TeensySwerve/install/builtin_interfaces/local/lib/python3.10/dist-packages:${PYTHONPATH} /usr/bin/cmake --install /home/aidan/GitHub/AidansRepo/TeensySwerve/build/nav_msgs
[5.891s] -- Install configuration: ""
[5.892s] -- Up-to-date: /home/aidan/GitHub/AidansRepo/TeensySwerve/install/nav_msgs/share/ament_index/resource_index/rosidl_interfaces/nav_msgs
[5.892s] -- Up-to-date: /home/aidan/GitHub/AidansRepo/TeensySwerve/install/nav_msgs/include/nav_msgs/nav_msgs
[5.893s] -- Up-to-date: /home/aidan/GitHub/AidansRepo/TeensySwerve/install/nav_msgs/include/nav_msgs/nav_msgs/srv
[5.893s] -- Up-to-date: /home/aidan/GitHub/AidansRepo/TeensySwerve/install/nav_msgs/include/nav_msgs/nav_msgs/srv/load_map.h
[5.894s] -- Up-to-date: /home/aidan/GitHub/AidansRepo/TeensySwerve/install/nav_msgs/include/nav_msgs/nav_msgs/srv/get_plan.h
[5.894s] -- Up-to-date: /home/aidan/GitHub/AidansRepo/TeensySwerve/install/nav_msgs/include/nav_msgs/nav_msgs/srv/set_map.h
[5.895s] -- Up-to-date: /home/aidan/GitHub/AidansRepo/TeensySwerve/install/nav_msgs/include/nav_msgs/nav_msgs/srv/detail
[5.896s] -- Up-to-date: /home/aidan/GitHub/AidansRepo/TeensySwerve/install/nav_msgs/include/nav_msgs/nav_msgs/srv/detail/get_plan__functions.h
[5.897s] -- Up-to-date: /home/aidan/GitHub/AidansRepo/TeensySwerve/install/nav_msgs/include/nav_msgs/nav_msgs/srv/detail/set_map__functions.c
[5.898s] -- Up-to-date: /home/aidan/GitHub/AidansRepo/TeensySwerve/install/nav_msgs/include/nav_msgs/nav_msgs/srv/detail/get_map__struct.h
[5.899s] -- Up-to-date: /home/aidan/GitHub/AidansRepo/TeensySwerve/install/nav_msgs/include/nav_msgs/nav_msgs/srv/detail/load_map__type_support.h
[5.899s] -- Up-to-date: /home/aidan/GitHub/AidansRepo/TeensySwerve/install/nav_msgs/include/nav_msgs/nav_msgs/srv/detail/load_map__functions.c
[5.899s] -- Up-to-date: /home/aidan/GitHub/AidansRepo/TeensySwerve/install/nav_msgs/include/nav_msgs/nav_msgs/srv/detail/load_map__functions.h
[5.901s] -- Up-to-date: /home/aidan/GitHub/AidansRepo/TeensySwerve/install/nav_msgs/include/nav_msgs/nav_msgs/srv/detail/get_plan__type_support.h
[5.906s] -- Up-to-date: /home/aidan/GitHub/AidansRepo/TeensySwerve/install/nav_msgs/include/nav_msgs/nav_msgs/srv/detail/set_map__functions.h
[5.906s] -- Up-to-date: /home/aidan/GitHub/AidansRepo/TeensySwerve/install/nav_msgs/include/nav_msgs/nav_msgs/srv/detail/load_map__struct.h
[5.906s] -- Up-to-date: /home/aidan/GitHub/AidansRepo/TeensySwerve/install/nav_msgs/include/nav_msgs/nav_msgs/srv/detail/get_map__functions.c
[5.907s] -- Up-to-date: /home/aidan/GitHub/AidansRepo/TeensySwerve/install/nav_msgs/include/nav_msgs/nav_msgs/srv/detail/set_map__type_support.h
[5.911s] -- Up-to-date: /home/aidan/GitHub/AidansRepo/TeensySwerve/install/nav_msgs/include/nav_msgs/nav_msgs/srv/detail/get_plan__functions.c
[5.912s] -- Up-to-date: /home/aidan/GitHub/AidansRepo/TeensySwerve/install/nav_msgs/include/nav_msgs/nav_msgs/srv/detail/get_map__type_support.h
[5.914s] -- Up-to-date: /home/aidan/GitHub/AidansRepo/TeensySwerve/install/nav_msgs/include/nav_msgs/nav_msgs/srv/detail/set_map__struct.h
[5.916s] -- Up-to-date: /home/aidan/GitHub/AidansRepo/TeensySwerve/install/nav_msgs/include/nav_msgs/nav_msgs/srv/detail/get_map__functions.h
[5.916s] -- Up-to-date: /home/aidan/GitHub/AidansRepo/TeensySwerve/install/nav_msgs/include/nav_msgs/nav_msgs/srv/detail/get_plan__struct.h
[5.916s] -- Up-to-date: /home/aidan/GitHub/AidansRepo/TeensySwerve/install/nav_msgs/include/nav_msgs/nav_msgs/srv/get_map.h
[5.916s] -- Up-to-date: /home/aidan/GitHub/AidansRepo/TeensySwerve/install/nav_msgs/include/nav_msgs/nav_msgs/msg
[5.921s] -- Up-to-date: /home/aidan/GitHub/AidansRepo/TeensySwerve/install/nav_msgs/include/nav_msgs/nav_msgs/msg/occupancy_grid.h
[5.921s] -- Up-to-date: /home/aidan/GitHub/AidansRepo/TeensySwerve/install/nav_msgs/include/nav_msgs/nav_msgs/msg/goals.h
[5.924s] -- Up-to-date: /home/aidan/GitHub/AidansRepo/TeensySwerve/install/nav_msgs/include/nav_msgs/nav_msgs/msg/path.h
[5.924s] -- Up-to-date: /home/aidan/GitHub/AidansRepo/TeensySwerve/install/nav_msgs/include/nav_msgs/nav_msgs/msg/map_meta_data.h
[5.924s] -- Up-to-date: /home/aidan/GitHub/AidansRepo/TeensySwerve/install/nav_msgs/include/nav_msgs/nav_msgs/msg/grid_cells.h
[5.925s] -- Up-to-date: /home/aidan/GitHub/AidansRepo/TeensySwerve/install/nav_msgs/include/nav_msgs/nav_msgs/msg/rosidl_generator_c__visibility_control.h
[5.925s] -- Up-to-date: /home/aidan/GitHub/AidansRepo/TeensySwerve/install/nav_msgs/include/nav_msgs/nav_msgs/msg/odometry.h
[5.925s] -- Up-to-date: /home/aidan/GitHub/AidansRepo/TeensySwerve/install/nav_msgs/include/nav_msgs/nav_msgs/msg/detail
[5.925s] -- Up-to-date: /home/aidan/GitHub/AidansRepo/TeensySwerve/install/nav_msgs/include/nav_msgs/nav_msgs/msg/detail/occupancy_grid__type_support.h
[5.925s] -- Up-to-date: /home/aidan/GitHub/AidansRepo/TeensySwerve/install/nav_msgs/include/nav_msgs/nav_msgs/msg/detail/goals__type_support.h
[5.931s] -- Up-to-date: /home/aidan/GitHub/AidansRepo/TeensySwerve/install/nav_msgs/include/nav_msgs/nav_msgs/msg/detail/path__functions.c
[5.934s] -- Up-to-date: /home/aidan/GitHub/AidansRepo/TeensySwerve/install/nav_msgs/include/nav_msgs/nav_msgs/msg/detail/goals__functions.h
[5.934s] -- Up-to-date: /home/aidan/GitHub/AidansRepo/TeensySwerve/install/nav_msgs/include/nav_msgs/nav_msgs/msg/detail/map_meta_data__struct.h
[5.934s] -- Up-to-date: /home/aidan/GitHub/AidansRepo/TeensySwerve/install/nav_msgs/include/nav_msgs/nav_msgs/msg/detail/grid_cells__type_support.h
[5.940s] -- Up-to-date: /home/aidan/GitHub/AidansRepo/TeensySwerve/install/nav_msgs/include/nav_msgs/nav_msgs/msg/detail/occupancy_grid__functions.h
[5.941s] -- Up-to-date: /home/aidan/GitHub/AidansRepo/TeensySwerve/install/nav_msgs/include/nav_msgs/nav_msgs/msg/detail/occupancy_grid__functions.c
[5.941s] -- Up-to-date: /home/aidan/GitHub/AidansRepo/TeensySwerve/install/nav_msgs/include/nav_msgs/nav_msgs/msg/detail/path__type_support.h
[5.941s] -- Up-to-date: /home/aidan/GitHub/AidansRepo/TeensySwerve/install/nav_msgs/include/nav_msgs/nav_msgs/msg/detail/odometry__functions.h
[5.946s] -- Up-to-date: /home/aidan/GitHub/AidansRepo/TeensySwerve/install/nav_msgs/include/nav_msgs/nav_msgs/msg/detail/map_meta_data__functions.h
[5.946s] -- Up-to-date: /home/aidan/GitHub/AidansRepo/TeensySwerve/install/nav_msgs/include/nav_msgs/nav_msgs/msg/detail/odometry__type_support.h
[5.950s] -- Up-to-date: /home/aidan/GitHub/AidansRepo/TeensySwerve/install/nav_msgs/include/nav_msgs/nav_msgs/msg/detail/map_meta_data__type_support.h
[5.950s] -- Up-to-date: /home/aidan/GitHub/AidansRepo/TeensySwerve/install/nav_msgs/include/nav_msgs/nav_msgs/msg/detail/path__struct.h
[5.950s] -- Up-to-date: /home/aidan/GitHub/AidansRepo/TeensySwerve/install/nav_msgs/include/nav_msgs/nav_msgs/msg/detail/path__functions.h
[5.954s] -- Up-to-date: /home/aidan/GitHub/AidansRepo/TeensySwerve/install/nav_msgs/include/nav_msgs/nav_msgs/msg/detail/occupancy_grid__struct.h
[5.955s] -- Up-to-date: /home/aidan/GitHub/AidansRepo/TeensySwerve/install/nav_msgs/include/nav_msgs/nav_msgs/msg/detail/odometry__struct.h
[5.955s] -- Up-to-date: /home/aidan/GitHub/AidansRepo/TeensySwerve/install/nav_msgs/include/nav_msgs/nav_msgs/msg/detail/grid_cells__functions.h
[5.955s] -- Up-to-date: /home/aidan/GitHub/AidansRepo/TeensySwerve/install/nav_msgs/include/nav_msgs/nav_msgs/msg/detail/grid_cells__functions.c
[5.955s] -- Up-to-date: /home/aidan/GitHub/AidansRepo/TeensySwerve/install/nav_msgs/include/nav_msgs/nav_msgs/msg/detail/odometry__functions.c
[5.956s] -- Up-to-date: /home/aidan/GitHub/AidansRepo/TeensySwerve/install/nav_msgs/include/nav_msgs/nav_msgs/msg/detail/goals__struct.h
[5.959s] -- Up-to-date: /home/aidan/GitHub/AidansRepo/TeensySwerve/install/nav_msgs/include/nav_msgs/nav_msgs/msg/detail/grid_cells__struct.h
[5.959s] -- Up-to-date: /home/aidan/GitHub/AidansRepo/TeensySwerve/install/nav_msgs/include/nav_msgs/nav_msgs/msg/detail/goals__functions.c
[5.960s] -- Up-to-date: /home/aidan/GitHub/AidansRepo/TeensySwerve/install/nav_msgs/include/nav_msgs/nav_msgs/msg/detail/map_meta_data__functions.c
[5.964s] -- Up-to-date: /home/aidan/GitHub/AidansRepo/TeensySwerve/install/nav_msgs/share/nav_msgs/environment/library_path.sh
[5.964s] -- Up-to-date: /home/aidan/GitHub/AidansRepo/TeensySwerve/install/nav_msgs/share/nav_msgs/environment/library_path.dsv
[5.965s] -- Up-to-date: /home/aidan/GitHub/AidansRepo/TeensySwerve/install/nav_msgs/lib/libnav_msgs__rosidl_generator_c.so
[5.965s] -- Up-to-date: /home/aidan/GitHub/AidansRepo/TeensySwerve/install/nav_msgs/include/nav_msgs/nav_msgs
[5.968s] -- Up-to-date: /home/aidan/GitHub/AidansRepo/TeensySwerve/install/nav_msgs/include/nav_msgs/nav_msgs/srv
[5.968s] -- Up-to-date: /home/aidan/GitHub/AidansRepo/TeensySwerve/install/nav_msgs/include/nav_msgs/nav_msgs/srv/detail
[5.969s] -- Up-to-date: /home/aidan/GitHub/AidansRepo/TeensySwerve/install/nav_msgs/include/nav_msgs/nav_msgs/srv/detail/get_plan__rosidl_typesupport_fastrtps_c.h
[5.969s] -- Up-to-date: /home/aidan/GitHub/AidansRepo/TeensySwerve/install/nav_msgs/include/nav_msgs/nav_msgs/srv/detail/set_map__rosidl_typesupport_fastrtps_c.h
[5.971s] -- Up-to-date: /home/aidan/GitHub/AidansRepo/TeensySwerve/install/nav_msgs/include/nav_msgs/nav_msgs/srv/detail/get_map__rosidl_typesupport_fastrtps_c.h
[5.971s] -- Up-to-date: /home/aidan/GitHub/AidansRepo/TeensySwerve/install/nav_msgs/include/nav_msgs/nav_msgs/srv/detail/load_map__rosidl_typesupport_fastrtps_c.h
[5.974s] -- Up-to-date: /home/aidan/GitHub/AidansRepo/TeensySwerve/install/nav_msgs/include/nav_msgs/nav_msgs/msg
[5.974s] -- Up-to-date: /home/aidan/GitHub/AidansRepo/TeensySwerve/install/nav_msgs/include/nav_msgs/nav_msgs/msg/rosidl_typesupport_fastrtps_c__visibility_control.h
[5.974s] -- Up-to-date: /home/aidan/GitHub/AidansRepo/TeensySwerve/install/nav_msgs/include/nav_msgs/nav_msgs/msg/detail
[5.974s] -- Up-to-date: /home/aidan/GitHub/AidansRepo/TeensySwerve/install/nav_msgs/include/nav_msgs/nav_msgs/msg/detail/path__rosidl_typesupport_fastrtps_c.h
[5.975s] -- Up-to-date: /home/aidan/GitHub/AidansRepo/TeensySwerve/install/nav_msgs/include/nav_msgs/nav_msgs/msg/detail/odometry__rosidl_typesupport_fastrtps_c.h
[5.975s] -- Up-to-date: /home/aidan/GitHub/AidansRepo/TeensySwerve/install/nav_msgs/include/nav_msgs/nav_msgs/msg/detail/occupancy_grid__rosidl_typesupport_fastrtps_c.h
[5.975s] -- Up-to-date: /home/aidan/GitHub/AidansRepo/TeensySwerve/install/nav_msgs/include/nav_msgs/nav_msgs/msg/detail/goals__rosidl_typesupport_fastrtps_c.h
[5.975s] -- Up-to-date: /home/aidan/GitHub/AidansRepo/TeensySwerve/install/nav_msgs/include/nav_msgs/nav_msgs/msg/detail/grid_cells__rosidl_typesupport_fastrtps_c.h
[5.975s] -- Up-to-date: /home/aidan/GitHub/AidansRepo/TeensySwerve/install/nav_msgs/include/nav_msgs/nav_msgs/msg/detail/map_meta_data__rosidl_typesupport_fastrtps_c.h
[5.976s] -- Up-to-date: /home/aidan/GitHub/AidansRepo/TeensySwerve/install/nav_msgs/lib/libnav_msgs__rosidl_typesupport_fastrtps_c.so
[5.977s] -- Up-to-date: /home/aidan/GitHub/AidansRepo/TeensySwerve/install/nav_msgs/include/nav_msgs/nav_msgs
[5.977s] -- Up-to-date: /home/aidan/GitHub/AidansRepo/TeensySwerve/install/nav_msgs/include/nav_msgs/nav_msgs/srv
[5.977s] -- Up-to-date: /home/aidan/GitHub/AidansRepo/TeensySwerve/install/nav_msgs/include/nav_msgs/nav_msgs/srv/set_map.hpp
[5.978s] -- Up-to-date: /home/aidan/GitHub/AidansRepo/TeensySwerve/install/nav_msgs/include/nav_msgs/nav_msgs/srv/get_map.hpp
[5.978s] -- Up-to-date: /home/aidan/GitHub/AidansRepo/TeensySwerve/install/nav_msgs/include/nav_msgs/nav_msgs/srv/load_map.hpp
[5.984s] -- Up-to-date: /home/aidan/GitHub/AidansRepo/TeensySwerve/install/nav_msgs/include/nav_msgs/nav_msgs/srv/get_plan.hpp
[5.985s] -- Up-to-date: /home/aidan/GitHub/AidansRepo/TeensySwerve/install/nav_msgs/include/nav_msgs/nav_msgs/srv/detail
[5.985s] -- Up-to-date: /home/aidan/GitHub/AidansRepo/TeensySwerve/install/nav_msgs/include/nav_msgs/nav_msgs/srv/detail/set_map__type_support.hpp
[5.985s] -- Up-to-date: /home/aidan/GitHub/AidansRepo/TeensySwerve/install/nav_msgs/include/nav_msgs/nav_msgs/srv/detail/get_plan__type_support.hpp
[5.985s] -- Up-to-date: /home/aidan/GitHub/AidansRepo/TeensySwerve/install/nav_msgs/include/nav_msgs/nav_msgs/srv/detail/get_map__builder.hpp
[5.986s] -- Up-to-date: /home/aidan/GitHub/AidansRepo/TeensySwerve/install/nav_msgs/include/nav_msgs/nav_msgs/srv/detail/get_map__struct.hpp
[5.986s] -- Up-to-date: /home/aidan/GitHub/AidansRepo/TeensySwerve/install/nav_msgs/include/nav_msgs/nav_msgs/srv/detail/set_map__struct.hpp
[5.986s] -- Up-to-date: /home/aidan/GitHub/AidansRepo/TeensySwerve/install/nav_msgs/include/nav_msgs/nav_msgs/srv/detail/get_plan__builder.hpp
[5.986s] -- Up-to-date: /home/aidan/GitHub/AidansRepo/TeensySwerve/install/nav_msgs/include/nav_msgs/nav_msgs/srv/detail/load_map__type_support.hpp
[5.986s] -- Up-to-date: /home/aidan/GitHub/AidansRepo/TeensySwerve/install/nav_msgs/include/nav_msgs/nav_msgs/srv/detail/get_map__traits.hpp
[5.986s] -- Up-to-date: /home/aidan/GitHub/AidansRepo/TeensySwerve/install/nav_msgs/include/nav_msgs/nav_msgs/srv/detail/load_map__traits.hpp
[5.987s] -- Up-to-date: /home/aidan/GitHub/AidansRepo/TeensySwerve/install/nav_msgs/include/nav_msgs/nav_msgs/srv/detail/load_map__struct.hpp
[5.987s] -- Up-to-date: /home/aidan/GitHub/AidansRepo/TeensySwerve/install/nav_msgs/include/nav_msgs/nav_msgs/srv/detail/get_plan__struct.hpp
[5.987s] -- Up-to-date: /home/aidan/GitHub/AidansRepo/TeensySwerve/install/nav_msgs/include/nav_msgs/nav_msgs/srv/detail/get_plan__traits.hpp
[5.987s] -- Up-to-date: /home/aidan/GitHub/AidansRepo/TeensySwerve/install/nav_msgs/include/nav_msgs/nav_msgs/srv/detail/set_map__traits.hpp
[5.988s] -- Up-to-date: /home/aidan/GitHub/AidansRepo/TeensySwerve/install/nav_msgs/include/nav_msgs/nav_msgs/srv/detail/load_map__builder.hpp
[5.988s] -- Up-to-date: /home/aidan/GitHub/AidansRepo/TeensySwerve/install/nav_msgs/include/nav_msgs/nav_msgs/srv/detail/set_map__builder.hpp
[5.988s] -- Up-to-date: /home/aidan/GitHub/AidansRepo/TeensySwerve/install/nav_msgs/include/nav_msgs/nav_msgs/srv/detail/get_map__type_support.hpp
[5.988s] -- Up-to-date: /home/aidan/GitHub/AidansRepo/TeensySwerve/install/nav_msgs/include/nav_msgs/nav_msgs/msg
[5.988s] -- Up-to-date: /home/aidan/GitHub/AidansRepo/TeensySwerve/install/nav_msgs/include/nav_msgs/nav_msgs/msg/map_meta_data.hpp
[5.988s] -- Up-to-date: /home/aidan/GitHub/AidansRepo/TeensySwerve/install/nav_msgs/include/nav_msgs/nav_msgs/msg/goals.hpp
[5.988s] -- Up-to-date: /home/aidan/GitHub/AidansRepo/TeensySwerve/install/nav_msgs/include/nav_msgs/nav_msgs/msg/occupancy_grid.hpp
[5.989s] -- Up-to-date: /home/aidan/GitHub/AidansRepo/TeensySwerve/install/nav_msgs/include/nav_msgs/nav_msgs/msg/path.hpp
[5.989s] -- Up-to-date: /home/aidan/GitHub/AidansRepo/TeensySwerve/install/nav_msgs/include/nav_msgs/nav_msgs/msg/grid_cells.hpp
[5.989s] -- Up-to-date: /home/aidan/GitHub/AidansRepo/TeensySwerve/install/nav_msgs/include/nav_msgs/nav_msgs/msg/odometry.hpp
[5.989s] -- Up-to-date: /home/aidan/GitHub/AidansRepo/TeensySwerve/install/nav_msgs/include/nav_msgs/nav_msgs/msg/detail
[5.989s] -- Up-to-date: /home/aidan/GitHub/AidansRepo/TeensySwerve/install/nav_msgs/include/nav_msgs/nav_msgs/msg/detail/occupancy_grid__builder.hpp
[5.994s] -- Up-to-date: /home/aidan/GitHub/AidansRepo/TeensySwerve/install/nav_msgs/include/nav_msgs/nav_msgs/msg/detail/occupancy_grid__struct.hpp
[5.994s] -- Up-to-date: /home/aidan/GitHub/AidansRepo/TeensySwerve/install/nav_msgs/include/nav_msgs/nav_msgs/msg/detail/map_meta_data__traits.hpp
[5.995s] -- Up-to-date: /home/aidan/GitHub/AidansRepo/TeensySwerve/install/nav_msgs/include/nav_msgs/nav_msgs/msg/detail/odometry__type_support.hpp
[5.995s] -- Up-to-date: /home/aidan/GitHub/AidansRepo/TeensySwerve/install/nav_msgs/include/nav_msgs/nav_msgs/msg/detail/occupancy_grid__type_support.hpp
[5.999s] -- Up-to-date: /home/aidan/GitHub/AidansRepo/TeensySwerve/install/nav_msgs/include/nav_msgs/nav_msgs/msg/detail/occupancy_grid__traits.hpp
[5.999s] -- Up-to-date: /home/aidan/GitHub/AidansRepo/TeensySwerve/install/nav_msgs/include/nav_msgs/nav_msgs/msg/detail/goals__type_support.hpp
[5.999s] -- Up-to-date: /home/aidan/GitHub/AidansRepo/TeensySwerve/install/nav_msgs/include/nav_msgs/nav_msgs/msg/detail/path__traits.hpp
[5.999s] -- Up-to-date: /home/aidan/GitHub/AidansRepo/TeensySwerve/install/nav_msgs/include/nav_msgs/nav_msgs/msg/detail/map_meta_data__type_support.hpp
[5.999s] -- Up-to-date: /home/aidan/GitHub/AidansRepo/TeensySwerve/install/nav_msgs/include/nav_msgs/nav_msgs/msg/detail/path__builder.hpp
[6.000s] -- Up-to-date: /home/aidan/GitHub/AidansRepo/TeensySwerve/install/nav_msgs/include/nav_msgs/nav_msgs/msg/detail/grid_cells__struct.hpp
[6.000s] -- Up-to-date: /home/aidan/GitHub/AidansRepo/TeensySwerve/install/nav_msgs/include/nav_msgs/nav_msgs/msg/detail/map_meta_data__struct.hpp
[6.000s] -- Up-to-date: /home/aidan/GitHub/AidansRepo/TeensySwerve/install/nav_msgs/include/nav_msgs/nav_msgs/msg/detail/grid_cells__type_support.hpp
[6.000s] -- Up-to-date: /home/aidan/GitHub/AidansRepo/TeensySwerve/install/nav_msgs/include/nav_msgs/nav_msgs/msg/detail/goals__struct.hpp
[6.000s] -- Up-to-date: /home/aidan/GitHub/AidansRepo/TeensySwerve/install/nav_msgs/include/nav_msgs/nav_msgs/msg/detail/map_meta_data__builder.hpp
[6.002s] -- Up-to-date: /home/aidan/GitHub/AidansRepo/TeensySwerve/install/nav_msgs/include/nav_msgs/nav_msgs/msg/detail/grid_cells__builder.hpp
[6.003s] -- Up-to-date: /home/aidan/GitHub/AidansRepo/TeensySwerve/install/nav_msgs/include/nav_msgs/nav_msgs/msg/detail/grid_cells__traits.hpp
[6.003s] -- Up-to-date: /home/aidan/GitHub/AidansRepo/TeensySwerve/install/nav_msgs/include/nav_msgs/nav_msgs/msg/detail/goals__builder.hpp
[6.008s] -- Up-to-date: /home/aidan/GitHub/AidansRepo/TeensySwerve/install/nav_msgs/include/nav_msgs/nav_msgs/msg/detail/odometry__traits.hpp
[6.008s] -- Up-to-date: /home/aidan/GitHub/AidansRepo/TeensySwerve/install/nav_msgs/include/nav_msgs/nav_msgs/msg/detail/goals__traits.hpp
[6.009s] -- Up-to-date: /home/aidan/GitHub/AidansRepo/TeensySwerve/install/nav_msgs/include/nav_msgs/nav_msgs/msg/detail/odometry__struct.hpp
[6.009s] -- Up-to-date: /home/aidan/GitHub/AidansRepo/TeensySwerve/install/nav_msgs/include/nav_msgs/nav_msgs/msg/detail/odometry__builder.hpp
[6.010s] -- Up-to-date: /home/aidan/GitHub/AidansRepo/TeensySwerve/install/nav_msgs/include/nav_msgs/nav_msgs/msg/detail/path__struct.hpp
[6.010s] -- Up-to-date: /home/aidan/GitHub/AidansRepo/TeensySwerve/install/nav_msgs/include/nav_msgs/nav_msgs/msg/detail/path__type_support.hpp
[6.010s] -- Up-to-date: /home/aidan/GitHub/AidansRepo/TeensySwerve/install/nav_msgs/include/nav_msgs/nav_msgs/msg/rosidl_generator_cpp__visibility_control.hpp
[6.013s] -- Up-to-date: /home/aidan/GitHub/AidansRepo/TeensySwerve/install/nav_msgs/include/nav_msgs/nav_msgs
[6.013s] -- Up-to-date: /home/aidan/GitHub/AidansRepo/TeensySwerve/install/nav_msgs/include/nav_msgs/nav_msgs/srv
[6.013s] -- Up-to-date: /home/aidan/GitHub/AidansRepo/TeensySwerve/install/nav_msgs/include/nav_msgs/nav_msgs/srv/detail
[6.021s] -- Up-to-date: /home/aidan/GitHub/AidansRepo/TeensySwerve/install/nav_msgs/include/nav_msgs/nav_msgs/srv/detail/dds_fastrtps
[6.021s] -- Up-to-date: /home/aidan/GitHub/AidansRepo/TeensySwerve/install/nav_msgs/include/nav_msgs/nav_msgs/srv/detail/get_plan__rosidl_typesupport_fastrtps_cpp.hpp
[6.021s] -- Up-to-date: /home/aidan/GitHub/AidansRepo/TeensySwerve/install/nav_msgs/include/nav_msgs/nav_msgs/srv/detail/load_map__rosidl_typesupport_fastrtps_cpp.hpp
[6.022s] -- Up-to-date: /home/aidan/GitHub/AidansRepo/TeensySwerve/install/nav_msgs/include/nav_msgs/nav_msgs/srv/detail/get_map__rosidl_typesupport_fastrtps_cpp.hpp
[6.022s] -- Up-to-date: /home/aidan/GitHub/AidansRepo/TeensySwerve/install/nav_msgs/include/nav_msgs/nav_msgs/srv/detail/set_map__rosidl_typesupport_fastrtps_cpp.hpp
[6.023s] -- Up-to-date: /home/aidan/GitHub/AidansRepo/TeensySwerve/install/nav_msgs/include/nav_msgs/nav_msgs/msg
[6.023s] -- Up-to-date: /home/aidan/GitHub/AidansRepo/TeensySwerve/install/nav_msgs/include/nav_msgs/nav_msgs/msg/rosidl_typesupport_fastrtps_cpp__visibility_control.h
[6.023s] -- Up-to-date: /home/aidan/GitHub/AidansRepo/TeensySwerve/install/nav_msgs/include/nav_msgs/nav_msgs/msg/detail
[6.031s] -- Up-to-date: /home/aidan/GitHub/AidansRepo/TeensySwerve/install/nav_msgs/include/nav_msgs/nav_msgs/msg/detail/occupancy_grid__rosidl_typesupport_fastrtps_cpp.hpp
[6.032s] -- Up-to-date: /home/aidan/GitHub/AidansRepo/TeensySwerve/install/nav_msgs/include/nav_msgs/nav_msgs/msg/detail/dds_fastrtps
[6.032s] -- Up-to-date: /home/aidan/GitHub/AidansRepo/TeensySwerve/install/nav_msgs/include/nav_msgs/nav_msgs/msg/detail/map_meta_data__rosidl_typesupport_fastrtps_cpp.hpp
[6.034s] -- Up-to-date: /home/aidan/GitHub/AidansRepo/TeensySwerve/install/nav_msgs/include/nav_msgs/nav_msgs/msg/detail/goals__rosidl_typesupport_fastrtps_cpp.hpp
[6.038s] -- Up-to-date: /home/aidan/GitHub/AidansRepo/TeensySwerve/install/nav_msgs/include/nav_msgs/nav_msgs/msg/detail/grid_cells__rosidl_typesupport_fastrtps_cpp.hpp
[6.040s] -- Up-to-date: /home/aidan/GitHub/AidansRepo/TeensySwerve/install/nav_msgs/include/nav_msgs/nav_msgs/msg/detail/odometry__rosidl_typesupport_fastrtps_cpp.hpp
[6.047s] -- Up-to-date: /home/aidan/GitHub/AidansRepo/TeensySwerve/install/nav_msgs/include/nav_msgs/nav_msgs/msg/detail/path__rosidl_typesupport_fastrtps_cpp.hpp
[6.047s] -- Up-to-date: /home/aidan/GitHub/AidansRepo/TeensySwerve/install/nav_msgs/lib/libnav_msgs__rosidl_typesupport_fastrtps_cpp.so
[6.048s] -- Up-to-date: /home/aidan/GitHub/AidansRepo/TeensySwerve/install/nav_msgs/include/nav_msgs/nav_msgs
[6.048s] -- Up-to-date: /home/aidan/GitHub/AidansRepo/TeensySwerve/install/nav_msgs/include/nav_msgs/nav_msgs/srv
[6.048s] -- Up-to-date: /home/aidan/GitHub/AidansRepo/TeensySwerve/install/nav_msgs/include/nav_msgs/nav_msgs/srv/detail
[6.048s] -- Up-to-date: /home/aidan/GitHub/AidansRepo/TeensySwerve/install/nav_msgs/include/nav_msgs/nav_msgs/srv/detail/set_map__rosidl_typesupport_introspection_c.h
[6.057s] -- Up-to-date: /home/aidan/GitHub/AidansRepo/TeensySwerve/install/nav_msgs/include/nav_msgs/nav_msgs/srv/detail/load_map__rosidl_typesupport_introspection_c.h
[6.058s] -- Up-to-date: /home/aidan/GitHub/AidansRepo/TeensySwerve/install/nav_msgs/include/nav_msgs/nav_msgs/srv/detail/get_plan__type_support.c
[6.058s] -- Up-to-date: /home/aidan/GitHub/AidansRepo/TeensySwerve/install/nav_msgs/include/nav_msgs/nav_msgs/srv/detail/set_map__type_support.c
[6.058s] -- Up-to-date: /home/aidan/GitHub/AidansRepo/TeensySwerve/install/nav_msgs/include/nav_msgs/nav_msgs/srv/detail/load_map__type_support.c
[6.059s] -- Up-to-date: /home/aidan/GitHub/AidansRepo/TeensySwerve/install/nav_msgs/include/nav_msgs/nav_msgs/srv/detail/get_map__type_support.c
[6.059s] -- Up-to-date: /home/aidan/GitHub/AidansRepo/TeensySwerve/install/nav_msgs/include/nav_msgs/nav_msgs/srv/detail/get_map__rosidl_typesupport_introspection_c.h
[6.064s] -- Up-to-date: /home/aidan/GitHub/AidansRepo/TeensySwerve/install/nav_msgs/include/nav_msgs/nav_msgs/srv/detail/get_plan__rosidl_typesupport_introspection_c.h
[6.067s] -- Up-to-date: /home/aidan/GitHub/AidansRepo/TeensySwerve/install/nav_msgs/include/nav_msgs/nav_msgs/msg
[6.067s] -- Up-to-date: /home/aidan/GitHub/AidansRepo/TeensySwerve/install/nav_msgs/include/nav_msgs/nav_msgs/msg/detail
[6.067s] -- Up-to-date: /home/aidan/GitHub/AidansRepo/TeensySwerve/install/nav_msgs/include/nav_msgs/nav_msgs/msg/detail/grid_cells__type_support.c
[6.070s] -- Up-to-date: /home/aidan/GitHub/AidansRepo/TeensySwerve/install/nav_msgs/include/nav_msgs/nav_msgs/msg/detail/grid_cells__rosidl_typesupport_introspection_c.h
[6.071s] -- Up-to-date: /home/aidan/GitHub/AidansRepo/TeensySwerve/install/nav_msgs/include/nav_msgs/nav_msgs/msg/detail/odometry__type_support.c
[6.072s] -- Up-to-date: /home/aidan/GitHub/AidansRepo/TeensySwerve/install/nav_msgs/include/nav_msgs/nav_msgs/msg/detail/map_meta_data__rosidl_typesupport_introspection_c.h
[6.072s] -- Up-to-date: /home/aidan/GitHub/AidansRepo/TeensySwerve/install/nav_msgs/include/nav_msgs/nav_msgs/msg/detail/odometry__rosidl_typesupport_introspection_c.h
[6.072s] -- Up-to-date: /home/aidan/GitHub/AidansRepo/TeensySwerve/install/nav_msgs/include/nav_msgs/nav_msgs/msg/detail/goals__type_support.c
[6.074s] -- Up-to-date: /home/aidan/GitHub/AidansRepo/TeensySwerve/install/nav_msgs/include/nav_msgs/nav_msgs/msg/detail/path__type_support.c
[6.075s] -- Up-to-date: /home/aidan/GitHub/AidansRepo/TeensySwerve/install/nav_msgs/include/nav_msgs/nav_msgs/msg/detail/occupancy_grid__rosidl_typesupport_introspection_c.h
[6.076s] -- Up-to-date: /home/aidan/GitHub/AidansRepo/TeensySwerve/install/nav_msgs/include/nav_msgs/nav_msgs/msg/detail/occupancy_grid__type_support.c
[6.076s] -- Up-to-date: /home/aidan/GitHub/AidansRepo/TeensySwerve/install/nav_msgs/include/nav_msgs/nav_msgs/msg/detail/path__rosidl_typesupport_introspection_c.h
[6.076s] -- Up-to-date: /home/aidan/GitHub/AidansRepo/TeensySwerve/install/nav_msgs/include/nav_msgs/nav_msgs/msg/detail/goals__rosidl_typesupport_introspection_c.h
[6.082s] -- Up-to-date: /home/aidan/GitHub/AidansRepo/TeensySwerve/install/nav_msgs/include/nav_msgs/nav_msgs/msg/detail/map_meta_data__type_support.c
[6.082s] -- Up-to-date: /home/aidan/GitHub/AidansRepo/TeensySwerve/install/nav_msgs/include/nav_msgs/nav_msgs/msg/rosidl_typesupport_introspection_c__visibility_control.h
[6.082s] -- Up-to-date: /home/aidan/GitHub/AidansRepo/TeensySwerve/install/nav_msgs/lib/libnav_msgs__rosidl_typesupport_introspection_c.so
[6.083s] -- Up-to-date: /home/aidan/GitHub/AidansRepo/TeensySwerve/install/nav_msgs/lib/libnav_msgs__rosidl_typesupport_c.so
[6.083s] -- Up-to-date: /home/aidan/GitHub/AidansRepo/TeensySwerve/install/nav_msgs/include/nav_msgs/nav_msgs
[6.083s] -- Up-to-date: /home/aidan/GitHub/AidansRepo/TeensySwerve/install/nav_msgs/include/nav_msgs/nav_msgs/srv
[6.083s] -- Up-to-date: /home/aidan/GitHub/AidansRepo/TeensySwerve/install/nav_msgs/include/nav_msgs/nav_msgs/srv/detail
[6.083s] -- Up-to-date: /home/aidan/GitHub/AidansRepo/TeensySwerve/install/nav_msgs/include/nav_msgs/nav_msgs/srv/detail/get_plan__type_support.cpp
[6.083s] -- Up-to-date: /home/aidan/GitHub/AidansRepo/TeensySwerve/install/nav_msgs/include/nav_msgs/nav_msgs/srv/detail/set_map__type_support.cpp
[6.084s] -- Up-to-date: /home/aidan/GitHub/AidansRepo/TeensySwerve/install/nav_msgs/include/nav_msgs/nav_msgs/srv/detail/load_map__type_support.cpp
[6.084s] -- Up-to-date: /home/aidan/GitHub/AidansRepo/TeensySwerve/install/nav_msgs/include/nav_msgs/nav_msgs/srv/detail/set_map__rosidl_typesupport_introspection_cpp.hpp
[6.084s] -- Up-to-date: /home/aidan/GitHub/AidansRepo/TeensySwerve/install/nav_msgs/include/nav_msgs/nav_msgs/srv/detail/get_map__type_support.cpp
[6.084s] -- Up-to-date: /home/aidan/GitHub/AidansRepo/TeensySwerve/install/nav_msgs/include/nav_msgs/nav_msgs/srv/detail/get_plan__rosidl_typesupport_introspection_cpp.hpp
[6.084s] -- Up-to-date: /home/aidan/GitHub/AidansRepo/TeensySwerve/install/nav_msgs/include/nav_msgs/nav_msgs/srv/detail/get_map__rosidl_typesupport_introspection_cpp.hpp
[6.094s] -- Up-to-date: /home/aidan/GitHub/AidansRepo/TeensySwerve/install/nav_msgs/include/nav_msgs/nav_msgs/srv/detail/load_map__rosidl_typesupport_introspection_cpp.hpp
[6.095s] -- Up-to-date: /home/aidan/GitHub/AidansRepo/TeensySwerve/install/nav_msgs/include/nav_msgs/nav_msgs/msg
[6.095s] -- Up-to-date: /home/aidan/GitHub/AidansRepo/TeensySwerve/install/nav_msgs/include/nav_msgs/nav_msgs/msg/detail
[6.095s] -- Up-to-date: /home/aidan/GitHub/AidansRepo/TeensySwerve/install/nav_msgs/include/nav_msgs/nav_msgs/msg/detail/grid_cells__rosidl_typesupport_introspection_cpp.hpp
[6.095s] -- Up-to-date: /home/aidan/GitHub/AidansRepo/TeensySwerve/install/nav_msgs/include/nav_msgs/nav_msgs/msg/detail/goals__type_support.cpp
[6.095s] -- Up-to-date: /home/aidan/GitHub/AidansRepo/TeensySwerve/install/nav_msgs/include/nav_msgs/nav_msgs/msg/detail/path__rosidl_typesupport_introspection_cpp.hpp
[6.095s] -- Up-to-date: /home/aidan/GitHub/AidansRepo/TeensySwerve/install/nav_msgs/include/nav_msgs/nav_msgs/msg/detail/odometry__type_support.cpp
[6.096s] -- Up-to-date: /home/aidan/GitHub/AidansRepo/TeensySwerve/install/nav_msgs/include/nav_msgs/nav_msgs/msg/detail/odometry__rosidl_typesupport_introspection_cpp.hpp
[6.096s] -- Up-to-date: /home/aidan/GitHub/AidansRepo/TeensySwerve/install/nav_msgs/include/nav_msgs/nav_msgs/msg/detail/grid_cells__type_support.cpp
[6.096s] -- Up-to-date: /home/aidan/GitHub/AidansRepo/TeensySwerve/install/nav_msgs/include/nav_msgs/nav_msgs/msg/detail/map_meta_data__rosidl_typesupport_introspection_cpp.hpp
[6.096s] -- Up-to-date: /home/aidan/GitHub/AidansRepo/TeensySwerve/install/nav_msgs/include/nav_msgs/nav_msgs/msg/detail/occupancy_grid__type_support.cpp
[6.096s] -- Up-to-date: /home/aidan/GitHub/AidansRepo/TeensySwerve/install/nav_msgs/include/nav_msgs/nav_msgs/msg/detail/path__type_support.cpp
[6.100s] -- Up-to-date: /home/aidan/GitHub/AidansRepo/TeensySwerve/install/nav_msgs/include/nav_msgs/nav_msgs/msg/detail/goals__rosidl_typesupport_introspection_cpp.hpp
[6.101s] -- Up-to-date: /home/aidan/GitHub/AidansRepo/TeensySwerve/install/nav_msgs/include/nav_msgs/nav_msgs/msg/detail/map_meta_data__type_support.cpp
[6.106s] -- Up-to-date: /home/aidan/GitHub/AidansRepo/TeensySwerve/install/nav_msgs/include/nav_msgs/nav_msgs/msg/detail/occupancy_grid__rosidl_typesupport_introspection_cpp.hpp
[6.106s] -- Up-to-date: /home/aidan/GitHub/AidansRepo/TeensySwerve/install/nav_msgs/lib/libnav_msgs__rosidl_typesupport_introspection_cpp.so
[6.106s] -- Up-to-date: /home/aidan/GitHub/AidansRepo/TeensySwerve/install/nav_msgs/lib/libnav_msgs__rosidl_typesupport_cpp.so
[6.107s] -- Up-to-date: /home/aidan/GitHub/AidansRepo/TeensySwerve/install/nav_msgs/share/nav_msgs/environment/pythonpath.sh
[6.107s] -- Up-to-date: /home/aidan/GitHub/AidansRepo/TeensySwerve/install/nav_msgs/share/nav_msgs/environment/pythonpath.dsv
[6.107s] -- Up-to-date: /home/aidan/GitHub/AidansRepo/TeensySwerve/install/nav_msgs/local/lib/python3.10/dist-packages/nav_msgs-4.8.0-py3.10.egg-info
[6.108s] -- Installing: /home/aidan/GitHub/AidansRepo/TeensySwerve/install/nav_msgs/local/lib/python3.10/dist-packages/nav_msgs-4.8.0-py3.10.egg-info/PKG-INFO
[6.108s] -- Installing: /home/aidan/GitHub/AidansRepo/TeensySwerve/install/nav_msgs/local/lib/python3.10/dist-packages/nav_msgs-4.8.0-py3.10.egg-info/SOURCES.txt
[6.108s] -- Installing: /home/aidan/GitHub/AidansRepo/TeensySwerve/install/nav_msgs/local/lib/python3.10/dist-packages/nav_msgs-4.8.0-py3.10.egg-info/dependency_links.txt
[6.114s] -- Installing: /home/aidan/GitHub/AidansRepo/TeensySwerve/install/nav_msgs/local/lib/python3.10/dist-packages/nav_msgs-4.8.0-py3.10.egg-info/top_level.txt
[6.115s] -- Up-to-date: /home/aidan/GitHub/AidansRepo/TeensySwerve/install/nav_msgs/local/lib/python3.10/dist-packages/nav_msgs
[6.115s] -- Up-to-date: /home/aidan/GitHub/AidansRepo/TeensySwerve/install/nav_msgs/local/lib/python3.10/dist-packages/nav_msgs/_nav_msgs_s.ep.rosidl_typesupport_introspection_c.c
[6.115s] -- Up-to-date: /home/aidan/GitHub/AidansRepo/TeensySwerve/install/nav_msgs/local/lib/python3.10/dist-packages/nav_msgs/nav_msgs_s__rosidl_typesupport_introspection_c.cpython-310-x86_64-linux-gnu.so
[6.115s] -- Up-to-date: /home/aidan/GitHub/AidansRepo/TeensySwerve/install/nav_msgs/local/lib/python3.10/dist-packages/nav_msgs/srv
[6.115s] -- Up-to-date: /home/aidan/GitHub/AidansRepo/TeensySwerve/install/nav_msgs/local/lib/python3.10/dist-packages/nav_msgs/srv/_load_map.py
[6.115s] -- Up-to-date: /home/aidan/GitHub/AidansRepo/TeensySwerve/install/nav_msgs/local/lib/python3.10/dist-packages/nav_msgs/srv/_load_map_s.c
[6.116s] -- Up-to-date: /home/aidan/GitHub/AidansRepo/TeensySwerve/install/nav_msgs/local/lib/python3.10/dist-packages/nav_msgs/srv/_get_plan_s.c
[6.116s] -- Up-to-date: /home/aidan/GitHub/AidansRepo/TeensySwerve/install/nav_msgs/local/lib/python3.10/dist-packages/nav_msgs/srv/_get_map.py
[6.116s] -- Up-to-date: /home/aidan/GitHub/AidansRepo/TeensySwerve/install/nav_msgs/local/lib/python3.10/dist-packages/nav_msgs/srv/_get_map_s.c
[6.116s] -- Up-to-date: /home/aidan/GitHub/AidansRepo/TeensySwerve/install/nav_msgs/local/lib/python3.10/dist-packages/nav_msgs/srv/__init__.py
[6.116s] -- Up-to-date: /home/aidan/GitHub/AidansRepo/TeensySwerve/install/nav_msgs/local/lib/python3.10/dist-packages/nav_msgs/srv/_get_plan.py
[6.118s] -- Up-to-date: /home/aidan/GitHub/AidansRepo/TeensySwerve/install/nav_msgs/local/lib/python3.10/dist-packages/nav_msgs/srv/_set_map_s.c
[6.120s] -- Up-to-date: /home/aidan/GitHub/AidansRepo/TeensySwerve/install/nav_msgs/local/lib/python3.10/dist-packages/nav_msgs/srv/_set_map.py
[6.121s] -- Up-to-date: /home/aidan/GitHub/AidansRepo/TeensySwerve/install/nav_msgs/local/lib/python3.10/dist-packages/nav_msgs/nav_msgs_s__rosidl_typesupport_fastrtps_c.cpython-310-x86_64-linux-gnu.so
[6.121s] -- Up-to-date: /home/aidan/GitHub/AidansRepo/TeensySwerve/install/nav_msgs/local/lib/python3.10/dist-packages/nav_msgs/__init__.py
[6.121s] -- Up-to-date: /home/aidan/GitHub/AidansRepo/TeensySwerve/install/nav_msgs/local/lib/python3.10/dist-packages/nav_msgs/msg
[6.122s] -- Up-to-date: /home/aidan/GitHub/AidansRepo/TeensySwerve/install/nav_msgs/local/lib/python3.10/dist-packages/nav_msgs/msg/_grid_cells.py
[6.122s] -- Up-to-date: /home/aidan/GitHub/AidansRepo/TeensySwerve/install/nav_msgs/local/lib/python3.10/dist-packages/nav_msgs/msg/_odometry_s.c
[6.123s] -- Up-to-date: /home/aidan/GitHub/AidansRepo/TeensySwerve/install/nav_msgs/local/lib/python3.10/dist-packages/nav_msgs/msg/_occupancy_grid_s.c
[6.124s] -- Up-to-date: /home/aidan/GitHub/AidansRepo/TeensySwerve/install/nav_msgs/local/lib/python3.10/dist-packages/nav_msgs/msg/_goals.py
[6.124s] -- Up-to-date: /home/aidan/GitHub/AidansRepo/TeensySwerve/install/nav_msgs/local/lib/python3.10/dist-packages/nav_msgs/msg/__init__.py
[6.125s] -- Up-to-date: /home/aidan/GitHub/AidansRepo/TeensySwerve/install/nav_msgs/local/lib/python3.10/dist-packages/nav_msgs/msg/_grid_cells_s.c
[6.125s] -- Up-to-date: /home/aidan/GitHub/AidansRepo/TeensySwerve/install/nav_msgs/local/lib/python3.10/dist-packages/nav_msgs/msg/_path_s.c
[6.125s] -- Up-to-date: /home/aidan/GitHub/AidansRepo/TeensySwerve/install/nav_msgs/local/lib/python3.10/dist-packages/nav_msgs/msg/_path.py
[6.127s] -- Up-to-date: /home/aidan/GitHub/AidansRepo/TeensySwerve/install/nav_msgs/local/lib/python3.10/dist-packages/nav_msgs/msg/_map_meta_data_s.c
[6.128s] -- Up-to-date: /home/aidan/GitHub/AidansRepo/TeensySwerve/install/nav_msgs/local/lib/python3.10/dist-packages/nav_msgs/msg/_goals_s.c
[6.129s] -- Up-to-date: /home/aidan/GitHub/AidansRepo/TeensySwerve/install/nav_msgs/local/lib/python3.10/dist-packages/nav_msgs/msg/_odometry.py
[6.129s] -- Up-to-date: /home/aidan/GitHub/AidansRepo/TeensySwerve/install/nav_msgs/local/lib/python3.10/dist-packages/nav_msgs/msg/_occupancy_grid.py
[6.130s] -- Up-to-date: /home/aidan/GitHub/AidansRepo/TeensySwerve/install/nav_msgs/local/lib/python3.10/dist-packages/nav_msgs/msg/_map_meta_data.py
[6.131s] -- Up-to-date: /home/aidan/GitHub/AidansRepo/TeensySwerve/install/nav_msgs/local/lib/python3.10/dist-packages/nav_msgs/_nav_msgs_s.ep.rosidl_typesupport_c.c
[6.132s] -- Up-to-date: /home/aidan/GitHub/AidansRepo/TeensySwerve/install/nav_msgs/local/lib/python3.10/dist-packages/nav_msgs/libnav_msgs__rosidl_generator_py.so
[6.132s] -- Up-to-date: /home/aidan/GitHub/AidansRepo/TeensySwerve/install/nav_msgs/local/lib/python3.10/dist-packages/nav_msgs/nav_msgs_s__rosidl_typesupport_c.cpython-310-x86_64-linux-gnu.so
[6.133s] -- Up-to-date: /home/aidan/GitHub/AidansRepo/TeensySwerve/install/nav_msgs/local/lib/python3.10/dist-packages/nav_msgs/_nav_msgs_s.ep.rosidl_typesupport_fastrtps_c.c
[6.372s] Listing '/home/aidan/GitHub/AidansRepo/TeensySwerve/install/nav_msgs/local/lib/python3.10/dist-packages/nav_msgs'...
[6.372s] Listing '/home/aidan/GitHub/AidansRepo/TeensySwerve/install/nav_msgs/local/lib/python3.10/dist-packages/nav_msgs/msg'...
[6.373s] Listing '/home/aidan/GitHub/AidansRepo/TeensySwerve/install/nav_msgs/local/lib/python3.10/dist-packages/nav_msgs/srv'...
[6.442s] -- Up-to-date: /home/aidan/GitHub/AidansRepo/TeensySwerve/install/nav_msgs/local/lib/python3.10/dist-packages/nav_msgs/nav_msgs_s__rosidl_typesupport_fastrtps_c.cpython-310-x86_64-linux-gnu.so
[6.443s] -- Up-to-date: /home/aidan/GitHub/AidansRepo/TeensySwerve/install/nav_msgs/local/lib/python3.10/dist-packages/nav_msgs/nav_msgs_s__rosidl_typesupport_introspection_c.cpython-310-x86_64-linux-gnu.so
[6.446s] -- Up-to-date: /home/aidan/GitHub/AidansRepo/TeensySwerve/install/nav_msgs/local/lib/python3.10/dist-packages/nav_msgs/nav_msgs_s__rosidl_typesupport_c.cpython-310-x86_64-linux-gnu.so
[6.448s] -- Up-to-date: /home/aidan/GitHub/AidansRepo/TeensySwerve/install/nav_msgs/lib/libnav_msgs__rosidl_generator_py.so
[6.448s] -- Up-to-date: /home/aidan/GitHub/AidansRepo/TeensySwerve/install/nav_msgs/share/nav_msgs/msg/Goals.idl
[6.453s] -- Up-to-date: /home/aidan/GitHub/AidansRepo/TeensySwerve/install/nav_msgs/share/nav_msgs/msg/GridCells.idl
[6.453s] -- Up-to-date: /home/aidan/GitHub/AidansRepo/TeensySwerve/install/nav_msgs/share/nav_msgs/msg/MapMetaData.idl
[6.453s] -- Up-to-date: /home/aidan/GitHub/AidansRepo/TeensySwerve/install/nav_msgs/share/nav_msgs/msg/OccupancyGrid.idl
[6.454s] -- Up-to-date: /home/aidan/GitHub/AidansRepo/TeensySwerve/install/nav_msgs/share/nav_msgs/msg/Odometry.idl
[6.454s] -- Up-to-date: /home/aidan/GitHub/AidansRepo/TeensySwerve/install/nav_msgs/share/nav_msgs/msg/Path.idl
[6.460s] -- Up-to-date: /home/aidan/GitHub/AidansRepo/TeensySwerve/install/nav_msgs/share/nav_msgs/srv/GetMap.idl
[6.461s] -- Up-to-date: /home/aidan/GitHub/AidansRepo/TeensySwerve/install/nav_msgs/share/nav_msgs/srv/GetPlan.idl
[6.469s] -- Up-to-date: /home/aidan/GitHub/AidansRepo/TeensySwerve/install/nav_msgs/share/nav_msgs/srv/LoadMap.idl
[6.469s] -- Up-to-date: /home/aidan/GitHub/AidansRepo/TeensySwerve/install/nav_msgs/share/nav_msgs/srv/SetMap.idl
[6.470s] -- Up-to-date: /home/aidan/GitHub/AidansRepo/TeensySwerve/install/nav_msgs/share/nav_msgs/msg/Goals.msg
[6.470s] -- Up-to-date: /home/aidan/GitHub/AidansRepo/TeensySwerve/install/nav_msgs/share/nav_msgs/msg/GridCells.msg
[6.470s] -- Up-to-date: /home/aidan/GitHub/AidansRepo/TeensySwerve/install/nav_msgs/share/nav_msgs/msg/MapMetaData.msg
[6.473s] -- Up-to-date: /home/aidan/GitHub/AidansRepo/TeensySwerve/install/nav_msgs/share/nav_msgs/msg/OccupancyGrid.msg
[6.474s] -- Up-to-date: /home/aidan/GitHub/AidansRepo/TeensySwerve/install/nav_msgs/share/nav_msgs/msg/Odometry.msg
[6.479s] -- Up-to-date: /home/aidan/GitHub/AidansRepo/TeensySwerve/install/nav_msgs/share/nav_msgs/msg/Path.msg
[6.480s] -- Up-to-date: /home/aidan/GitHub/AidansRepo/TeensySwerve/install/nav_msgs/share/nav_msgs/srv/GetMap.srv
[6.481s] -- Up-to-date: /home/aidan/GitHub/AidansRepo/TeensySwerve/install/nav_msgs/share/nav_msgs/srv/GetMap_Request.msg
[6.481s] -- Up-to-date: /home/aidan/GitHub/AidansRepo/TeensySwerve/install/nav_msgs/share/nav_msgs/srv/GetMap_Response.msg
[6.481s] -- Up-to-date: /home/aidan/GitHub/AidansRepo/TeensySwerve/install/nav_msgs/share/nav_msgs/srv/GetPlan.srv
[6.482s] -- Up-to-date: /home/aidan/GitHub/AidansRepo/TeensySwerve/install/nav_msgs/share/nav_msgs/srv/GetPlan_Request.msg
[6.482s] -- Up-to-date: /home/aidan/GitHub/AidansRepo/TeensySwerve/install/nav_msgs/share/nav_msgs/srv/GetPlan_Response.msg
[6.482s] -- Up-to-date: /home/aidan/GitHub/AidansRepo/TeensySwerve/install/nav_msgs/share/nav_msgs/srv/LoadMap.srv
[6.485s] -- Up-to-date: /home/aidan/GitHub/AidansRepo/TeensySwerve/install/nav_msgs/share/nav_msgs/srv/LoadMap_Request.msg
[6.485s] -- Up-to-date: /home/aidan/GitHub/AidansRepo/TeensySwerve/install/nav_msgs/share/nav_msgs/srv/LoadMap_Response.msg
[6.485s] -- Up-to-date: /home/aidan/GitHub/AidansRepo/TeensySwerve/install/nav_msgs/share/nav_msgs/srv/SetMap.srv
[6.486s] -- Up-to-date: /home/aidan/GitHub/AidansRepo/TeensySwerve/install/nav_msgs/share/nav_msgs/srv/SetMap_Request.msg
[6.486s] -- Up-to-date: /home/aidan/GitHub/AidansRepo/TeensySwerve/install/nav_msgs/share/nav_msgs/srv/SetMap_Response.msg
[6.486s] -- Up-to-date: /home/aidan/GitHub/AidansRepo/TeensySwerve/install/nav_msgs/share/ament_index/resource_index/package_run_dependencies/nav_msgs
[6.486s] -- Up-to-date: /home/aidan/GitHub/AidansRepo/TeensySwerve/install/nav_msgs/share/ament_index/resource_index/parent_prefix_path/nav_msgs
[6.486s] -- Up-to-date: /home/aidan/GitHub/AidansRepo/TeensySwerve/install/nav_msgs/share/nav_msgs/environment/ament_prefix_path.sh
[6.489s] -- Up-to-date: /home/aidan/GitHub/AidansRepo/TeensySwerve/install/nav_msgs/share/nav_msgs/environment/ament_prefix_path.dsv
[6.492s] -- Up-to-date: /home/aidan/GitHub/AidansRepo/TeensySwerve/install/nav_msgs/share/nav_msgs/environment/path.sh
[6.492s] -- Up-to-date: /home/aidan/GitHub/AidansRepo/TeensySwerve/install/nav_msgs/share/nav_msgs/environment/path.dsv
[6.499s] -- Up-to-date: /home/aidan/GitHub/AidansRepo/TeensySwerve/install/nav_msgs/share/nav_msgs/local_setup.bash
[6.499s] -- Up-to-date: /home/aidan/GitHub/AidansRepo/TeensySwerve/install/nav_msgs/share/nav_msgs/local_setup.sh
[6.500s] -- Up-to-date: /home/aidan/GitHub/AidansRepo/TeensySwerve/install/nav_msgs/share/nav_msgs/local_setup.zsh
[6.500s] -- Up-to-date: /home/aidan/GitHub/AidansRepo/TeensySwerve/install/nav_msgs/share/nav_msgs/local_setup.dsv
[6.507s] -- Installing: /home/aidan/GitHub/AidansRepo/TeensySwerve/install/nav_msgs/share/nav_msgs/package.dsv
[6.514s] -- Up-to-date: /home/aidan/GitHub/AidansRepo/TeensySwerve/install/nav_msgs/share/ament_index/resource_index/packages/nav_msgs
[6.515s] -- Up-to-date: /home/aidan/GitHub/AidansRepo/TeensySwerve/install/nav_msgs/share/nav_msgs/cmake/export_nav_msgs__rosidl_generator_cExport.cmake
[6.522s] -- Up-to-date: /home/aidan/GitHub/AidansRepo/TeensySwerve/install/nav_msgs/share/nav_msgs/cmake/export_nav_msgs__rosidl_generator_cExport-noconfig.cmake
[6.523s] -- Up-to-date: /home/aidan/GitHub/AidansRepo/TeensySwerve/install/nav_msgs/share/nav_msgs/cmake/export_nav_msgs__rosidl_typesupport_fastrtps_cExport.cmake
[6.523s] -- Up-to-date: /home/aidan/GitHub/AidansRepo/TeensySwerve/install/nav_msgs/share/nav_msgs/cmake/export_nav_msgs__rosidl_typesupport_fastrtps_cExport-noconfig.cmake
[6.523s] -- Up-to-date: /home/aidan/GitHub/AidansRepo/TeensySwerve/install/nav_msgs/share/nav_msgs/cmake/export_nav_msgs__rosidl_generator_cppExport.cmake
[6.523s] -- Up-to-date: /home/aidan/GitHub/AidansRepo/TeensySwerve/install/nav_msgs/share/nav_msgs/cmake/export_nav_msgs__rosidl_typesupport_fastrtps_cppExport.cmake
[6.524s] -- Up-to-date: /home/aidan/GitHub/AidansRepo/TeensySwerve/install/nav_msgs/share/nav_msgs/cmake/export_nav_msgs__rosidl_typesupport_fastrtps_cppExport-noconfig.cmake
[6.524s] -- Up-to-date: /home/aidan/GitHub/AidansRepo/TeensySwerve/install/nav_msgs/share/nav_msgs/cmake/nav_msgs__rosidl_typesupport_introspection_cExport.cmake
[6.538s] -- Up-to-date: /home/aidan/GitHub/AidansRepo/TeensySwerve/install/nav_msgs/share/nav_msgs/cmake/nav_msgs__rosidl_typesupport_introspection_cExport-noconfig.cmake
[6.539s] -- Up-to-date: /home/aidan/GitHub/AidansRepo/TeensySwerve/install/nav_msgs/share/nav_msgs/cmake/nav_msgs__rosidl_typesupport_cExport.cmake
[6.539s] -- Up-to-date: /home/aidan/GitHub/AidansRepo/TeensySwerve/install/nav_msgs/share/nav_msgs/cmake/nav_msgs__rosidl_typesupport_cExport-noconfig.cmake
[6.539s] -- Up-to-date: /home/aidan/GitHub/AidansRepo/TeensySwerve/install/nav_msgs/share/nav_msgs/cmake/nav_msgs__rosidl_typesupport_introspection_cppExport.cmake
[6.539s] -- Up-to-date: /home/aidan/GitHub/AidansRepo/TeensySwerve/install/nav_msgs/share/nav_msgs/cmake/nav_msgs__rosidl_typesupport_introspection_cppExport-noconfig.cmake
[6.539s] -- Up-to-date: /home/aidan/GitHub/AidansRepo/TeensySwerve/install/nav_msgs/share/nav_msgs/cmake/nav_msgs__rosidl_typesupport_cppExport.cmake
[6.540s] -- Up-to-date: /home/aidan/GitHub/AidansRepo/TeensySwerve/install/nav_msgs/share/nav_msgs/cmake/nav_msgs__rosidl_typesupport_cppExport-noconfig.cmake
[6.540s] -- Up-to-date: /home/aidan/GitHub/AidansRepo/TeensySwerve/install/nav_msgs/share/nav_msgs/cmake/export_nav_msgs__rosidl_generator_pyExport.cmake
[6.540s] -- Up-to-date: /home/aidan/GitHub/AidansRepo/TeensySwerve/install/nav_msgs/share/nav_msgs/cmake/export_nav_msgs__rosidl_generator_pyExport-noconfig.cmake
[6.540s] -- Up-to-date: /home/aidan/GitHub/AidansRepo/TeensySwerve/install/nav_msgs/share/nav_msgs/cmake/rosidl_cmake-extras.cmake
[6.540s] -- Up-to-date: /home/aidan/GitHub/AidansRepo/TeensySwerve/install/nav_msgs/share/nav_msgs/cmake/ament_cmake_export_dependencies-extras.cmake
[6.548s] -- Up-to-date: /home/aidan/GitHub/AidansRepo/TeensySwerve/install/nav_msgs/share/nav_msgs/cmake/ament_cmake_export_include_directories-extras.cmake
[6.552s] -- Up-to-date: /home/aidan/GitHub/AidansRepo/TeensySwerve/install/nav_msgs/share/nav_msgs/cmake/ament_cmake_export_libraries-extras.cmake
[6.552s] -- Up-to-date: /home/aidan/GitHub/AidansRepo/TeensySwerve/install/nav_msgs/share/nav_msgs/cmake/ament_cmake_export_targets-extras.cmake
[6.553s] -- Up-to-date: /home/aidan/GitHub/AidansRepo/TeensySwerve/install/nav_msgs/share/nav_msgs/cmake/rosidl_cmake_export_typesupport_targets-extras.cmake
[6.553s] -- Up-to-date: /home/aidan/GitHub/AidansRepo/TeensySwerve/install/nav_msgs/share/nav_msgs/cmake/rosidl_cmake_export_typesupport_libraries-extras.cmake
[6.553s] -- Up-to-date: /home/aidan/GitHub/AidansRepo/TeensySwerve/install/nav_msgs/share/nav_msgs/cmake/nav_msgsConfig.cmake
[6.559s] -- Up-to-date: /home/aidan/GitHub/AidansRepo/TeensySwerve/install/nav_msgs/share/nav_msgs/cmake/nav_msgsConfig-version.cmake
[6.559s] -- Up-to-date: /home/aidan/GitHub/AidansRepo/TeensySwerve/install/nav_msgs/share/nav_msgs/package.xml
[6.560s] Invoked command in '/home/aidan/GitHub/AidansRepo/TeensySwerve/build/nav_msgs' returned '0': AMENT_PREFIX_PATH=/home/aidan/GitHub/AidansRepo/TeensySwerve/install/geometry_msgs:/home/aidan/GitHub/AidansRepo/TeensySwerve/install/std_msgs:/home/aidan/GitHub/AidansRepo/TeensySwerve/install/builtin_interfaces:${AMENT_PREFIX_PATH} CMAKE_PREFIX_PATH=/home/aidan/GitHub/AidansRepo/TeensySwerve/install/geometry_msgs:/home/aidan/GitHub/AidansRepo/TeensySwerve/install/std_msgs:/home/aidan/GitHub/AidansRepo/TeensySwerve/install/builtin_interfaces:/home/aidan/GitHub/AidansRepo/TeensySwerve/install/tnsy_interfaces:/home/aidan/microros_ws/install/micro_ros_setup:/home/aidan/microros_ws/install/micro_ros_agent:/home/aidan/microros_ws/install/micro_ros_msgs:/home/aidan/GitHub/AidansRepo/TeensySwerve/install/tnsy_swrv_controller:/opt/ros/humble LD_LIBRARY_PATH=/home/aidan/GitHub/AidansRepo/TeensySwerve/install/geometry_msgs/lib:/home/aidan/GitHub/AidansRepo/TeensySwerve/install/std_msgs/lib:/home/aidan/GitHub/AidansRepo/TeensySwerve/install/builtin_interfaces/lib:${LD_LIBRARY_PATH} PYTHONPATH=/home/aidan/GitHub/AidansRepo/TeensySwerve/install/geometry_msgs/local/lib/python3.10/dist-packages:/home/aidan/GitHub/AidansRepo/TeensySwerve/install/std_msgs/local/lib/python3.10/dist-packages:/home/aidan/GitHub/AidansRepo/TeensySwerve/install/builtin_interfaces/local/lib/python3.10/dist-packages:${PYTHONPATH} /usr/bin/cmake --install /home/aidan/GitHub/AidansRepo/TeensySwerve/build/nav_msgs
