[0.126s] Invoking command in '/home/aidan/GitHub/AidansRepo/TeensySwerve/build/std_srvs': CMAKE_PREFIX_PATH=${CMAKE_PREFIX_PATH}:/home/aidan/GitHub/AidansRepo/TeensySwerve/install/tnsy_swrv_controller:/opt/ros/humble /usr/bin/cmake --build /home/aidan/GitHub/AidansRepo/TeensySwerve/build/std_srvs -- -j4 -l4
[0.155s] [  2%] Built target std_srvs__cpp
[0.185s] [ 12%] Built target std_srvs__rosidl_generator_c
[0.284s] [ 12%] Built target ament_cmake_python_copy_std_srvs
[0.448s] [ 23%] Built target std_srvs__rosidl_typesupport_introspection_cpp
[0.591s] [ 34%] Built target std_srvs__rosidl_typesupport_fastrtps_c
[0.738s] [ 44%] Built target std_srvs__rosidl_typesupport_introspection_c
[0.864s] [ 55%] Built target std_srvs__rosidl_typesupport_c
[2.011s] running egg_info
[2.013s] writing std_srvs.egg-info/PKG-INFO
[2.013s] writing dependency_links to std_srvs.egg-info/dependency_links.txt
[2.014s] writing top-level names to std_srvs.egg-info/top_level.txt
[2.028s] reading manifest file 'std_srvs.egg-info/SOURCES.txt'
[2.028s] writing manifest file 'std_srvs.egg-info/SOURCES.txt'
[2.136s] [ 55%] Built target ament_cmake_python_build_std_srvs_egg
[2.265s] [ 65%] Built target std_srvs__rosidl_typesupport_fastrtps_cpp
[2.350s] [ 76%] Built target std_srvs__rosidl_typesupport_cpp
[2.489s] [ 76%] Built target std_srvs
[2.559s] [ 78%] Built target std_srvs__py
[2.633s] [ 87%] Built target std_srvs__rosidl_generator_py
[2.714s] [ 91%] Built target std_srvs__rosidl_typesupport_fastrtps_c__pyext
[2.868s] [ 95%] Built target std_srvs__rosidl_typesupport_c__pyext
[2.974s] [100%] Built target std_srvs__rosidl_typesupport_introspection_c__pyext
[3.029s] Invoked command in '/home/aidan/GitHub/AidansRepo/TeensySwerve/build/std_srvs' returned '0': CMAKE_PREFIX_PATH=${CMAKE_PREFIX_PATH}:/home/aidan/GitHub/AidansRepo/TeensySwerve/install/tnsy_swrv_controller:/opt/ros/humble /usr/bin/cmake --build /home/aidan/GitHub/AidansRepo/TeensySwerve/build/std_srvs -- -j4 -l4
[3.558s] Invoking command in '/home/aidan/GitHub/AidansRepo/TeensySwerve/build/std_srvs': CMAKE_PREFIX_PATH=${CMAKE_PREFIX_PATH}:/home/aidan/GitHub/AidansRepo/TeensySwerve/install/tnsy_swrv_controller:/opt/ros/humble /usr/bin/cmake --install /home/aidan/GitHub/AidansRepo/TeensySwerve/build/std_srvs
[3.605s] -- Install configuration: ""
[3.606s] -- Up-to-date: /home/aidan/GitHub/AidansRepo/TeensySwerve/install/std_srvs/share/ament_index/resource_index/rosidl_interfaces/std_srvs
[3.610s] -- Up-to-date: /home/aidan/GitHub/AidansRepo/TeensySwerve/install/std_srvs/include/std_srvs/std_srvs
[3.612s] -- Up-to-date: /home/aidan/GitHub/AidansRepo/TeensySwerve/install/std_srvs/include/std_srvs/std_srvs/srv
[3.613s] -- Up-to-date: /home/aidan/GitHub/AidansRepo/TeensySwerve/install/std_srvs/include/std_srvs/std_srvs/srv/empty.h
[3.613s] -- Up-to-date: /home/aidan/GitHub/AidansRepo/TeensySwerve/install/std_srvs/include/std_srvs/std_srvs/srv/set_bool.h
[3.613s] -- Up-to-date: /home/aidan/GitHub/AidansRepo/TeensySwerve/install/std_srvs/include/std_srvs/std_srvs/srv/trigger.h
[3.613s] -- Up-to-date: /home/aidan/GitHub/AidansRepo/TeensySwerve/install/std_srvs/include/std_srvs/std_srvs/srv/detail
[3.613s] -- Up-to-date: /home/aidan/GitHub/AidansRepo/TeensySwerve/install/std_srvs/include/std_srvs/std_srvs/srv/detail/empty__struct.h
[3.613s] -- Up-to-date: /home/aidan/GitHub/AidansRepo/TeensySwerve/install/std_srvs/include/std_srvs/std_srvs/srv/detail/trigger__functions.c
[3.613s] -- Up-to-date: /home/aidan/GitHub/AidansRepo/TeensySwerve/install/std_srvs/include/std_srvs/std_srvs/srv/detail/trigger__type_support.h
[3.614s] -- Up-to-date: /home/aidan/GitHub/AidansRepo/TeensySwerve/install/std_srvs/include/std_srvs/std_srvs/srv/detail/set_bool__type_support.h
[3.614s] -- Up-to-date: /home/aidan/GitHub/AidansRepo/TeensySwerve/install/std_srvs/include/std_srvs/std_srvs/srv/detail/empty__functions.h
[3.614s] -- Up-to-date: /home/aidan/GitHub/AidansRepo/TeensySwerve/install/std_srvs/include/std_srvs/std_srvs/srv/detail/trigger__functions.h
[3.614s] -- Up-to-date: /home/aidan/GitHub/AidansRepo/TeensySwerve/install/std_srvs/include/std_srvs/std_srvs/srv/detail/empty__functions.c
[3.620s] -- Up-to-date: /home/aidan/GitHub/AidansRepo/TeensySwerve/install/std_srvs/include/std_srvs/std_srvs/srv/detail/empty__type_support.h
[3.621s] -- Up-to-date: /home/aidan/GitHub/AidansRepo/TeensySwerve/install/std_srvs/include/std_srvs/std_srvs/srv/detail/set_bool__functions.c
[3.621s] -- Up-to-date: /home/aidan/GitHub/AidansRepo/TeensySwerve/install/std_srvs/include/std_srvs/std_srvs/srv/detail/trigger__struct.h
[3.621s] -- Up-to-date: /home/aidan/GitHub/AidansRepo/TeensySwerve/install/std_srvs/include/std_srvs/std_srvs/srv/detail/set_bool__struct.h
[3.622s] -- Up-to-date: /home/aidan/GitHub/AidansRepo/TeensySwerve/install/std_srvs/include/std_srvs/std_srvs/srv/detail/set_bool__functions.h
[3.622s] -- Up-to-date: /home/aidan/GitHub/AidansRepo/TeensySwerve/install/std_srvs/include/std_srvs/std_srvs/msg
[3.622s] -- Up-to-date: /home/aidan/GitHub/AidansRepo/TeensySwerve/install/std_srvs/include/std_srvs/std_srvs/msg/rosidl_generator_c__visibility_control.h
[3.622s] -- Up-to-date: /home/aidan/GitHub/AidansRepo/TeensySwerve/install/std_srvs/share/std_srvs/environment/library_path.sh
[3.630s] -- Up-to-date: /home/aidan/GitHub/AidansRepo/TeensySwerve/install/std_srvs/share/std_srvs/environment/library_path.dsv
[3.631s] -- Up-to-date: /home/aidan/GitHub/AidansRepo/TeensySwerve/install/std_srvs/lib/libstd_srvs__rosidl_generator_c.so
[3.631s] -- Up-to-date: /home/aidan/GitHub/AidansRepo/TeensySwerve/install/std_srvs/include/std_srvs/std_srvs
[3.632s] -- Up-to-date: /home/aidan/GitHub/AidansRepo/TeensySwerve/install/std_srvs/include/std_srvs/std_srvs/srv
[3.632s] -- Up-to-date: /home/aidan/GitHub/AidansRepo/TeensySwerve/install/std_srvs/include/std_srvs/std_srvs/srv/detail
[3.632s] -- Up-to-date: /home/aidan/GitHub/AidansRepo/TeensySwerve/install/std_srvs/include/std_srvs/std_srvs/srv/detail/set_bool__rosidl_typesupport_fastrtps_c.h
[3.632s] -- Up-to-date: /home/aidan/GitHub/AidansRepo/TeensySwerve/install/std_srvs/include/std_srvs/std_srvs/srv/detail/empty__rosidl_typesupport_fastrtps_c.h
[3.639s] -- Up-to-date: /home/aidan/GitHub/AidansRepo/TeensySwerve/install/std_srvs/include/std_srvs/std_srvs/srv/detail/trigger__rosidl_typesupport_fastrtps_c.h
[3.643s] -- Up-to-date: /home/aidan/GitHub/AidansRepo/TeensySwerve/install/std_srvs/include/std_srvs/std_srvs/msg
[3.645s] -- Up-to-date: /home/aidan/GitHub/AidansRepo/TeensySwerve/install/std_srvs/include/std_srvs/std_srvs/msg/rosidl_typesupport_fastrtps_c__visibility_control.h
[3.646s] -- Up-to-date: /home/aidan/GitHub/AidansRepo/TeensySwerve/install/std_srvs/lib/libstd_srvs__rosidl_typesupport_fastrtps_c.so
[3.646s] -- Up-to-date: /home/aidan/GitHub/AidansRepo/TeensySwerve/install/std_srvs/include/std_srvs/std_srvs
[3.646s] -- Up-to-date: /home/aidan/GitHub/AidansRepo/TeensySwerve/install/std_srvs/include/std_srvs/std_srvs/srv
[3.646s] -- Up-to-date: /home/aidan/GitHub/AidansRepo/TeensySwerve/install/std_srvs/include/std_srvs/std_srvs/srv/detail
[3.646s] -- Up-to-date: /home/aidan/GitHub/AidansRepo/TeensySwerve/install/std_srvs/include/std_srvs/std_srvs/srv/detail/empty__type_support.c
[3.646s] -- Up-to-date: /home/aidan/GitHub/AidansRepo/TeensySwerve/install/std_srvs/include/std_srvs/std_srvs/srv/detail/set_bool__type_support.c
[3.647s] -- Up-to-date: /home/aidan/GitHub/AidansRepo/TeensySwerve/install/std_srvs/include/std_srvs/std_srvs/srv/detail/set_bool__rosidl_typesupport_introspection_c.h
[3.647s] -- Up-to-date: /home/aidan/GitHub/AidansRepo/TeensySwerve/install/std_srvs/include/std_srvs/std_srvs/srv/detail/trigger__rosidl_typesupport_introspection_c.h
[3.647s] -- Up-to-date: /home/aidan/GitHub/AidansRepo/TeensySwerve/install/std_srvs/include/std_srvs/std_srvs/srv/detail/trigger__type_support.c
[3.647s] -- Up-to-date: /home/aidan/GitHub/AidansRepo/TeensySwerve/install/std_srvs/include/std_srvs/std_srvs/srv/detail/empty__rosidl_typesupport_introspection_c.h
[3.647s] -- Up-to-date: /home/aidan/GitHub/AidansRepo/TeensySwerve/install/std_srvs/include/std_srvs/std_srvs/msg
[3.653s] -- Up-to-date: /home/aidan/GitHub/AidansRepo/TeensySwerve/install/std_srvs/include/std_srvs/std_srvs/msg/rosidl_typesupport_introspection_c__visibility_control.h
[3.654s] -- Up-to-date: /home/aidan/GitHub/AidansRepo/TeensySwerve/install/std_srvs/lib/libstd_srvs__rosidl_typesupport_introspection_c.so
[3.654s] -- Up-to-date: /home/aidan/GitHub/AidansRepo/TeensySwerve/install/std_srvs/lib/libstd_srvs__rosidl_typesupport_c.so
[3.655s] -- Up-to-date: /home/aidan/GitHub/AidansRepo/TeensySwerve/install/std_srvs/include/std_srvs/std_srvs
[3.655s] -- Up-to-date: /home/aidan/GitHub/AidansRepo/TeensySwerve/install/std_srvs/include/std_srvs/std_srvs/srv
[3.666s] -- Up-to-date: /home/aidan/GitHub/AidansRepo/TeensySwerve/install/std_srvs/include/std_srvs/std_srvs/srv/set_bool.hpp
[3.681s] -- Up-to-date: /home/aidan/GitHub/AidansRepo/TeensySwerve/install/std_srvs/include/std_srvs/std_srvs/srv/trigger.hpp
[3.681s] -- Up-to-date: /home/aidan/GitHub/AidansRepo/TeensySwerve/install/std_srvs/include/std_srvs/std_srvs/srv/empty.hpp
[3.681s] -- Up-to-date: /home/aidan/GitHub/AidansRepo/TeensySwerve/install/std_srvs/include/std_srvs/std_srvs/srv/detail
[3.687s] -- Up-to-date: /home/aidan/GitHub/AidansRepo/TeensySwerve/install/std_srvs/include/std_srvs/std_srvs/srv/detail/set_bool__struct.hpp
[3.687s] -- Up-to-date: /home/aidan/GitHub/AidansRepo/TeensySwerve/install/std_srvs/include/std_srvs/std_srvs/srv/detail/set_bool__builder.hpp
[3.695s] -- Up-to-date: /home/aidan/GitHub/AidansRepo/TeensySwerve/install/std_srvs/include/std_srvs/std_srvs/srv/detail/set_bool__traits.hpp
[3.696s] -- Up-to-date: /home/aidan/GitHub/AidansRepo/TeensySwerve/install/std_srvs/include/std_srvs/std_srvs/srv/detail/trigger__traits.hpp
[3.696s] -- Up-to-date: /home/aidan/GitHub/AidansRepo/TeensySwerve/install/std_srvs/include/std_srvs/std_srvs/srv/detail/trigger__type_support.hpp
[3.696s] -- Up-to-date: /home/aidan/GitHub/AidansRepo/TeensySwerve/install/std_srvs/include/std_srvs/std_srvs/srv/detail/empty__builder.hpp
[3.696s] -- Up-to-date: /home/aidan/GitHub/AidansRepo/TeensySwerve/install/std_srvs/include/std_srvs/std_srvs/srv/detail/empty__struct.hpp
[3.696s] -- Up-to-date: /home/aidan/GitHub/AidansRepo/TeensySwerve/install/std_srvs/include/std_srvs/std_srvs/srv/detail/trigger__builder.hpp
[3.696s] -- Up-to-date: /home/aidan/GitHub/AidansRepo/TeensySwerve/install/std_srvs/include/std_srvs/std_srvs/srv/detail/empty__type_support.hpp
[3.697s] -- Up-to-date: /home/aidan/GitHub/AidansRepo/TeensySwerve/install/std_srvs/include/std_srvs/std_srvs/srv/detail/trigger__struct.hpp
[3.697s] -- Up-to-date: /home/aidan/GitHub/AidansRepo/TeensySwerve/install/std_srvs/include/std_srvs/std_srvs/srv/detail/empty__traits.hpp
[3.697s] -- Up-to-date: /home/aidan/GitHub/AidansRepo/TeensySwerve/install/std_srvs/include/std_srvs/std_srvs/srv/detail/set_bool__type_support.hpp
[3.697s] -- Up-to-date: /home/aidan/GitHub/AidansRepo/TeensySwerve/install/std_srvs/include/std_srvs/std_srvs/msg
[3.697s] -- Up-to-date: /home/aidan/GitHub/AidansRepo/TeensySwerve/install/std_srvs/include/std_srvs/std_srvs/msg/rosidl_generator_cpp__visibility_control.hpp
[3.697s] -- Up-to-date: /home/aidan/GitHub/AidansRepo/TeensySwerve/install/std_srvs/include/std_srvs/std_srvs
[3.698s] -- Up-to-date: /home/aidan/GitHub/AidansRepo/TeensySwerve/install/std_srvs/include/std_srvs/std_srvs/srv
[3.698s] -- Up-to-date: /home/aidan/GitHub/AidansRepo/TeensySwerve/install/std_srvs/include/std_srvs/std_srvs/srv/detail
[3.698s] -- Up-to-date: /home/aidan/GitHub/AidansRepo/TeensySwerve/install/std_srvs/include/std_srvs/std_srvs/srv/detail/empty__rosidl_typesupport_fastrtps_cpp.hpp
[3.698s] -- Up-to-date: /home/aidan/GitHub/AidansRepo/TeensySwerve/install/std_srvs/include/std_srvs/std_srvs/srv/detail/trigger__rosidl_typesupport_fastrtps_cpp.hpp
[3.707s] -- Up-to-date: /home/aidan/GitHub/AidansRepo/TeensySwerve/install/std_srvs/include/std_srvs/std_srvs/srv/detail/dds_fastrtps
[3.707s] -- Up-to-date: /home/aidan/GitHub/AidansRepo/TeensySwerve/install/std_srvs/include/std_srvs/std_srvs/srv/detail/set_bool__rosidl_typesupport_fastrtps_cpp.hpp
[3.708s] -- Up-to-date: /home/aidan/GitHub/AidansRepo/TeensySwerve/install/std_srvs/include/std_srvs/std_srvs/msg
[3.709s] -- Up-to-date: /home/aidan/GitHub/AidansRepo/TeensySwerve/install/std_srvs/include/std_srvs/std_srvs/msg/rosidl_typesupport_fastrtps_cpp__visibility_control.h
[3.709s] -- Up-to-date: /home/aidan/GitHub/AidansRepo/TeensySwerve/install/std_srvs/lib/libstd_srvs__rosidl_typesupport_fastrtps_cpp.so
[3.709s] -- Up-to-date: /home/aidan/GitHub/AidansRepo/TeensySwerve/install/std_srvs/include/std_srvs/std_srvs
[3.712s] -- Up-to-date: /home/aidan/GitHub/AidansRepo/TeensySwerve/install/std_srvs/include/std_srvs/std_srvs/srv
[3.712s] -- Up-to-date: /home/aidan/GitHub/AidansRepo/TeensySwerve/install/std_srvs/include/std_srvs/std_srvs/srv/detail
[3.712s] -- Up-to-date: /home/aidan/GitHub/AidansRepo/TeensySwerve/install/std_srvs/include/std_srvs/std_srvs/srv/detail/trigger__rosidl_typesupport_introspection_cpp.hpp
[3.712s] -- Up-to-date: /home/aidan/GitHub/AidansRepo/TeensySwerve/install/std_srvs/include/std_srvs/std_srvs/srv/detail/trigger__type_support.cpp
[3.713s] -- Up-to-date: /home/aidan/GitHub/AidansRepo/TeensySwerve/install/std_srvs/include/std_srvs/std_srvs/srv/detail/set_bool__rosidl_typesupport_introspection_cpp.hpp
[3.713s] -- Up-to-date: /home/aidan/GitHub/AidansRepo/TeensySwerve/install/std_srvs/include/std_srvs/std_srvs/srv/detail/empty__rosidl_typesupport_introspection_cpp.hpp
[3.713s] -- Up-to-date: /home/aidan/GitHub/AidansRepo/TeensySwerve/install/std_srvs/include/std_srvs/std_srvs/srv/detail/set_bool__type_support.cpp
[3.714s] -- Up-to-date: /home/aidan/GitHub/AidansRepo/TeensySwerve/install/std_srvs/include/std_srvs/std_srvs/srv/detail/empty__type_support.cpp
[3.714s] -- Up-to-date: /home/aidan/GitHub/AidansRepo/TeensySwerve/install/std_srvs/lib/libstd_srvs__rosidl_typesupport_introspection_cpp.so
[3.714s] -- Up-to-date: /home/aidan/GitHub/AidansRepo/TeensySwerve/install/std_srvs/lib/libstd_srvs__rosidl_typesupport_cpp.so
[3.717s] -- Up-to-date: /home/aidan/GitHub/AidansRepo/TeensySwerve/install/std_srvs/share/std_srvs/environment/pythonpath.sh
[3.718s] -- Up-to-date: /home/aidan/GitHub/AidansRepo/TeensySwerve/install/std_srvs/share/std_srvs/environment/pythonpath.dsv
[3.718s] -- Up-to-date: /home/aidan/GitHub/AidansRepo/TeensySwerve/install/std_srvs/local/lib/python3.10/dist-packages/std_srvs-4.8.0-py3.10.egg-info
[3.718s] -- Installing: /home/aidan/GitHub/AidansRepo/TeensySwerve/install/std_srvs/local/lib/python3.10/dist-packages/std_srvs-4.8.0-py3.10.egg-info/PKG-INFO
[3.725s] -- Installing: /home/aidan/GitHub/AidansRepo/TeensySwerve/install/std_srvs/local/lib/python3.10/dist-packages/std_srvs-4.8.0-py3.10.egg-info/SOURCES.txt
[3.725s] -- Installing: /home/aidan/GitHub/AidansRepo/TeensySwerve/install/std_srvs/local/lib/python3.10/dist-packages/std_srvs-4.8.0-py3.10.egg-info/dependency_links.txt
[3.725s] -- Installing: /home/aidan/GitHub/AidansRepo/TeensySwerve/install/std_srvs/local/lib/python3.10/dist-packages/std_srvs-4.8.0-py3.10.egg-info/top_level.txt
[3.726s] -- Up-to-date: /home/aidan/GitHub/AidansRepo/TeensySwerve/install/std_srvs/local/lib/python3.10/dist-packages/std_srvs
[3.726s] -- Up-to-date: /home/aidan/GitHub/AidansRepo/TeensySwerve/install/std_srvs/local/lib/python3.10/dist-packages/std_srvs/std_srvs_s__rosidl_typesupport_introspection_c.cpython-310-x86_64-linux-gnu.so
[3.726s] -- Up-to-date: /home/aidan/GitHub/AidansRepo/TeensySwerve/install/std_srvs/local/lib/python3.10/dist-packages/std_srvs/std_srvs_s__rosidl_typesupport_fastrtps_c.cpython-310-x86_64-linux-gnu.so
[3.726s] -- Up-to-date: /home/aidan/GitHub/AidansRepo/TeensySwerve/install/std_srvs/local/lib/python3.10/dist-packages/std_srvs/_std_srvs_s.ep.rosidl_typesupport_c.c
[3.726s] -- Up-to-date: /home/aidan/GitHub/AidansRepo/TeensySwerve/install/std_srvs/local/lib/python3.10/dist-packages/std_srvs/srv
[3.726s] -- Up-to-date: /home/aidan/GitHub/AidansRepo/TeensySwerve/install/std_srvs/local/lib/python3.10/dist-packages/std_srvs/srv/_trigger_s.c
[3.727s] -- Up-to-date: /home/aidan/GitHub/AidansRepo/TeensySwerve/install/std_srvs/local/lib/python3.10/dist-packages/std_srvs/srv/__init__.py
[3.727s] -- Up-to-date: /home/aidan/GitHub/AidansRepo/TeensySwerve/install/std_srvs/local/lib/python3.10/dist-packages/std_srvs/srv/_empty_s.c
[3.727s] -- Up-to-date: /home/aidan/GitHub/AidansRepo/TeensySwerve/install/std_srvs/local/lib/python3.10/dist-packages/std_srvs/srv/_set_bool_s.c
[3.727s] -- Up-to-date: /home/aidan/GitHub/AidansRepo/TeensySwerve/install/std_srvs/local/lib/python3.10/dist-packages/std_srvs/srv/_set_bool.py
[3.730s] -- Up-to-date: /home/aidan/GitHub/AidansRepo/TeensySwerve/install/std_srvs/local/lib/python3.10/dist-packages/std_srvs/srv/_trigger.py
[3.730s] -- Up-to-date: /home/aidan/GitHub/AidansRepo/TeensySwerve/install/std_srvs/local/lib/python3.10/dist-packages/std_srvs/srv/_empty.py
[3.730s] -- Up-to-date: /home/aidan/GitHub/AidansRepo/TeensySwerve/install/std_srvs/local/lib/python3.10/dist-packages/std_srvs/__init__.py
[3.730s] -- Up-to-date: /home/aidan/GitHub/AidansRepo/TeensySwerve/install/std_srvs/local/lib/python3.10/dist-packages/std_srvs/_std_srvs_s.ep.rosidl_typesupport_introspection_c.c
[3.731s] -- Up-to-date: /home/aidan/GitHub/AidansRepo/TeensySwerve/install/std_srvs/local/lib/python3.10/dist-packages/std_srvs/std_srvs_s__rosidl_typesupport_c.cpython-310-x86_64-linux-gnu.so
[3.732s] -- Up-to-date: /home/aidan/GitHub/AidansRepo/TeensySwerve/install/std_srvs/local/lib/python3.10/dist-packages/std_srvs/_std_srvs_s.ep.rosidl_typesupport_fastrtps_c.c
[3.732s] -- Up-to-date: /home/aidan/GitHub/AidansRepo/TeensySwerve/install/std_srvs/local/lib/python3.10/dist-packages/std_srvs/libstd_srvs__rosidl_generator_py.so
[3.939s] Listing '/home/aidan/GitHub/AidansRepo/TeensySwerve/install/std_srvs/local/lib/python3.10/dist-packages/std_srvs'...
[3.942s] Listing '/home/aidan/GitHub/AidansRepo/TeensySwerve/install/std_srvs/local/lib/python3.10/dist-packages/std_srvs/srv'...
[3.980s] -- Up-to-date: /home/aidan/GitHub/AidansRepo/TeensySwerve/install/std_srvs/local/lib/python3.10/dist-packages/std_srvs/std_srvs_s__rosidl_typesupport_fastrtps_c.cpython-310-x86_64-linux-gnu.so
[3.981s] -- Up-to-date: /home/aidan/GitHub/AidansRepo/TeensySwerve/install/std_srvs/local/lib/python3.10/dist-packages/std_srvs/std_srvs_s__rosidl_typesupport_introspection_c.cpython-310-x86_64-linux-gnu.so
[3.983s] -- Up-to-date: /home/aidan/GitHub/AidansRepo/TeensySwerve/install/std_srvs/local/lib/python3.10/dist-packages/std_srvs/std_srvs_s__rosidl_typesupport_c.cpython-310-x86_64-linux-gnu.so
[3.987s] -- Up-to-date: /home/aidan/GitHub/AidansRepo/TeensySwerve/install/std_srvs/lib/libstd_srvs__rosidl_generator_py.so
[3.987s] -- Up-to-date: /home/aidan/GitHub/AidansRepo/TeensySwerve/install/std_srvs/share/std_srvs/srv/Empty.idl
[3.994s] -- Up-to-date: /home/aidan/GitHub/AidansRepo/TeensySwerve/install/std_srvs/share/std_srvs/srv/SetBool.idl
[3.994s] -- Up-to-date: /home/aidan/GitHub/AidansRepo/TeensySwerve/install/std_srvs/share/std_srvs/srv/Trigger.idl
[3.994s] -- Up-to-date: /home/aidan/GitHub/AidansRepo/TeensySwerve/install/std_srvs/share/std_srvs/srv/Empty.srv
[3.994s] -- Up-to-date: /home/aidan/GitHub/AidansRepo/TeensySwerve/install/std_srvs/share/std_srvs/srv/Empty_Request.msg
[3.998s] -- Up-to-date: /home/aidan/GitHub/AidansRepo/TeensySwerve/install/std_srvs/share/std_srvs/srv/Empty_Response.msg
[3.998s] -- Up-to-date: /home/aidan/GitHub/AidansRepo/TeensySwerve/install/std_srvs/share/std_srvs/srv/SetBool.srv
[3.998s] -- Up-to-date: /home/aidan/GitHub/AidansRepo/TeensySwerve/install/std_srvs/share/std_srvs/srv/SetBool_Request.msg
[3.999s] -- Up-to-date: /home/aidan/GitHub/AidansRepo/TeensySwerve/install/std_srvs/share/std_srvs/srv/SetBool_Response.msg
[3.999s] -- Up-to-date: /home/aidan/GitHub/AidansRepo/TeensySwerve/install/std_srvs/share/std_srvs/srv/Trigger.srv
[3.999s] -- Up-to-date: /home/aidan/GitHub/AidansRepo/TeensySwerve/install/std_srvs/share/std_srvs/srv/Trigger_Request.msg
[3.999s] -- Up-to-date: /home/aidan/GitHub/AidansRepo/TeensySwerve/install/std_srvs/share/std_srvs/srv/Trigger_Response.msg
[3.999s] -- Up-to-date: /home/aidan/GitHub/AidansRepo/TeensySwerve/install/std_srvs/share/ament_index/resource_index/package_run_dependencies/std_srvs
[4.002s] -- Up-to-date: /home/aidan/GitHub/AidansRepo/TeensySwerve/install/std_srvs/share/ament_index/resource_index/parent_prefix_path/std_srvs
[4.002s] -- Up-to-date: /home/aidan/GitHub/AidansRepo/TeensySwerve/install/std_srvs/share/std_srvs/environment/ament_prefix_path.sh
[4.002s] -- Up-to-date: /home/aidan/GitHub/AidansRepo/TeensySwerve/install/std_srvs/share/std_srvs/environment/ament_prefix_path.dsv
[4.002s] -- Up-to-date: /home/aidan/GitHub/AidansRepo/TeensySwerve/install/std_srvs/share/std_srvs/environment/path.sh
[4.002s] -- Up-to-date: /home/aidan/GitHub/AidansRepo/TeensySwerve/install/std_srvs/share/std_srvs/environment/path.dsv
[4.003s] -- Up-to-date: /home/aidan/GitHub/AidansRepo/TeensySwerve/install/std_srvs/share/std_srvs/local_setup.bash
[4.008s] -- Up-to-date: /home/aidan/GitHub/AidansRepo/TeensySwerve/install/std_srvs/share/std_srvs/local_setup.sh
[4.009s] -- Up-to-date: /home/aidan/GitHub/AidansRepo/TeensySwerve/install/std_srvs/share/std_srvs/local_setup.zsh
[4.009s] -- Up-to-date: /home/aidan/GitHub/AidansRepo/TeensySwerve/install/std_srvs/share/std_srvs/local_setup.dsv
[4.009s] -- Installing: /home/aidan/GitHub/AidansRepo/TeensySwerve/install/std_srvs/share/std_srvs/package.dsv
[4.017s] -- Up-to-date: /home/aidan/GitHub/AidansRepo/TeensySwerve/install/std_srvs/share/ament_index/resource_index/packages/std_srvs
[4.017s] -- Up-to-date: /home/aidan/GitHub/AidansRepo/TeensySwerve/install/std_srvs/share/std_srvs/cmake/export_std_srvs__rosidl_generator_cExport.cmake
[4.017s] -- Up-to-date: /home/aidan/GitHub/AidansRepo/TeensySwerve/install/std_srvs/share/std_srvs/cmake/export_std_srvs__rosidl_generator_cExport-noconfig.cmake
[4.017s] -- Up-to-date: /home/aidan/GitHub/AidansRepo/TeensySwerve/install/std_srvs/share/std_srvs/cmake/export_std_srvs__rosidl_typesupport_fastrtps_cExport.cmake
[4.021s] -- Up-to-date: /home/aidan/GitHub/AidansRepo/TeensySwerve/install/std_srvs/share/std_srvs/cmake/export_std_srvs__rosidl_typesupport_fastrtps_cExport-noconfig.cmake
[4.022s] -- Up-to-date: /home/aidan/GitHub/AidansRepo/TeensySwerve/install/std_srvs/share/std_srvs/cmake/std_srvs__rosidl_typesupport_introspection_cExport.cmake
[4.022s] -- Up-to-date: /home/aidan/GitHub/AidansRepo/TeensySwerve/install/std_srvs/share/std_srvs/cmake/std_srvs__rosidl_typesupport_introspection_cExport-noconfig.cmake
[4.023s] -- Up-to-date: /home/aidan/GitHub/AidansRepo/TeensySwerve/install/std_srvs/share/std_srvs/cmake/std_srvs__rosidl_typesupport_cExport.cmake
[4.023s] -- Up-to-date: /home/aidan/GitHub/AidansRepo/TeensySwerve/install/std_srvs/share/std_srvs/cmake/std_srvs__rosidl_typesupport_cExport-noconfig.cmake
[4.023s] -- Up-to-date: /home/aidan/GitHub/AidansRepo/TeensySwerve/install/std_srvs/share/std_srvs/cmake/export_std_srvs__rosidl_generator_cppExport.cmake
[4.024s] -- Up-to-date: /home/aidan/GitHub/AidansRepo/TeensySwerve/install/std_srvs/share/std_srvs/cmake/export_std_srvs__rosidl_typesupport_fastrtps_cppExport.cmake
[4.024s] -- Up-to-date: /home/aidan/GitHub/AidansRepo/TeensySwerve/install/std_srvs/share/std_srvs/cmake/export_std_srvs__rosidl_typesupport_fastrtps_cppExport-noconfig.cmake
[4.033s] -- Up-to-date: /home/aidan/GitHub/AidansRepo/TeensySwerve/install/std_srvs/share/std_srvs/cmake/std_srvs__rosidl_typesupport_introspection_cppExport.cmake
[4.033s] -- Up-to-date: /home/aidan/GitHub/AidansRepo/TeensySwerve/install/std_srvs/share/std_srvs/cmake/std_srvs__rosidl_typesupport_introspection_cppExport-noconfig.cmake
[4.033s] -- Up-to-date: /home/aidan/GitHub/AidansRepo/TeensySwerve/install/std_srvs/share/std_srvs/cmake/std_srvs__rosidl_typesupport_cppExport.cmake
[4.033s] -- Up-to-date: /home/aidan/GitHub/AidansRepo/TeensySwerve/install/std_srvs/share/std_srvs/cmake/std_srvs__rosidl_typesupport_cppExport-noconfig.cmake
[4.033s] -- Up-to-date: /home/aidan/GitHub/AidansRepo/TeensySwerve/install/std_srvs/share/std_srvs/cmake/export_std_srvs__rosidl_generator_pyExport.cmake
[4.033s] -- Up-to-date: /home/aidan/GitHub/AidansRepo/TeensySwerve/install/std_srvs/share/std_srvs/cmake/export_std_srvs__rosidl_generator_pyExport-noconfig.cmake
[4.034s] -- Up-to-date: /home/aidan/GitHub/AidansRepo/TeensySwerve/install/std_srvs/share/std_srvs/cmake/rosidl_cmake-extras.cmake
[4.034s] -- Up-to-date: /home/aidan/GitHub/AidansRepo/TeensySwerve/install/std_srvs/share/std_srvs/cmake/ament_cmake_export_include_directories-extras.cmake
[4.034s] -- Up-to-date: /home/aidan/GitHub/AidansRepo/TeensySwerve/install/std_srvs/share/std_srvs/cmake/ament_cmake_export_libraries-extras.cmake
[4.034s] -- Up-to-date: /home/aidan/GitHub/AidansRepo/TeensySwerve/install/std_srvs/share/std_srvs/cmake/ament_cmake_export_targets-extras.cmake
[4.034s] -- Up-to-date: /home/aidan/GitHub/AidansRepo/TeensySwerve/install/std_srvs/share/std_srvs/cmake/rosidl_cmake_export_typesupport_targets-extras.cmake
[4.035s] -- Up-to-date: /home/aidan/GitHub/AidansRepo/TeensySwerve/install/std_srvs/share/std_srvs/cmake/ament_cmake_export_dependencies-extras.cmake
[4.035s] -- Up-to-date: /home/aidan/GitHub/AidansRepo/TeensySwerve/install/std_srvs/share/std_srvs/cmake/rosidl_cmake_export_typesupport_libraries-extras.cmake
[4.035s] -- Up-to-date: /home/aidan/GitHub/AidansRepo/TeensySwerve/install/std_srvs/share/std_srvs/cmake/std_srvsConfig.cmake
[4.035s] -- Up-to-date: /home/aidan/GitHub/AidansRepo/TeensySwerve/install/std_srvs/share/std_srvs/cmake/std_srvsConfig-version.cmake
[4.035s] -- Up-to-date: /home/aidan/GitHub/AidansRepo/TeensySwerve/install/std_srvs/share/std_srvs/package.xml
[4.055s] Invoked command in '/home/aidan/GitHub/AidansRepo/TeensySwerve/build/std_srvs' returned '0': CMAKE_PREFIX_PATH=${CMAKE_PREFIX_PATH}:/home/aidan/GitHub/AidansRepo/TeensySwerve/install/tnsy_swrv_controller:/opt/ros/humble /usr/bin/cmake --install /home/aidan/GitHub/AidansRepo/TeensySwerve/build/std_srvs
