[1.468s] Invoking command in '/home/aidan/GitHub/AidansRepo/TeensySwerve/build/tnsy_swrv_controller': PYTHONPATH=/home/aidan/GitHub/AidansRepo/TeensySwerve/build/tnsy_swrv_controller/prefix_override:/home/aidan/GitHub/AidansRepo/TeensySwerve/install/tnsy_swrv_controller/lib/python3.10/site-packages:${PYTHONPATH} /usr/bin/python3 -W ignore:setup.py install is deprecated setup.py develop --editable --build-directory /home/aidan/GitHub/AidansRepo/TeensySwerve/build/tnsy_swrv_controller/build --no-deps symlink_data --force
[1.996s] running develop
[2.309s] running egg_info
[2.310s] writing tnsy_swrv_controller.egg-info/PKG-INFO
[2.310s] writing dependency_links to tnsy_swrv_controller.egg-info/dependency_links.txt
[2.310s] writing entry points to tnsy_swrv_controller.egg-info/entry_points.txt
[2.310s] writing requirements to tnsy_swrv_controller.egg-info/requires.txt
[2.311s] writing top-level names to tnsy_swrv_controller.egg-info/top_level.txt
[2.313s] reading manifest file 'tnsy_swrv_controller.egg-info/SOURCES.txt'
[2.319s] writing manifest file 'tnsy_swrv_controller.egg-info/SOURCES.txt'
[2.323s] running build_ext
[2.325s] Creating /home/aidan/GitHub/AidansRepo/TeensySwerve/install/tnsy_swrv_controller/lib/python3.10/site-packages/tnsy-swrv-controller.egg-link (link to .)
[2.330s] Installing joy_translator script to /home/aidan/GitHub/AidansRepo/TeensySwerve/install/tnsy_swrv_controller/lib/tnsy_swrv_controller
[2.331s] Installing pub script to /home/aidan/GitHub/AidansRepo/TeensySwerve/install/tnsy_swrv_controller/lib/tnsy_swrv_controller
[2.333s] Installing sub script to /home/aidan/GitHub/AidansRepo/TeensySwerve/install/tnsy_swrv_controller/lib/tnsy_swrv_controller
[2.335s] Installing test_node script to /home/aidan/GitHub/AidansRepo/TeensySwerve/install/tnsy_swrv_controller/lib/tnsy_swrv_controller
[2.336s] 
[2.336s] Installed /home/aidan/GitHub/AidansRepo/TeensySwerve/build/tnsy_swrv_controller
[2.336s] running symlink_data
[2.337s] symbolically linking /home/aidan/GitHub/AidansRepo/TeensySwerve/build/tnsy_swrv_controller/resource/tnsy_swrv_controller -> /home/aidan/GitHub/AidansRepo/TeensySwerve/install/tnsy_swrv_controller/share/ament_index/resource_index/packages
[2.337s] symbolically linking /home/aidan/GitHub/AidansRepo/TeensySwerve/build/tnsy_swrv_controller/package.xml -> /home/aidan/GitHub/AidansRepo/TeensySwerve/install/tnsy_swrv_controller/share/tnsy_swrv_controller
[2.337s] symbolically linking /home/aidan/GitHub/AidansRepo/TeensySwerve/build/tnsy_swrv_controller/launch/joystick.launch.py -> /home/aidan/GitHub/AidansRepo/TeensySwerve/install/tnsy_swrv_controller/share/tnsy_swrv_controller/launch
[2.337s] symbolically linking /home/aidan/GitHub/AidansRepo/TeensySwerve/build/tnsy_swrv_controller/config/joystick.yaml -> /home/aidan/GitHub/AidansRepo/TeensySwerve/install/tnsy_swrv_controller/share/tnsy_swrv_controller/config
[2.389s] Invoked command in '/home/aidan/GitHub/AidansRepo/TeensySwerve/build/tnsy_swrv_controller' returned '0': PYTHONPATH=/home/aidan/GitHub/AidansRepo/TeensySwerve/build/tnsy_swrv_controller/prefix_override:/home/aidan/GitHub/AidansRepo/TeensySwerve/install/tnsy_swrv_controller/lib/python3.10/site-packages:${PYTHONPATH} /usr/bin/python3 -W ignore:setup.py install is deprecated setup.py develop --editable --build-directory /home/aidan/GitHub/AidansRepo/TeensySwerve/build/tnsy_swrv_controller/build --no-deps symlink_data --force
