[1.021s] Invoking command in '/home/aidan/GitHub/AidansRepo/TeensySwerve/src/tnsy-swrv_controller': PYTHONPATH=/home/aidan/GitHub/AidansRepo/TeensySwerve/build/tnsy-swrv_controller/prefix_override:/home/aidan/GitHub/AidansRepo/TeensySwerve/install/tnsy-swrv_controller/lib/python3.10/site-packages:${PYTHONPATH} /usr/bin/python3 -W ignore:setup.py install is deprecated setup.py egg_info --egg-base ../../build/tnsy-swrv_controller build --build-base /home/aidan/GitHub/AidansRepo/TeensySwerve/build/tnsy-swrv_controller/build install --record /home/aidan/GitHub/AidansRepo/TeensySwerve/build/tnsy-swrv_controller/install.log --single-version-externally-managed install_data
[1.448s] running egg_info
[1.449s] creating ../../build/tnsy-swrv_controller/tnsy_swrv_controller.egg-info
[1.450s] writing ../../build/tnsy-swrv_controller/tnsy_swrv_controller.egg-info/PKG-INFO
[1.450s] writing dependency_links to ../../build/tnsy-swrv_controller/tnsy_swrv_controller.egg-info/dependency_links.txt
[1.450s] writing entry points to ../../build/tnsy-swrv_controller/tnsy_swrv_controller.egg-info/entry_points.txt
[1.450s] writing requirements to ../../build/tnsy-swrv_controller/tnsy_swrv_controller.egg-info/requires.txt
[1.451s] writing top-level names to ../../build/tnsy-swrv_controller/tnsy_swrv_controller.egg-info/top_level.txt
[1.451s] writing manifest file '../../build/tnsy-swrv_controller/tnsy_swrv_controller.egg-info/SOURCES.txt'
[1.455s] reading manifest file '../../build/tnsy-swrv_controller/tnsy_swrv_controller.egg-info/SOURCES.txt'
[1.459s] writing manifest file '../../build/tnsy-swrv_controller/tnsy_swrv_controller.egg-info/SOURCES.txt'
[1.460s] running build
[1.460s] running build_py
[1.460s] creating /home/aidan/GitHub/AidansRepo/TeensySwerve/build/tnsy-swrv_controller/build
[1.460s] creating /home/aidan/GitHub/AidansRepo/TeensySwerve/build/tnsy-swrv_controller/build/lib
[1.460s] creating /home/aidan/GitHub/AidansRepo/TeensySwerve/build/tnsy-swrv_controller/build/lib/tnsy-swrv_controller
[1.461s] copying tnsy-swrv_controller/__init__.py -> /home/aidan/GitHub/AidansRepo/TeensySwerve/build/tnsy-swrv_controller/build/lib/tnsy-swrv_controller
[1.461s] running install
[1.461s] running install_lib
[1.463s] creating /home/aidan/GitHub/AidansRepo/TeensySwerve/install/tnsy-swrv_controller/lib/python3.10/site-packages/tnsy-swrv_controller
[1.463s] copying /home/aidan/GitHub/AidansRepo/TeensySwerve/build/tnsy-swrv_controller/build/lib/tnsy-swrv_controller/__init__.py -> /home/aidan/GitHub/AidansRepo/TeensySwerve/install/tnsy-swrv_controller/lib/python3.10/site-packages/tnsy-swrv_controller
[1.464s] byte-compiling /home/aidan/GitHub/AidansRepo/TeensySwerve/install/tnsy-swrv_controller/lib/python3.10/site-packages/tnsy-swrv_controller/__init__.py to __init__.cpython-310.pyc
[1.464s] running install_data
[1.464s] creating /home/aidan/GitHub/AidansRepo/TeensySwerve/install/tnsy-swrv_controller/share/ament_index
[1.465s] creating /home/aidan/GitHub/AidansRepo/TeensySwerve/install/tnsy-swrv_controller/share/ament_index/resource_index
[1.465s] creating /home/aidan/GitHub/AidansRepo/TeensySwerve/install/tnsy-swrv_controller/share/ament_index/resource_index/packages
[1.465s] copying resource/tnsy-swrv_controller -> /home/aidan/GitHub/AidansRepo/TeensySwerve/install/tnsy-swrv_controller/share/ament_index/resource_index/packages
[1.465s] copying package.xml -> /home/aidan/GitHub/AidansRepo/TeensySwerve/install/tnsy-swrv_controller/share/tnsy-swrv_controller
[1.465s] running install_egg_info
[1.469s] Copying ../../build/tnsy-swrv_controller/tnsy_swrv_controller.egg-info to /home/aidan/GitHub/AidansRepo/TeensySwerve/install/tnsy-swrv_controller/lib/python3.10/site-packages/tnsy_swrv_controller-0.0.0-py3.10.egg-info
[1.471s] running install_scripts
[1.502s] writing list of installed files to '/home/aidan/GitHub/AidansRepo/TeensySwerve/build/tnsy-swrv_controller/install.log'
[1.548s] Invoked command in '/home/aidan/GitHub/AidansRepo/TeensySwerve/src/tnsy-swrv_controller' returned '0': PYTHONPATH=/home/aidan/GitHub/AidansRepo/TeensySwerve/build/tnsy-swrv_controller/prefix_override:/home/aidan/GitHub/AidansRepo/TeensySwerve/install/tnsy-swrv_controller/lib/python3.10/site-packages:${PYTHONPATH} /usr/bin/python3 -W ignore:setup.py install is deprecated setup.py egg_info --egg-base ../../build/tnsy-swrv_controller build --build-base /home/aidan/GitHub/AidansRepo/TeensySwerve/build/tnsy-swrv_controller/build install --record /home/aidan/GitHub/AidansRepo/TeensySwerve/build/tnsy-swrv_controller/install.log --single-version-externally-managed install_data
