[0.088s] Invoking command in '/home/aidan/GitHub/AidansRepo/TeensySwerve/build/micro_ros_msgs': CMAKE_PREFIX_PATH=${CMAKE_PREFIX_PATH}:/home/aidan/GitHub/AidansRepo/TeensySwerve/install/tnsy_swrv_controller:/opt/ros/humble /usr/bin/cmake --build /home/aidan/GitHub/AidansRepo/TeensySwerve/build/micro_ros_msgs -- -j4 -l4
[0.327s] [  2%] Built target micro_ros_msgs__cpp
[0.502s] [  2%] Built target ament_cmake_python_copy_micro_ros_msgs
[0.564s] [ 12%] Built target micro_ros_msgs__rosidl_typesupport_cpp
[0.578s] [ 23%] Built target micro_ros_msgs__rosidl_generator_c
[0.676s] [ 34%] Built target micro_ros_msgs__rosidl_typesupport_fastrtps_cpp
[0.810s] [ 44%] Built target micro_ros_msgs__rosidl_typesupport_introspection_c
[1.053s] [ 57%] Built target micro_ros_msgs__rosidl_typesupport_introspection_cpp
[1.055s] [ 65%] Built target micro_ros_msgs__rosidl_typesupport_fastrtps_c
[1.186s] [ 76%] Built target micro_ros_msgs__rosidl_typesupport_c
[1.443s] [ 76%] Built target micro_ros_msgs
[1.721s] [ 78%] Built target micro_ros_msgs__py
[1.920s] [ 87%] Built target micro_ros_msgs__rosidl_generator_py
[2.266s] [ 91%] Built target micro_ros_msgs__rosidl_typesupport_c__pyext
[2.369s] [ 97%] Built target micro_ros_msgs__rosidl_typesupport_introspection_c__pyext
[2.384s] [100%] Built target micro_ros_msgs__rosidl_typesupport_fastrtps_c__pyext
[3.804s] running egg_info
[3.817s] writing micro_ros_msgs.egg-info/PKG-INFO
[3.820s] writing dependency_links to micro_ros_msgs.egg-info/dependency_links.txt
[3.820s] writing top-level names to micro_ros_msgs.egg-info/top_level.txt
[3.880s] reading manifest file 'micro_ros_msgs.egg-info/SOURCES.txt'
[3.881s] writing manifest file 'micro_ros_msgs.egg-info/SOURCES.txt'
[3.980s] [100%] Built target ament_cmake_python_build_micro_ros_msgs_egg
[4.055s] Invoked command in '/home/aidan/GitHub/AidansRepo/TeensySwerve/build/micro_ros_msgs' returned '0': CMAKE_PREFIX_PATH=${CMAKE_PREFIX_PATH}:/home/aidan/GitHub/AidansRepo/TeensySwerve/install/tnsy_swrv_controller:/opt/ros/humble /usr/bin/cmake --build /home/aidan/GitHub/AidansRepo/TeensySwerve/build/micro_ros_msgs -- -j4 -l4
[4.664s] Invoking command in '/home/aidan/GitHub/AidansRepo/TeensySwerve/build/micro_ros_msgs': CMAKE_PREFIX_PATH=${CMAKE_PREFIX_PATH}:/home/aidan/GitHub/AidansRepo/TeensySwerve/install/tnsy_swrv_controller:/opt/ros/humble /usr/bin/cmake --install /home/aidan/GitHub/AidansRepo/TeensySwerve/build/micro_ros_msgs
[4.687s] -- Install configuration: ""
[4.687s] -- Up-to-date: /home/aidan/GitHub/AidansRepo/TeensySwerve/install/micro_ros_msgs/share/ament_index/resource_index/rosidl_interfaces/micro_ros_msgs
[4.693s] -- Up-to-date: /home/aidan/GitHub/AidansRepo/TeensySwerve/install/micro_ros_msgs/include/micro_ros_msgs/micro_ros_msgs
[4.693s] -- Up-to-date: /home/aidan/GitHub/AidansRepo/TeensySwerve/install/micro_ros_msgs/include/micro_ros_msgs/micro_ros_msgs/msg
[4.694s] -- Up-to-date: /home/aidan/GitHub/AidansRepo/TeensySwerve/install/micro_ros_msgs/include/micro_ros_msgs/micro_ros_msgs/msg/node.h
[4.704s] -- Up-to-date: /home/aidan/GitHub/AidansRepo/TeensySwerve/install/micro_ros_msgs/include/micro_ros_msgs/micro_ros_msgs/msg/rosidl_generator_c__visibility_control.h
[4.711s] -- Up-to-date: /home/aidan/GitHub/AidansRepo/TeensySwerve/install/micro_ros_msgs/include/micro_ros_msgs/micro_ros_msgs/msg/entity.h
[4.711s] -- Up-to-date: /home/aidan/GitHub/AidansRepo/TeensySwerve/install/micro_ros_msgs/include/micro_ros_msgs/micro_ros_msgs/msg/detail
[4.712s] -- Up-to-date: /home/aidan/GitHub/AidansRepo/TeensySwerve/install/micro_ros_msgs/include/micro_ros_msgs/micro_ros_msgs/msg/detail/graph__struct.h
[4.712s] -- Up-to-date: /home/aidan/GitHub/AidansRepo/TeensySwerve/install/micro_ros_msgs/include/micro_ros_msgs/micro_ros_msgs/msg/detail/entity__struct.h
[4.718s] -- Up-to-date: /home/aidan/GitHub/AidansRepo/TeensySwerve/install/micro_ros_msgs/include/micro_ros_msgs/micro_ros_msgs/msg/detail/entity__type_support.h
[4.719s] -- Up-to-date: /home/aidan/GitHub/AidansRepo/TeensySwerve/install/micro_ros_msgs/include/micro_ros_msgs/micro_ros_msgs/msg/detail/entity__functions.c
[4.719s] -- Up-to-date: /home/aidan/GitHub/AidansRepo/TeensySwerve/install/micro_ros_msgs/include/micro_ros_msgs/micro_ros_msgs/msg/detail/node__functions.c
[4.719s] -- Up-to-date: /home/aidan/GitHub/AidansRepo/TeensySwerve/install/micro_ros_msgs/include/micro_ros_msgs/micro_ros_msgs/msg/detail/graph__functions.h
[4.740s] -- Up-to-date: /home/aidan/GitHub/AidansRepo/TeensySwerve/install/micro_ros_msgs/include/micro_ros_msgs/micro_ros_msgs/msg/detail/node__functions.h
[4.741s] -- Up-to-date: /home/aidan/GitHub/AidansRepo/TeensySwerve/install/micro_ros_msgs/include/micro_ros_msgs/micro_ros_msgs/msg/detail/node__struct.h
[4.741s] -- Up-to-date: /home/aidan/GitHub/AidansRepo/TeensySwerve/install/micro_ros_msgs/include/micro_ros_msgs/micro_ros_msgs/msg/detail/entity__functions.h
[4.742s] -- Up-to-date: /home/aidan/GitHub/AidansRepo/TeensySwerve/install/micro_ros_msgs/include/micro_ros_msgs/micro_ros_msgs/msg/detail/graph__functions.c
[4.744s] -- Up-to-date: /home/aidan/GitHub/AidansRepo/TeensySwerve/install/micro_ros_msgs/include/micro_ros_msgs/micro_ros_msgs/msg/detail/graph__type_support.h
[4.744s] -- Up-to-date: /home/aidan/GitHub/AidansRepo/TeensySwerve/install/micro_ros_msgs/include/micro_ros_msgs/micro_ros_msgs/msg/detail/node__type_support.h
[4.745s] -- Up-to-date: /home/aidan/GitHub/AidansRepo/TeensySwerve/install/micro_ros_msgs/include/micro_ros_msgs/micro_ros_msgs/msg/graph.h
[4.745s] -- Up-to-date: /home/aidan/GitHub/AidansRepo/TeensySwerve/install/micro_ros_msgs/share/micro_ros_msgs/environment/library_path.sh
[4.763s] -- Up-to-date: /home/aidan/GitHub/AidansRepo/TeensySwerve/install/micro_ros_msgs/share/micro_ros_msgs/environment/library_path.dsv
[4.764s] -- Up-to-date: /home/aidan/GitHub/AidansRepo/TeensySwerve/install/micro_ros_msgs/lib/libmicro_ros_msgs__rosidl_generator_c.so
[4.764s] -- Up-to-date: /home/aidan/GitHub/AidansRepo/TeensySwerve/install/micro_ros_msgs/include/micro_ros_msgs/micro_ros_msgs
[4.764s] -- Up-to-date: /home/aidan/GitHub/AidansRepo/TeensySwerve/install/micro_ros_msgs/include/micro_ros_msgs/micro_ros_msgs/msg
[4.764s] -- Up-to-date: /home/aidan/GitHub/AidansRepo/TeensySwerve/install/micro_ros_msgs/include/micro_ros_msgs/micro_ros_msgs/msg/rosidl_typesupport_fastrtps_c__visibility_control.h
[4.765s] -- Up-to-date: /home/aidan/GitHub/AidansRepo/TeensySwerve/install/micro_ros_msgs/include/micro_ros_msgs/micro_ros_msgs/msg/detail
[4.765s] -- Up-to-date: /home/aidan/GitHub/AidansRepo/TeensySwerve/install/micro_ros_msgs/include/micro_ros_msgs/micro_ros_msgs/msg/detail/entity__rosidl_typesupport_fastrtps_c.h
[4.765s] -- Up-to-date: /home/aidan/GitHub/AidansRepo/TeensySwerve/install/micro_ros_msgs/include/micro_ros_msgs/micro_ros_msgs/msg/detail/node__rosidl_typesupport_fastrtps_c.h
[4.766s] -- Up-to-date: /home/aidan/GitHub/AidansRepo/TeensySwerve/install/micro_ros_msgs/include/micro_ros_msgs/micro_ros_msgs/msg/detail/graph__rosidl_typesupport_fastrtps_c.h
[4.784s] -- Up-to-date: /home/aidan/GitHub/AidansRepo/TeensySwerve/install/micro_ros_msgs/lib/libmicro_ros_msgs__rosidl_typesupport_fastrtps_c.so
[4.785s] -- Up-to-date: /home/aidan/GitHub/AidansRepo/TeensySwerve/install/micro_ros_msgs/include/micro_ros_msgs/micro_ros_msgs
[4.785s] -- Up-to-date: /home/aidan/GitHub/AidansRepo/TeensySwerve/install/micro_ros_msgs/include/micro_ros_msgs/micro_ros_msgs/msg
[4.785s] -- Up-to-date: /home/aidan/GitHub/AidansRepo/TeensySwerve/install/micro_ros_msgs/include/micro_ros_msgs/micro_ros_msgs/msg/detail
[4.785s] -- Up-to-date: /home/aidan/GitHub/AidansRepo/TeensySwerve/install/micro_ros_msgs/include/micro_ros_msgs/micro_ros_msgs/msg/detail/graph__type_support.c
[4.786s] -- Up-to-date: /home/aidan/GitHub/AidansRepo/TeensySwerve/install/micro_ros_msgs/include/micro_ros_msgs/micro_ros_msgs/msg/detail/entity__rosidl_typesupport_introspection_c.h
[4.786s] -- Up-to-date: /home/aidan/GitHub/AidansRepo/TeensySwerve/install/micro_ros_msgs/include/micro_ros_msgs/micro_ros_msgs/msg/detail/node__type_support.c
[4.786s] -- Up-to-date: /home/aidan/GitHub/AidansRepo/TeensySwerve/install/micro_ros_msgs/include/micro_ros_msgs/micro_ros_msgs/msg/detail/entity__type_support.c
[4.786s] -- Up-to-date: /home/aidan/GitHub/AidansRepo/TeensySwerve/install/micro_ros_msgs/include/micro_ros_msgs/micro_ros_msgs/msg/detail/graph__rosidl_typesupport_introspection_c.h
[4.786s] -- Up-to-date: /home/aidan/GitHub/AidansRepo/TeensySwerve/install/micro_ros_msgs/include/micro_ros_msgs/micro_ros_msgs/msg/detail/node__rosidl_typesupport_introspection_c.h
[4.787s] -- Up-to-date: /home/aidan/GitHub/AidansRepo/TeensySwerve/install/micro_ros_msgs/include/micro_ros_msgs/micro_ros_msgs/msg/rosidl_typesupport_introspection_c__visibility_control.h
[4.787s] -- Up-to-date: /home/aidan/GitHub/AidansRepo/TeensySwerve/install/micro_ros_msgs/lib/libmicro_ros_msgs__rosidl_typesupport_introspection_c.so
[4.791s] -- Up-to-date: /home/aidan/GitHub/AidansRepo/TeensySwerve/install/micro_ros_msgs/lib/libmicro_ros_msgs__rosidl_typesupport_c.so
[4.791s] -- Up-to-date: /home/aidan/GitHub/AidansRepo/TeensySwerve/install/micro_ros_msgs/include/micro_ros_msgs/micro_ros_msgs
[4.791s] -- Up-to-date: /home/aidan/GitHub/AidansRepo/TeensySwerve/install/micro_ros_msgs/include/micro_ros_msgs/micro_ros_msgs/msg
[4.791s] -- Up-to-date: /home/aidan/GitHub/AidansRepo/TeensySwerve/install/micro_ros_msgs/include/micro_ros_msgs/micro_ros_msgs/msg/entity.hpp
[4.791s] -- Up-to-date: /home/aidan/GitHub/AidansRepo/TeensySwerve/install/micro_ros_msgs/include/micro_ros_msgs/micro_ros_msgs/msg/graph.hpp
[4.792s] -- Up-to-date: /home/aidan/GitHub/AidansRepo/TeensySwerve/install/micro_ros_msgs/include/micro_ros_msgs/micro_ros_msgs/msg/detail
[4.792s] -- Up-to-date: /home/aidan/GitHub/AidansRepo/TeensySwerve/install/micro_ros_msgs/include/micro_ros_msgs/micro_ros_msgs/msg/detail/graph__type_support.hpp
[4.792s] -- Up-to-date: /home/aidan/GitHub/AidansRepo/TeensySwerve/install/micro_ros_msgs/include/micro_ros_msgs/micro_ros_msgs/msg/detail/graph__builder.hpp
[4.792s] -- Up-to-date: /home/aidan/GitHub/AidansRepo/TeensySwerve/install/micro_ros_msgs/include/micro_ros_msgs/micro_ros_msgs/msg/detail/node__builder.hpp
[4.792s] -- Up-to-date: /home/aidan/GitHub/AidansRepo/TeensySwerve/install/micro_ros_msgs/include/micro_ros_msgs/micro_ros_msgs/msg/detail/node__traits.hpp
[4.793s] -- Up-to-date: /home/aidan/GitHub/AidansRepo/TeensySwerve/install/micro_ros_msgs/include/micro_ros_msgs/micro_ros_msgs/msg/detail/node__type_support.hpp
[4.793s] -- Up-to-date: /home/aidan/GitHub/AidansRepo/TeensySwerve/install/micro_ros_msgs/include/micro_ros_msgs/micro_ros_msgs/msg/detail/graph__traits.hpp
[4.802s] -- Up-to-date: /home/aidan/GitHub/AidansRepo/TeensySwerve/install/micro_ros_msgs/include/micro_ros_msgs/micro_ros_msgs/msg/detail/entity__struct.hpp
[4.807s] -- Up-to-date: /home/aidan/GitHub/AidansRepo/TeensySwerve/install/micro_ros_msgs/include/micro_ros_msgs/micro_ros_msgs/msg/detail/node__struct.hpp
[4.807s] -- Up-to-date: /home/aidan/GitHub/AidansRepo/TeensySwerve/install/micro_ros_msgs/include/micro_ros_msgs/micro_ros_msgs/msg/detail/entity__builder.hpp
[4.808s] -- Up-to-date: /home/aidan/GitHub/AidansRepo/TeensySwerve/install/micro_ros_msgs/include/micro_ros_msgs/micro_ros_msgs/msg/detail/graph__struct.hpp
[4.808s] -- Up-to-date: /home/aidan/GitHub/AidansRepo/TeensySwerve/install/micro_ros_msgs/include/micro_ros_msgs/micro_ros_msgs/msg/detail/entity__traits.hpp
[4.808s] -- Up-to-date: /home/aidan/GitHub/AidansRepo/TeensySwerve/install/micro_ros_msgs/include/micro_ros_msgs/micro_ros_msgs/msg/detail/entity__type_support.hpp
[4.808s] -- Up-to-date: /home/aidan/GitHub/AidansRepo/TeensySwerve/install/micro_ros_msgs/include/micro_ros_msgs/micro_ros_msgs/msg/rosidl_generator_cpp__visibility_control.hpp
[4.808s] -- Up-to-date: /home/aidan/GitHub/AidansRepo/TeensySwerve/install/micro_ros_msgs/include/micro_ros_msgs/micro_ros_msgs/msg/node.hpp
[4.809s] -- Up-to-date: /home/aidan/GitHub/AidansRepo/TeensySwerve/install/micro_ros_msgs/include/micro_ros_msgs/micro_ros_msgs
[4.813s] -- Up-to-date: /home/aidan/GitHub/AidansRepo/TeensySwerve/install/micro_ros_msgs/include/micro_ros_msgs/micro_ros_msgs/msg
[4.814s] -- Up-to-date: /home/aidan/GitHub/AidansRepo/TeensySwerve/install/micro_ros_msgs/include/micro_ros_msgs/micro_ros_msgs/msg/rosidl_typesupport_fastrtps_cpp__visibility_control.h
[4.822s] -- Up-to-date: /home/aidan/GitHub/AidansRepo/TeensySwerve/install/micro_ros_msgs/include/micro_ros_msgs/micro_ros_msgs/msg/detail
[4.823s] -- Up-to-date: /home/aidan/GitHub/AidansRepo/TeensySwerve/install/micro_ros_msgs/include/micro_ros_msgs/micro_ros_msgs/msg/detail/dds_fastrtps
[4.823s] -- Up-to-date: /home/aidan/GitHub/AidansRepo/TeensySwerve/install/micro_ros_msgs/include/micro_ros_msgs/micro_ros_msgs/msg/detail/node__rosidl_typesupport_fastrtps_cpp.hpp
[4.823s] -- Up-to-date: /home/aidan/GitHub/AidansRepo/TeensySwerve/install/micro_ros_msgs/include/micro_ros_msgs/micro_ros_msgs/msg/detail/graph__rosidl_typesupport_fastrtps_cpp.hpp
[4.824s] -- Up-to-date: /home/aidan/GitHub/AidansRepo/TeensySwerve/install/micro_ros_msgs/include/micro_ros_msgs/micro_ros_msgs/msg/detail/entity__rosidl_typesupport_fastrtps_cpp.hpp
[4.824s] -- Up-to-date: /home/aidan/GitHub/AidansRepo/TeensySwerve/install/micro_ros_msgs/lib/libmicro_ros_msgs__rosidl_typesupport_fastrtps_cpp.so
[4.828s] -- Up-to-date: /home/aidan/GitHub/AidansRepo/TeensySwerve/install/micro_ros_msgs/include/micro_ros_msgs/micro_ros_msgs
[4.828s] -- Up-to-date: /home/aidan/GitHub/AidansRepo/TeensySwerve/install/micro_ros_msgs/include/micro_ros_msgs/micro_ros_msgs/msg
[4.828s] -- Up-to-date: /home/aidan/GitHub/AidansRepo/TeensySwerve/install/micro_ros_msgs/include/micro_ros_msgs/micro_ros_msgs/msg/detail
[4.828s] -- Up-to-date: /home/aidan/GitHub/AidansRepo/TeensySwerve/install/micro_ros_msgs/include/micro_ros_msgs/micro_ros_msgs/msg/detail/graph__rosidl_typesupport_introspection_cpp.hpp
[4.829s] -- Up-to-date: /home/aidan/GitHub/AidansRepo/TeensySwerve/install/micro_ros_msgs/include/micro_ros_msgs/micro_ros_msgs/msg/detail/graph__type_support.cpp
[4.829s] -- Up-to-date: /home/aidan/GitHub/AidansRepo/TeensySwerve/install/micro_ros_msgs/include/micro_ros_msgs/micro_ros_msgs/msg/detail/node__rosidl_typesupport_introspection_cpp.hpp
[4.829s] -- Up-to-date: /home/aidan/GitHub/AidansRepo/TeensySwerve/install/micro_ros_msgs/include/micro_ros_msgs/micro_ros_msgs/msg/detail/entity__rosidl_typesupport_introspection_cpp.hpp
[4.838s] -- Up-to-date: /home/aidan/GitHub/AidansRepo/TeensySwerve/install/micro_ros_msgs/include/micro_ros_msgs/micro_ros_msgs/msg/detail/node__type_support.cpp
[4.838s] -- Up-to-date: /home/aidan/GitHub/AidansRepo/TeensySwerve/install/micro_ros_msgs/include/micro_ros_msgs/micro_ros_msgs/msg/detail/entity__type_support.cpp
[4.838s] -- Up-to-date: /home/aidan/GitHub/AidansRepo/TeensySwerve/install/micro_ros_msgs/lib/libmicro_ros_msgs__rosidl_typesupport_introspection_cpp.so
[4.838s] -- Up-to-date: /home/aidan/GitHub/AidansRepo/TeensySwerve/install/micro_ros_msgs/lib/libmicro_ros_msgs__rosidl_typesupport_cpp.so
[4.845s] -- Up-to-date: /home/aidan/GitHub/AidansRepo/TeensySwerve/install/micro_ros_msgs/share/micro_ros_msgs/environment/pythonpath.sh
[4.845s] -- Up-to-date: /home/aidan/GitHub/AidansRepo/TeensySwerve/install/micro_ros_msgs/share/micro_ros_msgs/environment/pythonpath.dsv
[4.846s] -- Up-to-date: /home/aidan/GitHub/AidansRepo/TeensySwerve/install/micro_ros_msgs/local/lib/python3.10/dist-packages/micro_ros_msgs-3.0.1-py3.10.egg-info
[4.846s] -- Installing: /home/aidan/GitHub/AidansRepo/TeensySwerve/install/micro_ros_msgs/local/lib/python3.10/dist-packages/micro_ros_msgs-3.0.1-py3.10.egg-info/PKG-INFO
[4.850s] -- Installing: /home/aidan/GitHub/AidansRepo/TeensySwerve/install/micro_ros_msgs/local/lib/python3.10/dist-packages/micro_ros_msgs-3.0.1-py3.10.egg-info/SOURCES.txt
[4.851s] -- Installing: /home/aidan/GitHub/AidansRepo/TeensySwerve/install/micro_ros_msgs/local/lib/python3.10/dist-packages/micro_ros_msgs-3.0.1-py3.10.egg-info/dependency_links.txt
[4.851s] -- Installing: /home/aidan/GitHub/AidansRepo/TeensySwerve/install/micro_ros_msgs/local/lib/python3.10/dist-packages/micro_ros_msgs-3.0.1-py3.10.egg-info/top_level.txt
[4.851s] -- Up-to-date: /home/aidan/GitHub/AidansRepo/TeensySwerve/install/micro_ros_msgs/local/lib/python3.10/dist-packages/micro_ros_msgs
[4.851s] -- Up-to-date: /home/aidan/GitHub/AidansRepo/TeensySwerve/install/micro_ros_msgs/local/lib/python3.10/dist-packages/micro_ros_msgs/_micro_ros_msgs_s.ep.rosidl_typesupport_c.c
[4.851s] -- Up-to-date: /home/aidan/GitHub/AidansRepo/TeensySwerve/install/micro_ros_msgs/local/lib/python3.10/dist-packages/micro_ros_msgs/micro_ros_msgs_s__rosidl_typesupport_c.cpython-310-x86_64-linux-gnu.so
[4.854s] -- Up-to-date: /home/aidan/GitHub/AidansRepo/TeensySwerve/install/micro_ros_msgs/local/lib/python3.10/dist-packages/micro_ros_msgs/libmicro_ros_msgs__rosidl_generator_py.so
[4.857s] -- Up-to-date: /home/aidan/GitHub/AidansRepo/TeensySwerve/install/micro_ros_msgs/local/lib/python3.10/dist-packages/micro_ros_msgs/micro_ros_msgs_s__rosidl_typesupport_fastrtps_c.cpython-310-x86_64-linux-gnu.so
[4.859s] -- Up-to-date: /home/aidan/GitHub/AidansRepo/TeensySwerve/install/micro_ros_msgs/local/lib/python3.10/dist-packages/micro_ros_msgs/_micro_ros_msgs_s.ep.rosidl_typesupport_fastrtps_c.c
[4.859s] -- Up-to-date: /home/aidan/GitHub/AidansRepo/TeensySwerve/install/micro_ros_msgs/local/lib/python3.10/dist-packages/micro_ros_msgs/__init__.py
[4.859s] -- Up-to-date: /home/aidan/GitHub/AidansRepo/TeensySwerve/install/micro_ros_msgs/local/lib/python3.10/dist-packages/micro_ros_msgs/msg
[4.860s] -- Up-to-date: /home/aidan/GitHub/AidansRepo/TeensySwerve/install/micro_ros_msgs/local/lib/python3.10/dist-packages/micro_ros_msgs/msg/_graph.py
[4.861s] -- Up-to-date: /home/aidan/GitHub/AidansRepo/TeensySwerve/install/micro_ros_msgs/local/lib/python3.10/dist-packages/micro_ros_msgs/msg/__init__.py
[4.861s] -- Up-to-date: /home/aidan/GitHub/AidansRepo/TeensySwerve/install/micro_ros_msgs/local/lib/python3.10/dist-packages/micro_ros_msgs/msg/_graph_s.c
[4.864s] -- Up-to-date: /home/aidan/GitHub/AidansRepo/TeensySwerve/install/micro_ros_msgs/local/lib/python3.10/dist-packages/micro_ros_msgs/msg/_node_s.c
[4.867s] -- Up-to-date: /home/aidan/GitHub/AidansRepo/TeensySwerve/install/micro_ros_msgs/local/lib/python3.10/dist-packages/micro_ros_msgs/msg/_entity_s.c
[4.868s] -- Up-to-date: /home/aidan/GitHub/AidansRepo/TeensySwerve/install/micro_ros_msgs/local/lib/python3.10/dist-packages/micro_ros_msgs/msg/_entity.py
[4.868s] -- Up-to-date: /home/aidan/GitHub/AidansRepo/TeensySwerve/install/micro_ros_msgs/local/lib/python3.10/dist-packages/micro_ros_msgs/msg/_node.py
[4.868s] -- Up-to-date: /home/aidan/GitHub/AidansRepo/TeensySwerve/install/micro_ros_msgs/local/lib/python3.10/dist-packages/micro_ros_msgs/micro_ros_msgs_s__rosidl_typesupport_introspection_c.cpython-310-x86_64-linux-gnu.so
[4.868s] -- Up-to-date: /home/aidan/GitHub/AidansRepo/TeensySwerve/install/micro_ros_msgs/local/lib/python3.10/dist-packages/micro_ros_msgs/_micro_ros_msgs_s.ep.rosidl_typesupport_introspection_c.c
[4.974s] Listing '/home/aidan/GitHub/AidansRepo/TeensySwerve/install/micro_ros_msgs/local/lib/python3.10/dist-packages/micro_ros_msgs'...
[4.974s] Listing '/home/aidan/GitHub/AidansRepo/TeensySwerve/install/micro_ros_msgs/local/lib/python3.10/dist-packages/micro_ros_msgs/msg'...
[4.975s] -- Up-to-date: /home/aidan/GitHub/AidansRepo/TeensySwerve/install/micro_ros_msgs/local/lib/python3.10/dist-packages/micro_ros_msgs/micro_ros_msgs_s__rosidl_typesupport_fastrtps_c.cpython-310-x86_64-linux-gnu.so
[4.975s] -- Up-to-date: /home/aidan/GitHub/AidansRepo/TeensySwerve/install/micro_ros_msgs/local/lib/python3.10/dist-packages/micro_ros_msgs/micro_ros_msgs_s__rosidl_typesupport_introspection_c.cpython-310-x86_64-linux-gnu.so
[4.980s] -- Up-to-date: /home/aidan/GitHub/AidansRepo/TeensySwerve/install/micro_ros_msgs/local/lib/python3.10/dist-packages/micro_ros_msgs/micro_ros_msgs_s__rosidl_typesupport_c.cpython-310-x86_64-linux-gnu.so
[4.980s] -- Up-to-date: /home/aidan/GitHub/AidansRepo/TeensySwerve/install/micro_ros_msgs/lib/libmicro_ros_msgs__rosidl_generator_py.so
[4.981s] -- Up-to-date: /home/aidan/GitHub/AidansRepo/TeensySwerve/install/micro_ros_msgs/share/micro_ros_msgs/msg/Graph.idl
[4.990s] -- Up-to-date: /home/aidan/GitHub/AidansRepo/TeensySwerve/install/micro_ros_msgs/share/micro_ros_msgs/msg/Node.idl
[4.990s] -- Up-to-date: /home/aidan/GitHub/AidansRepo/TeensySwerve/install/micro_ros_msgs/share/micro_ros_msgs/msg/Entity.idl
[4.991s] -- Up-to-date: /home/aidan/GitHub/AidansRepo/TeensySwerve/install/micro_ros_msgs/share/micro_ros_msgs/msg/Graph.msg
[4.991s] -- Up-to-date: /home/aidan/GitHub/AidansRepo/TeensySwerve/install/micro_ros_msgs/share/micro_ros_msgs/msg/Node.msg
[4.993s] -- Up-to-date: /home/aidan/GitHub/AidansRepo/TeensySwerve/install/micro_ros_msgs/share/micro_ros_msgs/msg/Entity.msg
[4.993s] -- Up-to-date: /home/aidan/GitHub/AidansRepo/TeensySwerve/install/micro_ros_msgs/share/ament_index/resource_index/package_run_dependencies/micro_ros_msgs
[4.993s] -- Up-to-date: /home/aidan/GitHub/AidansRepo/TeensySwerve/install/micro_ros_msgs/share/ament_index/resource_index/parent_prefix_path/micro_ros_msgs
[4.993s] -- Up-to-date: /home/aidan/GitHub/AidansRepo/TeensySwerve/install/micro_ros_msgs/share/micro_ros_msgs/environment/ament_prefix_path.sh
[4.995s] -- Up-to-date: /home/aidan/GitHub/AidansRepo/TeensySwerve/install/micro_ros_msgs/share/micro_ros_msgs/environment/ament_prefix_path.dsv
[5.000s] -- Up-to-date: /home/aidan/GitHub/AidansRepo/TeensySwerve/install/micro_ros_msgs/share/micro_ros_msgs/environment/path.sh
[5.000s] -- Up-to-date: /home/aidan/GitHub/AidansRepo/TeensySwerve/install/micro_ros_msgs/share/micro_ros_msgs/environment/path.dsv
[5.000s] -- Up-to-date: /home/aidan/GitHub/AidansRepo/TeensySwerve/install/micro_ros_msgs/share/micro_ros_msgs/local_setup.bash
[5.000s] -- Up-to-date: /home/aidan/GitHub/AidansRepo/TeensySwerve/install/micro_ros_msgs/share/micro_ros_msgs/local_setup.sh
[5.000s] -- Up-to-date: /home/aidan/GitHub/AidansRepo/TeensySwerve/install/micro_ros_msgs/share/micro_ros_msgs/local_setup.zsh
[5.000s] -- Up-to-date: /home/aidan/GitHub/AidansRepo/TeensySwerve/install/micro_ros_msgs/share/micro_ros_msgs/local_setup.dsv
[5.000s] -- Installing: /home/aidan/GitHub/AidansRepo/TeensySwerve/install/micro_ros_msgs/share/micro_ros_msgs/package.dsv
[5.001s] -- Up-to-date: /home/aidan/GitHub/AidansRepo/TeensySwerve/install/micro_ros_msgs/share/ament_index/resource_index/packages/micro_ros_msgs
[5.001s] -- Up-to-date: /home/aidan/GitHub/AidansRepo/TeensySwerve/install/micro_ros_msgs/share/micro_ros_msgs/cmake/export_micro_ros_msgs__rosidl_generator_cExport.cmake
[5.001s] -- Up-to-date: /home/aidan/GitHub/AidansRepo/TeensySwerve/install/micro_ros_msgs/share/micro_ros_msgs/cmake/export_micro_ros_msgs__rosidl_generator_cExport-noconfig.cmake
[5.001s] -- Up-to-date: /home/aidan/GitHub/AidansRepo/TeensySwerve/install/micro_ros_msgs/share/micro_ros_msgs/cmake/export_micro_ros_msgs__rosidl_typesupport_fastrtps_cExport.cmake
[5.001s] -- Up-to-date: /home/aidan/GitHub/AidansRepo/TeensySwerve/install/micro_ros_msgs/share/micro_ros_msgs/cmake/export_micro_ros_msgs__rosidl_typesupport_fastrtps_cExport-noconfig.cmake
[5.001s] -- Up-to-date: /home/aidan/GitHub/AidansRepo/TeensySwerve/install/micro_ros_msgs/share/micro_ros_msgs/cmake/micro_ros_msgs__rosidl_typesupport_introspection_cExport.cmake
[5.002s] -- Up-to-date: /home/aidan/GitHub/AidansRepo/TeensySwerve/install/micro_ros_msgs/share/micro_ros_msgs/cmake/micro_ros_msgs__rosidl_typesupport_introspection_cExport-noconfig.cmake
[5.002s] -- Up-to-date: /home/aidan/GitHub/AidansRepo/TeensySwerve/install/micro_ros_msgs/share/micro_ros_msgs/cmake/micro_ros_msgs__rosidl_typesupport_cExport.cmake
[5.002s] -- Up-to-date: /home/aidan/GitHub/AidansRepo/TeensySwerve/install/micro_ros_msgs/share/micro_ros_msgs/cmake/micro_ros_msgs__rosidl_typesupport_cExport-noconfig.cmake
[5.018s] -- Up-to-date: /home/aidan/GitHub/AidansRepo/TeensySwerve/install/micro_ros_msgs/share/micro_ros_msgs/cmake/export_micro_ros_msgs__rosidl_generator_cppExport.cmake
[5.021s] -- Up-to-date: /home/aidan/GitHub/AidansRepo/TeensySwerve/install/micro_ros_msgs/share/micro_ros_msgs/cmake/export_micro_ros_msgs__rosidl_typesupport_fastrtps_cppExport.cmake
[5.024s] -- Up-to-date: /home/aidan/GitHub/AidansRepo/TeensySwerve/install/micro_ros_msgs/share/micro_ros_msgs/cmake/export_micro_ros_msgs__rosidl_typesupport_fastrtps_cppExport-noconfig.cmake
[5.025s] -- Up-to-date: /home/aidan/GitHub/AidansRepo/TeensySwerve/install/micro_ros_msgs/share/micro_ros_msgs/cmake/micro_ros_msgs__rosidl_typesupport_introspection_cppExport.cmake
[5.025s] -- Up-to-date: /home/aidan/GitHub/AidansRepo/TeensySwerve/install/micro_ros_msgs/share/micro_ros_msgs/cmake/micro_ros_msgs__rosidl_typesupport_introspection_cppExport-noconfig.cmake
[5.025s] -- Up-to-date: /home/aidan/GitHub/AidansRepo/TeensySwerve/install/micro_ros_msgs/share/micro_ros_msgs/cmake/micro_ros_msgs__rosidl_typesupport_cppExport.cmake
[5.026s] -- Up-to-date: /home/aidan/GitHub/AidansRepo/TeensySwerve/install/micro_ros_msgs/share/micro_ros_msgs/cmake/micro_ros_msgs__rosidl_typesupport_cppExport-noconfig.cmake
[5.026s] -- Up-to-date: /home/aidan/GitHub/AidansRepo/TeensySwerve/install/micro_ros_msgs/share/micro_ros_msgs/cmake/export_micro_ros_msgs__rosidl_generator_pyExport.cmake
[5.026s] -- Up-to-date: /home/aidan/GitHub/AidansRepo/TeensySwerve/install/micro_ros_msgs/share/micro_ros_msgs/cmake/export_micro_ros_msgs__rosidl_generator_pyExport-noconfig.cmake
[5.026s] -- Up-to-date: /home/aidan/GitHub/AidansRepo/TeensySwerve/install/micro_ros_msgs/share/micro_ros_msgs/cmake/rosidl_cmake-extras.cmake
[5.026s] -- Up-to-date: /home/aidan/GitHub/AidansRepo/TeensySwerve/install/micro_ros_msgs/share/micro_ros_msgs/cmake/ament_cmake_export_include_directories-extras.cmake
[5.026s] -- Up-to-date: /home/aidan/GitHub/AidansRepo/TeensySwerve/install/micro_ros_msgs/share/micro_ros_msgs/cmake/ament_cmake_export_libraries-extras.cmake
[5.026s] -- Up-to-date: /home/aidan/GitHub/AidansRepo/TeensySwerve/install/micro_ros_msgs/share/micro_ros_msgs/cmake/ament_cmake_export_targets-extras.cmake
[5.027s] -- Up-to-date: /home/aidan/GitHub/AidansRepo/TeensySwerve/install/micro_ros_msgs/share/micro_ros_msgs/cmake/rosidl_cmake_export_typesupport_targets-extras.cmake
[5.027s] -- Up-to-date: /home/aidan/GitHub/AidansRepo/TeensySwerve/install/micro_ros_msgs/share/micro_ros_msgs/cmake/ament_cmake_export_dependencies-extras.cmake
[5.027s] -- Up-to-date: /home/aidan/GitHub/AidansRepo/TeensySwerve/install/micro_ros_msgs/share/micro_ros_msgs/cmake/rosidl_cmake_export_typesupport_libraries-extras.cmake
[5.027s] -- Up-to-date: /home/aidan/GitHub/AidansRepo/TeensySwerve/install/micro_ros_msgs/share/micro_ros_msgs/cmake/micro_ros_msgsConfig.cmake
[5.027s] -- Up-to-date: /home/aidan/GitHub/AidansRepo/TeensySwerve/install/micro_ros_msgs/share/micro_ros_msgs/cmake/micro_ros_msgsConfig-version.cmake
[5.028s] -- Up-to-date: /home/aidan/GitHub/AidansRepo/TeensySwerve/install/micro_ros_msgs/share/micro_ros_msgs/package.xml
[5.029s] Invoked command in '/home/aidan/GitHub/AidansRepo/TeensySwerve/build/micro_ros_msgs' returned '0': CMAKE_PREFIX_PATH=${CMAKE_PREFIX_PATH}:/home/aidan/GitHub/AidansRepo/TeensySwerve/install/tnsy_swrv_controller:/opt/ros/humble /usr/bin/cmake --install /home/aidan/GitHub/AidansRepo/TeensySwerve/build/micro_ros_msgs
