[0.135s] Invoking command in '/home/aidan/GitHub/AidansRepo/TeensySwerve/build/composition_interfaces': CMAKE_PREFIX_PATH=/home/aidan/GitHub/AidansRepo/TeensySwerve/install/rcl_interfaces:/home/aidan/GitHub/AidansRepo/TeensySwerve/install/builtin_interfaces:/home/aidan/GitHub/AidansRepo/TeensySwerve/install/micro_ros_demos_rclc:/home/aidan/GitHub/AidansRepo/TeensySwerve/install/common_interfaces:/home/aidan/GitHub/AidansRepo/TeensySwerve/install/visualization_msgs:/home/aidan/GitHub/AidansRepo/TeensySwerve/install/test_msgs:/home/aidan/GitHub/AidansRepo/TeensySwerve/install/example_interfaces:/home/aidan/GitHub/AidansRepo/TeensySwerve/install/action_msgs:/home/aidan/GitHub/AidansRepo/TeensySwerve/install/unique_identifier_msgs:/home/aidan/GitHub/AidansRepo/TeensySwerve/install/trajectory_msgs:/home/aidan/GitHub/AidansRepo/TeensySwerve/install/stereo_msgs:/home/aidan/GitHub/AidansRepo/TeensySwerve/install/std_srvs:/home/aidan/GitHub/AidansRepo/TeensySwerve/install/shape_msgs:/home/aidan/GitHub/AidansRepo/TeensySwerve/install/sensor_msgs:/home/aidan/GitHub/AidansRepo/TeensySwerve/install/nav_msgs:/home/aidan/GitHub/AidansRepo/TeensySwerve/install/diagnostic_msgs:/home/aidan/GitHub/AidansRepo/TeensySwerve/install/geometry_msgs:/home/aidan/GitHub/AidansRepo/TeensySwerve/install/actionlib_msgs:/home/aidan/GitHub/AidansRepo/TeensySwerve/install/std_msgs:/home/aidan/GitHub/AidansRepo/TeensySwerve/install/statistics_msgs:/home/aidan/GitHub/AidansRepo/TeensySwerve/install/rosidl_typesupport_microxrcedds_test_msg:/home/aidan/GitHub/AidansRepo/TeensySwerve/install/rosidl_typesupport_microxrcedds_cpp_tests:/home/aidan/GitHub/AidansRepo/TeensySwerve/install/rmw_microxrcedds:/home/aidan/GitHub/AidansRepo/TeensySwerve/install/rosidl_typesupport_microxrcedds_cpp:/home/aidan/GitHub/AidansRepo/TeensySwerve/install/rosidl_typesupport_microxrcedds_c_tests:/home/aidan/GitHub/AidansRepo/TeensySwerve/install/rosidl_typesupport_microxrcedds_c:/home/aidan/GitHub/AidansRepo/TeensySwerve/install/rosgraph_msgs:/home/aidan/GitHub/AidansRepo/TeensySwerve/install/rclc_parameter:/home/aidan/GitHub/AidansRepo/TeensySwerve/install/rclc:/home/aidan/GitHub/AidansRepo/TeensySwerve/install/composition_interfaces:/home/aidan/GitHub/AidansRepo/TeensySwerve/install/microxrcedds_client:/home/aidan/GitHub/AidansRepo/TeensySwerve/install/microcdr:/home/aidan/GitHub/AidansRepo/TeensySwerve/install/micro_ros_utilities:/home/aidan/GitHub/AidansRepo/TeensySwerve/install/micro_ros_msgs:/home/aidan/GitHub/AidansRepo/TeensySwerve/install/lifecycle_msgs:/home/aidan/GitHub/AidansRepo/TeensySwerve/install/complex_msgs:/home/aidan/GitHub/AidansRepo/TeensySwerve/install/tnsy_interfaces:/home/aidan/microros_ws/install/micro_ros_setup:/home/aidan/microros_ws/install/micro_ros_agent:/home/aidan/microros_ws/install/micro_ros_msgs:/home/aidan/GitHub/AidansRepo/TeensySwerve/install/sensor_msgs_py:/home/aidan/GitHub/AidansRepo/TeensySwerve/install/tnsy_swrv_controller:/opt/ros/humble LD_LIBRARY_PATH=/home/aidan/GitHub/AidansRepo/TeensySwerve/install/rcl_interfaces/lib:/home/aidan/GitHub/AidansRepo/TeensySwerve/install/builtin_interfaces/lib:/home/aidan/GitHub/AidansRepo/TeensySwerve/install/visualization_msgs/lib:/home/aidan/GitHub/AidansRepo/TeensySwerve/install/test_msgs/lib:/home/aidan/GitHub/AidansRepo/TeensySwerve/install/example_interfaces/lib:/home/aidan/GitHub/AidansRepo/TeensySwerve/install/action_msgs/lib:/home/aidan/GitHub/AidansRepo/TeensySwerve/install/unique_identifier_msgs/lib:/home/aidan/GitHub/AidansRepo/TeensySwerve/install/trajectory_msgs/lib:/home/aidan/GitHub/AidansRepo/TeensySwerve/install/stereo_msgs/lib:/home/aidan/GitHub/AidansRepo/TeensySwerve/install/std_srvs/lib:/home/aidan/GitHub/AidansRepo/TeensySwerve/install/shape_msgs/lib:/home/aidan/GitHub/AidansRepo/TeensySwerve/install/sensor_msgs/lib:/home/aidan/GitHub/AidansRepo/TeensySwerve/install/nav_msgs/lib:/home/aidan/GitHub/AidansRepo/TeensySwerve/install/diagnostic_msgs/lib:/home/aidan/GitHub/AidansRepo/TeensySwerve/install/geometry_msgs/lib:/home/aidan/GitHub/AidansRepo/TeensySwerve/install/actionlib_msgs/lib:/home/aidan/GitHub/AidansRepo/TeensySwerve/install/std_msgs/lib:/home/aidan/GitHub/AidansRepo/TeensySwerve/install/statistics_msgs/lib:/home/aidan/GitHub/AidansRepo/TeensySwerve/install/rosidl_typesupport_microxrcedds_test_msg/lib:/home/aidan/GitHub/AidansRepo/TeensySwerve/install/rmw_microxrcedds/lib:/home/aidan/GitHub/AidansRepo/TeensySwerve/install/rosidl_typesupport_microxrcedds_cpp/lib:/home/aidan/GitHub/AidansRepo/TeensySwerve/install/rosidl_typesupport_microxrcedds_c/lib:/home/aidan/GitHub/AidansRepo/TeensySwerve/install/rosgraph_msgs/lib:/home/aidan/GitHub/AidansRepo/TeensySwerve/install/rclc_parameter/lib:/home/aidan/GitHub/AidansRepo/TeensySwerve/install/rclc/lib:/home/aidan/GitHub/AidansRepo/TeensySwerve/install/composition_interfaces/lib:/home/aidan/GitHub/AidansRepo/TeensySwerve/install/micro_ros_utilities/lib:/home/aidan/GitHub/AidansRepo/TeensySwerve/install/micro_ros_msgs/lib:/home/aidan/GitHub/AidansRepo/TeensySwerve/install/lifecycle_msgs/lib:/home/aidan/GitHub/AidansRepo/TeensySwerve/install/complex_msgs/lib:/home/aidan/GitHub/AidansRepo/TeensySwerve/install/tnsy_interfaces/lib:/home/aidan/microros_ws/install/micro_ros_agent/lib:/home/aidan/microros_ws/install/micro_ros_msgs/lib:/opt/ros/humble/opt/rviz_ogre_vendor/lib:/opt/ros/humble/lib/x86_64-linux-gnu:/opt/ros/humble/lib /usr/bin/cmake --build /home/aidan/GitHub/AidansRepo/TeensySwerve/build/composition_interfaces -- -j4 -l4
[0.729s] [  2%] Built target composition_interfaces__cpp
[1.072s] [  2%] Built target ament_cmake_python_copy_composition_interfaces
[1.289s] [ 12%] Built target composition_interfaces__rosidl_typesupport_fastrtps_cpp
[1.525s] [ 23%] Built target composition_interfaces__rosidl_typesupport_introspection_cpp
[3.251s] running egg_info
[3.251s] writing composition_interfaces.egg-info/PKG-INFO
[3.251s] writing dependency_links to composition_interfaces.egg-info/dependency_links.txt
[3.251s] writing top-level names to composition_interfaces.egg-info/top_level.txt
[3.257s] reading manifest file 'composition_interfaces.egg-info/SOURCES.txt'
[3.260s] writing manifest file 'composition_interfaces.egg-info/SOURCES.txt'
[3.434s] [ 23%] Built target ament_cmake_python_build_composition_interfaces_egg
[3.586s] [ 34%] Built target composition_interfaces__rosidl_typesupport_cpp
[3.752s] [ 44%] Built target composition_interfaces__rosidl_generator_c
[3.989s] [ 55%] Built target composition_interfaces__rosidl_typesupport_fastrtps_c
[4.165s] [ 65%] Built target composition_interfaces__rosidl_typesupport_c
[4.369s] [ 76%] Built target composition_interfaces__rosidl_typesupport_introspection_c
[4.577s] [ 76%] Built target composition_interfaces
[4.796s] [ 78%] Built target composition_interfaces__py
[4.984s] [ 87%] Built target composition_interfaces__rosidl_generator_py
[5.165s] [ 91%] Built target composition_interfaces__rosidl_typesupport_fastrtps_c__pyext
[5.391s] [ 95%] Built target composition_interfaces__rosidl_typesupport_c__pyext
[5.644s] [100%] Built target composition_interfaces__rosidl_typesupport_introspection_c__pyext
[5.790s] Invoked command in '/home/aidan/GitHub/AidansRepo/TeensySwerve/build/composition_interfaces' returned '0': CMAKE_PREFIX_PATH=/home/aidan/GitHub/AidansRepo/TeensySwerve/install/rcl_interfaces:/home/aidan/GitHub/AidansRepo/TeensySwerve/install/builtin_interfaces:/home/aidan/GitHub/AidansRepo/TeensySwerve/install/micro_ros_demos_rclc:/home/aidan/GitHub/AidansRepo/TeensySwerve/install/common_interfaces:/home/aidan/GitHub/AidansRepo/TeensySwerve/install/visualization_msgs:/home/aidan/GitHub/AidansRepo/TeensySwerve/install/test_msgs:/home/aidan/GitHub/AidansRepo/TeensySwerve/install/example_interfaces:/home/aidan/GitHub/AidansRepo/TeensySwerve/install/action_msgs:/home/aidan/GitHub/AidansRepo/TeensySwerve/install/unique_identifier_msgs:/home/aidan/GitHub/AidansRepo/TeensySwerve/install/trajectory_msgs:/home/aidan/GitHub/AidansRepo/TeensySwerve/install/stereo_msgs:/home/aidan/GitHub/AidansRepo/TeensySwerve/install/std_srvs:/home/aidan/GitHub/AidansRepo/TeensySwerve/install/shape_msgs:/home/aidan/GitHub/AidansRepo/TeensySwerve/install/sensor_msgs:/home/aidan/GitHub/AidansRepo/TeensySwerve/install/nav_msgs:/home/aidan/GitHub/AidansRepo/TeensySwerve/install/diagnostic_msgs:/home/aidan/GitHub/AidansRepo/TeensySwerve/install/geometry_msgs:/home/aidan/GitHub/AidansRepo/TeensySwerve/install/actionlib_msgs:/home/aidan/GitHub/AidansRepo/TeensySwerve/install/std_msgs:/home/aidan/GitHub/AidansRepo/TeensySwerve/install/statistics_msgs:/home/aidan/GitHub/AidansRepo/TeensySwerve/install/rosidl_typesupport_microxrcedds_test_msg:/home/aidan/GitHub/AidansRepo/TeensySwerve/install/rosidl_typesupport_microxrcedds_cpp_tests:/home/aidan/GitHub/AidansRepo/TeensySwerve/install/rmw_microxrcedds:/home/aidan/GitHub/AidansRepo/TeensySwerve/install/rosidl_typesupport_microxrcedds_cpp:/home/aidan/GitHub/AidansRepo/TeensySwerve/install/rosidl_typesupport_microxrcedds_c_tests:/home/aidan/GitHub/AidansRepo/TeensySwerve/install/rosidl_typesupport_microxrcedds_c:/home/aidan/GitHub/AidansRepo/TeensySwerve/install/rosgraph_msgs:/home/aidan/GitHub/AidansRepo/TeensySwerve/install/rclc_parameter:/home/aidan/GitHub/AidansRepo/TeensySwerve/install/rclc:/home/aidan/GitHub/AidansRepo/TeensySwerve/install/composition_interfaces:/home/aidan/GitHub/AidansRepo/TeensySwerve/install/microxrcedds_client:/home/aidan/GitHub/AidansRepo/TeensySwerve/install/microcdr:/home/aidan/GitHub/AidansRepo/TeensySwerve/install/micro_ros_utilities:/home/aidan/GitHub/AidansRepo/TeensySwerve/install/micro_ros_msgs:/home/aidan/GitHub/AidansRepo/TeensySwerve/install/lifecycle_msgs:/home/aidan/GitHub/AidansRepo/TeensySwerve/install/complex_msgs:/home/aidan/GitHub/AidansRepo/TeensySwerve/install/tnsy_interfaces:/home/aidan/microros_ws/install/micro_ros_setup:/home/aidan/microros_ws/install/micro_ros_agent:/home/aidan/microros_ws/install/micro_ros_msgs:/home/aidan/GitHub/AidansRepo/TeensySwerve/install/sensor_msgs_py:/home/aidan/GitHub/AidansRepo/TeensySwerve/install/tnsy_swrv_controller:/opt/ros/humble LD_LIBRARY_PATH=/home/aidan/GitHub/AidansRepo/TeensySwerve/install/rcl_interfaces/lib:/home/aidan/GitHub/AidansRepo/TeensySwerve/install/builtin_interfaces/lib:/home/aidan/GitHub/AidansRepo/TeensySwerve/install/visualization_msgs/lib:/home/aidan/GitHub/AidansRepo/TeensySwerve/install/test_msgs/lib:/home/aidan/GitHub/AidansRepo/TeensySwerve/install/example_interfaces/lib:/home/aidan/GitHub/AidansRepo/TeensySwerve/install/action_msgs/lib:/home/aidan/GitHub/AidansRepo/TeensySwerve/install/unique_identifier_msgs/lib:/home/aidan/GitHub/AidansRepo/TeensySwerve/install/trajectory_msgs/lib:/home/aidan/GitHub/AidansRepo/TeensySwerve/install/stereo_msgs/lib:/home/aidan/GitHub/AidansRepo/TeensySwerve/install/std_srvs/lib:/home/aidan/GitHub/AidansRepo/TeensySwerve/install/shape_msgs/lib:/home/aidan/GitHub/AidansRepo/TeensySwerve/install/sensor_msgs/lib:/home/aidan/GitHub/AidansRepo/TeensySwerve/install/nav_msgs/lib:/home/aidan/GitHub/AidansRepo/TeensySwerve/install/diagnostic_msgs/lib:/home/aidan/GitHub/AidansRepo/TeensySwerve/install/geometry_msgs/lib:/home/aidan/GitHub/AidansRepo/TeensySwerve/install/actionlib_msgs/lib:/home/aidan/GitHub/AidansRepo/TeensySwerve/install/std_msgs/lib:/home/aidan/GitHub/AidansRepo/TeensySwerve/install/statistics_msgs/lib:/home/aidan/GitHub/AidansRepo/TeensySwerve/install/rosidl_typesupport_microxrcedds_test_msg/lib:/home/aidan/GitHub/AidansRepo/TeensySwerve/install/rmw_microxrcedds/lib:/home/aidan/GitHub/AidansRepo/TeensySwerve/install/rosidl_typesupport_microxrcedds_cpp/lib:/home/aidan/GitHub/AidansRepo/TeensySwerve/install/rosidl_typesupport_microxrcedds_c/lib:/home/aidan/GitHub/AidansRepo/TeensySwerve/install/rosgraph_msgs/lib:/home/aidan/GitHub/AidansRepo/TeensySwerve/install/rclc_parameter/lib:/home/aidan/GitHub/AidansRepo/TeensySwerve/install/rclc/lib:/home/aidan/GitHub/AidansRepo/TeensySwerve/install/composition_interfaces/lib:/home/aidan/GitHub/AidansRepo/TeensySwerve/install/micro_ros_utilities/lib:/home/aidan/GitHub/AidansRepo/TeensySwerve/install/micro_ros_msgs/lib:/home/aidan/GitHub/AidansRepo/TeensySwerve/install/lifecycle_msgs/lib:/home/aidan/GitHub/AidansRepo/TeensySwerve/install/complex_msgs/lib:/home/aidan/GitHub/AidansRepo/TeensySwerve/install/tnsy_interfaces/lib:/home/aidan/microros_ws/install/micro_ros_agent/lib:/home/aidan/microros_ws/install/micro_ros_msgs/lib:/opt/ros/humble/opt/rviz_ogre_vendor/lib:/opt/ros/humble/lib/x86_64-linux-gnu:/opt/ros/humble/lib /usr/bin/cmake --build /home/aidan/GitHub/AidansRepo/TeensySwerve/build/composition_interfaces -- -j4 -l4
[7.242s] Invoking command in '/home/aidan/GitHub/AidansRepo/TeensySwerve/build/composition_interfaces': CMAKE_PREFIX_PATH=/home/aidan/GitHub/AidansRepo/TeensySwerve/install/rcl_interfaces:/home/aidan/GitHub/AidansRepo/TeensySwerve/install/builtin_interfaces:/home/aidan/GitHub/AidansRepo/TeensySwerve/install/micro_ros_demos_rclc:/home/aidan/GitHub/AidansRepo/TeensySwerve/install/common_interfaces:/home/aidan/GitHub/AidansRepo/TeensySwerve/install/visualization_msgs:/home/aidan/GitHub/AidansRepo/TeensySwerve/install/test_msgs:/home/aidan/GitHub/AidansRepo/TeensySwerve/install/example_interfaces:/home/aidan/GitHub/AidansRepo/TeensySwerve/install/action_msgs:/home/aidan/GitHub/AidansRepo/TeensySwerve/install/unique_identifier_msgs:/home/aidan/GitHub/AidansRepo/TeensySwerve/install/trajectory_msgs:/home/aidan/GitHub/AidansRepo/TeensySwerve/install/stereo_msgs:/home/aidan/GitHub/AidansRepo/TeensySwerve/install/std_srvs:/home/aidan/GitHub/AidansRepo/TeensySwerve/install/shape_msgs:/home/aidan/GitHub/AidansRepo/TeensySwerve/install/sensor_msgs:/home/aidan/GitHub/AidansRepo/TeensySwerve/install/nav_msgs:/home/aidan/GitHub/AidansRepo/TeensySwerve/install/diagnostic_msgs:/home/aidan/GitHub/AidansRepo/TeensySwerve/install/geometry_msgs:/home/aidan/GitHub/AidansRepo/TeensySwerve/install/actionlib_msgs:/home/aidan/GitHub/AidansRepo/TeensySwerve/install/std_msgs:/home/aidan/GitHub/AidansRepo/TeensySwerve/install/statistics_msgs:/home/aidan/GitHub/AidansRepo/TeensySwerve/install/rosidl_typesupport_microxrcedds_test_msg:/home/aidan/GitHub/AidansRepo/TeensySwerve/install/rosidl_typesupport_microxrcedds_cpp_tests:/home/aidan/GitHub/AidansRepo/TeensySwerve/install/rmw_microxrcedds:/home/aidan/GitHub/AidansRepo/TeensySwerve/install/rosidl_typesupport_microxrcedds_cpp:/home/aidan/GitHub/AidansRepo/TeensySwerve/install/rosidl_typesupport_microxrcedds_c_tests:/home/aidan/GitHub/AidansRepo/TeensySwerve/install/rosidl_typesupport_microxrcedds_c:/home/aidan/GitHub/AidansRepo/TeensySwerve/install/rosgraph_msgs:/home/aidan/GitHub/AidansRepo/TeensySwerve/install/rclc_parameter:/home/aidan/GitHub/AidansRepo/TeensySwerve/install/rclc:/home/aidan/GitHub/AidansRepo/TeensySwerve/install/composition_interfaces:/home/aidan/GitHub/AidansRepo/TeensySwerve/install/microxrcedds_client:/home/aidan/GitHub/AidansRepo/TeensySwerve/install/microcdr:/home/aidan/GitHub/AidansRepo/TeensySwerve/install/micro_ros_utilities:/home/aidan/GitHub/AidansRepo/TeensySwerve/install/micro_ros_msgs:/home/aidan/GitHub/AidansRepo/TeensySwerve/install/lifecycle_msgs:/home/aidan/GitHub/AidansRepo/TeensySwerve/install/complex_msgs:/home/aidan/GitHub/AidansRepo/TeensySwerve/install/tnsy_interfaces:/home/aidan/microros_ws/install/micro_ros_setup:/home/aidan/microros_ws/install/micro_ros_agent:/home/aidan/microros_ws/install/micro_ros_msgs:/home/aidan/GitHub/AidansRepo/TeensySwerve/install/sensor_msgs_py:/home/aidan/GitHub/AidansRepo/TeensySwerve/install/tnsy_swrv_controller:/opt/ros/humble LD_LIBRARY_PATH=/home/aidan/GitHub/AidansRepo/TeensySwerve/install/rcl_interfaces/lib:/home/aidan/GitHub/AidansRepo/TeensySwerve/install/builtin_interfaces/lib:/home/aidan/GitHub/AidansRepo/TeensySwerve/install/visualization_msgs/lib:/home/aidan/GitHub/AidansRepo/TeensySwerve/install/test_msgs/lib:/home/aidan/GitHub/AidansRepo/TeensySwerve/install/example_interfaces/lib:/home/aidan/GitHub/AidansRepo/TeensySwerve/install/action_msgs/lib:/home/aidan/GitHub/AidansRepo/TeensySwerve/install/unique_identifier_msgs/lib:/home/aidan/GitHub/AidansRepo/TeensySwerve/install/trajectory_msgs/lib:/home/aidan/GitHub/AidansRepo/TeensySwerve/install/stereo_msgs/lib:/home/aidan/GitHub/AidansRepo/TeensySwerve/install/std_srvs/lib:/home/aidan/GitHub/AidansRepo/TeensySwerve/install/shape_msgs/lib:/home/aidan/GitHub/AidansRepo/TeensySwerve/install/sensor_msgs/lib:/home/aidan/GitHub/AidansRepo/TeensySwerve/install/nav_msgs/lib:/home/aidan/GitHub/AidansRepo/TeensySwerve/install/diagnostic_msgs/lib:/home/aidan/GitHub/AidansRepo/TeensySwerve/install/geometry_msgs/lib:/home/aidan/GitHub/AidansRepo/TeensySwerve/install/actionlib_msgs/lib:/home/aidan/GitHub/AidansRepo/TeensySwerve/install/std_msgs/lib:/home/aidan/GitHub/AidansRepo/TeensySwerve/install/statistics_msgs/lib:/home/aidan/GitHub/AidansRepo/TeensySwerve/install/rosidl_typesupport_microxrcedds_test_msg/lib:/home/aidan/GitHub/AidansRepo/TeensySwerve/install/rmw_microxrcedds/lib:/home/aidan/GitHub/AidansRepo/TeensySwerve/install/rosidl_typesupport_microxrcedds_cpp/lib:/home/aidan/GitHub/AidansRepo/TeensySwerve/install/rosidl_typesupport_microxrcedds_c/lib:/home/aidan/GitHub/AidansRepo/TeensySwerve/install/rosgraph_msgs/lib:/home/aidan/GitHub/AidansRepo/TeensySwerve/install/rclc_parameter/lib:/home/aidan/GitHub/AidansRepo/TeensySwerve/install/rclc/lib:/home/aidan/GitHub/AidansRepo/TeensySwerve/install/composition_interfaces/lib:/home/aidan/GitHub/AidansRepo/TeensySwerve/install/micro_ros_utilities/lib:/home/aidan/GitHub/AidansRepo/TeensySwerve/install/micro_ros_msgs/lib:/home/aidan/GitHub/AidansRepo/TeensySwerve/install/lifecycle_msgs/lib:/home/aidan/GitHub/AidansRepo/TeensySwerve/install/complex_msgs/lib:/home/aidan/GitHub/AidansRepo/TeensySwerve/install/tnsy_interfaces/lib:/home/aidan/microros_ws/install/micro_ros_agent/lib:/home/aidan/microros_ws/install/micro_ros_msgs/lib:/opt/ros/humble/opt/rviz_ogre_vendor/lib:/opt/ros/humble/lib/x86_64-linux-gnu:/opt/ros/humble/lib /usr/bin/cmake --install /home/aidan/GitHub/AidansRepo/TeensySwerve/build/composition_interfaces
[7.294s] -- Install configuration: ""
[7.295s] -- Up-to-date: /home/aidan/GitHub/AidansRepo/TeensySwerve/install/composition_interfaces/share/ament_index/resource_index/rosidl_interfaces/composition_interfaces
[7.295s] -- Up-to-date: /home/aidan/GitHub/AidansRepo/TeensySwerve/install/composition_interfaces/include/composition_interfaces/composition_interfaces
[7.295s] -- Up-to-date: /home/aidan/GitHub/AidansRepo/TeensySwerve/install/composition_interfaces/include/composition_interfaces/composition_interfaces/srv
[7.297s] -- Up-to-date: /home/aidan/GitHub/AidansRepo/TeensySwerve/install/composition_interfaces/include/composition_interfaces/composition_interfaces/srv/load_node.h
[7.312s] -- Up-to-date: /home/aidan/GitHub/AidansRepo/TeensySwerve/install/composition_interfaces/include/composition_interfaces/composition_interfaces/srv/list_nodes.h
[7.312s] -- Up-to-date: /home/aidan/GitHub/AidansRepo/TeensySwerve/install/composition_interfaces/include/composition_interfaces/composition_interfaces/srv/detail
[7.313s] -- Up-to-date: /home/aidan/GitHub/AidansRepo/TeensySwerve/install/composition_interfaces/include/composition_interfaces/composition_interfaces/srv/detail/unload_node__functions.c
[7.313s] -- Up-to-date: /home/aidan/GitHub/AidansRepo/TeensySwerve/install/composition_interfaces/include/composition_interfaces/composition_interfaces/srv/detail/list_nodes__functions.h
[7.313s] -- Up-to-date: /home/aidan/GitHub/AidansRepo/TeensySwerve/install/composition_interfaces/include/composition_interfaces/composition_interfaces/srv/detail/unload_node__functions.h
[7.316s] -- Up-to-date: /home/aidan/GitHub/AidansRepo/TeensySwerve/install/composition_interfaces/include/composition_interfaces/composition_interfaces/srv/detail/list_nodes__struct.h
[7.318s] -- Up-to-date: /home/aidan/GitHub/AidansRepo/TeensySwerve/install/composition_interfaces/include/composition_interfaces/composition_interfaces/srv/detail/list_nodes__functions.c
[7.318s] -- Up-to-date: /home/aidan/GitHub/AidansRepo/TeensySwerve/install/composition_interfaces/include/composition_interfaces/composition_interfaces/srv/detail/unload_node__type_support.h
[7.319s] -- Up-to-date: /home/aidan/GitHub/AidansRepo/TeensySwerve/install/composition_interfaces/include/composition_interfaces/composition_interfaces/srv/detail/load_node__functions.c
[7.319s] -- Up-to-date: /home/aidan/GitHub/AidansRepo/TeensySwerve/install/composition_interfaces/include/composition_interfaces/composition_interfaces/srv/detail/list_nodes__type_support.h
[7.326s] -- Up-to-date: /home/aidan/GitHub/AidansRepo/TeensySwerve/install/composition_interfaces/include/composition_interfaces/composition_interfaces/srv/detail/load_node__type_support.h
[7.327s] -- Up-to-date: /home/aidan/GitHub/AidansRepo/TeensySwerve/install/composition_interfaces/include/composition_interfaces/composition_interfaces/srv/detail/unload_node__struct.h
[7.327s] -- Up-to-date: /home/aidan/GitHub/AidansRepo/TeensySwerve/install/composition_interfaces/include/composition_interfaces/composition_interfaces/srv/detail/load_node__functions.h
[7.327s] -- Up-to-date: /home/aidan/GitHub/AidansRepo/TeensySwerve/install/composition_interfaces/include/composition_interfaces/composition_interfaces/srv/detail/load_node__struct.h
[7.327s] -- Up-to-date: /home/aidan/GitHub/AidansRepo/TeensySwerve/install/composition_interfaces/include/composition_interfaces/composition_interfaces/srv/unload_node.h
[7.328s] -- Up-to-date: /home/aidan/GitHub/AidansRepo/TeensySwerve/install/composition_interfaces/include/composition_interfaces/composition_interfaces/msg
[7.328s] -- Up-to-date: /home/aidan/GitHub/AidansRepo/TeensySwerve/install/composition_interfaces/include/composition_interfaces/composition_interfaces/msg/rosidl_generator_c__visibility_control.h
[7.328s] -- Up-to-date: /home/aidan/GitHub/AidansRepo/TeensySwerve/install/composition_interfaces/share/composition_interfaces/environment/library_path.sh
[7.328s] -- Up-to-date: /home/aidan/GitHub/AidansRepo/TeensySwerve/install/composition_interfaces/share/composition_interfaces/environment/library_path.dsv
[7.328s] -- Up-to-date: /home/aidan/GitHub/AidansRepo/TeensySwerve/install/composition_interfaces/lib/libcomposition_interfaces__rosidl_generator_c.so
[7.328s] -- Up-to-date: /home/aidan/GitHub/AidansRepo/TeensySwerve/install/composition_interfaces/include/composition_interfaces/composition_interfaces
[7.329s] -- Up-to-date: /home/aidan/GitHub/AidansRepo/TeensySwerve/install/composition_interfaces/include/composition_interfaces/composition_interfaces/srv
[7.329s] -- Up-to-date: /home/aidan/GitHub/AidansRepo/TeensySwerve/install/composition_interfaces/include/composition_interfaces/composition_interfaces/srv/detail
[7.329s] -- Up-to-date: /home/aidan/GitHub/AidansRepo/TeensySwerve/install/composition_interfaces/include/composition_interfaces/composition_interfaces/srv/detail/load_node__rosidl_typesupport_fastrtps_c.h
[7.329s] -- Up-to-date: /home/aidan/GitHub/AidansRepo/TeensySwerve/install/composition_interfaces/include/composition_interfaces/composition_interfaces/srv/detail/unload_node__rosidl_typesupport_fastrtps_c.h
[7.336s] -- Up-to-date: /home/aidan/GitHub/AidansRepo/TeensySwerve/install/composition_interfaces/include/composition_interfaces/composition_interfaces/srv/detail/list_nodes__rosidl_typesupport_fastrtps_c.h
[7.336s] -- Up-to-date: /home/aidan/GitHub/AidansRepo/TeensySwerve/install/composition_interfaces/include/composition_interfaces/composition_interfaces/msg
[7.337s] -- Up-to-date: /home/aidan/GitHub/AidansRepo/TeensySwerve/install/composition_interfaces/include/composition_interfaces/composition_interfaces/msg/rosidl_typesupport_fastrtps_c__visibility_control.h
[7.349s] -- Up-to-date: /home/aidan/GitHub/AidansRepo/TeensySwerve/install/composition_interfaces/lib/libcomposition_interfaces__rosidl_typesupport_fastrtps_c.so
[7.349s] -- Up-to-date: /home/aidan/GitHub/AidansRepo/TeensySwerve/install/composition_interfaces/include/composition_interfaces/composition_interfaces
[7.349s] -- Up-to-date: /home/aidan/GitHub/AidansRepo/TeensySwerve/install/composition_interfaces/include/composition_interfaces/composition_interfaces/srv
[7.350s] -- Up-to-date: /home/aidan/GitHub/AidansRepo/TeensySwerve/install/composition_interfaces/include/composition_interfaces/composition_interfaces/srv/detail
[7.350s] -- Up-to-date: /home/aidan/GitHub/AidansRepo/TeensySwerve/install/composition_interfaces/include/composition_interfaces/composition_interfaces/srv/detail/load_node__type_support.c
[7.350s] -- Up-to-date: /home/aidan/GitHub/AidansRepo/TeensySwerve/install/composition_interfaces/include/composition_interfaces/composition_interfaces/srv/detail/list_nodes__type_support.c
[7.350s] -- Up-to-date: /home/aidan/GitHub/AidansRepo/TeensySwerve/install/composition_interfaces/include/composition_interfaces/composition_interfaces/srv/detail/load_node__rosidl_typesupport_introspection_c.h
[7.351s] -- Up-to-date: /home/aidan/GitHub/AidansRepo/TeensySwerve/install/composition_interfaces/include/composition_interfaces/composition_interfaces/srv/detail/list_nodes__rosidl_typesupport_introspection_c.h
[7.351s] -- Up-to-date: /home/aidan/GitHub/AidansRepo/TeensySwerve/install/composition_interfaces/include/composition_interfaces/composition_interfaces/srv/detail/unload_node__type_support.c
[7.351s] -- Up-to-date: /home/aidan/GitHub/AidansRepo/TeensySwerve/install/composition_interfaces/include/composition_interfaces/composition_interfaces/srv/detail/unload_node__rosidl_typesupport_introspection_c.h
[7.351s] -- Up-to-date: /home/aidan/GitHub/AidansRepo/TeensySwerve/install/composition_interfaces/include/composition_interfaces/composition_interfaces/msg
[7.366s] -- Up-to-date: /home/aidan/GitHub/AidansRepo/TeensySwerve/install/composition_interfaces/include/composition_interfaces/composition_interfaces/msg/rosidl_typesupport_introspection_c__visibility_control.h
[7.369s] -- Up-to-date: /home/aidan/GitHub/AidansRepo/TeensySwerve/install/composition_interfaces/lib/libcomposition_interfaces__rosidl_typesupport_introspection_c.so
[7.369s] -- Up-to-date: /home/aidan/GitHub/AidansRepo/TeensySwerve/install/composition_interfaces/lib/libcomposition_interfaces__rosidl_typesupport_c.so
[7.375s] -- Up-to-date: /home/aidan/GitHub/AidansRepo/TeensySwerve/install/composition_interfaces/include/composition_interfaces/composition_interfaces
[7.375s] -- Up-to-date: /home/aidan/GitHub/AidansRepo/TeensySwerve/install/composition_interfaces/include/composition_interfaces/composition_interfaces/srv
[7.375s] -- Up-to-date: /home/aidan/GitHub/AidansRepo/TeensySwerve/install/composition_interfaces/include/composition_interfaces/composition_interfaces/srv/load_node.hpp
[7.376s] -- Up-to-date: /home/aidan/GitHub/AidansRepo/TeensySwerve/install/composition_interfaces/include/composition_interfaces/composition_interfaces/srv/list_nodes.hpp
[7.376s] -- Up-to-date: /home/aidan/GitHub/AidansRepo/TeensySwerve/install/composition_interfaces/include/composition_interfaces/composition_interfaces/srv/detail
[7.376s] -- Up-to-date: /home/aidan/GitHub/AidansRepo/TeensySwerve/install/composition_interfaces/include/composition_interfaces/composition_interfaces/srv/detail/load_node__builder.hpp
[7.376s] -- Up-to-date: /home/aidan/GitHub/AidansRepo/TeensySwerve/install/composition_interfaces/include/composition_interfaces/composition_interfaces/srv/detail/list_nodes__type_support.hpp
[7.377s] -- Up-to-date: /home/aidan/GitHub/AidansRepo/TeensySwerve/install/composition_interfaces/include/composition_interfaces/composition_interfaces/srv/detail/unload_node__struct.hpp
[7.377s] -- Up-to-date: /home/aidan/GitHub/AidansRepo/TeensySwerve/install/composition_interfaces/include/composition_interfaces/composition_interfaces/srv/detail/list_nodes__struct.hpp
[7.377s] -- Up-to-date: /home/aidan/GitHub/AidansRepo/TeensySwerve/install/composition_interfaces/include/composition_interfaces/composition_interfaces/srv/detail/list_nodes__traits.hpp
[7.384s] -- Up-to-date: /home/aidan/GitHub/AidansRepo/TeensySwerve/install/composition_interfaces/include/composition_interfaces/composition_interfaces/srv/detail/unload_node__builder.hpp
[7.385s] -- Up-to-date: /home/aidan/GitHub/AidansRepo/TeensySwerve/install/composition_interfaces/include/composition_interfaces/composition_interfaces/srv/detail/unload_node__type_support.hpp
[7.389s] -- Up-to-date: /home/aidan/GitHub/AidansRepo/TeensySwerve/install/composition_interfaces/include/composition_interfaces/composition_interfaces/srv/detail/load_node__traits.hpp
[7.390s] -- Up-to-date: /home/aidan/GitHub/AidansRepo/TeensySwerve/install/composition_interfaces/include/composition_interfaces/composition_interfaces/srv/detail/load_node__type_support.hpp
[7.390s] -- Up-to-date: /home/aidan/GitHub/AidansRepo/TeensySwerve/install/composition_interfaces/include/composition_interfaces/composition_interfaces/srv/detail/load_node__struct.hpp
[7.394s] -- Up-to-date: /home/aidan/GitHub/AidansRepo/TeensySwerve/install/composition_interfaces/include/composition_interfaces/composition_interfaces/srv/detail/unload_node__traits.hpp
[7.394s] -- Up-to-date: /home/aidan/GitHub/AidansRepo/TeensySwerve/install/composition_interfaces/include/composition_interfaces/composition_interfaces/srv/detail/list_nodes__builder.hpp
[7.394s] -- Up-to-date: /home/aidan/GitHub/AidansRepo/TeensySwerve/install/composition_interfaces/include/composition_interfaces/composition_interfaces/srv/unload_node.hpp
[7.395s] -- Up-to-date: /home/aidan/GitHub/AidansRepo/TeensySwerve/install/composition_interfaces/include/composition_interfaces/composition_interfaces/msg
[7.395s] -- Up-to-date: /home/aidan/GitHub/AidansRepo/TeensySwerve/install/composition_interfaces/include/composition_interfaces/composition_interfaces/msg/rosidl_generator_cpp__visibility_control.hpp
[7.395s] -- Up-to-date: /home/aidan/GitHub/AidansRepo/TeensySwerve/install/composition_interfaces/include/composition_interfaces/composition_interfaces
[7.395s] -- Up-to-date: /home/aidan/GitHub/AidansRepo/TeensySwerve/install/composition_interfaces/include/composition_interfaces/composition_interfaces/srv
[7.396s] -- Up-to-date: /home/aidan/GitHub/AidansRepo/TeensySwerve/install/composition_interfaces/include/composition_interfaces/composition_interfaces/srv/detail
[7.396s] -- Up-to-date: /home/aidan/GitHub/AidansRepo/TeensySwerve/install/composition_interfaces/include/composition_interfaces/composition_interfaces/srv/detail/dds_fastrtps
[7.396s] -- Up-to-date: /home/aidan/GitHub/AidansRepo/TeensySwerve/install/composition_interfaces/include/composition_interfaces/composition_interfaces/srv/detail/list_nodes__rosidl_typesupport_fastrtps_cpp.hpp
[7.396s] -- Up-to-date: /home/aidan/GitHub/AidansRepo/TeensySwerve/install/composition_interfaces/include/composition_interfaces/composition_interfaces/srv/detail/load_node__rosidl_typesupport_fastrtps_cpp.hpp
[7.407s] -- Up-to-date: /home/aidan/GitHub/AidansRepo/TeensySwerve/install/composition_interfaces/include/composition_interfaces/composition_interfaces/srv/detail/unload_node__rosidl_typesupport_fastrtps_cpp.hpp
[7.408s] -- Up-to-date: /home/aidan/GitHub/AidansRepo/TeensySwerve/install/composition_interfaces/include/composition_interfaces/composition_interfaces/msg
[7.408s] -- Up-to-date: /home/aidan/GitHub/AidansRepo/TeensySwerve/install/composition_interfaces/include/composition_interfaces/composition_interfaces/msg/rosidl_typesupport_fastrtps_cpp__visibility_control.h
[7.413s] -- Up-to-date: /home/aidan/GitHub/AidansRepo/TeensySwerve/install/composition_interfaces/lib/libcomposition_interfaces__rosidl_typesupport_fastrtps_cpp.so
[7.414s] -- Up-to-date: /home/aidan/GitHub/AidansRepo/TeensySwerve/install/composition_interfaces/include/composition_interfaces/composition_interfaces
[7.414s] -- Up-to-date: /home/aidan/GitHub/AidansRepo/TeensySwerve/install/composition_interfaces/include/composition_interfaces/composition_interfaces/srv
[7.414s] -- Up-to-date: /home/aidan/GitHub/AidansRepo/TeensySwerve/install/composition_interfaces/include/composition_interfaces/composition_interfaces/srv/detail
[7.416s] -- Up-to-date: /home/aidan/GitHub/AidansRepo/TeensySwerve/install/composition_interfaces/include/composition_interfaces/composition_interfaces/srv/detail/list_nodes__rosidl_typesupport_introspection_cpp.hpp
[7.416s] -- Up-to-date: /home/aidan/GitHub/AidansRepo/TeensySwerve/install/composition_interfaces/include/composition_interfaces/composition_interfaces/srv/detail/unload_node__type_support.cpp
[7.416s] -- Up-to-date: /home/aidan/GitHub/AidansRepo/TeensySwerve/install/composition_interfaces/include/composition_interfaces/composition_interfaces/srv/detail/unload_node__rosidl_typesupport_introspection_cpp.hpp
[7.416s] -- Up-to-date: /home/aidan/GitHub/AidansRepo/TeensySwerve/install/composition_interfaces/include/composition_interfaces/composition_interfaces/srv/detail/load_node__type_support.cpp
[7.417s] -- Up-to-date: /home/aidan/GitHub/AidansRepo/TeensySwerve/install/composition_interfaces/include/composition_interfaces/composition_interfaces/srv/detail/load_node__rosidl_typesupport_introspection_cpp.hpp
[7.417s] -- Up-to-date: /home/aidan/GitHub/AidansRepo/TeensySwerve/install/composition_interfaces/include/composition_interfaces/composition_interfaces/srv/detail/list_nodes__type_support.cpp
[7.417s] -- Up-to-date: /home/aidan/GitHub/AidansRepo/TeensySwerve/install/composition_interfaces/lib/libcomposition_interfaces__rosidl_typesupport_introspection_cpp.so
[7.417s] -- Up-to-date: /home/aidan/GitHub/AidansRepo/TeensySwerve/install/composition_interfaces/lib/libcomposition_interfaces__rosidl_typesupport_cpp.so
[7.417s] -- Up-to-date: /home/aidan/GitHub/AidansRepo/TeensySwerve/install/composition_interfaces/share/composition_interfaces/environment/pythonpath.sh
[7.418s] -- Up-to-date: /home/aidan/GitHub/AidansRepo/TeensySwerve/install/composition_interfaces/share/composition_interfaces/environment/pythonpath.dsv
[7.422s] -- Up-to-date: /home/aidan/GitHub/AidansRepo/TeensySwerve/install/composition_interfaces/local/lib/python3.10/dist-packages/composition_interfaces-1.2.1-py3.10.egg-info
[7.423s] -- Installing: /home/aidan/GitHub/AidansRepo/TeensySwerve/install/composition_interfaces/local/lib/python3.10/dist-packages/composition_interfaces-1.2.1-py3.10.egg-info/PKG-INFO
[7.423s] -- Installing: /home/aidan/GitHub/AidansRepo/TeensySwerve/install/composition_interfaces/local/lib/python3.10/dist-packages/composition_interfaces-1.2.1-py3.10.egg-info/SOURCES.txt
[7.423s] -- Installing: /home/aidan/GitHub/AidansRepo/TeensySwerve/install/composition_interfaces/local/lib/python3.10/dist-packages/composition_interfaces-1.2.1-py3.10.egg-info/dependency_links.txt
[7.424s] -- Installing: /home/aidan/GitHub/AidansRepo/TeensySwerve/install/composition_interfaces/local/lib/python3.10/dist-packages/composition_interfaces-1.2.1-py3.10.egg-info/top_level.txt
[7.424s] -- Up-to-date: /home/aidan/GitHub/AidansRepo/TeensySwerve/install/composition_interfaces/local/lib/python3.10/dist-packages/composition_interfaces
[7.431s] -- Up-to-date: /home/aidan/GitHub/AidansRepo/TeensySwerve/install/composition_interfaces/local/lib/python3.10/dist-packages/composition_interfaces/composition_interfaces_s__rosidl_typesupport_c.cpython-310-x86_64-linux-gnu.so
[7.431s] -- Up-to-date: /home/aidan/GitHub/AidansRepo/TeensySwerve/install/composition_interfaces/local/lib/python3.10/dist-packages/composition_interfaces/libcomposition_interfaces__rosidl_generator_py.so
[7.431s] -- Up-to-date: /home/aidan/GitHub/AidansRepo/TeensySwerve/install/composition_interfaces/local/lib/python3.10/dist-packages/composition_interfaces/srv
[7.432s] -- Up-to-date: /home/aidan/GitHub/AidansRepo/TeensySwerve/install/composition_interfaces/local/lib/python3.10/dist-packages/composition_interfaces/srv/_load_node.py
[7.433s] -- Up-to-date: /home/aidan/GitHub/AidansRepo/TeensySwerve/install/composition_interfaces/local/lib/python3.10/dist-packages/composition_interfaces/srv/_unload_node_s.c
[7.433s] -- Up-to-date: /home/aidan/GitHub/AidansRepo/TeensySwerve/install/composition_interfaces/local/lib/python3.10/dist-packages/composition_interfaces/srv/_unload_node.py
[7.433s] -- Up-to-date: /home/aidan/GitHub/AidansRepo/TeensySwerve/install/composition_interfaces/local/lib/python3.10/dist-packages/composition_interfaces/srv/_list_nodes_s.c
[7.433s] -- Up-to-date: /home/aidan/GitHub/AidansRepo/TeensySwerve/install/composition_interfaces/local/lib/python3.10/dist-packages/composition_interfaces/srv/_load_node_s.c
[7.434s] -- Up-to-date: /home/aidan/GitHub/AidansRepo/TeensySwerve/install/composition_interfaces/local/lib/python3.10/dist-packages/composition_interfaces/srv/__init__.py
[7.434s] -- Up-to-date: /home/aidan/GitHub/AidansRepo/TeensySwerve/install/composition_interfaces/local/lib/python3.10/dist-packages/composition_interfaces/srv/_list_nodes.py
[7.434s] -- Up-to-date: /home/aidan/GitHub/AidansRepo/TeensySwerve/install/composition_interfaces/local/lib/python3.10/dist-packages/composition_interfaces/_composition_interfaces_s.ep.rosidl_typesupport_fastrtps_c.c
[7.434s] -- Up-to-date: /home/aidan/GitHub/AidansRepo/TeensySwerve/install/composition_interfaces/local/lib/python3.10/dist-packages/composition_interfaces/__init__.py
[7.439s] -- Up-to-date: /home/aidan/GitHub/AidansRepo/TeensySwerve/install/composition_interfaces/local/lib/python3.10/dist-packages/composition_interfaces/composition_interfaces_s__rosidl_typesupport_fastrtps_c.cpython-310-x86_64-linux-gnu.so
[7.439s] -- Up-to-date: /home/aidan/GitHub/AidansRepo/TeensySwerve/install/composition_interfaces/local/lib/python3.10/dist-packages/composition_interfaces/_composition_interfaces_s.ep.rosidl_typesupport_c.c
[7.439s] -- Up-to-date: /home/aidan/GitHub/AidansRepo/TeensySwerve/install/composition_interfaces/local/lib/python3.10/dist-packages/composition_interfaces/composition_interfaces_s__rosidl_typesupport_introspection_c.cpython-310-x86_64-linux-gnu.so
[7.440s] -- Up-to-date: /home/aidan/GitHub/AidansRepo/TeensySwerve/install/composition_interfaces/local/lib/python3.10/dist-packages/composition_interfaces/_composition_interfaces_s.ep.rosidl_typesupport_introspection_c.c
[7.793s] Listing '/home/aidan/GitHub/AidansRepo/TeensySwerve/install/composition_interfaces/local/lib/python3.10/dist-packages/composition_interfaces'...
[7.793s] Listing '/home/aidan/GitHub/AidansRepo/TeensySwerve/install/composition_interfaces/local/lib/python3.10/dist-packages/composition_interfaces/srv'...
[7.829s] -- Up-to-date: /home/aidan/GitHub/AidansRepo/TeensySwerve/install/composition_interfaces/local/lib/python3.10/dist-packages/composition_interfaces/composition_interfaces_s__rosidl_typesupport_fastrtps_c.cpython-310-x86_64-linux-gnu.so
[7.829s] -- Up-to-date: /home/aidan/GitHub/AidansRepo/TeensySwerve/install/composition_interfaces/local/lib/python3.10/dist-packages/composition_interfaces/composition_interfaces_s__rosidl_typesupport_introspection_c.cpython-310-x86_64-linux-gnu.so
[7.833s] -- Up-to-date: /home/aidan/GitHub/AidansRepo/TeensySwerve/install/composition_interfaces/local/lib/python3.10/dist-packages/composition_interfaces/composition_interfaces_s__rosidl_typesupport_c.cpython-310-x86_64-linux-gnu.so
[7.836s] -- Up-to-date: /home/aidan/GitHub/AidansRepo/TeensySwerve/install/composition_interfaces/lib/libcomposition_interfaces__rosidl_generator_py.so
[7.843s] -- Up-to-date: /home/aidan/GitHub/AidansRepo/TeensySwerve/install/composition_interfaces/share/composition_interfaces/srv/LoadNode.idl
[7.844s] -- Up-to-date: /home/aidan/GitHub/AidansRepo/TeensySwerve/install/composition_interfaces/share/composition_interfaces/srv/ListNodes.idl
[7.844s] -- Up-to-date: /home/aidan/GitHub/AidansRepo/TeensySwerve/install/composition_interfaces/share/composition_interfaces/srv/UnloadNode.idl
[7.844s] -- Up-to-date: /home/aidan/GitHub/AidansRepo/TeensySwerve/install/composition_interfaces/share/composition_interfaces/srv/LoadNode.srv
[7.844s] -- Up-to-date: /home/aidan/GitHub/AidansRepo/TeensySwerve/install/composition_interfaces/share/composition_interfaces/srv/LoadNode_Request.msg
[7.845s] -- Up-to-date: /home/aidan/GitHub/AidansRepo/TeensySwerve/install/composition_interfaces/share/composition_interfaces/srv/LoadNode_Response.msg
[7.845s] -- Up-to-date: /home/aidan/GitHub/AidansRepo/TeensySwerve/install/composition_interfaces/share/composition_interfaces/srv/ListNodes.srv
[7.845s] -- Up-to-date: /home/aidan/GitHub/AidansRepo/TeensySwerve/install/composition_interfaces/share/composition_interfaces/srv/ListNodes_Request.msg
[7.845s] -- Up-to-date: /home/aidan/GitHub/AidansRepo/TeensySwerve/install/composition_interfaces/share/composition_interfaces/srv/ListNodes_Response.msg
[7.846s] -- Up-to-date: /home/aidan/GitHub/AidansRepo/TeensySwerve/install/composition_interfaces/share/composition_interfaces/srv/UnloadNode.srv
[7.846s] -- Up-to-date: /home/aidan/GitHub/AidansRepo/TeensySwerve/install/composition_interfaces/share/composition_interfaces/srv/UnloadNode_Request.msg
[7.847s] -- Up-to-date: /home/aidan/GitHub/AidansRepo/TeensySwerve/install/composition_interfaces/share/composition_interfaces/srv/UnloadNode_Response.msg
[7.847s] -- Up-to-date: /home/aidan/GitHub/AidansRepo/TeensySwerve/install/composition_interfaces/share/ament_index/resource_index/package_run_dependencies/composition_interfaces
[7.847s] -- Up-to-date: /home/aidan/GitHub/AidansRepo/TeensySwerve/install/composition_interfaces/share/ament_index/resource_index/parent_prefix_path/composition_interfaces
[7.847s] -- Up-to-date: /home/aidan/GitHub/AidansRepo/TeensySwerve/install/composition_interfaces/share/composition_interfaces/environment/ament_prefix_path.sh
[7.849s] -- Up-to-date: /home/aidan/GitHub/AidansRepo/TeensySwerve/install/composition_interfaces/share/composition_interfaces/environment/ament_prefix_path.dsv
[7.858s] -- Up-to-date: /home/aidan/GitHub/AidansRepo/TeensySwerve/install/composition_interfaces/share/composition_interfaces/environment/path.sh
[7.876s] -- Up-to-date: /home/aidan/GitHub/AidansRepo/TeensySwerve/install/composition_interfaces/share/composition_interfaces/environment/path.dsv
[7.876s] -- Up-to-date: /home/aidan/GitHub/AidansRepo/TeensySwerve/install/composition_interfaces/share/composition_interfaces/local_setup.bash
[7.876s] -- Up-to-date: /home/aidan/GitHub/AidansRepo/TeensySwerve/install/composition_interfaces/share/composition_interfaces/local_setup.sh
[7.877s] -- Up-to-date: /home/aidan/GitHub/AidansRepo/TeensySwerve/install/composition_interfaces/share/composition_interfaces/local_setup.zsh
[7.877s] -- Up-to-date: /home/aidan/GitHub/AidansRepo/TeensySwerve/install/composition_interfaces/share/composition_interfaces/local_setup.dsv
[7.877s] -- Installing: /home/aidan/GitHub/AidansRepo/TeensySwerve/install/composition_interfaces/share/composition_interfaces/package.dsv
[7.877s] -- Up-to-date: /home/aidan/GitHub/AidansRepo/TeensySwerve/install/composition_interfaces/share/ament_index/resource_index/packages/composition_interfaces
[7.877s] -- Up-to-date: /home/aidan/GitHub/AidansRepo/TeensySwerve/install/composition_interfaces/share/composition_interfaces/cmake/export_composition_interfaces__rosidl_generator_cExport.cmake
[7.877s] -- Up-to-date: /home/aidan/GitHub/AidansRepo/TeensySwerve/install/composition_interfaces/share/composition_interfaces/cmake/export_composition_interfaces__rosidl_generator_cExport-noconfig.cmake
[7.878s] -- Up-to-date: /home/aidan/GitHub/AidansRepo/TeensySwerve/install/composition_interfaces/share/composition_interfaces/cmake/export_composition_interfaces__rosidl_typesupport_fastrtps_cExport.cmake
[7.878s] -- Up-to-date: /home/aidan/GitHub/AidansRepo/TeensySwerve/install/composition_interfaces/share/composition_interfaces/cmake/export_composition_interfaces__rosidl_typesupport_fastrtps_cExport-noconfig.cmake
[7.878s] -- Up-to-date: /home/aidan/GitHub/AidansRepo/TeensySwerve/install/composition_interfaces/share/composition_interfaces/cmake/composition_interfaces__rosidl_typesupport_introspection_cExport.cmake
[7.878s] -- Up-to-date: /home/aidan/GitHub/AidansRepo/TeensySwerve/install/composition_interfaces/share/composition_interfaces/cmake/composition_interfaces__rosidl_typesupport_introspection_cExport-noconfig.cmake
[7.879s] -- Up-to-date: /home/aidan/GitHub/AidansRepo/TeensySwerve/install/composition_interfaces/share/composition_interfaces/cmake/composition_interfaces__rosidl_typesupport_cExport.cmake
[7.879s] -- Up-to-date: /home/aidan/GitHub/AidansRepo/TeensySwerve/install/composition_interfaces/share/composition_interfaces/cmake/composition_interfaces__rosidl_typesupport_cExport-noconfig.cmake
[7.879s] -- Up-to-date: /home/aidan/GitHub/AidansRepo/TeensySwerve/install/composition_interfaces/share/composition_interfaces/cmake/export_composition_interfaces__rosidl_generator_cppExport.cmake
[7.879s] -- Up-to-date: /home/aidan/GitHub/AidansRepo/TeensySwerve/install/composition_interfaces/share/composition_interfaces/cmake/export_composition_interfaces__rosidl_typesupport_fastrtps_cppExport.cmake
[7.880s] -- Up-to-date: /home/aidan/GitHub/AidansRepo/TeensySwerve/install/composition_interfaces/share/composition_interfaces/cmake/export_composition_interfaces__rosidl_typesupport_fastrtps_cppExport-noconfig.cmake
[7.880s] -- Up-to-date: /home/aidan/GitHub/AidansRepo/TeensySwerve/install/composition_interfaces/share/composition_interfaces/cmake/composition_interfaces__rosidl_typesupport_introspection_cppExport.cmake
[7.880s] -- Up-to-date: /home/aidan/GitHub/AidansRepo/TeensySwerve/install/composition_interfaces/share/composition_interfaces/cmake/composition_interfaces__rosidl_typesupport_introspection_cppExport-noconfig.cmake
[7.880s] -- Up-to-date: /home/aidan/GitHub/AidansRepo/TeensySwerve/install/composition_interfaces/share/composition_interfaces/cmake/composition_interfaces__rosidl_typesupport_cppExport.cmake
[7.881s] -- Up-to-date: /home/aidan/GitHub/AidansRepo/TeensySwerve/install/composition_interfaces/share/composition_interfaces/cmake/composition_interfaces__rosidl_typesupport_cppExport-noconfig.cmake
[7.894s] -- Up-to-date: /home/aidan/GitHub/AidansRepo/TeensySwerve/install/composition_interfaces/share/composition_interfaces/cmake/export_composition_interfaces__rosidl_generator_pyExport.cmake
[7.894s] -- Up-to-date: /home/aidan/GitHub/AidansRepo/TeensySwerve/install/composition_interfaces/share/composition_interfaces/cmake/export_composition_interfaces__rosidl_generator_pyExport-noconfig.cmake
[7.894s] -- Up-to-date: /home/aidan/GitHub/AidansRepo/TeensySwerve/install/composition_interfaces/share/composition_interfaces/cmake/rosidl_cmake-extras.cmake
[7.895s] -- Up-to-date: /home/aidan/GitHub/AidansRepo/TeensySwerve/install/composition_interfaces/share/composition_interfaces/cmake/ament_cmake_export_dependencies-extras.cmake
[7.895s] -- Up-to-date: /home/aidan/GitHub/AidansRepo/TeensySwerve/install/composition_interfaces/share/composition_interfaces/cmake/ament_cmake_export_include_directories-extras.cmake
[7.895s] -- Up-to-date: /home/aidan/GitHub/AidansRepo/TeensySwerve/install/composition_interfaces/share/composition_interfaces/cmake/ament_cmake_export_libraries-extras.cmake
[7.895s] -- Up-to-date: /home/aidan/GitHub/AidansRepo/TeensySwerve/install/composition_interfaces/share/composition_interfaces/cmake/ament_cmake_export_targets-extras.cmake
[7.896s] -- Up-to-date: /home/aidan/GitHub/AidansRepo/TeensySwerve/install/composition_interfaces/share/composition_interfaces/cmake/rosidl_cmake_export_typesupport_targets-extras.cmake
[7.896s] -- Up-to-date: /home/aidan/GitHub/AidansRepo/TeensySwerve/install/composition_interfaces/share/composition_interfaces/cmake/rosidl_cmake_export_typesupport_libraries-extras.cmake
[7.911s] -- Up-to-date: /home/aidan/GitHub/AidansRepo/TeensySwerve/install/composition_interfaces/share/composition_interfaces/cmake/composition_interfacesConfig.cmake
[7.912s] -- Up-to-date: /home/aidan/GitHub/AidansRepo/TeensySwerve/install/composition_interfaces/share/composition_interfaces/cmake/composition_interfacesConfig-version.cmake
[7.912s] -- Up-to-date: /home/aidan/GitHub/AidansRepo/TeensySwerve/install/composition_interfaces/share/composition_interfaces/package.xml
[7.912s] Invoked command in '/home/aidan/GitHub/AidansRepo/TeensySwerve/build/composition_interfaces' returned '0': CMAKE_PREFIX_PATH=/home/aidan/GitHub/AidansRepo/TeensySwerve/install/rcl_interfaces:/home/aidan/GitHub/AidansRepo/TeensySwerve/install/builtin_interfaces:/home/aidan/GitHub/AidansRepo/TeensySwerve/install/micro_ros_demos_rclc:/home/aidan/GitHub/AidansRepo/TeensySwerve/install/common_interfaces:/home/aidan/GitHub/AidansRepo/TeensySwerve/install/visualization_msgs:/home/aidan/GitHub/AidansRepo/TeensySwerve/install/test_msgs:/home/aidan/GitHub/AidansRepo/TeensySwerve/install/example_interfaces:/home/aidan/GitHub/AidansRepo/TeensySwerve/install/action_msgs:/home/aidan/GitHub/AidansRepo/TeensySwerve/install/unique_identifier_msgs:/home/aidan/GitHub/AidansRepo/TeensySwerve/install/trajectory_msgs:/home/aidan/GitHub/AidansRepo/TeensySwerve/install/stereo_msgs:/home/aidan/GitHub/AidansRepo/TeensySwerve/install/std_srvs:/home/aidan/GitHub/AidansRepo/TeensySwerve/install/shape_msgs:/home/aidan/GitHub/AidansRepo/TeensySwerve/install/sensor_msgs:/home/aidan/GitHub/AidansRepo/TeensySwerve/install/nav_msgs:/home/aidan/GitHub/AidansRepo/TeensySwerve/install/diagnostic_msgs:/home/aidan/GitHub/AidansRepo/TeensySwerve/install/geometry_msgs:/home/aidan/GitHub/AidansRepo/TeensySwerve/install/actionlib_msgs:/home/aidan/GitHub/AidansRepo/TeensySwerve/install/std_msgs:/home/aidan/GitHub/AidansRepo/TeensySwerve/install/statistics_msgs:/home/aidan/GitHub/AidansRepo/TeensySwerve/install/rosidl_typesupport_microxrcedds_test_msg:/home/aidan/GitHub/AidansRepo/TeensySwerve/install/rosidl_typesupport_microxrcedds_cpp_tests:/home/aidan/GitHub/AidansRepo/TeensySwerve/install/rmw_microxrcedds:/home/aidan/GitHub/AidansRepo/TeensySwerve/install/rosidl_typesupport_microxrcedds_cpp:/home/aidan/GitHub/AidansRepo/TeensySwerve/install/rosidl_typesupport_microxrcedds_c_tests:/home/aidan/GitHub/AidansRepo/TeensySwerve/install/rosidl_typesupport_microxrcedds_c:/home/aidan/GitHub/AidansRepo/TeensySwerve/install/rosgraph_msgs:/home/aidan/GitHub/AidansRepo/TeensySwerve/install/rclc_parameter:/home/aidan/GitHub/AidansRepo/TeensySwerve/install/rclc:/home/aidan/GitHub/AidansRepo/TeensySwerve/install/composition_interfaces:/home/aidan/GitHub/AidansRepo/TeensySwerve/install/microxrcedds_client:/home/aidan/GitHub/AidansRepo/TeensySwerve/install/microcdr:/home/aidan/GitHub/AidansRepo/TeensySwerve/install/micro_ros_utilities:/home/aidan/GitHub/AidansRepo/TeensySwerve/install/micro_ros_msgs:/home/aidan/GitHub/AidansRepo/TeensySwerve/install/lifecycle_msgs:/home/aidan/GitHub/AidansRepo/TeensySwerve/install/complex_msgs:/home/aidan/GitHub/AidansRepo/TeensySwerve/install/tnsy_interfaces:/home/aidan/microros_ws/install/micro_ros_setup:/home/aidan/microros_ws/install/micro_ros_agent:/home/aidan/microros_ws/install/micro_ros_msgs:/home/aidan/GitHub/AidansRepo/TeensySwerve/install/sensor_msgs_py:/home/aidan/GitHub/AidansRepo/TeensySwerve/install/tnsy_swrv_controller:/opt/ros/humble LD_LIBRARY_PATH=/home/aidan/GitHub/AidansRepo/TeensySwerve/install/rcl_interfaces/lib:/home/aidan/GitHub/AidansRepo/TeensySwerve/install/builtin_interfaces/lib:/home/aidan/GitHub/AidansRepo/TeensySwerve/install/visualization_msgs/lib:/home/aidan/GitHub/AidansRepo/TeensySwerve/install/test_msgs/lib:/home/aidan/GitHub/AidansRepo/TeensySwerve/install/example_interfaces/lib:/home/aidan/GitHub/AidansRepo/TeensySwerve/install/action_msgs/lib:/home/aidan/GitHub/AidansRepo/TeensySwerve/install/unique_identifier_msgs/lib:/home/aidan/GitHub/AidansRepo/TeensySwerve/install/trajectory_msgs/lib:/home/aidan/GitHub/AidansRepo/TeensySwerve/install/stereo_msgs/lib:/home/aidan/GitHub/AidansRepo/TeensySwerve/install/std_srvs/lib:/home/aidan/GitHub/AidansRepo/TeensySwerve/install/shape_msgs/lib:/home/aidan/GitHub/AidansRepo/TeensySwerve/install/sensor_msgs/lib:/home/aidan/GitHub/AidansRepo/TeensySwerve/install/nav_msgs/lib:/home/aidan/GitHub/AidansRepo/TeensySwerve/install/diagnostic_msgs/lib:/home/aidan/GitHub/AidansRepo/TeensySwerve/install/geometry_msgs/lib:/home/aidan/GitHub/AidansRepo/TeensySwerve/install/actionlib_msgs/lib:/home/aidan/GitHub/AidansRepo/TeensySwerve/install/std_msgs/lib:/home/aidan/GitHub/AidansRepo/TeensySwerve/install/statistics_msgs/lib:/home/aidan/GitHub/AidansRepo/TeensySwerve/install/rosidl_typesupport_microxrcedds_test_msg/lib:/home/aidan/GitHub/AidansRepo/TeensySwerve/install/rmw_microxrcedds/lib:/home/aidan/GitHub/AidansRepo/TeensySwerve/install/rosidl_typesupport_microxrcedds_cpp/lib:/home/aidan/GitHub/AidansRepo/TeensySwerve/install/rosidl_typesupport_microxrcedds_c/lib:/home/aidan/GitHub/AidansRepo/TeensySwerve/install/rosgraph_msgs/lib:/home/aidan/GitHub/AidansRepo/TeensySwerve/install/rclc_parameter/lib:/home/aidan/GitHub/AidansRepo/TeensySwerve/install/rclc/lib:/home/aidan/GitHub/AidansRepo/TeensySwerve/install/composition_interfaces/lib:/home/aidan/GitHub/AidansRepo/TeensySwerve/install/micro_ros_utilities/lib:/home/aidan/GitHub/AidansRepo/TeensySwerve/install/micro_ros_msgs/lib:/home/aidan/GitHub/AidansRepo/TeensySwerve/install/lifecycle_msgs/lib:/home/aidan/GitHub/AidansRepo/TeensySwerve/install/complex_msgs/lib:/home/aidan/GitHub/AidansRepo/TeensySwerve/install/tnsy_interfaces/lib:/home/aidan/microros_ws/install/micro_ros_agent/lib:/home/aidan/microros_ws/install/micro_ros_msgs/lib:/opt/ros/humble/opt/rviz_ogre_vendor/lib:/opt/ros/humble/lib/x86_64-linux-gnu:/opt/ros/humble/lib /usr/bin/cmake --install /home/aidan/GitHub/AidansRepo/TeensySwerve/build/composition_interfaces
