[0.157s] Invoking command in '/home/aidan/GitHub/AidansRepo/TeensySwerve/build/diagnostic_msgs': CMAKE_PREFIX_PATH=/home/aidan/GitHub/AidansRepo/TeensySwerve/install/geometry_msgs:/home/aidan/GitHub/AidansRepo/TeensySwerve/install/std_msgs:/home/aidan/GitHub/AidansRepo/TeensySwerve/install/builtin_interfaces:/home/aidan/GitHub/AidansRepo/TeensySwerve/install/micro_ros_demos_rclc:/home/aidan/GitHub/AidansRepo/TeensySwerve/install/common_interfaces:/home/aidan/GitHub/AidansRepo/TeensySwerve/install/visualization_msgs:/home/aidan/GitHub/AidansRepo/TeensySwerve/install/test_msgs:/home/aidan/GitHub/AidansRepo/TeensySwerve/install/example_interfaces:/home/aidan/GitHub/AidansRepo/TeensySwerve/install/action_msgs:/home/aidan/GitHub/AidansRepo/TeensySwerve/install/unique_identifier_msgs:/home/aidan/GitHub/AidansRepo/TeensySwerve/install/trajectory_msgs:/home/aidan/GitHub/AidansRepo/TeensySwerve/install/stereo_msgs:/home/aidan/GitHub/AidansRepo/TeensySwerve/install/std_srvs:/home/aidan/GitHub/AidansRepo/TeensySwerve/install/shape_msgs:/home/aidan/GitHub/AidansRepo/TeensySwerve/install/sensor_msgs:/home/aidan/GitHub/AidansRepo/TeensySwerve/install/nav_msgs:/home/aidan/GitHub/AidansRepo/TeensySwerve/install/diagnostic_msgs:/home/aidan/GitHub/AidansRepo/TeensySwerve/install/actionlib_msgs:/home/aidan/GitHub/AidansRepo/TeensySwerve/install/statistics_msgs:/home/aidan/GitHub/AidansRepo/TeensySwerve/install/rosidl_typesupport_microxrcedds_test_msg:/home/aidan/GitHub/AidansRepo/TeensySwerve/install/rosidl_typesupport_microxrcedds_cpp_tests:/home/aidan/GitHub/AidansRepo/TeensySwerve/install/rmw_microxrcedds:/home/aidan/GitHub/AidansRepo/TeensySwerve/install/rosidl_typesupport_microxrcedds_cpp:/home/aidan/GitHub/AidansRepo/TeensySwerve/install/rosidl_typesupport_microxrcedds_c_tests:/home/aidan/GitHub/AidansRepo/TeensySwerve/install/rosidl_typesupport_microxrcedds_c:/home/aidan/GitHub/AidansRepo/TeensySwerve/install/rosgraph_msgs:/home/aidan/GitHub/AidansRepo/TeensySwerve/install/rclc_parameter:/home/aidan/GitHub/AidansRepo/TeensySwerve/install/rclc:/home/aidan/GitHub/AidansRepo/TeensySwerve/install/composition_interfaces:/home/aidan/GitHub/AidansRepo/TeensySwerve/install/rcl_interfaces:/home/aidan/GitHub/AidansRepo/TeensySwerve/install/microxrcedds_client:/home/aidan/GitHub/AidansRepo/TeensySwerve/install/microcdr:/home/aidan/GitHub/AidansRepo/TeensySwerve/install/micro_ros_utilities:/home/aidan/GitHub/AidansRepo/TeensySwerve/install/micro_ros_msgs:/home/aidan/GitHub/AidansRepo/TeensySwerve/install/lifecycle_msgs:/home/aidan/GitHub/AidansRepo/TeensySwerve/install/complex_msgs:/home/aidan/GitHub/AidansRepo/TeensySwerve/install/tnsy_interfaces:/home/aidan/microros_ws/install/micro_ros_setup:/home/aidan/microros_ws/install/micro_ros_agent:/home/aidan/microros_ws/install/micro_ros_msgs:/home/aidan/GitHub/AidansRepo/TeensySwerve/install/sensor_msgs_py:/home/aidan/GitHub/AidansRepo/TeensySwerve/install/tnsy_swrv_controller:/opt/ros/humble LD_LIBRARY_PATH=/home/aidan/GitHub/AidansRepo/TeensySwerve/install/geometry_msgs/lib:/home/aidan/GitHub/AidansRepo/TeensySwerve/install/std_msgs/lib:/home/aidan/GitHub/AidansRepo/TeensySwerve/install/builtin_interfaces/lib:/home/aidan/GitHub/AidansRepo/TeensySwerve/install/visualization_msgs/lib:/home/aidan/GitHub/AidansRepo/TeensySwerve/install/test_msgs/lib:/home/aidan/GitHub/AidansRepo/TeensySwerve/install/example_interfaces/lib:/home/aidan/GitHub/AidansRepo/TeensySwerve/install/action_msgs/lib:/home/aidan/GitHub/AidansRepo/TeensySwerve/install/unique_identifier_msgs/lib:/home/aidan/GitHub/AidansRepo/TeensySwerve/install/trajectory_msgs/lib:/home/aidan/GitHub/AidansRepo/TeensySwerve/install/stereo_msgs/lib:/home/aidan/GitHub/AidansRepo/TeensySwerve/install/std_srvs/lib:/home/aidan/GitHub/AidansRepo/TeensySwerve/install/shape_msgs/lib:/home/aidan/GitHub/AidansRepo/TeensySwerve/install/sensor_msgs/lib:/home/aidan/GitHub/AidansRepo/TeensySwerve/install/nav_msgs/lib:/home/aidan/GitHub/AidansRepo/TeensySwerve/install/diagnostic_msgs/lib:/home/aidan/GitHub/AidansRepo/TeensySwerve/install/actionlib_msgs/lib:/home/aidan/GitHub/AidansRepo/TeensySwerve/install/statistics_msgs/lib:/home/aidan/GitHub/AidansRepo/TeensySwerve/install/rosidl_typesupport_microxrcedds_test_msg/lib:/home/aidan/GitHub/AidansRepo/TeensySwerve/install/rmw_microxrcedds/lib:/home/aidan/GitHub/AidansRepo/TeensySwerve/install/rosidl_typesupport_microxrcedds_cpp/lib:/home/aidan/GitHub/AidansRepo/TeensySwerve/install/rosidl_typesupport_microxrcedds_c/lib:/home/aidan/GitHub/AidansRepo/TeensySwerve/install/rosgraph_msgs/lib:/home/aidan/GitHub/AidansRepo/TeensySwerve/install/rclc_parameter/lib:/home/aidan/GitHub/AidansRepo/TeensySwerve/install/rclc/lib:/home/aidan/GitHub/AidansRepo/TeensySwerve/install/composition_interfaces/lib:/home/aidan/GitHub/AidansRepo/TeensySwerve/install/rcl_interfaces/lib:/home/aidan/GitHub/AidansRepo/TeensySwerve/install/micro_ros_utilities/lib:/home/aidan/GitHub/AidansRepo/TeensySwerve/install/micro_ros_msgs/lib:/home/aidan/GitHub/AidansRepo/TeensySwerve/install/lifecycle_msgs/lib:/home/aidan/GitHub/AidansRepo/TeensySwerve/install/complex_msgs/lib:/home/aidan/GitHub/AidansRepo/TeensySwerve/install/tnsy_interfaces/lib:/home/aidan/microros_ws/install/micro_ros_agent/lib:/home/aidan/microros_ws/install/micro_ros_msgs/lib:/opt/ros/humble/opt/rviz_ogre_vendor/lib:/opt/ros/humble/lib/x86_64-linux-gnu:/opt/ros/humble/lib /usr/bin/cmake --build /home/aidan/GitHub/AidansRepo/TeensySwerve/build/diagnostic_msgs -- -j4 -l4
[0.580s] [  1%] Built target diagnostic_msgs__cpp
[0.897s] [  1%] Built target ament_cmake_python_copy_diagnostic_msgs
[1.132s] [ 12%] Built target diagnostic_msgs__rosidl_typesupport_fastrtps_cpp
[1.409s] [ 23%] Built target diagnostic_msgs__rosidl_typesupport_introspection_cpp
[4.382s] running egg_info
[4.384s] writing diagnostic_msgs.egg-info/PKG-INFO
[4.385s] writing dependency_links to diagnostic_msgs.egg-info/dependency_links.txt
[4.385s] writing top-level names to diagnostic_msgs.egg-info/top_level.txt
[4.398s] reading manifest file 'diagnostic_msgs.egg-info/SOURCES.txt'
[4.406s] writing manifest file 'diagnostic_msgs.egg-info/SOURCES.txt'
[4.569s] [ 23%] Built target ament_cmake_python_build_diagnostic_msgs_egg
[4.863s] [ 34%] Built target diagnostic_msgs__rosidl_typesupport_cpp
[5.094s] [ 46%] Built target diagnostic_msgs__rosidl_generator_c
[5.334s] [ 57%] Built target diagnostic_msgs__rosidl_typesupport_fastrtps_c
[5.590s] [ 68%] Built target diagnostic_msgs__rosidl_typesupport_c
[5.789s] [ 79%] Built target diagnostic_msgs__rosidl_typesupport_introspection_c
[5.989s] [ 79%] Built target diagnostic_msgs
[6.225s] [ 80%] Built target diagnostic_msgs__py
[6.472s] [ 90%] Built target diagnostic_msgs__rosidl_generator_py
[6.674s] [ 93%] Built target diagnostic_msgs__rosidl_typesupport_fastrtps_c__pyext
[6.897s] [ 96%] Built target diagnostic_msgs__rosidl_typesupport_c__pyext
[7.122s] [100%] Built target diagnostic_msgs__rosidl_typesupport_introspection_c__pyext
[7.227s] Invoked command in '/home/aidan/GitHub/AidansRepo/TeensySwerve/build/diagnostic_msgs' returned '0': CMAKE_PREFIX_PATH=/home/aidan/GitHub/AidansRepo/TeensySwerve/install/geometry_msgs:/home/aidan/GitHub/AidansRepo/TeensySwerve/install/std_msgs:/home/aidan/GitHub/AidansRepo/TeensySwerve/install/builtin_interfaces:/home/aidan/GitHub/AidansRepo/TeensySwerve/install/micro_ros_demos_rclc:/home/aidan/GitHub/AidansRepo/TeensySwerve/install/common_interfaces:/home/aidan/GitHub/AidansRepo/TeensySwerve/install/visualization_msgs:/home/aidan/GitHub/AidansRepo/TeensySwerve/install/test_msgs:/home/aidan/GitHub/AidansRepo/TeensySwerve/install/example_interfaces:/home/aidan/GitHub/AidansRepo/TeensySwerve/install/action_msgs:/home/aidan/GitHub/AidansRepo/TeensySwerve/install/unique_identifier_msgs:/home/aidan/GitHub/AidansRepo/TeensySwerve/install/trajectory_msgs:/home/aidan/GitHub/AidansRepo/TeensySwerve/install/stereo_msgs:/home/aidan/GitHub/AidansRepo/TeensySwerve/install/std_srvs:/home/aidan/GitHub/AidansRepo/TeensySwerve/install/shape_msgs:/home/aidan/GitHub/AidansRepo/TeensySwerve/install/sensor_msgs:/home/aidan/GitHub/AidansRepo/TeensySwerve/install/nav_msgs:/home/aidan/GitHub/AidansRepo/TeensySwerve/install/diagnostic_msgs:/home/aidan/GitHub/AidansRepo/TeensySwerve/install/actionlib_msgs:/home/aidan/GitHub/AidansRepo/TeensySwerve/install/statistics_msgs:/home/aidan/GitHub/AidansRepo/TeensySwerve/install/rosidl_typesupport_microxrcedds_test_msg:/home/aidan/GitHub/AidansRepo/TeensySwerve/install/rosidl_typesupport_microxrcedds_cpp_tests:/home/aidan/GitHub/AidansRepo/TeensySwerve/install/rmw_microxrcedds:/home/aidan/GitHub/AidansRepo/TeensySwerve/install/rosidl_typesupport_microxrcedds_cpp:/home/aidan/GitHub/AidansRepo/TeensySwerve/install/rosidl_typesupport_microxrcedds_c_tests:/home/aidan/GitHub/AidansRepo/TeensySwerve/install/rosidl_typesupport_microxrcedds_c:/home/aidan/GitHub/AidansRepo/TeensySwerve/install/rosgraph_msgs:/home/aidan/GitHub/AidansRepo/TeensySwerve/install/rclc_parameter:/home/aidan/GitHub/AidansRepo/TeensySwerve/install/rclc:/home/aidan/GitHub/AidansRepo/TeensySwerve/install/composition_interfaces:/home/aidan/GitHub/AidansRepo/TeensySwerve/install/rcl_interfaces:/home/aidan/GitHub/AidansRepo/TeensySwerve/install/microxrcedds_client:/home/aidan/GitHub/AidansRepo/TeensySwerve/install/microcdr:/home/aidan/GitHub/AidansRepo/TeensySwerve/install/micro_ros_utilities:/home/aidan/GitHub/AidansRepo/TeensySwerve/install/micro_ros_msgs:/home/aidan/GitHub/AidansRepo/TeensySwerve/install/lifecycle_msgs:/home/aidan/GitHub/AidansRepo/TeensySwerve/install/complex_msgs:/home/aidan/GitHub/AidansRepo/TeensySwerve/install/tnsy_interfaces:/home/aidan/microros_ws/install/micro_ros_setup:/home/aidan/microros_ws/install/micro_ros_agent:/home/aidan/microros_ws/install/micro_ros_msgs:/home/aidan/GitHub/AidansRepo/TeensySwerve/install/sensor_msgs_py:/home/aidan/GitHub/AidansRepo/TeensySwerve/install/tnsy_swrv_controller:/opt/ros/humble LD_LIBRARY_PATH=/home/aidan/GitHub/AidansRepo/TeensySwerve/install/geometry_msgs/lib:/home/aidan/GitHub/AidansRepo/TeensySwerve/install/std_msgs/lib:/home/aidan/GitHub/AidansRepo/TeensySwerve/install/builtin_interfaces/lib:/home/aidan/GitHub/AidansRepo/TeensySwerve/install/visualization_msgs/lib:/home/aidan/GitHub/AidansRepo/TeensySwerve/install/test_msgs/lib:/home/aidan/GitHub/AidansRepo/TeensySwerve/install/example_interfaces/lib:/home/aidan/GitHub/AidansRepo/TeensySwerve/install/action_msgs/lib:/home/aidan/GitHub/AidansRepo/TeensySwerve/install/unique_identifier_msgs/lib:/home/aidan/GitHub/AidansRepo/TeensySwerve/install/trajectory_msgs/lib:/home/aidan/GitHub/AidansRepo/TeensySwerve/install/stereo_msgs/lib:/home/aidan/GitHub/AidansRepo/TeensySwerve/install/std_srvs/lib:/home/aidan/GitHub/AidansRepo/TeensySwerve/install/shape_msgs/lib:/home/aidan/GitHub/AidansRepo/TeensySwerve/install/sensor_msgs/lib:/home/aidan/GitHub/AidansRepo/TeensySwerve/install/nav_msgs/lib:/home/aidan/GitHub/AidansRepo/TeensySwerve/install/diagnostic_msgs/lib:/home/aidan/GitHub/AidansRepo/TeensySwerve/install/actionlib_msgs/lib:/home/aidan/GitHub/AidansRepo/TeensySwerve/install/statistics_msgs/lib:/home/aidan/GitHub/AidansRepo/TeensySwerve/install/rosidl_typesupport_microxrcedds_test_msg/lib:/home/aidan/GitHub/AidansRepo/TeensySwerve/install/rmw_microxrcedds/lib:/home/aidan/GitHub/AidansRepo/TeensySwerve/install/rosidl_typesupport_microxrcedds_cpp/lib:/home/aidan/GitHub/AidansRepo/TeensySwerve/install/rosidl_typesupport_microxrcedds_c/lib:/home/aidan/GitHub/AidansRepo/TeensySwerve/install/rosgraph_msgs/lib:/home/aidan/GitHub/AidansRepo/TeensySwerve/install/rclc_parameter/lib:/home/aidan/GitHub/AidansRepo/TeensySwerve/install/rclc/lib:/home/aidan/GitHub/AidansRepo/TeensySwerve/install/composition_interfaces/lib:/home/aidan/GitHub/AidansRepo/TeensySwerve/install/rcl_interfaces/lib:/home/aidan/GitHub/AidansRepo/TeensySwerve/install/micro_ros_utilities/lib:/home/aidan/GitHub/AidansRepo/TeensySwerve/install/micro_ros_msgs/lib:/home/aidan/GitHub/AidansRepo/TeensySwerve/install/lifecycle_msgs/lib:/home/aidan/GitHub/AidansRepo/TeensySwerve/install/complex_msgs/lib:/home/aidan/GitHub/AidansRepo/TeensySwerve/install/tnsy_interfaces/lib:/home/aidan/microros_ws/install/micro_ros_agent/lib:/home/aidan/microros_ws/install/micro_ros_msgs/lib:/opt/ros/humble/opt/rviz_ogre_vendor/lib:/opt/ros/humble/lib/x86_64-linux-gnu:/opt/ros/humble/lib /usr/bin/cmake --build /home/aidan/GitHub/AidansRepo/TeensySwerve/build/diagnostic_msgs -- -j4 -l4
[9.214s] Invoking command in '/home/aidan/GitHub/AidansRepo/TeensySwerve/build/diagnostic_msgs': CMAKE_PREFIX_PATH=/home/aidan/GitHub/AidansRepo/TeensySwerve/install/geometry_msgs:/home/aidan/GitHub/AidansRepo/TeensySwerve/install/std_msgs:/home/aidan/GitHub/AidansRepo/TeensySwerve/install/builtin_interfaces:/home/aidan/GitHub/AidansRepo/TeensySwerve/install/micro_ros_demos_rclc:/home/aidan/GitHub/AidansRepo/TeensySwerve/install/common_interfaces:/home/aidan/GitHub/AidansRepo/TeensySwerve/install/visualization_msgs:/home/aidan/GitHub/AidansRepo/TeensySwerve/install/test_msgs:/home/aidan/GitHub/AidansRepo/TeensySwerve/install/example_interfaces:/home/aidan/GitHub/AidansRepo/TeensySwerve/install/action_msgs:/home/aidan/GitHub/AidansRepo/TeensySwerve/install/unique_identifier_msgs:/home/aidan/GitHub/AidansRepo/TeensySwerve/install/trajectory_msgs:/home/aidan/GitHub/AidansRepo/TeensySwerve/install/stereo_msgs:/home/aidan/GitHub/AidansRepo/TeensySwerve/install/std_srvs:/home/aidan/GitHub/AidansRepo/TeensySwerve/install/shape_msgs:/home/aidan/GitHub/AidansRepo/TeensySwerve/install/sensor_msgs:/home/aidan/GitHub/AidansRepo/TeensySwerve/install/nav_msgs:/home/aidan/GitHub/AidansRepo/TeensySwerve/install/diagnostic_msgs:/home/aidan/GitHub/AidansRepo/TeensySwerve/install/actionlib_msgs:/home/aidan/GitHub/AidansRepo/TeensySwerve/install/statistics_msgs:/home/aidan/GitHub/AidansRepo/TeensySwerve/install/rosidl_typesupport_microxrcedds_test_msg:/home/aidan/GitHub/AidansRepo/TeensySwerve/install/rosidl_typesupport_microxrcedds_cpp_tests:/home/aidan/GitHub/AidansRepo/TeensySwerve/install/rmw_microxrcedds:/home/aidan/GitHub/AidansRepo/TeensySwerve/install/rosidl_typesupport_microxrcedds_cpp:/home/aidan/GitHub/AidansRepo/TeensySwerve/install/rosidl_typesupport_microxrcedds_c_tests:/home/aidan/GitHub/AidansRepo/TeensySwerve/install/rosidl_typesupport_microxrcedds_c:/home/aidan/GitHub/AidansRepo/TeensySwerve/install/rosgraph_msgs:/home/aidan/GitHub/AidansRepo/TeensySwerve/install/rclc_parameter:/home/aidan/GitHub/AidansRepo/TeensySwerve/install/rclc:/home/aidan/GitHub/AidansRepo/TeensySwerve/install/composition_interfaces:/home/aidan/GitHub/AidansRepo/TeensySwerve/install/rcl_interfaces:/home/aidan/GitHub/AidansRepo/TeensySwerve/install/microxrcedds_client:/home/aidan/GitHub/AidansRepo/TeensySwerve/install/microcdr:/home/aidan/GitHub/AidansRepo/TeensySwerve/install/micro_ros_utilities:/home/aidan/GitHub/AidansRepo/TeensySwerve/install/micro_ros_msgs:/home/aidan/GitHub/AidansRepo/TeensySwerve/install/lifecycle_msgs:/home/aidan/GitHub/AidansRepo/TeensySwerve/install/complex_msgs:/home/aidan/GitHub/AidansRepo/TeensySwerve/install/tnsy_interfaces:/home/aidan/microros_ws/install/micro_ros_setup:/home/aidan/microros_ws/install/micro_ros_agent:/home/aidan/microros_ws/install/micro_ros_msgs:/home/aidan/GitHub/AidansRepo/TeensySwerve/install/sensor_msgs_py:/home/aidan/GitHub/AidansRepo/TeensySwerve/install/tnsy_swrv_controller:/opt/ros/humble LD_LIBRARY_PATH=/home/aidan/GitHub/AidansRepo/TeensySwerve/install/geometry_msgs/lib:/home/aidan/GitHub/AidansRepo/TeensySwerve/install/std_msgs/lib:/home/aidan/GitHub/AidansRepo/TeensySwerve/install/builtin_interfaces/lib:/home/aidan/GitHub/AidansRepo/TeensySwerve/install/visualization_msgs/lib:/home/aidan/GitHub/AidansRepo/TeensySwerve/install/test_msgs/lib:/home/aidan/GitHub/AidansRepo/TeensySwerve/install/example_interfaces/lib:/home/aidan/GitHub/AidansRepo/TeensySwerve/install/action_msgs/lib:/home/aidan/GitHub/AidansRepo/TeensySwerve/install/unique_identifier_msgs/lib:/home/aidan/GitHub/AidansRepo/TeensySwerve/install/trajectory_msgs/lib:/home/aidan/GitHub/AidansRepo/TeensySwerve/install/stereo_msgs/lib:/home/aidan/GitHub/AidansRepo/TeensySwerve/install/std_srvs/lib:/home/aidan/GitHub/AidansRepo/TeensySwerve/install/shape_msgs/lib:/home/aidan/GitHub/AidansRepo/TeensySwerve/install/sensor_msgs/lib:/home/aidan/GitHub/AidansRepo/TeensySwerve/install/nav_msgs/lib:/home/aidan/GitHub/AidansRepo/TeensySwerve/install/diagnostic_msgs/lib:/home/aidan/GitHub/AidansRepo/TeensySwerve/install/actionlib_msgs/lib:/home/aidan/GitHub/AidansRepo/TeensySwerve/install/statistics_msgs/lib:/home/aidan/GitHub/AidansRepo/TeensySwerve/install/rosidl_typesupport_microxrcedds_test_msg/lib:/home/aidan/GitHub/AidansRepo/TeensySwerve/install/rmw_microxrcedds/lib:/home/aidan/GitHub/AidansRepo/TeensySwerve/install/rosidl_typesupport_microxrcedds_cpp/lib:/home/aidan/GitHub/AidansRepo/TeensySwerve/install/rosidl_typesupport_microxrcedds_c/lib:/home/aidan/GitHub/AidansRepo/TeensySwerve/install/rosgraph_msgs/lib:/home/aidan/GitHub/AidansRepo/TeensySwerve/install/rclc_parameter/lib:/home/aidan/GitHub/AidansRepo/TeensySwerve/install/rclc/lib:/home/aidan/GitHub/AidansRepo/TeensySwerve/install/composition_interfaces/lib:/home/aidan/GitHub/AidansRepo/TeensySwerve/install/rcl_interfaces/lib:/home/aidan/GitHub/AidansRepo/TeensySwerve/install/micro_ros_utilities/lib:/home/aidan/GitHub/AidansRepo/TeensySwerve/install/micro_ros_msgs/lib:/home/aidan/GitHub/AidansRepo/TeensySwerve/install/lifecycle_msgs/lib:/home/aidan/GitHub/AidansRepo/TeensySwerve/install/complex_msgs/lib:/home/aidan/GitHub/AidansRepo/TeensySwerve/install/tnsy_interfaces/lib:/home/aidan/microros_ws/install/micro_ros_agent/lib:/home/aidan/microros_ws/install/micro_ros_msgs/lib:/opt/ros/humble/opt/rviz_ogre_vendor/lib:/opt/ros/humble/lib/x86_64-linux-gnu:/opt/ros/humble/lib /usr/bin/cmake --install /home/aidan/GitHub/AidansRepo/TeensySwerve/build/diagnostic_msgs
[9.304s] -- Install configuration: ""
[9.305s] -- Up-to-date: /home/aidan/GitHub/AidansRepo/TeensySwerve/install/diagnostic_msgs/share/ament_index/resource_index/rosidl_interfaces/diagnostic_msgs
[9.305s] -- Up-to-date: /home/aidan/GitHub/AidansRepo/TeensySwerve/install/diagnostic_msgs/include/diagnostic_msgs/diagnostic_msgs
[9.305s] -- Up-to-date: /home/aidan/GitHub/AidansRepo/TeensySwerve/install/diagnostic_msgs/include/diagnostic_msgs/diagnostic_msgs/srv
[9.315s] -- Up-to-date: /home/aidan/GitHub/AidansRepo/TeensySwerve/install/diagnostic_msgs/include/diagnostic_msgs/diagnostic_msgs/srv/add_diagnostics.h
[9.316s] -- Up-to-date: /home/aidan/GitHub/AidansRepo/TeensySwerve/install/diagnostic_msgs/include/diagnostic_msgs/diagnostic_msgs/srv/detail
[9.318s] -- Up-to-date: /home/aidan/GitHub/AidansRepo/TeensySwerve/install/diagnostic_msgs/include/diagnostic_msgs/diagnostic_msgs/srv/detail/self_test__functions.c
[9.319s] -- Up-to-date: /home/aidan/GitHub/AidansRepo/TeensySwerve/install/diagnostic_msgs/include/diagnostic_msgs/diagnostic_msgs/srv/detail/add_diagnostics__struct.h
[9.319s] -- Up-to-date: /home/aidan/GitHub/AidansRepo/TeensySwerve/install/diagnostic_msgs/include/diagnostic_msgs/diagnostic_msgs/srv/detail/self_test__struct.h
[9.330s] -- Up-to-date: /home/aidan/GitHub/AidansRepo/TeensySwerve/install/diagnostic_msgs/include/diagnostic_msgs/diagnostic_msgs/srv/detail/add_diagnostics__functions.h
[9.331s] -- Up-to-date: /home/aidan/GitHub/AidansRepo/TeensySwerve/install/diagnostic_msgs/include/diagnostic_msgs/diagnostic_msgs/srv/detail/add_diagnostics__functions.c
[9.331s] -- Up-to-date: /home/aidan/GitHub/AidansRepo/TeensySwerve/install/diagnostic_msgs/include/diagnostic_msgs/diagnostic_msgs/srv/detail/add_diagnostics__type_support.h
[9.331s] -- Up-to-date: /home/aidan/GitHub/AidansRepo/TeensySwerve/install/diagnostic_msgs/include/diagnostic_msgs/diagnostic_msgs/srv/detail/self_test__type_support.h
[9.331s] -- Up-to-date: /home/aidan/GitHub/AidansRepo/TeensySwerve/install/diagnostic_msgs/include/diagnostic_msgs/diagnostic_msgs/srv/detail/self_test__functions.h
[9.332s] -- Up-to-date: /home/aidan/GitHub/AidansRepo/TeensySwerve/install/diagnostic_msgs/include/diagnostic_msgs/diagnostic_msgs/srv/self_test.h
[9.340s] -- Up-to-date: /home/aidan/GitHub/AidansRepo/TeensySwerve/install/diagnostic_msgs/include/diagnostic_msgs/diagnostic_msgs/msg
[9.341s] -- Up-to-date: /home/aidan/GitHub/AidansRepo/TeensySwerve/install/diagnostic_msgs/include/diagnostic_msgs/diagnostic_msgs/msg/key_value.h
[9.343s] -- Up-to-date: /home/aidan/GitHub/AidansRepo/TeensySwerve/install/diagnostic_msgs/include/diagnostic_msgs/diagnostic_msgs/msg/rosidl_generator_c__visibility_control.h
[9.343s] -- Up-to-date: /home/aidan/GitHub/AidansRepo/TeensySwerve/install/diagnostic_msgs/include/diagnostic_msgs/diagnostic_msgs/msg/detail
[9.344s] -- Up-to-date: /home/aidan/GitHub/AidansRepo/TeensySwerve/install/diagnostic_msgs/include/diagnostic_msgs/diagnostic_msgs/msg/detail/diagnostic_status__functions.h
[9.344s] -- Up-to-date: /home/aidan/GitHub/AidansRepo/TeensySwerve/install/diagnostic_msgs/include/diagnostic_msgs/diagnostic_msgs/msg/detail/key_value__functions.h
[9.344s] -- Up-to-date: /home/aidan/GitHub/AidansRepo/TeensySwerve/install/diagnostic_msgs/include/diagnostic_msgs/diagnostic_msgs/msg/detail/diagnostic_status__type_support.h
[9.344s] -- Up-to-date: /home/aidan/GitHub/AidansRepo/TeensySwerve/install/diagnostic_msgs/include/diagnostic_msgs/diagnostic_msgs/msg/detail/diagnostic_array__type_support.h
[9.344s] -- Up-to-date: /home/aidan/GitHub/AidansRepo/TeensySwerve/install/diagnostic_msgs/include/diagnostic_msgs/diagnostic_msgs/msg/detail/key_value__functions.c
[9.349s] -- Up-to-date: /home/aidan/GitHub/AidansRepo/TeensySwerve/install/diagnostic_msgs/include/diagnostic_msgs/diagnostic_msgs/msg/detail/diagnostic_array__functions.c
[9.351s] -- Up-to-date: /home/aidan/GitHub/AidansRepo/TeensySwerve/install/diagnostic_msgs/include/diagnostic_msgs/diagnostic_msgs/msg/detail/diagnostic_status__functions.c
[9.355s] -- Up-to-date: /home/aidan/GitHub/AidansRepo/TeensySwerve/install/diagnostic_msgs/include/diagnostic_msgs/diagnostic_msgs/msg/detail/key_value__struct.h
[9.357s] -- Up-to-date: /home/aidan/GitHub/AidansRepo/TeensySwerve/install/diagnostic_msgs/include/diagnostic_msgs/diagnostic_msgs/msg/detail/diagnostic_array__struct.h
[9.361s] -- Up-to-date: /home/aidan/GitHub/AidansRepo/TeensySwerve/install/diagnostic_msgs/include/diagnostic_msgs/diagnostic_msgs/msg/detail/key_value__type_support.h
[9.361s] -- Up-to-date: /home/aidan/GitHub/AidansRepo/TeensySwerve/install/diagnostic_msgs/include/diagnostic_msgs/diagnostic_msgs/msg/detail/diagnostic_status__struct.h
[9.362s] -- Up-to-date: /home/aidan/GitHub/AidansRepo/TeensySwerve/install/diagnostic_msgs/include/diagnostic_msgs/diagnostic_msgs/msg/detail/diagnostic_array__functions.h
[9.362s] -- Up-to-date: /home/aidan/GitHub/AidansRepo/TeensySwerve/install/diagnostic_msgs/include/diagnostic_msgs/diagnostic_msgs/msg/diagnostic_status.h
[9.362s] -- Up-to-date: /home/aidan/GitHub/AidansRepo/TeensySwerve/install/diagnostic_msgs/include/diagnostic_msgs/diagnostic_msgs/msg/diagnostic_array.h
[9.362s] -- Up-to-date: /home/aidan/GitHub/AidansRepo/TeensySwerve/install/diagnostic_msgs/share/diagnostic_msgs/environment/library_path.sh
[9.368s] -- Up-to-date: /home/aidan/GitHub/AidansRepo/TeensySwerve/install/diagnostic_msgs/share/diagnostic_msgs/environment/library_path.dsv
[9.369s] -- Up-to-date: /home/aidan/GitHub/AidansRepo/TeensySwerve/install/diagnostic_msgs/lib/libdiagnostic_msgs__rosidl_generator_c.so
[9.369s] -- Up-to-date: /home/aidan/GitHub/AidansRepo/TeensySwerve/install/diagnostic_msgs/include/diagnostic_msgs/diagnostic_msgs
[9.369s] -- Up-to-date: /home/aidan/GitHub/AidansRepo/TeensySwerve/install/diagnostic_msgs/include/diagnostic_msgs/diagnostic_msgs/srv
[9.369s] -- Up-to-date: /home/aidan/GitHub/AidansRepo/TeensySwerve/install/diagnostic_msgs/include/diagnostic_msgs/diagnostic_msgs/srv/detail
[9.372s] -- Up-to-date: /home/aidan/GitHub/AidansRepo/TeensySwerve/install/diagnostic_msgs/include/diagnostic_msgs/diagnostic_msgs/srv/detail/self_test__rosidl_typesupport_fastrtps_c.h
[9.372s] -- Up-to-date: /home/aidan/GitHub/AidansRepo/TeensySwerve/install/diagnostic_msgs/include/diagnostic_msgs/diagnostic_msgs/srv/detail/add_diagnostics__rosidl_typesupport_fastrtps_c.h
[9.372s] -- Up-to-date: /home/aidan/GitHub/AidansRepo/TeensySwerve/install/diagnostic_msgs/include/diagnostic_msgs/diagnostic_msgs/msg
[9.372s] -- Up-to-date: /home/aidan/GitHub/AidansRepo/TeensySwerve/install/diagnostic_msgs/include/diagnostic_msgs/diagnostic_msgs/msg/rosidl_typesupport_fastrtps_c__visibility_control.h
[9.373s] -- Up-to-date: /home/aidan/GitHub/AidansRepo/TeensySwerve/install/diagnostic_msgs/include/diagnostic_msgs/diagnostic_msgs/msg/detail
[9.375s] -- Up-to-date: /home/aidan/GitHub/AidansRepo/TeensySwerve/install/diagnostic_msgs/include/diagnostic_msgs/diagnostic_msgs/msg/detail/key_value__rosidl_typesupport_fastrtps_c.h
[9.375s] -- Up-to-date: /home/aidan/GitHub/AidansRepo/TeensySwerve/install/diagnostic_msgs/include/diagnostic_msgs/diagnostic_msgs/msg/detail/diagnostic_status__rosidl_typesupport_fastrtps_c.h
[9.377s] -- Up-to-date: /home/aidan/GitHub/AidansRepo/TeensySwerve/install/diagnostic_msgs/include/diagnostic_msgs/diagnostic_msgs/msg/detail/diagnostic_array__rosidl_typesupport_fastrtps_c.h
[9.377s] -- Up-to-date: /home/aidan/GitHub/AidansRepo/TeensySwerve/install/diagnostic_msgs/lib/libdiagnostic_msgs__rosidl_typesupport_fastrtps_c.so
[9.377s] -- Up-to-date: /home/aidan/GitHub/AidansRepo/TeensySwerve/install/diagnostic_msgs/include/diagnostic_msgs/diagnostic_msgs
[9.377s] -- Up-to-date: /home/aidan/GitHub/AidansRepo/TeensySwerve/install/diagnostic_msgs/include/diagnostic_msgs/diagnostic_msgs/srv
[9.378s] -- Up-to-date: /home/aidan/GitHub/AidansRepo/TeensySwerve/install/diagnostic_msgs/include/diagnostic_msgs/diagnostic_msgs/srv/detail
[9.378s] -- Up-to-date: /home/aidan/GitHub/AidansRepo/TeensySwerve/install/diagnostic_msgs/include/diagnostic_msgs/diagnostic_msgs/srv/detail/add_diagnostics__type_support.c
[9.378s] -- Up-to-date: /home/aidan/GitHub/AidansRepo/TeensySwerve/install/diagnostic_msgs/include/diagnostic_msgs/diagnostic_msgs/srv/detail/self_test__rosidl_typesupport_introspection_c.h
[9.378s] -- Up-to-date: /home/aidan/GitHub/AidansRepo/TeensySwerve/install/diagnostic_msgs/include/diagnostic_msgs/diagnostic_msgs/srv/detail/self_test__type_support.c
[9.378s] -- Up-to-date: /home/aidan/GitHub/AidansRepo/TeensySwerve/install/diagnostic_msgs/include/diagnostic_msgs/diagnostic_msgs/srv/detail/add_diagnostics__rosidl_typesupport_introspection_c.h
[9.385s] -- Up-to-date: /home/aidan/GitHub/AidansRepo/TeensySwerve/install/diagnostic_msgs/include/diagnostic_msgs/diagnostic_msgs/msg
[9.385s] -- Up-to-date: /home/aidan/GitHub/AidansRepo/TeensySwerve/install/diagnostic_msgs/include/diagnostic_msgs/diagnostic_msgs/msg/detail
[9.385s] -- Up-to-date: /home/aidan/GitHub/AidansRepo/TeensySwerve/install/diagnostic_msgs/include/diagnostic_msgs/diagnostic_msgs/msg/detail/diagnostic_array__rosidl_typesupport_introspection_c.h
[9.385s] -- Up-to-date: /home/aidan/GitHub/AidansRepo/TeensySwerve/install/diagnostic_msgs/include/diagnostic_msgs/diagnostic_msgs/msg/detail/diagnostic_array__type_support.c
[9.386s] -- Up-to-date: /home/aidan/GitHub/AidansRepo/TeensySwerve/install/diagnostic_msgs/include/diagnostic_msgs/diagnostic_msgs/msg/detail/key_value__rosidl_typesupport_introspection_c.h
[9.386s] -- Up-to-date: /home/aidan/GitHub/AidansRepo/TeensySwerve/install/diagnostic_msgs/include/diagnostic_msgs/diagnostic_msgs/msg/detail/diagnostic_status__rosidl_typesupport_introspection_c.h
[9.386s] -- Up-to-date: /home/aidan/GitHub/AidansRepo/TeensySwerve/install/diagnostic_msgs/include/diagnostic_msgs/diagnostic_msgs/msg/detail/diagnostic_status__type_support.c
[9.386s] -- Up-to-date: /home/aidan/GitHub/AidansRepo/TeensySwerve/install/diagnostic_msgs/include/diagnostic_msgs/diagnostic_msgs/msg/detail/key_value__type_support.c
[9.386s] -- Up-to-date: /home/aidan/GitHub/AidansRepo/TeensySwerve/install/diagnostic_msgs/include/diagnostic_msgs/diagnostic_msgs/msg/rosidl_typesupport_introspection_c__visibility_control.h
[9.387s] -- Up-to-date: /home/aidan/GitHub/AidansRepo/TeensySwerve/install/diagnostic_msgs/lib/libdiagnostic_msgs__rosidl_typesupport_introspection_c.so
[9.387s] -- Up-to-date: /home/aidan/GitHub/AidansRepo/TeensySwerve/install/diagnostic_msgs/lib/libdiagnostic_msgs__rosidl_typesupport_c.so
[9.387s] -- Up-to-date: /home/aidan/GitHub/AidansRepo/TeensySwerve/install/diagnostic_msgs/include/diagnostic_msgs/diagnostic_msgs
[9.387s] -- Up-to-date: /home/aidan/GitHub/AidansRepo/TeensySwerve/install/diagnostic_msgs/include/diagnostic_msgs/diagnostic_msgs/srv
[9.397s] -- Up-to-date: /home/aidan/GitHub/AidansRepo/TeensySwerve/install/diagnostic_msgs/include/diagnostic_msgs/diagnostic_msgs/srv/add_diagnostics.hpp
[9.398s] -- Up-to-date: /home/aidan/GitHub/AidansRepo/TeensySwerve/install/diagnostic_msgs/include/diagnostic_msgs/diagnostic_msgs/srv/self_test.hpp
[9.402s] -- Up-to-date: /home/aidan/GitHub/AidansRepo/TeensySwerve/install/diagnostic_msgs/include/diagnostic_msgs/diagnostic_msgs/srv/detail
[9.402s] -- Up-to-date: /home/aidan/GitHub/AidansRepo/TeensySwerve/install/diagnostic_msgs/include/diagnostic_msgs/diagnostic_msgs/srv/detail/add_diagnostics__struct.hpp
[9.402s] -- Up-to-date: /home/aidan/GitHub/AidansRepo/TeensySwerve/install/diagnostic_msgs/include/diagnostic_msgs/diagnostic_msgs/srv/detail/self_test__struct.hpp
[9.403s] -- Up-to-date: /home/aidan/GitHub/AidansRepo/TeensySwerve/install/diagnostic_msgs/include/diagnostic_msgs/diagnostic_msgs/srv/detail/add_diagnostics__traits.hpp
[9.403s] -- Up-to-date: /home/aidan/GitHub/AidansRepo/TeensySwerve/install/diagnostic_msgs/include/diagnostic_msgs/diagnostic_msgs/srv/detail/self_test__traits.hpp
[9.403s] -- Up-to-date: /home/aidan/GitHub/AidansRepo/TeensySwerve/install/diagnostic_msgs/include/diagnostic_msgs/diagnostic_msgs/srv/detail/add_diagnostics__builder.hpp
[9.403s] -- Up-to-date: /home/aidan/GitHub/AidansRepo/TeensySwerve/install/diagnostic_msgs/include/diagnostic_msgs/diagnostic_msgs/srv/detail/self_test__type_support.hpp
[9.403s] -- Up-to-date: /home/aidan/GitHub/AidansRepo/TeensySwerve/install/diagnostic_msgs/include/diagnostic_msgs/diagnostic_msgs/srv/detail/self_test__builder.hpp
[9.409s] -- Up-to-date: /home/aidan/GitHub/AidansRepo/TeensySwerve/install/diagnostic_msgs/include/diagnostic_msgs/diagnostic_msgs/srv/detail/add_diagnostics__type_support.hpp
[9.409s] -- Up-to-date: /home/aidan/GitHub/AidansRepo/TeensySwerve/install/diagnostic_msgs/include/diagnostic_msgs/diagnostic_msgs/msg
[9.410s] -- Up-to-date: /home/aidan/GitHub/AidansRepo/TeensySwerve/install/diagnostic_msgs/include/diagnostic_msgs/diagnostic_msgs/msg/diagnostic_array.hpp
[9.410s] -- Up-to-date: /home/aidan/GitHub/AidansRepo/TeensySwerve/install/diagnostic_msgs/include/diagnostic_msgs/diagnostic_msgs/msg/diagnostic_status.hpp
[9.410s] -- Up-to-date: /home/aidan/GitHub/AidansRepo/TeensySwerve/install/diagnostic_msgs/include/diagnostic_msgs/diagnostic_msgs/msg/key_value.hpp
[9.416s] -- Up-to-date: /home/aidan/GitHub/AidansRepo/TeensySwerve/install/diagnostic_msgs/include/diagnostic_msgs/diagnostic_msgs/msg/detail
[9.417s] -- Up-to-date: /home/aidan/GitHub/AidansRepo/TeensySwerve/install/diagnostic_msgs/include/diagnostic_msgs/diagnostic_msgs/msg/detail/diagnostic_status__struct.hpp
[9.418s] -- Up-to-date: /home/aidan/GitHub/AidansRepo/TeensySwerve/install/diagnostic_msgs/include/diagnostic_msgs/diagnostic_msgs/msg/detail/diagnostic_status__type_support.hpp
[9.423s] -- Up-to-date: /home/aidan/GitHub/AidansRepo/TeensySwerve/install/diagnostic_msgs/include/diagnostic_msgs/diagnostic_msgs/msg/detail/diagnostic_array__builder.hpp
[9.425s] -- Up-to-date: /home/aidan/GitHub/AidansRepo/TeensySwerve/install/diagnostic_msgs/include/diagnostic_msgs/diagnostic_msgs/msg/detail/key_value__traits.hpp
[9.425s] -- Up-to-date: /home/aidan/GitHub/AidansRepo/TeensySwerve/install/diagnostic_msgs/include/diagnostic_msgs/diagnostic_msgs/msg/detail/key_value__type_support.hpp
[9.425s] -- Up-to-date: /home/aidan/GitHub/AidansRepo/TeensySwerve/install/diagnostic_msgs/include/diagnostic_msgs/diagnostic_msgs/msg/detail/key_value__builder.hpp
[9.425s] -- Up-to-date: /home/aidan/GitHub/AidansRepo/TeensySwerve/install/diagnostic_msgs/include/diagnostic_msgs/diagnostic_msgs/msg/detail/diagnostic_array__traits.hpp
[9.426s] -- Up-to-date: /home/aidan/GitHub/AidansRepo/TeensySwerve/install/diagnostic_msgs/include/diagnostic_msgs/diagnostic_msgs/msg/detail/diagnostic_array__type_support.hpp
[9.426s] -- Up-to-date: /home/aidan/GitHub/AidansRepo/TeensySwerve/install/diagnostic_msgs/include/diagnostic_msgs/diagnostic_msgs/msg/detail/key_value__struct.hpp
[9.426s] -- Up-to-date: /home/aidan/GitHub/AidansRepo/TeensySwerve/install/diagnostic_msgs/include/diagnostic_msgs/diagnostic_msgs/msg/detail/diagnostic_status__traits.hpp
[9.426s] -- Up-to-date: /home/aidan/GitHub/AidansRepo/TeensySwerve/install/diagnostic_msgs/include/diagnostic_msgs/diagnostic_msgs/msg/detail/diagnostic_array__struct.hpp
[9.426s] -- Up-to-date: /home/aidan/GitHub/AidansRepo/TeensySwerve/install/diagnostic_msgs/include/diagnostic_msgs/diagnostic_msgs/msg/detail/diagnostic_status__builder.hpp
[9.432s] -- Up-to-date: /home/aidan/GitHub/AidansRepo/TeensySwerve/install/diagnostic_msgs/include/diagnostic_msgs/diagnostic_msgs/msg/rosidl_generator_cpp__visibility_control.hpp
[9.432s] -- Up-to-date: /home/aidan/GitHub/AidansRepo/TeensySwerve/install/diagnostic_msgs/include/diagnostic_msgs/diagnostic_msgs
[9.432s] -- Up-to-date: /home/aidan/GitHub/AidansRepo/TeensySwerve/install/diagnostic_msgs/include/diagnostic_msgs/diagnostic_msgs/srv
[9.434s] -- Up-to-date: /home/aidan/GitHub/AidansRepo/TeensySwerve/install/diagnostic_msgs/include/diagnostic_msgs/diagnostic_msgs/srv/detail
[9.434s] -- Up-to-date: /home/aidan/GitHub/AidansRepo/TeensySwerve/install/diagnostic_msgs/include/diagnostic_msgs/diagnostic_msgs/srv/detail/dds_fastrtps
[9.434s] -- Up-to-date: /home/aidan/GitHub/AidansRepo/TeensySwerve/install/diagnostic_msgs/include/diagnostic_msgs/diagnostic_msgs/srv/detail/add_diagnostics__rosidl_typesupport_fastrtps_cpp.hpp
[9.434s] -- Up-to-date: /home/aidan/GitHub/AidansRepo/TeensySwerve/install/diagnostic_msgs/include/diagnostic_msgs/diagnostic_msgs/srv/detail/self_test__rosidl_typesupport_fastrtps_cpp.hpp
[9.434s] -- Up-to-date: /home/aidan/GitHub/AidansRepo/TeensySwerve/install/diagnostic_msgs/include/diagnostic_msgs/diagnostic_msgs/msg
[9.435s] -- Up-to-date: /home/aidan/GitHub/AidansRepo/TeensySwerve/install/diagnostic_msgs/include/diagnostic_msgs/diagnostic_msgs/msg/rosidl_typesupport_fastrtps_cpp__visibility_control.h
[9.435s] -- Up-to-date: /home/aidan/GitHub/AidansRepo/TeensySwerve/install/diagnostic_msgs/include/diagnostic_msgs/diagnostic_msgs/msg/detail
[9.435s] -- Up-to-date: /home/aidan/GitHub/AidansRepo/TeensySwerve/install/diagnostic_msgs/include/diagnostic_msgs/diagnostic_msgs/msg/detail/key_value__rosidl_typesupport_fastrtps_cpp.hpp
[9.435s] -- Up-to-date: /home/aidan/GitHub/AidansRepo/TeensySwerve/install/diagnostic_msgs/include/diagnostic_msgs/diagnostic_msgs/msg/detail/dds_fastrtps
[9.435s] -- Up-to-date: /home/aidan/GitHub/AidansRepo/TeensySwerve/install/diagnostic_msgs/include/diagnostic_msgs/diagnostic_msgs/msg/detail/diagnostic_array__rosidl_typesupport_fastrtps_cpp.hpp
[9.439s] -- Up-to-date: /home/aidan/GitHub/AidansRepo/TeensySwerve/install/diagnostic_msgs/include/diagnostic_msgs/diagnostic_msgs/msg/detail/diagnostic_status__rosidl_typesupport_fastrtps_cpp.hpp
[9.440s] -- Up-to-date: /home/aidan/GitHub/AidansRepo/TeensySwerve/install/diagnostic_msgs/lib/libdiagnostic_msgs__rosidl_typesupport_fastrtps_cpp.so
[9.440s] -- Up-to-date: /home/aidan/GitHub/AidansRepo/TeensySwerve/install/diagnostic_msgs/include/diagnostic_msgs/diagnostic_msgs
[9.440s] -- Up-to-date: /home/aidan/GitHub/AidansRepo/TeensySwerve/install/diagnostic_msgs/include/diagnostic_msgs/diagnostic_msgs/srv
[9.442s] -- Up-to-date: /home/aidan/GitHub/AidansRepo/TeensySwerve/install/diagnostic_msgs/include/diagnostic_msgs/diagnostic_msgs/srv/detail
[9.443s] -- Up-to-date: /home/aidan/GitHub/AidansRepo/TeensySwerve/install/diagnostic_msgs/include/diagnostic_msgs/diagnostic_msgs/srv/detail/self_test__type_support.cpp
[9.443s] -- Up-to-date: /home/aidan/GitHub/AidansRepo/TeensySwerve/install/diagnostic_msgs/include/diagnostic_msgs/diagnostic_msgs/srv/detail/add_diagnostics__rosidl_typesupport_introspection_cpp.hpp
[9.443s] -- Up-to-date: /home/aidan/GitHub/AidansRepo/TeensySwerve/install/diagnostic_msgs/include/diagnostic_msgs/diagnostic_msgs/srv/detail/add_diagnostics__type_support.cpp
[9.444s] -- Up-to-date: /home/aidan/GitHub/AidansRepo/TeensySwerve/install/diagnostic_msgs/include/diagnostic_msgs/diagnostic_msgs/srv/detail/self_test__rosidl_typesupport_introspection_cpp.hpp
[9.444s] -- Up-to-date: /home/aidan/GitHub/AidansRepo/TeensySwerve/install/diagnostic_msgs/include/diagnostic_msgs/diagnostic_msgs/msg
[9.444s] -- Up-to-date: /home/aidan/GitHub/AidansRepo/TeensySwerve/install/diagnostic_msgs/include/diagnostic_msgs/diagnostic_msgs/msg/detail
[9.444s] -- Up-to-date: /home/aidan/GitHub/AidansRepo/TeensySwerve/install/diagnostic_msgs/include/diagnostic_msgs/diagnostic_msgs/msg/detail/key_value__type_support.cpp
[9.445s] -- Up-to-date: /home/aidan/GitHub/AidansRepo/TeensySwerve/install/diagnostic_msgs/include/diagnostic_msgs/diagnostic_msgs/msg/detail/diagnostic_status__rosidl_typesupport_introspection_cpp.hpp
[9.445s] -- Up-to-date: /home/aidan/GitHub/AidansRepo/TeensySwerve/install/diagnostic_msgs/include/diagnostic_msgs/diagnostic_msgs/msg/detail/key_value__rosidl_typesupport_introspection_cpp.hpp
[9.445s] -- Up-to-date: /home/aidan/GitHub/AidansRepo/TeensySwerve/install/diagnostic_msgs/include/diagnostic_msgs/diagnostic_msgs/msg/detail/diagnostic_status__type_support.cpp
[9.445s] -- Up-to-date: /home/aidan/GitHub/AidansRepo/TeensySwerve/install/diagnostic_msgs/include/diagnostic_msgs/diagnostic_msgs/msg/detail/diagnostic_array__rosidl_typesupport_introspection_cpp.hpp
[9.445s] -- Up-to-date: /home/aidan/GitHub/AidansRepo/TeensySwerve/install/diagnostic_msgs/include/diagnostic_msgs/diagnostic_msgs/msg/detail/diagnostic_array__type_support.cpp
[9.445s] -- Up-to-date: /home/aidan/GitHub/AidansRepo/TeensySwerve/install/diagnostic_msgs/lib/libdiagnostic_msgs__rosidl_typesupport_introspection_cpp.so
[9.446s] -- Up-to-date: /home/aidan/GitHub/AidansRepo/TeensySwerve/install/diagnostic_msgs/lib/libdiagnostic_msgs__rosidl_typesupport_cpp.so
[9.446s] -- Up-to-date: /home/aidan/GitHub/AidansRepo/TeensySwerve/install/diagnostic_msgs/share/diagnostic_msgs/environment/pythonpath.sh
[9.446s] -- Up-to-date: /home/aidan/GitHub/AidansRepo/TeensySwerve/install/diagnostic_msgs/share/diagnostic_msgs/environment/pythonpath.dsv
[9.446s] -- Up-to-date: /home/aidan/GitHub/AidansRepo/TeensySwerve/install/diagnostic_msgs/local/lib/python3.10/dist-packages/diagnostic_msgs-4.8.0-py3.10.egg-info
[9.446s] -- Installing: /home/aidan/GitHub/AidansRepo/TeensySwerve/install/diagnostic_msgs/local/lib/python3.10/dist-packages/diagnostic_msgs-4.8.0-py3.10.egg-info/PKG-INFO
[9.450s] -- Installing: /home/aidan/GitHub/AidansRepo/TeensySwerve/install/diagnostic_msgs/local/lib/python3.10/dist-packages/diagnostic_msgs-4.8.0-py3.10.egg-info/SOURCES.txt
[9.450s] -- Installing: /home/aidan/GitHub/AidansRepo/TeensySwerve/install/diagnostic_msgs/local/lib/python3.10/dist-packages/diagnostic_msgs-4.8.0-py3.10.egg-info/dependency_links.txt
[9.450s] -- Installing: /home/aidan/GitHub/AidansRepo/TeensySwerve/install/diagnostic_msgs/local/lib/python3.10/dist-packages/diagnostic_msgs-4.8.0-py3.10.egg-info/top_level.txt
[9.451s] -- Up-to-date: /home/aidan/GitHub/AidansRepo/TeensySwerve/install/diagnostic_msgs/local/lib/python3.10/dist-packages/diagnostic_msgs
[9.451s] -- Up-to-date: /home/aidan/GitHub/AidansRepo/TeensySwerve/install/diagnostic_msgs/local/lib/python3.10/dist-packages/diagnostic_msgs/_diagnostic_msgs_s.ep.rosidl_typesupport_fastrtps_c.c
[9.451s] -- Up-to-date: /home/aidan/GitHub/AidansRepo/TeensySwerve/install/diagnostic_msgs/local/lib/python3.10/dist-packages/diagnostic_msgs/libdiagnostic_msgs__rosidl_generator_py.so
[9.451s] -- Up-to-date: /home/aidan/GitHub/AidansRepo/TeensySwerve/install/diagnostic_msgs/local/lib/python3.10/dist-packages/diagnostic_msgs/srv
[9.451s] -- Up-to-date: /home/aidan/GitHub/AidansRepo/TeensySwerve/install/diagnostic_msgs/local/lib/python3.10/dist-packages/diagnostic_msgs/srv/_self_test.py
[9.451s] -- Up-to-date: /home/aidan/GitHub/AidansRepo/TeensySwerve/install/diagnostic_msgs/local/lib/python3.10/dist-packages/diagnostic_msgs/srv/__init__.py
[9.454s] -- Up-to-date: /home/aidan/GitHub/AidansRepo/TeensySwerve/install/diagnostic_msgs/local/lib/python3.10/dist-packages/diagnostic_msgs/srv/_self_test_s.c
[9.454s] -- Up-to-date: /home/aidan/GitHub/AidansRepo/TeensySwerve/install/diagnostic_msgs/local/lib/python3.10/dist-packages/diagnostic_msgs/srv/_add_diagnostics.py
[9.454s] -- Up-to-date: /home/aidan/GitHub/AidansRepo/TeensySwerve/install/diagnostic_msgs/local/lib/python3.10/dist-packages/diagnostic_msgs/srv/_add_diagnostics_s.c
[9.454s] -- Up-to-date: /home/aidan/GitHub/AidansRepo/TeensySwerve/install/diagnostic_msgs/local/lib/python3.10/dist-packages/diagnostic_msgs/_diagnostic_msgs_s.ep.rosidl_typesupport_introspection_c.c
[9.454s] -- Up-to-date: /home/aidan/GitHub/AidansRepo/TeensySwerve/install/diagnostic_msgs/local/lib/python3.10/dist-packages/diagnostic_msgs/__init__.py
[9.456s] -- Up-to-date: /home/aidan/GitHub/AidansRepo/TeensySwerve/install/diagnostic_msgs/local/lib/python3.10/dist-packages/diagnostic_msgs/diagnostic_msgs_s__rosidl_typesupport_fastrtps_c.cpython-310-x86_64-linux-gnu.so
[9.456s] -- Up-to-date: /home/aidan/GitHub/AidansRepo/TeensySwerve/install/diagnostic_msgs/local/lib/python3.10/dist-packages/diagnostic_msgs/diagnostic_msgs_s__rosidl_typesupport_introspection_c.cpython-310-x86_64-linux-gnu.so
[9.456s] -- Up-to-date: /home/aidan/GitHub/AidansRepo/TeensySwerve/install/diagnostic_msgs/local/lib/python3.10/dist-packages/diagnostic_msgs/diagnostic_msgs_s__rosidl_typesupport_c.cpython-310-x86_64-linux-gnu.so
[9.460s] -- Up-to-date: /home/aidan/GitHub/AidansRepo/TeensySwerve/install/diagnostic_msgs/local/lib/python3.10/dist-packages/diagnostic_msgs/_diagnostic_msgs_s.ep.rosidl_typesupport_c.c
[9.461s] -- Up-to-date: /home/aidan/GitHub/AidansRepo/TeensySwerve/install/diagnostic_msgs/local/lib/python3.10/dist-packages/diagnostic_msgs/msg
[9.461s] -- Up-to-date: /home/aidan/GitHub/AidansRepo/TeensySwerve/install/diagnostic_msgs/local/lib/python3.10/dist-packages/diagnostic_msgs/msg/_diagnostic_status.py
[9.462s] -- Up-to-date: /home/aidan/GitHub/AidansRepo/TeensySwerve/install/diagnostic_msgs/local/lib/python3.10/dist-packages/diagnostic_msgs/msg/__init__.py
[9.464s] -- Up-to-date: /home/aidan/GitHub/AidansRepo/TeensySwerve/install/diagnostic_msgs/local/lib/python3.10/dist-packages/diagnostic_msgs/msg/_diagnostic_array.py
[9.464s] -- Up-to-date: /home/aidan/GitHub/AidansRepo/TeensySwerve/install/diagnostic_msgs/local/lib/python3.10/dist-packages/diagnostic_msgs/msg/_diagnostic_status_s.c
[9.464s] -- Up-to-date: /home/aidan/GitHub/AidansRepo/TeensySwerve/install/diagnostic_msgs/local/lib/python3.10/dist-packages/diagnostic_msgs/msg/_key_value_s.c
[9.464s] -- Up-to-date: /home/aidan/GitHub/AidansRepo/TeensySwerve/install/diagnostic_msgs/local/lib/python3.10/dist-packages/diagnostic_msgs/msg/_diagnostic_array_s.c
[9.464s] -- Up-to-date: /home/aidan/GitHub/AidansRepo/TeensySwerve/install/diagnostic_msgs/local/lib/python3.10/dist-packages/diagnostic_msgs/msg/_key_value.py
[9.671s] Listing '/home/aidan/GitHub/AidansRepo/TeensySwerve/install/diagnostic_msgs/local/lib/python3.10/dist-packages/diagnostic_msgs'...
[9.671s] Listing '/home/aidan/GitHub/AidansRepo/TeensySwerve/install/diagnostic_msgs/local/lib/python3.10/dist-packages/diagnostic_msgs/msg'...
[9.672s] Listing '/home/aidan/GitHub/AidansRepo/TeensySwerve/install/diagnostic_msgs/local/lib/python3.10/dist-packages/diagnostic_msgs/srv'...
[9.691s] -- Up-to-date: /home/aidan/GitHub/AidansRepo/TeensySwerve/install/diagnostic_msgs/local/lib/python3.10/dist-packages/diagnostic_msgs/diagnostic_msgs_s__rosidl_typesupport_fastrtps_c.cpython-310-x86_64-linux-gnu.so
[9.696s] -- Up-to-date: /home/aidan/GitHub/AidansRepo/TeensySwerve/install/diagnostic_msgs/local/lib/python3.10/dist-packages/diagnostic_msgs/diagnostic_msgs_s__rosidl_typesupport_introspection_c.cpython-310-x86_64-linux-gnu.so
[9.696s] -- Up-to-date: /home/aidan/GitHub/AidansRepo/TeensySwerve/install/diagnostic_msgs/local/lib/python3.10/dist-packages/diagnostic_msgs/diagnostic_msgs_s__rosidl_typesupport_c.cpython-310-x86_64-linux-gnu.so
[9.701s] -- Up-to-date: /home/aidan/GitHub/AidansRepo/TeensySwerve/install/diagnostic_msgs/lib/libdiagnostic_msgs__rosidl_generator_py.so
[9.701s] -- Up-to-date: /home/aidan/GitHub/AidansRepo/TeensySwerve/install/diagnostic_msgs/share/diagnostic_msgs/msg/DiagnosticArray.idl
[9.704s] -- Up-to-date: /home/aidan/GitHub/AidansRepo/TeensySwerve/install/diagnostic_msgs/share/diagnostic_msgs/msg/DiagnosticStatus.idl
[9.707s] -- Up-to-date: /home/aidan/GitHub/AidansRepo/TeensySwerve/install/diagnostic_msgs/share/diagnostic_msgs/msg/KeyValue.idl
[9.708s] -- Up-to-date: /home/aidan/GitHub/AidansRepo/TeensySwerve/install/diagnostic_msgs/share/diagnostic_msgs/srv/AddDiagnostics.idl
[9.708s] -- Up-to-date: /home/aidan/GitHub/AidansRepo/TeensySwerve/install/diagnostic_msgs/share/diagnostic_msgs/srv/SelfTest.idl
[9.708s] -- Up-to-date: /home/aidan/GitHub/AidansRepo/TeensySwerve/install/diagnostic_msgs/share/diagnostic_msgs/msg/DiagnosticArray.msg
[9.718s] -- Up-to-date: /home/aidan/GitHub/AidansRepo/TeensySwerve/install/diagnostic_msgs/share/diagnostic_msgs/msg/DiagnosticStatus.msg
[9.718s] -- Up-to-date: /home/aidan/GitHub/AidansRepo/TeensySwerve/install/diagnostic_msgs/share/diagnostic_msgs/msg/KeyValue.msg
[9.718s] -- Up-to-date: /home/aidan/GitHub/AidansRepo/TeensySwerve/install/diagnostic_msgs/share/diagnostic_msgs/srv/AddDiagnostics.srv
[9.727s] -- Up-to-date: /home/aidan/GitHub/AidansRepo/TeensySwerve/install/diagnostic_msgs/share/diagnostic_msgs/srv/AddDiagnostics_Request.msg
[9.727s] -- Up-to-date: /home/aidan/GitHub/AidansRepo/TeensySwerve/install/diagnostic_msgs/share/diagnostic_msgs/srv/AddDiagnostics_Response.msg
[9.727s] -- Up-to-date: /home/aidan/GitHub/AidansRepo/TeensySwerve/install/diagnostic_msgs/share/diagnostic_msgs/srv/SelfTest.srv
[9.728s] -- Up-to-date: /home/aidan/GitHub/AidansRepo/TeensySwerve/install/diagnostic_msgs/share/diagnostic_msgs/srv/SelfTest_Request.msg
[9.728s] -- Up-to-date: /home/aidan/GitHub/AidansRepo/TeensySwerve/install/diagnostic_msgs/share/diagnostic_msgs/srv/SelfTest_Response.msg
[9.728s] -- Up-to-date: /home/aidan/GitHub/AidansRepo/TeensySwerve/install/diagnostic_msgs/share/ament_index/resource_index/package_run_dependencies/diagnostic_msgs
[9.728s] -- Up-to-date: /home/aidan/GitHub/AidansRepo/TeensySwerve/install/diagnostic_msgs/share/ament_index/resource_index/parent_prefix_path/diagnostic_msgs
[9.728s] -- Up-to-date: /home/aidan/GitHub/AidansRepo/TeensySwerve/install/diagnostic_msgs/share/diagnostic_msgs/environment/ament_prefix_path.sh
[9.729s] -- Up-to-date: /home/aidan/GitHub/AidansRepo/TeensySwerve/install/diagnostic_msgs/share/diagnostic_msgs/environment/ament_prefix_path.dsv
[9.729s] -- Up-to-date: /home/aidan/GitHub/AidansRepo/TeensySwerve/install/diagnostic_msgs/share/diagnostic_msgs/environment/path.sh
[9.729s] -- Up-to-date: /home/aidan/GitHub/AidansRepo/TeensySwerve/install/diagnostic_msgs/share/diagnostic_msgs/environment/path.dsv
[9.743s] -- Up-to-date: /home/aidan/GitHub/AidansRepo/TeensySwerve/install/diagnostic_msgs/share/diagnostic_msgs/local_setup.bash
[9.743s] -- Up-to-date: /home/aidan/GitHub/AidansRepo/TeensySwerve/install/diagnostic_msgs/share/diagnostic_msgs/local_setup.sh
[9.744s] -- Up-to-date: /home/aidan/GitHub/AidansRepo/TeensySwerve/install/diagnostic_msgs/share/diagnostic_msgs/local_setup.zsh
[9.744s] -- Up-to-date: /home/aidan/GitHub/AidansRepo/TeensySwerve/install/diagnostic_msgs/share/diagnostic_msgs/local_setup.dsv
[9.744s] -- Installing: /home/aidan/GitHub/AidansRepo/TeensySwerve/install/diagnostic_msgs/share/diagnostic_msgs/package.dsv
[9.744s] -- Up-to-date: /home/aidan/GitHub/AidansRepo/TeensySwerve/install/diagnostic_msgs/share/ament_index/resource_index/packages/diagnostic_msgs
[9.744s] -- Up-to-date: /home/aidan/GitHub/AidansRepo/TeensySwerve/install/diagnostic_msgs/share/diagnostic_msgs/cmake/export_diagnostic_msgs__rosidl_generator_cExport.cmake
[9.751s] -- Up-to-date: /home/aidan/GitHub/AidansRepo/TeensySwerve/install/diagnostic_msgs/share/diagnostic_msgs/cmake/export_diagnostic_msgs__rosidl_generator_cExport-noconfig.cmake
[9.751s] -- Up-to-date: /home/aidan/GitHub/AidansRepo/TeensySwerve/install/diagnostic_msgs/share/diagnostic_msgs/cmake/export_diagnostic_msgs__rosidl_typesupport_fastrtps_cExport.cmake
[9.751s] -- Up-to-date: /home/aidan/GitHub/AidansRepo/TeensySwerve/install/diagnostic_msgs/share/diagnostic_msgs/cmake/export_diagnostic_msgs__rosidl_typesupport_fastrtps_cExport-noconfig.cmake
[9.752s] -- Up-to-date: /home/aidan/GitHub/AidansRepo/TeensySwerve/install/diagnostic_msgs/share/diagnostic_msgs/cmake/diagnostic_msgs__rosidl_typesupport_introspection_cExport.cmake
[9.752s] -- Up-to-date: /home/aidan/GitHub/AidansRepo/TeensySwerve/install/diagnostic_msgs/share/diagnostic_msgs/cmake/diagnostic_msgs__rosidl_typesupport_introspection_cExport-noconfig.cmake
[9.752s] -- Up-to-date: /home/aidan/GitHub/AidansRepo/TeensySwerve/install/diagnostic_msgs/share/diagnostic_msgs/cmake/diagnostic_msgs__rosidl_typesupport_cExport.cmake
[9.752s] -- Up-to-date: /home/aidan/GitHub/AidansRepo/TeensySwerve/install/diagnostic_msgs/share/diagnostic_msgs/cmake/diagnostic_msgs__rosidl_typesupport_cExport-noconfig.cmake
[9.752s] -- Up-to-date: /home/aidan/GitHub/AidansRepo/TeensySwerve/install/diagnostic_msgs/share/diagnostic_msgs/cmake/export_diagnostic_msgs__rosidl_generator_cppExport.cmake
[9.752s] -- Up-to-date: /home/aidan/GitHub/AidansRepo/TeensySwerve/install/diagnostic_msgs/share/diagnostic_msgs/cmake/export_diagnostic_msgs__rosidl_typesupport_fastrtps_cppExport.cmake
[9.753s] -- Up-to-date: /home/aidan/GitHub/AidansRepo/TeensySwerve/install/diagnostic_msgs/share/diagnostic_msgs/cmake/export_diagnostic_msgs__rosidl_typesupport_fastrtps_cppExport-noconfig.cmake
[9.753s] -- Up-to-date: /home/aidan/GitHub/AidansRepo/TeensySwerve/install/diagnostic_msgs/share/diagnostic_msgs/cmake/diagnostic_msgs__rosidl_typesupport_introspection_cppExport.cmake
[9.753s] -- Up-to-date: /home/aidan/GitHub/AidansRepo/TeensySwerve/install/diagnostic_msgs/share/diagnostic_msgs/cmake/diagnostic_msgs__rosidl_typesupport_introspection_cppExport-noconfig.cmake
[9.753s] -- Up-to-date: /home/aidan/GitHub/AidansRepo/TeensySwerve/install/diagnostic_msgs/share/diagnostic_msgs/cmake/diagnostic_msgs__rosidl_typesupport_cppExport.cmake
[9.753s] -- Up-to-date: /home/aidan/GitHub/AidansRepo/TeensySwerve/install/diagnostic_msgs/share/diagnostic_msgs/cmake/diagnostic_msgs__rosidl_typesupport_cppExport-noconfig.cmake
[9.761s] -- Up-to-date: /home/aidan/GitHub/AidansRepo/TeensySwerve/install/diagnostic_msgs/share/diagnostic_msgs/cmake/export_diagnostic_msgs__rosidl_generator_pyExport.cmake
[9.761s] -- Up-to-date: /home/aidan/GitHub/AidansRepo/TeensySwerve/install/diagnostic_msgs/share/diagnostic_msgs/cmake/export_diagnostic_msgs__rosidl_generator_pyExport-noconfig.cmake
[9.761s] -- Up-to-date: /home/aidan/GitHub/AidansRepo/TeensySwerve/install/diagnostic_msgs/share/diagnostic_msgs/cmake/rosidl_cmake-extras.cmake
[9.762s] -- Up-to-date: /home/aidan/GitHub/AidansRepo/TeensySwerve/install/diagnostic_msgs/share/diagnostic_msgs/cmake/ament_cmake_export_dependencies-extras.cmake
[9.762s] -- Up-to-date: /home/aidan/GitHub/AidansRepo/TeensySwerve/install/diagnostic_msgs/share/diagnostic_msgs/cmake/ament_cmake_export_include_directories-extras.cmake
[9.762s] -- Up-to-date: /home/aidan/GitHub/AidansRepo/TeensySwerve/install/diagnostic_msgs/share/diagnostic_msgs/cmake/ament_cmake_export_libraries-extras.cmake
[9.762s] -- Up-to-date: /home/aidan/GitHub/AidansRepo/TeensySwerve/install/diagnostic_msgs/share/diagnostic_msgs/cmake/ament_cmake_export_targets-extras.cmake
[9.762s] -- Up-to-date: /home/aidan/GitHub/AidansRepo/TeensySwerve/install/diagnostic_msgs/share/diagnostic_msgs/cmake/rosidl_cmake_export_typesupport_targets-extras.cmake
[9.762s] -- Up-to-date: /home/aidan/GitHub/AidansRepo/TeensySwerve/install/diagnostic_msgs/share/diagnostic_msgs/cmake/rosidl_cmake_export_typesupport_libraries-extras.cmake
[9.763s] -- Up-to-date: /home/aidan/GitHub/AidansRepo/TeensySwerve/install/diagnostic_msgs/share/diagnostic_msgs/cmake/diagnostic_msgsConfig.cmake
[9.763s] -- Up-to-date: /home/aidan/GitHub/AidansRepo/TeensySwerve/install/diagnostic_msgs/share/diagnostic_msgs/cmake/diagnostic_msgsConfig-version.cmake
[9.763s] -- Up-to-date: /home/aidan/GitHub/AidansRepo/TeensySwerve/install/diagnostic_msgs/share/diagnostic_msgs/package.xml
[9.782s] Invoked command in '/home/aidan/GitHub/AidansRepo/TeensySwerve/build/diagnostic_msgs' returned '0': CMAKE_PREFIX_PATH=/home/aidan/GitHub/AidansRepo/TeensySwerve/install/geometry_msgs:/home/aidan/GitHub/AidansRepo/TeensySwerve/install/std_msgs:/home/aidan/GitHub/AidansRepo/TeensySwerve/install/builtin_interfaces:/home/aidan/GitHub/AidansRepo/TeensySwerve/install/micro_ros_demos_rclc:/home/aidan/GitHub/AidansRepo/TeensySwerve/install/common_interfaces:/home/aidan/GitHub/AidansRepo/TeensySwerve/install/visualization_msgs:/home/aidan/GitHub/AidansRepo/TeensySwerve/install/test_msgs:/home/aidan/GitHub/AidansRepo/TeensySwerve/install/example_interfaces:/home/aidan/GitHub/AidansRepo/TeensySwerve/install/action_msgs:/home/aidan/GitHub/AidansRepo/TeensySwerve/install/unique_identifier_msgs:/home/aidan/GitHub/AidansRepo/TeensySwerve/install/trajectory_msgs:/home/aidan/GitHub/AidansRepo/TeensySwerve/install/stereo_msgs:/home/aidan/GitHub/AidansRepo/TeensySwerve/install/std_srvs:/home/aidan/GitHub/AidansRepo/TeensySwerve/install/shape_msgs:/home/aidan/GitHub/AidansRepo/TeensySwerve/install/sensor_msgs:/home/aidan/GitHub/AidansRepo/TeensySwerve/install/nav_msgs:/home/aidan/GitHub/AidansRepo/TeensySwerve/install/diagnostic_msgs:/home/aidan/GitHub/AidansRepo/TeensySwerve/install/actionlib_msgs:/home/aidan/GitHub/AidansRepo/TeensySwerve/install/statistics_msgs:/home/aidan/GitHub/AidansRepo/TeensySwerve/install/rosidl_typesupport_microxrcedds_test_msg:/home/aidan/GitHub/AidansRepo/TeensySwerve/install/rosidl_typesupport_microxrcedds_cpp_tests:/home/aidan/GitHub/AidansRepo/TeensySwerve/install/rmw_microxrcedds:/home/aidan/GitHub/AidansRepo/TeensySwerve/install/rosidl_typesupport_microxrcedds_cpp:/home/aidan/GitHub/AidansRepo/TeensySwerve/install/rosidl_typesupport_microxrcedds_c_tests:/home/aidan/GitHub/AidansRepo/TeensySwerve/install/rosidl_typesupport_microxrcedds_c:/home/aidan/GitHub/AidansRepo/TeensySwerve/install/rosgraph_msgs:/home/aidan/GitHub/AidansRepo/TeensySwerve/install/rclc_parameter:/home/aidan/GitHub/AidansRepo/TeensySwerve/install/rclc:/home/aidan/GitHub/AidansRepo/TeensySwerve/install/composition_interfaces:/home/aidan/GitHub/AidansRepo/TeensySwerve/install/rcl_interfaces:/home/aidan/GitHub/AidansRepo/TeensySwerve/install/microxrcedds_client:/home/aidan/GitHub/AidansRepo/TeensySwerve/install/microcdr:/home/aidan/GitHub/AidansRepo/TeensySwerve/install/micro_ros_utilities:/home/aidan/GitHub/AidansRepo/TeensySwerve/install/micro_ros_msgs:/home/aidan/GitHub/AidansRepo/TeensySwerve/install/lifecycle_msgs:/home/aidan/GitHub/AidansRepo/TeensySwerve/install/complex_msgs:/home/aidan/GitHub/AidansRepo/TeensySwerve/install/tnsy_interfaces:/home/aidan/microros_ws/install/micro_ros_setup:/home/aidan/microros_ws/install/micro_ros_agent:/home/aidan/microros_ws/install/micro_ros_msgs:/home/aidan/GitHub/AidansRepo/TeensySwerve/install/sensor_msgs_py:/home/aidan/GitHub/AidansRepo/TeensySwerve/install/tnsy_swrv_controller:/opt/ros/humble LD_LIBRARY_PATH=/home/aidan/GitHub/AidansRepo/TeensySwerve/install/geometry_msgs/lib:/home/aidan/GitHub/AidansRepo/TeensySwerve/install/std_msgs/lib:/home/aidan/GitHub/AidansRepo/TeensySwerve/install/builtin_interfaces/lib:/home/aidan/GitHub/AidansRepo/TeensySwerve/install/visualization_msgs/lib:/home/aidan/GitHub/AidansRepo/TeensySwerve/install/test_msgs/lib:/home/aidan/GitHub/AidansRepo/TeensySwerve/install/example_interfaces/lib:/home/aidan/GitHub/AidansRepo/TeensySwerve/install/action_msgs/lib:/home/aidan/GitHub/AidansRepo/TeensySwerve/install/unique_identifier_msgs/lib:/home/aidan/GitHub/AidansRepo/TeensySwerve/install/trajectory_msgs/lib:/home/aidan/GitHub/AidansRepo/TeensySwerve/install/stereo_msgs/lib:/home/aidan/GitHub/AidansRepo/TeensySwerve/install/std_srvs/lib:/home/aidan/GitHub/AidansRepo/TeensySwerve/install/shape_msgs/lib:/home/aidan/GitHub/AidansRepo/TeensySwerve/install/sensor_msgs/lib:/home/aidan/GitHub/AidansRepo/TeensySwerve/install/nav_msgs/lib:/home/aidan/GitHub/AidansRepo/TeensySwerve/install/diagnostic_msgs/lib:/home/aidan/GitHub/AidansRepo/TeensySwerve/install/actionlib_msgs/lib:/home/aidan/GitHub/AidansRepo/TeensySwerve/install/statistics_msgs/lib:/home/aidan/GitHub/AidansRepo/TeensySwerve/install/rosidl_typesupport_microxrcedds_test_msg/lib:/home/aidan/GitHub/AidansRepo/TeensySwerve/install/rmw_microxrcedds/lib:/home/aidan/GitHub/AidansRepo/TeensySwerve/install/rosidl_typesupport_microxrcedds_cpp/lib:/home/aidan/GitHub/AidansRepo/TeensySwerve/install/rosidl_typesupport_microxrcedds_c/lib:/home/aidan/GitHub/AidansRepo/TeensySwerve/install/rosgraph_msgs/lib:/home/aidan/GitHub/AidansRepo/TeensySwerve/install/rclc_parameter/lib:/home/aidan/GitHub/AidansRepo/TeensySwerve/install/rclc/lib:/home/aidan/GitHub/AidansRepo/TeensySwerve/install/composition_interfaces/lib:/home/aidan/GitHub/AidansRepo/TeensySwerve/install/rcl_interfaces/lib:/home/aidan/GitHub/AidansRepo/TeensySwerve/install/micro_ros_utilities/lib:/home/aidan/GitHub/AidansRepo/TeensySwerve/install/micro_ros_msgs/lib:/home/aidan/GitHub/AidansRepo/TeensySwerve/install/lifecycle_msgs/lib:/home/aidan/GitHub/AidansRepo/TeensySwerve/install/complex_msgs/lib:/home/aidan/GitHub/AidansRepo/TeensySwerve/install/tnsy_interfaces/lib:/home/aidan/microros_ws/install/micro_ros_agent/lib:/home/aidan/microros_ws/install/micro_ros_msgs/lib:/opt/ros/humble/opt/rviz_ogre_vendor/lib:/opt/ros/humble/lib/x86_64-linux-gnu:/opt/ros/humble/lib /usr/bin/cmake --install /home/aidan/GitHub/AidansRepo/TeensySwerve/build/diagnostic_msgs
