[0.089s] Invoking command in '/home/aidan/GitHub/AidansRepo/TeensySwerve/build/lifecycle_msgs': CMAKE_PREFIX_PATH=${CMAKE_PREFIX_PATH}:/home/aidan/GitHub/AidansRepo/TeensySwerve/install/tnsy_swrv_controller:/opt/ros/humble /usr/bin/cmake --build /home/aidan/GitHub/AidansRepo/TeensySwerve/build/lifecycle_msgs -- -j4 -l4
[0.438s] [  1%] Built target lifecycle_msgs__cpp
[0.675s] [  1%] Built target ament_cmake_python_copy_lifecycle_msgs
[0.813s] [ 12%] Built target lifecycle_msgs__rosidl_typesupport_fastrtps_cpp
[0.944s] [ 24%] Built target lifecycle_msgs__rosidl_typesupport_introspection_cpp
[2.825s] running egg_info
[2.825s] writing lifecycle_msgs.egg-info/PKG-INFO
[2.826s] writing dependency_links to lifecycle_msgs.egg-info/dependency_links.txt
[2.826s] writing top-level names to lifecycle_msgs.egg-info/top_level.txt
[2.850s] reading manifest file 'lifecycle_msgs.egg-info/SOURCES.txt'
[2.858s] writing manifest file 'lifecycle_msgs.egg-info/SOURCES.txt'
[3.124s] [ 24%] Built target ament_cmake_python_build_lifecycle_msgs_egg
[3.320s] [ 35%] Built target lifecycle_msgs__rosidl_typesupport_cpp
[3.477s] [ 47%] Built target lifecycle_msgs__rosidl_generator_c
[3.632s] [ 58%] Built target lifecycle_msgs__rosidl_typesupport_fastrtps_c
[3.805s] [ 70%] Built target lifecycle_msgs__rosidl_typesupport_c
[3.954s] [ 81%] Built target lifecycle_msgs__rosidl_typesupport_introspection_c
[4.081s] [ 81%] Built target lifecycle_msgs
[4.197s] [ 82%] Built target lifecycle_msgs__py
[4.351s] [ 93%] Built target lifecycle_msgs__rosidl_generator_py
[4.497s] [ 95%] Built target lifecycle_msgs__rosidl_typesupport_fastrtps_c__pyext
[4.649s] [ 97%] Built target lifecycle_msgs__rosidl_typesupport_c__pyext
[4.805s] [100%] Built target lifecycle_msgs__rosidl_typesupport_introspection_c__pyext
[4.898s] Invoked command in '/home/aidan/GitHub/AidansRepo/TeensySwerve/build/lifecycle_msgs' returned '0': CMAKE_PREFIX_PATH=${CMAKE_PREFIX_PATH}:/home/aidan/GitHub/AidansRepo/TeensySwerve/install/tnsy_swrv_controller:/opt/ros/humble /usr/bin/cmake --build /home/aidan/GitHub/AidansRepo/TeensySwerve/build/lifecycle_msgs -- -j4 -l4
[6.340s] Invoking command in '/home/aidan/GitHub/AidansRepo/TeensySwerve/build/lifecycle_msgs': CMAKE_PREFIX_PATH=${CMAKE_PREFIX_PATH}:/home/aidan/GitHub/AidansRepo/TeensySwerve/install/tnsy_swrv_controller:/opt/ros/humble /usr/bin/cmake --install /home/aidan/GitHub/AidansRepo/TeensySwerve/build/lifecycle_msgs
[6.393s] -- Install configuration: ""
[6.394s] -- Up-to-date: /home/aidan/GitHub/AidansRepo/TeensySwerve/install/lifecycle_msgs/share/ament_index/resource_index/rosidl_interfaces/lifecycle_msgs
[6.397s] -- Up-to-date: /home/aidan/GitHub/AidansRepo/TeensySwerve/install/lifecycle_msgs/include/lifecycle_msgs/lifecycle_msgs
[6.397s] -- Up-to-date: /home/aidan/GitHub/AidansRepo/TeensySwerve/install/lifecycle_msgs/include/lifecycle_msgs/lifecycle_msgs/srv
[6.397s] -- Up-to-date: /home/aidan/GitHub/AidansRepo/TeensySwerve/install/lifecycle_msgs/include/lifecycle_msgs/lifecycle_msgs/srv/change_state.h
[6.398s] -- Up-to-date: /home/aidan/GitHub/AidansRepo/TeensySwerve/install/lifecycle_msgs/include/lifecycle_msgs/lifecycle_msgs/srv/get_available_transitions.h
[6.398s] -- Up-to-date: /home/aidan/GitHub/AidansRepo/TeensySwerve/install/lifecycle_msgs/include/lifecycle_msgs/lifecycle_msgs/srv/get_state.h
[6.398s] -- Up-to-date: /home/aidan/GitHub/AidansRepo/TeensySwerve/install/lifecycle_msgs/include/lifecycle_msgs/lifecycle_msgs/srv/get_available_states.h
[6.398s] -- Up-to-date: /home/aidan/GitHub/AidansRepo/TeensySwerve/install/lifecycle_msgs/include/lifecycle_msgs/lifecycle_msgs/srv/detail
[6.398s] -- Up-to-date: /home/aidan/GitHub/AidansRepo/TeensySwerve/install/lifecycle_msgs/include/lifecycle_msgs/lifecycle_msgs/srv/detail/change_state__functions.c
[6.398s] -- Up-to-date: /home/aidan/GitHub/AidansRepo/TeensySwerve/install/lifecycle_msgs/include/lifecycle_msgs/lifecycle_msgs/srv/detail/get_available_states__functions.c
[6.400s] -- Up-to-date: /home/aidan/GitHub/AidansRepo/TeensySwerve/install/lifecycle_msgs/include/lifecycle_msgs/lifecycle_msgs/srv/detail/get_available_transitions__type_support.h
[6.403s] -- Up-to-date: /home/aidan/GitHub/AidansRepo/TeensySwerve/install/lifecycle_msgs/include/lifecycle_msgs/lifecycle_msgs/srv/detail/get_available_transitions__struct.h
[6.404s] -- Up-to-date: /home/aidan/GitHub/AidansRepo/TeensySwerve/install/lifecycle_msgs/include/lifecycle_msgs/lifecycle_msgs/srv/detail/get_state__functions.c
[6.405s] -- Up-to-date: /home/aidan/GitHub/AidansRepo/TeensySwerve/install/lifecycle_msgs/include/lifecycle_msgs/lifecycle_msgs/srv/detail/get_state__type_support.h
[6.405s] -- Up-to-date: /home/aidan/GitHub/AidansRepo/TeensySwerve/install/lifecycle_msgs/include/lifecycle_msgs/lifecycle_msgs/srv/detail/get_state__functions.h
[6.406s] -- Up-to-date: /home/aidan/GitHub/AidansRepo/TeensySwerve/install/lifecycle_msgs/include/lifecycle_msgs/lifecycle_msgs/srv/detail/get_available_transitions__functions.h
[6.406s] -- Up-to-date: /home/aidan/GitHub/AidansRepo/TeensySwerve/install/lifecycle_msgs/include/lifecycle_msgs/lifecycle_msgs/srv/detail/get_available_transitions__functions.c
[6.406s] -- Up-to-date: /home/aidan/GitHub/AidansRepo/TeensySwerve/install/lifecycle_msgs/include/lifecycle_msgs/lifecycle_msgs/srv/detail/change_state__struct.h
[6.406s] -- Up-to-date: /home/aidan/GitHub/AidansRepo/TeensySwerve/install/lifecycle_msgs/include/lifecycle_msgs/lifecycle_msgs/srv/detail/get_available_states__struct.h
[6.406s] -- Up-to-date: /home/aidan/GitHub/AidansRepo/TeensySwerve/install/lifecycle_msgs/include/lifecycle_msgs/lifecycle_msgs/srv/detail/get_available_states__type_support.h
[6.406s] -- Up-to-date: /home/aidan/GitHub/AidansRepo/TeensySwerve/install/lifecycle_msgs/include/lifecycle_msgs/lifecycle_msgs/srv/detail/change_state__functions.h
[6.407s] -- Up-to-date: /home/aidan/GitHub/AidansRepo/TeensySwerve/install/lifecycle_msgs/include/lifecycle_msgs/lifecycle_msgs/srv/detail/change_state__type_support.h
[6.407s] -- Up-to-date: /home/aidan/GitHub/AidansRepo/TeensySwerve/install/lifecycle_msgs/include/lifecycle_msgs/lifecycle_msgs/srv/detail/get_state__struct.h
[6.407s] -- Up-to-date: /home/aidan/GitHub/AidansRepo/TeensySwerve/install/lifecycle_msgs/include/lifecycle_msgs/lifecycle_msgs/srv/detail/get_available_states__functions.h
[6.407s] -- Up-to-date: /home/aidan/GitHub/AidansRepo/TeensySwerve/install/lifecycle_msgs/include/lifecycle_msgs/lifecycle_msgs/msg
[6.407s] -- Up-to-date: /home/aidan/GitHub/AidansRepo/TeensySwerve/install/lifecycle_msgs/include/lifecycle_msgs/lifecycle_msgs/msg/transition_event.h
[6.407s] -- Up-to-date: /home/aidan/GitHub/AidansRepo/TeensySwerve/install/lifecycle_msgs/include/lifecycle_msgs/lifecycle_msgs/msg/transition_description.h
[6.407s] -- Up-to-date: /home/aidan/GitHub/AidansRepo/TeensySwerve/install/lifecycle_msgs/include/lifecycle_msgs/lifecycle_msgs/msg/state.h
[6.411s] -- Up-to-date: /home/aidan/GitHub/AidansRepo/TeensySwerve/install/lifecycle_msgs/include/lifecycle_msgs/lifecycle_msgs/msg/rosidl_generator_c__visibility_control.h
[6.411s] -- Up-to-date: /home/aidan/GitHub/AidansRepo/TeensySwerve/install/lifecycle_msgs/include/lifecycle_msgs/lifecycle_msgs/msg/detail
[6.412s] -- Up-to-date: /home/aidan/GitHub/AidansRepo/TeensySwerve/install/lifecycle_msgs/include/lifecycle_msgs/lifecycle_msgs/msg/detail/transition__type_support.h
[6.415s] -- Up-to-date: /home/aidan/GitHub/AidansRepo/TeensySwerve/install/lifecycle_msgs/include/lifecycle_msgs/lifecycle_msgs/msg/detail/transition__functions.c
[6.415s] -- Up-to-date: /home/aidan/GitHub/AidansRepo/TeensySwerve/install/lifecycle_msgs/include/lifecycle_msgs/lifecycle_msgs/msg/detail/transition_event__functions.h
[6.415s] -- Up-to-date: /home/aidan/GitHub/AidansRepo/TeensySwerve/install/lifecycle_msgs/include/lifecycle_msgs/lifecycle_msgs/msg/detail/transition_event__functions.c
[6.418s] -- Up-to-date: /home/aidan/GitHub/AidansRepo/TeensySwerve/install/lifecycle_msgs/include/lifecycle_msgs/lifecycle_msgs/msg/detail/transition_description__struct.h
[6.419s] -- Up-to-date: /home/aidan/GitHub/AidansRepo/TeensySwerve/install/lifecycle_msgs/include/lifecycle_msgs/lifecycle_msgs/msg/detail/transition_description__functions.c
[6.419s] -- Up-to-date: /home/aidan/GitHub/AidansRepo/TeensySwerve/install/lifecycle_msgs/include/lifecycle_msgs/lifecycle_msgs/msg/detail/transition_event__type_support.h
[6.420s] -- Up-to-date: /home/aidan/GitHub/AidansRepo/TeensySwerve/install/lifecycle_msgs/include/lifecycle_msgs/lifecycle_msgs/msg/detail/transition__struct.h
[6.420s] -- Up-to-date: /home/aidan/GitHub/AidansRepo/TeensySwerve/install/lifecycle_msgs/include/lifecycle_msgs/lifecycle_msgs/msg/detail/state__functions.c
[6.425s] -- Up-to-date: /home/aidan/GitHub/AidansRepo/TeensySwerve/install/lifecycle_msgs/include/lifecycle_msgs/lifecycle_msgs/msg/detail/transition_description__functions.h
[6.427s] -- Up-to-date: /home/aidan/GitHub/AidansRepo/TeensySwerve/install/lifecycle_msgs/include/lifecycle_msgs/lifecycle_msgs/msg/detail/state__functions.h
[6.427s] -- Up-to-date: /home/aidan/GitHub/AidansRepo/TeensySwerve/install/lifecycle_msgs/include/lifecycle_msgs/lifecycle_msgs/msg/detail/state__type_support.h
[6.427s] -- Up-to-date: /home/aidan/GitHub/AidansRepo/TeensySwerve/install/lifecycle_msgs/include/lifecycle_msgs/lifecycle_msgs/msg/detail/transition_event__struct.h
[6.428s] -- Up-to-date: /home/aidan/GitHub/AidansRepo/TeensySwerve/install/lifecycle_msgs/include/lifecycle_msgs/lifecycle_msgs/msg/detail/state__struct.h
[6.428s] -- Up-to-date: /home/aidan/GitHub/AidansRepo/TeensySwerve/install/lifecycle_msgs/include/lifecycle_msgs/lifecycle_msgs/msg/detail/transition_description__type_support.h
[6.428s] -- Up-to-date: /home/aidan/GitHub/AidansRepo/TeensySwerve/install/lifecycle_msgs/include/lifecycle_msgs/lifecycle_msgs/msg/detail/transition__functions.h
[6.428s] -- Up-to-date: /home/aidan/GitHub/AidansRepo/TeensySwerve/install/lifecycle_msgs/include/lifecycle_msgs/lifecycle_msgs/msg/transition.h
[6.428s] -- Up-to-date: /home/aidan/GitHub/AidansRepo/TeensySwerve/install/lifecycle_msgs/share/lifecycle_msgs/environment/library_path.sh
[6.430s] -- Up-to-date: /home/aidan/GitHub/AidansRepo/TeensySwerve/install/lifecycle_msgs/share/lifecycle_msgs/environment/library_path.dsv
[6.434s] -- Up-to-date: /home/aidan/GitHub/AidansRepo/TeensySwerve/install/lifecycle_msgs/lib/liblifecycle_msgs__rosidl_generator_c.so
[6.434s] -- Up-to-date: /home/aidan/GitHub/AidansRepo/TeensySwerve/install/lifecycle_msgs/include/lifecycle_msgs/lifecycle_msgs
[6.434s] -- Up-to-date: /home/aidan/GitHub/AidansRepo/TeensySwerve/install/lifecycle_msgs/include/lifecycle_msgs/lifecycle_msgs/srv
[6.434s] -- Up-to-date: /home/aidan/GitHub/AidansRepo/TeensySwerve/install/lifecycle_msgs/include/lifecycle_msgs/lifecycle_msgs/srv/detail
[6.434s] -- Up-to-date: /home/aidan/GitHub/AidansRepo/TeensySwerve/install/lifecycle_msgs/include/lifecycle_msgs/lifecycle_msgs/srv/detail/get_available_states__rosidl_typesupport_fastrtps_c.h
[6.435s] -- Up-to-date: /home/aidan/GitHub/AidansRepo/TeensySwerve/install/lifecycle_msgs/include/lifecycle_msgs/lifecycle_msgs/srv/detail/get_state__rosidl_typesupport_fastrtps_c.h
[6.435s] -- Up-to-date: /home/aidan/GitHub/AidansRepo/TeensySwerve/install/lifecycle_msgs/include/lifecycle_msgs/lifecycle_msgs/srv/detail/change_state__rosidl_typesupport_fastrtps_c.h
[6.435s] -- Up-to-date: /home/aidan/GitHub/AidansRepo/TeensySwerve/install/lifecycle_msgs/include/lifecycle_msgs/lifecycle_msgs/srv/detail/get_available_transitions__rosidl_typesupport_fastrtps_c.h
[6.435s] -- Up-to-date: /home/aidan/GitHub/AidansRepo/TeensySwerve/install/lifecycle_msgs/include/lifecycle_msgs/lifecycle_msgs/msg
[6.435s] -- Up-to-date: /home/aidan/GitHub/AidansRepo/TeensySwerve/install/lifecycle_msgs/include/lifecycle_msgs/lifecycle_msgs/msg/rosidl_typesupport_fastrtps_c__visibility_control.h
[6.435s] -- Up-to-date: /home/aidan/GitHub/AidansRepo/TeensySwerve/install/lifecycle_msgs/include/lifecycle_msgs/lifecycle_msgs/msg/detail
[6.435s] -- Up-to-date: /home/aidan/GitHub/AidansRepo/TeensySwerve/install/lifecycle_msgs/include/lifecycle_msgs/lifecycle_msgs/msg/detail/transition_event__rosidl_typesupport_fastrtps_c.h
[6.436s] -- Up-to-date: /home/aidan/GitHub/AidansRepo/TeensySwerve/install/lifecycle_msgs/include/lifecycle_msgs/lifecycle_msgs/msg/detail/state__rosidl_typesupport_fastrtps_c.h
[6.436s] -- Up-to-date: /home/aidan/GitHub/AidansRepo/TeensySwerve/install/lifecycle_msgs/include/lifecycle_msgs/lifecycle_msgs/msg/detail/transition_description__rosidl_typesupport_fastrtps_c.h
[6.436s] -- Up-to-date: /home/aidan/GitHub/AidansRepo/TeensySwerve/install/lifecycle_msgs/include/lifecycle_msgs/lifecycle_msgs/msg/detail/transition__rosidl_typesupport_fastrtps_c.h
[6.436s] -- Up-to-date: /home/aidan/GitHub/AidansRepo/TeensySwerve/install/lifecycle_msgs/lib/liblifecycle_msgs__rosidl_typesupport_fastrtps_c.so
[6.436s] -- Up-to-date: /home/aidan/GitHub/AidansRepo/TeensySwerve/install/lifecycle_msgs/include/lifecycle_msgs/lifecycle_msgs
[6.439s] -- Up-to-date: /home/aidan/GitHub/AidansRepo/TeensySwerve/install/lifecycle_msgs/include/lifecycle_msgs/lifecycle_msgs/srv
[6.441s] -- Up-to-date: /home/aidan/GitHub/AidansRepo/TeensySwerve/install/lifecycle_msgs/include/lifecycle_msgs/lifecycle_msgs/srv/detail
[6.443s] -- Up-to-date: /home/aidan/GitHub/AidansRepo/TeensySwerve/install/lifecycle_msgs/include/lifecycle_msgs/lifecycle_msgs/srv/detail/change_state__rosidl_typesupport_introspection_c.h
[6.443s] -- Up-to-date: /home/aidan/GitHub/AidansRepo/TeensySwerve/install/lifecycle_msgs/include/lifecycle_msgs/lifecycle_msgs/srv/detail/get_available_states__rosidl_typesupport_introspection_c.h
[6.444s] -- Up-to-date: /home/aidan/GitHub/AidansRepo/TeensySwerve/install/lifecycle_msgs/include/lifecycle_msgs/lifecycle_msgs/srv/detail/get_available_transitions__rosidl_typesupport_introspection_c.h
[6.444s] -- Up-to-date: /home/aidan/GitHub/AidansRepo/TeensySwerve/install/lifecycle_msgs/include/lifecycle_msgs/lifecycle_msgs/srv/detail/get_available_transitions__type_support.c
[6.444s] -- Up-to-date: /home/aidan/GitHub/AidansRepo/TeensySwerve/install/lifecycle_msgs/include/lifecycle_msgs/lifecycle_msgs/srv/detail/get_state__type_support.c
[6.454s] -- Up-to-date: /home/aidan/GitHub/AidansRepo/TeensySwerve/install/lifecycle_msgs/include/lifecycle_msgs/lifecycle_msgs/srv/detail/get_available_states__type_support.c
[6.454s] -- Up-to-date: /home/aidan/GitHub/AidansRepo/TeensySwerve/install/lifecycle_msgs/include/lifecycle_msgs/lifecycle_msgs/srv/detail/get_state__rosidl_typesupport_introspection_c.h
[6.456s] -- Up-to-date: /home/aidan/GitHub/AidansRepo/TeensySwerve/install/lifecycle_msgs/include/lifecycle_msgs/lifecycle_msgs/srv/detail/change_state__type_support.c
[6.457s] -- Up-to-date: /home/aidan/GitHub/AidansRepo/TeensySwerve/install/lifecycle_msgs/include/lifecycle_msgs/lifecycle_msgs/msg
[6.460s] -- Up-to-date: /home/aidan/GitHub/AidansRepo/TeensySwerve/install/lifecycle_msgs/include/lifecycle_msgs/lifecycle_msgs/msg/detail
[6.462s] -- Up-to-date: /home/aidan/GitHub/AidansRepo/TeensySwerve/install/lifecycle_msgs/include/lifecycle_msgs/lifecycle_msgs/msg/detail/state__rosidl_typesupport_introspection_c.h
[6.462s] -- Up-to-date: /home/aidan/GitHub/AidansRepo/TeensySwerve/install/lifecycle_msgs/include/lifecycle_msgs/lifecycle_msgs/msg/detail/transition_event__type_support.c
[6.462s] -- Up-to-date: /home/aidan/GitHub/AidansRepo/TeensySwerve/install/lifecycle_msgs/include/lifecycle_msgs/lifecycle_msgs/msg/detail/transition_description__rosidl_typesupport_introspection_c.h
[6.463s] -- Up-to-date: /home/aidan/GitHub/AidansRepo/TeensySwerve/install/lifecycle_msgs/include/lifecycle_msgs/lifecycle_msgs/msg/detail/transition_event__rosidl_typesupport_introspection_c.h
[6.463s] -- Up-to-date: /home/aidan/GitHub/AidansRepo/TeensySwerve/install/lifecycle_msgs/include/lifecycle_msgs/lifecycle_msgs/msg/detail/transition_description__type_support.c
[6.463s] -- Up-to-date: /home/aidan/GitHub/AidansRepo/TeensySwerve/install/lifecycle_msgs/include/lifecycle_msgs/lifecycle_msgs/msg/detail/transition__type_support.c
[6.463s] -- Up-to-date: /home/aidan/GitHub/AidansRepo/TeensySwerve/install/lifecycle_msgs/include/lifecycle_msgs/lifecycle_msgs/msg/detail/state__type_support.c
[6.466s] -- Up-to-date: /home/aidan/GitHub/AidansRepo/TeensySwerve/install/lifecycle_msgs/include/lifecycle_msgs/lifecycle_msgs/msg/detail/transition__rosidl_typesupport_introspection_c.h
[6.467s] -- Up-to-date: /home/aidan/GitHub/AidansRepo/TeensySwerve/install/lifecycle_msgs/include/lifecycle_msgs/lifecycle_msgs/msg/rosidl_typesupport_introspection_c__visibility_control.h
[6.467s] -- Up-to-date: /home/aidan/GitHub/AidansRepo/TeensySwerve/install/lifecycle_msgs/lib/liblifecycle_msgs__rosidl_typesupport_introspection_c.so
[6.467s] -- Up-to-date: /home/aidan/GitHub/AidansRepo/TeensySwerve/install/lifecycle_msgs/lib/liblifecycle_msgs__rosidl_typesupport_c.so
[6.473s] -- Up-to-date: /home/aidan/GitHub/AidansRepo/TeensySwerve/install/lifecycle_msgs/include/lifecycle_msgs/lifecycle_msgs
[6.474s] -- Up-to-date: /home/aidan/GitHub/AidansRepo/TeensySwerve/install/lifecycle_msgs/include/lifecycle_msgs/lifecycle_msgs/srv
[6.474s] -- Up-to-date: /home/aidan/GitHub/AidansRepo/TeensySwerve/install/lifecycle_msgs/include/lifecycle_msgs/lifecycle_msgs/srv/change_state.hpp
[6.475s] -- Up-to-date: /home/aidan/GitHub/AidansRepo/TeensySwerve/install/lifecycle_msgs/include/lifecycle_msgs/lifecycle_msgs/srv/get_available_transitions.hpp
[6.488s] -- Up-to-date: /home/aidan/GitHub/AidansRepo/TeensySwerve/install/lifecycle_msgs/include/lifecycle_msgs/lifecycle_msgs/srv/get_state.hpp
[6.488s] -- Up-to-date: /home/aidan/GitHub/AidansRepo/TeensySwerve/install/lifecycle_msgs/include/lifecycle_msgs/lifecycle_msgs/srv/get_available_states.hpp
[6.489s] -- Up-to-date: /home/aidan/GitHub/AidansRepo/TeensySwerve/install/lifecycle_msgs/include/lifecycle_msgs/lifecycle_msgs/srv/detail
[6.489s] -- Up-to-date: /home/aidan/GitHub/AidansRepo/TeensySwerve/install/lifecycle_msgs/include/lifecycle_msgs/lifecycle_msgs/srv/detail/get_available_transitions__struct.hpp
[6.489s] -- Up-to-date: /home/aidan/GitHub/AidansRepo/TeensySwerve/install/lifecycle_msgs/include/lifecycle_msgs/lifecycle_msgs/srv/detail/get_state__traits.hpp
[6.489s] -- Up-to-date: /home/aidan/GitHub/AidansRepo/TeensySwerve/install/lifecycle_msgs/include/lifecycle_msgs/lifecycle_msgs/srv/detail/get_state__builder.hpp
[6.489s] -- Up-to-date: /home/aidan/GitHub/AidansRepo/TeensySwerve/install/lifecycle_msgs/include/lifecycle_msgs/lifecycle_msgs/srv/detail/get_available_transitions__traits.hpp
[6.490s] -- Up-to-date: /home/aidan/GitHub/AidansRepo/TeensySwerve/install/lifecycle_msgs/include/lifecycle_msgs/lifecycle_msgs/srv/detail/get_available_transitions__type_support.hpp
[6.490s] -- Up-to-date: /home/aidan/GitHub/AidansRepo/TeensySwerve/install/lifecycle_msgs/include/lifecycle_msgs/lifecycle_msgs/srv/detail/change_state__type_support.hpp
[6.490s] -- Up-to-date: /home/aidan/GitHub/AidansRepo/TeensySwerve/install/lifecycle_msgs/include/lifecycle_msgs/lifecycle_msgs/srv/detail/change_state__traits.hpp
[6.490s] -- Up-to-date: /home/aidan/GitHub/AidansRepo/TeensySwerve/install/lifecycle_msgs/include/lifecycle_msgs/lifecycle_msgs/srv/detail/get_state__type_support.hpp
[6.490s] -- Up-to-date: /home/aidan/GitHub/AidansRepo/TeensySwerve/install/lifecycle_msgs/include/lifecycle_msgs/lifecycle_msgs/srv/detail/get_available_states__type_support.hpp
[6.490s] -- Up-to-date: /home/aidan/GitHub/AidansRepo/TeensySwerve/install/lifecycle_msgs/include/lifecycle_msgs/lifecycle_msgs/srv/detail/get_state__struct.hpp
[6.497s] -- Up-to-date: /home/aidan/GitHub/AidansRepo/TeensySwerve/install/lifecycle_msgs/include/lifecycle_msgs/lifecycle_msgs/srv/detail/get_available_states__builder.hpp
[6.497s] -- Up-to-date: /home/aidan/GitHub/AidansRepo/TeensySwerve/install/lifecycle_msgs/include/lifecycle_msgs/lifecycle_msgs/srv/detail/get_available_states__struct.hpp
[6.497s] -- Up-to-date: /home/aidan/GitHub/AidansRepo/TeensySwerve/install/lifecycle_msgs/include/lifecycle_msgs/lifecycle_msgs/srv/detail/get_available_transitions__builder.hpp
[6.499s] -- Up-to-date: /home/aidan/GitHub/AidansRepo/TeensySwerve/install/lifecycle_msgs/include/lifecycle_msgs/lifecycle_msgs/srv/detail/change_state__struct.hpp
[6.499s] -- Up-to-date: /home/aidan/GitHub/AidansRepo/TeensySwerve/install/lifecycle_msgs/include/lifecycle_msgs/lifecycle_msgs/srv/detail/change_state__builder.hpp
[6.499s] -- Up-to-date: /home/aidan/GitHub/AidansRepo/TeensySwerve/install/lifecycle_msgs/include/lifecycle_msgs/lifecycle_msgs/srv/detail/get_available_states__traits.hpp
[6.503s] -- Up-to-date: /home/aidan/GitHub/AidansRepo/TeensySwerve/install/lifecycle_msgs/include/lifecycle_msgs/lifecycle_msgs/msg
[6.503s] -- Up-to-date: /home/aidan/GitHub/AidansRepo/TeensySwerve/install/lifecycle_msgs/include/lifecycle_msgs/lifecycle_msgs/msg/transition_description.hpp
[6.504s] -- Up-to-date: /home/aidan/GitHub/AidansRepo/TeensySwerve/install/lifecycle_msgs/include/lifecycle_msgs/lifecycle_msgs/msg/state.hpp
[6.504s] -- Up-to-date: /home/aidan/GitHub/AidansRepo/TeensySwerve/install/lifecycle_msgs/include/lifecycle_msgs/lifecycle_msgs/msg/transition.hpp
[6.504s] -- Up-to-date: /home/aidan/GitHub/AidansRepo/TeensySwerve/install/lifecycle_msgs/include/lifecycle_msgs/lifecycle_msgs/msg/transition_event.hpp
[6.504s] -- Up-to-date: /home/aidan/GitHub/AidansRepo/TeensySwerve/install/lifecycle_msgs/include/lifecycle_msgs/lifecycle_msgs/msg/detail
[6.504s] -- Up-to-date: /home/aidan/GitHub/AidansRepo/TeensySwerve/install/lifecycle_msgs/include/lifecycle_msgs/lifecycle_msgs/msg/detail/state__type_support.hpp
[6.508s] -- Up-to-date: /home/aidan/GitHub/AidansRepo/TeensySwerve/install/lifecycle_msgs/include/lifecycle_msgs/lifecycle_msgs/msg/detail/transition_description__builder.hpp
[6.508s] -- Up-to-date: /home/aidan/GitHub/AidansRepo/TeensySwerve/install/lifecycle_msgs/include/lifecycle_msgs/lifecycle_msgs/msg/detail/transition__traits.hpp
[6.508s] -- Up-to-date: /home/aidan/GitHub/AidansRepo/TeensySwerve/install/lifecycle_msgs/include/lifecycle_msgs/lifecycle_msgs/msg/detail/state__struct.hpp
[6.508s] -- Up-to-date: /home/aidan/GitHub/AidansRepo/TeensySwerve/install/lifecycle_msgs/include/lifecycle_msgs/lifecycle_msgs/msg/detail/transition_event__type_support.hpp
[6.508s] -- Up-to-date: /home/aidan/GitHub/AidansRepo/TeensySwerve/install/lifecycle_msgs/include/lifecycle_msgs/lifecycle_msgs/msg/detail/transition_description__type_support.hpp
[6.509s] -- Up-to-date: /home/aidan/GitHub/AidansRepo/TeensySwerve/install/lifecycle_msgs/include/lifecycle_msgs/lifecycle_msgs/msg/detail/transition_event__traits.hpp
[6.513s] -- Up-to-date: /home/aidan/GitHub/AidansRepo/TeensySwerve/install/lifecycle_msgs/include/lifecycle_msgs/lifecycle_msgs/msg/detail/transition__builder.hpp
[6.513s] -- Up-to-date: /home/aidan/GitHub/AidansRepo/TeensySwerve/install/lifecycle_msgs/include/lifecycle_msgs/lifecycle_msgs/msg/detail/transition__struct.hpp
[6.513s] -- Up-to-date: /home/aidan/GitHub/AidansRepo/TeensySwerve/install/lifecycle_msgs/include/lifecycle_msgs/lifecycle_msgs/msg/detail/transition__type_support.hpp
[6.513s] -- Up-to-date: /home/aidan/GitHub/AidansRepo/TeensySwerve/install/lifecycle_msgs/include/lifecycle_msgs/lifecycle_msgs/msg/detail/state__builder.hpp
[6.515s] -- Up-to-date: /home/aidan/GitHub/AidansRepo/TeensySwerve/install/lifecycle_msgs/include/lifecycle_msgs/lifecycle_msgs/msg/detail/state__traits.hpp
[6.516s] -- Up-to-date: /home/aidan/GitHub/AidansRepo/TeensySwerve/install/lifecycle_msgs/include/lifecycle_msgs/lifecycle_msgs/msg/detail/transition_description__traits.hpp
[6.516s] -- Up-to-date: /home/aidan/GitHub/AidansRepo/TeensySwerve/install/lifecycle_msgs/include/lifecycle_msgs/lifecycle_msgs/msg/detail/transition_event__struct.hpp
[6.516s] -- Up-to-date: /home/aidan/GitHub/AidansRepo/TeensySwerve/install/lifecycle_msgs/include/lifecycle_msgs/lifecycle_msgs/msg/detail/transition_description__struct.hpp
[6.516s] -- Up-to-date: /home/aidan/GitHub/AidansRepo/TeensySwerve/install/lifecycle_msgs/include/lifecycle_msgs/lifecycle_msgs/msg/detail/transition_event__builder.hpp
[6.516s] -- Up-to-date: /home/aidan/GitHub/AidansRepo/TeensySwerve/install/lifecycle_msgs/include/lifecycle_msgs/lifecycle_msgs/msg/rosidl_generator_cpp__visibility_control.hpp
[6.516s] -- Up-to-date: /home/aidan/GitHub/AidansRepo/TeensySwerve/install/lifecycle_msgs/include/lifecycle_msgs/lifecycle_msgs
[6.521s] -- Up-to-date: /home/aidan/GitHub/AidansRepo/TeensySwerve/install/lifecycle_msgs/include/lifecycle_msgs/lifecycle_msgs/srv
[6.525s] -- Up-to-date: /home/aidan/GitHub/AidansRepo/TeensySwerve/install/lifecycle_msgs/include/lifecycle_msgs/lifecycle_msgs/srv/detail
[6.525s] -- Up-to-date: /home/aidan/GitHub/AidansRepo/TeensySwerve/install/lifecycle_msgs/include/lifecycle_msgs/lifecycle_msgs/srv/detail/dds_fastrtps
[6.525s] -- Up-to-date: /home/aidan/GitHub/AidansRepo/TeensySwerve/install/lifecycle_msgs/include/lifecycle_msgs/lifecycle_msgs/srv/detail/get_state__rosidl_typesupport_fastrtps_cpp.hpp
[6.525s] -- Up-to-date: /home/aidan/GitHub/AidansRepo/TeensySwerve/install/lifecycle_msgs/include/lifecycle_msgs/lifecycle_msgs/srv/detail/get_available_transitions__rosidl_typesupport_fastrtps_cpp.hpp
[6.526s] -- Up-to-date: /home/aidan/GitHub/AidansRepo/TeensySwerve/install/lifecycle_msgs/include/lifecycle_msgs/lifecycle_msgs/srv/detail/get_available_states__rosidl_typesupport_fastrtps_cpp.hpp
[6.526s] -- Up-to-date: /home/aidan/GitHub/AidansRepo/TeensySwerve/install/lifecycle_msgs/include/lifecycle_msgs/lifecycle_msgs/srv/detail/change_state__rosidl_typesupport_fastrtps_cpp.hpp
[6.526s] -- Up-to-date: /home/aidan/GitHub/AidansRepo/TeensySwerve/install/lifecycle_msgs/include/lifecycle_msgs/lifecycle_msgs/msg
[6.526s] -- Up-to-date: /home/aidan/GitHub/AidansRepo/TeensySwerve/install/lifecycle_msgs/include/lifecycle_msgs/lifecycle_msgs/msg/rosidl_typesupport_fastrtps_cpp__visibility_control.h
[6.526s] -- Up-to-date: /home/aidan/GitHub/AidansRepo/TeensySwerve/install/lifecycle_msgs/include/lifecycle_msgs/lifecycle_msgs/msg/detail
[6.536s] -- Up-to-date: /home/aidan/GitHub/AidansRepo/TeensySwerve/install/lifecycle_msgs/include/lifecycle_msgs/lifecycle_msgs/msg/detail/transition_event__rosidl_typesupport_fastrtps_cpp.hpp
[6.537s] -- Up-to-date: /home/aidan/GitHub/AidansRepo/TeensySwerve/install/lifecycle_msgs/include/lifecycle_msgs/lifecycle_msgs/msg/detail/transition__rosidl_typesupport_fastrtps_cpp.hpp
[6.537s] -- Up-to-date: /home/aidan/GitHub/AidansRepo/TeensySwerve/install/lifecycle_msgs/include/lifecycle_msgs/lifecycle_msgs/msg/detail/dds_fastrtps
[6.543s] -- Up-to-date: /home/aidan/GitHub/AidansRepo/TeensySwerve/install/lifecycle_msgs/include/lifecycle_msgs/lifecycle_msgs/msg/detail/state__rosidl_typesupport_fastrtps_cpp.hpp
[6.543s] -- Up-to-date: /home/aidan/GitHub/AidansRepo/TeensySwerve/install/lifecycle_msgs/include/lifecycle_msgs/lifecycle_msgs/msg/detail/transition_description__rosidl_typesupport_fastrtps_cpp.hpp
[6.543s] -- Up-to-date: /home/aidan/GitHub/AidansRepo/TeensySwerve/install/lifecycle_msgs/lib/liblifecycle_msgs__rosidl_typesupport_fastrtps_cpp.so
[6.547s] -- Up-to-date: /home/aidan/GitHub/AidansRepo/TeensySwerve/install/lifecycle_msgs/include/lifecycle_msgs/lifecycle_msgs
[6.547s] -- Up-to-date: /home/aidan/GitHub/AidansRepo/TeensySwerve/install/lifecycle_msgs/include/lifecycle_msgs/lifecycle_msgs/srv
[6.547s] -- Up-to-date: /home/aidan/GitHub/AidansRepo/TeensySwerve/install/lifecycle_msgs/include/lifecycle_msgs/lifecycle_msgs/srv/detail
[6.547s] -- Up-to-date: /home/aidan/GitHub/AidansRepo/TeensySwerve/install/lifecycle_msgs/include/lifecycle_msgs/lifecycle_msgs/srv/detail/change_state__type_support.cpp
[6.547s] -- Up-to-date: /home/aidan/GitHub/AidansRepo/TeensySwerve/install/lifecycle_msgs/include/lifecycle_msgs/lifecycle_msgs/srv/detail/get_available_states__rosidl_typesupport_introspection_cpp.hpp
[6.548s] -- Up-to-date: /home/aidan/GitHub/AidansRepo/TeensySwerve/install/lifecycle_msgs/include/lifecycle_msgs/lifecycle_msgs/srv/detail/get_available_transitions__rosidl_typesupport_introspection_cpp.hpp
[6.548s] -- Up-to-date: /home/aidan/GitHub/AidansRepo/TeensySwerve/install/lifecycle_msgs/include/lifecycle_msgs/lifecycle_msgs/srv/detail/get_available_states__type_support.cpp
[6.548s] -- Up-to-date: /home/aidan/GitHub/AidansRepo/TeensySwerve/install/lifecycle_msgs/include/lifecycle_msgs/lifecycle_msgs/srv/detail/get_state__rosidl_typesupport_introspection_cpp.hpp
[6.548s] -- Up-to-date: /home/aidan/GitHub/AidansRepo/TeensySwerve/install/lifecycle_msgs/include/lifecycle_msgs/lifecycle_msgs/srv/detail/get_available_transitions__type_support.cpp
[6.548s] -- Up-to-date: /home/aidan/GitHub/AidansRepo/TeensySwerve/install/lifecycle_msgs/include/lifecycle_msgs/lifecycle_msgs/srv/detail/change_state__rosidl_typesupport_introspection_cpp.hpp
[6.555s] -- Up-to-date: /home/aidan/GitHub/AidansRepo/TeensySwerve/install/lifecycle_msgs/include/lifecycle_msgs/lifecycle_msgs/srv/detail/get_state__type_support.cpp
[6.556s] -- Up-to-date: /home/aidan/GitHub/AidansRepo/TeensySwerve/install/lifecycle_msgs/include/lifecycle_msgs/lifecycle_msgs/msg
[6.563s] -- Up-to-date: /home/aidan/GitHub/AidansRepo/TeensySwerve/install/lifecycle_msgs/include/lifecycle_msgs/lifecycle_msgs/msg/detail
[6.564s] -- Up-to-date: /home/aidan/GitHub/AidansRepo/TeensySwerve/install/lifecycle_msgs/include/lifecycle_msgs/lifecycle_msgs/msg/detail/transition__type_support.cpp
[6.564s] -- Up-to-date: /home/aidan/GitHub/AidansRepo/TeensySwerve/install/lifecycle_msgs/include/lifecycle_msgs/lifecycle_msgs/msg/detail/state__rosidl_typesupport_introspection_cpp.hpp
[6.564s] -- Up-to-date: /home/aidan/GitHub/AidansRepo/TeensySwerve/install/lifecycle_msgs/include/lifecycle_msgs/lifecycle_msgs/msg/detail/transition_event__rosidl_typesupport_introspection_cpp.hpp
[6.564s] -- Up-to-date: /home/aidan/GitHub/AidansRepo/TeensySwerve/install/lifecycle_msgs/include/lifecycle_msgs/lifecycle_msgs/msg/detail/transition_event__type_support.cpp
[6.566s] -- Up-to-date: /home/aidan/GitHub/AidansRepo/TeensySwerve/install/lifecycle_msgs/include/lifecycle_msgs/lifecycle_msgs/msg/detail/transition__rosidl_typesupport_introspection_cpp.hpp
[6.567s] -- Up-to-date: /home/aidan/GitHub/AidansRepo/TeensySwerve/install/lifecycle_msgs/include/lifecycle_msgs/lifecycle_msgs/msg/detail/transition_description__rosidl_typesupport_introspection_cpp.hpp
[6.570s] -- Up-to-date: /home/aidan/GitHub/AidansRepo/TeensySwerve/install/lifecycle_msgs/include/lifecycle_msgs/lifecycle_msgs/msg/detail/transition_description__type_support.cpp
[6.571s] -- Up-to-date: /home/aidan/GitHub/AidansRepo/TeensySwerve/install/lifecycle_msgs/include/lifecycle_msgs/lifecycle_msgs/msg/detail/state__type_support.cpp
[6.572s] -- Up-to-date: /home/aidan/GitHub/AidansRepo/TeensySwerve/install/lifecycle_msgs/lib/liblifecycle_msgs__rosidl_typesupport_introspection_cpp.so
[6.572s] -- Up-to-date: /home/aidan/GitHub/AidansRepo/TeensySwerve/install/lifecycle_msgs/lib/liblifecycle_msgs__rosidl_typesupport_cpp.so
[6.576s] -- Up-to-date: /home/aidan/GitHub/AidansRepo/TeensySwerve/install/lifecycle_msgs/share/lifecycle_msgs/environment/pythonpath.sh
[6.583s] -- Up-to-date: /home/aidan/GitHub/AidansRepo/TeensySwerve/install/lifecycle_msgs/share/lifecycle_msgs/environment/pythonpath.dsv
[6.583s] -- Up-to-date: /home/aidan/GitHub/AidansRepo/TeensySwerve/install/lifecycle_msgs/local/lib/python3.10/dist-packages/lifecycle_msgs-1.2.1-py3.10.egg-info
[6.586s] -- Installing: /home/aidan/GitHub/AidansRepo/TeensySwerve/install/lifecycle_msgs/local/lib/python3.10/dist-packages/lifecycle_msgs-1.2.1-py3.10.egg-info/PKG-INFO
[6.592s] -- Installing: /home/aidan/GitHub/AidansRepo/TeensySwerve/install/lifecycle_msgs/local/lib/python3.10/dist-packages/lifecycle_msgs-1.2.1-py3.10.egg-info/SOURCES.txt
[6.592s] -- Installing: /home/aidan/GitHub/AidansRepo/TeensySwerve/install/lifecycle_msgs/local/lib/python3.10/dist-packages/lifecycle_msgs-1.2.1-py3.10.egg-info/dependency_links.txt
[6.592s] -- Installing: /home/aidan/GitHub/AidansRepo/TeensySwerve/install/lifecycle_msgs/local/lib/python3.10/dist-packages/lifecycle_msgs-1.2.1-py3.10.egg-info/top_level.txt
[6.593s] -- Up-to-date: /home/aidan/GitHub/AidansRepo/TeensySwerve/install/lifecycle_msgs/local/lib/python3.10/dist-packages/lifecycle_msgs
[6.593s] -- Up-to-date: /home/aidan/GitHub/AidansRepo/TeensySwerve/install/lifecycle_msgs/local/lib/python3.10/dist-packages/lifecycle_msgs/lifecycle_msgs_s__rosidl_typesupport_introspection_c.cpython-310-x86_64-linux-gnu.so
[6.593s] -- Up-to-date: /home/aidan/GitHub/AidansRepo/TeensySwerve/install/lifecycle_msgs/local/lib/python3.10/dist-packages/lifecycle_msgs/_lifecycle_msgs_s.ep.rosidl_typesupport_fastrtps_c.c
[6.593s] -- Up-to-date: /home/aidan/GitHub/AidansRepo/TeensySwerve/install/lifecycle_msgs/local/lib/python3.10/dist-packages/lifecycle_msgs/srv
[6.593s] -- Up-to-date: /home/aidan/GitHub/AidansRepo/TeensySwerve/install/lifecycle_msgs/local/lib/python3.10/dist-packages/lifecycle_msgs/srv/_get_state.py
[6.593s] -- Up-to-date: /home/aidan/GitHub/AidansRepo/TeensySwerve/install/lifecycle_msgs/local/lib/python3.10/dist-packages/lifecycle_msgs/srv/_get_available_states.py
[6.594s] -- Up-to-date: /home/aidan/GitHub/AidansRepo/TeensySwerve/install/lifecycle_msgs/local/lib/python3.10/dist-packages/lifecycle_msgs/srv/_get_available_transitions_s.c
[6.594s] -- Up-to-date: /home/aidan/GitHub/AidansRepo/TeensySwerve/install/lifecycle_msgs/local/lib/python3.10/dist-packages/lifecycle_msgs/srv/_get_available_states_s.c
[6.594s] -- Up-to-date: /home/aidan/GitHub/AidansRepo/TeensySwerve/install/lifecycle_msgs/local/lib/python3.10/dist-packages/lifecycle_msgs/srv/__init__.py
[6.594s] -- Up-to-date: /home/aidan/GitHub/AidansRepo/TeensySwerve/install/lifecycle_msgs/local/lib/python3.10/dist-packages/lifecycle_msgs/srv/_change_state.py
[6.594s] -- Up-to-date: /home/aidan/GitHub/AidansRepo/TeensySwerve/install/lifecycle_msgs/local/lib/python3.10/dist-packages/lifecycle_msgs/srv/_get_available_transitions.py
[6.594s] -- Up-to-date: /home/aidan/GitHub/AidansRepo/TeensySwerve/install/lifecycle_msgs/local/lib/python3.10/dist-packages/lifecycle_msgs/srv/_change_state_s.c
[6.599s] -- Up-to-date: /home/aidan/GitHub/AidansRepo/TeensySwerve/install/lifecycle_msgs/local/lib/python3.10/dist-packages/lifecycle_msgs/srv/_get_state_s.c
[6.600s] -- Up-to-date: /home/aidan/GitHub/AidansRepo/TeensySwerve/install/lifecycle_msgs/local/lib/python3.10/dist-packages/lifecycle_msgs/__init__.py
[6.600s] -- Up-to-date: /home/aidan/GitHub/AidansRepo/TeensySwerve/install/lifecycle_msgs/local/lib/python3.10/dist-packages/lifecycle_msgs/liblifecycle_msgs__rosidl_generator_py.so
[6.600s] -- Up-to-date: /home/aidan/GitHub/AidansRepo/TeensySwerve/install/lifecycle_msgs/local/lib/python3.10/dist-packages/lifecycle_msgs/msg
[6.601s] -- Up-to-date: /home/aidan/GitHub/AidansRepo/TeensySwerve/install/lifecycle_msgs/local/lib/python3.10/dist-packages/lifecycle_msgs/msg/_transition_s.c
[6.601s] -- Up-to-date: /home/aidan/GitHub/AidansRepo/TeensySwerve/install/lifecycle_msgs/local/lib/python3.10/dist-packages/lifecycle_msgs/msg/_transition_description_s.c
[6.601s] -- Up-to-date: /home/aidan/GitHub/AidansRepo/TeensySwerve/install/lifecycle_msgs/local/lib/python3.10/dist-packages/lifecycle_msgs/msg/_state_s.c
[6.601s] -- Up-to-date: /home/aidan/GitHub/AidansRepo/TeensySwerve/install/lifecycle_msgs/local/lib/python3.10/dist-packages/lifecycle_msgs/msg/_transition_event_s.c
[6.601s] -- Up-to-date: /home/aidan/GitHub/AidansRepo/TeensySwerve/install/lifecycle_msgs/local/lib/python3.10/dist-packages/lifecycle_msgs/msg/_transition_event.py
[6.601s] -- Up-to-date: /home/aidan/GitHub/AidansRepo/TeensySwerve/install/lifecycle_msgs/local/lib/python3.10/dist-packages/lifecycle_msgs/msg/_transition_description.py
[6.603s] -- Up-to-date: /home/aidan/GitHub/AidansRepo/TeensySwerve/install/lifecycle_msgs/local/lib/python3.10/dist-packages/lifecycle_msgs/msg/__init__.py
[6.603s] -- Up-to-date: /home/aidan/GitHub/AidansRepo/TeensySwerve/install/lifecycle_msgs/local/lib/python3.10/dist-packages/lifecycle_msgs/msg/_state.py
[6.603s] -- Up-to-date: /home/aidan/GitHub/AidansRepo/TeensySwerve/install/lifecycle_msgs/local/lib/python3.10/dist-packages/lifecycle_msgs/msg/_transition.py
[6.603s] -- Up-to-date: /home/aidan/GitHub/AidansRepo/TeensySwerve/install/lifecycle_msgs/local/lib/python3.10/dist-packages/lifecycle_msgs/_lifecycle_msgs_s.ep.rosidl_typesupport_c.c
[6.611s] -- Up-to-date: /home/aidan/GitHub/AidansRepo/TeensySwerve/install/lifecycle_msgs/local/lib/python3.10/dist-packages/lifecycle_msgs/_lifecycle_msgs_s.ep.rosidl_typesupport_introspection_c.c
[6.612s] -- Up-to-date: /home/aidan/GitHub/AidansRepo/TeensySwerve/install/lifecycle_msgs/local/lib/python3.10/dist-packages/lifecycle_msgs/lifecycle_msgs_s__rosidl_typesupport_c.cpython-310-x86_64-linux-gnu.so
[6.612s] -- Up-to-date: /home/aidan/GitHub/AidansRepo/TeensySwerve/install/lifecycle_msgs/local/lib/python3.10/dist-packages/lifecycle_msgs/lifecycle_msgs_s__rosidl_typesupport_fastrtps_c.cpython-310-x86_64-linux-gnu.so
[6.659s] Listing '/home/aidan/GitHub/AidansRepo/TeensySwerve/install/lifecycle_msgs/local/lib/python3.10/dist-packages/lifecycle_msgs'...
[6.659s] Listing '/home/aidan/GitHub/AidansRepo/TeensySwerve/install/lifecycle_msgs/local/lib/python3.10/dist-packages/lifecycle_msgs/msg'...
[6.660s] Listing '/home/aidan/GitHub/AidansRepo/TeensySwerve/install/lifecycle_msgs/local/lib/python3.10/dist-packages/lifecycle_msgs/srv'...
[6.672s] -- Up-to-date: /home/aidan/GitHub/AidansRepo/TeensySwerve/install/lifecycle_msgs/local/lib/python3.10/dist-packages/lifecycle_msgs/lifecycle_msgs_s__rosidl_typesupport_fastrtps_c.cpython-310-x86_64-linux-gnu.so
[6.676s] -- Up-to-date: /home/aidan/GitHub/AidansRepo/TeensySwerve/install/lifecycle_msgs/local/lib/python3.10/dist-packages/lifecycle_msgs/lifecycle_msgs_s__rosidl_typesupport_introspection_c.cpython-310-x86_64-linux-gnu.so
[6.678s] -- Up-to-date: /home/aidan/GitHub/AidansRepo/TeensySwerve/install/lifecycle_msgs/local/lib/python3.10/dist-packages/lifecycle_msgs/lifecycle_msgs_s__rosidl_typesupport_c.cpython-310-x86_64-linux-gnu.so
[6.678s] -- Up-to-date: /home/aidan/GitHub/AidansRepo/TeensySwerve/install/lifecycle_msgs/lib/liblifecycle_msgs__rosidl_generator_py.so
[6.679s] -- Up-to-date: /home/aidan/GitHub/AidansRepo/TeensySwerve/install/lifecycle_msgs/share/lifecycle_msgs/msg/State.idl
[6.682s] -- Up-to-date: /home/aidan/GitHub/AidansRepo/TeensySwerve/install/lifecycle_msgs/share/lifecycle_msgs/msg/Transition.idl
[6.682s] -- Up-to-date: /home/aidan/GitHub/AidansRepo/TeensySwerve/install/lifecycle_msgs/share/lifecycle_msgs/msg/TransitionDescription.idl
[6.693s] -- Up-to-date: /home/aidan/GitHub/AidansRepo/TeensySwerve/install/lifecycle_msgs/share/lifecycle_msgs/msg/TransitionEvent.idl
[6.694s] -- Up-to-date: /home/aidan/GitHub/AidansRepo/TeensySwerve/install/lifecycle_msgs/share/lifecycle_msgs/srv/ChangeState.idl
[6.694s] -- Up-to-date: /home/aidan/GitHub/AidansRepo/TeensySwerve/install/lifecycle_msgs/share/lifecycle_msgs/srv/GetAvailableStates.idl
[6.704s] -- Up-to-date: /home/aidan/GitHub/AidansRepo/TeensySwerve/install/lifecycle_msgs/share/lifecycle_msgs/srv/GetAvailableTransitions.idl
[6.704s] -- Up-to-date: /home/aidan/GitHub/AidansRepo/TeensySwerve/install/lifecycle_msgs/share/lifecycle_msgs/srv/GetState.idl
[6.704s] -- Up-to-date: /home/aidan/GitHub/AidansRepo/TeensySwerve/install/lifecycle_msgs/share/lifecycle_msgs/msg/State.msg
[6.707s] -- Up-to-date: /home/aidan/GitHub/AidansRepo/TeensySwerve/install/lifecycle_msgs/share/lifecycle_msgs/msg/Transition.msg
[6.713s] -- Up-to-date: /home/aidan/GitHub/AidansRepo/TeensySwerve/install/lifecycle_msgs/share/lifecycle_msgs/msg/TransitionDescription.msg
[6.714s] -- Up-to-date: /home/aidan/GitHub/AidansRepo/TeensySwerve/install/lifecycle_msgs/share/lifecycle_msgs/msg/TransitionEvent.msg
[6.714s] -- Up-to-date: /home/aidan/GitHub/AidansRepo/TeensySwerve/install/lifecycle_msgs/share/lifecycle_msgs/srv/ChangeState.srv
[6.716s] -- Up-to-date: /home/aidan/GitHub/AidansRepo/TeensySwerve/install/lifecycle_msgs/share/lifecycle_msgs/srv/ChangeState_Request.msg
[6.716s] -- Up-to-date: /home/aidan/GitHub/AidansRepo/TeensySwerve/install/lifecycle_msgs/share/lifecycle_msgs/srv/ChangeState_Response.msg
[6.716s] -- Up-to-date: /home/aidan/GitHub/AidansRepo/TeensySwerve/install/lifecycle_msgs/share/lifecycle_msgs/srv/GetAvailableStates.srv
[6.716s] -- Up-to-date: /home/aidan/GitHub/AidansRepo/TeensySwerve/install/lifecycle_msgs/share/lifecycle_msgs/srv/GetAvailableStates_Request.msg
[6.717s] -- Up-to-date: /home/aidan/GitHub/AidansRepo/TeensySwerve/install/lifecycle_msgs/share/lifecycle_msgs/srv/GetAvailableStates_Response.msg
[6.717s] -- Up-to-date: /home/aidan/GitHub/AidansRepo/TeensySwerve/install/lifecycle_msgs/share/lifecycle_msgs/srv/GetAvailableTransitions.srv
[6.717s] -- Up-to-date: /home/aidan/GitHub/AidansRepo/TeensySwerve/install/lifecycle_msgs/share/lifecycle_msgs/srv/GetAvailableTransitions_Request.msg
[6.717s] -- Up-to-date: /home/aidan/GitHub/AidansRepo/TeensySwerve/install/lifecycle_msgs/share/lifecycle_msgs/srv/GetAvailableTransitions_Response.msg
[6.717s] -- Up-to-date: /home/aidan/GitHub/AidansRepo/TeensySwerve/install/lifecycle_msgs/share/lifecycle_msgs/srv/GetState.srv
[6.723s] -- Up-to-date: /home/aidan/GitHub/AidansRepo/TeensySwerve/install/lifecycle_msgs/share/lifecycle_msgs/srv/GetState_Request.msg
[6.723s] -- Up-to-date: /home/aidan/GitHub/AidansRepo/TeensySwerve/install/lifecycle_msgs/share/lifecycle_msgs/srv/GetState_Response.msg
[6.723s] -- Up-to-date: /home/aidan/GitHub/AidansRepo/TeensySwerve/install/lifecycle_msgs/share/ament_index/resource_index/package_run_dependencies/lifecycle_msgs
[6.723s] -- Up-to-date: /home/aidan/GitHub/AidansRepo/TeensySwerve/install/lifecycle_msgs/share/ament_index/resource_index/parent_prefix_path/lifecycle_msgs
[6.723s] -- Up-to-date: /home/aidan/GitHub/AidansRepo/TeensySwerve/install/lifecycle_msgs/share/lifecycle_msgs/environment/ament_prefix_path.sh
[6.725s] -- Up-to-date: /home/aidan/GitHub/AidansRepo/TeensySwerve/install/lifecycle_msgs/share/lifecycle_msgs/environment/ament_prefix_path.dsv
[6.725s] -- Up-to-date: /home/aidan/GitHub/AidansRepo/TeensySwerve/install/lifecycle_msgs/share/lifecycle_msgs/environment/path.sh
[6.725s] -- Up-to-date: /home/aidan/GitHub/AidansRepo/TeensySwerve/install/lifecycle_msgs/share/lifecycle_msgs/environment/path.dsv
[6.725s] -- Up-to-date: /home/aidan/GitHub/AidansRepo/TeensySwerve/install/lifecycle_msgs/share/lifecycle_msgs/local_setup.bash
[6.726s] -- Up-to-date: /home/aidan/GitHub/AidansRepo/TeensySwerve/install/lifecycle_msgs/share/lifecycle_msgs/local_setup.sh
[6.726s] -- Up-to-date: /home/aidan/GitHub/AidansRepo/TeensySwerve/install/lifecycle_msgs/share/lifecycle_msgs/local_setup.zsh
[6.726s] -- Up-to-date: /home/aidan/GitHub/AidansRepo/TeensySwerve/install/lifecycle_msgs/share/lifecycle_msgs/local_setup.dsv
[6.726s] -- Installing: /home/aidan/GitHub/AidansRepo/TeensySwerve/install/lifecycle_msgs/share/lifecycle_msgs/package.dsv
[6.733s] -- Up-to-date: /home/aidan/GitHub/AidansRepo/TeensySwerve/install/lifecycle_msgs/share/ament_index/resource_index/packages/lifecycle_msgs
[6.733s] -- Up-to-date: /home/aidan/GitHub/AidansRepo/TeensySwerve/install/lifecycle_msgs/share/lifecycle_msgs/cmake/export_lifecycle_msgs__rosidl_generator_cExport.cmake
[6.733s] -- Up-to-date: /home/aidan/GitHub/AidansRepo/TeensySwerve/install/lifecycle_msgs/share/lifecycle_msgs/cmake/export_lifecycle_msgs__rosidl_generator_cExport-noconfig.cmake
[6.733s] -- Up-to-date: /home/aidan/GitHub/AidansRepo/TeensySwerve/install/lifecycle_msgs/share/lifecycle_msgs/cmake/export_lifecycle_msgs__rosidl_typesupport_fastrtps_cExport.cmake
[6.742s] -- Up-to-date: /home/aidan/GitHub/AidansRepo/TeensySwerve/install/lifecycle_msgs/share/lifecycle_msgs/cmake/export_lifecycle_msgs__rosidl_typesupport_fastrtps_cExport-noconfig.cmake
[6.743s] -- Up-to-date: /home/aidan/GitHub/AidansRepo/TeensySwerve/install/lifecycle_msgs/share/lifecycle_msgs/cmake/lifecycle_msgs__rosidl_typesupport_introspection_cExport.cmake
[6.743s] -- Up-to-date: /home/aidan/GitHub/AidansRepo/TeensySwerve/install/lifecycle_msgs/share/lifecycle_msgs/cmake/lifecycle_msgs__rosidl_typesupport_introspection_cExport-noconfig.cmake
[6.743s] -- Up-to-date: /home/aidan/GitHub/AidansRepo/TeensySwerve/install/lifecycle_msgs/share/lifecycle_msgs/cmake/lifecycle_msgs__rosidl_typesupport_cExport.cmake
[6.743s] -- Up-to-date: /home/aidan/GitHub/AidansRepo/TeensySwerve/install/lifecycle_msgs/share/lifecycle_msgs/cmake/lifecycle_msgs__rosidl_typesupport_cExport-noconfig.cmake
[6.743s] -- Up-to-date: /home/aidan/GitHub/AidansRepo/TeensySwerve/install/lifecycle_msgs/share/lifecycle_msgs/cmake/export_lifecycle_msgs__rosidl_generator_cppExport.cmake
[6.750s] -- Up-to-date: /home/aidan/GitHub/AidansRepo/TeensySwerve/install/lifecycle_msgs/share/lifecycle_msgs/cmake/export_lifecycle_msgs__rosidl_typesupport_fastrtps_cppExport.cmake
[6.751s] -- Up-to-date: /home/aidan/GitHub/AidansRepo/TeensySwerve/install/lifecycle_msgs/share/lifecycle_msgs/cmake/export_lifecycle_msgs__rosidl_typesupport_fastrtps_cppExport-noconfig.cmake
[6.751s] -- Up-to-date: /home/aidan/GitHub/AidansRepo/TeensySwerve/install/lifecycle_msgs/share/lifecycle_msgs/cmake/lifecycle_msgs__rosidl_typesupport_introspection_cppExport.cmake
[6.751s] -- Up-to-date: /home/aidan/GitHub/AidansRepo/TeensySwerve/install/lifecycle_msgs/share/lifecycle_msgs/cmake/lifecycle_msgs__rosidl_typesupport_introspection_cppExport-noconfig.cmake
[6.751s] -- Up-to-date: /home/aidan/GitHub/AidansRepo/TeensySwerve/install/lifecycle_msgs/share/lifecycle_msgs/cmake/lifecycle_msgs__rosidl_typesupport_cppExport.cmake
[6.751s] -- Up-to-date: /home/aidan/GitHub/AidansRepo/TeensySwerve/install/lifecycle_msgs/share/lifecycle_msgs/cmake/lifecycle_msgs__rosidl_typesupport_cppExport-noconfig.cmake
[6.751s] -- Up-to-date: /home/aidan/GitHub/AidansRepo/TeensySwerve/install/lifecycle_msgs/share/lifecycle_msgs/cmake/export_lifecycle_msgs__rosidl_generator_pyExport.cmake
[6.752s] -- Up-to-date: /home/aidan/GitHub/AidansRepo/TeensySwerve/install/lifecycle_msgs/share/lifecycle_msgs/cmake/export_lifecycle_msgs__rosidl_generator_pyExport-noconfig.cmake
[6.757s] -- Up-to-date: /home/aidan/GitHub/AidansRepo/TeensySwerve/install/lifecycle_msgs/share/lifecycle_msgs/cmake/rosidl_cmake-extras.cmake
[6.757s] -- Up-to-date: /home/aidan/GitHub/AidansRepo/TeensySwerve/install/lifecycle_msgs/share/lifecycle_msgs/cmake/ament_cmake_export_include_directories-extras.cmake
[6.757s] -- Up-to-date: /home/aidan/GitHub/AidansRepo/TeensySwerve/install/lifecycle_msgs/share/lifecycle_msgs/cmake/ament_cmake_export_libraries-extras.cmake
[6.757s] -- Up-to-date: /home/aidan/GitHub/AidansRepo/TeensySwerve/install/lifecycle_msgs/share/lifecycle_msgs/cmake/ament_cmake_export_targets-extras.cmake
[6.757s] -- Up-to-date: /home/aidan/GitHub/AidansRepo/TeensySwerve/install/lifecycle_msgs/share/lifecycle_msgs/cmake/rosidl_cmake_export_typesupport_targets-extras.cmake
[6.758s] -- Up-to-date: /home/aidan/GitHub/AidansRepo/TeensySwerve/install/lifecycle_msgs/share/lifecycle_msgs/cmake/ament_cmake_export_dependencies-extras.cmake
[6.758s] -- Up-to-date: /home/aidan/GitHub/AidansRepo/TeensySwerve/install/lifecycle_msgs/share/lifecycle_msgs/cmake/rosidl_cmake_export_typesupport_libraries-extras.cmake
[6.758s] -- Up-to-date: /home/aidan/GitHub/AidansRepo/TeensySwerve/install/lifecycle_msgs/share/lifecycle_msgs/cmake/lifecycle_msgsConfig.cmake
[6.758s] -- Up-to-date: /home/aidan/GitHub/AidansRepo/TeensySwerve/install/lifecycle_msgs/share/lifecycle_msgs/cmake/lifecycle_msgsConfig-version.cmake
[6.758s] -- Up-to-date: /home/aidan/GitHub/AidansRepo/TeensySwerve/install/lifecycle_msgs/share/lifecycle_msgs/package.xml
[6.759s] Invoked command in '/home/aidan/GitHub/AidansRepo/TeensySwerve/build/lifecycle_msgs' returned '0': CMAKE_PREFIX_PATH=${CMAKE_PREFIX_PATH}:/home/aidan/GitHub/AidansRepo/TeensySwerve/install/tnsy_swrv_controller:/opt/ros/humble /usr/bin/cmake --install /home/aidan/GitHub/AidansRepo/TeensySwerve/build/lifecycle_msgs
