[0.128s] Invoking command in '/home/aidan/GitHub/AidansRepo/TeensySwerve/build/rosidl_typesupport_microxrcedds_c': CMAKE_PREFIX_PATH=/home/aidan/GitHub/AidansRepo/TeensySwerve/install/microcdr:/home/aidan/GitHub/AidansRepo/TeensySwerve/install/tnsy_interfaces:/home/aidan/microros_ws/install/micro_ros_setup:/home/aidan/microros_ws/install/micro_ros_agent:/home/aidan/microros_ws/install/micro_ros_msgs:/home/aidan/GitHub/AidansRepo/TeensySwerve/install/tnsy_swrv_controller:/opt/ros/humble /usr/bin/cmake --build /home/aidan/GitHub/AidansRepo/TeensySwerve/build/rosidl_typesupport_microxrcedds_c -- -j4 -l4
[0.924s] [100%] Built target rosidl_typesupport_microxrcedds_c
[0.997s] [100%] Built target ament_cmake_python_copy_rosidl_typesupport_microxrcedds_c
[2.613s] running egg_info
[2.615s] writing rosidl_typesupport_microxrcedds_c.egg-info/PKG-INFO
[2.618s] writing dependency_links to rosidl_typesupport_microxrcedds_c.egg-info/dependency_links.txt
[2.621s] writing top-level names to rosidl_typesupport_microxrcedds_c.egg-info/top_level.txt
[2.631s] reading manifest file 'rosidl_typesupport_microxrcedds_c.egg-info/SOURCES.txt'
[2.631s] writing manifest file 'rosidl_typesupport_microxrcedds_c.egg-info/SOURCES.txt'
[2.753s] [100%] Built target ament_cmake_python_build_rosidl_typesupport_microxrcedds_c_egg
[2.879s] Invoked command in '/home/aidan/GitHub/AidansRepo/TeensySwerve/build/rosidl_typesupport_microxrcedds_c' returned '0': CMAKE_PREFIX_PATH=/home/aidan/GitHub/AidansRepo/TeensySwerve/install/microcdr:/home/aidan/GitHub/AidansRepo/TeensySwerve/install/tnsy_interfaces:/home/aidan/microros_ws/install/micro_ros_setup:/home/aidan/microros_ws/install/micro_ros_agent:/home/aidan/microros_ws/install/micro_ros_msgs:/home/aidan/GitHub/AidansRepo/TeensySwerve/install/tnsy_swrv_controller:/opt/ros/humble /usr/bin/cmake --build /home/aidan/GitHub/AidansRepo/TeensySwerve/build/rosidl_typesupport_microxrcedds_c -- -j4 -l4
[2.980s] Invoking command in '/home/aidan/GitHub/AidansRepo/TeensySwerve/build/rosidl_typesupport_microxrcedds_c': CMAKE_PREFIX_PATH=/home/aidan/GitHub/AidansRepo/TeensySwerve/install/microcdr:/home/aidan/GitHub/AidansRepo/TeensySwerve/install/tnsy_interfaces:/home/aidan/microros_ws/install/micro_ros_setup:/home/aidan/microros_ws/install/micro_ros_agent:/home/aidan/microros_ws/install/micro_ros_msgs:/home/aidan/GitHub/AidansRepo/TeensySwerve/install/tnsy_swrv_controller:/opt/ros/humble /usr/bin/cmake --install /home/aidan/GitHub/AidansRepo/TeensySwerve/build/rosidl_typesupport_microxrcedds_c
[3.012s] -- Install configuration: ""
[3.012s] -- Up-to-date: /home/aidan/GitHub/AidansRepo/TeensySwerve/install/rosidl_typesupport_microxrcedds_c/share/rosidl_typesupport_microxrcedds_c/environment/pythonpath.sh
[3.014s] -- Up-to-date: /home/aidan/GitHub/AidansRepo/TeensySwerve/install/rosidl_typesupport_microxrcedds_c/share/rosidl_typesupport_microxrcedds_c/environment/pythonpath.dsv
[3.014s] -- Up-to-date: /home/aidan/GitHub/AidansRepo/TeensySwerve/install/rosidl_typesupport_microxrcedds_c/local/lib/python3.10/dist-packages/rosidl_typesupport_microxrcedds_c-3.0.1-py3.10.egg-info
[3.015s] -- Installing: /home/aidan/GitHub/AidansRepo/TeensySwerve/install/rosidl_typesupport_microxrcedds_c/local/lib/python3.10/dist-packages/rosidl_typesupport_microxrcedds_c-3.0.1-py3.10.egg-info/PKG-INFO
[3.015s] -- Installing: /home/aidan/GitHub/AidansRepo/TeensySwerve/install/rosidl_typesupport_microxrcedds_c/local/lib/python3.10/dist-packages/rosidl_typesupport_microxrcedds_c-3.0.1-py3.10.egg-info/SOURCES.txt
[3.015s] -- Installing: /home/aidan/GitHub/AidansRepo/TeensySwerve/install/rosidl_typesupport_microxrcedds_c/local/lib/python3.10/dist-packages/rosidl_typesupport_microxrcedds_c-3.0.1-py3.10.egg-info/dependency_links.txt
[3.030s] -- Installing: /home/aidan/GitHub/AidansRepo/TeensySwerve/install/rosidl_typesupport_microxrcedds_c/local/lib/python3.10/dist-packages/rosidl_typesupport_microxrcedds_c-3.0.1-py3.10.egg-info/top_level.txt
[3.037s] -- Up-to-date: /home/aidan/GitHub/AidansRepo/TeensySwerve/install/rosidl_typesupport_microxrcedds_c/local/lib/python3.10/dist-packages/rosidl_typesupport_microxrcedds_c
[3.037s] -- Up-to-date: /home/aidan/GitHub/AidansRepo/TeensySwerve/install/rosidl_typesupport_microxrcedds_c/local/lib/python3.10/dist-packages/rosidl_typesupport_microxrcedds_c/__init__.py
[3.283s] Listing '/home/aidan/GitHub/AidansRepo/TeensySwerve/install/rosidl_typesupport_microxrcedds_c/local/lib/python3.10/dist-packages/rosidl_typesupport_microxrcedds_c'...
[3.283s] -- Up-to-date: /home/aidan/GitHub/AidansRepo/TeensySwerve/install/rosidl_typesupport_microxrcedds_c/share/rosidl_typesupport_microxrcedds_c/environment/library_path.sh
[3.292s] -- Up-to-date: /home/aidan/GitHub/AidansRepo/TeensySwerve/install/rosidl_typesupport_microxrcedds_c/share/rosidl_typesupport_microxrcedds_c/environment/library_path.dsv
[3.293s] -- Up-to-date: /home/aidan/GitHub/AidansRepo/TeensySwerve/install/rosidl_typesupport_microxrcedds_c/share/ament_index/resource_index/rosidl_typesupport_c/rosidl_typesupport_microxrcedds_c
[3.294s] -- Up-to-date: /home/aidan/GitHub/AidansRepo/TeensySwerve/install/rosidl_typesupport_microxrcedds_c/share/ament_index/resource_index/package_run_dependencies/rosidl_typesupport_microxrcedds_c
[3.295s] -- Up-to-date: /home/aidan/GitHub/AidansRepo/TeensySwerve/install/rosidl_typesupport_microxrcedds_c/share/ament_index/resource_index/parent_prefix_path/rosidl_typesupport_microxrcedds_c
[3.296s] -- Up-to-date: /home/aidan/GitHub/AidansRepo/TeensySwerve/install/rosidl_typesupport_microxrcedds_c/share/rosidl_typesupport_microxrcedds_c/environment/ament_prefix_path.sh
[3.296s] -- Up-to-date: /home/aidan/GitHub/AidansRepo/TeensySwerve/install/rosidl_typesupport_microxrcedds_c/share/rosidl_typesupport_microxrcedds_c/environment/ament_prefix_path.dsv
[3.296s] -- Up-to-date: /home/aidan/GitHub/AidansRepo/TeensySwerve/install/rosidl_typesupport_microxrcedds_c/share/rosidl_typesupport_microxrcedds_c/environment/path.sh
[3.296s] -- Up-to-date: /home/aidan/GitHub/AidansRepo/TeensySwerve/install/rosidl_typesupport_microxrcedds_c/share/rosidl_typesupport_microxrcedds_c/environment/path.dsv
[3.301s] -- Up-to-date: /home/aidan/GitHub/AidansRepo/TeensySwerve/install/rosidl_typesupport_microxrcedds_c/share/rosidl_typesupport_microxrcedds_c/local_setup.bash
[3.301s] -- Up-to-date: /home/aidan/GitHub/AidansRepo/TeensySwerve/install/rosidl_typesupport_microxrcedds_c/share/rosidl_typesupport_microxrcedds_c/local_setup.sh
[3.303s] -- Up-to-date: /home/aidan/GitHub/AidansRepo/TeensySwerve/install/rosidl_typesupport_microxrcedds_c/share/rosidl_typesupport_microxrcedds_c/local_setup.zsh
[3.303s] -- Up-to-date: /home/aidan/GitHub/AidansRepo/TeensySwerve/install/rosidl_typesupport_microxrcedds_c/share/rosidl_typesupport_microxrcedds_c/local_setup.dsv
[3.304s] -- Installing: /home/aidan/GitHub/AidansRepo/TeensySwerve/install/rosidl_typesupport_microxrcedds_c/share/rosidl_typesupport_microxrcedds_c/package.dsv
[3.308s] -- Up-to-date: /home/aidan/GitHub/AidansRepo/TeensySwerve/install/rosidl_typesupport_microxrcedds_c/share/ament_index/resource_index/packages/rosidl_typesupport_microxrcedds_c
[3.309s] -- Up-to-date: /home/aidan/GitHub/AidansRepo/TeensySwerve/install/rosidl_typesupport_microxrcedds_c/share/rosidl_typesupport_microxrcedds_c/cmake/rosidl_typesupport_microxrcedds_cExport.cmake
[3.309s] -- Up-to-date: /home/aidan/GitHub/AidansRepo/TeensySwerve/install/rosidl_typesupport_microxrcedds_c/share/rosidl_typesupport_microxrcedds_c/cmake/rosidl_typesupport_microxrcedds_cExport-noconfig.cmake
[3.309s] -- Up-to-date: /home/aidan/GitHub/AidansRepo/TeensySwerve/install/rosidl_typesupport_microxrcedds_c/share/rosidl_typesupport_microxrcedds_c/cmake/rosidl_typesupport_microxrcedds_c-extras.cmake
[3.309s] -- Up-to-date: /home/aidan/GitHub/AidansRepo/TeensySwerve/install/rosidl_typesupport_microxrcedds_c/share/rosidl_typesupport_microxrcedds_c/cmake/ament_cmake_export_dependencies-extras.cmake
[3.310s] -- Up-to-date: /home/aidan/GitHub/AidansRepo/TeensySwerve/install/rosidl_typesupport_microxrcedds_c/share/rosidl_typesupport_microxrcedds_c/cmake/ament_cmake_export_include_directories-extras.cmake
[3.310s] -- Up-to-date: /home/aidan/GitHub/AidansRepo/TeensySwerve/install/rosidl_typesupport_microxrcedds_c/share/rosidl_typesupport_microxrcedds_c/cmake/ament_cmake_export_libraries-extras.cmake
[3.310s] -- Up-to-date: /home/aidan/GitHub/AidansRepo/TeensySwerve/install/rosidl_typesupport_microxrcedds_c/share/rosidl_typesupport_microxrcedds_c/cmake/ament_cmake_export_targets-extras.cmake
[3.310s] -- Up-to-date: /home/aidan/GitHub/AidansRepo/TeensySwerve/install/rosidl_typesupport_microxrcedds_c/share/rosidl_typesupport_microxrcedds_c/cmake/rosidl_typesupport_microxrcedds_cConfig.cmake
[3.310s] -- Up-to-date: /home/aidan/GitHub/AidansRepo/TeensySwerve/install/rosidl_typesupport_microxrcedds_c/share/rosidl_typesupport_microxrcedds_c/cmake/rosidl_typesupport_microxrcedds_cConfig-version.cmake
[3.311s] -- Up-to-date: /home/aidan/GitHub/AidansRepo/TeensySwerve/install/rosidl_typesupport_microxrcedds_c/share/rosidl_typesupport_microxrcedds_c/package.xml
[3.311s] -- Up-to-date: /home/aidan/GitHub/AidansRepo/TeensySwerve/install/rosidl_typesupport_microxrcedds_c/lib/rosidl_typesupport_microxrcedds_c/rosidl_typesupport_microxrcedds_c
[3.319s] -- Up-to-date: /home/aidan/GitHub/AidansRepo/TeensySwerve/install/rosidl_typesupport_microxrcedds_c/share/rosidl_typesupport_microxrcedds_c/cmake
[3.320s] -- Up-to-date: /home/aidan/GitHub/AidansRepo/TeensySwerve/install/rosidl_typesupport_microxrcedds_c/share/rosidl_typesupport_microxrcedds_c/cmake/rosidl_typesupport_microxrcedds_c_generate_interfaces.cmake
[3.320s] -- Up-to-date: /home/aidan/GitHub/AidansRepo/TeensySwerve/install/rosidl_typesupport_microxrcedds_c/share/rosidl_typesupport_microxrcedds_c/resource
[3.321s] -- Up-to-date: /home/aidan/GitHub/AidansRepo/TeensySwerve/install/rosidl_typesupport_microxrcedds_c/share/rosidl_typesupport_microxrcedds_c/resource/rosidl_typesupport_microxrcedds_c__visibility_control.h.in
[3.336s] -- Up-to-date: /home/aidan/GitHub/AidansRepo/TeensySwerve/install/rosidl_typesupport_microxrcedds_c/share/rosidl_typesupport_microxrcedds_c/resource/idl__rosidl_typesupport_microxrcedds_c.h.em
[3.336s] -- Up-to-date: /home/aidan/GitHub/AidansRepo/TeensySwerve/install/rosidl_typesupport_microxrcedds_c/share/rosidl_typesupport_microxrcedds_c/resource/msg__type_support_c.c.em
[3.338s] -- Up-to-date: /home/aidan/GitHub/AidansRepo/TeensySwerve/install/rosidl_typesupport_microxrcedds_c/share/rosidl_typesupport_microxrcedds_c/resource/srv__type_support_c.c.em
[3.340s] -- Up-to-date: /home/aidan/GitHub/AidansRepo/TeensySwerve/install/rosidl_typesupport_microxrcedds_c/share/rosidl_typesupport_microxrcedds_c/resource/srv__rosidl_typesupport_microxrcedds_c.h.em
[3.348s] -- Up-to-date: /home/aidan/GitHub/AidansRepo/TeensySwerve/install/rosidl_typesupport_microxrcedds_c/share/rosidl_typesupport_microxrcedds_c/resource/idl__type_support_c.c.em
[3.350s] -- Up-to-date: /home/aidan/GitHub/AidansRepo/TeensySwerve/install/rosidl_typesupport_microxrcedds_c/share/rosidl_typesupport_microxrcedds_c/resource/msg__rosidl_typesupport_microxrcedds_c.h.em
[3.350s] -- Up-to-date: /home/aidan/GitHub/AidansRepo/TeensySwerve/install/rosidl_typesupport_microxrcedds_c/include
[3.350s] -- Up-to-date: /home/aidan/GitHub/AidansRepo/TeensySwerve/install/rosidl_typesupport_microxrcedds_c/include/rosidl_typesupport_microxrcedds_c
[3.350s] -- Up-to-date: /home/aidan/GitHub/AidansRepo/TeensySwerve/install/rosidl_typesupport_microxrcedds_c/include/rosidl_typesupport_microxrcedds_c/message_type_support.h
[3.365s] -- Up-to-date: /home/aidan/GitHub/AidansRepo/TeensySwerve/install/rosidl_typesupport_microxrcedds_c/include/rosidl_typesupport_microxrcedds_c/visibility_control.h
[3.365s] -- Up-to-date: /home/aidan/GitHub/AidansRepo/TeensySwerve/install/rosidl_typesupport_microxrcedds_c/include/rosidl_typesupport_microxrcedds_c/identifier.h
[3.366s] -- Up-to-date: /home/aidan/GitHub/AidansRepo/TeensySwerve/install/rosidl_typesupport_microxrcedds_c/include/rosidl_typesupport_microxrcedds_c/service_type_support.h
[3.366s] -- Up-to-date: /home/aidan/GitHub/AidansRepo/TeensySwerve/install/rosidl_typesupport_microxrcedds_c/lib/librosidl_typesupport_microxrcedds_c.a
[3.387s] Invoked command in '/home/aidan/GitHub/AidansRepo/TeensySwerve/build/rosidl_typesupport_microxrcedds_c' returned '0': CMAKE_PREFIX_PATH=/home/aidan/GitHub/AidansRepo/TeensySwerve/install/microcdr:/home/aidan/GitHub/AidansRepo/TeensySwerve/install/tnsy_interfaces:/home/aidan/microros_ws/install/micro_ros_setup:/home/aidan/microros_ws/install/micro_ros_agent:/home/aidan/microros_ws/install/micro_ros_msgs:/home/aidan/GitHub/AidansRepo/TeensySwerve/install/tnsy_swrv_controller:/opt/ros/humble /usr/bin/cmake --install /home/aidan/GitHub/AidansRepo/TeensySwerve/build/rosidl_typesupport_microxrcedds_c
