[0.128s] Invoking command in '/home/aidan/GitHub/AidansRepo/TeensySwerve/build/microxrcedds_client': CMAKE_PREFIX_PATH=/home/aidan/GitHub/AidansRepo/TeensySwerve/install/microcdr:${CMAKE_PREFIX_PATH} /usr/bin/cmake --build /home/aidan/GitHub/AidansRepo/TeensySwerve/build/microxrcedds_client -- -j4 -l4
[0.631s] [100%] Built target microxrcedds_client
[0.747s] Invoked command in '/home/aidan/GitHub/AidansRepo/TeensySwerve/build/microxrcedds_client' returned '0': CMAKE_PREFIX_PATH=/home/aidan/GitHub/AidansRepo/TeensySwerve/install/microcdr:${CMAKE_PREFIX_PATH} /usr/bin/cmake --build /home/aidan/GitHub/AidansRepo/TeensySwerve/build/microxrcedds_client -- -j4 -l4
[1.474s] Invoking command in '/home/aidan/GitHub/AidansRepo/TeensySwerve/build/microxrcedds_client': CMAKE_PREFIX_PATH=/home/aidan/GitHub/AidansRepo/TeensySwerve/install/microcdr:${CMAKE_PREFIX_PATH} /usr/bin/cmake --install /home/aidan/GitHub/AidansRepo/TeensySwerve/build/microxrcedds_client
[1.513s] -- Install configuration: "Release"
[1.516s] -- Up-to-date: /home/aidan/GitHub/AidansRepo/TeensySwerve/install/microxrcedds_client/lib/libmicroxrcedds_client.a
[1.518s] -- Up-to-date: /home/aidan/GitHub/AidansRepo/TeensySwerve/install/microxrcedds_client/include/uxr/client
[1.519s] -- Up-to-date: /home/aidan/GitHub/AidansRepo/TeensySwerve/install/microxrcedds_client/include/uxr/client/core
[1.519s] -- Up-to-date: /home/aidan/GitHub/AidansRepo/TeensySwerve/install/microxrcedds_client/include/uxr/client/core/session
[1.519s] -- Up-to-date: /home/aidan/GitHub/AidansRepo/TeensySwerve/install/microxrcedds_client/include/uxr/client/core/session/create_entities_bin.h
[1.519s] -- Up-to-date: /home/aidan/GitHub/AidansRepo/TeensySwerve/install/microxrcedds_client/include/uxr/client/core/session/time_sync.h
[1.519s] -- Up-to-date: /home/aidan/GitHub/AidansRepo/TeensySwerve/install/microxrcedds_client/include/uxr/client/core/session/session_info.h
[1.519s] -- Up-to-date: /home/aidan/GitHub/AidansRepo/TeensySwerve/install/microxrcedds_client/include/uxr/client/core/session/read_access.h
[1.520s] -- Up-to-date: /home/aidan/GitHub/AidansRepo/TeensySwerve/install/microxrcedds_client/include/uxr/client/core/session/stream
[1.520s] -- Up-to-date: /home/aidan/GitHub/AidansRepo/TeensySwerve/install/microxrcedds_client/include/uxr/client/core/session/stream/output_best_effort_stream.h
[1.524s] -- Up-to-date: /home/aidan/GitHub/AidansRepo/TeensySwerve/install/microxrcedds_client/include/uxr/client/core/session/stream/input_best_effort_stream.h
[1.524s] -- Up-to-date: /home/aidan/GitHub/AidansRepo/TeensySwerve/install/microxrcedds_client/include/uxr/client/core/session/stream/output_reliable_stream.h
[1.524s] -- Up-to-date: /home/aidan/GitHub/AidansRepo/TeensySwerve/install/microxrcedds_client/include/uxr/client/core/session/stream/seq_num.h
[1.524s] -- Up-to-date: /home/aidan/GitHub/AidansRepo/TeensySwerve/install/microxrcedds_client/include/uxr/client/core/session/stream/stream_storage.h
[1.525s] -- Up-to-date: /home/aidan/GitHub/AidansRepo/TeensySwerve/install/microxrcedds_client/include/uxr/client/core/session/stream/stream_id.h
[1.525s] -- Up-to-date: /home/aidan/GitHub/AidansRepo/TeensySwerve/install/microxrcedds_client/include/uxr/client/core/session/stream/input_reliable_stream.h
[1.525s] -- Up-to-date: /home/aidan/GitHub/AidansRepo/TeensySwerve/install/microxrcedds_client/include/uxr/client/core/session/stream/reliable_stream.h
[1.525s] -- Up-to-date: /home/aidan/GitHub/AidansRepo/TeensySwerve/install/microxrcedds_client/include/uxr/client/core/session/session.h
[1.525s] -- Up-to-date: /home/aidan/GitHub/AidansRepo/TeensySwerve/install/microxrcedds_client/include/uxr/client/core/session/create_entities_xml.h
[1.526s] -- Up-to-date: /home/aidan/GitHub/AidansRepo/TeensySwerve/install/microxrcedds_client/include/uxr/client/core/session/write_access.h
[1.526s] -- Up-to-date: /home/aidan/GitHub/AidansRepo/TeensySwerve/install/microxrcedds_client/include/uxr/client/core/session/common_create_entities.h
[1.526s] -- Up-to-date: /home/aidan/GitHub/AidansRepo/TeensySwerve/install/microxrcedds_client/include/uxr/client/core/session/object_id.h
[1.526s] -- Up-to-date: /home/aidan/GitHub/AidansRepo/TeensySwerve/install/microxrcedds_client/include/uxr/client/core/session/create_entities_ref.h
[1.536s] -- Up-to-date: /home/aidan/GitHub/AidansRepo/TeensySwerve/install/microxrcedds_client/include/uxr/client/core/communication
[1.536s] -- Up-to-date: /home/aidan/GitHub/AidansRepo/TeensySwerve/install/microxrcedds_client/include/uxr/client/core/communication/communication.h
[1.538s] -- Up-to-date: /home/aidan/GitHub/AidansRepo/TeensySwerve/install/microxrcedds_client/include/uxr/client/core/type
[1.538s] -- Up-to-date: /home/aidan/GitHub/AidansRepo/TeensySwerve/install/microxrcedds_client/include/uxr/client/core/type/xrce_types.h
[1.539s] -- Up-to-date: /home/aidan/GitHub/AidansRepo/TeensySwerve/install/microxrcedds_client/include/uxr/client/util
[1.539s] -- Up-to-date: /home/aidan/GitHub/AidansRepo/TeensySwerve/install/microxrcedds_client/include/uxr/client/util/ping.h
[1.539s] -- Up-to-date: /home/aidan/GitHub/AidansRepo/TeensySwerve/install/microxrcedds_client/include/uxr/client/util/time.h
[1.539s] -- Up-to-date: /home/aidan/GitHub/AidansRepo/TeensySwerve/install/microxrcedds_client/include/uxr/client/transport.h
[1.539s] -- Up-to-date: /home/aidan/GitHub/AidansRepo/TeensySwerve/install/microxrcedds_client/include/uxr/client/profile
[1.549s] -- Up-to-date: /home/aidan/GitHub/AidansRepo/TeensySwerve/install/microxrcedds_client/include/uxr/client/profile/discovery
[1.549s] -- Up-to-date: /home/aidan/GitHub/AidansRepo/TeensySwerve/install/microxrcedds_client/include/uxr/client/profile/discovery/discovery.h
[1.549s] -- Up-to-date: /home/aidan/GitHub/AidansRepo/TeensySwerve/install/microxrcedds_client/include/uxr/client/profile/multithread
[1.549s] -- Up-to-date: /home/aidan/GitHub/AidansRepo/TeensySwerve/install/microxrcedds_client/include/uxr/client/profile/multithread/multithread.h
[1.553s] -- Up-to-date: /home/aidan/GitHub/AidansRepo/TeensySwerve/install/microxrcedds_client/include/uxr/client/profile/transport
[1.554s] -- Up-to-date: /home/aidan/GitHub/AidansRepo/TeensySwerve/install/microxrcedds_client/include/uxr/client/profile/transport/can
[1.554s] -- Up-to-date: /home/aidan/GitHub/AidansRepo/TeensySwerve/install/microxrcedds_client/include/uxr/client/profile/transport/can/can_transport_posix.h
[1.560s] -- Up-to-date: /home/aidan/GitHub/AidansRepo/TeensySwerve/install/microxrcedds_client/include/uxr/client/profile/transport/can/can_transport.h
[1.560s] -- Up-to-date: /home/aidan/GitHub/AidansRepo/TeensySwerve/install/microxrcedds_client/include/uxr/client/profile/transport/stream_framing
[1.560s] -- Up-to-date: /home/aidan/GitHub/AidansRepo/TeensySwerve/install/microxrcedds_client/include/uxr/client/profile/transport/stream_framing/stream_framing_protocol.h
[1.564s] -- Up-to-date: /home/aidan/GitHub/AidansRepo/TeensySwerve/install/microxrcedds_client/include/uxr/client/profile/transport/serial
[1.565s] -- Up-to-date: /home/aidan/GitHub/AidansRepo/TeensySwerve/install/microxrcedds_client/include/uxr/client/profile/transport/serial/serial_transport.h
[1.565s] -- Up-to-date: /home/aidan/GitHub/AidansRepo/TeensySwerve/install/microxrcedds_client/include/uxr/client/profile/transport/serial/serial_transport_platform.h
[1.572s] -- Up-to-date: /home/aidan/GitHub/AidansRepo/TeensySwerve/install/microxrcedds_client/include/uxr/client/profile/transport/serial/serial_transport_posix.h
[1.572s] -- Up-to-date: /home/aidan/GitHub/AidansRepo/TeensySwerve/install/microxrcedds_client/include/uxr/client/profile/transport/serial/serial_transport_rtems_bsd_net.h
[1.572s] -- Up-to-date: /home/aidan/GitHub/AidansRepo/TeensySwerve/install/microxrcedds_client/include/uxr/client/profile/transport/custom
[1.572s] -- Up-to-date: /home/aidan/GitHub/AidansRepo/TeensySwerve/install/microxrcedds_client/include/uxr/client/profile/transport/custom/custom_transport.h
[1.572s] -- Up-to-date: /home/aidan/GitHub/AidansRepo/TeensySwerve/install/microxrcedds_client/include/uxr/client/profile/transport/ip
[1.573s] -- Up-to-date: /home/aidan/GitHub/AidansRepo/TeensySwerve/install/microxrcedds_client/include/uxr/client/profile/transport/ip/udp
[1.578s] -- Up-to-date: /home/aidan/GitHub/AidansRepo/TeensySwerve/install/microxrcedds_client/include/uxr/client/profile/transport/ip/udp/udp_transport_posix.h
[1.578s] -- Up-to-date: /home/aidan/GitHub/AidansRepo/TeensySwerve/install/microxrcedds_client/include/uxr/client/profile/transport/ip/udp/udp_transport_rtems_bsd_net.h
[1.579s] -- Up-to-date: /home/aidan/GitHub/AidansRepo/TeensySwerve/install/microxrcedds_client/include/uxr/client/profile/transport/ip/udp/udp_transport_freertos_plus_tcp.h
[1.579s] -- Up-to-date: /home/aidan/GitHub/AidansRepo/TeensySwerve/install/microxrcedds_client/include/uxr/client/profile/transport/ip/udp/udp_transport_windows.h
[1.579s] -- Up-to-date: /home/aidan/GitHub/AidansRepo/TeensySwerve/install/microxrcedds_client/include/uxr/client/profile/transport/ip/udp/udp_transport_posix_nopoll.h
[1.579s] -- Up-to-date: /home/aidan/GitHub/AidansRepo/TeensySwerve/install/microxrcedds_client/include/uxr/client/profile/transport/ip/udp/udp_transport.h
[1.593s] -- Up-to-date: /home/aidan/GitHub/AidansRepo/TeensySwerve/install/microxrcedds_client/include/uxr/client/profile/transport/ip/ip.h
[1.595s] -- Up-to-date: /home/aidan/GitHub/AidansRepo/TeensySwerve/install/microxrcedds_client/include/uxr/client/profile/transport/ip/tcp
[1.597s] -- Up-to-date: /home/aidan/GitHub/AidansRepo/TeensySwerve/install/microxrcedds_client/include/uxr/client/profile/transport/ip/tcp/tcp_transport_windows.h
[1.598s] -- Up-to-date: /home/aidan/GitHub/AidansRepo/TeensySwerve/install/microxrcedds_client/include/uxr/client/profile/transport/ip/tcp/tcp_transport_freertos_plus_tcp.h
[1.598s] -- Up-to-date: /home/aidan/GitHub/AidansRepo/TeensySwerve/install/microxrcedds_client/include/uxr/client/profile/transport/ip/tcp/tcp_transport_posix_nopoll.h
[1.598s] -- Up-to-date: /home/aidan/GitHub/AidansRepo/TeensySwerve/install/microxrcedds_client/include/uxr/client/profile/transport/ip/tcp/tcp_transport.h
[1.598s] -- Up-to-date: /home/aidan/GitHub/AidansRepo/TeensySwerve/install/microxrcedds_client/include/uxr/client/profile/transport/ip/tcp/tcp_transport_posix.h
[1.598s] -- Up-to-date: /home/aidan/GitHub/AidansRepo/TeensySwerve/install/microxrcedds_client/include/uxr/client/profile/transport/ip/tcp/tcp_transport_rtems_bsd_net.h
[1.605s] -- Up-to-date: /home/aidan/GitHub/AidansRepo/TeensySwerve/install/microxrcedds_client/include/uxr/client/client.h
[1.605s] -- Up-to-date: /home/aidan/GitHub/AidansRepo/TeensySwerve/install/microxrcedds_client/include/uxr/client/visibility.h
[1.606s] -- Up-to-date: /home/aidan/GitHub/AidansRepo/TeensySwerve/install/microxrcedds_client/include/uxr/client/defines.h
[1.606s] -- Up-to-date: /home/aidan/GitHub/AidansRepo/TeensySwerve/install/microxrcedds_client/include/uxr/client/config.h
[1.606s] -- Up-to-date: /home/aidan/GitHub/AidansRepo/TeensySwerve/install/microxrcedds_client/share/microxrcedds_client/cmake/microxrcedds_clientTargets.cmake
[1.606s] -- Up-to-date: /home/aidan/GitHub/AidansRepo/TeensySwerve/install/microxrcedds_client/share/microxrcedds_client/cmake/microxrcedds_clientTargets-release.cmake
[1.606s] -- Up-to-date: /home/aidan/GitHub/AidansRepo/TeensySwerve/install/microxrcedds_client/share/microxrcedds_client/cmake/microxrcedds_clientConfig.cmake
[1.606s] -- Up-to-date: /home/aidan/GitHub/AidansRepo/TeensySwerve/install/microxrcedds_client/share/microxrcedds_client/cmake/microxrcedds_clientConfigVersion.cmake
[1.607s] Invoked command in '/home/aidan/GitHub/AidansRepo/TeensySwerve/build/microxrcedds_client' returned '0': CMAKE_PREFIX_PATH=/home/aidan/GitHub/AidansRepo/TeensySwerve/install/microcdr:${CMAKE_PREFIX_PATH} /usr/bin/cmake --install /home/aidan/GitHub/AidansRepo/TeensySwerve/build/microxrcedds_client
