[0.205s] Invoking command in '/home/aidan/GitHub/AidansRepo/TeensySwerve/build/stereo_msgs': CMAKE_PREFIX_PATH=/home/aidan/GitHub/AidansRepo/TeensySwerve/install/sensor_msgs:/home/aidan/GitHub/AidansRepo/TeensySwerve/install/geometry_msgs:/home/aidan/GitHub/AidansRepo/TeensySwerve/install/std_msgs:/home/aidan/GitHub/AidansRepo/TeensySwerve/install/builtin_interfaces:/home/aidan/GitHub/AidansRepo/TeensySwerve/install/micro_ros_demos_rclc:/home/aidan/GitHub/AidansRepo/TeensySwerve/install/common_interfaces:/home/aidan/GitHub/AidansRepo/TeensySwerve/install/visualization_msgs:/home/aidan/GitHub/AidansRepo/TeensySwerve/install/test_msgs:/home/aidan/GitHub/AidansRepo/TeensySwerve/install/example_interfaces:/home/aidan/GitHub/AidansRepo/TeensySwerve/install/action_msgs:/home/aidan/GitHub/AidansRepo/TeensySwerve/install/unique_identifier_msgs:/home/aidan/GitHub/AidansRepo/TeensySwerve/install/trajectory_msgs:/home/aidan/GitHub/AidansRepo/TeensySwerve/install/stereo_msgs:/home/aidan/GitHub/AidansRepo/TeensySwerve/install/std_srvs:/home/aidan/GitHub/AidansRepo/TeensySwerve/install/shape_msgs:/home/aidan/GitHub/AidansRepo/TeensySwerve/install/nav_msgs:/home/aidan/GitHub/AidansRepo/TeensySwerve/install/diagnostic_msgs:/home/aidan/GitHub/AidansRepo/TeensySwerve/install/actionlib_msgs:/home/aidan/GitHub/AidansRepo/TeensySwerve/install/statistics_msgs:/home/aidan/GitHub/AidansRepo/TeensySwerve/install/rosidl_typesupport_microxrcedds_test_msg:/home/aidan/GitHub/AidansRepo/TeensySwerve/install/rosidl_typesupport_microxrcedds_cpp_tests:/home/aidan/GitHub/AidansRepo/TeensySwerve/install/rmw_microxrcedds:/home/aidan/GitHub/AidansRepo/TeensySwerve/install/rosidl_typesupport_microxrcedds_cpp:/home/aidan/GitHub/AidansRepo/TeensySwerve/install/rosidl_typesupport_microxrcedds_c_tests:/home/aidan/GitHub/AidansRepo/TeensySwerve/install/rosidl_typesupport_microxrcedds_c:/home/aidan/GitHub/AidansRepo/TeensySwerve/install/rosgraph_msgs:/home/aidan/GitHub/AidansRepo/TeensySwerve/install/rclc_parameter:/home/aidan/GitHub/AidansRepo/TeensySwerve/install/rclc:/home/aidan/GitHub/AidansRepo/TeensySwerve/install/composition_interfaces:/home/aidan/GitHub/AidansRepo/TeensySwerve/install/rcl_interfaces:/home/aidan/GitHub/AidansRepo/TeensySwerve/install/microxrcedds_client:/home/aidan/GitHub/AidansRepo/TeensySwerve/install/microcdr:/home/aidan/GitHub/AidansRepo/TeensySwerve/install/micro_ros_utilities:/home/aidan/GitHub/AidansRepo/TeensySwerve/install/micro_ros_msgs:/home/aidan/GitHub/AidansRepo/TeensySwerve/install/lifecycle_msgs:/home/aidan/GitHub/AidansRepo/TeensySwerve/install/complex_msgs:/home/aidan/GitHub/AidansRepo/TeensySwerve/install/tnsy_interfaces:/home/aidan/microros_ws/install/micro_ros_setup:/home/aidan/microros_ws/install/micro_ros_agent:/home/aidan/microros_ws/install/micro_ros_msgs:/home/aidan/GitHub/AidansRepo/TeensySwerve/install/sensor_msgs_py:/home/aidan/GitHub/AidansRepo/TeensySwerve/install/tnsy_swrv_controller:/opt/ros/humble LD_LIBRARY_PATH=/home/aidan/GitHub/AidansRepo/TeensySwerve/install/sensor_msgs/lib:/home/aidan/GitHub/AidansRepo/TeensySwerve/install/geometry_msgs/lib:/home/aidan/GitHub/AidansRepo/TeensySwerve/install/std_msgs/lib:/home/aidan/GitHub/AidansRepo/TeensySwerve/install/builtin_interfaces/lib:/home/aidan/GitHub/AidansRepo/TeensySwerve/install/visualization_msgs/lib:/home/aidan/GitHub/AidansRepo/TeensySwerve/install/test_msgs/lib:/home/aidan/GitHub/AidansRepo/TeensySwerve/install/example_interfaces/lib:/home/aidan/GitHub/AidansRepo/TeensySwerve/install/action_msgs/lib:/home/aidan/GitHub/AidansRepo/TeensySwerve/install/unique_identifier_msgs/lib:/home/aidan/GitHub/AidansRepo/TeensySwerve/install/trajectory_msgs/lib:/home/aidan/GitHub/AidansRepo/TeensySwerve/install/stereo_msgs/lib:/home/aidan/GitHub/AidansRepo/TeensySwerve/install/std_srvs/lib:/home/aidan/GitHub/AidansRepo/TeensySwerve/install/shape_msgs/lib:/home/aidan/GitHub/AidansRepo/TeensySwerve/install/nav_msgs/lib:/home/aidan/GitHub/AidansRepo/TeensySwerve/install/diagnostic_msgs/lib:/home/aidan/GitHub/AidansRepo/TeensySwerve/install/actionlib_msgs/lib:/home/aidan/GitHub/AidansRepo/TeensySwerve/install/statistics_msgs/lib:/home/aidan/GitHub/AidansRepo/TeensySwerve/install/rosidl_typesupport_microxrcedds_test_msg/lib:/home/aidan/GitHub/AidansRepo/TeensySwerve/install/rmw_microxrcedds/lib:/home/aidan/GitHub/AidansRepo/TeensySwerve/install/rosidl_typesupport_microxrcedds_cpp/lib:/home/aidan/GitHub/AidansRepo/TeensySwerve/install/rosidl_typesupport_microxrcedds_c/lib:/home/aidan/GitHub/AidansRepo/TeensySwerve/install/rosgraph_msgs/lib:/home/aidan/GitHub/AidansRepo/TeensySwerve/install/rclc_parameter/lib:/home/aidan/GitHub/AidansRepo/TeensySwerve/install/rclc/lib:/home/aidan/GitHub/AidansRepo/TeensySwerve/install/composition_interfaces/lib:/home/aidan/GitHub/AidansRepo/TeensySwerve/install/rcl_interfaces/lib:/home/aidan/GitHub/AidansRepo/TeensySwerve/install/micro_ros_utilities/lib:/home/aidan/GitHub/AidansRepo/TeensySwerve/install/micro_ros_msgs/lib:/home/aidan/GitHub/AidansRepo/TeensySwerve/install/lifecycle_msgs/lib:/home/aidan/GitHub/AidansRepo/TeensySwerve/install/complex_msgs/lib:/home/aidan/GitHub/AidansRepo/TeensySwerve/install/tnsy_interfaces/lib:/home/aidan/microros_ws/install/micro_ros_agent/lib:/home/aidan/microros_ws/install/micro_ros_msgs/lib:/opt/ros/humble/opt/rviz_ogre_vendor/lib:/opt/ros/humble/lib/x86_64-linux-gnu:/opt/ros/humble/lib /usr/bin/cmake --build /home/aidan/GitHub/AidansRepo/TeensySwerve/build/stereo_msgs -- -j4 -l4
[0.661s] [  3%] Built target stereo_msgs__cpp
[0.949s] [  3%] Built target ament_cmake_python_copy_stereo_msgs
[1.117s] [ 12%] Built target stereo_msgs__rosidl_typesupport_fastrtps_cpp
[1.311s] [ 22%] Built target stereo_msgs__rosidl_typesupport_introspection_cpp
[4.315s] running egg_info
[4.319s] writing stereo_msgs.egg-info/PKG-INFO
[4.320s] writing dependency_links to stereo_msgs.egg-info/dependency_links.txt
[4.320s] writing top-level names to stereo_msgs.egg-info/top_level.txt
[4.331s] reading manifest file 'stereo_msgs.egg-info/SOURCES.txt'
[4.331s] writing manifest file 'stereo_msgs.egg-info/SOURCES.txt'
[4.511s] [ 22%] Built target ament_cmake_python_build_stereo_msgs_egg
[4.672s] [ 32%] Built target stereo_msgs__rosidl_typesupport_cpp
[4.846s] [ 41%] Built target stereo_msgs__rosidl_generator_c
[5.011s] [ 51%] Built target stereo_msgs__rosidl_typesupport_fastrtps_c
[5.238s] [ 61%] Built target stereo_msgs__rosidl_typesupport_c
[5.445s] [ 70%] Built target stereo_msgs__rosidl_typesupport_introspection_c
[5.647s] [ 70%] Built target stereo_msgs
[5.838s] [ 74%] Built target stereo_msgs__py
[5.996s] [ 80%] Built target stereo_msgs__rosidl_generator_py
[6.202s] [ 87%] Built target stereo_msgs__rosidl_typesupport_fastrtps_c__pyext
[6.394s] [ 93%] Built target stereo_msgs__rosidl_typesupport_c__pyext
[6.551s] [100%] Built target stereo_msgs__rosidl_typesupport_introspection_c__pyext
[7.034s] Invoked command in '/home/aidan/GitHub/AidansRepo/TeensySwerve/build/stereo_msgs' returned '0': CMAKE_PREFIX_PATH=/home/aidan/GitHub/AidansRepo/TeensySwerve/install/sensor_msgs:/home/aidan/GitHub/AidansRepo/TeensySwerve/install/geometry_msgs:/home/aidan/GitHub/AidansRepo/TeensySwerve/install/std_msgs:/home/aidan/GitHub/AidansRepo/TeensySwerve/install/builtin_interfaces:/home/aidan/GitHub/AidansRepo/TeensySwerve/install/micro_ros_demos_rclc:/home/aidan/GitHub/AidansRepo/TeensySwerve/install/common_interfaces:/home/aidan/GitHub/AidansRepo/TeensySwerve/install/visualization_msgs:/home/aidan/GitHub/AidansRepo/TeensySwerve/install/test_msgs:/home/aidan/GitHub/AidansRepo/TeensySwerve/install/example_interfaces:/home/aidan/GitHub/AidansRepo/TeensySwerve/install/action_msgs:/home/aidan/GitHub/AidansRepo/TeensySwerve/install/unique_identifier_msgs:/home/aidan/GitHub/AidansRepo/TeensySwerve/install/trajectory_msgs:/home/aidan/GitHub/AidansRepo/TeensySwerve/install/stereo_msgs:/home/aidan/GitHub/AidansRepo/TeensySwerve/install/std_srvs:/home/aidan/GitHub/AidansRepo/TeensySwerve/install/shape_msgs:/home/aidan/GitHub/AidansRepo/TeensySwerve/install/nav_msgs:/home/aidan/GitHub/AidansRepo/TeensySwerve/install/diagnostic_msgs:/home/aidan/GitHub/AidansRepo/TeensySwerve/install/actionlib_msgs:/home/aidan/GitHub/AidansRepo/TeensySwerve/install/statistics_msgs:/home/aidan/GitHub/AidansRepo/TeensySwerve/install/rosidl_typesupport_microxrcedds_test_msg:/home/aidan/GitHub/AidansRepo/TeensySwerve/install/rosidl_typesupport_microxrcedds_cpp_tests:/home/aidan/GitHub/AidansRepo/TeensySwerve/install/rmw_microxrcedds:/home/aidan/GitHub/AidansRepo/TeensySwerve/install/rosidl_typesupport_microxrcedds_cpp:/home/aidan/GitHub/AidansRepo/TeensySwerve/install/rosidl_typesupport_microxrcedds_c_tests:/home/aidan/GitHub/AidansRepo/TeensySwerve/install/rosidl_typesupport_microxrcedds_c:/home/aidan/GitHub/AidansRepo/TeensySwerve/install/rosgraph_msgs:/home/aidan/GitHub/AidansRepo/TeensySwerve/install/rclc_parameter:/home/aidan/GitHub/AidansRepo/TeensySwerve/install/rclc:/home/aidan/GitHub/AidansRepo/TeensySwerve/install/composition_interfaces:/home/aidan/GitHub/AidansRepo/TeensySwerve/install/rcl_interfaces:/home/aidan/GitHub/AidansRepo/TeensySwerve/install/microxrcedds_client:/home/aidan/GitHub/AidansRepo/TeensySwerve/install/microcdr:/home/aidan/GitHub/AidansRepo/TeensySwerve/install/micro_ros_utilities:/home/aidan/GitHub/AidansRepo/TeensySwerve/install/micro_ros_msgs:/home/aidan/GitHub/AidansRepo/TeensySwerve/install/lifecycle_msgs:/home/aidan/GitHub/AidansRepo/TeensySwerve/install/complex_msgs:/home/aidan/GitHub/AidansRepo/TeensySwerve/install/tnsy_interfaces:/home/aidan/microros_ws/install/micro_ros_setup:/home/aidan/microros_ws/install/micro_ros_agent:/home/aidan/microros_ws/install/micro_ros_msgs:/home/aidan/GitHub/AidansRepo/TeensySwerve/install/sensor_msgs_py:/home/aidan/GitHub/AidansRepo/TeensySwerve/install/tnsy_swrv_controller:/opt/ros/humble LD_LIBRARY_PATH=/home/aidan/GitHub/AidansRepo/TeensySwerve/install/sensor_msgs/lib:/home/aidan/GitHub/AidansRepo/TeensySwerve/install/geometry_msgs/lib:/home/aidan/GitHub/AidansRepo/TeensySwerve/install/std_msgs/lib:/home/aidan/GitHub/AidansRepo/TeensySwerve/install/builtin_interfaces/lib:/home/aidan/GitHub/AidansRepo/TeensySwerve/install/visualization_msgs/lib:/home/aidan/GitHub/AidansRepo/TeensySwerve/install/test_msgs/lib:/home/aidan/GitHub/AidansRepo/TeensySwerve/install/example_interfaces/lib:/home/aidan/GitHub/AidansRepo/TeensySwerve/install/action_msgs/lib:/home/aidan/GitHub/AidansRepo/TeensySwerve/install/unique_identifier_msgs/lib:/home/aidan/GitHub/AidansRepo/TeensySwerve/install/trajectory_msgs/lib:/home/aidan/GitHub/AidansRepo/TeensySwerve/install/stereo_msgs/lib:/home/aidan/GitHub/AidansRepo/TeensySwerve/install/std_srvs/lib:/home/aidan/GitHub/AidansRepo/TeensySwerve/install/shape_msgs/lib:/home/aidan/GitHub/AidansRepo/TeensySwerve/install/nav_msgs/lib:/home/aidan/GitHub/AidansRepo/TeensySwerve/install/diagnostic_msgs/lib:/home/aidan/GitHub/AidansRepo/TeensySwerve/install/actionlib_msgs/lib:/home/aidan/GitHub/AidansRepo/TeensySwerve/install/statistics_msgs/lib:/home/aidan/GitHub/AidansRepo/TeensySwerve/install/rosidl_typesupport_microxrcedds_test_msg/lib:/home/aidan/GitHub/AidansRepo/TeensySwerve/install/rmw_microxrcedds/lib:/home/aidan/GitHub/AidansRepo/TeensySwerve/install/rosidl_typesupport_microxrcedds_cpp/lib:/home/aidan/GitHub/AidansRepo/TeensySwerve/install/rosidl_typesupport_microxrcedds_c/lib:/home/aidan/GitHub/AidansRepo/TeensySwerve/install/rosgraph_msgs/lib:/home/aidan/GitHub/AidansRepo/TeensySwerve/install/rclc_parameter/lib:/home/aidan/GitHub/AidansRepo/TeensySwerve/install/rclc/lib:/home/aidan/GitHub/AidansRepo/TeensySwerve/install/composition_interfaces/lib:/home/aidan/GitHub/AidansRepo/TeensySwerve/install/rcl_interfaces/lib:/home/aidan/GitHub/AidansRepo/TeensySwerve/install/micro_ros_utilities/lib:/home/aidan/GitHub/AidansRepo/TeensySwerve/install/micro_ros_msgs/lib:/home/aidan/GitHub/AidansRepo/TeensySwerve/install/lifecycle_msgs/lib:/home/aidan/GitHub/AidansRepo/TeensySwerve/install/complex_msgs/lib:/home/aidan/GitHub/AidansRepo/TeensySwerve/install/tnsy_interfaces/lib:/home/aidan/microros_ws/install/micro_ros_agent/lib:/home/aidan/microros_ws/install/micro_ros_msgs/lib:/opt/ros/humble/opt/rviz_ogre_vendor/lib:/opt/ros/humble/lib/x86_64-linux-gnu:/opt/ros/humble/lib /usr/bin/cmake --build /home/aidan/GitHub/AidansRepo/TeensySwerve/build/stereo_msgs -- -j4 -l4
[8.515s] Invoking command in '/home/aidan/GitHub/AidansRepo/TeensySwerve/build/stereo_msgs': CMAKE_PREFIX_PATH=/home/aidan/GitHub/AidansRepo/TeensySwerve/install/sensor_msgs:/home/aidan/GitHub/AidansRepo/TeensySwerve/install/geometry_msgs:/home/aidan/GitHub/AidansRepo/TeensySwerve/install/std_msgs:/home/aidan/GitHub/AidansRepo/TeensySwerve/install/builtin_interfaces:/home/aidan/GitHub/AidansRepo/TeensySwerve/install/micro_ros_demos_rclc:/home/aidan/GitHub/AidansRepo/TeensySwerve/install/common_interfaces:/home/aidan/GitHub/AidansRepo/TeensySwerve/install/visualization_msgs:/home/aidan/GitHub/AidansRepo/TeensySwerve/install/test_msgs:/home/aidan/GitHub/AidansRepo/TeensySwerve/install/example_interfaces:/home/aidan/GitHub/AidansRepo/TeensySwerve/install/action_msgs:/home/aidan/GitHub/AidansRepo/TeensySwerve/install/unique_identifier_msgs:/home/aidan/GitHub/AidansRepo/TeensySwerve/install/trajectory_msgs:/home/aidan/GitHub/AidansRepo/TeensySwerve/install/stereo_msgs:/home/aidan/GitHub/AidansRepo/TeensySwerve/install/std_srvs:/home/aidan/GitHub/AidansRepo/TeensySwerve/install/shape_msgs:/home/aidan/GitHub/AidansRepo/TeensySwerve/install/nav_msgs:/home/aidan/GitHub/AidansRepo/TeensySwerve/install/diagnostic_msgs:/home/aidan/GitHub/AidansRepo/TeensySwerve/install/actionlib_msgs:/home/aidan/GitHub/AidansRepo/TeensySwerve/install/statistics_msgs:/home/aidan/GitHub/AidansRepo/TeensySwerve/install/rosidl_typesupport_microxrcedds_test_msg:/home/aidan/GitHub/AidansRepo/TeensySwerve/install/rosidl_typesupport_microxrcedds_cpp_tests:/home/aidan/GitHub/AidansRepo/TeensySwerve/install/rmw_microxrcedds:/home/aidan/GitHub/AidansRepo/TeensySwerve/install/rosidl_typesupport_microxrcedds_cpp:/home/aidan/GitHub/AidansRepo/TeensySwerve/install/rosidl_typesupport_microxrcedds_c_tests:/home/aidan/GitHub/AidansRepo/TeensySwerve/install/rosidl_typesupport_microxrcedds_c:/home/aidan/GitHub/AidansRepo/TeensySwerve/install/rosgraph_msgs:/home/aidan/GitHub/AidansRepo/TeensySwerve/install/rclc_parameter:/home/aidan/GitHub/AidansRepo/TeensySwerve/install/rclc:/home/aidan/GitHub/AidansRepo/TeensySwerve/install/composition_interfaces:/home/aidan/GitHub/AidansRepo/TeensySwerve/install/rcl_interfaces:/home/aidan/GitHub/AidansRepo/TeensySwerve/install/microxrcedds_client:/home/aidan/GitHub/AidansRepo/TeensySwerve/install/microcdr:/home/aidan/GitHub/AidansRepo/TeensySwerve/install/micro_ros_utilities:/home/aidan/GitHub/AidansRepo/TeensySwerve/install/micro_ros_msgs:/home/aidan/GitHub/AidansRepo/TeensySwerve/install/lifecycle_msgs:/home/aidan/GitHub/AidansRepo/TeensySwerve/install/complex_msgs:/home/aidan/GitHub/AidansRepo/TeensySwerve/install/tnsy_interfaces:/home/aidan/microros_ws/install/micro_ros_setup:/home/aidan/microros_ws/install/micro_ros_agent:/home/aidan/microros_ws/install/micro_ros_msgs:/home/aidan/GitHub/AidansRepo/TeensySwerve/install/sensor_msgs_py:/home/aidan/GitHub/AidansRepo/TeensySwerve/install/tnsy_swrv_controller:/opt/ros/humble LD_LIBRARY_PATH=/home/aidan/GitHub/AidansRepo/TeensySwerve/install/sensor_msgs/lib:/home/aidan/GitHub/AidansRepo/TeensySwerve/install/geometry_msgs/lib:/home/aidan/GitHub/AidansRepo/TeensySwerve/install/std_msgs/lib:/home/aidan/GitHub/AidansRepo/TeensySwerve/install/builtin_interfaces/lib:/home/aidan/GitHub/AidansRepo/TeensySwerve/install/visualization_msgs/lib:/home/aidan/GitHub/AidansRepo/TeensySwerve/install/test_msgs/lib:/home/aidan/GitHub/AidansRepo/TeensySwerve/install/example_interfaces/lib:/home/aidan/GitHub/AidansRepo/TeensySwerve/install/action_msgs/lib:/home/aidan/GitHub/AidansRepo/TeensySwerve/install/unique_identifier_msgs/lib:/home/aidan/GitHub/AidansRepo/TeensySwerve/install/trajectory_msgs/lib:/home/aidan/GitHub/AidansRepo/TeensySwerve/install/stereo_msgs/lib:/home/aidan/GitHub/AidansRepo/TeensySwerve/install/std_srvs/lib:/home/aidan/GitHub/AidansRepo/TeensySwerve/install/shape_msgs/lib:/home/aidan/GitHub/AidansRepo/TeensySwerve/install/nav_msgs/lib:/home/aidan/GitHub/AidansRepo/TeensySwerve/install/diagnostic_msgs/lib:/home/aidan/GitHub/AidansRepo/TeensySwerve/install/actionlib_msgs/lib:/home/aidan/GitHub/AidansRepo/TeensySwerve/install/statistics_msgs/lib:/home/aidan/GitHub/AidansRepo/TeensySwerve/install/rosidl_typesupport_microxrcedds_test_msg/lib:/home/aidan/GitHub/AidansRepo/TeensySwerve/install/rmw_microxrcedds/lib:/home/aidan/GitHub/AidansRepo/TeensySwerve/install/rosidl_typesupport_microxrcedds_cpp/lib:/home/aidan/GitHub/AidansRepo/TeensySwerve/install/rosidl_typesupport_microxrcedds_c/lib:/home/aidan/GitHub/AidansRepo/TeensySwerve/install/rosgraph_msgs/lib:/home/aidan/GitHub/AidansRepo/TeensySwerve/install/rclc_parameter/lib:/home/aidan/GitHub/AidansRepo/TeensySwerve/install/rclc/lib:/home/aidan/GitHub/AidansRepo/TeensySwerve/install/composition_interfaces/lib:/home/aidan/GitHub/AidansRepo/TeensySwerve/install/rcl_interfaces/lib:/home/aidan/GitHub/AidansRepo/TeensySwerve/install/micro_ros_utilities/lib:/home/aidan/GitHub/AidansRepo/TeensySwerve/install/micro_ros_msgs/lib:/home/aidan/GitHub/AidansRepo/TeensySwerve/install/lifecycle_msgs/lib:/home/aidan/GitHub/AidansRepo/TeensySwerve/install/complex_msgs/lib:/home/aidan/GitHub/AidansRepo/TeensySwerve/install/tnsy_interfaces/lib:/home/aidan/microros_ws/install/micro_ros_agent/lib:/home/aidan/microros_ws/install/micro_ros_msgs/lib:/opt/ros/humble/opt/rviz_ogre_vendor/lib:/opt/ros/humble/lib/x86_64-linux-gnu:/opt/ros/humble/lib /usr/bin/cmake --install /home/aidan/GitHub/AidansRepo/TeensySwerve/build/stereo_msgs
[8.725s] -- Install configuration: ""
[8.725s] -- Up-to-date: /home/aidan/GitHub/AidansRepo/TeensySwerve/install/stereo_msgs/share/ament_index/resource_index/rosidl_interfaces/stereo_msgs
[8.726s] -- Up-to-date: /home/aidan/GitHub/AidansRepo/TeensySwerve/install/stereo_msgs/include/stereo_msgs/stereo_msgs
[8.726s] -- Up-to-date: /home/aidan/GitHub/AidansRepo/TeensySwerve/install/stereo_msgs/include/stereo_msgs/stereo_msgs/msg
[8.726s] -- Up-to-date: /home/aidan/GitHub/AidansRepo/TeensySwerve/install/stereo_msgs/include/stereo_msgs/stereo_msgs/msg/rosidl_generator_c__visibility_control.h
[8.736s] -- Up-to-date: /home/aidan/GitHub/AidansRepo/TeensySwerve/install/stereo_msgs/include/stereo_msgs/stereo_msgs/msg/disparity_image.h
[8.736s] -- Up-to-date: /home/aidan/GitHub/AidansRepo/TeensySwerve/install/stereo_msgs/include/stereo_msgs/stereo_msgs/msg/detail
[8.736s] -- Up-to-date: /home/aidan/GitHub/AidansRepo/TeensySwerve/install/stereo_msgs/include/stereo_msgs/stereo_msgs/msg/detail/disparity_image__type_support.h
[8.736s] -- Up-to-date: /home/aidan/GitHub/AidansRepo/TeensySwerve/install/stereo_msgs/include/stereo_msgs/stereo_msgs/msg/detail/disparity_image__functions.c
[8.736s] -- Up-to-date: /home/aidan/GitHub/AidansRepo/TeensySwerve/install/stereo_msgs/include/stereo_msgs/stereo_msgs/msg/detail/disparity_image__functions.h
[8.736s] -- Up-to-date: /home/aidan/GitHub/AidansRepo/TeensySwerve/install/stereo_msgs/include/stereo_msgs/stereo_msgs/msg/detail/disparity_image__struct.h
[8.737s] -- Up-to-date: /home/aidan/GitHub/AidansRepo/TeensySwerve/install/stereo_msgs/share/stereo_msgs/environment/library_path.sh
[8.737s] -- Up-to-date: /home/aidan/GitHub/AidansRepo/TeensySwerve/install/stereo_msgs/share/stereo_msgs/environment/library_path.dsv
[8.737s] -- Up-to-date: /home/aidan/GitHub/AidansRepo/TeensySwerve/install/stereo_msgs/lib/libstereo_msgs__rosidl_generator_c.so
[8.737s] -- Up-to-date: /home/aidan/GitHub/AidansRepo/TeensySwerve/install/stereo_msgs/include/stereo_msgs/stereo_msgs
[8.737s] -- Up-to-date: /home/aidan/GitHub/AidansRepo/TeensySwerve/install/stereo_msgs/include/stereo_msgs/stereo_msgs/msg
[8.737s] -- Up-to-date: /home/aidan/GitHub/AidansRepo/TeensySwerve/install/stereo_msgs/include/stereo_msgs/stereo_msgs/msg/rosidl_typesupport_fastrtps_c__visibility_control.h
[8.738s] -- Up-to-date: /home/aidan/GitHub/AidansRepo/TeensySwerve/install/stereo_msgs/include/stereo_msgs/stereo_msgs/msg/detail
[8.738s] -- Up-to-date: /home/aidan/GitHub/AidansRepo/TeensySwerve/install/stereo_msgs/include/stereo_msgs/stereo_msgs/msg/detail/disparity_image__rosidl_typesupport_fastrtps_c.h
[8.742s] -- Up-to-date: /home/aidan/GitHub/AidansRepo/TeensySwerve/install/stereo_msgs/lib/libstereo_msgs__rosidl_typesupport_fastrtps_c.so
[8.743s] -- Up-to-date: /home/aidan/GitHub/AidansRepo/TeensySwerve/install/stereo_msgs/include/stereo_msgs/stereo_msgs
[8.743s] -- Up-to-date: /home/aidan/GitHub/AidansRepo/TeensySwerve/install/stereo_msgs/include/stereo_msgs/stereo_msgs/msg
[8.743s] -- Up-to-date: /home/aidan/GitHub/AidansRepo/TeensySwerve/install/stereo_msgs/include/stereo_msgs/stereo_msgs/msg/detail
[8.744s] -- Up-to-date: /home/aidan/GitHub/AidansRepo/TeensySwerve/install/stereo_msgs/include/stereo_msgs/stereo_msgs/msg/detail/disparity_image__rosidl_typesupport_introspection_c.h
[8.744s] -- Up-to-date: /home/aidan/GitHub/AidansRepo/TeensySwerve/install/stereo_msgs/include/stereo_msgs/stereo_msgs/msg/detail/disparity_image__type_support.c
[8.745s] -- Up-to-date: /home/aidan/GitHub/AidansRepo/TeensySwerve/install/stereo_msgs/include/stereo_msgs/stereo_msgs/msg/rosidl_typesupport_introspection_c__visibility_control.h
[8.746s] -- Up-to-date: /home/aidan/GitHub/AidansRepo/TeensySwerve/install/stereo_msgs/lib/libstereo_msgs__rosidl_typesupport_introspection_c.so
[8.746s] -- Up-to-date: /home/aidan/GitHub/AidansRepo/TeensySwerve/install/stereo_msgs/lib/libstereo_msgs__rosidl_typesupport_c.so
[8.746s] -- Up-to-date: /home/aidan/GitHub/AidansRepo/TeensySwerve/install/stereo_msgs/include/stereo_msgs/stereo_msgs
[8.746s] -- Up-to-date: /home/aidan/GitHub/AidansRepo/TeensySwerve/install/stereo_msgs/include/stereo_msgs/stereo_msgs/msg
[8.746s] -- Up-to-date: /home/aidan/GitHub/AidansRepo/TeensySwerve/install/stereo_msgs/include/stereo_msgs/stereo_msgs/msg/disparity_image.hpp
[8.747s] -- Up-to-date: /home/aidan/GitHub/AidansRepo/TeensySwerve/install/stereo_msgs/include/stereo_msgs/stereo_msgs/msg/detail
[8.747s] -- Up-to-date: /home/aidan/GitHub/AidansRepo/TeensySwerve/install/stereo_msgs/include/stereo_msgs/stereo_msgs/msg/detail/disparity_image__traits.hpp
[8.747s] -- Up-to-date: /home/aidan/GitHub/AidansRepo/TeensySwerve/install/stereo_msgs/include/stereo_msgs/stereo_msgs/msg/detail/disparity_image__struct.hpp
[8.747s] -- Up-to-date: /home/aidan/GitHub/AidansRepo/TeensySwerve/install/stereo_msgs/include/stereo_msgs/stereo_msgs/msg/detail/disparity_image__builder.hpp
[8.748s] -- Up-to-date: /home/aidan/GitHub/AidansRepo/TeensySwerve/install/stereo_msgs/include/stereo_msgs/stereo_msgs/msg/detail/disparity_image__type_support.hpp
[8.748s] -- Up-to-date: /home/aidan/GitHub/AidansRepo/TeensySwerve/install/stereo_msgs/include/stereo_msgs/stereo_msgs/msg/rosidl_generator_cpp__visibility_control.hpp
[8.748s] -- Up-to-date: /home/aidan/GitHub/AidansRepo/TeensySwerve/install/stereo_msgs/include/stereo_msgs/stereo_msgs
[8.748s] -- Up-to-date: /home/aidan/GitHub/AidansRepo/TeensySwerve/install/stereo_msgs/include/stereo_msgs/stereo_msgs/msg
[8.748s] -- Up-to-date: /home/aidan/GitHub/AidansRepo/TeensySwerve/install/stereo_msgs/include/stereo_msgs/stereo_msgs/msg/rosidl_typesupport_fastrtps_cpp__visibility_control.h
[8.748s] -- Up-to-date: /home/aidan/GitHub/AidansRepo/TeensySwerve/install/stereo_msgs/include/stereo_msgs/stereo_msgs/msg/detail
[8.748s] -- Up-to-date: /home/aidan/GitHub/AidansRepo/TeensySwerve/install/stereo_msgs/include/stereo_msgs/stereo_msgs/msg/detail/disparity_image__rosidl_typesupport_fastrtps_cpp.hpp
[8.749s] -- Up-to-date: /home/aidan/GitHub/AidansRepo/TeensySwerve/install/stereo_msgs/include/stereo_msgs/stereo_msgs/msg/detail/dds_fastrtps
[8.749s] -- Up-to-date: /home/aidan/GitHub/AidansRepo/TeensySwerve/install/stereo_msgs/lib/libstereo_msgs__rosidl_typesupport_fastrtps_cpp.so
[8.749s] -- Up-to-date: /home/aidan/GitHub/AidansRepo/TeensySwerve/install/stereo_msgs/include/stereo_msgs/stereo_msgs
[8.749s] -- Up-to-date: /home/aidan/GitHub/AidansRepo/TeensySwerve/install/stereo_msgs/include/stereo_msgs/stereo_msgs/msg
[8.749s] -- Up-to-date: /home/aidan/GitHub/AidansRepo/TeensySwerve/install/stereo_msgs/include/stereo_msgs/stereo_msgs/msg/detail
[8.749s] -- Up-to-date: /home/aidan/GitHub/AidansRepo/TeensySwerve/install/stereo_msgs/include/stereo_msgs/stereo_msgs/msg/detail/disparity_image__rosidl_typesupport_introspection_cpp.hpp
[8.749s] -- Up-to-date: /home/aidan/GitHub/AidansRepo/TeensySwerve/install/stereo_msgs/include/stereo_msgs/stereo_msgs/msg/detail/disparity_image__type_support.cpp
[8.750s] -- Up-to-date: /home/aidan/GitHub/AidansRepo/TeensySwerve/install/stereo_msgs/lib/libstereo_msgs__rosidl_typesupport_introspection_cpp.so
[8.750s] -- Up-to-date: /home/aidan/GitHub/AidansRepo/TeensySwerve/install/stereo_msgs/lib/libstereo_msgs__rosidl_typesupport_cpp.so
[8.750s] -- Up-to-date: /home/aidan/GitHub/AidansRepo/TeensySwerve/install/stereo_msgs/share/stereo_msgs/environment/pythonpath.sh
[8.750s] -- Up-to-date: /home/aidan/GitHub/AidansRepo/TeensySwerve/install/stereo_msgs/share/stereo_msgs/environment/pythonpath.dsv
[8.750s] -- Up-to-date: /home/aidan/GitHub/AidansRepo/TeensySwerve/install/stereo_msgs/local/lib/python3.10/dist-packages/stereo_msgs-4.8.0-py3.10.egg-info
[8.750s] -- Installing: /home/aidan/GitHub/AidansRepo/TeensySwerve/install/stereo_msgs/local/lib/python3.10/dist-packages/stereo_msgs-4.8.0-py3.10.egg-info/PKG-INFO
[8.755s] -- Installing: /home/aidan/GitHub/AidansRepo/TeensySwerve/install/stereo_msgs/local/lib/python3.10/dist-packages/stereo_msgs-4.8.0-py3.10.egg-info/SOURCES.txt
[8.755s] -- Installing: /home/aidan/GitHub/AidansRepo/TeensySwerve/install/stereo_msgs/local/lib/python3.10/dist-packages/stereo_msgs-4.8.0-py3.10.egg-info/dependency_links.txt
[8.759s] -- Installing: /home/aidan/GitHub/AidansRepo/TeensySwerve/install/stereo_msgs/local/lib/python3.10/dist-packages/stereo_msgs-4.8.0-py3.10.egg-info/top_level.txt
[8.765s] -- Up-to-date: /home/aidan/GitHub/AidansRepo/TeensySwerve/install/stereo_msgs/local/lib/python3.10/dist-packages/stereo_msgs
[8.765s] -- Up-to-date: /home/aidan/GitHub/AidansRepo/TeensySwerve/install/stereo_msgs/local/lib/python3.10/dist-packages/stereo_msgs/stereo_msgs_s__rosidl_typesupport_introspection_c.cpython-310-x86_64-linux-gnu.so
[8.766s] -- Up-to-date: /home/aidan/GitHub/AidansRepo/TeensySwerve/install/stereo_msgs/local/lib/python3.10/dist-packages/stereo_msgs/stereo_msgs_s__rosidl_typesupport_fastrtps_c.cpython-310-x86_64-linux-gnu.so
[8.766s] -- Up-to-date: /home/aidan/GitHub/AidansRepo/TeensySwerve/install/stereo_msgs/local/lib/python3.10/dist-packages/stereo_msgs/__init__.py
[8.766s] -- Up-to-date: /home/aidan/GitHub/AidansRepo/TeensySwerve/install/stereo_msgs/local/lib/python3.10/dist-packages/stereo_msgs/_stereo_msgs_s.ep.rosidl_typesupport_c.c
[8.767s] -- Up-to-date: /home/aidan/GitHub/AidansRepo/TeensySwerve/install/stereo_msgs/local/lib/python3.10/dist-packages/stereo_msgs/stereo_msgs_s__rosidl_typesupport_c.cpython-310-x86_64-linux-gnu.so
[8.767s] -- Up-to-date: /home/aidan/GitHub/AidansRepo/TeensySwerve/install/stereo_msgs/local/lib/python3.10/dist-packages/stereo_msgs/msg
[8.768s] -- Up-to-date: /home/aidan/GitHub/AidansRepo/TeensySwerve/install/stereo_msgs/local/lib/python3.10/dist-packages/stereo_msgs/msg/_disparity_image_s.c
[8.768s] -- Up-to-date: /home/aidan/GitHub/AidansRepo/TeensySwerve/install/stereo_msgs/local/lib/python3.10/dist-packages/stereo_msgs/msg/__init__.py
[8.768s] -- Up-to-date: /home/aidan/GitHub/AidansRepo/TeensySwerve/install/stereo_msgs/local/lib/python3.10/dist-packages/stereo_msgs/msg/_disparity_image.py
[8.769s] -- Up-to-date: /home/aidan/GitHub/AidansRepo/TeensySwerve/install/stereo_msgs/local/lib/python3.10/dist-packages/stereo_msgs/_stereo_msgs_s.ep.rosidl_typesupport_fastrtps_c.c
[8.769s] -- Up-to-date: /home/aidan/GitHub/AidansRepo/TeensySwerve/install/stereo_msgs/local/lib/python3.10/dist-packages/stereo_msgs/_stereo_msgs_s.ep.rosidl_typesupport_introspection_c.c
[8.769s] -- Up-to-date: /home/aidan/GitHub/AidansRepo/TeensySwerve/install/stereo_msgs/local/lib/python3.10/dist-packages/stereo_msgs/libstereo_msgs__rosidl_generator_py.so
[9.146s] Listing '/home/aidan/GitHub/AidansRepo/TeensySwerve/install/stereo_msgs/local/lib/python3.10/dist-packages/stereo_msgs'...
[9.146s] Listing '/home/aidan/GitHub/AidansRepo/TeensySwerve/install/stereo_msgs/local/lib/python3.10/dist-packages/stereo_msgs/msg'...
[9.201s] -- Up-to-date: /home/aidan/GitHub/AidansRepo/TeensySwerve/install/stereo_msgs/local/lib/python3.10/dist-packages/stereo_msgs/stereo_msgs_s__rosidl_typesupport_fastrtps_c.cpython-310-x86_64-linux-gnu.so
[9.201s] -- Up-to-date: /home/aidan/GitHub/AidansRepo/TeensySwerve/install/stereo_msgs/local/lib/python3.10/dist-packages/stereo_msgs/stereo_msgs_s__rosidl_typesupport_introspection_c.cpython-310-x86_64-linux-gnu.so
[9.213s] -- Up-to-date: /home/aidan/GitHub/AidansRepo/TeensySwerve/install/stereo_msgs/local/lib/python3.10/dist-packages/stereo_msgs/stereo_msgs_s__rosidl_typesupport_c.cpython-310-x86_64-linux-gnu.so
[9.213s] -- Up-to-date: /home/aidan/GitHub/AidansRepo/TeensySwerve/install/stereo_msgs/lib/libstereo_msgs__rosidl_generator_py.so
[9.219s] -- Up-to-date: /home/aidan/GitHub/AidansRepo/TeensySwerve/install/stereo_msgs/share/stereo_msgs/msg/DisparityImage.idl
[9.223s] -- Up-to-date: /home/aidan/GitHub/AidansRepo/TeensySwerve/install/stereo_msgs/share/stereo_msgs/msg/DisparityImage.msg
[9.224s] -- Up-to-date: /home/aidan/GitHub/AidansRepo/TeensySwerve/install/stereo_msgs/share/ament_index/resource_index/package_run_dependencies/stereo_msgs
[9.224s] -- Up-to-date: /home/aidan/GitHub/AidansRepo/TeensySwerve/install/stereo_msgs/share/ament_index/resource_index/parent_prefix_path/stereo_msgs
[9.224s] -- Up-to-date: /home/aidan/GitHub/AidansRepo/TeensySwerve/install/stereo_msgs/share/stereo_msgs/environment/ament_prefix_path.sh
[9.230s] -- Up-to-date: /home/aidan/GitHub/AidansRepo/TeensySwerve/install/stereo_msgs/share/stereo_msgs/environment/ament_prefix_path.dsv
[9.231s] -- Up-to-date: /home/aidan/GitHub/AidansRepo/TeensySwerve/install/stereo_msgs/share/stereo_msgs/environment/path.sh
[9.232s] -- Up-to-date: /home/aidan/GitHub/AidansRepo/TeensySwerve/install/stereo_msgs/share/stereo_msgs/environment/path.dsv
[9.250s] -- Up-to-date: /home/aidan/GitHub/AidansRepo/TeensySwerve/install/stereo_msgs/share/stereo_msgs/local_setup.bash
[9.255s] -- Up-to-date: /home/aidan/GitHub/AidansRepo/TeensySwerve/install/stereo_msgs/share/stereo_msgs/local_setup.sh
[9.256s] -- Up-to-date: /home/aidan/GitHub/AidansRepo/TeensySwerve/install/stereo_msgs/share/stereo_msgs/local_setup.zsh
[9.256s] -- Up-to-date: /home/aidan/GitHub/AidansRepo/TeensySwerve/install/stereo_msgs/share/stereo_msgs/local_setup.dsv
[9.256s] -- Installing: /home/aidan/GitHub/AidansRepo/TeensySwerve/install/stereo_msgs/share/stereo_msgs/package.dsv
[9.256s] -- Up-to-date: /home/aidan/GitHub/AidansRepo/TeensySwerve/install/stereo_msgs/share/ament_index/resource_index/packages/stereo_msgs
[9.256s] -- Up-to-date: /home/aidan/GitHub/AidansRepo/TeensySwerve/install/stereo_msgs/share/stereo_msgs/cmake/export_stereo_msgs__rosidl_generator_cExport.cmake
[9.257s] -- Up-to-date: /home/aidan/GitHub/AidansRepo/TeensySwerve/install/stereo_msgs/share/stereo_msgs/cmake/export_stereo_msgs__rosidl_generator_cExport-noconfig.cmake
[9.257s] -- Up-to-date: /home/aidan/GitHub/AidansRepo/TeensySwerve/install/stereo_msgs/share/stereo_msgs/cmake/export_stereo_msgs__rosidl_typesupport_fastrtps_cExport.cmake
[9.262s] -- Up-to-date: /home/aidan/GitHub/AidansRepo/TeensySwerve/install/stereo_msgs/share/stereo_msgs/cmake/export_stereo_msgs__rosidl_typesupport_fastrtps_cExport-noconfig.cmake
[9.264s] -- Up-to-date: /home/aidan/GitHub/AidansRepo/TeensySwerve/install/stereo_msgs/share/stereo_msgs/cmake/stereo_msgs__rosidl_typesupport_introspection_cExport.cmake
[9.264s] -- Up-to-date: /home/aidan/GitHub/AidansRepo/TeensySwerve/install/stereo_msgs/share/stereo_msgs/cmake/stereo_msgs__rosidl_typesupport_introspection_cExport-noconfig.cmake
[9.265s] -- Up-to-date: /home/aidan/GitHub/AidansRepo/TeensySwerve/install/stereo_msgs/share/stereo_msgs/cmake/stereo_msgs__rosidl_typesupport_cExport.cmake
[9.265s] -- Up-to-date: /home/aidan/GitHub/AidansRepo/TeensySwerve/install/stereo_msgs/share/stereo_msgs/cmake/stereo_msgs__rosidl_typesupport_cExport-noconfig.cmake
[9.265s] -- Up-to-date: /home/aidan/GitHub/AidansRepo/TeensySwerve/install/stereo_msgs/share/stereo_msgs/cmake/export_stereo_msgs__rosidl_generator_cppExport.cmake
[9.268s] -- Up-to-date: /home/aidan/GitHub/AidansRepo/TeensySwerve/install/stereo_msgs/share/stereo_msgs/cmake/export_stereo_msgs__rosidl_typesupport_fastrtps_cppExport.cmake
[9.268s] -- Up-to-date: /home/aidan/GitHub/AidansRepo/TeensySwerve/install/stereo_msgs/share/stereo_msgs/cmake/export_stereo_msgs__rosidl_typesupport_fastrtps_cppExport-noconfig.cmake
[9.268s] -- Up-to-date: /home/aidan/GitHub/AidansRepo/TeensySwerve/install/stereo_msgs/share/stereo_msgs/cmake/stereo_msgs__rosidl_typesupport_introspection_cppExport.cmake
[9.268s] -- Up-to-date: /home/aidan/GitHub/AidansRepo/TeensySwerve/install/stereo_msgs/share/stereo_msgs/cmake/stereo_msgs__rosidl_typesupport_introspection_cppExport-noconfig.cmake
[9.269s] -- Up-to-date: /home/aidan/GitHub/AidansRepo/TeensySwerve/install/stereo_msgs/share/stereo_msgs/cmake/stereo_msgs__rosidl_typesupport_cppExport.cmake
[9.269s] -- Up-to-date: /home/aidan/GitHub/AidansRepo/TeensySwerve/install/stereo_msgs/share/stereo_msgs/cmake/stereo_msgs__rosidl_typesupport_cppExport-noconfig.cmake
[9.269s] -- Up-to-date: /home/aidan/GitHub/AidansRepo/TeensySwerve/install/stereo_msgs/share/stereo_msgs/cmake/export_stereo_msgs__rosidl_generator_pyExport.cmake
[9.278s] -- Up-to-date: /home/aidan/GitHub/AidansRepo/TeensySwerve/install/stereo_msgs/share/stereo_msgs/cmake/export_stereo_msgs__rosidl_generator_pyExport-noconfig.cmake
[9.278s] -- Up-to-date: /home/aidan/GitHub/AidansRepo/TeensySwerve/install/stereo_msgs/share/stereo_msgs/cmake/rosidl_cmake-extras.cmake
[9.279s] -- Up-to-date: /home/aidan/GitHub/AidansRepo/TeensySwerve/install/stereo_msgs/share/stereo_msgs/cmake/ament_cmake_export_dependencies-extras.cmake
[9.279s] -- Up-to-date: /home/aidan/GitHub/AidansRepo/TeensySwerve/install/stereo_msgs/share/stereo_msgs/cmake/ament_cmake_export_include_directories-extras.cmake
[9.279s] -- Up-to-date: /home/aidan/GitHub/AidansRepo/TeensySwerve/install/stereo_msgs/share/stereo_msgs/cmake/ament_cmake_export_libraries-extras.cmake
[9.279s] -- Up-to-date: /home/aidan/GitHub/AidansRepo/TeensySwerve/install/stereo_msgs/share/stereo_msgs/cmake/ament_cmake_export_targets-extras.cmake
[9.279s] -- Up-to-date: /home/aidan/GitHub/AidansRepo/TeensySwerve/install/stereo_msgs/share/stereo_msgs/cmake/rosidl_cmake_export_typesupport_targets-extras.cmake
[9.284s] -- Up-to-date: /home/aidan/GitHub/AidansRepo/TeensySwerve/install/stereo_msgs/share/stereo_msgs/cmake/rosidl_cmake_export_typesupport_libraries-extras.cmake
[9.284s] -- Up-to-date: /home/aidan/GitHub/AidansRepo/TeensySwerve/install/stereo_msgs/share/stereo_msgs/cmake/stereo_msgsConfig.cmake
[9.285s] -- Up-to-date: /home/aidan/GitHub/AidansRepo/TeensySwerve/install/stereo_msgs/share/stereo_msgs/cmake/stereo_msgsConfig-version.cmake
[9.285s] -- Up-to-date: /home/aidan/GitHub/AidansRepo/TeensySwerve/install/stereo_msgs/share/stereo_msgs/package.xml
[9.338s] Invoked command in '/home/aidan/GitHub/AidansRepo/TeensySwerve/build/stereo_msgs' returned '0': CMAKE_PREFIX_PATH=/home/aidan/GitHub/AidansRepo/TeensySwerve/install/sensor_msgs:/home/aidan/GitHub/AidansRepo/TeensySwerve/install/geometry_msgs:/home/aidan/GitHub/AidansRepo/TeensySwerve/install/std_msgs:/home/aidan/GitHub/AidansRepo/TeensySwerve/install/builtin_interfaces:/home/aidan/GitHub/AidansRepo/TeensySwerve/install/micro_ros_demos_rclc:/home/aidan/GitHub/AidansRepo/TeensySwerve/install/common_interfaces:/home/aidan/GitHub/AidansRepo/TeensySwerve/install/visualization_msgs:/home/aidan/GitHub/AidansRepo/TeensySwerve/install/test_msgs:/home/aidan/GitHub/AidansRepo/TeensySwerve/install/example_interfaces:/home/aidan/GitHub/AidansRepo/TeensySwerve/install/action_msgs:/home/aidan/GitHub/AidansRepo/TeensySwerve/install/unique_identifier_msgs:/home/aidan/GitHub/AidansRepo/TeensySwerve/install/trajectory_msgs:/home/aidan/GitHub/AidansRepo/TeensySwerve/install/stereo_msgs:/home/aidan/GitHub/AidansRepo/TeensySwerve/install/std_srvs:/home/aidan/GitHub/AidansRepo/TeensySwerve/install/shape_msgs:/home/aidan/GitHub/AidansRepo/TeensySwerve/install/nav_msgs:/home/aidan/GitHub/AidansRepo/TeensySwerve/install/diagnostic_msgs:/home/aidan/GitHub/AidansRepo/TeensySwerve/install/actionlib_msgs:/home/aidan/GitHub/AidansRepo/TeensySwerve/install/statistics_msgs:/home/aidan/GitHub/AidansRepo/TeensySwerve/install/rosidl_typesupport_microxrcedds_test_msg:/home/aidan/GitHub/AidansRepo/TeensySwerve/install/rosidl_typesupport_microxrcedds_cpp_tests:/home/aidan/GitHub/AidansRepo/TeensySwerve/install/rmw_microxrcedds:/home/aidan/GitHub/AidansRepo/TeensySwerve/install/rosidl_typesupport_microxrcedds_cpp:/home/aidan/GitHub/AidansRepo/TeensySwerve/install/rosidl_typesupport_microxrcedds_c_tests:/home/aidan/GitHub/AidansRepo/TeensySwerve/install/rosidl_typesupport_microxrcedds_c:/home/aidan/GitHub/AidansRepo/TeensySwerve/install/rosgraph_msgs:/home/aidan/GitHub/AidansRepo/TeensySwerve/install/rclc_parameter:/home/aidan/GitHub/AidansRepo/TeensySwerve/install/rclc:/home/aidan/GitHub/AidansRepo/TeensySwerve/install/composition_interfaces:/home/aidan/GitHub/AidansRepo/TeensySwerve/install/rcl_interfaces:/home/aidan/GitHub/AidansRepo/TeensySwerve/install/microxrcedds_client:/home/aidan/GitHub/AidansRepo/TeensySwerve/install/microcdr:/home/aidan/GitHub/AidansRepo/TeensySwerve/install/micro_ros_utilities:/home/aidan/GitHub/AidansRepo/TeensySwerve/install/micro_ros_msgs:/home/aidan/GitHub/AidansRepo/TeensySwerve/install/lifecycle_msgs:/home/aidan/GitHub/AidansRepo/TeensySwerve/install/complex_msgs:/home/aidan/GitHub/AidansRepo/TeensySwerve/install/tnsy_interfaces:/home/aidan/microros_ws/install/micro_ros_setup:/home/aidan/microros_ws/install/micro_ros_agent:/home/aidan/microros_ws/install/micro_ros_msgs:/home/aidan/GitHub/AidansRepo/TeensySwerve/install/sensor_msgs_py:/home/aidan/GitHub/AidansRepo/TeensySwerve/install/tnsy_swrv_controller:/opt/ros/humble LD_LIBRARY_PATH=/home/aidan/GitHub/AidansRepo/TeensySwerve/install/sensor_msgs/lib:/home/aidan/GitHub/AidansRepo/TeensySwerve/install/geometry_msgs/lib:/home/aidan/GitHub/AidansRepo/TeensySwerve/install/std_msgs/lib:/home/aidan/GitHub/AidansRepo/TeensySwerve/install/builtin_interfaces/lib:/home/aidan/GitHub/AidansRepo/TeensySwerve/install/visualization_msgs/lib:/home/aidan/GitHub/AidansRepo/TeensySwerve/install/test_msgs/lib:/home/aidan/GitHub/AidansRepo/TeensySwerve/install/example_interfaces/lib:/home/aidan/GitHub/AidansRepo/TeensySwerve/install/action_msgs/lib:/home/aidan/GitHub/AidansRepo/TeensySwerve/install/unique_identifier_msgs/lib:/home/aidan/GitHub/AidansRepo/TeensySwerve/install/trajectory_msgs/lib:/home/aidan/GitHub/AidansRepo/TeensySwerve/install/stereo_msgs/lib:/home/aidan/GitHub/AidansRepo/TeensySwerve/install/std_srvs/lib:/home/aidan/GitHub/AidansRepo/TeensySwerve/install/shape_msgs/lib:/home/aidan/GitHub/AidansRepo/TeensySwerve/install/nav_msgs/lib:/home/aidan/GitHub/AidansRepo/TeensySwerve/install/diagnostic_msgs/lib:/home/aidan/GitHub/AidansRepo/TeensySwerve/install/actionlib_msgs/lib:/home/aidan/GitHub/AidansRepo/TeensySwerve/install/statistics_msgs/lib:/home/aidan/GitHub/AidansRepo/TeensySwerve/install/rosidl_typesupport_microxrcedds_test_msg/lib:/home/aidan/GitHub/AidansRepo/TeensySwerve/install/rmw_microxrcedds/lib:/home/aidan/GitHub/AidansRepo/TeensySwerve/install/rosidl_typesupport_microxrcedds_cpp/lib:/home/aidan/GitHub/AidansRepo/TeensySwerve/install/rosidl_typesupport_microxrcedds_c/lib:/home/aidan/GitHub/AidansRepo/TeensySwerve/install/rosgraph_msgs/lib:/home/aidan/GitHub/AidansRepo/TeensySwerve/install/rclc_parameter/lib:/home/aidan/GitHub/AidansRepo/TeensySwerve/install/rclc/lib:/home/aidan/GitHub/AidansRepo/TeensySwerve/install/composition_interfaces/lib:/home/aidan/GitHub/AidansRepo/TeensySwerve/install/rcl_interfaces/lib:/home/aidan/GitHub/AidansRepo/TeensySwerve/install/micro_ros_utilities/lib:/home/aidan/GitHub/AidansRepo/TeensySwerve/install/micro_ros_msgs/lib:/home/aidan/GitHub/AidansRepo/TeensySwerve/install/lifecycle_msgs/lib:/home/aidan/GitHub/AidansRepo/TeensySwerve/install/complex_msgs/lib:/home/aidan/GitHub/AidansRepo/TeensySwerve/install/tnsy_interfaces/lib:/home/aidan/microros_ws/install/micro_ros_agent/lib:/home/aidan/microros_ws/install/micro_ros_msgs/lib:/opt/ros/humble/opt/rviz_ogre_vendor/lib:/opt/ros/humble/lib/x86_64-linux-gnu:/opt/ros/humble/lib /usr/bin/cmake --install /home/aidan/GitHub/AidansRepo/TeensySwerve/build/stereo_msgs
