[0.204s] Invoking command in '/home/aidan/GitHub/AidansRepo/TeensySwerve/build/shape_msgs': CMAKE_PREFIX_PATH=/home/aidan/GitHub/AidansRepo/TeensySwerve/install/geometry_msgs:/home/aidan/GitHub/AidansRepo/TeensySwerve/install/std_msgs:/home/aidan/GitHub/AidansRepo/TeensySwerve/install/builtin_interfaces:/home/aidan/GitHub/AidansRepo/TeensySwerve/install/micro_ros_demos_rclc:/home/aidan/GitHub/AidansRepo/TeensySwerve/install/common_interfaces:/home/aidan/GitHub/AidansRepo/TeensySwerve/install/visualization_msgs:/home/aidan/GitHub/AidansRepo/TeensySwerve/install/test_msgs:/home/aidan/GitHub/AidansRepo/TeensySwerve/install/example_interfaces:/home/aidan/GitHub/AidansRepo/TeensySwerve/install/action_msgs:/home/aidan/GitHub/AidansRepo/TeensySwerve/install/unique_identifier_msgs:/home/aidan/GitHub/AidansRepo/TeensySwerve/install/trajectory_msgs:/home/aidan/GitHub/AidansRepo/TeensySwerve/install/stereo_msgs:/home/aidan/GitHub/AidansRepo/TeensySwerve/install/std_srvs:/home/aidan/GitHub/AidansRepo/TeensySwerve/install/shape_msgs:/home/aidan/GitHub/AidansRepo/TeensySwerve/install/sensor_msgs:/home/aidan/GitHub/AidansRepo/TeensySwerve/install/nav_msgs:/home/aidan/GitHub/AidansRepo/TeensySwerve/install/diagnostic_msgs:/home/aidan/GitHub/AidansRepo/TeensySwerve/install/actionlib_msgs:/home/aidan/GitHub/AidansRepo/TeensySwerve/install/statistics_msgs:/home/aidan/GitHub/AidansRepo/TeensySwerve/install/rosidl_typesupport_microxrcedds_test_msg:/home/aidan/GitHub/AidansRepo/TeensySwerve/install/rosidl_typesupport_microxrcedds_cpp_tests:/home/aidan/GitHub/AidansRepo/TeensySwerve/install/rmw_microxrcedds:/home/aidan/GitHub/AidansRepo/TeensySwerve/install/rosidl_typesupport_microxrcedds_cpp:/home/aidan/GitHub/AidansRepo/TeensySwerve/install/rosidl_typesupport_microxrcedds_c_tests:/home/aidan/GitHub/AidansRepo/TeensySwerve/install/rosidl_typesupport_microxrcedds_c:/home/aidan/GitHub/AidansRepo/TeensySwerve/install/rosgraph_msgs:/home/aidan/GitHub/AidansRepo/TeensySwerve/install/rclc_parameter:/home/aidan/GitHub/AidansRepo/TeensySwerve/install/rclc:/home/aidan/GitHub/AidansRepo/TeensySwerve/install/composition_interfaces:/home/aidan/GitHub/AidansRepo/TeensySwerve/install/rcl_interfaces:/home/aidan/GitHub/AidansRepo/TeensySwerve/install/microxrcedds_client:/home/aidan/GitHub/AidansRepo/TeensySwerve/install/microcdr:/home/aidan/GitHub/AidansRepo/TeensySwerve/install/micro_ros_utilities:/home/aidan/GitHub/AidansRepo/TeensySwerve/install/micro_ros_msgs:/home/aidan/GitHub/AidansRepo/TeensySwerve/install/lifecycle_msgs:/home/aidan/GitHub/AidansRepo/TeensySwerve/install/complex_msgs:/home/aidan/GitHub/AidansRepo/TeensySwerve/install/tnsy_interfaces:/home/aidan/microros_ws/install/micro_ros_setup:/home/aidan/microros_ws/install/micro_ros_agent:/home/aidan/microros_ws/install/micro_ros_msgs:/home/aidan/GitHub/AidansRepo/TeensySwerve/install/sensor_msgs_py:/home/aidan/GitHub/AidansRepo/TeensySwerve/install/tnsy_swrv_controller:/opt/ros/humble LD_LIBRARY_PATH=/home/aidan/GitHub/AidansRepo/TeensySwerve/install/geometry_msgs/lib:/home/aidan/GitHub/AidansRepo/TeensySwerve/install/std_msgs/lib:/home/aidan/GitHub/AidansRepo/TeensySwerve/install/builtin_interfaces/lib:/home/aidan/GitHub/AidansRepo/TeensySwerve/install/visualization_msgs/lib:/home/aidan/GitHub/AidansRepo/TeensySwerve/install/test_msgs/lib:/home/aidan/GitHub/AidansRepo/TeensySwerve/install/example_interfaces/lib:/home/aidan/GitHub/AidansRepo/TeensySwerve/install/action_msgs/lib:/home/aidan/GitHub/AidansRepo/TeensySwerve/install/unique_identifier_msgs/lib:/home/aidan/GitHub/AidansRepo/TeensySwerve/install/trajectory_msgs/lib:/home/aidan/GitHub/AidansRepo/TeensySwerve/install/stereo_msgs/lib:/home/aidan/GitHub/AidansRepo/TeensySwerve/install/std_srvs/lib:/home/aidan/GitHub/AidansRepo/TeensySwerve/install/shape_msgs/lib:/home/aidan/GitHub/AidansRepo/TeensySwerve/install/sensor_msgs/lib:/home/aidan/GitHub/AidansRepo/TeensySwerve/install/nav_msgs/lib:/home/aidan/GitHub/AidansRepo/TeensySwerve/install/diagnostic_msgs/lib:/home/aidan/GitHub/AidansRepo/TeensySwerve/install/actionlib_msgs/lib:/home/aidan/GitHub/AidansRepo/TeensySwerve/install/statistics_msgs/lib:/home/aidan/GitHub/AidansRepo/TeensySwerve/install/rosidl_typesupport_microxrcedds_test_msg/lib:/home/aidan/GitHub/AidansRepo/TeensySwerve/install/rmw_microxrcedds/lib:/home/aidan/GitHub/AidansRepo/TeensySwerve/install/rosidl_typesupport_microxrcedds_cpp/lib:/home/aidan/GitHub/AidansRepo/TeensySwerve/install/rosidl_typesupport_microxrcedds_c/lib:/home/aidan/GitHub/AidansRepo/TeensySwerve/install/rosgraph_msgs/lib:/home/aidan/GitHub/AidansRepo/TeensySwerve/install/rclc_parameter/lib:/home/aidan/GitHub/AidansRepo/TeensySwerve/install/rclc/lib:/home/aidan/GitHub/AidansRepo/TeensySwerve/install/composition_interfaces/lib:/home/aidan/GitHub/AidansRepo/TeensySwerve/install/rcl_interfaces/lib:/home/aidan/GitHub/AidansRepo/TeensySwerve/install/micro_ros_utilities/lib:/home/aidan/GitHub/AidansRepo/TeensySwerve/install/micro_ros_msgs/lib:/home/aidan/GitHub/AidansRepo/TeensySwerve/install/lifecycle_msgs/lib:/home/aidan/GitHub/AidansRepo/TeensySwerve/install/complex_msgs/lib:/home/aidan/GitHub/AidansRepo/TeensySwerve/install/tnsy_interfaces/lib:/home/aidan/microros_ws/install/micro_ros_agent/lib:/home/aidan/microros_ws/install/micro_ros_msgs/lib:/opt/ros/humble/opt/rviz_ogre_vendor/lib:/opt/ros/humble/lib/x86_64-linux-gnu:/opt/ros/humble/lib /usr/bin/cmake --build /home/aidan/GitHub/AidansRepo/TeensySwerve/build/shape_msgs -- -j4 -l4
[0.756s] [  1%] Built target shape_msgs__cpp
[1.069s] [  1%] Built target ament_cmake_python_copy_shape_msgs
[1.301s] [ 12%] Built target shape_msgs__rosidl_typesupport_fastrtps_cpp
[1.530s] [ 23%] Built target shape_msgs__rosidl_typesupport_introspection_cpp
[3.963s] running egg_info
[3.963s] writing shape_msgs.egg-info/PKG-INFO
[3.964s] writing dependency_links to shape_msgs.egg-info/dependency_links.txt
[3.964s] writing top-level names to shape_msgs.egg-info/top_level.txt
[3.996s] reading manifest file 'shape_msgs.egg-info/SOURCES.txt'
[4.002s] writing manifest file 'shape_msgs.egg-info/SOURCES.txt'
[4.055s] [ 23%] Built target ament_cmake_python_build_shape_msgs_egg
[4.197s] [ 34%] Built target shape_msgs__rosidl_typesupport_cpp
[4.341s] [ 45%] Built target shape_msgs__rosidl_generator_c
[4.511s] [ 56%] Built target shape_msgs__rosidl_typesupport_fastrtps_c
[4.677s] [ 67%] Built target shape_msgs__rosidl_typesupport_c
[4.804s] [ 78%] Built target shape_msgs__rosidl_typesupport_introspection_c
[4.914s] [ 78%] Built target shape_msgs
[5.042s] [ 80%] Built target shape_msgs__py
[5.230s] [ 89%] Built target shape_msgs__rosidl_generator_py
[5.361s] [ 92%] Built target shape_msgs__rosidl_typesupport_fastrtps_c__pyext
[5.546s] [ 96%] Built target shape_msgs__rosidl_typesupport_c__pyext
[5.738s] [100%] Built target shape_msgs__rosidl_typesupport_introspection_c__pyext
[5.837s] Invoked command in '/home/aidan/GitHub/AidansRepo/TeensySwerve/build/shape_msgs' returned '0': CMAKE_PREFIX_PATH=/home/aidan/GitHub/AidansRepo/TeensySwerve/install/geometry_msgs:/home/aidan/GitHub/AidansRepo/TeensySwerve/install/std_msgs:/home/aidan/GitHub/AidansRepo/TeensySwerve/install/builtin_interfaces:/home/aidan/GitHub/AidansRepo/TeensySwerve/install/micro_ros_demos_rclc:/home/aidan/GitHub/AidansRepo/TeensySwerve/install/common_interfaces:/home/aidan/GitHub/AidansRepo/TeensySwerve/install/visualization_msgs:/home/aidan/GitHub/AidansRepo/TeensySwerve/install/test_msgs:/home/aidan/GitHub/AidansRepo/TeensySwerve/install/example_interfaces:/home/aidan/GitHub/AidansRepo/TeensySwerve/install/action_msgs:/home/aidan/GitHub/AidansRepo/TeensySwerve/install/unique_identifier_msgs:/home/aidan/GitHub/AidansRepo/TeensySwerve/install/trajectory_msgs:/home/aidan/GitHub/AidansRepo/TeensySwerve/install/stereo_msgs:/home/aidan/GitHub/AidansRepo/TeensySwerve/install/std_srvs:/home/aidan/GitHub/AidansRepo/TeensySwerve/install/shape_msgs:/home/aidan/GitHub/AidansRepo/TeensySwerve/install/sensor_msgs:/home/aidan/GitHub/AidansRepo/TeensySwerve/install/nav_msgs:/home/aidan/GitHub/AidansRepo/TeensySwerve/install/diagnostic_msgs:/home/aidan/GitHub/AidansRepo/TeensySwerve/install/actionlib_msgs:/home/aidan/GitHub/AidansRepo/TeensySwerve/install/statistics_msgs:/home/aidan/GitHub/AidansRepo/TeensySwerve/install/rosidl_typesupport_microxrcedds_test_msg:/home/aidan/GitHub/AidansRepo/TeensySwerve/install/rosidl_typesupport_microxrcedds_cpp_tests:/home/aidan/GitHub/AidansRepo/TeensySwerve/install/rmw_microxrcedds:/home/aidan/GitHub/AidansRepo/TeensySwerve/install/rosidl_typesupport_microxrcedds_cpp:/home/aidan/GitHub/AidansRepo/TeensySwerve/install/rosidl_typesupport_microxrcedds_c_tests:/home/aidan/GitHub/AidansRepo/TeensySwerve/install/rosidl_typesupport_microxrcedds_c:/home/aidan/GitHub/AidansRepo/TeensySwerve/install/rosgraph_msgs:/home/aidan/GitHub/AidansRepo/TeensySwerve/install/rclc_parameter:/home/aidan/GitHub/AidansRepo/TeensySwerve/install/rclc:/home/aidan/GitHub/AidansRepo/TeensySwerve/install/composition_interfaces:/home/aidan/GitHub/AidansRepo/TeensySwerve/install/rcl_interfaces:/home/aidan/GitHub/AidansRepo/TeensySwerve/install/microxrcedds_client:/home/aidan/GitHub/AidansRepo/TeensySwerve/install/microcdr:/home/aidan/GitHub/AidansRepo/TeensySwerve/install/micro_ros_utilities:/home/aidan/GitHub/AidansRepo/TeensySwerve/install/micro_ros_msgs:/home/aidan/GitHub/AidansRepo/TeensySwerve/install/lifecycle_msgs:/home/aidan/GitHub/AidansRepo/TeensySwerve/install/complex_msgs:/home/aidan/GitHub/AidansRepo/TeensySwerve/install/tnsy_interfaces:/home/aidan/microros_ws/install/micro_ros_setup:/home/aidan/microros_ws/install/micro_ros_agent:/home/aidan/microros_ws/install/micro_ros_msgs:/home/aidan/GitHub/AidansRepo/TeensySwerve/install/sensor_msgs_py:/home/aidan/GitHub/AidansRepo/TeensySwerve/install/tnsy_swrv_controller:/opt/ros/humble LD_LIBRARY_PATH=/home/aidan/GitHub/AidansRepo/TeensySwerve/install/geometry_msgs/lib:/home/aidan/GitHub/AidansRepo/TeensySwerve/install/std_msgs/lib:/home/aidan/GitHub/AidansRepo/TeensySwerve/install/builtin_interfaces/lib:/home/aidan/GitHub/AidansRepo/TeensySwerve/install/visualization_msgs/lib:/home/aidan/GitHub/AidansRepo/TeensySwerve/install/test_msgs/lib:/home/aidan/GitHub/AidansRepo/TeensySwerve/install/example_interfaces/lib:/home/aidan/GitHub/AidansRepo/TeensySwerve/install/action_msgs/lib:/home/aidan/GitHub/AidansRepo/TeensySwerve/install/unique_identifier_msgs/lib:/home/aidan/GitHub/AidansRepo/TeensySwerve/install/trajectory_msgs/lib:/home/aidan/GitHub/AidansRepo/TeensySwerve/install/stereo_msgs/lib:/home/aidan/GitHub/AidansRepo/TeensySwerve/install/std_srvs/lib:/home/aidan/GitHub/AidansRepo/TeensySwerve/install/shape_msgs/lib:/home/aidan/GitHub/AidansRepo/TeensySwerve/install/sensor_msgs/lib:/home/aidan/GitHub/AidansRepo/TeensySwerve/install/nav_msgs/lib:/home/aidan/GitHub/AidansRepo/TeensySwerve/install/diagnostic_msgs/lib:/home/aidan/GitHub/AidansRepo/TeensySwerve/install/actionlib_msgs/lib:/home/aidan/GitHub/AidansRepo/TeensySwerve/install/statistics_msgs/lib:/home/aidan/GitHub/AidansRepo/TeensySwerve/install/rosidl_typesupport_microxrcedds_test_msg/lib:/home/aidan/GitHub/AidansRepo/TeensySwerve/install/rmw_microxrcedds/lib:/home/aidan/GitHub/AidansRepo/TeensySwerve/install/rosidl_typesupport_microxrcedds_cpp/lib:/home/aidan/GitHub/AidansRepo/TeensySwerve/install/rosidl_typesupport_microxrcedds_c/lib:/home/aidan/GitHub/AidansRepo/TeensySwerve/install/rosgraph_msgs/lib:/home/aidan/GitHub/AidansRepo/TeensySwerve/install/rclc_parameter/lib:/home/aidan/GitHub/AidansRepo/TeensySwerve/install/rclc/lib:/home/aidan/GitHub/AidansRepo/TeensySwerve/install/composition_interfaces/lib:/home/aidan/GitHub/AidansRepo/TeensySwerve/install/rcl_interfaces/lib:/home/aidan/GitHub/AidansRepo/TeensySwerve/install/micro_ros_utilities/lib:/home/aidan/GitHub/AidansRepo/TeensySwerve/install/micro_ros_msgs/lib:/home/aidan/GitHub/AidansRepo/TeensySwerve/install/lifecycle_msgs/lib:/home/aidan/GitHub/AidansRepo/TeensySwerve/install/complex_msgs/lib:/home/aidan/GitHub/AidansRepo/TeensySwerve/install/tnsy_interfaces/lib:/home/aidan/microros_ws/install/micro_ros_agent/lib:/home/aidan/microros_ws/install/micro_ros_msgs/lib:/opt/ros/humble/opt/rviz_ogre_vendor/lib:/opt/ros/humble/lib/x86_64-linux-gnu:/opt/ros/humble/lib /usr/bin/cmake --build /home/aidan/GitHub/AidansRepo/TeensySwerve/build/shape_msgs -- -j4 -l4
[7.408s] Invoking command in '/home/aidan/GitHub/AidansRepo/TeensySwerve/build/shape_msgs': CMAKE_PREFIX_PATH=/home/aidan/GitHub/AidansRepo/TeensySwerve/install/geometry_msgs:/home/aidan/GitHub/AidansRepo/TeensySwerve/install/std_msgs:/home/aidan/GitHub/AidansRepo/TeensySwerve/install/builtin_interfaces:/home/aidan/GitHub/AidansRepo/TeensySwerve/install/micro_ros_demos_rclc:/home/aidan/GitHub/AidansRepo/TeensySwerve/install/common_interfaces:/home/aidan/GitHub/AidansRepo/TeensySwerve/install/visualization_msgs:/home/aidan/GitHub/AidansRepo/TeensySwerve/install/test_msgs:/home/aidan/GitHub/AidansRepo/TeensySwerve/install/example_interfaces:/home/aidan/GitHub/AidansRepo/TeensySwerve/install/action_msgs:/home/aidan/GitHub/AidansRepo/TeensySwerve/install/unique_identifier_msgs:/home/aidan/GitHub/AidansRepo/TeensySwerve/install/trajectory_msgs:/home/aidan/GitHub/AidansRepo/TeensySwerve/install/stereo_msgs:/home/aidan/GitHub/AidansRepo/TeensySwerve/install/std_srvs:/home/aidan/GitHub/AidansRepo/TeensySwerve/install/shape_msgs:/home/aidan/GitHub/AidansRepo/TeensySwerve/install/sensor_msgs:/home/aidan/GitHub/AidansRepo/TeensySwerve/install/nav_msgs:/home/aidan/GitHub/AidansRepo/TeensySwerve/install/diagnostic_msgs:/home/aidan/GitHub/AidansRepo/TeensySwerve/install/actionlib_msgs:/home/aidan/GitHub/AidansRepo/TeensySwerve/install/statistics_msgs:/home/aidan/GitHub/AidansRepo/TeensySwerve/install/rosidl_typesupport_microxrcedds_test_msg:/home/aidan/GitHub/AidansRepo/TeensySwerve/install/rosidl_typesupport_microxrcedds_cpp_tests:/home/aidan/GitHub/AidansRepo/TeensySwerve/install/rmw_microxrcedds:/home/aidan/GitHub/AidansRepo/TeensySwerve/install/rosidl_typesupport_microxrcedds_cpp:/home/aidan/GitHub/AidansRepo/TeensySwerve/install/rosidl_typesupport_microxrcedds_c_tests:/home/aidan/GitHub/AidansRepo/TeensySwerve/install/rosidl_typesupport_microxrcedds_c:/home/aidan/GitHub/AidansRepo/TeensySwerve/install/rosgraph_msgs:/home/aidan/GitHub/AidansRepo/TeensySwerve/install/rclc_parameter:/home/aidan/GitHub/AidansRepo/TeensySwerve/install/rclc:/home/aidan/GitHub/AidansRepo/TeensySwerve/install/composition_interfaces:/home/aidan/GitHub/AidansRepo/TeensySwerve/install/rcl_interfaces:/home/aidan/GitHub/AidansRepo/TeensySwerve/install/microxrcedds_client:/home/aidan/GitHub/AidansRepo/TeensySwerve/install/microcdr:/home/aidan/GitHub/AidansRepo/TeensySwerve/install/micro_ros_utilities:/home/aidan/GitHub/AidansRepo/TeensySwerve/install/micro_ros_msgs:/home/aidan/GitHub/AidansRepo/TeensySwerve/install/lifecycle_msgs:/home/aidan/GitHub/AidansRepo/TeensySwerve/install/complex_msgs:/home/aidan/GitHub/AidansRepo/TeensySwerve/install/tnsy_interfaces:/home/aidan/microros_ws/install/micro_ros_setup:/home/aidan/microros_ws/install/micro_ros_agent:/home/aidan/microros_ws/install/micro_ros_msgs:/home/aidan/GitHub/AidansRepo/TeensySwerve/install/sensor_msgs_py:/home/aidan/GitHub/AidansRepo/TeensySwerve/install/tnsy_swrv_controller:/opt/ros/humble LD_LIBRARY_PATH=/home/aidan/GitHub/AidansRepo/TeensySwerve/install/geometry_msgs/lib:/home/aidan/GitHub/AidansRepo/TeensySwerve/install/std_msgs/lib:/home/aidan/GitHub/AidansRepo/TeensySwerve/install/builtin_interfaces/lib:/home/aidan/GitHub/AidansRepo/TeensySwerve/install/visualization_msgs/lib:/home/aidan/GitHub/AidansRepo/TeensySwerve/install/test_msgs/lib:/home/aidan/GitHub/AidansRepo/TeensySwerve/install/example_interfaces/lib:/home/aidan/GitHub/AidansRepo/TeensySwerve/install/action_msgs/lib:/home/aidan/GitHub/AidansRepo/TeensySwerve/install/unique_identifier_msgs/lib:/home/aidan/GitHub/AidansRepo/TeensySwerve/install/trajectory_msgs/lib:/home/aidan/GitHub/AidansRepo/TeensySwerve/install/stereo_msgs/lib:/home/aidan/GitHub/AidansRepo/TeensySwerve/install/std_srvs/lib:/home/aidan/GitHub/AidansRepo/TeensySwerve/install/shape_msgs/lib:/home/aidan/GitHub/AidansRepo/TeensySwerve/install/sensor_msgs/lib:/home/aidan/GitHub/AidansRepo/TeensySwerve/install/nav_msgs/lib:/home/aidan/GitHub/AidansRepo/TeensySwerve/install/diagnostic_msgs/lib:/home/aidan/GitHub/AidansRepo/TeensySwerve/install/actionlib_msgs/lib:/home/aidan/GitHub/AidansRepo/TeensySwerve/install/statistics_msgs/lib:/home/aidan/GitHub/AidansRepo/TeensySwerve/install/rosidl_typesupport_microxrcedds_test_msg/lib:/home/aidan/GitHub/AidansRepo/TeensySwerve/install/rmw_microxrcedds/lib:/home/aidan/GitHub/AidansRepo/TeensySwerve/install/rosidl_typesupport_microxrcedds_cpp/lib:/home/aidan/GitHub/AidansRepo/TeensySwerve/install/rosidl_typesupport_microxrcedds_c/lib:/home/aidan/GitHub/AidansRepo/TeensySwerve/install/rosgraph_msgs/lib:/home/aidan/GitHub/AidansRepo/TeensySwerve/install/rclc_parameter/lib:/home/aidan/GitHub/AidansRepo/TeensySwerve/install/rclc/lib:/home/aidan/GitHub/AidansRepo/TeensySwerve/install/composition_interfaces/lib:/home/aidan/GitHub/AidansRepo/TeensySwerve/install/rcl_interfaces/lib:/home/aidan/GitHub/AidansRepo/TeensySwerve/install/micro_ros_utilities/lib:/home/aidan/GitHub/AidansRepo/TeensySwerve/install/micro_ros_msgs/lib:/home/aidan/GitHub/AidansRepo/TeensySwerve/install/lifecycle_msgs/lib:/home/aidan/GitHub/AidansRepo/TeensySwerve/install/complex_msgs/lib:/home/aidan/GitHub/AidansRepo/TeensySwerve/install/tnsy_interfaces/lib:/home/aidan/microros_ws/install/micro_ros_agent/lib:/home/aidan/microros_ws/install/micro_ros_msgs/lib:/opt/ros/humble/opt/rviz_ogre_vendor/lib:/opt/ros/humble/lib/x86_64-linux-gnu:/opt/ros/humble/lib /usr/bin/cmake --install /home/aidan/GitHub/AidansRepo/TeensySwerve/build/shape_msgs
[7.486s] -- Install configuration: ""
[7.488s] -- Up-to-date: /home/aidan/GitHub/AidansRepo/TeensySwerve/install/shape_msgs/share/ament_index/resource_index/rosidl_interfaces/shape_msgs
[7.495s] -- Up-to-date: /home/aidan/GitHub/AidansRepo/TeensySwerve/install/shape_msgs/include/shape_msgs/shape_msgs
[7.495s] -- Up-to-date: /home/aidan/GitHub/AidansRepo/TeensySwerve/install/shape_msgs/include/shape_msgs/shape_msgs/msg
[7.496s] -- Up-to-date: /home/aidan/GitHub/AidansRepo/TeensySwerve/install/shape_msgs/include/shape_msgs/shape_msgs/msg/plane.h
[7.496s] -- Up-to-date: /home/aidan/GitHub/AidansRepo/TeensySwerve/install/shape_msgs/include/shape_msgs/shape_msgs/msg/mesh_triangle.h
[7.498s] -- Up-to-date: /home/aidan/GitHub/AidansRepo/TeensySwerve/install/shape_msgs/include/shape_msgs/shape_msgs/msg/rosidl_generator_c__visibility_control.h
[7.499s] -- Up-to-date: /home/aidan/GitHub/AidansRepo/TeensySwerve/install/shape_msgs/include/shape_msgs/shape_msgs/msg/detail
[7.499s] -- Up-to-date: /home/aidan/GitHub/AidansRepo/TeensySwerve/install/shape_msgs/include/shape_msgs/shape_msgs/msg/detail/mesh__functions.h
[7.499s] -- Up-to-date: /home/aidan/GitHub/AidansRepo/TeensySwerve/install/shape_msgs/include/shape_msgs/shape_msgs/msg/detail/plane__functions.h
[7.499s] -- Up-to-date: /home/aidan/GitHub/AidansRepo/TeensySwerve/install/shape_msgs/include/shape_msgs/shape_msgs/msg/detail/mesh_triangle__struct.h
[7.500s] -- Up-to-date: /home/aidan/GitHub/AidansRepo/TeensySwerve/install/shape_msgs/include/shape_msgs/shape_msgs/msg/detail/mesh__struct.h
[7.500s] -- Up-to-date: /home/aidan/GitHub/AidansRepo/TeensySwerve/install/shape_msgs/include/shape_msgs/shape_msgs/msg/detail/mesh_triangle__type_support.h
[7.504s] -- Up-to-date: /home/aidan/GitHub/AidansRepo/TeensySwerve/install/shape_msgs/include/shape_msgs/shape_msgs/msg/detail/plane__functions.c
[7.506s] -- Up-to-date: /home/aidan/GitHub/AidansRepo/TeensySwerve/install/shape_msgs/include/shape_msgs/shape_msgs/msg/detail/plane__type_support.h
[7.506s] -- Up-to-date: /home/aidan/GitHub/AidansRepo/TeensySwerve/install/shape_msgs/include/shape_msgs/shape_msgs/msg/detail/mesh__type_support.h
[7.506s] -- Up-to-date: /home/aidan/GitHub/AidansRepo/TeensySwerve/install/shape_msgs/include/shape_msgs/shape_msgs/msg/detail/mesh_triangle__functions.c
[7.506s] -- Up-to-date: /home/aidan/GitHub/AidansRepo/TeensySwerve/install/shape_msgs/include/shape_msgs/shape_msgs/msg/detail/solid_primitive__type_support.h
[7.511s] -- Up-to-date: /home/aidan/GitHub/AidansRepo/TeensySwerve/install/shape_msgs/include/shape_msgs/shape_msgs/msg/detail/mesh__functions.c
[7.515s] -- Up-to-date: /home/aidan/GitHub/AidansRepo/TeensySwerve/install/shape_msgs/include/shape_msgs/shape_msgs/msg/detail/plane__struct.h
[7.517s] -- Up-to-date: /home/aidan/GitHub/AidansRepo/TeensySwerve/install/shape_msgs/include/shape_msgs/shape_msgs/msg/detail/solid_primitive__functions.h
[7.517s] -- Up-to-date: /home/aidan/GitHub/AidansRepo/TeensySwerve/install/shape_msgs/include/shape_msgs/shape_msgs/msg/detail/mesh_triangle__functions.h
[7.517s] -- Up-to-date: /home/aidan/GitHub/AidansRepo/TeensySwerve/install/shape_msgs/include/shape_msgs/shape_msgs/msg/detail/solid_primitive__functions.c
[7.518s] -- Up-to-date: /home/aidan/GitHub/AidansRepo/TeensySwerve/install/shape_msgs/include/shape_msgs/shape_msgs/msg/detail/solid_primitive__struct.h
[7.518s] -- Up-to-date: /home/aidan/GitHub/AidansRepo/TeensySwerve/install/shape_msgs/include/shape_msgs/shape_msgs/msg/solid_primitive.h
[7.518s] -- Up-to-date: /home/aidan/GitHub/AidansRepo/TeensySwerve/install/shape_msgs/include/shape_msgs/shape_msgs/msg/mesh.h
[7.518s] -- Up-to-date: /home/aidan/GitHub/AidansRepo/TeensySwerve/install/shape_msgs/share/shape_msgs/environment/library_path.sh
[7.520s] -- Up-to-date: /home/aidan/GitHub/AidansRepo/TeensySwerve/install/shape_msgs/share/shape_msgs/environment/library_path.dsv
[7.521s] -- Up-to-date: /home/aidan/GitHub/AidansRepo/TeensySwerve/install/shape_msgs/lib/libshape_msgs__rosidl_generator_c.so
[7.529s] -- Up-to-date: /home/aidan/GitHub/AidansRepo/TeensySwerve/install/shape_msgs/include/shape_msgs/shape_msgs
[7.529s] -- Up-to-date: /home/aidan/GitHub/AidansRepo/TeensySwerve/install/shape_msgs/include/shape_msgs/shape_msgs/msg
[7.529s] -- Up-to-date: /home/aidan/GitHub/AidansRepo/TeensySwerve/install/shape_msgs/include/shape_msgs/shape_msgs/msg/rosidl_typesupport_fastrtps_c__visibility_control.h
[7.530s] -- Up-to-date: /home/aidan/GitHub/AidansRepo/TeensySwerve/install/shape_msgs/include/shape_msgs/shape_msgs/msg/detail
[7.530s] -- Up-to-date: /home/aidan/GitHub/AidansRepo/TeensySwerve/install/shape_msgs/include/shape_msgs/shape_msgs/msg/detail/mesh__rosidl_typesupport_fastrtps_c.h
[7.532s] -- Up-to-date: /home/aidan/GitHub/AidansRepo/TeensySwerve/install/shape_msgs/include/shape_msgs/shape_msgs/msg/detail/solid_primitive__rosidl_typesupport_fastrtps_c.h
[7.535s] -- Up-to-date: /home/aidan/GitHub/AidansRepo/TeensySwerve/install/shape_msgs/include/shape_msgs/shape_msgs/msg/detail/mesh_triangle__rosidl_typesupport_fastrtps_c.h
[7.540s] -- Up-to-date: /home/aidan/GitHub/AidansRepo/TeensySwerve/install/shape_msgs/include/shape_msgs/shape_msgs/msg/detail/plane__rosidl_typesupport_fastrtps_c.h
[7.540s] -- Up-to-date: /home/aidan/GitHub/AidansRepo/TeensySwerve/install/shape_msgs/lib/libshape_msgs__rosidl_typesupport_fastrtps_c.so
[7.541s] -- Up-to-date: /home/aidan/GitHub/AidansRepo/TeensySwerve/install/shape_msgs/include/shape_msgs/shape_msgs
[7.545s] -- Up-to-date: /home/aidan/GitHub/AidansRepo/TeensySwerve/install/shape_msgs/include/shape_msgs/shape_msgs/msg
[7.551s] -- Up-to-date: /home/aidan/GitHub/AidansRepo/TeensySwerve/install/shape_msgs/include/shape_msgs/shape_msgs/msg/solid_primitive.hpp
[7.551s] -- Up-to-date: /home/aidan/GitHub/AidansRepo/TeensySwerve/install/shape_msgs/include/shape_msgs/shape_msgs/msg/plane.hpp
[7.552s] -- Up-to-date: /home/aidan/GitHub/AidansRepo/TeensySwerve/install/shape_msgs/include/shape_msgs/shape_msgs/msg/mesh_triangle.hpp
[7.552s] -- Up-to-date: /home/aidan/GitHub/AidansRepo/TeensySwerve/install/shape_msgs/include/shape_msgs/shape_msgs/msg/mesh.hpp
[7.554s] -- Up-to-date: /home/aidan/GitHub/AidansRepo/TeensySwerve/install/shape_msgs/include/shape_msgs/shape_msgs/msg/detail
[7.554s] -- Up-to-date: /home/aidan/GitHub/AidansRepo/TeensySwerve/install/shape_msgs/include/shape_msgs/shape_msgs/msg/detail/mesh__builder.hpp
[7.555s] -- Up-to-date: /home/aidan/GitHub/AidansRepo/TeensySwerve/install/shape_msgs/include/shape_msgs/shape_msgs/msg/detail/mesh_triangle__struct.hpp
[7.555s] -- Up-to-date: /home/aidan/GitHub/AidansRepo/TeensySwerve/install/shape_msgs/include/shape_msgs/shape_msgs/msg/detail/mesh_triangle__type_support.hpp
[7.556s] -- Up-to-date: /home/aidan/GitHub/AidansRepo/TeensySwerve/install/shape_msgs/include/shape_msgs/shape_msgs/msg/detail/plane__traits.hpp
[7.556s] -- Up-to-date: /home/aidan/GitHub/AidansRepo/TeensySwerve/install/shape_msgs/include/shape_msgs/shape_msgs/msg/detail/plane__type_support.hpp
[7.558s] -- Up-to-date: /home/aidan/GitHub/AidansRepo/TeensySwerve/install/shape_msgs/include/shape_msgs/shape_msgs/msg/detail/solid_primitive__builder.hpp
[7.558s] -- Up-to-date: /home/aidan/GitHub/AidansRepo/TeensySwerve/install/shape_msgs/include/shape_msgs/shape_msgs/msg/detail/mesh_triangle__builder.hpp
[7.558s] -- Up-to-date: /home/aidan/GitHub/AidansRepo/TeensySwerve/install/shape_msgs/include/shape_msgs/shape_msgs/msg/detail/plane__builder.hpp
[7.559s] -- Up-to-date: /home/aidan/GitHub/AidansRepo/TeensySwerve/install/shape_msgs/include/shape_msgs/shape_msgs/msg/detail/plane__struct.hpp
[7.559s] -- Up-to-date: /home/aidan/GitHub/AidansRepo/TeensySwerve/install/shape_msgs/include/shape_msgs/shape_msgs/msg/detail/mesh__type_support.hpp
[7.560s] -- Up-to-date: /home/aidan/GitHub/AidansRepo/TeensySwerve/install/shape_msgs/include/shape_msgs/shape_msgs/msg/detail/solid_primitive__type_support.hpp
[7.561s] -- Up-to-date: /home/aidan/GitHub/AidansRepo/TeensySwerve/install/shape_msgs/include/shape_msgs/shape_msgs/msg/detail/mesh__traits.hpp
[7.562s] -- Up-to-date: /home/aidan/GitHub/AidansRepo/TeensySwerve/install/shape_msgs/include/shape_msgs/shape_msgs/msg/detail/mesh_triangle__traits.hpp
[7.568s] -- Up-to-date: /home/aidan/GitHub/AidansRepo/TeensySwerve/install/shape_msgs/include/shape_msgs/shape_msgs/msg/detail/solid_primitive__struct.hpp
[7.576s] -- Up-to-date: /home/aidan/GitHub/AidansRepo/TeensySwerve/install/shape_msgs/include/shape_msgs/shape_msgs/msg/detail/mesh__struct.hpp
[7.576s] -- Up-to-date: /home/aidan/GitHub/AidansRepo/TeensySwerve/install/shape_msgs/include/shape_msgs/shape_msgs/msg/detail/solid_primitive__traits.hpp
[7.576s] -- Up-to-date: /home/aidan/GitHub/AidansRepo/TeensySwerve/install/shape_msgs/include/shape_msgs/shape_msgs/msg/rosidl_generator_cpp__visibility_control.hpp
[7.577s] -- Up-to-date: /home/aidan/GitHub/AidansRepo/TeensySwerve/install/shape_msgs/include/shape_msgs/shape_msgs
[7.577s] -- Up-to-date: /home/aidan/GitHub/AidansRepo/TeensySwerve/install/shape_msgs/include/shape_msgs/shape_msgs/msg
[7.581s] -- Up-to-date: /home/aidan/GitHub/AidansRepo/TeensySwerve/install/shape_msgs/include/shape_msgs/shape_msgs/msg/rosidl_typesupport_fastrtps_cpp__visibility_control.h
[7.583s] -- Up-to-date: /home/aidan/GitHub/AidansRepo/TeensySwerve/install/shape_msgs/include/shape_msgs/shape_msgs/msg/detail
[7.588s] -- Up-to-date: /home/aidan/GitHub/AidansRepo/TeensySwerve/install/shape_msgs/include/shape_msgs/shape_msgs/msg/detail/dds_fastrtps
[7.590s] -- Up-to-date: /home/aidan/GitHub/AidansRepo/TeensySwerve/install/shape_msgs/include/shape_msgs/shape_msgs/msg/detail/mesh__rosidl_typesupport_fastrtps_cpp.hpp
[7.590s] -- Up-to-date: /home/aidan/GitHub/AidansRepo/TeensySwerve/install/shape_msgs/include/shape_msgs/shape_msgs/msg/detail/plane__rosidl_typesupport_fastrtps_cpp.hpp
[7.598s] -- Up-to-date: /home/aidan/GitHub/AidansRepo/TeensySwerve/install/shape_msgs/include/shape_msgs/shape_msgs/msg/detail/mesh_triangle__rosidl_typesupport_fastrtps_cpp.hpp
[7.598s] -- Up-to-date: /home/aidan/GitHub/AidansRepo/TeensySwerve/install/shape_msgs/include/shape_msgs/shape_msgs/msg/detail/solid_primitive__rosidl_typesupport_fastrtps_cpp.hpp
[7.599s] -- Up-to-date: /home/aidan/GitHub/AidansRepo/TeensySwerve/install/shape_msgs/lib/libshape_msgs__rosidl_typesupport_fastrtps_cpp.so
[7.599s] -- Up-to-date: /home/aidan/GitHub/AidansRepo/TeensySwerve/install/shape_msgs/include/shape_msgs/shape_msgs
[7.599s] -- Up-to-date: /home/aidan/GitHub/AidansRepo/TeensySwerve/install/shape_msgs/include/shape_msgs/shape_msgs/msg
[7.599s] -- Up-to-date: /home/aidan/GitHub/AidansRepo/TeensySwerve/install/shape_msgs/include/shape_msgs/shape_msgs/msg/detail
[7.599s] -- Up-to-date: /home/aidan/GitHub/AidansRepo/TeensySwerve/install/shape_msgs/include/shape_msgs/shape_msgs/msg/detail/mesh__type_support.c
[7.599s] -- Up-to-date: /home/aidan/GitHub/AidansRepo/TeensySwerve/install/shape_msgs/include/shape_msgs/shape_msgs/msg/detail/solid_primitive__rosidl_typesupport_introspection_c.h
[7.600s] -- Up-to-date: /home/aidan/GitHub/AidansRepo/TeensySwerve/install/shape_msgs/include/shape_msgs/shape_msgs/msg/detail/plane__type_support.c
[7.600s] -- Up-to-date: /home/aidan/GitHub/AidansRepo/TeensySwerve/install/shape_msgs/include/shape_msgs/shape_msgs/msg/detail/solid_primitive__type_support.c
[7.600s] -- Up-to-date: /home/aidan/GitHub/AidansRepo/TeensySwerve/install/shape_msgs/include/shape_msgs/shape_msgs/msg/detail/mesh_triangle__type_support.c
[7.600s] -- Up-to-date: /home/aidan/GitHub/AidansRepo/TeensySwerve/install/shape_msgs/include/shape_msgs/shape_msgs/msg/detail/mesh_triangle__rosidl_typesupport_introspection_c.h
[7.604s] -- Up-to-date: /home/aidan/GitHub/AidansRepo/TeensySwerve/install/shape_msgs/include/shape_msgs/shape_msgs/msg/detail/mesh__rosidl_typesupport_introspection_c.h
[7.605s] -- Up-to-date: /home/aidan/GitHub/AidansRepo/TeensySwerve/install/shape_msgs/include/shape_msgs/shape_msgs/msg/detail/plane__rosidl_typesupport_introspection_c.h
[7.611s] -- Up-to-date: /home/aidan/GitHub/AidansRepo/TeensySwerve/install/shape_msgs/include/shape_msgs/shape_msgs/msg/rosidl_typesupport_introspection_c__visibility_control.h
[7.611s] -- Up-to-date: /home/aidan/GitHub/AidansRepo/TeensySwerve/install/shape_msgs/lib/libshape_msgs__rosidl_typesupport_introspection_c.so
[7.611s] -- Up-to-date: /home/aidan/GitHub/AidansRepo/TeensySwerve/install/shape_msgs/lib/libshape_msgs__rosidl_typesupport_c.so
[7.611s] -- Up-to-date: /home/aidan/GitHub/AidansRepo/TeensySwerve/install/shape_msgs/include/shape_msgs/shape_msgs
[7.612s] -- Up-to-date: /home/aidan/GitHub/AidansRepo/TeensySwerve/install/shape_msgs/include/shape_msgs/shape_msgs/msg
[7.613s] -- Up-to-date: /home/aidan/GitHub/AidansRepo/TeensySwerve/install/shape_msgs/include/shape_msgs/shape_msgs/msg/detail
[7.614s] -- Up-to-date: /home/aidan/GitHub/AidansRepo/TeensySwerve/install/shape_msgs/include/shape_msgs/shape_msgs/msg/detail/solid_primitive__type_support.cpp
[7.614s] -- Up-to-date: /home/aidan/GitHub/AidansRepo/TeensySwerve/install/shape_msgs/include/shape_msgs/shape_msgs/msg/detail/plane__rosidl_typesupport_introspection_cpp.hpp
[7.618s] -- Up-to-date: /home/aidan/GitHub/AidansRepo/TeensySwerve/install/shape_msgs/include/shape_msgs/shape_msgs/msg/detail/mesh_triangle__type_support.cpp
[7.618s] -- Up-to-date: /home/aidan/GitHub/AidansRepo/TeensySwerve/install/shape_msgs/include/shape_msgs/shape_msgs/msg/detail/mesh__rosidl_typesupport_introspection_cpp.hpp
[7.619s] -- Up-to-date: /home/aidan/GitHub/AidansRepo/TeensySwerve/install/shape_msgs/include/shape_msgs/shape_msgs/msg/detail/plane__type_support.cpp
[7.619s] -- Up-to-date: /home/aidan/GitHub/AidansRepo/TeensySwerve/install/shape_msgs/include/shape_msgs/shape_msgs/msg/detail/solid_primitive__rosidl_typesupport_introspection_cpp.hpp
[7.619s] -- Up-to-date: /home/aidan/GitHub/AidansRepo/TeensySwerve/install/shape_msgs/include/shape_msgs/shape_msgs/msg/detail/mesh_triangle__rosidl_typesupport_introspection_cpp.hpp
[7.623s] -- Up-to-date: /home/aidan/GitHub/AidansRepo/TeensySwerve/install/shape_msgs/include/shape_msgs/shape_msgs/msg/detail/mesh__type_support.cpp
[7.624s] -- Up-to-date: /home/aidan/GitHub/AidansRepo/TeensySwerve/install/shape_msgs/lib/libshape_msgs__rosidl_typesupport_introspection_cpp.so
[7.625s] -- Up-to-date: /home/aidan/GitHub/AidansRepo/TeensySwerve/install/shape_msgs/lib/libshape_msgs__rosidl_typesupport_cpp.so
[7.626s] -- Up-to-date: /home/aidan/GitHub/AidansRepo/TeensySwerve/install/shape_msgs/share/shape_msgs/environment/pythonpath.sh
[7.626s] -- Up-to-date: /home/aidan/GitHub/AidansRepo/TeensySwerve/install/shape_msgs/share/shape_msgs/environment/pythonpath.dsv
[7.627s] -- Up-to-date: /home/aidan/GitHub/AidansRepo/TeensySwerve/install/shape_msgs/local/lib/python3.10/dist-packages/shape_msgs-4.8.0-py3.10.egg-info
[7.627s] -- Installing: /home/aidan/GitHub/AidansRepo/TeensySwerve/install/shape_msgs/local/lib/python3.10/dist-packages/shape_msgs-4.8.0-py3.10.egg-info/PKG-INFO
[7.630s] -- Installing: /home/aidan/GitHub/AidansRepo/TeensySwerve/install/shape_msgs/local/lib/python3.10/dist-packages/shape_msgs-4.8.0-py3.10.egg-info/SOURCES.txt
[7.631s] -- Installing: /home/aidan/GitHub/AidansRepo/TeensySwerve/install/shape_msgs/local/lib/python3.10/dist-packages/shape_msgs-4.8.0-py3.10.egg-info/dependency_links.txt
[7.631s] -- Installing: /home/aidan/GitHub/AidansRepo/TeensySwerve/install/shape_msgs/local/lib/python3.10/dist-packages/shape_msgs-4.8.0-py3.10.egg-info/top_level.txt
[7.631s] -- Up-to-date: /home/aidan/GitHub/AidansRepo/TeensySwerve/install/shape_msgs/local/lib/python3.10/dist-packages/shape_msgs
[7.631s] -- Up-to-date: /home/aidan/GitHub/AidansRepo/TeensySwerve/install/shape_msgs/local/lib/python3.10/dist-packages/shape_msgs/__init__.py
[7.631s] -- Up-to-date: /home/aidan/GitHub/AidansRepo/TeensySwerve/install/shape_msgs/local/lib/python3.10/dist-packages/shape_msgs/_shape_msgs_s.ep.rosidl_typesupport_c.c
[7.632s] -- Up-to-date: /home/aidan/GitHub/AidansRepo/TeensySwerve/install/shape_msgs/local/lib/python3.10/dist-packages/shape_msgs/_shape_msgs_s.ep.rosidl_typesupport_introspection_c.c
[7.632s] -- Up-to-date: /home/aidan/GitHub/AidansRepo/TeensySwerve/install/shape_msgs/local/lib/python3.10/dist-packages/shape_msgs/libshape_msgs__rosidl_generator_py.so
[7.632s] -- Up-to-date: /home/aidan/GitHub/AidansRepo/TeensySwerve/install/shape_msgs/local/lib/python3.10/dist-packages/shape_msgs/msg
[7.632s] -- Up-to-date: /home/aidan/GitHub/AidansRepo/TeensySwerve/install/shape_msgs/local/lib/python3.10/dist-packages/shape_msgs/msg/_solid_primitive.py
[7.632s] -- Up-to-date: /home/aidan/GitHub/AidansRepo/TeensySwerve/install/shape_msgs/local/lib/python3.10/dist-packages/shape_msgs/msg/_mesh_triangle_s.c
[7.633s] -- Up-to-date: /home/aidan/GitHub/AidansRepo/TeensySwerve/install/shape_msgs/local/lib/python3.10/dist-packages/shape_msgs/msg/_mesh_triangle.py
[7.633s] -- Up-to-date: /home/aidan/GitHub/AidansRepo/TeensySwerve/install/shape_msgs/local/lib/python3.10/dist-packages/shape_msgs/msg/__init__.py
[7.639s] -- Up-to-date: /home/aidan/GitHub/AidansRepo/TeensySwerve/install/shape_msgs/local/lib/python3.10/dist-packages/shape_msgs/msg/_plane_s.c
[7.640s] -- Up-to-date: /home/aidan/GitHub/AidansRepo/TeensySwerve/install/shape_msgs/local/lib/python3.10/dist-packages/shape_msgs/msg/_mesh_s.c
[7.640s] -- Up-to-date: /home/aidan/GitHub/AidansRepo/TeensySwerve/install/shape_msgs/local/lib/python3.10/dist-packages/shape_msgs/msg/_mesh.py
[7.640s] -- Up-to-date: /home/aidan/GitHub/AidansRepo/TeensySwerve/install/shape_msgs/local/lib/python3.10/dist-packages/shape_msgs/msg/_solid_primitive_s.c
[7.640s] -- Up-to-date: /home/aidan/GitHub/AidansRepo/TeensySwerve/install/shape_msgs/local/lib/python3.10/dist-packages/shape_msgs/msg/_plane.py
[7.641s] -- Up-to-date: /home/aidan/GitHub/AidansRepo/TeensySwerve/install/shape_msgs/local/lib/python3.10/dist-packages/shape_msgs/shape_msgs_s__rosidl_typesupport_introspection_c.cpython-310-x86_64-linux-gnu.so
[7.646s] -- Up-to-date: /home/aidan/GitHub/AidansRepo/TeensySwerve/install/shape_msgs/local/lib/python3.10/dist-packages/shape_msgs/shape_msgs_s__rosidl_typesupport_fastrtps_c.cpython-310-x86_64-linux-gnu.so
[7.646s] -- Up-to-date: /home/aidan/GitHub/AidansRepo/TeensySwerve/install/shape_msgs/local/lib/python3.10/dist-packages/shape_msgs/_shape_msgs_s.ep.rosidl_typesupport_fastrtps_c.c
[7.647s] -- Up-to-date: /home/aidan/GitHub/AidansRepo/TeensySwerve/install/shape_msgs/local/lib/python3.10/dist-packages/shape_msgs/shape_msgs_s__rosidl_typesupport_c.cpython-310-x86_64-linux-gnu.so
[8.039s] Listing '/home/aidan/GitHub/AidansRepo/TeensySwerve/install/shape_msgs/local/lib/python3.10/dist-packages/shape_msgs'...
[8.039s] Listing '/home/aidan/GitHub/AidansRepo/TeensySwerve/install/shape_msgs/local/lib/python3.10/dist-packages/shape_msgs/msg'...
[8.079s] -- Up-to-date: /home/aidan/GitHub/AidansRepo/TeensySwerve/install/shape_msgs/local/lib/python3.10/dist-packages/shape_msgs/shape_msgs_s__rosidl_typesupport_fastrtps_c.cpython-310-x86_64-linux-gnu.so
[8.085s] -- Up-to-date: /home/aidan/GitHub/AidansRepo/TeensySwerve/install/shape_msgs/local/lib/python3.10/dist-packages/shape_msgs/shape_msgs_s__rosidl_typesupport_introspection_c.cpython-310-x86_64-linux-gnu.so
[8.087s] -- Up-to-date: /home/aidan/GitHub/AidansRepo/TeensySwerve/install/shape_msgs/local/lib/python3.10/dist-packages/shape_msgs/shape_msgs_s__rosidl_typesupport_c.cpython-310-x86_64-linux-gnu.so
[8.088s] -- Up-to-date: /home/aidan/GitHub/AidansRepo/TeensySwerve/install/shape_msgs/lib/libshape_msgs__rosidl_generator_py.so
[8.094s] -- Up-to-date: /home/aidan/GitHub/AidansRepo/TeensySwerve/install/shape_msgs/share/shape_msgs/msg/Mesh.idl
[8.099s] -- Up-to-date: /home/aidan/GitHub/AidansRepo/TeensySwerve/install/shape_msgs/share/shape_msgs/msg/MeshTriangle.idl
[8.100s] -- Up-to-date: /home/aidan/GitHub/AidansRepo/TeensySwerve/install/shape_msgs/share/shape_msgs/msg/Plane.idl
[8.100s] -- Up-to-date: /home/aidan/GitHub/AidansRepo/TeensySwerve/install/shape_msgs/share/shape_msgs/msg/SolidPrimitive.idl
[8.100s] -- Up-to-date: /home/aidan/GitHub/AidansRepo/TeensySwerve/install/shape_msgs/share/shape_msgs/msg/Mesh.msg
[8.110s] -- Up-to-date: /home/aidan/GitHub/AidansRepo/TeensySwerve/install/shape_msgs/share/shape_msgs/msg/MeshTriangle.msg
[8.110s] -- Up-to-date: /home/aidan/GitHub/AidansRepo/TeensySwerve/install/shape_msgs/share/shape_msgs/msg/Plane.msg
[8.110s] -- Up-to-date: /home/aidan/GitHub/AidansRepo/TeensySwerve/install/shape_msgs/share/shape_msgs/msg/SolidPrimitive.msg
[8.111s] -- Up-to-date: /home/aidan/GitHub/AidansRepo/TeensySwerve/install/shape_msgs/share/ament_index/resource_index/package_run_dependencies/shape_msgs
[8.111s] -- Up-to-date: /home/aidan/GitHub/AidansRepo/TeensySwerve/install/shape_msgs/share/ament_index/resource_index/parent_prefix_path/shape_msgs
[8.111s] -- Up-to-date: /home/aidan/GitHub/AidansRepo/TeensySwerve/install/shape_msgs/share/shape_msgs/environment/ament_prefix_path.sh
[8.111s] -- Up-to-date: /home/aidan/GitHub/AidansRepo/TeensySwerve/install/shape_msgs/share/shape_msgs/environment/ament_prefix_path.dsv
[8.111s] -- Up-to-date: /home/aidan/GitHub/AidansRepo/TeensySwerve/install/shape_msgs/share/shape_msgs/environment/path.sh
[8.111s] -- Up-to-date: /home/aidan/GitHub/AidansRepo/TeensySwerve/install/shape_msgs/share/shape_msgs/environment/path.dsv
[8.112s] -- Up-to-date: /home/aidan/GitHub/AidansRepo/TeensySwerve/install/shape_msgs/share/shape_msgs/local_setup.bash
[8.112s] -- Up-to-date: /home/aidan/GitHub/AidansRepo/TeensySwerve/install/shape_msgs/share/shape_msgs/local_setup.sh
[8.112s] -- Up-to-date: /home/aidan/GitHub/AidansRepo/TeensySwerve/install/shape_msgs/share/shape_msgs/local_setup.zsh
[8.112s] -- Up-to-date: /home/aidan/GitHub/AidansRepo/TeensySwerve/install/shape_msgs/share/shape_msgs/local_setup.dsv
[8.112s] -- Installing: /home/aidan/GitHub/AidansRepo/TeensySwerve/install/shape_msgs/share/shape_msgs/package.dsv
[8.112s] -- Up-to-date: /home/aidan/GitHub/AidansRepo/TeensySwerve/install/shape_msgs/share/ament_index/resource_index/packages/shape_msgs
[8.112s] -- Up-to-date: /home/aidan/GitHub/AidansRepo/TeensySwerve/install/shape_msgs/share/shape_msgs/cmake/export_shape_msgs__rosidl_generator_cExport.cmake
[8.113s] -- Up-to-date: /home/aidan/GitHub/AidansRepo/TeensySwerve/install/shape_msgs/share/shape_msgs/cmake/export_shape_msgs__rosidl_generator_cExport-noconfig.cmake
[8.113s] -- Up-to-date: /home/aidan/GitHub/AidansRepo/TeensySwerve/install/shape_msgs/share/shape_msgs/cmake/export_shape_msgs__rosidl_typesupport_fastrtps_cExport.cmake
[8.113s] -- Up-to-date: /home/aidan/GitHub/AidansRepo/TeensySwerve/install/shape_msgs/share/shape_msgs/cmake/export_shape_msgs__rosidl_typesupport_fastrtps_cExport-noconfig.cmake
[8.123s] -- Up-to-date: /home/aidan/GitHub/AidansRepo/TeensySwerve/install/shape_msgs/share/shape_msgs/cmake/export_shape_msgs__rosidl_generator_cppExport.cmake
[8.124s] -- Up-to-date: /home/aidan/GitHub/AidansRepo/TeensySwerve/install/shape_msgs/share/shape_msgs/cmake/export_shape_msgs__rosidl_typesupport_fastrtps_cppExport.cmake
[8.124s] -- Up-to-date: /home/aidan/GitHub/AidansRepo/TeensySwerve/install/shape_msgs/share/shape_msgs/cmake/export_shape_msgs__rosidl_typesupport_fastrtps_cppExport-noconfig.cmake
[8.124s] -- Up-to-date: /home/aidan/GitHub/AidansRepo/TeensySwerve/install/shape_msgs/share/shape_msgs/cmake/shape_msgs__rosidl_typesupport_introspection_cExport.cmake
[8.124s] -- Up-to-date: /home/aidan/GitHub/AidansRepo/TeensySwerve/install/shape_msgs/share/shape_msgs/cmake/shape_msgs__rosidl_typesupport_introspection_cExport-noconfig.cmake
[8.125s] -- Up-to-date: /home/aidan/GitHub/AidansRepo/TeensySwerve/install/shape_msgs/share/shape_msgs/cmake/shape_msgs__rosidl_typesupport_cExport.cmake
[8.133s] -- Up-to-date: /home/aidan/GitHub/AidansRepo/TeensySwerve/install/shape_msgs/share/shape_msgs/cmake/shape_msgs__rosidl_typesupport_cExport-noconfig.cmake
[8.133s] -- Up-to-date: /home/aidan/GitHub/AidansRepo/TeensySwerve/install/shape_msgs/share/shape_msgs/cmake/shape_msgs__rosidl_typesupport_introspection_cppExport.cmake
[8.134s] -- Up-to-date: /home/aidan/GitHub/AidansRepo/TeensySwerve/install/shape_msgs/share/shape_msgs/cmake/shape_msgs__rosidl_typesupport_introspection_cppExport-noconfig.cmake
[8.134s] -- Up-to-date: /home/aidan/GitHub/AidansRepo/TeensySwerve/install/shape_msgs/share/shape_msgs/cmake/shape_msgs__rosidl_typesupport_cppExport.cmake
[8.134s] -- Up-to-date: /home/aidan/GitHub/AidansRepo/TeensySwerve/install/shape_msgs/share/shape_msgs/cmake/shape_msgs__rosidl_typesupport_cppExport-noconfig.cmake
[8.134s] -- Up-to-date: /home/aidan/GitHub/AidansRepo/TeensySwerve/install/shape_msgs/share/shape_msgs/cmake/export_shape_msgs__rosidl_generator_pyExport.cmake
[8.134s] -- Up-to-date: /home/aidan/GitHub/AidansRepo/TeensySwerve/install/shape_msgs/share/shape_msgs/cmake/export_shape_msgs__rosidl_generator_pyExport-noconfig.cmake
[8.134s] -- Up-to-date: /home/aidan/GitHub/AidansRepo/TeensySwerve/install/shape_msgs/share/shape_msgs/cmake/rosidl_cmake-extras.cmake
[8.137s] -- Up-to-date: /home/aidan/GitHub/AidansRepo/TeensySwerve/install/shape_msgs/share/shape_msgs/cmake/ament_cmake_export_dependencies-extras.cmake
[8.138s] -- Up-to-date: /home/aidan/GitHub/AidansRepo/TeensySwerve/install/shape_msgs/share/shape_msgs/cmake/ament_cmake_export_include_directories-extras.cmake
[8.142s] -- Up-to-date: /home/aidan/GitHub/AidansRepo/TeensySwerve/install/shape_msgs/share/shape_msgs/cmake/ament_cmake_export_libraries-extras.cmake
[8.150s] -- Up-to-date: /home/aidan/GitHub/AidansRepo/TeensySwerve/install/shape_msgs/share/shape_msgs/cmake/ament_cmake_export_targets-extras.cmake
[8.150s] -- Up-to-date: /home/aidan/GitHub/AidansRepo/TeensySwerve/install/shape_msgs/share/shape_msgs/cmake/rosidl_cmake_export_typesupport_targets-extras.cmake
[8.150s] -- Up-to-date: /home/aidan/GitHub/AidansRepo/TeensySwerve/install/shape_msgs/share/shape_msgs/cmake/rosidl_cmake_export_typesupport_libraries-extras.cmake
[8.150s] -- Up-to-date: /home/aidan/GitHub/AidansRepo/TeensySwerve/install/shape_msgs/share/shape_msgs/cmake/shape_msgsConfig.cmake
[8.152s] -- Up-to-date: /home/aidan/GitHub/AidansRepo/TeensySwerve/install/shape_msgs/share/shape_msgs/cmake/shape_msgsConfig-version.cmake
[8.152s] -- Up-to-date: /home/aidan/GitHub/AidansRepo/TeensySwerve/install/shape_msgs/share/shape_msgs/package.xml
[8.216s] Invoked command in '/home/aidan/GitHub/AidansRepo/TeensySwerve/build/shape_msgs' returned '0': CMAKE_PREFIX_PATH=/home/aidan/GitHub/AidansRepo/TeensySwerve/install/geometry_msgs:/home/aidan/GitHub/AidansRepo/TeensySwerve/install/std_msgs:/home/aidan/GitHub/AidansRepo/TeensySwerve/install/builtin_interfaces:/home/aidan/GitHub/AidansRepo/TeensySwerve/install/micro_ros_demos_rclc:/home/aidan/GitHub/AidansRepo/TeensySwerve/install/common_interfaces:/home/aidan/GitHub/AidansRepo/TeensySwerve/install/visualization_msgs:/home/aidan/GitHub/AidansRepo/TeensySwerve/install/test_msgs:/home/aidan/GitHub/AidansRepo/TeensySwerve/install/example_interfaces:/home/aidan/GitHub/AidansRepo/TeensySwerve/install/action_msgs:/home/aidan/GitHub/AidansRepo/TeensySwerve/install/unique_identifier_msgs:/home/aidan/GitHub/AidansRepo/TeensySwerve/install/trajectory_msgs:/home/aidan/GitHub/AidansRepo/TeensySwerve/install/stereo_msgs:/home/aidan/GitHub/AidansRepo/TeensySwerve/install/std_srvs:/home/aidan/GitHub/AidansRepo/TeensySwerve/install/shape_msgs:/home/aidan/GitHub/AidansRepo/TeensySwerve/install/sensor_msgs:/home/aidan/GitHub/AidansRepo/TeensySwerve/install/nav_msgs:/home/aidan/GitHub/AidansRepo/TeensySwerve/install/diagnostic_msgs:/home/aidan/GitHub/AidansRepo/TeensySwerve/install/actionlib_msgs:/home/aidan/GitHub/AidansRepo/TeensySwerve/install/statistics_msgs:/home/aidan/GitHub/AidansRepo/TeensySwerve/install/rosidl_typesupport_microxrcedds_test_msg:/home/aidan/GitHub/AidansRepo/TeensySwerve/install/rosidl_typesupport_microxrcedds_cpp_tests:/home/aidan/GitHub/AidansRepo/TeensySwerve/install/rmw_microxrcedds:/home/aidan/GitHub/AidansRepo/TeensySwerve/install/rosidl_typesupport_microxrcedds_cpp:/home/aidan/GitHub/AidansRepo/TeensySwerve/install/rosidl_typesupport_microxrcedds_c_tests:/home/aidan/GitHub/AidansRepo/TeensySwerve/install/rosidl_typesupport_microxrcedds_c:/home/aidan/GitHub/AidansRepo/TeensySwerve/install/rosgraph_msgs:/home/aidan/GitHub/AidansRepo/TeensySwerve/install/rclc_parameter:/home/aidan/GitHub/AidansRepo/TeensySwerve/install/rclc:/home/aidan/GitHub/AidansRepo/TeensySwerve/install/composition_interfaces:/home/aidan/GitHub/AidansRepo/TeensySwerve/install/rcl_interfaces:/home/aidan/GitHub/AidansRepo/TeensySwerve/install/microxrcedds_client:/home/aidan/GitHub/AidansRepo/TeensySwerve/install/microcdr:/home/aidan/GitHub/AidansRepo/TeensySwerve/install/micro_ros_utilities:/home/aidan/GitHub/AidansRepo/TeensySwerve/install/micro_ros_msgs:/home/aidan/GitHub/AidansRepo/TeensySwerve/install/lifecycle_msgs:/home/aidan/GitHub/AidansRepo/TeensySwerve/install/complex_msgs:/home/aidan/GitHub/AidansRepo/TeensySwerve/install/tnsy_interfaces:/home/aidan/microros_ws/install/micro_ros_setup:/home/aidan/microros_ws/install/micro_ros_agent:/home/aidan/microros_ws/install/micro_ros_msgs:/home/aidan/GitHub/AidansRepo/TeensySwerve/install/sensor_msgs_py:/home/aidan/GitHub/AidansRepo/TeensySwerve/install/tnsy_swrv_controller:/opt/ros/humble LD_LIBRARY_PATH=/home/aidan/GitHub/AidansRepo/TeensySwerve/install/geometry_msgs/lib:/home/aidan/GitHub/AidansRepo/TeensySwerve/install/std_msgs/lib:/home/aidan/GitHub/AidansRepo/TeensySwerve/install/builtin_interfaces/lib:/home/aidan/GitHub/AidansRepo/TeensySwerve/install/visualization_msgs/lib:/home/aidan/GitHub/AidansRepo/TeensySwerve/install/test_msgs/lib:/home/aidan/GitHub/AidansRepo/TeensySwerve/install/example_interfaces/lib:/home/aidan/GitHub/AidansRepo/TeensySwerve/install/action_msgs/lib:/home/aidan/GitHub/AidansRepo/TeensySwerve/install/unique_identifier_msgs/lib:/home/aidan/GitHub/AidansRepo/TeensySwerve/install/trajectory_msgs/lib:/home/aidan/GitHub/AidansRepo/TeensySwerve/install/stereo_msgs/lib:/home/aidan/GitHub/AidansRepo/TeensySwerve/install/std_srvs/lib:/home/aidan/GitHub/AidansRepo/TeensySwerve/install/shape_msgs/lib:/home/aidan/GitHub/AidansRepo/TeensySwerve/install/sensor_msgs/lib:/home/aidan/GitHub/AidansRepo/TeensySwerve/install/nav_msgs/lib:/home/aidan/GitHub/AidansRepo/TeensySwerve/install/diagnostic_msgs/lib:/home/aidan/GitHub/AidansRepo/TeensySwerve/install/actionlib_msgs/lib:/home/aidan/GitHub/AidansRepo/TeensySwerve/install/statistics_msgs/lib:/home/aidan/GitHub/AidansRepo/TeensySwerve/install/rosidl_typesupport_microxrcedds_test_msg/lib:/home/aidan/GitHub/AidansRepo/TeensySwerve/install/rmw_microxrcedds/lib:/home/aidan/GitHub/AidansRepo/TeensySwerve/install/rosidl_typesupport_microxrcedds_cpp/lib:/home/aidan/GitHub/AidansRepo/TeensySwerve/install/rosidl_typesupport_microxrcedds_c/lib:/home/aidan/GitHub/AidansRepo/TeensySwerve/install/rosgraph_msgs/lib:/home/aidan/GitHub/AidansRepo/TeensySwerve/install/rclc_parameter/lib:/home/aidan/GitHub/AidansRepo/TeensySwerve/install/rclc/lib:/home/aidan/GitHub/AidansRepo/TeensySwerve/install/composition_interfaces/lib:/home/aidan/GitHub/AidansRepo/TeensySwerve/install/rcl_interfaces/lib:/home/aidan/GitHub/AidansRepo/TeensySwerve/install/micro_ros_utilities/lib:/home/aidan/GitHub/AidansRepo/TeensySwerve/install/micro_ros_msgs/lib:/home/aidan/GitHub/AidansRepo/TeensySwerve/install/lifecycle_msgs/lib:/home/aidan/GitHub/AidansRepo/TeensySwerve/install/complex_msgs/lib:/home/aidan/GitHub/AidansRepo/TeensySwerve/install/tnsy_interfaces/lib:/home/aidan/microros_ws/install/micro_ros_agent/lib:/home/aidan/microros_ws/install/micro_ros_msgs/lib:/opt/ros/humble/opt/rviz_ogre_vendor/lib:/opt/ros/humble/lib/x86_64-linux-gnu:/opt/ros/humble/lib /usr/bin/cmake --install /home/aidan/GitHub/AidansRepo/TeensySwerve/build/shape_msgs
