[0.108s] Invoking command in '/home/aidan/GitHub/AidansRepo/TeensySwerve/build/complex_msgs': CMAKE_PREFIX_PATH=/home/aidan/GitHub/AidansRepo/TeensySwerve/install/builtin_interfaces:/home/aidan/GitHub/AidansRepo/TeensySwerve/install/micro_ros_demos_rclc:/home/aidan/GitHub/AidansRepo/TeensySwerve/install/common_interfaces:/home/aidan/GitHub/AidansRepo/TeensySwerve/install/visualization_msgs:/home/aidan/GitHub/AidansRepo/TeensySwerve/install/test_msgs:/home/aidan/GitHub/AidansRepo/TeensySwerve/install/example_interfaces:/home/aidan/GitHub/AidansRepo/TeensySwerve/install/action_msgs:/home/aidan/GitHub/AidansRepo/TeensySwerve/install/unique_identifier_msgs:/home/aidan/GitHub/AidansRepo/TeensySwerve/install/trajectory_msgs:/home/aidan/GitHub/AidansRepo/TeensySwerve/install/stereo_msgs:/home/aidan/GitHub/AidansRepo/TeensySwerve/install/std_srvs:/home/aidan/GitHub/AidansRepo/TeensySwerve/install/shape_msgs:/home/aidan/GitHub/AidansRepo/TeensySwerve/install/sensor_msgs:/home/aidan/GitHub/AidansRepo/TeensySwerve/install/nav_msgs:/home/aidan/GitHub/AidansRepo/TeensySwerve/install/diagnostic_msgs:/home/aidan/GitHub/AidansRepo/TeensySwerve/install/geometry_msgs:/home/aidan/GitHub/AidansRepo/TeensySwerve/install/actionlib_msgs:/home/aidan/GitHub/AidansRepo/TeensySwerve/install/std_msgs:/home/aidan/GitHub/AidansRepo/TeensySwerve/install/statistics_msgs:/home/aidan/GitHub/AidansRepo/TeensySwerve/install/rosidl_typesupport_microxrcedds_test_msg:/home/aidan/GitHub/AidansRepo/TeensySwerve/install/rosidl_typesupport_microxrcedds_cpp_tests:/home/aidan/GitHub/AidansRepo/TeensySwerve/install/rmw_microxrcedds:/home/aidan/GitHub/AidansRepo/TeensySwerve/install/rosidl_typesupport_microxrcedds_cpp:/home/aidan/GitHub/AidansRepo/TeensySwerve/install/rosidl_typesupport_microxrcedds_c_tests:/home/aidan/GitHub/AidansRepo/TeensySwerve/install/rosidl_typesupport_microxrcedds_c:/home/aidan/GitHub/AidansRepo/TeensySwerve/install/rosgraph_msgs:/home/aidan/GitHub/AidansRepo/TeensySwerve/install/rclc_parameter:/home/aidan/GitHub/AidansRepo/TeensySwerve/install/rclc:/home/aidan/GitHub/AidansRepo/TeensySwerve/install/composition_interfaces:/home/aidan/GitHub/AidansRepo/TeensySwerve/install/rcl_interfaces:/home/aidan/GitHub/AidansRepo/TeensySwerve/install/microxrcedds_client:/home/aidan/GitHub/AidansRepo/TeensySwerve/install/microcdr:/home/aidan/GitHub/AidansRepo/TeensySwerve/install/micro_ros_utilities:/home/aidan/GitHub/AidansRepo/TeensySwerve/install/micro_ros_msgs:/home/aidan/GitHub/AidansRepo/TeensySwerve/install/lifecycle_msgs:/home/aidan/GitHub/AidansRepo/TeensySwerve/install/complex_msgs:/home/aidan/GitHub/AidansRepo/TeensySwerve/install/tnsy_interfaces:/home/aidan/microros_ws/install/micro_ros_setup:/home/aidan/microros_ws/install/micro_ros_agent:/home/aidan/microros_ws/install/micro_ros_msgs:/home/aidan/GitHub/AidansRepo/TeensySwerve/install/sensor_msgs_py:/home/aidan/GitHub/AidansRepo/TeensySwerve/install/tnsy_swrv_controller:/opt/ros/humble LD_LIBRARY_PATH=/home/aidan/GitHub/AidansRepo/TeensySwerve/install/builtin_interfaces/lib:/home/aidan/GitHub/AidansRepo/TeensySwerve/install/visualization_msgs/lib:/home/aidan/GitHub/AidansRepo/TeensySwerve/install/test_msgs/lib:/home/aidan/GitHub/AidansRepo/TeensySwerve/install/example_interfaces/lib:/home/aidan/GitHub/AidansRepo/TeensySwerve/install/action_msgs/lib:/home/aidan/GitHub/AidansRepo/TeensySwerve/install/unique_identifier_msgs/lib:/home/aidan/GitHub/AidansRepo/TeensySwerve/install/trajectory_msgs/lib:/home/aidan/GitHub/AidansRepo/TeensySwerve/install/stereo_msgs/lib:/home/aidan/GitHub/AidansRepo/TeensySwerve/install/std_srvs/lib:/home/aidan/GitHub/AidansRepo/TeensySwerve/install/shape_msgs/lib:/home/aidan/GitHub/AidansRepo/TeensySwerve/install/sensor_msgs/lib:/home/aidan/GitHub/AidansRepo/TeensySwerve/install/nav_msgs/lib:/home/aidan/GitHub/AidansRepo/TeensySwerve/install/diagnostic_msgs/lib:/home/aidan/GitHub/AidansRepo/TeensySwerve/install/geometry_msgs/lib:/home/aidan/GitHub/AidansRepo/TeensySwerve/install/actionlib_msgs/lib:/home/aidan/GitHub/AidansRepo/TeensySwerve/install/std_msgs/lib:/home/aidan/GitHub/AidansRepo/TeensySwerve/install/statistics_msgs/lib:/home/aidan/GitHub/AidansRepo/TeensySwerve/install/rosidl_typesupport_microxrcedds_test_msg/lib:/home/aidan/GitHub/AidansRepo/TeensySwerve/install/rmw_microxrcedds/lib:/home/aidan/GitHub/AidansRepo/TeensySwerve/install/rosidl_typesupport_microxrcedds_cpp/lib:/home/aidan/GitHub/AidansRepo/TeensySwerve/install/rosidl_typesupport_microxrcedds_c/lib:/home/aidan/GitHub/AidansRepo/TeensySwerve/install/rosgraph_msgs/lib:/home/aidan/GitHub/AidansRepo/TeensySwerve/install/rclc_parameter/lib:/home/aidan/GitHub/AidansRepo/TeensySwerve/install/rclc/lib:/home/aidan/GitHub/AidansRepo/TeensySwerve/install/composition_interfaces/lib:/home/aidan/GitHub/AidansRepo/TeensySwerve/install/rcl_interfaces/lib:/home/aidan/GitHub/AidansRepo/TeensySwerve/install/micro_ros_utilities/lib:/home/aidan/GitHub/AidansRepo/TeensySwerve/install/micro_ros_msgs/lib:/home/aidan/GitHub/AidansRepo/TeensySwerve/install/lifecycle_msgs/lib:/home/aidan/GitHub/AidansRepo/TeensySwerve/install/complex_msgs/lib:/home/aidan/GitHub/AidansRepo/TeensySwerve/install/tnsy_interfaces/lib:/home/aidan/microros_ws/install/micro_ros_agent/lib:/home/aidan/microros_ws/install/micro_ros_msgs/lib:/opt/ros/humble/opt/rviz_ogre_vendor/lib:/opt/ros/humble/lib/x86_64-linux-gnu:/opt/ros/humble/lib /usr/bin/cmake --build /home/aidan/GitHub/AidansRepo/TeensySwerve/build/complex_msgs -- -j4 -l4
[0.331s] [ 10%] Built target complex_msgs__rosidl_generator_c
[0.514s] [ 10%] Built target ament_cmake_python_copy_complex_msgs
[0.680s] [ 20%] Built target complex_msgs__rosidl_typesupport_fastrtps_c
[0.874s] [ 30%] Built target complex_msgs__rosidl_typesupport_introspection_c
[2.474s] running egg_info
[2.477s] writing complex_msgs.egg-info/PKG-INFO
[2.477s] writing dependency_links to complex_msgs.egg-info/dependency_links.txt
[2.486s] writing top-level names to complex_msgs.egg-info/top_level.txt
[2.490s] reading manifest file 'complex_msgs.egg-info/SOURCES.txt'
[2.492s] writing manifest file 'complex_msgs.egg-info/SOURCES.txt'
[2.628s] [ 30%] Built target ament_cmake_python_build_complex_msgs_egg
[2.772s] [ 41%] Built target complex_msgs__rosidl_typesupport_c
[2.893s] [ 43%] Built target complex_msgs__cpp
[3.105s] [ 53%] Built target complex_msgs__rosidl_typesupport_introspection_cpp
[3.359s] [ 64%] Built target complex_msgs__rosidl_typesupport_fastrtps_cpp
[3.610s] [ 74%] Built target complex_msgs__rosidl_typesupport_cpp
[3.841s] [ 74%] Built target complex_msgs
[4.075s] [ 76%] Built target complex_msgs__py
[4.437s] [ 84%] Built target complex_msgs__rosidl_generator_py
[4.701s] [ 89%] Built target complex_msgs__rosidl_typesupport_fastrtps_c__pyext
[5.003s] [ 94%] Built target complex_msgs__rosidl_typesupport_c__pyext
[5.100s] [100%] Built target complex_msgs__rosidl_typesupport_introspection_c__pyext
[5.185s] Invoked command in '/home/aidan/GitHub/AidansRepo/TeensySwerve/build/complex_msgs' returned '0': CMAKE_PREFIX_PATH=/home/aidan/GitHub/AidansRepo/TeensySwerve/install/builtin_interfaces:/home/aidan/GitHub/AidansRepo/TeensySwerve/install/micro_ros_demos_rclc:/home/aidan/GitHub/AidansRepo/TeensySwerve/install/common_interfaces:/home/aidan/GitHub/AidansRepo/TeensySwerve/install/visualization_msgs:/home/aidan/GitHub/AidansRepo/TeensySwerve/install/test_msgs:/home/aidan/GitHub/AidansRepo/TeensySwerve/install/example_interfaces:/home/aidan/GitHub/AidansRepo/TeensySwerve/install/action_msgs:/home/aidan/GitHub/AidansRepo/TeensySwerve/install/unique_identifier_msgs:/home/aidan/GitHub/AidansRepo/TeensySwerve/install/trajectory_msgs:/home/aidan/GitHub/AidansRepo/TeensySwerve/install/stereo_msgs:/home/aidan/GitHub/AidansRepo/TeensySwerve/install/std_srvs:/home/aidan/GitHub/AidansRepo/TeensySwerve/install/shape_msgs:/home/aidan/GitHub/AidansRepo/TeensySwerve/install/sensor_msgs:/home/aidan/GitHub/AidansRepo/TeensySwerve/install/nav_msgs:/home/aidan/GitHub/AidansRepo/TeensySwerve/install/diagnostic_msgs:/home/aidan/GitHub/AidansRepo/TeensySwerve/install/geometry_msgs:/home/aidan/GitHub/AidansRepo/TeensySwerve/install/actionlib_msgs:/home/aidan/GitHub/AidansRepo/TeensySwerve/install/std_msgs:/home/aidan/GitHub/AidansRepo/TeensySwerve/install/statistics_msgs:/home/aidan/GitHub/AidansRepo/TeensySwerve/install/rosidl_typesupport_microxrcedds_test_msg:/home/aidan/GitHub/AidansRepo/TeensySwerve/install/rosidl_typesupport_microxrcedds_cpp_tests:/home/aidan/GitHub/AidansRepo/TeensySwerve/install/rmw_microxrcedds:/home/aidan/GitHub/AidansRepo/TeensySwerve/install/rosidl_typesupport_microxrcedds_cpp:/home/aidan/GitHub/AidansRepo/TeensySwerve/install/rosidl_typesupport_microxrcedds_c_tests:/home/aidan/GitHub/AidansRepo/TeensySwerve/install/rosidl_typesupport_microxrcedds_c:/home/aidan/GitHub/AidansRepo/TeensySwerve/install/rosgraph_msgs:/home/aidan/GitHub/AidansRepo/TeensySwerve/install/rclc_parameter:/home/aidan/GitHub/AidansRepo/TeensySwerve/install/rclc:/home/aidan/GitHub/AidansRepo/TeensySwerve/install/composition_interfaces:/home/aidan/GitHub/AidansRepo/TeensySwerve/install/rcl_interfaces:/home/aidan/GitHub/AidansRepo/TeensySwerve/install/microxrcedds_client:/home/aidan/GitHub/AidansRepo/TeensySwerve/install/microcdr:/home/aidan/GitHub/AidansRepo/TeensySwerve/install/micro_ros_utilities:/home/aidan/GitHub/AidansRepo/TeensySwerve/install/micro_ros_msgs:/home/aidan/GitHub/AidansRepo/TeensySwerve/install/lifecycle_msgs:/home/aidan/GitHub/AidansRepo/TeensySwerve/install/complex_msgs:/home/aidan/GitHub/AidansRepo/TeensySwerve/install/tnsy_interfaces:/home/aidan/microros_ws/install/micro_ros_setup:/home/aidan/microros_ws/install/micro_ros_agent:/home/aidan/microros_ws/install/micro_ros_msgs:/home/aidan/GitHub/AidansRepo/TeensySwerve/install/sensor_msgs_py:/home/aidan/GitHub/AidansRepo/TeensySwerve/install/tnsy_swrv_controller:/opt/ros/humble LD_LIBRARY_PATH=/home/aidan/GitHub/AidansRepo/TeensySwerve/install/builtin_interfaces/lib:/home/aidan/GitHub/AidansRepo/TeensySwerve/install/visualization_msgs/lib:/home/aidan/GitHub/AidansRepo/TeensySwerve/install/test_msgs/lib:/home/aidan/GitHub/AidansRepo/TeensySwerve/install/example_interfaces/lib:/home/aidan/GitHub/AidansRepo/TeensySwerve/install/action_msgs/lib:/home/aidan/GitHub/AidansRepo/TeensySwerve/install/unique_identifier_msgs/lib:/home/aidan/GitHub/AidansRepo/TeensySwerve/install/trajectory_msgs/lib:/home/aidan/GitHub/AidansRepo/TeensySwerve/install/stereo_msgs/lib:/home/aidan/GitHub/AidansRepo/TeensySwerve/install/std_srvs/lib:/home/aidan/GitHub/AidansRepo/TeensySwerve/install/shape_msgs/lib:/home/aidan/GitHub/AidansRepo/TeensySwerve/install/sensor_msgs/lib:/home/aidan/GitHub/AidansRepo/TeensySwerve/install/nav_msgs/lib:/home/aidan/GitHub/AidansRepo/TeensySwerve/install/diagnostic_msgs/lib:/home/aidan/GitHub/AidansRepo/TeensySwerve/install/geometry_msgs/lib:/home/aidan/GitHub/AidansRepo/TeensySwerve/install/actionlib_msgs/lib:/home/aidan/GitHub/AidansRepo/TeensySwerve/install/std_msgs/lib:/home/aidan/GitHub/AidansRepo/TeensySwerve/install/statistics_msgs/lib:/home/aidan/GitHub/AidansRepo/TeensySwerve/install/rosidl_typesupport_microxrcedds_test_msg/lib:/home/aidan/GitHub/AidansRepo/TeensySwerve/install/rmw_microxrcedds/lib:/home/aidan/GitHub/AidansRepo/TeensySwerve/install/rosidl_typesupport_microxrcedds_cpp/lib:/home/aidan/GitHub/AidansRepo/TeensySwerve/install/rosidl_typesupport_microxrcedds_c/lib:/home/aidan/GitHub/AidansRepo/TeensySwerve/install/rosgraph_msgs/lib:/home/aidan/GitHub/AidansRepo/TeensySwerve/install/rclc_parameter/lib:/home/aidan/GitHub/AidansRepo/TeensySwerve/install/rclc/lib:/home/aidan/GitHub/AidansRepo/TeensySwerve/install/composition_interfaces/lib:/home/aidan/GitHub/AidansRepo/TeensySwerve/install/rcl_interfaces/lib:/home/aidan/GitHub/AidansRepo/TeensySwerve/install/micro_ros_utilities/lib:/home/aidan/GitHub/AidansRepo/TeensySwerve/install/micro_ros_msgs/lib:/home/aidan/GitHub/AidansRepo/TeensySwerve/install/lifecycle_msgs/lib:/home/aidan/GitHub/AidansRepo/TeensySwerve/install/complex_msgs/lib:/home/aidan/GitHub/AidansRepo/TeensySwerve/install/tnsy_interfaces/lib:/home/aidan/microros_ws/install/micro_ros_agent/lib:/home/aidan/microros_ws/install/micro_ros_msgs/lib:/opt/ros/humble/opt/rviz_ogre_vendor/lib:/opt/ros/humble/lib/x86_64-linux-gnu:/opt/ros/humble/lib /usr/bin/cmake --build /home/aidan/GitHub/AidansRepo/TeensySwerve/build/complex_msgs -- -j4 -l4
[6.280s] Invoking command in '/home/aidan/GitHub/AidansRepo/TeensySwerve/build/complex_msgs': CMAKE_PREFIX_PATH=/home/aidan/GitHub/AidansRepo/TeensySwerve/install/builtin_interfaces:/home/aidan/GitHub/AidansRepo/TeensySwerve/install/micro_ros_demos_rclc:/home/aidan/GitHub/AidansRepo/TeensySwerve/install/common_interfaces:/home/aidan/GitHub/AidansRepo/TeensySwerve/install/visualization_msgs:/home/aidan/GitHub/AidansRepo/TeensySwerve/install/test_msgs:/home/aidan/GitHub/AidansRepo/TeensySwerve/install/example_interfaces:/home/aidan/GitHub/AidansRepo/TeensySwerve/install/action_msgs:/home/aidan/GitHub/AidansRepo/TeensySwerve/install/unique_identifier_msgs:/home/aidan/GitHub/AidansRepo/TeensySwerve/install/trajectory_msgs:/home/aidan/GitHub/AidansRepo/TeensySwerve/install/stereo_msgs:/home/aidan/GitHub/AidansRepo/TeensySwerve/install/std_srvs:/home/aidan/GitHub/AidansRepo/TeensySwerve/install/shape_msgs:/home/aidan/GitHub/AidansRepo/TeensySwerve/install/sensor_msgs:/home/aidan/GitHub/AidansRepo/TeensySwerve/install/nav_msgs:/home/aidan/GitHub/AidansRepo/TeensySwerve/install/diagnostic_msgs:/home/aidan/GitHub/AidansRepo/TeensySwerve/install/geometry_msgs:/home/aidan/GitHub/AidansRepo/TeensySwerve/install/actionlib_msgs:/home/aidan/GitHub/AidansRepo/TeensySwerve/install/std_msgs:/home/aidan/GitHub/AidansRepo/TeensySwerve/install/statistics_msgs:/home/aidan/GitHub/AidansRepo/TeensySwerve/install/rosidl_typesupport_microxrcedds_test_msg:/home/aidan/GitHub/AidansRepo/TeensySwerve/install/rosidl_typesupport_microxrcedds_cpp_tests:/home/aidan/GitHub/AidansRepo/TeensySwerve/install/rmw_microxrcedds:/home/aidan/GitHub/AidansRepo/TeensySwerve/install/rosidl_typesupport_microxrcedds_cpp:/home/aidan/GitHub/AidansRepo/TeensySwerve/install/rosidl_typesupport_microxrcedds_c_tests:/home/aidan/GitHub/AidansRepo/TeensySwerve/install/rosidl_typesupport_microxrcedds_c:/home/aidan/GitHub/AidansRepo/TeensySwerve/install/rosgraph_msgs:/home/aidan/GitHub/AidansRepo/TeensySwerve/install/rclc_parameter:/home/aidan/GitHub/AidansRepo/TeensySwerve/install/rclc:/home/aidan/GitHub/AidansRepo/TeensySwerve/install/composition_interfaces:/home/aidan/GitHub/AidansRepo/TeensySwerve/install/rcl_interfaces:/home/aidan/GitHub/AidansRepo/TeensySwerve/install/microxrcedds_client:/home/aidan/GitHub/AidansRepo/TeensySwerve/install/microcdr:/home/aidan/GitHub/AidansRepo/TeensySwerve/install/micro_ros_utilities:/home/aidan/GitHub/AidansRepo/TeensySwerve/install/micro_ros_msgs:/home/aidan/GitHub/AidansRepo/TeensySwerve/install/lifecycle_msgs:/home/aidan/GitHub/AidansRepo/TeensySwerve/install/complex_msgs:/home/aidan/GitHub/AidansRepo/TeensySwerve/install/tnsy_interfaces:/home/aidan/microros_ws/install/micro_ros_setup:/home/aidan/microros_ws/install/micro_ros_agent:/home/aidan/microros_ws/install/micro_ros_msgs:/home/aidan/GitHub/AidansRepo/TeensySwerve/install/sensor_msgs_py:/home/aidan/GitHub/AidansRepo/TeensySwerve/install/tnsy_swrv_controller:/opt/ros/humble LD_LIBRARY_PATH=/home/aidan/GitHub/AidansRepo/TeensySwerve/install/builtin_interfaces/lib:/home/aidan/GitHub/AidansRepo/TeensySwerve/install/visualization_msgs/lib:/home/aidan/GitHub/AidansRepo/TeensySwerve/install/test_msgs/lib:/home/aidan/GitHub/AidansRepo/TeensySwerve/install/example_interfaces/lib:/home/aidan/GitHub/AidansRepo/TeensySwerve/install/action_msgs/lib:/home/aidan/GitHub/AidansRepo/TeensySwerve/install/unique_identifier_msgs/lib:/home/aidan/GitHub/AidansRepo/TeensySwerve/install/trajectory_msgs/lib:/home/aidan/GitHub/AidansRepo/TeensySwerve/install/stereo_msgs/lib:/home/aidan/GitHub/AidansRepo/TeensySwerve/install/std_srvs/lib:/home/aidan/GitHub/AidansRepo/TeensySwerve/install/shape_msgs/lib:/home/aidan/GitHub/AidansRepo/TeensySwerve/install/sensor_msgs/lib:/home/aidan/GitHub/AidansRepo/TeensySwerve/install/nav_msgs/lib:/home/aidan/GitHub/AidansRepo/TeensySwerve/install/diagnostic_msgs/lib:/home/aidan/GitHub/AidansRepo/TeensySwerve/install/geometry_msgs/lib:/home/aidan/GitHub/AidansRepo/TeensySwerve/install/actionlib_msgs/lib:/home/aidan/GitHub/AidansRepo/TeensySwerve/install/std_msgs/lib:/home/aidan/GitHub/AidansRepo/TeensySwerve/install/statistics_msgs/lib:/home/aidan/GitHub/AidansRepo/TeensySwerve/install/rosidl_typesupport_microxrcedds_test_msg/lib:/home/aidan/GitHub/AidansRepo/TeensySwerve/install/rmw_microxrcedds/lib:/home/aidan/GitHub/AidansRepo/TeensySwerve/install/rosidl_typesupport_microxrcedds_cpp/lib:/home/aidan/GitHub/AidansRepo/TeensySwerve/install/rosidl_typesupport_microxrcedds_c/lib:/home/aidan/GitHub/AidansRepo/TeensySwerve/install/rosgraph_msgs/lib:/home/aidan/GitHub/AidansRepo/TeensySwerve/install/rclc_parameter/lib:/home/aidan/GitHub/AidansRepo/TeensySwerve/install/rclc/lib:/home/aidan/GitHub/AidansRepo/TeensySwerve/install/composition_interfaces/lib:/home/aidan/GitHub/AidansRepo/TeensySwerve/install/rcl_interfaces/lib:/home/aidan/GitHub/AidansRepo/TeensySwerve/install/micro_ros_utilities/lib:/home/aidan/GitHub/AidansRepo/TeensySwerve/install/micro_ros_msgs/lib:/home/aidan/GitHub/AidansRepo/TeensySwerve/install/lifecycle_msgs/lib:/home/aidan/GitHub/AidansRepo/TeensySwerve/install/complex_msgs/lib:/home/aidan/GitHub/AidansRepo/TeensySwerve/install/tnsy_interfaces/lib:/home/aidan/microros_ws/install/micro_ros_agent/lib:/home/aidan/microros_ws/install/micro_ros_msgs/lib:/opt/ros/humble/opt/rviz_ogre_vendor/lib:/opt/ros/humble/lib/x86_64-linux-gnu:/opt/ros/humble/lib /usr/bin/cmake --install /home/aidan/GitHub/AidansRepo/TeensySwerve/build/complex_msgs
[6.353s] -- Install configuration: ""
[6.353s] -- Up-to-date: /home/aidan/GitHub/AidansRepo/TeensySwerve/install/complex_msgs/share/ament_index/resource_index/rosidl_interfaces/complex_msgs
[6.354s] -- Up-to-date: /home/aidan/GitHub/AidansRepo/TeensySwerve/install/complex_msgs/include/complex_msgs/complex_msgs
[6.354s] -- Up-to-date: /home/aidan/GitHub/AidansRepo/TeensySwerve/install/complex_msgs/include/complex_msgs/complex_msgs/msg
[6.354s] -- Up-to-date: /home/aidan/GitHub/AidansRepo/TeensySwerve/install/complex_msgs/include/complex_msgs/complex_msgs/msg/nested_msg_test.h
[6.354s] -- Up-to-date: /home/aidan/GitHub/AidansRepo/TeensySwerve/install/complex_msgs/include/complex_msgs/complex_msgs/msg/multi_string_test.h
[6.354s] -- Up-to-date: /home/aidan/GitHub/AidansRepo/TeensySwerve/install/complex_msgs/include/complex_msgs/complex_msgs/msg/rosidl_generator_c__visibility_control.h
[6.354s] -- Up-to-date: /home/aidan/GitHub/AidansRepo/TeensySwerve/install/complex_msgs/include/complex_msgs/complex_msgs/msg/detail
[6.355s] -- Up-to-date: /home/aidan/GitHub/AidansRepo/TeensySwerve/install/complex_msgs/include/complex_msgs/complex_msgs/msg/detail/nested_msg_test__type_support.h
[6.356s] -- Up-to-date: /home/aidan/GitHub/AidansRepo/TeensySwerve/install/complex_msgs/include/complex_msgs/complex_msgs/msg/detail/nested_msg_test__functions.h
[6.356s] -- Up-to-date: /home/aidan/GitHub/AidansRepo/TeensySwerve/install/complex_msgs/include/complex_msgs/complex_msgs/msg/detail/multi_string_test__functions.c
[6.357s] -- Up-to-date: /home/aidan/GitHub/AidansRepo/TeensySwerve/install/complex_msgs/include/complex_msgs/complex_msgs/msg/detail/multi_string_test__functions.h
[6.357s] -- Up-to-date: /home/aidan/GitHub/AidansRepo/TeensySwerve/install/complex_msgs/include/complex_msgs/complex_msgs/msg/detail/nested_msg_test__struct.h
[6.357s] -- Up-to-date: /home/aidan/GitHub/AidansRepo/TeensySwerve/install/complex_msgs/include/complex_msgs/complex_msgs/msg/detail/multi_string_test__type_support.h
[6.357s] -- Up-to-date: /home/aidan/GitHub/AidansRepo/TeensySwerve/install/complex_msgs/include/complex_msgs/complex_msgs/msg/detail/nested_msg_test__functions.c
[6.358s] -- Up-to-date: /home/aidan/GitHub/AidansRepo/TeensySwerve/install/complex_msgs/include/complex_msgs/complex_msgs/msg/detail/multi_string_test__struct.h
[6.358s] -- Up-to-date: /home/aidan/GitHub/AidansRepo/TeensySwerve/install/complex_msgs/share/complex_msgs/environment/library_path.sh
[6.358s] -- Up-to-date: /home/aidan/GitHub/AidansRepo/TeensySwerve/install/complex_msgs/share/complex_msgs/environment/library_path.dsv
[6.358s] -- Up-to-date: /home/aidan/GitHub/AidansRepo/TeensySwerve/install/complex_msgs/lib/libcomplex_msgs__rosidl_generator_c.so
[6.358s] -- Up-to-date: /home/aidan/GitHub/AidansRepo/TeensySwerve/install/complex_msgs/include/complex_msgs/complex_msgs
[6.358s] -- Up-to-date: /home/aidan/GitHub/AidansRepo/TeensySwerve/install/complex_msgs/include/complex_msgs/complex_msgs/msg
[6.358s] -- Up-to-date: /home/aidan/GitHub/AidansRepo/TeensySwerve/install/complex_msgs/include/complex_msgs/complex_msgs/msg/rosidl_typesupport_fastrtps_c__visibility_control.h
[6.365s] -- Up-to-date: /home/aidan/GitHub/AidansRepo/TeensySwerve/install/complex_msgs/include/complex_msgs/complex_msgs/msg/detail
[6.366s] -- Up-to-date: /home/aidan/GitHub/AidansRepo/TeensySwerve/install/complex_msgs/include/complex_msgs/complex_msgs/msg/detail/nested_msg_test__rosidl_typesupport_fastrtps_c.h
[6.366s] -- Up-to-date: /home/aidan/GitHub/AidansRepo/TeensySwerve/install/complex_msgs/include/complex_msgs/complex_msgs/msg/detail/multi_string_test__rosidl_typesupport_fastrtps_c.h
[6.366s] -- Up-to-date: /home/aidan/GitHub/AidansRepo/TeensySwerve/install/complex_msgs/lib/libcomplex_msgs__rosidl_typesupport_fastrtps_c.so
[6.372s] -- Up-to-date: /home/aidan/GitHub/AidansRepo/TeensySwerve/install/complex_msgs/include/complex_msgs/complex_msgs
[6.372s] -- Up-to-date: /home/aidan/GitHub/AidansRepo/TeensySwerve/install/complex_msgs/include/complex_msgs/complex_msgs/msg
[6.372s] -- Up-to-date: /home/aidan/GitHub/AidansRepo/TeensySwerve/install/complex_msgs/include/complex_msgs/complex_msgs/msg/multi_string_test.hpp
[6.372s] -- Up-to-date: /home/aidan/GitHub/AidansRepo/TeensySwerve/install/complex_msgs/include/complex_msgs/complex_msgs/msg/nested_msg_test.hpp
[6.375s] -- Up-to-date: /home/aidan/GitHub/AidansRepo/TeensySwerve/install/complex_msgs/include/complex_msgs/complex_msgs/msg/detail
[6.376s] -- Up-to-date: /home/aidan/GitHub/AidansRepo/TeensySwerve/install/complex_msgs/include/complex_msgs/complex_msgs/msg/detail/multi_string_test__traits.hpp
[6.378s] -- Up-to-date: /home/aidan/GitHub/AidansRepo/TeensySwerve/install/complex_msgs/include/complex_msgs/complex_msgs/msg/detail/multi_string_test__struct.hpp
[6.381s] -- Up-to-date: /home/aidan/GitHub/AidansRepo/TeensySwerve/install/complex_msgs/include/complex_msgs/complex_msgs/msg/detail/nested_msg_test__traits.hpp
[6.381s] -- Up-to-date: /home/aidan/GitHub/AidansRepo/TeensySwerve/install/complex_msgs/include/complex_msgs/complex_msgs/msg/detail/nested_msg_test__builder.hpp
[6.381s] -- Up-to-date: /home/aidan/GitHub/AidansRepo/TeensySwerve/install/complex_msgs/include/complex_msgs/complex_msgs/msg/detail/multi_string_test__builder.hpp
[6.382s] -- Up-to-date: /home/aidan/GitHub/AidansRepo/TeensySwerve/install/complex_msgs/include/complex_msgs/complex_msgs/msg/detail/nested_msg_test__type_support.hpp
[6.383s] -- Up-to-date: /home/aidan/GitHub/AidansRepo/TeensySwerve/install/complex_msgs/include/complex_msgs/complex_msgs/msg/detail/nested_msg_test__struct.hpp
[6.384s] -- Up-to-date: /home/aidan/GitHub/AidansRepo/TeensySwerve/install/complex_msgs/include/complex_msgs/complex_msgs/msg/detail/multi_string_test__type_support.hpp
[6.384s] -- Up-to-date: /home/aidan/GitHub/AidansRepo/TeensySwerve/install/complex_msgs/include/complex_msgs/complex_msgs/msg/rosidl_generator_cpp__visibility_control.hpp
[6.387s] -- Up-to-date: /home/aidan/GitHub/AidansRepo/TeensySwerve/install/complex_msgs/include/complex_msgs/complex_msgs
[6.391s] -- Up-to-date: /home/aidan/GitHub/AidansRepo/TeensySwerve/install/complex_msgs/include/complex_msgs/complex_msgs/msg
[6.391s] -- Up-to-date: /home/aidan/GitHub/AidansRepo/TeensySwerve/install/complex_msgs/include/complex_msgs/complex_msgs/msg/rosidl_typesupport_fastrtps_cpp__visibility_control.h
[6.391s] -- Up-to-date: /home/aidan/GitHub/AidansRepo/TeensySwerve/install/complex_msgs/include/complex_msgs/complex_msgs/msg/detail
[6.391s] -- Up-to-date: /home/aidan/GitHub/AidansRepo/TeensySwerve/install/complex_msgs/include/complex_msgs/complex_msgs/msg/detail/dds_fastrtps
[6.392s] -- Up-to-date: /home/aidan/GitHub/AidansRepo/TeensySwerve/install/complex_msgs/include/complex_msgs/complex_msgs/msg/detail/nested_msg_test__rosidl_typesupport_fastrtps_cpp.hpp
[6.392s] -- Up-to-date: /home/aidan/GitHub/AidansRepo/TeensySwerve/install/complex_msgs/include/complex_msgs/complex_msgs/msg/detail/multi_string_test__rosidl_typesupport_fastrtps_cpp.hpp
[6.392s] -- Up-to-date: /home/aidan/GitHub/AidansRepo/TeensySwerve/install/complex_msgs/lib/libcomplex_msgs__rosidl_typesupport_fastrtps_cpp.so
[6.392s] -- Up-to-date: /home/aidan/GitHub/AidansRepo/TeensySwerve/install/complex_msgs/include/complex_msgs/complex_msgs
[6.392s] -- Up-to-date: /home/aidan/GitHub/AidansRepo/TeensySwerve/install/complex_msgs/include/complex_msgs/complex_msgs/msg
[6.392s] -- Up-to-date: /home/aidan/GitHub/AidansRepo/TeensySwerve/install/complex_msgs/include/complex_msgs/complex_msgs/msg/detail
[6.392s] -- Up-to-date: /home/aidan/GitHub/AidansRepo/TeensySwerve/install/complex_msgs/include/complex_msgs/complex_msgs/msg/detail/multi_string_test__rosidl_typesupport_introspection_c.h
[6.393s] -- Up-to-date: /home/aidan/GitHub/AidansRepo/TeensySwerve/install/complex_msgs/include/complex_msgs/complex_msgs/msg/detail/nested_msg_test__rosidl_typesupport_introspection_c.h
[6.393s] -- Up-to-date: /home/aidan/GitHub/AidansRepo/TeensySwerve/install/complex_msgs/include/complex_msgs/complex_msgs/msg/detail/nested_msg_test__type_support.c
[6.399s] -- Up-to-date: /home/aidan/GitHub/AidansRepo/TeensySwerve/install/complex_msgs/include/complex_msgs/complex_msgs/msg/detail/multi_string_test__type_support.c
[6.400s] -- Up-to-date: /home/aidan/GitHub/AidansRepo/TeensySwerve/install/complex_msgs/include/complex_msgs/complex_msgs/msg/rosidl_typesupport_introspection_c__visibility_control.h
[6.400s] -- Up-to-date: /home/aidan/GitHub/AidansRepo/TeensySwerve/install/complex_msgs/lib/libcomplex_msgs__rosidl_typesupport_introspection_c.so
[6.400s] -- Up-to-date: /home/aidan/GitHub/AidansRepo/TeensySwerve/install/complex_msgs/lib/libcomplex_msgs__rosidl_typesupport_c.so
[6.401s] -- Up-to-date: /home/aidan/GitHub/AidansRepo/TeensySwerve/install/complex_msgs/include/complex_msgs/complex_msgs
[6.401s] -- Up-to-date: /home/aidan/GitHub/AidansRepo/TeensySwerve/install/complex_msgs/include/complex_msgs/complex_msgs/msg
[6.401s] -- Up-to-date: /home/aidan/GitHub/AidansRepo/TeensySwerve/install/complex_msgs/include/complex_msgs/complex_msgs/msg/detail
[6.401s] -- Up-to-date: /home/aidan/GitHub/AidansRepo/TeensySwerve/install/complex_msgs/include/complex_msgs/complex_msgs/msg/detail/multi_string_test__type_support.cpp
[6.412s] -- Up-to-date: /home/aidan/GitHub/AidansRepo/TeensySwerve/install/complex_msgs/include/complex_msgs/complex_msgs/msg/detail/multi_string_test__rosidl_typesupport_introspection_cpp.hpp
[6.413s] -- Up-to-date: /home/aidan/GitHub/AidansRepo/TeensySwerve/install/complex_msgs/include/complex_msgs/complex_msgs/msg/detail/nested_msg_test__rosidl_typesupport_introspection_cpp.hpp
[6.413s] -- Up-to-date: /home/aidan/GitHub/AidansRepo/TeensySwerve/install/complex_msgs/include/complex_msgs/complex_msgs/msg/detail/nested_msg_test__type_support.cpp
[6.413s] -- Up-to-date: /home/aidan/GitHub/AidansRepo/TeensySwerve/install/complex_msgs/lib/libcomplex_msgs__rosidl_typesupport_introspection_cpp.so
[6.413s] -- Up-to-date: /home/aidan/GitHub/AidansRepo/TeensySwerve/install/complex_msgs/lib/libcomplex_msgs__rosidl_typesupport_cpp.so
[6.418s] -- Up-to-date: /home/aidan/GitHub/AidansRepo/TeensySwerve/install/complex_msgs/share/complex_msgs/environment/pythonpath.sh
[6.418s] -- Up-to-date: /home/aidan/GitHub/AidansRepo/TeensySwerve/install/complex_msgs/share/complex_msgs/environment/pythonpath.dsv
[6.418s] -- Up-to-date: /home/aidan/GitHub/AidansRepo/TeensySwerve/install/complex_msgs/local/lib/python3.10/dist-packages/complex_msgs-3.0.2-py3.10.egg-info
[6.419s] -- Installing: /home/aidan/GitHub/AidansRepo/TeensySwerve/install/complex_msgs/local/lib/python3.10/dist-packages/complex_msgs-3.0.2-py3.10.egg-info/PKG-INFO
[6.419s] -- Installing: /home/aidan/GitHub/AidansRepo/TeensySwerve/install/complex_msgs/local/lib/python3.10/dist-packages/complex_msgs-3.0.2-py3.10.egg-info/SOURCES.txt
[6.423s] -- Installing: /home/aidan/GitHub/AidansRepo/TeensySwerve/install/complex_msgs/local/lib/python3.10/dist-packages/complex_msgs-3.0.2-py3.10.egg-info/dependency_links.txt
[6.423s] -- Installing: /home/aidan/GitHub/AidansRepo/TeensySwerve/install/complex_msgs/local/lib/python3.10/dist-packages/complex_msgs-3.0.2-py3.10.egg-info/top_level.txt
[6.423s] -- Up-to-date: /home/aidan/GitHub/AidansRepo/TeensySwerve/install/complex_msgs/local/lib/python3.10/dist-packages/complex_msgs
[6.423s] -- Up-to-date: /home/aidan/GitHub/AidansRepo/TeensySwerve/install/complex_msgs/local/lib/python3.10/dist-packages/complex_msgs/libcomplex_msgs__rosidl_generator_py.so
[6.423s] -- Up-to-date: /home/aidan/GitHub/AidansRepo/TeensySwerve/install/complex_msgs/local/lib/python3.10/dist-packages/complex_msgs/complex_msgs_s__rosidl_typesupport_fastrtps_c.cpython-310-x86_64-linux-gnu.so
[6.424s] -- Up-to-date: /home/aidan/GitHub/AidansRepo/TeensySwerve/install/complex_msgs/local/lib/python3.10/dist-packages/complex_msgs/complex_msgs_s__rosidl_typesupport_introspection_c.cpython-310-x86_64-linux-gnu.so
[6.424s] -- Up-to-date: /home/aidan/GitHub/AidansRepo/TeensySwerve/install/complex_msgs/local/lib/python3.10/dist-packages/complex_msgs/__init__.py
[6.431s] -- Up-to-date: /home/aidan/GitHub/AidansRepo/TeensySwerve/install/complex_msgs/local/lib/python3.10/dist-packages/complex_msgs/_complex_msgs_s.ep.rosidl_typesupport_fastrtps_c.c
[6.433s] -- Up-to-date: /home/aidan/GitHub/AidansRepo/TeensySwerve/install/complex_msgs/local/lib/python3.10/dist-packages/complex_msgs/msg
[6.433s] -- Up-to-date: /home/aidan/GitHub/AidansRepo/TeensySwerve/install/complex_msgs/local/lib/python3.10/dist-packages/complex_msgs/msg/_multi_string_test_s.c
[6.433s] -- Up-to-date: /home/aidan/GitHub/AidansRepo/TeensySwerve/install/complex_msgs/local/lib/python3.10/dist-packages/complex_msgs/msg/_nested_msg_test.py
[6.444s] -- Up-to-date: /home/aidan/GitHub/AidansRepo/TeensySwerve/install/complex_msgs/local/lib/python3.10/dist-packages/complex_msgs/msg/_nested_msg_test_s.c
[6.447s] -- Up-to-date: /home/aidan/GitHub/AidansRepo/TeensySwerve/install/complex_msgs/local/lib/python3.10/dist-packages/complex_msgs/msg/__init__.py
[6.447s] -- Up-to-date: /home/aidan/GitHub/AidansRepo/TeensySwerve/install/complex_msgs/local/lib/python3.10/dist-packages/complex_msgs/msg/_multi_string_test.py
[6.447s] -- Up-to-date: /home/aidan/GitHub/AidansRepo/TeensySwerve/install/complex_msgs/local/lib/python3.10/dist-packages/complex_msgs/_complex_msgs_s.ep.rosidl_typesupport_c.c
[6.447s] -- Up-to-date: /home/aidan/GitHub/AidansRepo/TeensySwerve/install/complex_msgs/local/lib/python3.10/dist-packages/complex_msgs/complex_msgs_s__rosidl_typesupport_c.cpython-310-x86_64-linux-gnu.so
[6.447s] -- Up-to-date: /home/aidan/GitHub/AidansRepo/TeensySwerve/install/complex_msgs/local/lib/python3.10/dist-packages/complex_msgs/_complex_msgs_s.ep.rosidl_typesupport_introspection_c.c
[6.847s] Listing '/home/aidan/GitHub/AidansRepo/TeensySwerve/install/complex_msgs/local/lib/python3.10/dist-packages/complex_msgs'...
[6.847s] Listing '/home/aidan/GitHub/AidansRepo/TeensySwerve/install/complex_msgs/local/lib/python3.10/dist-packages/complex_msgs/msg'...
[6.902s] -- Up-to-date: /home/aidan/GitHub/AidansRepo/TeensySwerve/install/complex_msgs/local/lib/python3.10/dist-packages/complex_msgs/complex_msgs_s__rosidl_typesupport_fastrtps_c.cpython-310-x86_64-linux-gnu.so
[6.909s] -- Up-to-date: /home/aidan/GitHub/AidansRepo/TeensySwerve/install/complex_msgs/local/lib/python3.10/dist-packages/complex_msgs/complex_msgs_s__rosidl_typesupport_introspection_c.cpython-310-x86_64-linux-gnu.so
[6.909s] -- Up-to-date: /home/aidan/GitHub/AidansRepo/TeensySwerve/install/complex_msgs/local/lib/python3.10/dist-packages/complex_msgs/complex_msgs_s__rosidl_typesupport_c.cpython-310-x86_64-linux-gnu.so
[6.909s] -- Up-to-date: /home/aidan/GitHub/AidansRepo/TeensySwerve/install/complex_msgs/lib/libcomplex_msgs__rosidl_generator_py.so
[6.912s] -- Up-to-date: /home/aidan/GitHub/AidansRepo/TeensySwerve/install/complex_msgs/share/complex_msgs/msg/MultiStringTest.idl
[6.916s] -- Up-to-date: /home/aidan/GitHub/AidansRepo/TeensySwerve/install/complex_msgs/share/complex_msgs/msg/NestedMsgTest.idl
[6.920s] -- Up-to-date: /home/aidan/GitHub/AidansRepo/TeensySwerve/install/complex_msgs/share/complex_msgs/msg/MultiStringTest.msg
[6.920s] -- Up-to-date: /home/aidan/GitHub/AidansRepo/TeensySwerve/install/complex_msgs/share/complex_msgs/msg/NestedMsgTest.msg
[6.920s] -- Up-to-date: /home/aidan/GitHub/AidansRepo/TeensySwerve/install/complex_msgs/share/ament_index/resource_index/package_run_dependencies/complex_msgs
[6.927s] -- Up-to-date: /home/aidan/GitHub/AidansRepo/TeensySwerve/install/complex_msgs/share/ament_index/resource_index/parent_prefix_path/complex_msgs
[6.928s] -- Up-to-date: /home/aidan/GitHub/AidansRepo/TeensySwerve/install/complex_msgs/share/complex_msgs/environment/ament_prefix_path.sh
[6.928s] -- Up-to-date: /home/aidan/GitHub/AidansRepo/TeensySwerve/install/complex_msgs/share/complex_msgs/environment/ament_prefix_path.dsv
[6.928s] -- Up-to-date: /home/aidan/GitHub/AidansRepo/TeensySwerve/install/complex_msgs/share/complex_msgs/environment/path.sh
[6.929s] -- Up-to-date: /home/aidan/GitHub/AidansRepo/TeensySwerve/install/complex_msgs/share/complex_msgs/environment/path.dsv
[6.946s] -- Up-to-date: /home/aidan/GitHub/AidansRepo/TeensySwerve/install/complex_msgs/share/complex_msgs/local_setup.bash
[6.947s] -- Up-to-date: /home/aidan/GitHub/AidansRepo/TeensySwerve/install/complex_msgs/share/complex_msgs/local_setup.sh
[6.947s] -- Up-to-date: /home/aidan/GitHub/AidansRepo/TeensySwerve/install/complex_msgs/share/complex_msgs/local_setup.zsh
[6.948s] -- Up-to-date: /home/aidan/GitHub/AidansRepo/TeensySwerve/install/complex_msgs/share/complex_msgs/local_setup.dsv
[6.948s] -- Installing: /home/aidan/GitHub/AidansRepo/TeensySwerve/install/complex_msgs/share/complex_msgs/package.dsv
[6.948s] -- Up-to-date: /home/aidan/GitHub/AidansRepo/TeensySwerve/install/complex_msgs/share/ament_index/resource_index/packages/complex_msgs
[6.948s] -- Up-to-date: /home/aidan/GitHub/AidansRepo/TeensySwerve/install/complex_msgs/share/complex_msgs/cmake/export_complex_msgs__rosidl_generator_cExport.cmake
[6.954s] -- Up-to-date: /home/aidan/GitHub/AidansRepo/TeensySwerve/install/complex_msgs/share/complex_msgs/cmake/export_complex_msgs__rosidl_generator_cExport-noconfig.cmake
[6.954s] -- Up-to-date: /home/aidan/GitHub/AidansRepo/TeensySwerve/install/complex_msgs/share/complex_msgs/cmake/export_complex_msgs__rosidl_typesupport_fastrtps_cExport.cmake
[6.954s] -- Up-to-date: /home/aidan/GitHub/AidansRepo/TeensySwerve/install/complex_msgs/share/complex_msgs/cmake/export_complex_msgs__rosidl_typesupport_fastrtps_cExport-noconfig.cmake
[6.955s] -- Up-to-date: /home/aidan/GitHub/AidansRepo/TeensySwerve/install/complex_msgs/share/complex_msgs/cmake/export_complex_msgs__rosidl_generator_cppExport.cmake
[6.955s] -- Up-to-date: /home/aidan/GitHub/AidansRepo/TeensySwerve/install/complex_msgs/share/complex_msgs/cmake/export_complex_msgs__rosidl_typesupport_fastrtps_cppExport.cmake
[6.955s] -- Up-to-date: /home/aidan/GitHub/AidansRepo/TeensySwerve/install/complex_msgs/share/complex_msgs/cmake/export_complex_msgs__rosidl_typesupport_fastrtps_cppExport-noconfig.cmake
[6.955s] -- Up-to-date: /home/aidan/GitHub/AidansRepo/TeensySwerve/install/complex_msgs/share/complex_msgs/cmake/complex_msgs__rosidl_typesupport_introspection_cExport.cmake
[6.955s] -- Up-to-date: /home/aidan/GitHub/AidansRepo/TeensySwerve/install/complex_msgs/share/complex_msgs/cmake/complex_msgs__rosidl_typesupport_introspection_cExport-noconfig.cmake
[6.955s] -- Up-to-date: /home/aidan/GitHub/AidansRepo/TeensySwerve/install/complex_msgs/share/complex_msgs/cmake/complex_msgs__rosidl_typesupport_cExport.cmake
[6.955s] -- Up-to-date: /home/aidan/GitHub/AidansRepo/TeensySwerve/install/complex_msgs/share/complex_msgs/cmake/complex_msgs__rosidl_typesupport_cExport-noconfig.cmake
[6.956s] -- Up-to-date: /home/aidan/GitHub/AidansRepo/TeensySwerve/install/complex_msgs/share/complex_msgs/cmake/complex_msgs__rosidl_typesupport_introspection_cppExport.cmake
[6.956s] -- Up-to-date: /home/aidan/GitHub/AidansRepo/TeensySwerve/install/complex_msgs/share/complex_msgs/cmake/complex_msgs__rosidl_typesupport_introspection_cppExport-noconfig.cmake
[6.956s] -- Up-to-date: /home/aidan/GitHub/AidansRepo/TeensySwerve/install/complex_msgs/share/complex_msgs/cmake/complex_msgs__rosidl_typesupport_cppExport.cmake
[6.956s] -- Up-to-date: /home/aidan/GitHub/AidansRepo/TeensySwerve/install/complex_msgs/share/complex_msgs/cmake/complex_msgs__rosidl_typesupport_cppExport-noconfig.cmake
[6.974s] -- Up-to-date: /home/aidan/GitHub/AidansRepo/TeensySwerve/install/complex_msgs/share/complex_msgs/cmake/export_complex_msgs__rosidl_generator_pyExport.cmake
[6.974s] -- Up-to-date: /home/aidan/GitHub/AidansRepo/TeensySwerve/install/complex_msgs/share/complex_msgs/cmake/export_complex_msgs__rosidl_generator_pyExport-noconfig.cmake
[6.975s] -- Up-to-date: /home/aidan/GitHub/AidansRepo/TeensySwerve/install/complex_msgs/share/complex_msgs/cmake/rosidl_cmake-extras.cmake
[6.975s] -- Up-to-date: /home/aidan/GitHub/AidansRepo/TeensySwerve/install/complex_msgs/share/complex_msgs/cmake/ament_cmake_export_dependencies-extras.cmake
[6.975s] -- Up-to-date: /home/aidan/GitHub/AidansRepo/TeensySwerve/install/complex_msgs/share/complex_msgs/cmake/ament_cmake_export_include_directories-extras.cmake
[6.975s] -- Up-to-date: /home/aidan/GitHub/AidansRepo/TeensySwerve/install/complex_msgs/share/complex_msgs/cmake/ament_cmake_export_libraries-extras.cmake
[6.975s] -- Up-to-date: /home/aidan/GitHub/AidansRepo/TeensySwerve/install/complex_msgs/share/complex_msgs/cmake/ament_cmake_export_targets-extras.cmake
[6.975s] -- Up-to-date: /home/aidan/GitHub/AidansRepo/TeensySwerve/install/complex_msgs/share/complex_msgs/cmake/rosidl_cmake_export_typesupport_targets-extras.cmake
[6.975s] -- Up-to-date: /home/aidan/GitHub/AidansRepo/TeensySwerve/install/complex_msgs/share/complex_msgs/cmake/rosidl_cmake_export_typesupport_libraries-extras.cmake
[6.976s] -- Up-to-date: /home/aidan/GitHub/AidansRepo/TeensySwerve/install/complex_msgs/share/complex_msgs/cmake/complex_msgsConfig.cmake
[6.976s] -- Up-to-date: /home/aidan/GitHub/AidansRepo/TeensySwerve/install/complex_msgs/share/complex_msgs/cmake/complex_msgsConfig-version.cmake
[6.976s] -- Up-to-date: /home/aidan/GitHub/AidansRepo/TeensySwerve/install/complex_msgs/share/complex_msgs/package.xml
[6.992s] Invoked command in '/home/aidan/GitHub/AidansRepo/TeensySwerve/build/complex_msgs' returned '0': CMAKE_PREFIX_PATH=/home/aidan/GitHub/AidansRepo/TeensySwerve/install/builtin_interfaces:/home/aidan/GitHub/AidansRepo/TeensySwerve/install/micro_ros_demos_rclc:/home/aidan/GitHub/AidansRepo/TeensySwerve/install/common_interfaces:/home/aidan/GitHub/AidansRepo/TeensySwerve/install/visualization_msgs:/home/aidan/GitHub/AidansRepo/TeensySwerve/install/test_msgs:/home/aidan/GitHub/AidansRepo/TeensySwerve/install/example_interfaces:/home/aidan/GitHub/AidansRepo/TeensySwerve/install/action_msgs:/home/aidan/GitHub/AidansRepo/TeensySwerve/install/unique_identifier_msgs:/home/aidan/GitHub/AidansRepo/TeensySwerve/install/trajectory_msgs:/home/aidan/GitHub/AidansRepo/TeensySwerve/install/stereo_msgs:/home/aidan/GitHub/AidansRepo/TeensySwerve/install/std_srvs:/home/aidan/GitHub/AidansRepo/TeensySwerve/install/shape_msgs:/home/aidan/GitHub/AidansRepo/TeensySwerve/install/sensor_msgs:/home/aidan/GitHub/AidansRepo/TeensySwerve/install/nav_msgs:/home/aidan/GitHub/AidansRepo/TeensySwerve/install/diagnostic_msgs:/home/aidan/GitHub/AidansRepo/TeensySwerve/install/geometry_msgs:/home/aidan/GitHub/AidansRepo/TeensySwerve/install/actionlib_msgs:/home/aidan/GitHub/AidansRepo/TeensySwerve/install/std_msgs:/home/aidan/GitHub/AidansRepo/TeensySwerve/install/statistics_msgs:/home/aidan/GitHub/AidansRepo/TeensySwerve/install/rosidl_typesupport_microxrcedds_test_msg:/home/aidan/GitHub/AidansRepo/TeensySwerve/install/rosidl_typesupport_microxrcedds_cpp_tests:/home/aidan/GitHub/AidansRepo/TeensySwerve/install/rmw_microxrcedds:/home/aidan/GitHub/AidansRepo/TeensySwerve/install/rosidl_typesupport_microxrcedds_cpp:/home/aidan/GitHub/AidansRepo/TeensySwerve/install/rosidl_typesupport_microxrcedds_c_tests:/home/aidan/GitHub/AidansRepo/TeensySwerve/install/rosidl_typesupport_microxrcedds_c:/home/aidan/GitHub/AidansRepo/TeensySwerve/install/rosgraph_msgs:/home/aidan/GitHub/AidansRepo/TeensySwerve/install/rclc_parameter:/home/aidan/GitHub/AidansRepo/TeensySwerve/install/rclc:/home/aidan/GitHub/AidansRepo/TeensySwerve/install/composition_interfaces:/home/aidan/GitHub/AidansRepo/TeensySwerve/install/rcl_interfaces:/home/aidan/GitHub/AidansRepo/TeensySwerve/install/microxrcedds_client:/home/aidan/GitHub/AidansRepo/TeensySwerve/install/microcdr:/home/aidan/GitHub/AidansRepo/TeensySwerve/install/micro_ros_utilities:/home/aidan/GitHub/AidansRepo/TeensySwerve/install/micro_ros_msgs:/home/aidan/GitHub/AidansRepo/TeensySwerve/install/lifecycle_msgs:/home/aidan/GitHub/AidansRepo/TeensySwerve/install/complex_msgs:/home/aidan/GitHub/AidansRepo/TeensySwerve/install/tnsy_interfaces:/home/aidan/microros_ws/install/micro_ros_setup:/home/aidan/microros_ws/install/micro_ros_agent:/home/aidan/microros_ws/install/micro_ros_msgs:/home/aidan/GitHub/AidansRepo/TeensySwerve/install/sensor_msgs_py:/home/aidan/GitHub/AidansRepo/TeensySwerve/install/tnsy_swrv_controller:/opt/ros/humble LD_LIBRARY_PATH=/home/aidan/GitHub/AidansRepo/TeensySwerve/install/builtin_interfaces/lib:/home/aidan/GitHub/AidansRepo/TeensySwerve/install/visualization_msgs/lib:/home/aidan/GitHub/AidansRepo/TeensySwerve/install/test_msgs/lib:/home/aidan/GitHub/AidansRepo/TeensySwerve/install/example_interfaces/lib:/home/aidan/GitHub/AidansRepo/TeensySwerve/install/action_msgs/lib:/home/aidan/GitHub/AidansRepo/TeensySwerve/install/unique_identifier_msgs/lib:/home/aidan/GitHub/AidansRepo/TeensySwerve/install/trajectory_msgs/lib:/home/aidan/GitHub/AidansRepo/TeensySwerve/install/stereo_msgs/lib:/home/aidan/GitHub/AidansRepo/TeensySwerve/install/std_srvs/lib:/home/aidan/GitHub/AidansRepo/TeensySwerve/install/shape_msgs/lib:/home/aidan/GitHub/AidansRepo/TeensySwerve/install/sensor_msgs/lib:/home/aidan/GitHub/AidansRepo/TeensySwerve/install/nav_msgs/lib:/home/aidan/GitHub/AidansRepo/TeensySwerve/install/diagnostic_msgs/lib:/home/aidan/GitHub/AidansRepo/TeensySwerve/install/geometry_msgs/lib:/home/aidan/GitHub/AidansRepo/TeensySwerve/install/actionlib_msgs/lib:/home/aidan/GitHub/AidansRepo/TeensySwerve/install/std_msgs/lib:/home/aidan/GitHub/AidansRepo/TeensySwerve/install/statistics_msgs/lib:/home/aidan/GitHub/AidansRepo/TeensySwerve/install/rosidl_typesupport_microxrcedds_test_msg/lib:/home/aidan/GitHub/AidansRepo/TeensySwerve/install/rmw_microxrcedds/lib:/home/aidan/GitHub/AidansRepo/TeensySwerve/install/rosidl_typesupport_microxrcedds_cpp/lib:/home/aidan/GitHub/AidansRepo/TeensySwerve/install/rosidl_typesupport_microxrcedds_c/lib:/home/aidan/GitHub/AidansRepo/TeensySwerve/install/rosgraph_msgs/lib:/home/aidan/GitHub/AidansRepo/TeensySwerve/install/rclc_parameter/lib:/home/aidan/GitHub/AidansRepo/TeensySwerve/install/rclc/lib:/home/aidan/GitHub/AidansRepo/TeensySwerve/install/composition_interfaces/lib:/home/aidan/GitHub/AidansRepo/TeensySwerve/install/rcl_interfaces/lib:/home/aidan/GitHub/AidansRepo/TeensySwerve/install/micro_ros_utilities/lib:/home/aidan/GitHub/AidansRepo/TeensySwerve/install/micro_ros_msgs/lib:/home/aidan/GitHub/AidansRepo/TeensySwerve/install/lifecycle_msgs/lib:/home/aidan/GitHub/AidansRepo/TeensySwerve/install/complex_msgs/lib:/home/aidan/GitHub/AidansRepo/TeensySwerve/install/tnsy_interfaces/lib:/home/aidan/microros_ws/install/micro_ros_agent/lib:/home/aidan/microros_ws/install/micro_ros_msgs/lib:/opt/ros/humble/opt/rviz_ogre_vendor/lib:/opt/ros/humble/lib/x86_64-linux-gnu:/opt/ros/humble/lib /usr/bin/cmake --install /home/aidan/GitHub/AidansRepo/TeensySwerve/build/complex_msgs
