[0.200s] Invoking command in '/home/aidan/GitHub/AidansRepo/TeensySwerve/build/rclc': AMENT_PREFIX_PATH=/home/aidan/GitHub/AidansRepo/TeensySwerve/install/test_msgs:/home/aidan/GitHub/AidansRepo/TeensySwerve/install/example_interfaces:/home/aidan/GitHub/AidansRepo/TeensySwerve/install/std_msgs:/home/aidan/GitHub/AidansRepo/TeensySwerve/install/action_msgs:/home/aidan/GitHub/AidansRepo/TeensySwerve/install/unique_identifier_msgs:/home/aidan/GitHub/AidansRepo/TeensySwerve/install/builtin_interfaces:${AMENT_PREFIX_PATH} CMAKE_PREFIX_PATH=/home/aidan/GitHub/AidansRepo/TeensySwerve/install/test_msgs:/home/aidan/GitHub/AidansRepo/TeensySwerve/install/example_interfaces:/home/aidan/GitHub/AidansRepo/TeensySwerve/install/std_msgs:/home/aidan/GitHub/AidansRepo/TeensySwerve/install/action_msgs:/home/aidan/GitHub/AidansRepo/TeensySwerve/install/unique_identifier_msgs:/home/aidan/GitHub/AidansRepo/TeensySwerve/install/builtin_interfaces:/home/aidan/GitHub/AidansRepo/TeensySwerve/install/tnsy_interfaces:/home/aidan/microros_ws/install/micro_ros_setup:/home/aidan/microros_ws/install/micro_ros_agent:/home/aidan/microros_ws/install/micro_ros_msgs:/home/aidan/GitHub/AidansRepo/TeensySwerve/install/tnsy_swrv_controller:/opt/ros/humble LD_LIBRARY_PATH=/home/aidan/GitHub/AidansRepo/TeensySwerve/install/test_msgs/lib:/home/aidan/GitHub/AidansRepo/TeensySwerve/install/example_interfaces/lib:/home/aidan/GitHub/AidansRepo/TeensySwerve/install/std_msgs/lib:/home/aidan/GitHub/AidansRepo/TeensySwerve/install/action_msgs/lib:/home/aidan/GitHub/AidansRepo/TeensySwerve/install/unique_identifier_msgs/lib:/home/aidan/GitHub/AidansRepo/TeensySwerve/install/builtin_interfaces/lib:${LD_LIBRARY_PATH} PYTHONPATH=/home/aidan/GitHub/AidansRepo/TeensySwerve/install/test_msgs/local/lib/python3.10/dist-packages:/home/aidan/GitHub/AidansRepo/TeensySwerve/install/example_interfaces/local/lib/python3.10/dist-packages:/home/aidan/GitHub/AidansRepo/TeensySwerve/install/std_msgs/local/lib/python3.10/dist-packages:/home/aidan/GitHub/AidansRepo/TeensySwerve/install/action_msgs/local/lib/python3.10/dist-packages:/home/aidan/GitHub/AidansRepo/TeensySwerve/install/unique_identifier_msgs/local/lib/python3.10/dist-packages:/home/aidan/GitHub/AidansRepo/TeensySwerve/install/builtin_interfaces/local/lib/python3.10/dist-packages:${PYTHONPATH} /usr/bin/cmake --build /home/aidan/GitHub/AidansRepo/TeensySwerve/build/rclc -- -j4 -l4
[0.304s] /usr/bin/cmake -S/home/aidan/GitHub/AidansRepo/TeensySwerve/src/uros/rclc/rclc -B/home/aidan/GitHub/AidansRepo/TeensySwerve/build/rclc --check-build-system CMakeFiles/Makefile.cmake 0
[0.419s] /usr/bin/cmake -E cmake_progress_start /home/aidan/GitHub/AidansRepo/TeensySwerve/build/rclc/CMakeFiles /home/aidan/GitHub/AidansRepo/TeensySwerve/build/rclc//CMakeFiles/progress.marks
[0.469s] /usr/bin/gmake  -f CMakeFiles/Makefile2 all
[0.473s] gmake[1]: Entering directory '/home/aidan/GitHub/AidansRepo/TeensySwerve/build/rclc'
[0.473s] /usr/bin/gmake  -f CMakeFiles/rclc.dir/build.make CMakeFiles/rclc.dir/depend
[0.496s] gmake[2]: Entering directory '/home/aidan/GitHub/AidansRepo/TeensySwerve/build/rclc'
[0.497s] cd /home/aidan/GitHub/AidansRepo/TeensySwerve/build/rclc && /usr/bin/cmake -E cmake_depends "Unix Makefiles" /home/aidan/GitHub/AidansRepo/TeensySwerve/src/uros/rclc/rclc /home/aidan/GitHub/AidansRepo/TeensySwerve/src/uros/rclc/rclc /home/aidan/GitHub/AidansRepo/TeensySwerve/build/rclc /home/aidan/GitHub/AidansRepo/TeensySwerve/build/rclc /home/aidan/GitHub/AidansRepo/TeensySwerve/build/rclc/CMakeFiles/rclc.dir/DependInfo.cmake --color=
[0.566s] [35m[1mConsolidate compiler generated dependencies of target rclc[0m
[0.607s] gmake[2]: Leaving directory '/home/aidan/GitHub/AidansRepo/TeensySwerve/build/rclc'
[0.607s] /usr/bin/gmake  -f CMakeFiles/rclc.dir/build.make CMakeFiles/rclc.dir/build
[0.647s] gmake[2]: Entering directory '/home/aidan/GitHub/AidansRepo/TeensySwerve/build/rclc'
[0.654s] gmake[2]: Nothing to be done for 'CMakeFiles/rclc.dir/build'.
[0.657s] gmake[2]: Leaving directory '/home/aidan/GitHub/AidansRepo/TeensySwerve/build/rclc'
[0.745s] [ 46%] Built target rclc
[0.749s] /usr/bin/gmake  -f gtest/CMakeFiles/gtest.dir/build.make gtest/CMakeFiles/gtest.dir/depend
[0.764s] gmake[2]: Entering directory '/home/aidan/GitHub/AidansRepo/TeensySwerve/build/rclc'
[0.767s] cd /home/aidan/GitHub/AidansRepo/TeensySwerve/build/rclc && /usr/bin/cmake -E cmake_depends "Unix Makefiles" /home/aidan/GitHub/AidansRepo/TeensySwerve/src/uros/rclc/rclc /opt/ros/humble/src/gtest_vendor /home/aidan/GitHub/AidansRepo/TeensySwerve/build/rclc /home/aidan/GitHub/AidansRepo/TeensySwerve/build/rclc/gtest /home/aidan/GitHub/AidansRepo/TeensySwerve/build/rclc/gtest/CMakeFiles/gtest.dir/DependInfo.cmake --color=
[0.828s] [35m[1mConsolidate compiler generated dependencies of target gtest[0m
[0.867s] gmake[2]: Leaving directory '/home/aidan/GitHub/AidansRepo/TeensySwerve/build/rclc'
[0.870s] /usr/bin/gmake  -f gtest/CMakeFiles/gtest.dir/build.make gtest/CMakeFiles/gtest.dir/build
[0.890s] gmake[2]: Entering directory '/home/aidan/GitHub/AidansRepo/TeensySwerve/build/rclc'
[0.890s] gmake[2]: Nothing to be done for 'gtest/CMakeFiles/gtest.dir/build'.
[0.890s] gmake[2]: Leaving directory '/home/aidan/GitHub/AidansRepo/TeensySwerve/build/rclc'
[0.935s] [ 53%] Built target gtest
[0.941s] /usr/bin/gmake  -f gtest/CMakeFiles/gtest_main.dir/build.make gtest/CMakeFiles/gtest_main.dir/depend
[0.947s] gmake[2]: Entering directory '/home/aidan/GitHub/AidansRepo/TeensySwerve/build/rclc'
[0.947s] cd /home/aidan/GitHub/AidansRepo/TeensySwerve/build/rclc && /usr/bin/cmake -E cmake_depends "Unix Makefiles" /home/aidan/GitHub/AidansRepo/TeensySwerve/src/uros/rclc/rclc /opt/ros/humble/src/gtest_vendor /home/aidan/GitHub/AidansRepo/TeensySwerve/build/rclc /home/aidan/GitHub/AidansRepo/TeensySwerve/build/rclc/gtest /home/aidan/GitHub/AidansRepo/TeensySwerve/build/rclc/gtest/CMakeFiles/gtest_main.dir/DependInfo.cmake --color=
[0.991s] [35m[1mConsolidate compiler generated dependencies of target gtest_main[0m
[1.006s] gmake[2]: Leaving directory '/home/aidan/GitHub/AidansRepo/TeensySwerve/build/rclc'
[1.006s] /usr/bin/gmake  -f gtest/CMakeFiles/gtest_main.dir/build.make gtest/CMakeFiles/gtest_main.dir/build
[1.025s] gmake[2]: Entering directory '/home/aidan/GitHub/AidansRepo/TeensySwerve/build/rclc'
[1.025s] gmake[2]: Nothing to be done for 'gtest/CMakeFiles/gtest_main.dir/build'.
[1.026s] gmake[2]: Leaving directory '/home/aidan/GitHub/AidansRepo/TeensySwerve/build/rclc'
[1.081s] [ 60%] Built target gtest_main
[1.089s] /usr/bin/gmake  -f CMakeFiles/rclc_test.dir/build.make CMakeFiles/rclc_test.dir/depend
[1.101s] gmake[2]: Entering directory '/home/aidan/GitHub/AidansRepo/TeensySwerve/build/rclc'
[1.101s] cd /home/aidan/GitHub/AidansRepo/TeensySwerve/build/rclc && /usr/bin/cmake -E cmake_depends "Unix Makefiles" /home/aidan/GitHub/AidansRepo/TeensySwerve/src/uros/rclc/rclc /home/aidan/GitHub/AidansRepo/TeensySwerve/src/uros/rclc/rclc /home/aidan/GitHub/AidansRepo/TeensySwerve/build/rclc /home/aidan/GitHub/AidansRepo/TeensySwerve/build/rclc /home/aidan/GitHub/AidansRepo/TeensySwerve/build/rclc/CMakeFiles/rclc_test.dir/DependInfo.cmake --color=
[1.178s] [35m[1mConsolidate compiler generated dependencies of target rclc_test[0m
[1.222s] gmake[2]: Leaving directory '/home/aidan/GitHub/AidansRepo/TeensySwerve/build/rclc'
[1.228s] /usr/bin/gmake  -f CMakeFiles/rclc_test.dir/build.make CMakeFiles/rclc_test.dir/build
[1.280s] gmake[2]: Entering directory '/home/aidan/GitHub/AidansRepo/TeensySwerve/build/rclc'
[1.281s] gmake[2]: Nothing to be done for 'CMakeFiles/rclc_test.dir/build'.
[1.281s] gmake[2]: Leaving directory '/home/aidan/GitHub/AidansRepo/TeensySwerve/build/rclc'
[1.336s] [100%] Built target rclc_test
[1.337s] gmake[1]: Leaving directory '/home/aidan/GitHub/AidansRepo/TeensySwerve/build/rclc'
[1.338s] /usr/bin/cmake -E cmake_progress_start /home/aidan/GitHub/AidansRepo/TeensySwerve/build/rclc/CMakeFiles 0
[1.415s] Invoked command in '/home/aidan/GitHub/AidansRepo/TeensySwerve/build/rclc' returned '0': AMENT_PREFIX_PATH=/home/aidan/GitHub/AidansRepo/TeensySwerve/install/test_msgs:/home/aidan/GitHub/AidansRepo/TeensySwerve/install/example_interfaces:/home/aidan/GitHub/AidansRepo/TeensySwerve/install/std_msgs:/home/aidan/GitHub/AidansRepo/TeensySwerve/install/action_msgs:/home/aidan/GitHub/AidansRepo/TeensySwerve/install/unique_identifier_msgs:/home/aidan/GitHub/AidansRepo/TeensySwerve/install/builtin_interfaces:${AMENT_PREFIX_PATH} CMAKE_PREFIX_PATH=/home/aidan/GitHub/AidansRepo/TeensySwerve/install/test_msgs:/home/aidan/GitHub/AidansRepo/TeensySwerve/install/example_interfaces:/home/aidan/GitHub/AidansRepo/TeensySwerve/install/std_msgs:/home/aidan/GitHub/AidansRepo/TeensySwerve/install/action_msgs:/home/aidan/GitHub/AidansRepo/TeensySwerve/install/unique_identifier_msgs:/home/aidan/GitHub/AidansRepo/TeensySwerve/install/builtin_interfaces:/home/aidan/GitHub/AidansRepo/TeensySwerve/install/tnsy_interfaces:/home/aidan/microros_ws/install/micro_ros_setup:/home/aidan/microros_ws/install/micro_ros_agent:/home/aidan/microros_ws/install/micro_ros_msgs:/home/aidan/GitHub/AidansRepo/TeensySwerve/install/tnsy_swrv_controller:/opt/ros/humble LD_LIBRARY_PATH=/home/aidan/GitHub/AidansRepo/TeensySwerve/install/test_msgs/lib:/home/aidan/GitHub/AidansRepo/TeensySwerve/install/example_interfaces/lib:/home/aidan/GitHub/AidansRepo/TeensySwerve/install/std_msgs/lib:/home/aidan/GitHub/AidansRepo/TeensySwerve/install/action_msgs/lib:/home/aidan/GitHub/AidansRepo/TeensySwerve/install/unique_identifier_msgs/lib:/home/aidan/GitHub/AidansRepo/TeensySwerve/install/builtin_interfaces/lib:${LD_LIBRARY_PATH} PYTHONPATH=/home/aidan/GitHub/AidansRepo/TeensySwerve/install/test_msgs/local/lib/python3.10/dist-packages:/home/aidan/GitHub/AidansRepo/TeensySwerve/install/example_interfaces/local/lib/python3.10/dist-packages:/home/aidan/GitHub/AidansRepo/TeensySwerve/install/std_msgs/local/lib/python3.10/dist-packages:/home/aidan/GitHub/AidansRepo/TeensySwerve/install/action_msgs/local/lib/python3.10/dist-packages:/home/aidan/GitHub/AidansRepo/TeensySwerve/install/unique_identifier_msgs/local/lib/python3.10/dist-packages:/home/aidan/GitHub/AidansRepo/TeensySwerve/install/builtin_interfaces/local/lib/python3.10/dist-packages:${PYTHONPATH} /usr/bin/cmake --build /home/aidan/GitHub/AidansRepo/TeensySwerve/build/rclc -- -j4 -l4
[2.045s] Invoking command in '/home/aidan/GitHub/AidansRepo/TeensySwerve/build/rclc': AMENT_PREFIX_PATH=/home/aidan/GitHub/AidansRepo/TeensySwerve/install/test_msgs:/home/aidan/GitHub/AidansRepo/TeensySwerve/install/example_interfaces:/home/aidan/GitHub/AidansRepo/TeensySwerve/install/std_msgs:/home/aidan/GitHub/AidansRepo/TeensySwerve/install/action_msgs:/home/aidan/GitHub/AidansRepo/TeensySwerve/install/unique_identifier_msgs:/home/aidan/GitHub/AidansRepo/TeensySwerve/install/builtin_interfaces:${AMENT_PREFIX_PATH} CMAKE_PREFIX_PATH=/home/aidan/GitHub/AidansRepo/TeensySwerve/install/test_msgs:/home/aidan/GitHub/AidansRepo/TeensySwerve/install/example_interfaces:/home/aidan/GitHub/AidansRepo/TeensySwerve/install/std_msgs:/home/aidan/GitHub/AidansRepo/TeensySwerve/install/action_msgs:/home/aidan/GitHub/AidansRepo/TeensySwerve/install/unique_identifier_msgs:/home/aidan/GitHub/AidansRepo/TeensySwerve/install/builtin_interfaces:/home/aidan/GitHub/AidansRepo/TeensySwerve/install/tnsy_interfaces:/home/aidan/microros_ws/install/micro_ros_setup:/home/aidan/microros_ws/install/micro_ros_agent:/home/aidan/microros_ws/install/micro_ros_msgs:/home/aidan/GitHub/AidansRepo/TeensySwerve/install/tnsy_swrv_controller:/opt/ros/humble LD_LIBRARY_PATH=/home/aidan/GitHub/AidansRepo/TeensySwerve/install/test_msgs/lib:/home/aidan/GitHub/AidansRepo/TeensySwerve/install/example_interfaces/lib:/home/aidan/GitHub/AidansRepo/TeensySwerve/install/std_msgs/lib:/home/aidan/GitHub/AidansRepo/TeensySwerve/install/action_msgs/lib:/home/aidan/GitHub/AidansRepo/TeensySwerve/install/unique_identifier_msgs/lib:/home/aidan/GitHub/AidansRepo/TeensySwerve/install/builtin_interfaces/lib:${LD_LIBRARY_PATH} PYTHONPATH=/home/aidan/GitHub/AidansRepo/TeensySwerve/install/test_msgs/local/lib/python3.10/dist-packages:/home/aidan/GitHub/AidansRepo/TeensySwerve/install/example_interfaces/local/lib/python3.10/dist-packages:/home/aidan/GitHub/AidansRepo/TeensySwerve/install/std_msgs/local/lib/python3.10/dist-packages:/home/aidan/GitHub/AidansRepo/TeensySwerve/install/action_msgs/local/lib/python3.10/dist-packages:/home/aidan/GitHub/AidansRepo/TeensySwerve/install/unique_identifier_msgs/local/lib/python3.10/dist-packages:/home/aidan/GitHub/AidansRepo/TeensySwerve/install/builtin_interfaces/local/lib/python3.10/dist-packages:${PYTHONPATH} /usr/bin/cmake --install /home/aidan/GitHub/AidansRepo/TeensySwerve/build/rclc
[2.109s] -- Install configuration: ""
[2.109s] -- Up-to-date: /home/aidan/GitHub/AidansRepo/TeensySwerve/install/rclc/lib/librclc.so
[2.110s] -- Up-to-date: /home/aidan/GitHub/AidansRepo/TeensySwerve/install/rclc/include
[2.110s] -- Up-to-date: /home/aidan/GitHub/AidansRepo/TeensySwerve/install/rclc/include/rclc
[2.110s] -- Up-to-date: /home/aidan/GitHub/AidansRepo/TeensySwerve/install/rclc/include/rclc/action_goal_handle.h
[2.110s] -- Up-to-date: /home/aidan/GitHub/AidansRepo/TeensySwerve/install/rclc/include/rclc/init.h
[2.112s] -- Up-to-date: /home/aidan/GitHub/AidansRepo/TeensySwerve/install/rclc/include/rclc/timer.h
[2.113s] -- Up-to-date: /home/aidan/GitHub/AidansRepo/TeensySwerve/install/rclc/include/rclc/visibility_control.h
[2.113s] -- Up-to-date: /home/aidan/GitHub/AidansRepo/TeensySwerve/install/rclc/include/rclc/sleep.h
[2.113s] -- Up-to-date: /home/aidan/GitHub/AidansRepo/TeensySwerve/install/rclc/include/rclc/action_server.h
[2.114s] -- Up-to-date: /home/aidan/GitHub/AidansRepo/TeensySwerve/install/rclc/include/rclc/node.h
[2.114s] -- Up-to-date: /home/aidan/GitHub/AidansRepo/TeensySwerve/install/rclc/include/rclc/action_client.h
[2.123s] -- Up-to-date: /home/aidan/GitHub/AidansRepo/TeensySwerve/install/rclc/include/rclc/service.h
[2.123s] -- Up-to-date: /home/aidan/GitHub/AidansRepo/TeensySwerve/install/rclc/include/rclc/publisher.h
[2.123s] -- Up-to-date: /home/aidan/GitHub/AidansRepo/TeensySwerve/install/rclc/include/rclc/subscription.h
[2.124s] -- Up-to-date: /home/aidan/GitHub/AidansRepo/TeensySwerve/install/rclc/include/rclc/client.h
[2.124s] -- Up-to-date: /home/aidan/GitHub/AidansRepo/TeensySwerve/install/rclc/include/rclc/rclc.h
[2.124s] -- Up-to-date: /home/aidan/GitHub/AidansRepo/TeensySwerve/install/rclc/include/rclc/executor_handle.h
[2.124s] -- Up-to-date: /home/aidan/GitHub/AidansRepo/TeensySwerve/install/rclc/include/rclc/executor.h
[2.124s] -- Up-to-date: /home/aidan/GitHub/AidansRepo/TeensySwerve/install/rclc/include/rclc/types.h
[2.124s] -- Up-to-date: /home/aidan/GitHub/AidansRepo/TeensySwerve/install/rclc/share/rclc/environment/library_path.sh
[2.125s] -- Up-to-date: /home/aidan/GitHub/AidansRepo/TeensySwerve/install/rclc/share/rclc/environment/library_path.dsv
[2.125s] -- Up-to-date: /home/aidan/GitHub/AidansRepo/TeensySwerve/install/rclc/share/ament_index/resource_index/package_run_dependencies/rclc
[2.125s] -- Up-to-date: /home/aidan/GitHub/AidansRepo/TeensySwerve/install/rclc/share/ament_index/resource_index/parent_prefix_path/rclc
[2.125s] -- Up-to-date: /home/aidan/GitHub/AidansRepo/TeensySwerve/install/rclc/share/rclc/environment/ament_prefix_path.sh
[2.125s] -- Up-to-date: /home/aidan/GitHub/AidansRepo/TeensySwerve/install/rclc/share/rclc/environment/ament_prefix_path.dsv
[2.125s] -- Up-to-date: /home/aidan/GitHub/AidansRepo/TeensySwerve/install/rclc/share/rclc/environment/path.sh
[2.140s] -- Up-to-date: /home/aidan/GitHub/AidansRepo/TeensySwerve/install/rclc/share/rclc/environment/path.dsv
[2.140s] -- Up-to-date: /home/aidan/GitHub/AidansRepo/TeensySwerve/install/rclc/share/rclc/local_setup.bash
[2.140s] -- Up-to-date: /home/aidan/GitHub/AidansRepo/TeensySwerve/install/rclc/share/rclc/local_setup.sh
[2.141s] -- Up-to-date: /home/aidan/GitHub/AidansRepo/TeensySwerve/install/rclc/share/rclc/local_setup.zsh
[2.141s] -- Up-to-date: /home/aidan/GitHub/AidansRepo/TeensySwerve/install/rclc/share/rclc/local_setup.dsv
[2.141s] -- Installing: /home/aidan/GitHub/AidansRepo/TeensySwerve/install/rclc/share/rclc/package.dsv
[2.142s] -- Up-to-date: /home/aidan/GitHub/AidansRepo/TeensySwerve/install/rclc/share/ament_index/resource_index/packages/rclc
[2.142s] -- Up-to-date: /home/aidan/GitHub/AidansRepo/TeensySwerve/install/rclc/share/rclc/cmake/rclcExport.cmake
[2.142s] -- Up-to-date: /home/aidan/GitHub/AidansRepo/TeensySwerve/install/rclc/share/rclc/cmake/rclcExport-noconfig.cmake
[2.143s] -- Up-to-date: /home/aidan/GitHub/AidansRepo/TeensySwerve/install/rclc/share/rclc/cmake/ament_cmake_export_include_directories-extras.cmake
[2.143s] -- Up-to-date: /home/aidan/GitHub/AidansRepo/TeensySwerve/install/rclc/share/rclc/cmake/ament_cmake_export_libraries-extras.cmake
[2.143s] -- Up-to-date: /home/aidan/GitHub/AidansRepo/TeensySwerve/install/rclc/share/rclc/cmake/ament_cmake_export_targets-extras.cmake
[2.143s] -- Up-to-date: /home/aidan/GitHub/AidansRepo/TeensySwerve/install/rclc/share/rclc/cmake/ament_cmake_export_dependencies-extras.cmake
[2.143s] -- Up-to-date: /home/aidan/GitHub/AidansRepo/TeensySwerve/install/rclc/share/rclc/cmake/rclcConfig.cmake
[2.143s] -- Up-to-date: /home/aidan/GitHub/AidansRepo/TeensySwerve/install/rclc/share/rclc/cmake/rclcConfig-version.cmake
[2.143s] -- Up-to-date: /home/aidan/GitHub/AidansRepo/TeensySwerve/install/rclc/share/rclc/package.xml
[2.159s] Invoked command in '/home/aidan/GitHub/AidansRepo/TeensySwerve/build/rclc' returned '0': AMENT_PREFIX_PATH=/home/aidan/GitHub/AidansRepo/TeensySwerve/install/test_msgs:/home/aidan/GitHub/AidansRepo/TeensySwerve/install/example_interfaces:/home/aidan/GitHub/AidansRepo/TeensySwerve/install/std_msgs:/home/aidan/GitHub/AidansRepo/TeensySwerve/install/action_msgs:/home/aidan/GitHub/AidansRepo/TeensySwerve/install/unique_identifier_msgs:/home/aidan/GitHub/AidansRepo/TeensySwerve/install/builtin_interfaces:${AMENT_PREFIX_PATH} CMAKE_PREFIX_PATH=/home/aidan/GitHub/AidansRepo/TeensySwerve/install/test_msgs:/home/aidan/GitHub/AidansRepo/TeensySwerve/install/example_interfaces:/home/aidan/GitHub/AidansRepo/TeensySwerve/install/std_msgs:/home/aidan/GitHub/AidansRepo/TeensySwerve/install/action_msgs:/home/aidan/GitHub/AidansRepo/TeensySwerve/install/unique_identifier_msgs:/home/aidan/GitHub/AidansRepo/TeensySwerve/install/builtin_interfaces:/home/aidan/GitHub/AidansRepo/TeensySwerve/install/tnsy_interfaces:/home/aidan/microros_ws/install/micro_ros_setup:/home/aidan/microros_ws/install/micro_ros_agent:/home/aidan/microros_ws/install/micro_ros_msgs:/home/aidan/GitHub/AidansRepo/TeensySwerve/install/tnsy_swrv_controller:/opt/ros/humble LD_LIBRARY_PATH=/home/aidan/GitHub/AidansRepo/TeensySwerve/install/test_msgs/lib:/home/aidan/GitHub/AidansRepo/TeensySwerve/install/example_interfaces/lib:/home/aidan/GitHub/AidansRepo/TeensySwerve/install/std_msgs/lib:/home/aidan/GitHub/AidansRepo/TeensySwerve/install/action_msgs/lib:/home/aidan/GitHub/AidansRepo/TeensySwerve/install/unique_identifier_msgs/lib:/home/aidan/GitHub/AidansRepo/TeensySwerve/install/builtin_interfaces/lib:${LD_LIBRARY_PATH} PYTHONPATH=/home/aidan/GitHub/AidansRepo/TeensySwerve/install/test_msgs/local/lib/python3.10/dist-packages:/home/aidan/GitHub/AidansRepo/TeensySwerve/install/example_interfaces/local/lib/python3.10/dist-packages:/home/aidan/GitHub/AidansRepo/TeensySwerve/install/std_msgs/local/lib/python3.10/dist-packages:/home/aidan/GitHub/AidansRepo/TeensySwerve/install/action_msgs/local/lib/python3.10/dist-packages:/home/aidan/GitHub/AidansRepo/TeensySwerve/install/unique_identifier_msgs/local/lib/python3.10/dist-packages:/home/aidan/GitHub/AidansRepo/TeensySwerve/install/builtin_interfaces/local/lib/python3.10/dist-packages:${PYTHONPATH} /usr/bin/cmake --install /home/aidan/GitHub/AidansRepo/TeensySwerve/build/rclc
