[0.157s] Invoking command in '/home/aidan/GitHub/AidansRepo/TeensySwerve/build/shape_msgs': AMENT_PREFIX_PATH=/home/aidan/GitHub/AidansRepo/TeensySwerve/install/geometry_msgs:/home/aidan/GitHub/AidansRepo/TeensySwerve/install/std_msgs:/home/aidan/GitHub/AidansRepo/TeensySwerve/install/builtin_interfaces:${AMENT_PREFIX_PATH} CMAKE_PREFIX_PATH=/home/aidan/GitHub/AidansRepo/TeensySwerve/install/geometry_msgs:/home/aidan/GitHub/AidansRepo/TeensySwerve/install/std_msgs:/home/aidan/GitHub/AidansRepo/TeensySwerve/install/builtin_interfaces:/home/aidan/GitHub/AidansRepo/TeensySwerve/install/tnsy_interfaces:/home/aidan/microros_ws/install/micro_ros_setup:/home/aidan/microros_ws/install/micro_ros_agent:/home/aidan/microros_ws/install/micro_ros_msgs:/home/aidan/GitHub/AidansRepo/TeensySwerve/install/tnsy_swrv_controller:/opt/ros/humble LD_LIBRARY_PATH=/home/aidan/GitHub/AidansRepo/TeensySwerve/install/geometry_msgs/lib:/home/aidan/GitHub/AidansRepo/TeensySwerve/install/std_msgs/lib:/home/aidan/GitHub/AidansRepo/TeensySwerve/install/builtin_interfaces/lib:${LD_LIBRARY_PATH} PYTHONPATH=/home/aidan/GitHub/AidansRepo/TeensySwerve/install/geometry_msgs/local/lib/python3.10/dist-packages:/home/aidan/GitHub/AidansRepo/TeensySwerve/install/std_msgs/local/lib/python3.10/dist-packages:/home/aidan/GitHub/AidansRepo/TeensySwerve/install/builtin_interfaces/local/lib/python3.10/dist-packages:${PYTHONPATH} /usr/bin/cmake --build /home/aidan/GitHub/AidansRepo/TeensySwerve/build/shape_msgs -- -j4 -l4
[0.457s] [  1%] Built target shape_msgs__cpp
[0.661s] [  1%] Built target ament_cmake_python_copy_shape_msgs
[0.901s] [ 12%] Built target shape_msgs__rosidl_typesupport_fastrtps_cpp
[1.089s] [ 23%] Built target shape_msgs__rosidl_typesupport_introspection_cpp
[2.834s] running egg_info
[2.836s] writing shape_msgs.egg-info/PKG-INFO
[2.837s] writing dependency_links to shape_msgs.egg-info/dependency_links.txt
[2.837s] writing top-level names to shape_msgs.egg-info/top_level.txt
[2.855s] reading manifest file 'shape_msgs.egg-info/SOURCES.txt'
[2.857s] writing manifest file 'shape_msgs.egg-info/SOURCES.txt'
[2.984s] [ 23%] Built target ament_cmake_python_build_shape_msgs_egg
[3.149s] [ 34%] Built target shape_msgs__rosidl_typesupport_cpp
[3.309s] [ 45%] Built target shape_msgs__rosidl_generator_c
[3.501s] [ 56%] Built target shape_msgs__rosidl_typesupport_fastrtps_c
[3.640s] [ 67%] Built target shape_msgs__rosidl_typesupport_c
[3.762s] [ 78%] Built target shape_msgs__rosidl_typesupport_introspection_c
[4.042s] [ 78%] Built target shape_msgs
[4.129s] [ 80%] Built target shape_msgs__py
[4.201s] [ 89%] Built target shape_msgs__rosidl_generator_py
[4.352s] [ 92%] Built target shape_msgs__rosidl_typesupport_fastrtps_c__pyext
[4.531s] [ 96%] Built target shape_msgs__rosidl_typesupport_c__pyext
[4.711s] [100%] Built target shape_msgs__rosidl_typesupport_introspection_c__pyext
[4.792s] Invoked command in '/home/aidan/GitHub/AidansRepo/TeensySwerve/build/shape_msgs' returned '0': AMENT_PREFIX_PATH=/home/aidan/GitHub/AidansRepo/TeensySwerve/install/geometry_msgs:/home/aidan/GitHub/AidansRepo/TeensySwerve/install/std_msgs:/home/aidan/GitHub/AidansRepo/TeensySwerve/install/builtin_interfaces:${AMENT_PREFIX_PATH} CMAKE_PREFIX_PATH=/home/aidan/GitHub/AidansRepo/TeensySwerve/install/geometry_msgs:/home/aidan/GitHub/AidansRepo/TeensySwerve/install/std_msgs:/home/aidan/GitHub/AidansRepo/TeensySwerve/install/builtin_interfaces:/home/aidan/GitHub/AidansRepo/TeensySwerve/install/tnsy_interfaces:/home/aidan/microros_ws/install/micro_ros_setup:/home/aidan/microros_ws/install/micro_ros_agent:/home/aidan/microros_ws/install/micro_ros_msgs:/home/aidan/GitHub/AidansRepo/TeensySwerve/install/tnsy_swrv_controller:/opt/ros/humble LD_LIBRARY_PATH=/home/aidan/GitHub/AidansRepo/TeensySwerve/install/geometry_msgs/lib:/home/aidan/GitHub/AidansRepo/TeensySwerve/install/std_msgs/lib:/home/aidan/GitHub/AidansRepo/TeensySwerve/install/builtin_interfaces/lib:${LD_LIBRARY_PATH} PYTHONPATH=/home/aidan/GitHub/AidansRepo/TeensySwerve/install/geometry_msgs/local/lib/python3.10/dist-packages:/home/aidan/GitHub/AidansRepo/TeensySwerve/install/std_msgs/local/lib/python3.10/dist-packages:/home/aidan/GitHub/AidansRepo/TeensySwerve/install/builtin_interfaces/local/lib/python3.10/dist-packages:${PYTHONPATH} /usr/bin/cmake --build /home/aidan/GitHub/AidansRepo/TeensySwerve/build/shape_msgs -- -j4 -l4
[5.976s] Invoking command in '/home/aidan/GitHub/AidansRepo/TeensySwerve/build/shape_msgs': AMENT_PREFIX_PATH=/home/aidan/GitHub/AidansRepo/TeensySwerve/install/geometry_msgs:/home/aidan/GitHub/AidansRepo/TeensySwerve/install/std_msgs:/home/aidan/GitHub/AidansRepo/TeensySwerve/install/builtin_interfaces:${AMENT_PREFIX_PATH} CMAKE_PREFIX_PATH=/home/aidan/GitHub/AidansRepo/TeensySwerve/install/geometry_msgs:/home/aidan/GitHub/AidansRepo/TeensySwerve/install/std_msgs:/home/aidan/GitHub/AidansRepo/TeensySwerve/install/builtin_interfaces:/home/aidan/GitHub/AidansRepo/TeensySwerve/install/tnsy_interfaces:/home/aidan/microros_ws/install/micro_ros_setup:/home/aidan/microros_ws/install/micro_ros_agent:/home/aidan/microros_ws/install/micro_ros_msgs:/home/aidan/GitHub/AidansRepo/TeensySwerve/install/tnsy_swrv_controller:/opt/ros/humble LD_LIBRARY_PATH=/home/aidan/GitHub/AidansRepo/TeensySwerve/install/geometry_msgs/lib:/home/aidan/GitHub/AidansRepo/TeensySwerve/install/std_msgs/lib:/home/aidan/GitHub/AidansRepo/TeensySwerve/install/builtin_interfaces/lib:${LD_LIBRARY_PATH} PYTHONPATH=/home/aidan/GitHub/AidansRepo/TeensySwerve/install/geometry_msgs/local/lib/python3.10/dist-packages:/home/aidan/GitHub/AidansRepo/TeensySwerve/install/std_msgs/local/lib/python3.10/dist-packages:/home/aidan/GitHub/AidansRepo/TeensySwerve/install/builtin_interfaces/local/lib/python3.10/dist-packages:${PYTHONPATH} /usr/bin/cmake --install /home/aidan/GitHub/AidansRepo/TeensySwerve/build/shape_msgs
[5.977s] -- Install configuration: ""
[5.977s] -- Up-to-date: /home/aidan/GitHub/AidansRepo/TeensySwerve/install/shape_msgs/share/ament_index/resource_index/rosidl_interfaces/shape_msgs
[5.977s] -- Up-to-date: /home/aidan/GitHub/AidansRepo/TeensySwerve/install/shape_msgs/include/shape_msgs/shape_msgs
[5.977s] -- Up-to-date: /home/aidan/GitHub/AidansRepo/TeensySwerve/install/shape_msgs/include/shape_msgs/shape_msgs/msg
[5.984s] -- Up-to-date: /home/aidan/GitHub/AidansRepo/TeensySwerve/install/shape_msgs/include/shape_msgs/shape_msgs/msg/plane.h
[5.984s] -- Up-to-date: /home/aidan/GitHub/AidansRepo/TeensySwerve/install/shape_msgs/include/shape_msgs/shape_msgs/msg/mesh_triangle.h
[5.985s] -- Up-to-date: /home/aidan/GitHub/AidansRepo/TeensySwerve/install/shape_msgs/include/shape_msgs/shape_msgs/msg/rosidl_generator_c__visibility_control.h
[5.985s] -- Up-to-date: /home/aidan/GitHub/AidansRepo/TeensySwerve/install/shape_msgs/include/shape_msgs/shape_msgs/msg/detail
[5.986s] -- Up-to-date: /home/aidan/GitHub/AidansRepo/TeensySwerve/install/shape_msgs/include/shape_msgs/shape_msgs/msg/detail/mesh__functions.h
[5.996s] -- Up-to-date: /home/aidan/GitHub/AidansRepo/TeensySwerve/install/shape_msgs/include/shape_msgs/shape_msgs/msg/detail/plane__functions.h
[5.996s] -- Up-to-date: /home/aidan/GitHub/AidansRepo/TeensySwerve/install/shape_msgs/include/shape_msgs/shape_msgs/msg/detail/mesh_triangle__struct.h
[5.996s] -- Up-to-date: /home/aidan/GitHub/AidansRepo/TeensySwerve/install/shape_msgs/include/shape_msgs/shape_msgs/msg/detail/mesh__struct.h
[5.996s] -- Up-to-date: /home/aidan/GitHub/AidansRepo/TeensySwerve/install/shape_msgs/include/shape_msgs/shape_msgs/msg/detail/mesh_triangle__type_support.h
[5.997s] -- Up-to-date: /home/aidan/GitHub/AidansRepo/TeensySwerve/install/shape_msgs/include/shape_msgs/shape_msgs/msg/detail/plane__functions.c
[5.997s] -- Up-to-date: /home/aidan/GitHub/AidansRepo/TeensySwerve/install/shape_msgs/include/shape_msgs/shape_msgs/msg/detail/plane__type_support.h
[5.997s] -- Up-to-date: /home/aidan/GitHub/AidansRepo/TeensySwerve/install/shape_msgs/include/shape_msgs/shape_msgs/msg/detail/mesh__type_support.h
[5.997s] -- Up-to-date: /home/aidan/GitHub/AidansRepo/TeensySwerve/install/shape_msgs/include/shape_msgs/shape_msgs/msg/detail/mesh_triangle__functions.c
[5.997s] -- Up-to-date: /home/aidan/GitHub/AidansRepo/TeensySwerve/install/shape_msgs/include/shape_msgs/shape_msgs/msg/detail/solid_primitive__type_support.h
[5.998s] -- Up-to-date: /home/aidan/GitHub/AidansRepo/TeensySwerve/install/shape_msgs/include/shape_msgs/shape_msgs/msg/detail/mesh__functions.c
[5.998s] -- Up-to-date: /home/aidan/GitHub/AidansRepo/TeensySwerve/install/shape_msgs/include/shape_msgs/shape_msgs/msg/detail/plane__struct.h
[5.998s] -- Up-to-date: /home/aidan/GitHub/AidansRepo/TeensySwerve/install/shape_msgs/include/shape_msgs/shape_msgs/msg/detail/solid_primitive__functions.h
[6.004s] -- Up-to-date: /home/aidan/GitHub/AidansRepo/TeensySwerve/install/shape_msgs/include/shape_msgs/shape_msgs/msg/detail/mesh_triangle__functions.h
[6.005s] -- Up-to-date: /home/aidan/GitHub/AidansRepo/TeensySwerve/install/shape_msgs/include/shape_msgs/shape_msgs/msg/detail/solid_primitive__functions.c
[6.005s] -- Up-to-date: /home/aidan/GitHub/AidansRepo/TeensySwerve/install/shape_msgs/include/shape_msgs/shape_msgs/msg/detail/solid_primitive__struct.h
[6.005s] -- Up-to-date: /home/aidan/GitHub/AidansRepo/TeensySwerve/install/shape_msgs/include/shape_msgs/shape_msgs/msg/solid_primitive.h
[6.010s] -- Up-to-date: /home/aidan/GitHub/AidansRepo/TeensySwerve/install/shape_msgs/include/shape_msgs/shape_msgs/msg/mesh.h
[6.011s] -- Up-to-date: /home/aidan/GitHub/AidansRepo/TeensySwerve/install/shape_msgs/share/shape_msgs/environment/library_path.sh
[6.011s] -- Up-to-date: /home/aidan/GitHub/AidansRepo/TeensySwerve/install/shape_msgs/share/shape_msgs/environment/library_path.dsv
[6.011s] -- Up-to-date: /home/aidan/GitHub/AidansRepo/TeensySwerve/install/shape_msgs/lib/libshape_msgs__rosidl_generator_c.so
[6.011s] -- Up-to-date: /home/aidan/GitHub/AidansRepo/TeensySwerve/install/shape_msgs/include/shape_msgs/shape_msgs
[6.011s] -- Up-to-date: /home/aidan/GitHub/AidansRepo/TeensySwerve/install/shape_msgs/include/shape_msgs/shape_msgs/msg
[6.012s] -- Up-to-date: /home/aidan/GitHub/AidansRepo/TeensySwerve/install/shape_msgs/include/shape_msgs/shape_msgs/msg/rosidl_typesupport_fastrtps_c__visibility_control.h
[6.012s] -- Up-to-date: /home/aidan/GitHub/AidansRepo/TeensySwerve/install/shape_msgs/include/shape_msgs/shape_msgs/msg/detail
[6.020s] -- Up-to-date: /home/aidan/GitHub/AidansRepo/TeensySwerve/install/shape_msgs/include/shape_msgs/shape_msgs/msg/detail/mesh__rosidl_typesupport_fastrtps_c.h
[6.020s] -- Up-to-date: /home/aidan/GitHub/AidansRepo/TeensySwerve/install/shape_msgs/include/shape_msgs/shape_msgs/msg/detail/solid_primitive__rosidl_typesupport_fastrtps_c.h
[6.020s] -- Up-to-date: /home/aidan/GitHub/AidansRepo/TeensySwerve/install/shape_msgs/include/shape_msgs/shape_msgs/msg/detail/mesh_triangle__rosidl_typesupport_fastrtps_c.h
[6.021s] -- Up-to-date: /home/aidan/GitHub/AidansRepo/TeensySwerve/install/shape_msgs/include/shape_msgs/shape_msgs/msg/detail/plane__rosidl_typesupport_fastrtps_c.h
[6.021s] -- Up-to-date: /home/aidan/GitHub/AidansRepo/TeensySwerve/install/shape_msgs/lib/libshape_msgs__rosidl_typesupport_fastrtps_c.so
[6.022s] -- Up-to-date: /home/aidan/GitHub/AidansRepo/TeensySwerve/install/shape_msgs/include/shape_msgs/shape_msgs
[6.032s] -- Up-to-date: /home/aidan/GitHub/AidansRepo/TeensySwerve/install/shape_msgs/include/shape_msgs/shape_msgs/msg
[6.032s] -- Up-to-date: /home/aidan/GitHub/AidansRepo/TeensySwerve/install/shape_msgs/include/shape_msgs/shape_msgs/msg/solid_primitive.hpp
[6.038s] -- Up-to-date: /home/aidan/GitHub/AidansRepo/TeensySwerve/install/shape_msgs/include/shape_msgs/shape_msgs/msg/plane.hpp
[6.047s] -- Up-to-date: /home/aidan/GitHub/AidansRepo/TeensySwerve/install/shape_msgs/include/shape_msgs/shape_msgs/msg/mesh_triangle.hpp
[6.047s] -- Up-to-date: /home/aidan/GitHub/AidansRepo/TeensySwerve/install/shape_msgs/include/shape_msgs/shape_msgs/msg/mesh.hpp
[6.048s] -- Up-to-date: /home/aidan/GitHub/AidansRepo/TeensySwerve/install/shape_msgs/include/shape_msgs/shape_msgs/msg/detail
[6.048s] -- Up-to-date: /home/aidan/GitHub/AidansRepo/TeensySwerve/install/shape_msgs/include/shape_msgs/shape_msgs/msg/detail/mesh__builder.hpp
[6.048s] -- Up-to-date: /home/aidan/GitHub/AidansRepo/TeensySwerve/install/shape_msgs/include/shape_msgs/shape_msgs/msg/detail/mesh_triangle__struct.hpp
[6.049s] -- Up-to-date: /home/aidan/GitHub/AidansRepo/TeensySwerve/install/shape_msgs/include/shape_msgs/shape_msgs/msg/detail/mesh_triangle__type_support.hpp
[6.053s] -- Up-to-date: /home/aidan/GitHub/AidansRepo/TeensySwerve/install/shape_msgs/include/shape_msgs/shape_msgs/msg/detail/plane__traits.hpp
[6.054s] -- Up-to-date: /home/aidan/GitHub/AidansRepo/TeensySwerve/install/shape_msgs/include/shape_msgs/shape_msgs/msg/detail/plane__type_support.hpp
[6.054s] -- Up-to-date: /home/aidan/GitHub/AidansRepo/TeensySwerve/install/shape_msgs/include/shape_msgs/shape_msgs/msg/detail/solid_primitive__builder.hpp
[6.054s] -- Up-to-date: /home/aidan/GitHub/AidansRepo/TeensySwerve/install/shape_msgs/include/shape_msgs/shape_msgs/msg/detail/mesh_triangle__builder.hpp
[6.054s] -- Up-to-date: /home/aidan/GitHub/AidansRepo/TeensySwerve/install/shape_msgs/include/shape_msgs/shape_msgs/msg/detail/plane__builder.hpp
[6.056s] -- Up-to-date: /home/aidan/GitHub/AidansRepo/TeensySwerve/install/shape_msgs/include/shape_msgs/shape_msgs/msg/detail/plane__struct.hpp
[6.064s] -- Up-to-date: /home/aidan/GitHub/AidansRepo/TeensySwerve/install/shape_msgs/include/shape_msgs/shape_msgs/msg/detail/mesh__type_support.hpp
[6.064s] -- Up-to-date: /home/aidan/GitHub/AidansRepo/TeensySwerve/install/shape_msgs/include/shape_msgs/shape_msgs/msg/detail/solid_primitive__type_support.hpp
[6.066s] -- Up-to-date: /home/aidan/GitHub/AidansRepo/TeensySwerve/install/shape_msgs/include/shape_msgs/shape_msgs/msg/detail/mesh__traits.hpp
[6.067s] -- Up-to-date: /home/aidan/GitHub/AidansRepo/TeensySwerve/install/shape_msgs/include/shape_msgs/shape_msgs/msg/detail/mesh_triangle__traits.hpp
[6.069s] -- Up-to-date: /home/aidan/GitHub/AidansRepo/TeensySwerve/install/shape_msgs/include/shape_msgs/shape_msgs/msg/detail/solid_primitive__struct.hpp
[6.069s] -- Up-to-date: /home/aidan/GitHub/AidansRepo/TeensySwerve/install/shape_msgs/include/shape_msgs/shape_msgs/msg/detail/mesh__struct.hpp
[6.069s] -- Up-to-date: /home/aidan/GitHub/AidansRepo/TeensySwerve/install/shape_msgs/include/shape_msgs/shape_msgs/msg/detail/solid_primitive__traits.hpp
[6.069s] -- Up-to-date: /home/aidan/GitHub/AidansRepo/TeensySwerve/install/shape_msgs/include/shape_msgs/shape_msgs/msg/rosidl_generator_cpp__visibility_control.hpp
[6.069s] -- Up-to-date: /home/aidan/GitHub/AidansRepo/TeensySwerve/install/shape_msgs/include/shape_msgs/shape_msgs
[6.073s] -- Up-to-date: /home/aidan/GitHub/AidansRepo/TeensySwerve/install/shape_msgs/include/shape_msgs/shape_msgs/msg
[6.074s] -- Up-to-date: /home/aidan/GitHub/AidansRepo/TeensySwerve/install/shape_msgs/include/shape_msgs/shape_msgs/msg/rosidl_typesupport_fastrtps_cpp__visibility_control.h
[6.074s] -- Up-to-date: /home/aidan/GitHub/AidansRepo/TeensySwerve/install/shape_msgs/include/shape_msgs/shape_msgs/msg/detail
[6.074s] -- Up-to-date: /home/aidan/GitHub/AidansRepo/TeensySwerve/install/shape_msgs/include/shape_msgs/shape_msgs/msg/detail/dds_fastrtps
[6.074s] -- Up-to-date: /home/aidan/GitHub/AidansRepo/TeensySwerve/install/shape_msgs/include/shape_msgs/shape_msgs/msg/detail/mesh__rosidl_typesupport_fastrtps_cpp.hpp
[6.074s] -- Up-to-date: /home/aidan/GitHub/AidansRepo/TeensySwerve/install/shape_msgs/include/shape_msgs/shape_msgs/msg/detail/plane__rosidl_typesupport_fastrtps_cpp.hpp
[6.074s] -- Up-to-date: /home/aidan/GitHub/AidansRepo/TeensySwerve/install/shape_msgs/include/shape_msgs/shape_msgs/msg/detail/mesh_triangle__rosidl_typesupport_fastrtps_cpp.hpp
[6.075s] -- Up-to-date: /home/aidan/GitHub/AidansRepo/TeensySwerve/install/shape_msgs/include/shape_msgs/shape_msgs/msg/detail/solid_primitive__rosidl_typesupport_fastrtps_cpp.hpp
[6.075s] -- Up-to-date: /home/aidan/GitHub/AidansRepo/TeensySwerve/install/shape_msgs/lib/libshape_msgs__rosidl_typesupport_fastrtps_cpp.so
[6.075s] -- Up-to-date: /home/aidan/GitHub/AidansRepo/TeensySwerve/install/shape_msgs/include/shape_msgs/shape_msgs
[6.075s] -- Up-to-date: /home/aidan/GitHub/AidansRepo/TeensySwerve/install/shape_msgs/include/shape_msgs/shape_msgs/msg
[6.075s] -- Up-to-date: /home/aidan/GitHub/AidansRepo/TeensySwerve/install/shape_msgs/include/shape_msgs/shape_msgs/msg/detail
[6.076s] -- Up-to-date: /home/aidan/GitHub/AidansRepo/TeensySwerve/install/shape_msgs/include/shape_msgs/shape_msgs/msg/detail/mesh__type_support.c
[6.077s] -- Up-to-date: /home/aidan/GitHub/AidansRepo/TeensySwerve/install/shape_msgs/include/shape_msgs/shape_msgs/msg/detail/solid_primitive__rosidl_typesupport_introspection_c.h
[6.077s] -- Up-to-date: /home/aidan/GitHub/AidansRepo/TeensySwerve/install/shape_msgs/include/shape_msgs/shape_msgs/msg/detail/plane__type_support.c
[6.077s] -- Up-to-date: /home/aidan/GitHub/AidansRepo/TeensySwerve/install/shape_msgs/include/shape_msgs/shape_msgs/msg/detail/solid_primitive__type_support.c
[6.077s] -- Up-to-date: /home/aidan/GitHub/AidansRepo/TeensySwerve/install/shape_msgs/include/shape_msgs/shape_msgs/msg/detail/mesh_triangle__type_support.c
[6.077s] -- Up-to-date: /home/aidan/GitHub/AidansRepo/TeensySwerve/install/shape_msgs/include/shape_msgs/shape_msgs/msg/detail/mesh_triangle__rosidl_typesupport_introspection_c.h
[6.086s] -- Up-to-date: /home/aidan/GitHub/AidansRepo/TeensySwerve/install/shape_msgs/include/shape_msgs/shape_msgs/msg/detail/mesh__rosidl_typesupport_introspection_c.h
[6.087s] -- Up-to-date: /home/aidan/GitHub/AidansRepo/TeensySwerve/install/shape_msgs/include/shape_msgs/shape_msgs/msg/detail/plane__rosidl_typesupport_introspection_c.h
[6.088s] -- Up-to-date: /home/aidan/GitHub/AidansRepo/TeensySwerve/install/shape_msgs/include/shape_msgs/shape_msgs/msg/rosidl_typesupport_introspection_c__visibility_control.h
[6.088s] -- Up-to-date: /home/aidan/GitHub/AidansRepo/TeensySwerve/install/shape_msgs/lib/libshape_msgs__rosidl_typesupport_introspection_c.so
[6.089s] -- Up-to-date: /home/aidan/GitHub/AidansRepo/TeensySwerve/install/shape_msgs/lib/libshape_msgs__rosidl_typesupport_c.so
[6.091s] -- Up-to-date: /home/aidan/GitHub/AidansRepo/TeensySwerve/install/shape_msgs/include/shape_msgs/shape_msgs
[6.091s] -- Up-to-date: /home/aidan/GitHub/AidansRepo/TeensySwerve/install/shape_msgs/include/shape_msgs/shape_msgs/msg
[6.092s] -- Up-to-date: /home/aidan/GitHub/AidansRepo/TeensySwerve/install/shape_msgs/include/shape_msgs/shape_msgs/msg/detail
[6.092s] -- Up-to-date: /home/aidan/GitHub/AidansRepo/TeensySwerve/install/shape_msgs/include/shape_msgs/shape_msgs/msg/detail/solid_primitive__type_support.cpp
[6.098s] -- Up-to-date: /home/aidan/GitHub/AidansRepo/TeensySwerve/install/shape_msgs/include/shape_msgs/shape_msgs/msg/detail/plane__rosidl_typesupport_introspection_cpp.hpp
[6.100s] -- Up-to-date: /home/aidan/GitHub/AidansRepo/TeensySwerve/install/shape_msgs/include/shape_msgs/shape_msgs/msg/detail/mesh_triangle__type_support.cpp
[6.101s] -- Up-to-date: /home/aidan/GitHub/AidansRepo/TeensySwerve/install/shape_msgs/include/shape_msgs/shape_msgs/msg/detail/mesh__rosidl_typesupport_introspection_cpp.hpp
[6.101s] -- Up-to-date: /home/aidan/GitHub/AidansRepo/TeensySwerve/install/shape_msgs/include/shape_msgs/shape_msgs/msg/detail/plane__type_support.cpp
[6.101s] -- Up-to-date: /home/aidan/GitHub/AidansRepo/TeensySwerve/install/shape_msgs/include/shape_msgs/shape_msgs/msg/detail/solid_primitive__rosidl_typesupport_introspection_cpp.hpp
[6.102s] -- Up-to-date: /home/aidan/GitHub/AidansRepo/TeensySwerve/install/shape_msgs/include/shape_msgs/shape_msgs/msg/detail/mesh_triangle__rosidl_typesupport_introspection_cpp.hpp
[6.102s] -- Up-to-date: /home/aidan/GitHub/AidansRepo/TeensySwerve/install/shape_msgs/include/shape_msgs/shape_msgs/msg/detail/mesh__type_support.cpp
[6.108s] -- Up-to-date: /home/aidan/GitHub/AidansRepo/TeensySwerve/install/shape_msgs/lib/libshape_msgs__rosidl_typesupport_introspection_cpp.so
[6.113s] -- Up-to-date: /home/aidan/GitHub/AidansRepo/TeensySwerve/install/shape_msgs/lib/libshape_msgs__rosidl_typesupport_cpp.so
[6.114s] -- Up-to-date: /home/aidan/GitHub/AidansRepo/TeensySwerve/install/shape_msgs/share/shape_msgs/environment/pythonpath.sh
[6.114s] -- Up-to-date: /home/aidan/GitHub/AidansRepo/TeensySwerve/install/shape_msgs/share/shape_msgs/environment/pythonpath.dsv
[6.116s] -- Up-to-date: /home/aidan/GitHub/AidansRepo/TeensySwerve/install/shape_msgs/local/lib/python3.10/dist-packages/shape_msgs-4.8.0-py3.10.egg-info
[6.121s] -- Installing: /home/aidan/GitHub/AidansRepo/TeensySwerve/install/shape_msgs/local/lib/python3.10/dist-packages/shape_msgs-4.8.0-py3.10.egg-info/PKG-INFO
[6.122s] -- Installing: /home/aidan/GitHub/AidansRepo/TeensySwerve/install/shape_msgs/local/lib/python3.10/dist-packages/shape_msgs-4.8.0-py3.10.egg-info/SOURCES.txt
[6.122s] -- Installing: /home/aidan/GitHub/AidansRepo/TeensySwerve/install/shape_msgs/local/lib/python3.10/dist-packages/shape_msgs-4.8.0-py3.10.egg-info/dependency_links.txt
[6.122s] -- Installing: /home/aidan/GitHub/AidansRepo/TeensySwerve/install/shape_msgs/local/lib/python3.10/dist-packages/shape_msgs-4.8.0-py3.10.egg-info/top_level.txt
[6.122s] -- Up-to-date: /home/aidan/GitHub/AidansRepo/TeensySwerve/install/shape_msgs/local/lib/python3.10/dist-packages/shape_msgs
[6.122s] -- Up-to-date: /home/aidan/GitHub/AidansRepo/TeensySwerve/install/shape_msgs/local/lib/python3.10/dist-packages/shape_msgs/__init__.py
[6.123s] -- Up-to-date: /home/aidan/GitHub/AidansRepo/TeensySwerve/install/shape_msgs/local/lib/python3.10/dist-packages/shape_msgs/_shape_msgs_s.ep.rosidl_typesupport_c.c
[6.123s] -- Up-to-date: /home/aidan/GitHub/AidansRepo/TeensySwerve/install/shape_msgs/local/lib/python3.10/dist-packages/shape_msgs/_shape_msgs_s.ep.rosidl_typesupport_introspection_c.c
[6.123s] -- Up-to-date: /home/aidan/GitHub/AidansRepo/TeensySwerve/install/shape_msgs/local/lib/python3.10/dist-packages/shape_msgs/libshape_msgs__rosidl_generator_py.so
[6.123s] -- Up-to-date: /home/aidan/GitHub/AidansRepo/TeensySwerve/install/shape_msgs/local/lib/python3.10/dist-packages/shape_msgs/msg
[6.128s] -- Up-to-date: /home/aidan/GitHub/AidansRepo/TeensySwerve/install/shape_msgs/local/lib/python3.10/dist-packages/shape_msgs/msg/_solid_primitive.py
[6.131s] -- Up-to-date: /home/aidan/GitHub/AidansRepo/TeensySwerve/install/shape_msgs/local/lib/python3.10/dist-packages/shape_msgs/msg/_mesh_triangle_s.c
[6.132s] -- Up-to-date: /home/aidan/GitHub/AidansRepo/TeensySwerve/install/shape_msgs/local/lib/python3.10/dist-packages/shape_msgs/msg/_mesh_triangle.py
[6.140s] -- Up-to-date: /home/aidan/GitHub/AidansRepo/TeensySwerve/install/shape_msgs/local/lib/python3.10/dist-packages/shape_msgs/msg/__init__.py
[6.141s] -- Up-to-date: /home/aidan/GitHub/AidansRepo/TeensySwerve/install/shape_msgs/local/lib/python3.10/dist-packages/shape_msgs/msg/_plane_s.c
[6.141s] -- Up-to-date: /home/aidan/GitHub/AidansRepo/TeensySwerve/install/shape_msgs/local/lib/python3.10/dist-packages/shape_msgs/msg/_mesh_s.c
[6.142s] -- Up-to-date: /home/aidan/GitHub/AidansRepo/TeensySwerve/install/shape_msgs/local/lib/python3.10/dist-packages/shape_msgs/msg/_mesh.py
[6.142s] -- Up-to-date: /home/aidan/GitHub/AidansRepo/TeensySwerve/install/shape_msgs/local/lib/python3.10/dist-packages/shape_msgs/msg/_solid_primitive_s.c
[6.142s] -- Up-to-date: /home/aidan/GitHub/AidansRepo/TeensySwerve/install/shape_msgs/local/lib/python3.10/dist-packages/shape_msgs/msg/_plane.py
[6.147s] -- Up-to-date: /home/aidan/GitHub/AidansRepo/TeensySwerve/install/shape_msgs/local/lib/python3.10/dist-packages/shape_msgs/shape_msgs_s__rosidl_typesupport_introspection_c.cpython-310-x86_64-linux-gnu.so
[6.147s] -- Up-to-date: /home/aidan/GitHub/AidansRepo/TeensySwerve/install/shape_msgs/local/lib/python3.10/dist-packages/shape_msgs/shape_msgs_s__rosidl_typesupport_fastrtps_c.cpython-310-x86_64-linux-gnu.so
[6.148s] -- Up-to-date: /home/aidan/GitHub/AidansRepo/TeensySwerve/install/shape_msgs/local/lib/python3.10/dist-packages/shape_msgs/_shape_msgs_s.ep.rosidl_typesupport_fastrtps_c.c
[6.148s] -- Up-to-date: /home/aidan/GitHub/AidansRepo/TeensySwerve/install/shape_msgs/local/lib/python3.10/dist-packages/shape_msgs/shape_msgs_s__rosidl_typesupport_c.cpython-310-x86_64-linux-gnu.so
[6.229s] Listing '/home/aidan/GitHub/AidansRepo/TeensySwerve/install/shape_msgs/local/lib/python3.10/dist-packages/shape_msgs'...
[6.229s] Listing '/home/aidan/GitHub/AidansRepo/TeensySwerve/install/shape_msgs/local/lib/python3.10/dist-packages/shape_msgs/msg'...
[6.263s] -- Up-to-date: /home/aidan/GitHub/AidansRepo/TeensySwerve/install/shape_msgs/local/lib/python3.10/dist-packages/shape_msgs/shape_msgs_s__rosidl_typesupport_fastrtps_c.cpython-310-x86_64-linux-gnu.so
[6.263s] -- Up-to-date: /home/aidan/GitHub/AidansRepo/TeensySwerve/install/shape_msgs/local/lib/python3.10/dist-packages/shape_msgs/shape_msgs_s__rosidl_typesupport_introspection_c.cpython-310-x86_64-linux-gnu.so
[6.264s] -- Up-to-date: /home/aidan/GitHub/AidansRepo/TeensySwerve/install/shape_msgs/local/lib/python3.10/dist-packages/shape_msgs/shape_msgs_s__rosidl_typesupport_c.cpython-310-x86_64-linux-gnu.so
[6.268s] -- Up-to-date: /home/aidan/GitHub/AidansRepo/TeensySwerve/install/shape_msgs/lib/libshape_msgs__rosidl_generator_py.so
[6.268s] -- Up-to-date: /home/aidan/GitHub/AidansRepo/TeensySwerve/install/shape_msgs/share/shape_msgs/msg/Mesh.idl
[6.268s] -- Up-to-date: /home/aidan/GitHub/AidansRepo/TeensySwerve/install/shape_msgs/share/shape_msgs/msg/MeshTriangle.idl
[6.272s] -- Up-to-date: /home/aidan/GitHub/AidansRepo/TeensySwerve/install/shape_msgs/share/shape_msgs/msg/Plane.idl
[6.274s] -- Up-to-date: /home/aidan/GitHub/AidansRepo/TeensySwerve/install/shape_msgs/share/shape_msgs/msg/SolidPrimitive.idl
[6.277s] -- Up-to-date: /home/aidan/GitHub/AidansRepo/TeensySwerve/install/shape_msgs/share/shape_msgs/msg/Mesh.msg
[6.278s] -- Up-to-date: /home/aidan/GitHub/AidansRepo/TeensySwerve/install/shape_msgs/share/shape_msgs/msg/MeshTriangle.msg
[6.278s] -- Up-to-date: /home/aidan/GitHub/AidansRepo/TeensySwerve/install/shape_msgs/share/shape_msgs/msg/Plane.msg
[6.278s] -- Up-to-date: /home/aidan/GitHub/AidansRepo/TeensySwerve/install/shape_msgs/share/shape_msgs/msg/SolidPrimitive.msg
[6.279s] -- Up-to-date: /home/aidan/GitHub/AidansRepo/TeensySwerve/install/shape_msgs/share/ament_index/resource_index/package_run_dependencies/shape_msgs
[6.279s] -- Up-to-date: /home/aidan/GitHub/AidansRepo/TeensySwerve/install/shape_msgs/share/ament_index/resource_index/parent_prefix_path/shape_msgs
[6.283s] -- Up-to-date: /home/aidan/GitHub/AidansRepo/TeensySwerve/install/shape_msgs/share/shape_msgs/environment/ament_prefix_path.sh
[6.283s] -- Up-to-date: /home/aidan/GitHub/AidansRepo/TeensySwerve/install/shape_msgs/share/shape_msgs/environment/ament_prefix_path.dsv
[6.283s] -- Up-to-date: /home/aidan/GitHub/AidansRepo/TeensySwerve/install/shape_msgs/share/shape_msgs/environment/path.sh
[6.283s] -- Up-to-date: /home/aidan/GitHub/AidansRepo/TeensySwerve/install/shape_msgs/share/shape_msgs/environment/path.dsv
[6.284s] -- Up-to-date: /home/aidan/GitHub/AidansRepo/TeensySwerve/install/shape_msgs/share/shape_msgs/local_setup.bash
[6.284s] -- Up-to-date: /home/aidan/GitHub/AidansRepo/TeensySwerve/install/shape_msgs/share/shape_msgs/local_setup.sh
[6.284s] -- Up-to-date: /home/aidan/GitHub/AidansRepo/TeensySwerve/install/shape_msgs/share/shape_msgs/local_setup.zsh
[6.288s] -- Up-to-date: /home/aidan/GitHub/AidansRepo/TeensySwerve/install/shape_msgs/share/shape_msgs/local_setup.dsv
[6.291s] -- Installing: /home/aidan/GitHub/AidansRepo/TeensySwerve/install/shape_msgs/share/shape_msgs/package.dsv
[6.294s] -- Up-to-date: /home/aidan/GitHub/AidansRepo/TeensySwerve/install/shape_msgs/share/ament_index/resource_index/packages/shape_msgs
[6.294s] -- Up-to-date: /home/aidan/GitHub/AidansRepo/TeensySwerve/install/shape_msgs/share/shape_msgs/cmake/export_shape_msgs__rosidl_generator_cExport.cmake
[6.298s] -- Up-to-date: /home/aidan/GitHub/AidansRepo/TeensySwerve/install/shape_msgs/share/shape_msgs/cmake/export_shape_msgs__rosidl_generator_cExport-noconfig.cmake
[6.298s] -- Up-to-date: /home/aidan/GitHub/AidansRepo/TeensySwerve/install/shape_msgs/share/shape_msgs/cmake/export_shape_msgs__rosidl_typesupport_fastrtps_cExport.cmake
[6.299s] -- Up-to-date: /home/aidan/GitHub/AidansRepo/TeensySwerve/install/shape_msgs/share/shape_msgs/cmake/export_shape_msgs__rosidl_typesupport_fastrtps_cExport-noconfig.cmake
[6.299s] -- Up-to-date: /home/aidan/GitHub/AidansRepo/TeensySwerve/install/shape_msgs/share/shape_msgs/cmake/export_shape_msgs__rosidl_generator_cppExport.cmake
[6.300s] -- Up-to-date: /home/aidan/GitHub/AidansRepo/TeensySwerve/install/shape_msgs/share/shape_msgs/cmake/export_shape_msgs__rosidl_typesupport_fastrtps_cppExport.cmake
[6.301s] -- Up-to-date: /home/aidan/GitHub/AidansRepo/TeensySwerve/install/shape_msgs/share/shape_msgs/cmake/export_shape_msgs__rosidl_typesupport_fastrtps_cppExport-noconfig.cmake
[6.303s] -- Up-to-date: /home/aidan/GitHub/AidansRepo/TeensySwerve/install/shape_msgs/share/shape_msgs/cmake/shape_msgs__rosidl_typesupport_introspection_cExport.cmake
[6.303s] -- Up-to-date: /home/aidan/GitHub/AidansRepo/TeensySwerve/install/shape_msgs/share/shape_msgs/cmake/shape_msgs__rosidl_typesupport_introspection_cExport-noconfig.cmake
[6.303s] -- Up-to-date: /home/aidan/GitHub/AidansRepo/TeensySwerve/install/shape_msgs/share/shape_msgs/cmake/shape_msgs__rosidl_typesupport_cExport.cmake
[6.303s] -- Up-to-date: /home/aidan/GitHub/AidansRepo/TeensySwerve/install/shape_msgs/share/shape_msgs/cmake/shape_msgs__rosidl_typesupport_cExport-noconfig.cmake
[6.306s] -- Up-to-date: /home/aidan/GitHub/AidansRepo/TeensySwerve/install/shape_msgs/share/shape_msgs/cmake/shape_msgs__rosidl_typesupport_introspection_cppExport.cmake
[6.306s] -- Up-to-date: /home/aidan/GitHub/AidansRepo/TeensySwerve/install/shape_msgs/share/shape_msgs/cmake/shape_msgs__rosidl_typesupport_introspection_cppExport-noconfig.cmake
[6.306s] -- Up-to-date: /home/aidan/GitHub/AidansRepo/TeensySwerve/install/shape_msgs/share/shape_msgs/cmake/shape_msgs__rosidl_typesupport_cppExport.cmake
[6.310s] -- Up-to-date: /home/aidan/GitHub/AidansRepo/TeensySwerve/install/shape_msgs/share/shape_msgs/cmake/shape_msgs__rosidl_typesupport_cppExport-noconfig.cmake
[6.316s] -- Up-to-date: /home/aidan/GitHub/AidansRepo/TeensySwerve/install/shape_msgs/share/shape_msgs/cmake/export_shape_msgs__rosidl_generator_pyExport.cmake
[6.317s] -- Up-to-date: /home/aidan/GitHub/AidansRepo/TeensySwerve/install/shape_msgs/share/shape_msgs/cmake/export_shape_msgs__rosidl_generator_pyExport-noconfig.cmake
[6.317s] -- Up-to-date: /home/aidan/GitHub/AidansRepo/TeensySwerve/install/shape_msgs/share/shape_msgs/cmake/rosidl_cmake-extras.cmake
[6.317s] -- Up-to-date: /home/aidan/GitHub/AidansRepo/TeensySwerve/install/shape_msgs/share/shape_msgs/cmake/ament_cmake_export_dependencies-extras.cmake
[6.318s] -- Up-to-date: /home/aidan/GitHub/AidansRepo/TeensySwerve/install/shape_msgs/share/shape_msgs/cmake/ament_cmake_export_include_directories-extras.cmake
[6.318s] -- Up-to-date: /home/aidan/GitHub/AidansRepo/TeensySwerve/install/shape_msgs/share/shape_msgs/cmake/ament_cmake_export_libraries-extras.cmake
[6.318s] -- Up-to-date: /home/aidan/GitHub/AidansRepo/TeensySwerve/install/shape_msgs/share/shape_msgs/cmake/ament_cmake_export_targets-extras.cmake
[6.318s] -- Up-to-date: /home/aidan/GitHub/AidansRepo/TeensySwerve/install/shape_msgs/share/shape_msgs/cmake/rosidl_cmake_export_typesupport_targets-extras.cmake
[6.319s] -- Up-to-date: /home/aidan/GitHub/AidansRepo/TeensySwerve/install/shape_msgs/share/shape_msgs/cmake/rosidl_cmake_export_typesupport_libraries-extras.cmake
[6.319s] -- Up-to-date: /home/aidan/GitHub/AidansRepo/TeensySwerve/install/shape_msgs/share/shape_msgs/cmake/shape_msgsConfig.cmake
[6.319s] -- Up-to-date: /home/aidan/GitHub/AidansRepo/TeensySwerve/install/shape_msgs/share/shape_msgs/cmake/shape_msgsConfig-version.cmake
[6.319s] -- Up-to-date: /home/aidan/GitHub/AidansRepo/TeensySwerve/install/shape_msgs/share/shape_msgs/package.xml
[6.321s] Invoked command in '/home/aidan/GitHub/AidansRepo/TeensySwerve/build/shape_msgs' returned '0': AMENT_PREFIX_PATH=/home/aidan/GitHub/AidansRepo/TeensySwerve/install/geometry_msgs:/home/aidan/GitHub/AidansRepo/TeensySwerve/install/std_msgs:/home/aidan/GitHub/AidansRepo/TeensySwerve/install/builtin_interfaces:${AMENT_PREFIX_PATH} CMAKE_PREFIX_PATH=/home/aidan/GitHub/AidansRepo/TeensySwerve/install/geometry_msgs:/home/aidan/GitHub/AidansRepo/TeensySwerve/install/std_msgs:/home/aidan/GitHub/AidansRepo/TeensySwerve/install/builtin_interfaces:/home/aidan/GitHub/AidansRepo/TeensySwerve/install/tnsy_interfaces:/home/aidan/microros_ws/install/micro_ros_setup:/home/aidan/microros_ws/install/micro_ros_agent:/home/aidan/microros_ws/install/micro_ros_msgs:/home/aidan/GitHub/AidansRepo/TeensySwerve/install/tnsy_swrv_controller:/opt/ros/humble LD_LIBRARY_PATH=/home/aidan/GitHub/AidansRepo/TeensySwerve/install/geometry_msgs/lib:/home/aidan/GitHub/AidansRepo/TeensySwerve/install/std_msgs/lib:/home/aidan/GitHub/AidansRepo/TeensySwerve/install/builtin_interfaces/lib:${LD_LIBRARY_PATH} PYTHONPATH=/home/aidan/GitHub/AidansRepo/TeensySwerve/install/geometry_msgs/local/lib/python3.10/dist-packages:/home/aidan/GitHub/AidansRepo/TeensySwerve/install/std_msgs/local/lib/python3.10/dist-packages:/home/aidan/GitHub/AidansRepo/TeensySwerve/install/builtin_interfaces/local/lib/python3.10/dist-packages:${PYTHONPATH} /usr/bin/cmake --install /home/aidan/GitHub/AidansRepo/TeensySwerve/build/shape_msgs
