[1.348s] Invoking command in '/home/aidan/GitHub/AidansRepo/TeensySwerve/build/tnsy_swrv_controller': PYTHONPATH=/home/aidan/GitHub/AidansRepo/TeensySwerve/build/tnsy_swrv_controller/prefix_override:/home/aidan/GitHub/AidansRepo/TeensySwerve/install/tnsy_swrv_controller/lib/python3.10/site-packages:${PYTHONPATH} /usr/bin/python3 -W ignore:setup.py install is deprecated setup.py develop --editable --build-directory /home/aidan/GitHub/AidansRepo/TeensySwerve/build/tnsy_swrv_controller/build --no-deps symlink_data
[1.959s] running develop
[2.284s] running egg_info
[2.284s] writing tnsy_swrv_controller.egg-info/PKG-INFO
[2.284s] writing dependency_links to tnsy_swrv_controller.egg-info/dependency_links.txt
[2.285s] writing entry points to tnsy_swrv_controller.egg-info/entry_points.txt
[2.285s] writing requirements to tnsy_swrv_controller.egg-info/requires.txt
[2.285s] writing top-level names to tnsy_swrv_controller.egg-info/top_level.txt
[2.288s] reading manifest file 'tnsy_swrv_controller.egg-info/SOURCES.txt'
[2.289s] writing manifest file 'tnsy_swrv_controller.egg-info/SOURCES.txt'
[2.291s] running build_ext
[2.292s] Creating /home/aidan/GitHub/AidansRepo/TeensySwerve/install/tnsy_swrv_controller/lib/python3.10/site-packages/tnsy-swrv-controller.egg-link (link to .)
[2.293s] Installing joy_translator script to /home/aidan/GitHub/AidansRepo/TeensySwerve/install/tnsy_swrv_controller/lib/tnsy_swrv_controller
[2.293s] Installing pub script to /home/aidan/GitHub/AidansRepo/TeensySwerve/install/tnsy_swrv_controller/lib/tnsy_swrv_controller
[2.294s] Installing sub script to /home/aidan/GitHub/AidansRepo/TeensySwerve/install/tnsy_swrv_controller/lib/tnsy_swrv_controller
[2.294s] Installing test_node script to /home/aidan/GitHub/AidansRepo/TeensySwerve/install/tnsy_swrv_controller/lib/tnsy_swrv_controller
[2.294s] 
[2.294s] Installed /home/aidan/GitHub/AidansRepo/TeensySwerve/build/tnsy_swrv_controller
[2.295s] running symlink_data
[2.353s] Invoked command in '/home/aidan/GitHub/AidansRepo/TeensySwerve/build/tnsy_swrv_controller' returned '0': PYTHONPATH=/home/aidan/GitHub/AidansRepo/TeensySwerve/build/tnsy_swrv_controller/prefix_override:/home/aidan/GitHub/AidansRepo/TeensySwerve/install/tnsy_swrv_controller/lib/python3.10/site-packages:${PYTHONPATH} /usr/bin/python3 -W ignore:setup.py install is deprecated setup.py develop --editable --build-directory /home/aidan/GitHub/AidansRepo/TeensySwerve/build/tnsy_swrv_controller/build --no-deps symlink_data
