[0.211s] DEBUG:colcon:Command line arguments: ['/home/aidan/.local/bin/colcon', 'build', '--symlink-install']
[0.211s] DEBUG:colcon:Parsed command line arguments: Namespace(log_base=None, log_level=None, verb_name='build', build_base='build', install_base='install', merge_install=False, symlink_install=True, test_result_base=None, continue_on_error=False, executor='parallel', parallel_workers=4, event_handlers=None, ignore_user_meta=False, metas=['./colcon.meta'], base_paths=['.'], packages_ignore=None, packages_ignore_regex=None, paths=None, packages_up_to=None, packages_up_to_regex=None, packages_above=None, packages_above_and_dependencies=None, packages_above_depth=None, packages_select_by_dep=None, packages_skip_by_dep=None, packages_skip_up_to=None, packages_select_build_failed=False, packages_skip_build_finished=False, packages_select_test_failures=False, packages_skip_test_passed=False, packages_select=None, packages_skip=None, packages_select_regex=None, packages_skip_regex=None, packages_start=None, packages_end=None, allow_overriding=[], cmake_args=None, cmake_target=None, cmake_target_skip_unavailable=False, cmake_clean_cache=False, cmake_clean_first=False, cmake_force_configure=False, ament_cmake_args=None, catkin_cmake_args=None, catkin_skip_building_tests=False, verb_parser=<colcon_defaults.argument_parser.defaults.DefaultArgumentsDecorator object at 0x76a5282f6e60>, verb_extension=<colcon_core.verb.build.BuildVerb object at 0x76a528276b90>, main=<bound method BuildVerb.main of <colcon_core.verb.build.BuildVerb object at 0x76a528276b90>>)
[0.441s] Level 1:colcon.colcon_core.package_discovery:discover_packages(colcon_meta) check parameters
[0.441s] Level 1:colcon.colcon_core.package_discovery:discover_packages(recursive) check parameters
[0.441s] Level 1:colcon.colcon_core.package_discovery:discover_packages(ignore) check parameters
[0.441s] Level 1:colcon.colcon_core.package_discovery:discover_packages(path) check parameters
[0.441s] Level 1:colcon.colcon_core.package_discovery:discover_packages(colcon_meta) discover
[0.441s] Level 1:colcon.colcon_core.package_discovery:discover_packages(recursive) discover
[0.441s] INFO:colcon.colcon_core.package_discovery:Crawling recursively for packages in '/home/aidan/GitHub/AidansRepo/TeensySwerve'
[0.442s] Level 1:colcon.colcon_core.package_identification:_identify(.) by extensions ['ignore', 'ignore_ament_install']
[0.442s] Level 1:colcon.colcon_core.package_identification:_identify(.) by extension 'ignore'
[0.442s] Level 1:colcon.colcon_core.package_identification:_identify(.) by extension 'ignore_ament_install'
[0.442s] Level 1:colcon.colcon_core.package_identification:_identify(.) by extensions ['colcon_pkg']
[0.443s] Level 1:colcon.colcon_core.package_identification:_identify(.) by extension 'colcon_pkg'
[0.443s] Level 1:colcon.colcon_core.package_identification:_identify(.) by extensions ['colcon_meta']
[0.443s] Level 1:colcon.colcon_core.package_identification:_identify(.) by extension 'colcon_meta'
[0.443s] Level 1:colcon.colcon_core.package_identification:_identify(.) by extensions ['ros']
[0.443s] Level 1:colcon.colcon_core.package_identification:_identify(.) by extension 'ros'
[0.469s] Level 1:colcon.colcon_core.package_identification:_identify(.) by extensions ['cmake', 'python']
[0.470s] Level 1:colcon.colcon_core.package_identification:_identify(.) by extension 'cmake'
[0.470s] Level 1:colcon.colcon_core.package_identification:_identify(.) by extension 'python'
[0.470s] Level 1:colcon.colcon_core.package_identification:_identify(.) by extensions ['python_setup_py']
[0.470s] Level 1:colcon.colcon_core.package_identification:_identify(.) by extension 'python_setup_py'
[0.470s] Level 1:colcon.colcon_core.package_identification:_identify(build) by extensions ['ignore', 'ignore_ament_install']
[0.470s] Level 1:colcon.colcon_core.package_identification:_identify(build) by extension 'ignore'
[0.470s] Level 1:colcon.colcon_core.package_identification:_identify(build) ignored
[0.471s] Level 1:colcon.colcon_core.package_identification:_identify(install) by extensions ['ignore', 'ignore_ament_install']
[0.471s] Level 1:colcon.colcon_core.package_identification:_identify(install) by extension 'ignore'
[0.471s] Level 1:colcon.colcon_core.package_identification:_identify(install) ignored
[0.471s] Level 1:colcon.colcon_core.package_identification:_identify(log) by extensions ['ignore', 'ignore_ament_install']
[0.471s] Level 1:colcon.colcon_core.package_identification:_identify(log) by extension 'ignore'
[0.471s] Level 1:colcon.colcon_core.package_identification:_identify(log) ignored
[0.472s] Level 1:colcon.colcon_core.package_identification:_identify(src) by extensions ['ignore', 'ignore_ament_install']
[0.472s] Level 1:colcon.colcon_core.package_identification:_identify(src) by extension 'ignore'
[0.472s] Level 1:colcon.colcon_core.package_identification:_identify(src) by extension 'ignore_ament_install'
[0.472s] Level 1:colcon.colcon_core.package_identification:_identify(src) by extensions ['colcon_pkg']
[0.472s] Level 1:colcon.colcon_core.package_identification:_identify(src) by extension 'colcon_pkg'
[0.472s] Level 1:colcon.colcon_core.package_identification:_identify(src) by extensions ['colcon_meta']
[0.472s] Level 1:colcon.colcon_core.package_identification:_identify(src) by extension 'colcon_meta'
[0.472s] Level 1:colcon.colcon_core.package_identification:_identify(src) by extensions ['ros']
[0.472s] Level 1:colcon.colcon_core.package_identification:_identify(src) by extension 'ros'
[0.473s] Level 1:colcon.colcon_core.package_identification:_identify(src) by extensions ['cmake', 'python']
[0.473s] Level 1:colcon.colcon_core.package_identification:_identify(src) by extension 'cmake'
[0.473s] Level 1:colcon.colcon_core.package_identification:_identify(src) by extension 'python'
[0.473s] Level 1:colcon.colcon_core.package_identification:_identify(src) by extensions ['python_setup_py']
[0.473s] Level 1:colcon.colcon_core.package_identification:_identify(src) by extension 'python_setup_py'
[0.473s] Level 1:colcon.colcon_core.package_identification:_identify(src/tnsy_swrv_controller) by extensions ['ignore', 'ignore_ament_install']
[0.473s] Level 1:colcon.colcon_core.package_identification:_identify(src/tnsy_swrv_controller) by extension 'ignore'
[0.473s] Level 1:colcon.colcon_core.package_identification:_identify(src/tnsy_swrv_controller) by extension 'ignore_ament_install'
[0.474s] Level 1:colcon.colcon_core.package_identification:_identify(src/tnsy_swrv_controller) by extensions ['colcon_pkg']
[0.474s] Level 1:colcon.colcon_core.package_identification:_identify(src/tnsy_swrv_controller) by extension 'colcon_pkg'
[0.474s] Level 1:colcon.colcon_core.package_identification:_identify(src/tnsy_swrv_controller) by extensions ['colcon_meta']
[0.474s] Level 1:colcon.colcon_core.package_identification:_identify(src/tnsy_swrv_controller) by extension 'colcon_meta'
[0.474s] Level 1:colcon.colcon_core.package_identification:_identify(src/tnsy_swrv_controller) by extensions ['ros']
[0.474s] Level 1:colcon.colcon_core.package_identification:_identify(src/tnsy_swrv_controller) by extension 'ros'
[0.478s] DEBUG:colcon.colcon_core.package_identification:Package 'src/tnsy_swrv_controller' with type 'ros.ament_python' and name 'tnsy_swrv_controller'
[0.479s] Level 1:colcon.colcon_core.package_discovery:discover_packages(recursive) using defaults
[0.479s] Level 1:colcon.colcon_core.package_discovery:discover_packages(ignore) discover
[0.479s] Level 1:colcon.colcon_core.package_discovery:discover_packages(ignore) using defaults
[0.479s] Level 1:colcon.colcon_core.package_discovery:discover_packages(path) discover
[0.479s] Level 1:colcon.colcon_core.package_discovery:discover_packages(path) using defaults
[0.516s] Level 1:colcon.colcon_core.package_discovery:discover_packages(prefix_path) check parameters
[0.516s] Level 1:colcon.colcon_core.package_discovery:discover_packages(prefix_path) discover
[0.519s] DEBUG:colcon.colcon_installed_package_information.package_discovery:Found 1 installed packages in /home/aidan/GitHub/AidansRepo/TeensySwerve/install
[0.521s] DEBUG:colcon.colcon_installed_package_information.package_discovery:Found 313 installed packages in /opt/ros/humble
[0.528s] Level 1:colcon.colcon_core.package_discovery:discover_packages(prefix_path) using defaults
[0.606s] Level 5:colcon.colcon_core.verb:set package 'tnsy_swrv_controller' build argument 'cmake_args' from command line to 'None'
[0.606s] Level 5:colcon.colcon_core.verb:set package 'tnsy_swrv_controller' build argument 'cmake_target' from command line to 'None'
[0.606s] Level 5:colcon.colcon_core.verb:set package 'tnsy_swrv_controller' build argument 'cmake_target_skip_unavailable' from command line to 'False'
[0.606s] Level 5:colcon.colcon_core.verb:set package 'tnsy_swrv_controller' build argument 'cmake_clean_cache' from command line to 'False'
[0.606s] Level 5:colcon.colcon_core.verb:set package 'tnsy_swrv_controller' build argument 'cmake_clean_first' from command line to 'False'
[0.606s] Level 5:colcon.colcon_core.verb:set package 'tnsy_swrv_controller' build argument 'cmake_force_configure' from command line to 'False'
[0.606s] Level 5:colcon.colcon_core.verb:set package 'tnsy_swrv_controller' build argument 'ament_cmake_args' from command line to 'None'
[0.606s] Level 5:colcon.colcon_core.verb:set package 'tnsy_swrv_controller' build argument 'catkin_cmake_args' from command line to 'None'
[0.607s] Level 5:colcon.colcon_core.verb:set package 'tnsy_swrv_controller' build argument 'catkin_skip_building_tests' from command line to 'False'
[0.607s] DEBUG:colcon.colcon_core.verb:Building package 'tnsy_swrv_controller' with the following arguments: {'ament_cmake_args': None, 'build_base': '/home/aidan/GitHub/AidansRepo/TeensySwerve/build/tnsy_swrv_controller', 'catkin_cmake_args': None, 'catkin_skip_building_tests': False, 'cmake_args': None, 'cmake_clean_cache': False, 'cmake_clean_first': False, 'cmake_force_configure': False, 'cmake_target': None, 'cmake_target_skip_unavailable': False, 'install_base': '/home/aidan/GitHub/AidansRepo/TeensySwerve/install/tnsy_swrv_controller', 'merge_install': False, 'path': '/home/aidan/GitHub/AidansRepo/TeensySwerve/src/tnsy_swrv_controller', 'symlink_install': True, 'test_result_base': None}
[0.607s] INFO:colcon.colcon_core.executor:Executing jobs using 'parallel' executor
[0.611s] DEBUG:colcon.colcon_parallel_executor.executor.parallel:run_until_complete
[0.611s] INFO:colcon.colcon_ros.task.ament_python.build:Building ROS package in '/home/aidan/GitHub/AidansRepo/TeensySwerve/src/tnsy_swrv_controller' with build type 'ament_python'
[0.612s] Level 1:colcon.colcon_core.shell:create_environment_hook('tnsy_swrv_controller', 'ament_prefix_path')
[0.615s] INFO:colcon.colcon_core.plugin_system:Skipping extension 'colcon_core.shell.bat': Not used on non-Windows systems
[0.616s] INFO:colcon.colcon_core.shell:Creating environment hook '/home/aidan/GitHub/AidansRepo/TeensySwerve/install/tnsy_swrv_controller/share/tnsy_swrv_controller/hook/ament_prefix_path.ps1'
[0.617s] INFO:colcon.colcon_core.shell:Creating environment descriptor '/home/aidan/GitHub/AidansRepo/TeensySwerve/install/tnsy_swrv_controller/share/tnsy_swrv_controller/hook/ament_prefix_path.dsv'
[0.617s] INFO:colcon.colcon_core.shell:Creating environment hook '/home/aidan/GitHub/AidansRepo/TeensySwerve/install/tnsy_swrv_controller/share/tnsy_swrv_controller/hook/ament_prefix_path.sh'
[0.618s] INFO:colcon.colcon_core.shell:Skip shell extension 'powershell' for command environment: Not usable outside of PowerShell
[0.618s] DEBUG:colcon.colcon_core.shell:Skip shell extension 'dsv' for command environment
[1.167s] INFO:colcon.colcon_core.task.python.build:Building Python package in '/home/aidan/GitHub/AidansRepo/TeensySwerve/src/tnsy_swrv_controller'
[1.168s] INFO:colcon.colcon_core.shell:Skip shell extension 'powershell' for command environment: Not usable outside of PowerShell
[1.168s] DEBUG:colcon.colcon_core.shell:Skip shell extension 'dsv' for command environment
[2.071s] DEBUG:colcon.colcon_core.task.python.build:While undoing a previous installation files outside the Python library path are being ignored: /home/aidan/GitHub/AidansRepo/TeensySwerve/install/tnsy_swrv_controller/share/ament_index/resource_index/packages/tnsy_swrv_controller
[2.071s] DEBUG:colcon.colcon_core.task.python.build:While undoing a previous installation files outside the Python library path are being ignored: /home/aidan/GitHub/AidansRepo/TeensySwerve/install/tnsy_swrv_controller/share/tnsy_swrv_controller/package.xml
[2.071s] DEBUG:colcon.colcon_core.task.python.build:While undoing a previous installation files outside the Python library path are being ignored: /home/aidan/GitHub/AidansRepo/TeensySwerve/install/tnsy_swrv_controller/share/tnsy_swrv_controller/joystick.launch.py
[2.072s] DEBUG:colcon.colcon_core.task.python.build:While undoing a previous installation files outside the Python library path are being ignored: /home/aidan/GitHub/AidansRepo/TeensySwerve/install/tnsy_swrv_controller/lib/tnsy_swrv_controller/test_node
[2.074s] DEBUG:colcon.colcon_core.event_handler.log_command:Invoking command in '/home/aidan/GitHub/AidansRepo/TeensySwerve/build/tnsy_swrv_controller': PYTHONPATH=/home/aidan/GitHub/AidansRepo/TeensySwerve/build/tnsy_swrv_controller/prefix_override:/home/aidan/GitHub/AidansRepo/TeensySwerve/install/tnsy_swrv_controller/lib/python3.10/site-packages:${PYTHONPATH} /usr/bin/python3 -W ignore:setup.py install is deprecated setup.py develop --editable --build-directory /home/aidan/GitHub/AidansRepo/TeensySwerve/build/tnsy_swrv_controller/build --no-deps symlink_data --force
[3.137s] Level 1:colcon.colcon_core.shell:create_environment_hook('tnsy_swrv_controller', 'pythonpath_develop')
[3.138s] INFO:colcon.colcon_core.shell:Creating environment hook '/home/aidan/GitHub/AidansRepo/TeensySwerve/build/tnsy_swrv_controller/share/tnsy_swrv_controller/hook/pythonpath_develop.ps1'
[3.139s] DEBUG:colcon.colcon_core.event_handler.log_command:Invoked command in '/home/aidan/GitHub/AidansRepo/TeensySwerve/build/tnsy_swrv_controller' returned '0': PYTHONPATH=/home/aidan/GitHub/AidansRepo/TeensySwerve/build/tnsy_swrv_controller/prefix_override:/home/aidan/GitHub/AidansRepo/TeensySwerve/install/tnsy_swrv_controller/lib/python3.10/site-packages:${PYTHONPATH} /usr/bin/python3 -W ignore:setup.py install is deprecated setup.py develop --editable --build-directory /home/aidan/GitHub/AidansRepo/TeensySwerve/build/tnsy_swrv_controller/build --no-deps symlink_data --force
[3.140s] INFO:colcon.colcon_core.shell:Creating environment descriptor '/home/aidan/GitHub/AidansRepo/TeensySwerve/build/tnsy_swrv_controller/share/tnsy_swrv_controller/hook/pythonpath_develop.dsv'
[3.141s] INFO:colcon.colcon_core.shell:Creating environment hook '/home/aidan/GitHub/AidansRepo/TeensySwerve/build/tnsy_swrv_controller/share/tnsy_swrv_controller/hook/pythonpath_develop.sh'
[3.165s] Level 1:colcon.colcon_core.environment:checking '/home/aidan/GitHub/AidansRepo/TeensySwerve/install/tnsy_swrv_controller' for CMake module files
[3.166s] Level 1:colcon.colcon_core.environment:checking '/home/aidan/GitHub/AidansRepo/TeensySwerve/install/tnsy_swrv_controller' for CMake config files
[3.167s] Level 1:colcon.colcon_core.environment:checking '/home/aidan/GitHub/AidansRepo/TeensySwerve/install/tnsy_swrv_controller/lib'
[3.167s] Level 1:colcon.colcon_core.environment:checking '/home/aidan/GitHub/AidansRepo/TeensySwerve/install/tnsy_swrv_controller/bin'
[3.168s] Level 1:colcon.colcon_core.environment:checking '/home/aidan/GitHub/AidansRepo/TeensySwerve/install/tnsy_swrv_controller/lib/pkgconfig/tnsy_swrv_controller.pc'
[3.168s] Level 1:colcon.colcon_core.environment:checking '/home/aidan/GitHub/AidansRepo/TeensySwerve/install/tnsy_swrv_controller/lib/python3.10/site-packages'
[3.168s] Level 1:colcon.colcon_core.shell:create_environment_hook('tnsy_swrv_controller', 'pythonpath')
[3.168s] INFO:colcon.colcon_core.shell:Creating environment hook '/home/aidan/GitHub/AidansRepo/TeensySwerve/install/tnsy_swrv_controller/share/tnsy_swrv_controller/hook/pythonpath.ps1'
[3.169s] INFO:colcon.colcon_core.shell:Creating environment descriptor '/home/aidan/GitHub/AidansRepo/TeensySwerve/install/tnsy_swrv_controller/share/tnsy_swrv_controller/hook/pythonpath.dsv'
[3.169s] INFO:colcon.colcon_core.shell:Creating environment hook '/home/aidan/GitHub/AidansRepo/TeensySwerve/install/tnsy_swrv_controller/share/tnsy_swrv_controller/hook/pythonpath.sh'
[3.170s] Level 1:colcon.colcon_core.environment:checking '/home/aidan/GitHub/AidansRepo/TeensySwerve/install/tnsy_swrv_controller/bin'
[3.170s] Level 1:colcon.colcon_core.environment:create_environment_scripts_only(tnsy_swrv_controller)
[3.171s] INFO:colcon.colcon_core.shell:Creating package script '/home/aidan/GitHub/AidansRepo/TeensySwerve/install/tnsy_swrv_controller/share/tnsy_swrv_controller/package.ps1'
[3.172s] INFO:colcon.colcon_core.shell:Creating package descriptor '/home/aidan/GitHub/AidansRepo/TeensySwerve/install/tnsy_swrv_controller/share/tnsy_swrv_controller/package.dsv'
[3.173s] INFO:colcon.colcon_core.shell:Creating package script '/home/aidan/GitHub/AidansRepo/TeensySwerve/install/tnsy_swrv_controller/share/tnsy_swrv_controller/package.sh'
[3.174s] INFO:colcon.colcon_core.shell:Creating package script '/home/aidan/GitHub/AidansRepo/TeensySwerve/install/tnsy_swrv_controller/share/tnsy_swrv_controller/package.bash'
[3.175s] INFO:colcon.colcon_core.shell:Creating package script '/home/aidan/GitHub/AidansRepo/TeensySwerve/install/tnsy_swrv_controller/share/tnsy_swrv_controller/package.zsh'
[3.176s] Level 1:colcon.colcon_core.environment:create_file_with_runtime_dependencies(/home/aidan/GitHub/AidansRepo/TeensySwerve/install/tnsy_swrv_controller/share/colcon-core/packages/tnsy_swrv_controller)
[3.177s] DEBUG:colcon.colcon_parallel_executor.executor.parallel:closing loop
[3.177s] DEBUG:colcon.colcon_parallel_executor.executor.parallel:loop closed
[3.177s] DEBUG:colcon.colcon_parallel_executor.executor.parallel:run_until_complete finished with '0'
[3.177s] DEBUG:colcon.colcon_core.event_reactor:joining thread
[3.185s] INFO:colcon.colcon_core.plugin_system:Skipping extension 'colcon_notification.desktop_notification.terminal_notifier': Not used on non-Darwin systems
[3.186s] INFO:colcon.colcon_core.plugin_system:Skipping extension 'colcon_notification.desktop_notification.win32': Not used on non-Windows systems
[3.186s] INFO:colcon.colcon_notification.desktop_notification:Sending desktop notification using 'notify2'
[3.208s] DEBUG:colcon.colcon_core.event_reactor:joined thread
[3.209s] INFO:colcon.colcon_core.shell:Creating prefix script '/home/aidan/GitHub/AidansRepo/TeensySwerve/install/local_setup.ps1'
[3.211s] INFO:colcon.colcon_core.shell:Creating prefix util module '/home/aidan/GitHub/AidansRepo/TeensySwerve/install/_local_setup_util_ps1.py'
[3.215s] INFO:colcon.colcon_core.shell:Creating prefix chain script '/home/aidan/GitHub/AidansRepo/TeensySwerve/install/setup.ps1'
[3.218s] INFO:colcon.colcon_core.shell:Creating prefix script '/home/aidan/GitHub/AidansRepo/TeensySwerve/install/local_setup.sh'
[3.219s] INFO:colcon.colcon_core.shell:Creating prefix util module '/home/aidan/GitHub/AidansRepo/TeensySwerve/install/_local_setup_util_sh.py'
[3.221s] INFO:colcon.colcon_core.shell:Creating prefix chain script '/home/aidan/GitHub/AidansRepo/TeensySwerve/install/setup.sh'
[3.223s] INFO:colcon.colcon_core.shell:Creating prefix script '/home/aidan/GitHub/AidansRepo/TeensySwerve/install/local_setup.bash'
[3.223s] INFO:colcon.colcon_core.shell:Creating prefix chain script '/home/aidan/GitHub/AidansRepo/TeensySwerve/install/setup.bash'
[3.225s] INFO:colcon.colcon_core.shell:Creating prefix script '/home/aidan/GitHub/AidansRepo/TeensySwerve/install/local_setup.zsh'
[3.225s] INFO:colcon.colcon_core.shell:Creating prefix chain script '/home/aidan/GitHub/AidansRepo/TeensySwerve/install/setup.zsh'
