[0.066s] Invoking command in '/home/aidan/GitHub/AidansRepo/TeensySwerve/build/rmw_microxrcedds': AMENT_PREFIX_PATH=/home/aidan/GitHub/AidansRepo/TeensySwerve/install/rosidl_typesupport_microxrcedds_cpp:/home/aidan/GitHub/AidansRepo/TeensySwerve/install/rosidl_typesupport_microxrcedds_c:/home/aidan/GitHub/AidansRepo/TeensySwerve/install/micro_ros_msgs:${AMENT_PREFIX_PATH} CMAKE_PREFIX_PATH=/home/aidan/GitHub/AidansRepo/TeensySwerve/install/rosidl_typesupport_microxrcedds_cpp:/home/aidan/GitHub/AidansRepo/TeensySwerve/install/rosidl_typesupport_microxrcedds_c:/home/aidan/GitHub/AidansRepo/TeensySwerve/install/microxrcedds_client:/home/aidan/GitHub/AidansRepo/TeensySwerve/install/microcdr:/home/aidan/GitHub/AidansRepo/TeensySwerve/install/micro_ros_msgs:/home/aidan/GitHub/AidansRepo/TeensySwerve/install/tnsy_interfaces:/home/aidan/microros_ws/install/micro_ros_setup:/home/aidan/microros_ws/install/micro_ros_agent:/home/aidan/microros_ws/install/micro_ros_msgs:/home/aidan/GitHub/AidansRepo/TeensySwerve/install/tnsy_swrv_controller:/opt/ros/humble LD_LIBRARY_PATH=/home/aidan/GitHub/AidansRepo/TeensySwerve/install/rosidl_typesupport_microxrcedds_cpp/lib:/home/aidan/GitHub/AidansRepo/TeensySwerve/install/rosidl_typesupport_microxrcedds_c/lib:/home/aidan/GitHub/AidansRepo/TeensySwerve/install/micro_ros_msgs/lib:${LD_LIBRARY_PATH} PYTHONPATH=/home/aidan/GitHub/AidansRepo/TeensySwerve/install/rosidl_typesupport_microxrcedds_cpp/local/lib/python3.10/dist-packages:/home/aidan/GitHub/AidansRepo/TeensySwerve/install/rosidl_typesupport_microxrcedds_c/local/lib/python3.10/dist-packages:/home/aidan/GitHub/AidansRepo/TeensySwerve/install/micro_ros_msgs/local/lib/python3.10/dist-packages:${PYTHONPATH} /usr/bin/cmake --build /home/aidan/GitHub/AidansRepo/TeensySwerve/build/rmw_microxrcedds -- -j4 -l4
[0.199s] [35m[1mConsolidate compiler generated dependencies of target gtest[0m
[0.205s] [35m[1mConsolidate compiler generated dependencies of target gtest_main[0m
[0.255s] [  2%] Built target gtest
[0.294s] [  4%] Built target gtest_main
[0.295s] [35m[1mConsolidate compiler generated dependencies of target rmw_microxrcedds[0m
[0.422s] [ 60%] Built target rmw_microxrcedds
[0.463s] [35m[1mConsolidate compiler generated dependencies of target test-publisher[0m
[0.488s] [35m[1mConsolidate compiler generated dependencies of target test-node[0m
[0.503s] [35m[1mConsolidate compiler generated dependencies of target test-client[0m
[0.503s] [35m[1mConsolidate compiler generated dependencies of target test-service[0m
[0.556s] [ 64%] Built target test-publisher
[0.561s] [ 67%] Built target test-client
[0.572s] [ 71%] Built target test-node
[0.587s] [ 75%] Built target test-service
[0.623s] [35m[1mConsolidate compiler generated dependencies of target test-subscriber[0m
[0.630s] [35m[1mConsolidate compiler generated dependencies of target test-pubsub[0m
[0.640s] [35m[1mConsolidate compiler generated dependencies of target test-reqres[0m
[0.659s] [35m[1mConsolidate compiler generated dependencies of target test-topic[0m
[0.707s] [ 78%] Built target test-reqres
[0.713s] [ 82%] Built target test-subscriber
[0.714s] [ 85%] Built target test-pubsub
[0.742s] [ 89%] Built target test-topic
[0.761s] [35m[1mConsolidate compiler generated dependencies of target test-guardcond[0m
[0.766s] [35m[1mConsolidate compiler generated dependencies of target test-sizes[0m
[0.785s] [35m[1mConsolidate compiler generated dependencies of target test-rmw[0m
[0.820s] [ 92%] Built target test-guardcond
[0.863s] [ 96%] Built target test-rmw
[0.872s] [100%] Built target test-sizes
[0.911s] Invoked command in '/home/aidan/GitHub/AidansRepo/TeensySwerve/build/rmw_microxrcedds' returned '0': AMENT_PREFIX_PATH=/home/aidan/GitHub/AidansRepo/TeensySwerve/install/rosidl_typesupport_microxrcedds_cpp:/home/aidan/GitHub/AidansRepo/TeensySwerve/install/rosidl_typesupport_microxrcedds_c:/home/aidan/GitHub/AidansRepo/TeensySwerve/install/micro_ros_msgs:${AMENT_PREFIX_PATH} CMAKE_PREFIX_PATH=/home/aidan/GitHub/AidansRepo/TeensySwerve/install/rosidl_typesupport_microxrcedds_cpp:/home/aidan/GitHub/AidansRepo/TeensySwerve/install/rosidl_typesupport_microxrcedds_c:/home/aidan/GitHub/AidansRepo/TeensySwerve/install/microxrcedds_client:/home/aidan/GitHub/AidansRepo/TeensySwerve/install/microcdr:/home/aidan/GitHub/AidansRepo/TeensySwerve/install/micro_ros_msgs:/home/aidan/GitHub/AidansRepo/TeensySwerve/install/tnsy_interfaces:/home/aidan/microros_ws/install/micro_ros_setup:/home/aidan/microros_ws/install/micro_ros_agent:/home/aidan/microros_ws/install/micro_ros_msgs:/home/aidan/GitHub/AidansRepo/TeensySwerve/install/tnsy_swrv_controller:/opt/ros/humble LD_LIBRARY_PATH=/home/aidan/GitHub/AidansRepo/TeensySwerve/install/rosidl_typesupport_microxrcedds_cpp/lib:/home/aidan/GitHub/AidansRepo/TeensySwerve/install/rosidl_typesupport_microxrcedds_c/lib:/home/aidan/GitHub/AidansRepo/TeensySwerve/install/micro_ros_msgs/lib:${LD_LIBRARY_PATH} PYTHONPATH=/home/aidan/GitHub/AidansRepo/TeensySwerve/install/rosidl_typesupport_microxrcedds_cpp/local/lib/python3.10/dist-packages:/home/aidan/GitHub/AidansRepo/TeensySwerve/install/rosidl_typesupport_microxrcedds_c/local/lib/python3.10/dist-packages:/home/aidan/GitHub/AidansRepo/TeensySwerve/install/micro_ros_msgs/local/lib/python3.10/dist-packages:${PYTHONPATH} /usr/bin/cmake --build /home/aidan/GitHub/AidansRepo/TeensySwerve/build/rmw_microxrcedds -- -j4 -l4
[1.694s] Invoking command in '/home/aidan/GitHub/AidansRepo/TeensySwerve/build/rmw_microxrcedds': AMENT_PREFIX_PATH=/home/aidan/GitHub/AidansRepo/TeensySwerve/install/rosidl_typesupport_microxrcedds_cpp:/home/aidan/GitHub/AidansRepo/TeensySwerve/install/rosidl_typesupport_microxrcedds_c:/home/aidan/GitHub/AidansRepo/TeensySwerve/install/micro_ros_msgs:${AMENT_PREFIX_PATH} CMAKE_PREFIX_PATH=/home/aidan/GitHub/AidansRepo/TeensySwerve/install/rosidl_typesupport_microxrcedds_cpp:/home/aidan/GitHub/AidansRepo/TeensySwerve/install/rosidl_typesupport_microxrcedds_c:/home/aidan/GitHub/AidansRepo/TeensySwerve/install/microxrcedds_client:/home/aidan/GitHub/AidansRepo/TeensySwerve/install/microcdr:/home/aidan/GitHub/AidansRepo/TeensySwerve/install/micro_ros_msgs:/home/aidan/GitHub/AidansRepo/TeensySwerve/install/tnsy_interfaces:/home/aidan/microros_ws/install/micro_ros_setup:/home/aidan/microros_ws/install/micro_ros_agent:/home/aidan/microros_ws/install/micro_ros_msgs:/home/aidan/GitHub/AidansRepo/TeensySwerve/install/tnsy_swrv_controller:/opt/ros/humble LD_LIBRARY_PATH=/home/aidan/GitHub/AidansRepo/TeensySwerve/install/rosidl_typesupport_microxrcedds_cpp/lib:/home/aidan/GitHub/AidansRepo/TeensySwerve/install/rosidl_typesupport_microxrcedds_c/lib:/home/aidan/GitHub/AidansRepo/TeensySwerve/install/micro_ros_msgs/lib:${LD_LIBRARY_PATH} PYTHONPATH=/home/aidan/GitHub/AidansRepo/TeensySwerve/install/rosidl_typesupport_microxrcedds_cpp/local/lib/python3.10/dist-packages:/home/aidan/GitHub/AidansRepo/TeensySwerve/install/rosidl_typesupport_microxrcedds_c/local/lib/python3.10/dist-packages:/home/aidan/GitHub/AidansRepo/TeensySwerve/install/micro_ros_msgs/local/lib/python3.10/dist-packages:${PYTHONPATH} /usr/bin/cmake --install /home/aidan/GitHub/AidansRepo/TeensySwerve/build/rmw_microxrcedds
[1.966s] -- Install configuration: ""
[1.966s] -- Up-to-date: /home/aidan/GitHub/AidansRepo/TeensySwerve/install/rmw_microxrcedds/share/rmw_microxrcedds/environment/library_path.sh
[1.967s] -- Up-to-date: /home/aidan/GitHub/AidansRepo/TeensySwerve/install/rmw_microxrcedds/share/rmw_microxrcedds/environment/library_path.dsv
[1.967s] -- Up-to-date: /home/aidan/GitHub/AidansRepo/TeensySwerve/install/rmw_microxrcedds/share/ament_index/resource_index/rmw_typesupport_c/rmw_microxrcedds
[1.968s] -- Up-to-date: /home/aidan/GitHub/AidansRepo/TeensySwerve/install/rmw_microxrcedds/share/ament_index/resource_index/rmw_typesupport/rmw_microxrcedds
[1.968s] -- Up-to-date: /home/aidan/GitHub/AidansRepo/TeensySwerve/install/rmw_microxrcedds/share/ament_index/resource_index/package_run_dependencies/rmw_microxrcedds
[1.970s] -- Up-to-date: /home/aidan/GitHub/AidansRepo/TeensySwerve/install/rmw_microxrcedds/share/ament_index/resource_index/parent_prefix_path/rmw_microxrcedds
[1.972s] -- Up-to-date: /home/aidan/GitHub/AidansRepo/TeensySwerve/install/rmw_microxrcedds/share/rmw_microxrcedds/environment/ament_prefix_path.sh
[1.973s] -- Up-to-date: /home/aidan/GitHub/AidansRepo/TeensySwerve/install/rmw_microxrcedds/share/rmw_microxrcedds/environment/ament_prefix_path.dsv
[1.973s] -- Up-to-date: /home/aidan/GitHub/AidansRepo/TeensySwerve/install/rmw_microxrcedds/share/rmw_microxrcedds/environment/path.sh
[1.973s] -- Up-to-date: /home/aidan/GitHub/AidansRepo/TeensySwerve/install/rmw_microxrcedds/share/rmw_microxrcedds/environment/path.dsv
[1.975s] -- Up-to-date: /home/aidan/GitHub/AidansRepo/TeensySwerve/install/rmw_microxrcedds/share/rmw_microxrcedds/local_setup.bash
[1.975s] -- Up-to-date: /home/aidan/GitHub/AidansRepo/TeensySwerve/install/rmw_microxrcedds/share/rmw_microxrcedds/local_setup.sh
[1.976s] -- Up-to-date: /home/aidan/GitHub/AidansRepo/TeensySwerve/install/rmw_microxrcedds/share/rmw_microxrcedds/local_setup.zsh
[1.976s] -- Up-to-date: /home/aidan/GitHub/AidansRepo/TeensySwerve/install/rmw_microxrcedds/share/rmw_microxrcedds/local_setup.dsv
[1.983s] -- Installing: /home/aidan/GitHub/AidansRepo/TeensySwerve/install/rmw_microxrcedds/share/rmw_microxrcedds/package.dsv
[2.034s] -- Up-to-date: /home/aidan/GitHub/AidansRepo/TeensySwerve/install/rmw_microxrcedds/share/ament_index/resource_index/packages/rmw_microxrcedds
[2.060s] -- Up-to-date: /home/aidan/GitHub/AidansRepo/TeensySwerve/install/rmw_microxrcedds/share/rmw_microxrcedds/cmake/ament_cmake_export_include_directories-extras.cmake
[2.060s] -- Up-to-date: /home/aidan/GitHub/AidansRepo/TeensySwerve/install/rmw_microxrcedds/share/rmw_microxrcedds/cmake/ament_cmake_export_libraries-extras.cmake
[2.060s] -- Up-to-date: /home/aidan/GitHub/AidansRepo/TeensySwerve/install/rmw_microxrcedds/share/rmw_microxrcedds/cmake/ament_cmake_export_dependencies-extras.cmake
[2.060s] -- Up-to-date: /home/aidan/GitHub/AidansRepo/TeensySwerve/install/rmw_microxrcedds/share/rmw_microxrcedds/cmake/rmw_microxrceddsConfig.cmake
[2.069s] -- Up-to-date: /home/aidan/GitHub/AidansRepo/TeensySwerve/install/rmw_microxrcedds/share/rmw_microxrcedds/cmake/rmw_microxrceddsConfig-version.cmake
[2.069s] -- Up-to-date: /home/aidan/GitHub/AidansRepo/TeensySwerve/install/rmw_microxrcedds/share/rmw_microxrcedds/package.xml
[2.069s] -- Up-to-date: /home/aidan/GitHub/AidansRepo/TeensySwerve/install/rmw_microxrcedds/include
[2.069s] -- Up-to-date: /home/aidan/GitHub/AidansRepo/TeensySwerve/install/rmw_microxrcedds/include/rmw_microros
[2.069s] -- Up-to-date: /home/aidan/GitHub/AidansRepo/TeensySwerve/install/rmw_microxrcedds/include/rmw_microros/time_sync.h
[2.070s] -- Up-to-date: /home/aidan/GitHub/AidansRepo/TeensySwerve/install/rmw_microxrcedds/include/rmw_microros/ping.h
[2.070s] -- Up-to-date: /home/aidan/GitHub/AidansRepo/TeensySwerve/install/rmw_microxrcedds/include/rmw_microros/custom_transport.h
[2.070s] -- Up-to-date: /home/aidan/GitHub/AidansRepo/TeensySwerve/install/rmw_microxrcedds/include/rmw_microros/init_options.h
[2.083s] -- Up-to-date: /home/aidan/GitHub/AidansRepo/TeensySwerve/install/rmw_microxrcedds/include/rmw_microros/rmw_microros.h
[2.084s] -- Up-to-date: /home/aidan/GitHub/AidansRepo/TeensySwerve/install/rmw_microxrcedds/include/rmw_microros/discovery.h
[2.086s] -- Up-to-date: /home/aidan/GitHub/AidansRepo/TeensySwerve/install/rmw_microxrcedds/include/rmw_microros/timing.h
[2.086s] -- Up-to-date: /home/aidan/GitHub/AidansRepo/TeensySwerve/install/rmw_microxrcedds/include/rmw_microros/continous_serialization.h
[2.086s] -- Up-to-date: /home/aidan/GitHub/AidansRepo/TeensySwerve/install/rmw_microxrcedds/include/rmw_microros/error_handling.h
[2.086s] -- Up-to-date: /home/aidan/GitHub/AidansRepo/TeensySwerve/install/rmw_microxrcedds/include/rmw_microxrcedds_c
[2.086s] -- Up-to-date: /home/aidan/GitHub/AidansRepo/TeensySwerve/install/rmw_microxrcedds/include/rmw_microxrcedds_c/rmw_c_macros.h
[2.087s] -- Up-to-date: /home/aidan/GitHub/AidansRepo/TeensySwerve/install/rmw_microxrcedds/include/rmw_microxrcedds_c/config.h
[2.087s] -- Up-to-date: /home/aidan/GitHub/AidansRepo/TeensySwerve/install/rmw_microxrcedds/lib/librmw_microxrcedds.so
[2.118s] Invoked command in '/home/aidan/GitHub/AidansRepo/TeensySwerve/build/rmw_microxrcedds' returned '0': AMENT_PREFIX_PATH=/home/aidan/GitHub/AidansRepo/TeensySwerve/install/rosidl_typesupport_microxrcedds_cpp:/home/aidan/GitHub/AidansRepo/TeensySwerve/install/rosidl_typesupport_microxrcedds_c:/home/aidan/GitHub/AidansRepo/TeensySwerve/install/micro_ros_msgs:${AMENT_PREFIX_PATH} CMAKE_PREFIX_PATH=/home/aidan/GitHub/AidansRepo/TeensySwerve/install/rosidl_typesupport_microxrcedds_cpp:/home/aidan/GitHub/AidansRepo/TeensySwerve/install/rosidl_typesupport_microxrcedds_c:/home/aidan/GitHub/AidansRepo/TeensySwerve/install/microxrcedds_client:/home/aidan/GitHub/AidansRepo/TeensySwerve/install/microcdr:/home/aidan/GitHub/AidansRepo/TeensySwerve/install/micro_ros_msgs:/home/aidan/GitHub/AidansRepo/TeensySwerve/install/tnsy_interfaces:/home/aidan/microros_ws/install/micro_ros_setup:/home/aidan/microros_ws/install/micro_ros_agent:/home/aidan/microros_ws/install/micro_ros_msgs:/home/aidan/GitHub/AidansRepo/TeensySwerve/install/tnsy_swrv_controller:/opt/ros/humble LD_LIBRARY_PATH=/home/aidan/GitHub/AidansRepo/TeensySwerve/install/rosidl_typesupport_microxrcedds_cpp/lib:/home/aidan/GitHub/AidansRepo/TeensySwerve/install/rosidl_typesupport_microxrcedds_c/lib:/home/aidan/GitHub/AidansRepo/TeensySwerve/install/micro_ros_msgs/lib:${LD_LIBRARY_PATH} PYTHONPATH=/home/aidan/GitHub/AidansRepo/TeensySwerve/install/rosidl_typesupport_microxrcedds_cpp/local/lib/python3.10/dist-packages:/home/aidan/GitHub/AidansRepo/TeensySwerve/install/rosidl_typesupport_microxrcedds_c/local/lib/python3.10/dist-packages:/home/aidan/GitHub/AidansRepo/TeensySwerve/install/micro_ros_msgs/local/lib/python3.10/dist-packages:${PYTHONPATH} /usr/bin/cmake --install /home/aidan/GitHub/AidansRepo/TeensySwerve/build/rmw_microxrcedds
