[0.116s] Invoking command in '/home/aidan/GitHub/AidansRepo/TeensySwerve/build/shape_msgs': AMENT_PREFIX_PATH=/home/aidan/GitHub/AidansRepo/TeensySwerve/install/geometry_msgs:/home/aidan/GitHub/AidansRepo/TeensySwerve/install/std_msgs:/home/aidan/GitHub/AidansRepo/TeensySwerve/install/builtin_interfaces:${AMENT_PREFIX_PATH} CMAKE_PREFIX_PATH=/home/aidan/GitHub/AidansRepo/TeensySwerve/install/geometry_msgs:/home/aidan/GitHub/AidansRepo/TeensySwerve/install/std_msgs:/home/aidan/GitHub/AidansRepo/TeensySwerve/install/builtin_interfaces:/home/aidan/GitHub/AidansRepo/TeensySwerve/install/tnsy_interfaces:/home/aidan/microros_ws/install/micro_ros_setup:/home/aidan/microros_ws/install/micro_ros_agent:/home/aidan/microros_ws/install/micro_ros_msgs:/home/aidan/GitHub/AidansRepo/TeensySwerve/install/tnsy_swrv_controller:/opt/ros/humble LD_LIBRARY_PATH=/home/aidan/GitHub/AidansRepo/TeensySwerve/install/geometry_msgs/lib:/home/aidan/GitHub/AidansRepo/TeensySwerve/install/std_msgs/lib:/home/aidan/GitHub/AidansRepo/TeensySwerve/install/builtin_interfaces/lib:${LD_LIBRARY_PATH} PYTHONPATH=/home/aidan/GitHub/AidansRepo/TeensySwerve/install/geometry_msgs/local/lib/python3.10/dist-packages:/home/aidan/GitHub/AidansRepo/TeensySwerve/install/std_msgs/local/lib/python3.10/dist-packages:/home/aidan/GitHub/AidansRepo/TeensySwerve/install/builtin_interfaces/local/lib/python3.10/dist-packages:${PYTHONPATH} /usr/bin/cmake /home/aidan/GitHub/AidansRepo/TeensySwerve/src/ros2/common_interfaces/shape_msgs -DCMAKE_INSTALL_PREFIX=/home/aidan/GitHub/AidansRepo/TeensySwerve/install/shape_msgs
[0.440s] -- The C compiler identification is GNU 11.4.0
[0.785s] -- The CXX compiler identification is GNU 11.4.0
[0.832s] -- Detecting C compiler ABI info
[1.238s] -- Detecting C compiler ABI info - done
[1.287s] -- Check for working C compiler: /usr/bin/cc - skipped
[1.287s] -- Detecting C compile features
[1.290s] -- Detecting C compile features - done
[1.320s] -- Detecting CXX compiler ABI info
[1.611s] -- Detecting CXX compiler ABI info - done
[1.679s] -- Check for working CXX compiler: /usr/bin/c++ - skipped
[1.679s] -- Detecting CXX compile features
[1.681s] -- Detecting CXX compile features - done
[1.696s] -- Found ament_cmake: 1.3.11 (/opt/ros/humble/share/ament_cmake/cmake)
[2.257s] -- Found Python3: /usr/bin/python3 (found version "3.10.12") found components: Interpreter 
[2.531s] -- Found geometry_msgs: 4.8.0 (/home/aidan/GitHub/AidansRepo/TeensySwerve/install/geometry_msgs/share/geometry_msgs/cmake)
[2.754s] -- Found rosidl_generator_c: 3.1.6 (/opt/ros/humble/share/rosidl_generator_c/cmake)
[2.798s] -- Found rosidl_adapter: 3.1.6 (/opt/ros/humble/share/rosidl_adapter/cmake)
[2.852s] -- Found rosidl_generator_cpp: 3.1.6 (/opt/ros/humble/share/rosidl_generator_cpp/cmake)
[2.964s] -- Using all available rosidl_typesupport_c: rosidl_typesupport_fastrtps_c;rosidl_typesupport_introspection_c
[3.113s] -- Using all available rosidl_typesupport_cpp: rosidl_typesupport_fastrtps_cpp;rosidl_typesupport_introspection_cpp
[3.372s] -- Found rosidl_default_generators: 1.2.0 (/opt/ros/humble/share/rosidl_default_generators/cmake)
[4.827s] -- Found ament_cmake_cppcheck: 0.12.12 (/opt/ros/humble/share/ament_cmake_cppcheck/cmake)
[4.839s] -- Found ament_cmake_cpplint: 0.12.12 (/opt/ros/humble/share/ament_cmake_cpplint/cmake)
[4.851s] -- Found ament_cmake_uncrustify: 0.12.12 (/opt/ros/humble/share/ament_cmake_uncrustify/cmake)
[4.871s] -- Found ament_cmake_ros: 0.10.0 (/opt/ros/humble/share/ament_cmake_ros/cmake)
[7.206s] -- Using all available rosidl_typesupport_c: rosidl_typesupport_fastrtps_c;rosidl_typesupport_introspection_c
[8.060s] -- Using all available rosidl_typesupport_cpp: rosidl_typesupport_fastrtps_cpp;rosidl_typesupport_introspection_cpp
[8.225s] -- Found PythonInterp: /usr/bin/python3 (found suitable version "3.10.12", minimum required is "3.6") 
[8.238s] -- Found python_cmake_module: 0.10.0 (/opt/ros/humble/share/python_cmake_module/cmake)
[8.395s] -- Found PythonLibs: /usr/lib/x86_64-linux-gnu/libpython3.10.so (found suitable version "3.10.12", minimum required is "3.5") 
[8.396s] -- Using PYTHON_EXECUTABLE: /usr/bin/python3
[8.396s] -- Using PYTHON_INCLUDE_DIRS: /usr/include/python3.10
[8.396s] -- Using PYTHON_LIBRARIES: /usr/lib/x86_64-linux-gnu/libpython3.10.so
[8.545s] -- Found PythonExtra: .so  
[9.027s] -- Found ament_cmake_flake8: 0.12.12 (/opt/ros/humble/share/ament_cmake_flake8/cmake)
[9.043s] -- Found ament_cmake_pep257: 0.12.12 (/opt/ros/humble/share/ament_cmake_pep257/cmake)
[9.085s] -- Configuring done
[9.419s] -- Generating done
[9.436s] -- Build files have been written to: /home/aidan/GitHub/AidansRepo/TeensySwerve/build/shape_msgs
[9.483s] Invoked command in '/home/aidan/GitHub/AidansRepo/TeensySwerve/build/shape_msgs' returned '0': AMENT_PREFIX_PATH=/home/aidan/GitHub/AidansRepo/TeensySwerve/install/geometry_msgs:/home/aidan/GitHub/AidansRepo/TeensySwerve/install/std_msgs:/home/aidan/GitHub/AidansRepo/TeensySwerve/install/builtin_interfaces:${AMENT_PREFIX_PATH} CMAKE_PREFIX_PATH=/home/aidan/GitHub/AidansRepo/TeensySwerve/install/geometry_msgs:/home/aidan/GitHub/AidansRepo/TeensySwerve/install/std_msgs:/home/aidan/GitHub/AidansRepo/TeensySwerve/install/builtin_interfaces:/home/aidan/GitHub/AidansRepo/TeensySwerve/install/tnsy_interfaces:/home/aidan/microros_ws/install/micro_ros_setup:/home/aidan/microros_ws/install/micro_ros_agent:/home/aidan/microros_ws/install/micro_ros_msgs:/home/aidan/GitHub/AidansRepo/TeensySwerve/install/tnsy_swrv_controller:/opt/ros/humble LD_LIBRARY_PATH=/home/aidan/GitHub/AidansRepo/TeensySwerve/install/geometry_msgs/lib:/home/aidan/GitHub/AidansRepo/TeensySwerve/install/std_msgs/lib:/home/aidan/GitHub/AidansRepo/TeensySwerve/install/builtin_interfaces/lib:${LD_LIBRARY_PATH} PYTHONPATH=/home/aidan/GitHub/AidansRepo/TeensySwerve/install/geometry_msgs/local/lib/python3.10/dist-packages:/home/aidan/GitHub/AidansRepo/TeensySwerve/install/std_msgs/local/lib/python3.10/dist-packages:/home/aidan/GitHub/AidansRepo/TeensySwerve/install/builtin_interfaces/local/lib/python3.10/dist-packages:${PYTHONPATH} /usr/bin/cmake /home/aidan/GitHub/AidansRepo/TeensySwerve/src/ros2/common_interfaces/shape_msgs -DCMAKE_INSTALL_PREFIX=/home/aidan/GitHub/AidansRepo/TeensySwerve/install/shape_msgs
[9.484s] Invoking command in '/home/aidan/GitHub/AidansRepo/TeensySwerve/build/shape_msgs': AMENT_PREFIX_PATH=/home/aidan/GitHub/AidansRepo/TeensySwerve/install/geometry_msgs:/home/aidan/GitHub/AidansRepo/TeensySwerve/install/std_msgs:/home/aidan/GitHub/AidansRepo/TeensySwerve/install/builtin_interfaces:${AMENT_PREFIX_PATH} CMAKE_PREFIX_PATH=/home/aidan/GitHub/AidansRepo/TeensySwerve/install/geometry_msgs:/home/aidan/GitHub/AidansRepo/TeensySwerve/install/std_msgs:/home/aidan/GitHub/AidansRepo/TeensySwerve/install/builtin_interfaces:/home/aidan/GitHub/AidansRepo/TeensySwerve/install/tnsy_interfaces:/home/aidan/microros_ws/install/micro_ros_setup:/home/aidan/microros_ws/install/micro_ros_agent:/home/aidan/microros_ws/install/micro_ros_msgs:/home/aidan/GitHub/AidansRepo/TeensySwerve/install/tnsy_swrv_controller:/opt/ros/humble LD_LIBRARY_PATH=/home/aidan/GitHub/AidansRepo/TeensySwerve/install/geometry_msgs/lib:/home/aidan/GitHub/AidansRepo/TeensySwerve/install/std_msgs/lib:/home/aidan/GitHub/AidansRepo/TeensySwerve/install/builtin_interfaces/lib:${LD_LIBRARY_PATH} PYTHONPATH=/home/aidan/GitHub/AidansRepo/TeensySwerve/install/geometry_msgs/local/lib/python3.10/dist-packages:/home/aidan/GitHub/AidansRepo/TeensySwerve/install/std_msgs/local/lib/python3.10/dist-packages:/home/aidan/GitHub/AidansRepo/TeensySwerve/install/builtin_interfaces/local/lib/python3.10/dist-packages:${PYTHONPATH} /usr/bin/cmake --build /home/aidan/GitHub/AidansRepo/TeensySwerve/build/shape_msgs -- -j4 -l4
[9.735s] [  1%] [34m[1mGenerating C++ code for ROS interfaces[0m
[12.330s] [  1%] Built target shape_msgs__cpp
[12.513s] [  1%] Built target ament_cmake_python_copy_shape_msgs
[12.569s] [  3%] [34m[1mGenerating C++ type support for eProsima Fast-RTPS[0m
[15.393s] [  5%] [32mBuilding CXX object CMakeFiles/shape_msgs__rosidl_typesupport_fastrtps_cpp.dir/rosidl_typesupport_fastrtps_cpp/shape_msgs/msg/detail/dds_fastrtps/mesh__type_support.cpp.o[0m
[17.134s] [  7%] [32mBuilding CXX object CMakeFiles/shape_msgs__rosidl_typesupport_fastrtps_cpp.dir/rosidl_typesupport_fastrtps_cpp/shape_msgs/msg/detail/dds_fastrtps/mesh_triangle__type_support.cpp.o[0m
[19.284s] [  9%] [32mBuilding CXX object CMakeFiles/shape_msgs__rosidl_typesupport_fastrtps_cpp.dir/rosidl_typesupport_fastrtps_cpp/shape_msgs/msg/detail/dds_fastrtps/plane__type_support.cpp.o[0m
[20.897s] [ 10%] [32mBuilding CXX object CMakeFiles/shape_msgs__rosidl_typesupport_fastrtps_cpp.dir/rosidl_typesupport_fastrtps_cpp/shape_msgs/msg/detail/dds_fastrtps/solid_primitive__type_support.cpp.o[0m
[22.592s] [ 12%] [32m[1mLinking CXX shared library libshape_msgs__rosidl_typesupport_fastrtps_cpp.so[0m
[23.044s] [ 12%] Built target shape_msgs__rosidl_typesupport_fastrtps_cpp
[23.096s] [ 14%] [34m[1mGenerating C++ introspection for ROS interfaces[0m
[26.183s] [ 16%] [32mBuilding CXX object CMakeFiles/shape_msgs__rosidl_typesupport_introspection_cpp.dir/rosidl_typesupport_introspection_cpp/shape_msgs/msg/detail/mesh__type_support.cpp.o[0m
[28.447s] [ 18%] [32mBuilding CXX object CMakeFiles/shape_msgs__rosidl_typesupport_introspection_cpp.dir/rosidl_typesupport_introspection_cpp/shape_msgs/msg/detail/mesh_triangle__type_support.cpp.o[0m
[30.854s] [ 20%] [32mBuilding CXX object CMakeFiles/shape_msgs__rosidl_typesupport_introspection_cpp.dir/rosidl_typesupport_introspection_cpp/shape_msgs/msg/detail/plane__type_support.cpp.o[0m
[32.646s] [ 21%] [32mBuilding CXX object CMakeFiles/shape_msgs__rosidl_typesupport_introspection_cpp.dir/rosidl_typesupport_introspection_cpp/shape_msgs/msg/detail/solid_primitive__type_support.cpp.o[0m
[35.342s] [ 23%] [32m[1mLinking CXX shared library libshape_msgs__rosidl_typesupport_introspection_cpp.so[0m
[35.857s] [ 23%] Built target shape_msgs__rosidl_typesupport_introspection_cpp
[36.787s] running egg_info
[36.788s] creating shape_msgs.egg-info
[36.788s] writing shape_msgs.egg-info/PKG-INFO
[36.792s] writing dependency_links to shape_msgs.egg-info/dependency_links.txt
[36.793s] writing top-level names to shape_msgs.egg-info/top_level.txt
[36.793s] writing manifest file 'shape_msgs.egg-info/SOURCES.txt'
[36.805s] reading manifest file 'shape_msgs.egg-info/SOURCES.txt'
[36.806s] writing manifest file 'shape_msgs.egg-info/SOURCES.txt'
[36.922s] [ 23%] Built target ament_cmake_python_build_shape_msgs_egg
[36.988s] [ 25%] [34m[1mGenerating C++ type support dispatch for ROS interfaces[0m
[40.251s] [ 27%] [32mBuilding CXX object CMakeFiles/shape_msgs__rosidl_typesupport_cpp.dir/rosidl_typesupport_cpp/shape_msgs/msg/mesh__type_support.cpp.o[0m
[41.349s] [ 29%] [32mBuilding CXX object CMakeFiles/shape_msgs__rosidl_typesupport_cpp.dir/rosidl_typesupport_cpp/shape_msgs/msg/plane__type_support.cpp.o[0m
[42.368s] [ 30%] [32mBuilding CXX object CMakeFiles/shape_msgs__rosidl_typesupport_cpp.dir/rosidl_typesupport_cpp/shape_msgs/msg/solid_primitive__type_support.cpp.o[0m
[44.107s] [ 32%] [32mBuilding CXX object CMakeFiles/shape_msgs__rosidl_typesupport_cpp.dir/rosidl_typesupport_cpp/shape_msgs/msg/mesh_triangle__type_support.cpp.o[0m
[45.887s] [ 34%] [32m[1mLinking CXX shared library libshape_msgs__rosidl_typesupport_cpp.so[0m
[46.169s] [ 34%] Built target shape_msgs__rosidl_typesupport_cpp
[46.199s] [ 36%] [34m[1mGenerating C code for ROS interfaces[0m
[50.921s] [ 38%] [32mBuilding C object CMakeFiles/shape_msgs__rosidl_generator_c.dir/rosidl_generator_c/shape_msgs/msg/detail/mesh__functions.c.o[0m
[51.053s] [ 40%] [32mBuilding C object CMakeFiles/shape_msgs__rosidl_generator_c.dir/rosidl_generator_c/shape_msgs/msg/detail/solid_primitive__functions.c.o[0m
[51.193s] [ 41%] [32mBuilding C object CMakeFiles/shape_msgs__rosidl_generator_c.dir/rosidl_generator_c/shape_msgs/msg/detail/plane__functions.c.o[0m
[51.349s] [ 43%] [32mBuilding C object CMakeFiles/shape_msgs__rosidl_generator_c.dir/rosidl_generator_c/shape_msgs/msg/detail/mesh_triangle__functions.c.o[0m
[51.613s] [ 45%] [32m[1mLinking C shared library libshape_msgs__rosidl_generator_c.so[0m
[51.839s] [ 45%] Built target shape_msgs__rosidl_generator_c
[51.907s] [ 47%] [34m[1mGenerating C type support for eProsima Fast-RTPS[0m
[54.540s] [ 49%] [32mBuilding CXX object CMakeFiles/shape_msgs__rosidl_typesupport_fastrtps_c.dir/rosidl_typesupport_fastrtps_c/shape_msgs/msg/detail/mesh__type_support_c.cpp.o[0m
[56.404s] [ 50%] [32mBuilding CXX object CMakeFiles/shape_msgs__rosidl_typesupport_fastrtps_c.dir/rosidl_typesupport_fastrtps_c/shape_msgs/msg/detail/mesh_triangle__type_support_c.cpp.o[0m
[58.414s] [ 52%] [32mBuilding CXX object CMakeFiles/shape_msgs__rosidl_typesupport_fastrtps_c.dir/rosidl_typesupport_fastrtps_c/shape_msgs/msg/detail/plane__type_support_c.cpp.o[0m
[60.317s] [ 54%] [32mBuilding CXX object CMakeFiles/shape_msgs__rosidl_typesupport_fastrtps_c.dir/rosidl_typesupport_fastrtps_c/shape_msgs/msg/detail/solid_primitive__type_support_c.cpp.o[0m
[62.298s] [ 56%] [32m[1mLinking CXX shared library libshape_msgs__rosidl_typesupport_fastrtps_c.so[0m
[62.705s] [ 56%] Built target shape_msgs__rosidl_typesupport_fastrtps_c
[62.781s] [ 58%] [34m[1mGenerating C type support dispatch for ROS interfaces[0m
[65.884s] [ 60%] [32mBuilding CXX object CMakeFiles/shape_msgs__rosidl_typesupport_c.dir/rosidl_typesupport_c/shape_msgs/msg/mesh__type_support.cpp.o[0m
[66.018s] [ 61%] [32mBuilding CXX object CMakeFiles/shape_msgs__rosidl_typesupport_c.dir/rosidl_typesupport_c/shape_msgs/msg/plane__type_support.cpp.o[0m
[66.137s] [ 63%] [32mBuilding CXX object CMakeFiles/shape_msgs__rosidl_typesupport_c.dir/rosidl_typesupport_c/shape_msgs/msg/solid_primitive__type_support.cpp.o[0m
[66.340s] [ 65%] [32mBuilding CXX object CMakeFiles/shape_msgs__rosidl_typesupport_c.dir/rosidl_typesupport_c/shape_msgs/msg/mesh_triangle__type_support.cpp.o[0m
[66.505s] [ 67%] [32m[1mLinking CXX shared library libshape_msgs__rosidl_typesupport_c.so[0m
[66.640s] [ 67%] Built target shape_msgs__rosidl_typesupport_c
[66.675s] [ 69%] [34m[1mGenerating C introspection for ROS interfaces[0m
[69.621s] [ 70%] [32mBuilding C object CMakeFiles/shape_msgs__rosidl_typesupport_introspection_c.dir/rosidl_typesupport_introspection_c/shape_msgs/msg/detail/mesh__type_support.c.o[0m
[69.843s] [ 72%] [32mBuilding C object CMakeFiles/shape_msgs__rosidl_typesupport_introspection_c.dir/rosidl_typesupport_introspection_c/shape_msgs/msg/detail/solid_primitive__type_support.c.o[0m
[69.972s] [ 74%] [32mBuilding C object CMakeFiles/shape_msgs__rosidl_typesupport_introspection_c.dir/rosidl_typesupport_introspection_c/shape_msgs/msg/detail/plane__type_support.c.o[0m
[70.160s] [ 76%] [32mBuilding C object CMakeFiles/shape_msgs__rosidl_typesupport_introspection_c.dir/rosidl_typesupport_introspection_c/shape_msgs/msg/detail/mesh_triangle__type_support.c.o[0m
[70.353s] [ 78%] [32m[1mLinking C shared library libshape_msgs__rosidl_typesupport_introspection_c.so[0m
[70.547s] [ 78%] Built target shape_msgs__rosidl_typesupport_introspection_c
[70.651s] [ 78%] Built target shape_msgs
[70.762s] [ 80%] [34m[1mGenerating Python code for ROS interfaces[0m
[76.036s] [ 80%] Built target shape_msgs__py
[76.148s] [ 81%] [32mBuilding C object CMakeFiles/shape_msgs__rosidl_generator_py.dir/rosidl_generator_py/shape_msgs/msg/_mesh_s.c.o[0m
[76.564s] [ 83%] [32mBuilding C object CMakeFiles/shape_msgs__rosidl_generator_py.dir/rosidl_generator_py/shape_msgs/msg/_solid_primitive_s.c.o[0m
[77.101s] [ 85%] [32mBuilding C object CMakeFiles/shape_msgs__rosidl_generator_py.dir/rosidl_generator_py/shape_msgs/msg/_plane_s.c.o[0m
[77.759s] [ 87%] [32mBuilding C object CMakeFiles/shape_msgs__rosidl_generator_py.dir/rosidl_generator_py/shape_msgs/msg/_mesh_triangle_s.c.o[0m
[78.336s] [ 89%] [32m[1mLinking C shared library rosidl_generator_py/shape_msgs/libshape_msgs__rosidl_generator_py.so[0m
[78.614s] [ 89%] Built target shape_msgs__rosidl_generator_py
[78.741s] [ 90%] [32mBuilding C object CMakeFiles/shape_msgs__rosidl_typesupport_fastrtps_c__pyext.dir/rosidl_generator_py/shape_msgs/_shape_msgs_s.ep.rosidl_typesupport_fastrtps_c.c.o[0m
[79.349s] [ 92%] [32m[1mLinking C shared library rosidl_generator_py/shape_msgs/shape_msgs_s__rosidl_typesupport_fastrtps_c.cpython-310-x86_64-linux-gnu.so[0m
[79.587s] [ 92%] Built target shape_msgs__rosidl_typesupport_fastrtps_c__pyext
[79.717s] [ 94%] [32mBuilding C object CMakeFiles/shape_msgs__rosidl_typesupport_c__pyext.dir/rosidl_generator_py/shape_msgs/_shape_msgs_s.ep.rosidl_typesupport_c.c.o[0m
[80.278s] [ 96%] [32m[1mLinking C shared library rosidl_generator_py/shape_msgs/shape_msgs_s__rosidl_typesupport_c.cpython-310-x86_64-linux-gnu.so[0m
[80.517s] [ 96%] Built target shape_msgs__rosidl_typesupport_c__pyext
[80.623s] [ 98%] [32mBuilding C object CMakeFiles/shape_msgs__rosidl_typesupport_introspection_c__pyext.dir/rosidl_generator_py/shape_msgs/_shape_msgs_s.ep.rosidl_typesupport_introspection_c.c.o[0m
[81.186s] [100%] [32m[1mLinking C shared library rosidl_generator_py/shape_msgs/shape_msgs_s__rosidl_typesupport_introspection_c.cpython-310-x86_64-linux-gnu.so[0m
[81.474s] [100%] Built target shape_msgs__rosidl_typesupport_introspection_c__pyext
[81.547s] Invoked command in '/home/aidan/GitHub/AidansRepo/TeensySwerve/build/shape_msgs' returned '0': AMENT_PREFIX_PATH=/home/aidan/GitHub/AidansRepo/TeensySwerve/install/geometry_msgs:/home/aidan/GitHub/AidansRepo/TeensySwerve/install/std_msgs:/home/aidan/GitHub/AidansRepo/TeensySwerve/install/builtin_interfaces:${AMENT_PREFIX_PATH} CMAKE_PREFIX_PATH=/home/aidan/GitHub/AidansRepo/TeensySwerve/install/geometry_msgs:/home/aidan/GitHub/AidansRepo/TeensySwerve/install/std_msgs:/home/aidan/GitHub/AidansRepo/TeensySwerve/install/builtin_interfaces:/home/aidan/GitHub/AidansRepo/TeensySwerve/install/tnsy_interfaces:/home/aidan/microros_ws/install/micro_ros_setup:/home/aidan/microros_ws/install/micro_ros_agent:/home/aidan/microros_ws/install/micro_ros_msgs:/home/aidan/GitHub/AidansRepo/TeensySwerve/install/tnsy_swrv_controller:/opt/ros/humble LD_LIBRARY_PATH=/home/aidan/GitHub/AidansRepo/TeensySwerve/install/geometry_msgs/lib:/home/aidan/GitHub/AidansRepo/TeensySwerve/install/std_msgs/lib:/home/aidan/GitHub/AidansRepo/TeensySwerve/install/builtin_interfaces/lib:${LD_LIBRARY_PATH} PYTHONPATH=/home/aidan/GitHub/AidansRepo/TeensySwerve/install/geometry_msgs/local/lib/python3.10/dist-packages:/home/aidan/GitHub/AidansRepo/TeensySwerve/install/std_msgs/local/lib/python3.10/dist-packages:/home/aidan/GitHub/AidansRepo/TeensySwerve/install/builtin_interfaces/local/lib/python3.10/dist-packages:${PYTHONPATH} /usr/bin/cmake --build /home/aidan/GitHub/AidansRepo/TeensySwerve/build/shape_msgs -- -j4 -l4
[82.201s] Invoking command in '/home/aidan/GitHub/AidansRepo/TeensySwerve/build/shape_msgs': AMENT_PREFIX_PATH=/home/aidan/GitHub/AidansRepo/TeensySwerve/install/geometry_msgs:/home/aidan/GitHub/AidansRepo/TeensySwerve/install/std_msgs:/home/aidan/GitHub/AidansRepo/TeensySwerve/install/builtin_interfaces:${AMENT_PREFIX_PATH} CMAKE_PREFIX_PATH=/home/aidan/GitHub/AidansRepo/TeensySwerve/install/geometry_msgs:/home/aidan/GitHub/AidansRepo/TeensySwerve/install/std_msgs:/home/aidan/GitHub/AidansRepo/TeensySwerve/install/builtin_interfaces:/home/aidan/GitHub/AidansRepo/TeensySwerve/install/tnsy_interfaces:/home/aidan/microros_ws/install/micro_ros_setup:/home/aidan/microros_ws/install/micro_ros_agent:/home/aidan/microros_ws/install/micro_ros_msgs:/home/aidan/GitHub/AidansRepo/TeensySwerve/install/tnsy_swrv_controller:/opt/ros/humble LD_LIBRARY_PATH=/home/aidan/GitHub/AidansRepo/TeensySwerve/install/geometry_msgs/lib:/home/aidan/GitHub/AidansRepo/TeensySwerve/install/std_msgs/lib:/home/aidan/GitHub/AidansRepo/TeensySwerve/install/builtin_interfaces/lib:${LD_LIBRARY_PATH} PYTHONPATH=/home/aidan/GitHub/AidansRepo/TeensySwerve/install/geometry_msgs/local/lib/python3.10/dist-packages:/home/aidan/GitHub/AidansRepo/TeensySwerve/install/std_msgs/local/lib/python3.10/dist-packages:/home/aidan/GitHub/AidansRepo/TeensySwerve/install/builtin_interfaces/local/lib/python3.10/dist-packages:${PYTHONPATH} /usr/bin/cmake --install /home/aidan/GitHub/AidansRepo/TeensySwerve/build/shape_msgs
[82.250s] -- Install configuration: ""
[82.253s] -- Installing: /home/aidan/GitHub/AidansRepo/TeensySwerve/install/shape_msgs/share/ament_index/resource_index/rosidl_interfaces/shape_msgs
[82.253s] -- Installing: /home/aidan/GitHub/AidansRepo/TeensySwerve/install/shape_msgs/include/shape_msgs/shape_msgs
[82.256s] -- Installing: /home/aidan/GitHub/AidansRepo/TeensySwerve/install/shape_msgs/include/shape_msgs/shape_msgs/msg
[82.258s] -- Installing: /home/aidan/GitHub/AidansRepo/TeensySwerve/install/shape_msgs/include/shape_msgs/shape_msgs/msg/plane.h
[82.260s] -- Installing: /home/aidan/GitHub/AidansRepo/TeensySwerve/install/shape_msgs/include/shape_msgs/shape_msgs/msg/mesh_triangle.h
[82.260s] -- Installing: /home/aidan/GitHub/AidansRepo/TeensySwerve/install/shape_msgs/include/shape_msgs/shape_msgs/msg/rosidl_generator_c__visibility_control.h
[82.260s] -- Installing: /home/aidan/GitHub/AidansRepo/TeensySwerve/install/shape_msgs/include/shape_msgs/shape_msgs/msg/detail
[82.260s] -- Installing: /home/aidan/GitHub/AidansRepo/TeensySwerve/install/shape_msgs/include/shape_msgs/shape_msgs/msg/detail/mesh__functions.h
[82.260s] -- Installing: /home/aidan/GitHub/AidansRepo/TeensySwerve/install/shape_msgs/include/shape_msgs/shape_msgs/msg/detail/plane__functions.h
[82.260s] -- Installing: /home/aidan/GitHub/AidansRepo/TeensySwerve/install/shape_msgs/include/shape_msgs/shape_msgs/msg/detail/mesh_triangle__struct.h
[82.261s] -- Installing: /home/aidan/GitHub/AidansRepo/TeensySwerve/install/shape_msgs/include/shape_msgs/shape_msgs/msg/detail/mesh__struct.h
[82.261s] -- Installing: /home/aidan/GitHub/AidansRepo/TeensySwerve/install/shape_msgs/include/shape_msgs/shape_msgs/msg/detail/mesh_triangle__type_support.h
[82.261s] -- Installing: /home/aidan/GitHub/AidansRepo/TeensySwerve/install/shape_msgs/include/shape_msgs/shape_msgs/msg/detail/plane__functions.c
[82.261s] -- Installing: /home/aidan/GitHub/AidansRepo/TeensySwerve/install/shape_msgs/include/shape_msgs/shape_msgs/msg/detail/plane__type_support.h
[82.270s] -- Installing: /home/aidan/GitHub/AidansRepo/TeensySwerve/install/shape_msgs/include/shape_msgs/shape_msgs/msg/detail/mesh__type_support.h
[82.271s] -- Installing: /home/aidan/GitHub/AidansRepo/TeensySwerve/install/shape_msgs/include/shape_msgs/shape_msgs/msg/detail/mesh_triangle__functions.c
[82.271s] -- Installing: /home/aidan/GitHub/AidansRepo/TeensySwerve/install/shape_msgs/include/shape_msgs/shape_msgs/msg/detail/solid_primitive__type_support.h
[82.274s] -- Installing: /home/aidan/GitHub/AidansRepo/TeensySwerve/install/shape_msgs/include/shape_msgs/shape_msgs/msg/detail/mesh__functions.c
[82.275s] -- Installing: /home/aidan/GitHub/AidansRepo/TeensySwerve/install/shape_msgs/include/shape_msgs/shape_msgs/msg/detail/plane__struct.h
[82.277s] -- Installing: /home/aidan/GitHub/AidansRepo/TeensySwerve/install/shape_msgs/include/shape_msgs/shape_msgs/msg/detail/solid_primitive__functions.h
[82.277s] -- Installing: /home/aidan/GitHub/AidansRepo/TeensySwerve/install/shape_msgs/include/shape_msgs/shape_msgs/msg/detail/mesh_triangle__functions.h
[82.277s] -- Installing: /home/aidan/GitHub/AidansRepo/TeensySwerve/install/shape_msgs/include/shape_msgs/shape_msgs/msg/detail/solid_primitive__functions.c
[82.278s] -- Installing: /home/aidan/GitHub/AidansRepo/TeensySwerve/install/shape_msgs/include/shape_msgs/shape_msgs/msg/detail/solid_primitive__struct.h
[82.278s] -- Installing: /home/aidan/GitHub/AidansRepo/TeensySwerve/install/shape_msgs/include/shape_msgs/shape_msgs/msg/solid_primitive.h
[82.278s] -- Installing: /home/aidan/GitHub/AidansRepo/TeensySwerve/install/shape_msgs/include/shape_msgs/shape_msgs/msg/mesh.h
[82.278s] -- Installing: /home/aidan/GitHub/AidansRepo/TeensySwerve/install/shape_msgs/share/shape_msgs/environment/library_path.sh
[82.282s] -- Installing: /home/aidan/GitHub/AidansRepo/TeensySwerve/install/shape_msgs/share/shape_msgs/environment/library_path.dsv
[82.283s] -- Installing: /home/aidan/GitHub/AidansRepo/TeensySwerve/install/shape_msgs/lib/libshape_msgs__rosidl_generator_c.so
[82.283s] -- Set runtime path of "/home/aidan/GitHub/AidansRepo/TeensySwerve/install/shape_msgs/lib/libshape_msgs__rosidl_generator_c.so" to ""
[82.283s] -- Up-to-date: /home/aidan/GitHub/AidansRepo/TeensySwerve/install/shape_msgs/include/shape_msgs/shape_msgs
[82.283s] -- Up-to-date: /home/aidan/GitHub/AidansRepo/TeensySwerve/install/shape_msgs/include/shape_msgs/shape_msgs/msg
[82.284s] -- Installing: /home/aidan/GitHub/AidansRepo/TeensySwerve/install/shape_msgs/include/shape_msgs/shape_msgs/msg/rosidl_typesupport_fastrtps_c__visibility_control.h
[82.284s] -- Up-to-date: /home/aidan/GitHub/AidansRepo/TeensySwerve/install/shape_msgs/include/shape_msgs/shape_msgs/msg/detail
[82.284s] -- Installing: /home/aidan/GitHub/AidansRepo/TeensySwerve/install/shape_msgs/include/shape_msgs/shape_msgs/msg/detail/mesh__rosidl_typesupport_fastrtps_c.h
[82.290s] -- Installing: /home/aidan/GitHub/AidansRepo/TeensySwerve/install/shape_msgs/include/shape_msgs/shape_msgs/msg/detail/solid_primitive__rosidl_typesupport_fastrtps_c.h
[82.294s] -- Installing: /home/aidan/GitHub/AidansRepo/TeensySwerve/install/shape_msgs/include/shape_msgs/shape_msgs/msg/detail/mesh_triangle__rosidl_typesupport_fastrtps_c.h
[82.294s] -- Installing: /home/aidan/GitHub/AidansRepo/TeensySwerve/install/shape_msgs/include/shape_msgs/shape_msgs/msg/detail/plane__rosidl_typesupport_fastrtps_c.h
[82.294s] -- Installing: /home/aidan/GitHub/AidansRepo/TeensySwerve/install/shape_msgs/lib/libshape_msgs__rosidl_typesupport_fastrtps_c.so
[82.294s] -- Set runtime path of "/home/aidan/GitHub/AidansRepo/TeensySwerve/install/shape_msgs/lib/libshape_msgs__rosidl_typesupport_fastrtps_c.so" to ""
[82.295s] -- Up-to-date: /home/aidan/GitHub/AidansRepo/TeensySwerve/install/shape_msgs/include/shape_msgs/shape_msgs
[82.295s] -- Up-to-date: /home/aidan/GitHub/AidansRepo/TeensySwerve/install/shape_msgs/include/shape_msgs/shape_msgs/msg
[82.295s] -- Installing: /home/aidan/GitHub/AidansRepo/TeensySwerve/install/shape_msgs/include/shape_msgs/shape_msgs/msg/solid_primitive.hpp
[82.295s] -- Installing: /home/aidan/GitHub/AidansRepo/TeensySwerve/install/shape_msgs/include/shape_msgs/shape_msgs/msg/plane.hpp
[82.295s] -- Installing: /home/aidan/GitHub/AidansRepo/TeensySwerve/install/shape_msgs/include/shape_msgs/shape_msgs/msg/mesh_triangle.hpp
[82.296s] -- Installing: /home/aidan/GitHub/AidansRepo/TeensySwerve/install/shape_msgs/include/shape_msgs/shape_msgs/msg/mesh.hpp
[82.296s] -- Up-to-date: /home/aidan/GitHub/AidansRepo/TeensySwerve/install/shape_msgs/include/shape_msgs/shape_msgs/msg/detail
[82.296s] -- Installing: /home/aidan/GitHub/AidansRepo/TeensySwerve/install/shape_msgs/include/shape_msgs/shape_msgs/msg/detail/mesh__builder.hpp
[82.300s] -- Installing: /home/aidan/GitHub/AidansRepo/TeensySwerve/install/shape_msgs/include/shape_msgs/shape_msgs/msg/detail/mesh_triangle__struct.hpp
[82.302s] -- Installing: /home/aidan/GitHub/AidansRepo/TeensySwerve/install/shape_msgs/include/shape_msgs/shape_msgs/msg/detail/mesh_triangle__type_support.hpp
[82.303s] -- Installing: /home/aidan/GitHub/AidansRepo/TeensySwerve/install/shape_msgs/include/shape_msgs/shape_msgs/msg/detail/plane__traits.hpp
[82.303s] -- Installing: /home/aidan/GitHub/AidansRepo/TeensySwerve/install/shape_msgs/include/shape_msgs/shape_msgs/msg/detail/plane__type_support.hpp
[82.303s] -- Installing: /home/aidan/GitHub/AidansRepo/TeensySwerve/install/shape_msgs/include/shape_msgs/shape_msgs/msg/detail/solid_primitive__builder.hpp
[82.303s] -- Installing: /home/aidan/GitHub/AidansRepo/TeensySwerve/install/shape_msgs/include/shape_msgs/shape_msgs/msg/detail/mesh_triangle__builder.hpp
[82.303s] -- Installing: /home/aidan/GitHub/AidansRepo/TeensySwerve/install/shape_msgs/include/shape_msgs/shape_msgs/msg/detail/plane__builder.hpp
[82.304s] -- Installing: /home/aidan/GitHub/AidansRepo/TeensySwerve/install/shape_msgs/include/shape_msgs/shape_msgs/msg/detail/plane__struct.hpp
[82.304s] -- Installing: /home/aidan/GitHub/AidansRepo/TeensySwerve/install/shape_msgs/include/shape_msgs/shape_msgs/msg/detail/mesh__type_support.hpp
[82.304s] -- Installing: /home/aidan/GitHub/AidansRepo/TeensySwerve/install/shape_msgs/include/shape_msgs/shape_msgs/msg/detail/solid_primitive__type_support.hpp
[82.304s] -- Installing: /home/aidan/GitHub/AidansRepo/TeensySwerve/install/shape_msgs/include/shape_msgs/shape_msgs/msg/detail/mesh__traits.hpp
[82.310s] -- Installing: /home/aidan/GitHub/AidansRepo/TeensySwerve/install/shape_msgs/include/shape_msgs/shape_msgs/msg/detail/mesh_triangle__traits.hpp
[82.311s] -- Installing: /home/aidan/GitHub/AidansRepo/TeensySwerve/install/shape_msgs/include/shape_msgs/shape_msgs/msg/detail/solid_primitive__struct.hpp
[82.311s] -- Installing: /home/aidan/GitHub/AidansRepo/TeensySwerve/install/shape_msgs/include/shape_msgs/shape_msgs/msg/detail/mesh__struct.hpp
[82.311s] -- Installing: /home/aidan/GitHub/AidansRepo/TeensySwerve/install/shape_msgs/include/shape_msgs/shape_msgs/msg/detail/solid_primitive__traits.hpp
[82.311s] -- Installing: /home/aidan/GitHub/AidansRepo/TeensySwerve/install/shape_msgs/include/shape_msgs/shape_msgs/msg/rosidl_generator_cpp__visibility_control.hpp
[82.312s] -- Up-to-date: /home/aidan/GitHub/AidansRepo/TeensySwerve/install/shape_msgs/include/shape_msgs/shape_msgs
[82.312s] -- Up-to-date: /home/aidan/GitHub/AidansRepo/TeensySwerve/install/shape_msgs/include/shape_msgs/shape_msgs/msg
[82.313s] -- Installing: /home/aidan/GitHub/AidansRepo/TeensySwerve/install/shape_msgs/include/shape_msgs/shape_msgs/msg/rosidl_typesupport_fastrtps_cpp__visibility_control.h
[82.313s] -- Up-to-date: /home/aidan/GitHub/AidansRepo/TeensySwerve/install/shape_msgs/include/shape_msgs/shape_msgs/msg/detail
[82.313s] -- Installing: /home/aidan/GitHub/AidansRepo/TeensySwerve/install/shape_msgs/include/shape_msgs/shape_msgs/msg/detail/dds_fastrtps
[82.313s] -- Installing: /home/aidan/GitHub/AidansRepo/TeensySwerve/install/shape_msgs/include/shape_msgs/shape_msgs/msg/detail/mesh__rosidl_typesupport_fastrtps_cpp.hpp
[82.322s] -- Installing: /home/aidan/GitHub/AidansRepo/TeensySwerve/install/shape_msgs/include/shape_msgs/shape_msgs/msg/detail/plane__rosidl_typesupport_fastrtps_cpp.hpp
[82.323s] -- Installing: /home/aidan/GitHub/AidansRepo/TeensySwerve/install/shape_msgs/include/shape_msgs/shape_msgs/msg/detail/mesh_triangle__rosidl_typesupport_fastrtps_cpp.hpp
[82.323s] -- Installing: /home/aidan/GitHub/AidansRepo/TeensySwerve/install/shape_msgs/include/shape_msgs/shape_msgs/msg/detail/solid_primitive__rosidl_typesupport_fastrtps_cpp.hpp
[82.323s] -- Installing: /home/aidan/GitHub/AidansRepo/TeensySwerve/install/shape_msgs/lib/libshape_msgs__rosidl_typesupport_fastrtps_cpp.so
[82.323s] -- Set runtime path of "/home/aidan/GitHub/AidansRepo/TeensySwerve/install/shape_msgs/lib/libshape_msgs__rosidl_typesupport_fastrtps_cpp.so" to ""
[82.323s] -- Up-to-date: /home/aidan/GitHub/AidansRepo/TeensySwerve/install/shape_msgs/include/shape_msgs/shape_msgs
[82.324s] -- Up-to-date: /home/aidan/GitHub/AidansRepo/TeensySwerve/install/shape_msgs/include/shape_msgs/shape_msgs/msg
[82.324s] -- Up-to-date: /home/aidan/GitHub/AidansRepo/TeensySwerve/install/shape_msgs/include/shape_msgs/shape_msgs/msg/detail
[82.324s] -- Installing: /home/aidan/GitHub/AidansRepo/TeensySwerve/install/shape_msgs/include/shape_msgs/shape_msgs/msg/detail/mesh__type_support.c
[82.324s] -- Installing: /home/aidan/GitHub/AidansRepo/TeensySwerve/install/shape_msgs/include/shape_msgs/shape_msgs/msg/detail/solid_primitive__rosidl_typesupport_introspection_c.h
[82.324s] -- Installing: /home/aidan/GitHub/AidansRepo/TeensySwerve/install/shape_msgs/include/shape_msgs/shape_msgs/msg/detail/plane__type_support.c
[82.324s] -- Installing: /home/aidan/GitHub/AidansRepo/TeensySwerve/install/shape_msgs/include/shape_msgs/shape_msgs/msg/detail/solid_primitive__type_support.c
[82.324s] -- Installing: /home/aidan/GitHub/AidansRepo/TeensySwerve/install/shape_msgs/include/shape_msgs/shape_msgs/msg/detail/mesh_triangle__type_support.c
[82.325s] -- Installing: /home/aidan/GitHub/AidansRepo/TeensySwerve/install/shape_msgs/include/shape_msgs/shape_msgs/msg/detail/mesh_triangle__rosidl_typesupport_introspection_c.h
[82.325s] -- Installing: /home/aidan/GitHub/AidansRepo/TeensySwerve/install/shape_msgs/include/shape_msgs/shape_msgs/msg/detail/mesh__rosidl_typesupport_introspection_c.h
[82.325s] -- Installing: /home/aidan/GitHub/AidansRepo/TeensySwerve/install/shape_msgs/include/shape_msgs/shape_msgs/msg/detail/plane__rosidl_typesupport_introspection_c.h
[82.337s] -- Installing: /home/aidan/GitHub/AidansRepo/TeensySwerve/install/shape_msgs/include/shape_msgs/shape_msgs/msg/rosidl_typesupport_introspection_c__visibility_control.h
[82.339s] -- Installing: /home/aidan/GitHub/AidansRepo/TeensySwerve/install/shape_msgs/lib/libshape_msgs__rosidl_typesupport_introspection_c.so
[82.342s] -- Set runtime path of "/home/aidan/GitHub/AidansRepo/TeensySwerve/install/shape_msgs/lib/libshape_msgs__rosidl_typesupport_introspection_c.so" to ""
[82.342s] -- Installing: /home/aidan/GitHub/AidansRepo/TeensySwerve/install/shape_msgs/lib/libshape_msgs__rosidl_typesupport_c.so
[82.342s] -- Set runtime path of "/home/aidan/GitHub/AidansRepo/TeensySwerve/install/shape_msgs/lib/libshape_msgs__rosidl_typesupport_c.so" to ""
[82.342s] -- Up-to-date: /home/aidan/GitHub/AidansRepo/TeensySwerve/install/shape_msgs/include/shape_msgs/shape_msgs
[82.343s] -- Up-to-date: /home/aidan/GitHub/AidansRepo/TeensySwerve/install/shape_msgs/include/shape_msgs/shape_msgs/msg
[82.343s] -- Up-to-date: /home/aidan/GitHub/AidansRepo/TeensySwerve/install/shape_msgs/include/shape_msgs/shape_msgs/msg/detail
[82.343s] -- Installing: /home/aidan/GitHub/AidansRepo/TeensySwerve/install/shape_msgs/include/shape_msgs/shape_msgs/msg/detail/solid_primitive__type_support.cpp
[82.344s] -- Installing: /home/aidan/GitHub/AidansRepo/TeensySwerve/install/shape_msgs/include/shape_msgs/shape_msgs/msg/detail/plane__rosidl_typesupport_introspection_cpp.hpp
[82.344s] -- Installing: /home/aidan/GitHub/AidansRepo/TeensySwerve/install/shape_msgs/include/shape_msgs/shape_msgs/msg/detail/mesh_triangle__type_support.cpp
[82.345s] -- Installing: /home/aidan/GitHub/AidansRepo/TeensySwerve/install/shape_msgs/include/shape_msgs/shape_msgs/msg/detail/mesh__rosidl_typesupport_introspection_cpp.hpp
[82.346s] -- Installing: /home/aidan/GitHub/AidansRepo/TeensySwerve/install/shape_msgs/include/shape_msgs/shape_msgs/msg/detail/plane__type_support.cpp
[82.347s] -- Installing: /home/aidan/GitHub/AidansRepo/TeensySwerve/install/shape_msgs/include/shape_msgs/shape_msgs/msg/detail/solid_primitive__rosidl_typesupport_introspection_cpp.hpp
[82.349s] -- Installing: /home/aidan/GitHub/AidansRepo/TeensySwerve/install/shape_msgs/include/shape_msgs/shape_msgs/msg/detail/mesh_triangle__rosidl_typesupport_introspection_cpp.hpp
[82.350s] -- Installing: /home/aidan/GitHub/AidansRepo/TeensySwerve/install/shape_msgs/include/shape_msgs/shape_msgs/msg/detail/mesh__type_support.cpp
[82.350s] -- Installing: /home/aidan/GitHub/AidansRepo/TeensySwerve/install/shape_msgs/lib/libshape_msgs__rosidl_typesupport_introspection_cpp.so
[82.350s] -- Set runtime path of "/home/aidan/GitHub/AidansRepo/TeensySwerve/install/shape_msgs/lib/libshape_msgs__rosidl_typesupport_introspection_cpp.so" to ""
[82.351s] -- Installing: /home/aidan/GitHub/AidansRepo/TeensySwerve/install/shape_msgs/lib/libshape_msgs__rosidl_typesupport_cpp.so
[82.351s] -- Set runtime path of "/home/aidan/GitHub/AidansRepo/TeensySwerve/install/shape_msgs/lib/libshape_msgs__rosidl_typesupport_cpp.so" to ""
[82.352s] -- Installing: /home/aidan/GitHub/AidansRepo/TeensySwerve/install/shape_msgs/share/shape_msgs/environment/pythonpath.sh
[82.355s] -- Installing: /home/aidan/GitHub/AidansRepo/TeensySwerve/install/shape_msgs/share/shape_msgs/environment/pythonpath.dsv
[82.355s] -- Installing: /home/aidan/GitHub/AidansRepo/TeensySwerve/install/shape_msgs/local/lib/python3.10/dist-packages/shape_msgs-4.8.0-py3.10.egg-info
[82.355s] -- Installing: /home/aidan/GitHub/AidansRepo/TeensySwerve/install/shape_msgs/local/lib/python3.10/dist-packages/shape_msgs-4.8.0-py3.10.egg-info/PKG-INFO
[82.356s] -- Installing: /home/aidan/GitHub/AidansRepo/TeensySwerve/install/shape_msgs/local/lib/python3.10/dist-packages/shape_msgs-4.8.0-py3.10.egg-info/SOURCES.txt
[82.356s] -- Installing: /home/aidan/GitHub/AidansRepo/TeensySwerve/install/shape_msgs/local/lib/python3.10/dist-packages/shape_msgs-4.8.0-py3.10.egg-info/dependency_links.txt
[82.356s] -- Installing: /home/aidan/GitHub/AidansRepo/TeensySwerve/install/shape_msgs/local/lib/python3.10/dist-packages/shape_msgs-4.8.0-py3.10.egg-info/top_level.txt
[82.357s] -- Installing: /home/aidan/GitHub/AidansRepo/TeensySwerve/install/shape_msgs/local/lib/python3.10/dist-packages/shape_msgs
[82.358s] -- Installing: /home/aidan/GitHub/AidansRepo/TeensySwerve/install/shape_msgs/local/lib/python3.10/dist-packages/shape_msgs/__init__.py
[82.359s] -- Installing: /home/aidan/GitHub/AidansRepo/TeensySwerve/install/shape_msgs/local/lib/python3.10/dist-packages/shape_msgs/_shape_msgs_s.ep.rosidl_typesupport_c.c
[82.359s] -- Installing: /home/aidan/GitHub/AidansRepo/TeensySwerve/install/shape_msgs/local/lib/python3.10/dist-packages/shape_msgs/_shape_msgs_s.ep.rosidl_typesupport_introspection_c.c
[82.360s] -- Installing: /home/aidan/GitHub/AidansRepo/TeensySwerve/install/shape_msgs/local/lib/python3.10/dist-packages/shape_msgs/libshape_msgs__rosidl_generator_py.so
[82.360s] -- Installing: /home/aidan/GitHub/AidansRepo/TeensySwerve/install/shape_msgs/local/lib/python3.10/dist-packages/shape_msgs/msg
[82.360s] -- Installing: /home/aidan/GitHub/AidansRepo/TeensySwerve/install/shape_msgs/local/lib/python3.10/dist-packages/shape_msgs/msg/_solid_primitive.py
[82.360s] -- Installing: /home/aidan/GitHub/AidansRepo/TeensySwerve/install/shape_msgs/local/lib/python3.10/dist-packages/shape_msgs/msg/_mesh_triangle_s.c
[82.361s] -- Installing: /home/aidan/GitHub/AidansRepo/TeensySwerve/install/shape_msgs/local/lib/python3.10/dist-packages/shape_msgs/msg/_mesh_triangle.py
[82.361s] -- Installing: /home/aidan/GitHub/AidansRepo/TeensySwerve/install/shape_msgs/local/lib/python3.10/dist-packages/shape_msgs/msg/__init__.py
[82.361s] -- Installing: /home/aidan/GitHub/AidansRepo/TeensySwerve/install/shape_msgs/local/lib/python3.10/dist-packages/shape_msgs/msg/_plane_s.c
[82.363s] -- Installing: /home/aidan/GitHub/AidansRepo/TeensySwerve/install/shape_msgs/local/lib/python3.10/dist-packages/shape_msgs/msg/_mesh_s.c
[82.364s] -- Installing: /home/aidan/GitHub/AidansRepo/TeensySwerve/install/shape_msgs/local/lib/python3.10/dist-packages/shape_msgs/msg/_mesh.py
[82.365s] -- Installing: /home/aidan/GitHub/AidansRepo/TeensySwerve/install/shape_msgs/local/lib/python3.10/dist-packages/shape_msgs/msg/_solid_primitive_s.c
[82.367s] -- Installing: /home/aidan/GitHub/AidansRepo/TeensySwerve/install/shape_msgs/local/lib/python3.10/dist-packages/shape_msgs/msg/_plane.py
[82.369s] -- Installing: /home/aidan/GitHub/AidansRepo/TeensySwerve/install/shape_msgs/local/lib/python3.10/dist-packages/shape_msgs/shape_msgs_s__rosidl_typesupport_introspection_c.cpython-310-x86_64-linux-gnu.so
[82.369s] -- Installing: /home/aidan/GitHub/AidansRepo/TeensySwerve/install/shape_msgs/local/lib/python3.10/dist-packages/shape_msgs/shape_msgs_s__rosidl_typesupport_fastrtps_c.cpython-310-x86_64-linux-gnu.so
[82.370s] -- Installing: /home/aidan/GitHub/AidansRepo/TeensySwerve/install/shape_msgs/local/lib/python3.10/dist-packages/shape_msgs/_shape_msgs_s.ep.rosidl_typesupport_fastrtps_c.c
[82.371s] -- Installing: /home/aidan/GitHub/AidansRepo/TeensySwerve/install/shape_msgs/local/lib/python3.10/dist-packages/shape_msgs/shape_msgs_s__rosidl_typesupport_c.cpython-310-x86_64-linux-gnu.so
[82.542s] Listing '/home/aidan/GitHub/AidansRepo/TeensySwerve/install/shape_msgs/local/lib/python3.10/dist-packages/shape_msgs'...
[82.542s] Compiling '/home/aidan/GitHub/AidansRepo/TeensySwerve/install/shape_msgs/local/lib/python3.10/dist-packages/shape_msgs/__init__.py'...
[82.543s] Listing '/home/aidan/GitHub/AidansRepo/TeensySwerve/install/shape_msgs/local/lib/python3.10/dist-packages/shape_msgs/msg'...
[82.543s] Compiling '/home/aidan/GitHub/AidansRepo/TeensySwerve/install/shape_msgs/local/lib/python3.10/dist-packages/shape_msgs/msg/__init__.py'...
[82.544s] Compiling '/home/aidan/GitHub/AidansRepo/TeensySwerve/install/shape_msgs/local/lib/python3.10/dist-packages/shape_msgs/msg/_mesh.py'...
[82.544s] Compiling '/home/aidan/GitHub/AidansRepo/TeensySwerve/install/shape_msgs/local/lib/python3.10/dist-packages/shape_msgs/msg/_mesh_triangle.py'...
[82.545s] Compiling '/home/aidan/GitHub/AidansRepo/TeensySwerve/install/shape_msgs/local/lib/python3.10/dist-packages/shape_msgs/msg/_plane.py'...
[82.545s] Compiling '/home/aidan/GitHub/AidansRepo/TeensySwerve/install/shape_msgs/local/lib/python3.10/dist-packages/shape_msgs/msg/_solid_primitive.py'...
[82.582s] -- Installing: /home/aidan/GitHub/AidansRepo/TeensySwerve/install/shape_msgs/local/lib/python3.10/dist-packages/shape_msgs/shape_msgs_s__rosidl_typesupport_fastrtps_c.cpython-310-x86_64-linux-gnu.so
[82.587s] -- Set runtime path of "/home/aidan/GitHub/AidansRepo/TeensySwerve/install/shape_msgs/local/lib/python3.10/dist-packages/shape_msgs/shape_msgs_s__rosidl_typesupport_fastrtps_c.cpython-310-x86_64-linux-gnu.so" to ""
[82.588s] -- Installing: /home/aidan/GitHub/AidansRepo/TeensySwerve/install/shape_msgs/local/lib/python3.10/dist-packages/shape_msgs/shape_msgs_s__rosidl_typesupport_introspection_c.cpython-310-x86_64-linux-gnu.so
[82.594s] -- Set runtime path of "/home/aidan/GitHub/AidansRepo/TeensySwerve/install/shape_msgs/local/lib/python3.10/dist-packages/shape_msgs/shape_msgs_s__rosidl_typesupport_introspection_c.cpython-310-x86_64-linux-gnu.so" to ""
[82.595s] -- Installing: /home/aidan/GitHub/AidansRepo/TeensySwerve/install/shape_msgs/local/lib/python3.10/dist-packages/shape_msgs/shape_msgs_s__rosidl_typesupport_c.cpython-310-x86_64-linux-gnu.so
[82.596s] -- Set runtime path of "/home/aidan/GitHub/AidansRepo/TeensySwerve/install/shape_msgs/local/lib/python3.10/dist-packages/shape_msgs/shape_msgs_s__rosidl_typesupport_c.cpython-310-x86_64-linux-gnu.so" to ""
[82.598s] -- Installing: /home/aidan/GitHub/AidansRepo/TeensySwerve/install/shape_msgs/lib/libshape_msgs__rosidl_generator_py.so
[82.602s] -- Set runtime path of "/home/aidan/GitHub/AidansRepo/TeensySwerve/install/shape_msgs/lib/libshape_msgs__rosidl_generator_py.so" to ""
[82.603s] -- Installing: /home/aidan/GitHub/AidansRepo/TeensySwerve/install/shape_msgs/share/shape_msgs/msg/Mesh.idl
[82.607s] -- Installing: /home/aidan/GitHub/AidansRepo/TeensySwerve/install/shape_msgs/share/shape_msgs/msg/MeshTriangle.idl
[82.610s] -- Installing: /home/aidan/GitHub/AidansRepo/TeensySwerve/install/shape_msgs/share/shape_msgs/msg/Plane.idl
[82.611s] -- Installing: /home/aidan/GitHub/AidansRepo/TeensySwerve/install/shape_msgs/share/shape_msgs/msg/SolidPrimitive.idl
[82.611s] -- Installing: /home/aidan/GitHub/AidansRepo/TeensySwerve/install/shape_msgs/share/shape_msgs/msg/Mesh.msg
[82.612s] -- Installing: /home/aidan/GitHub/AidansRepo/TeensySwerve/install/shape_msgs/share/shape_msgs/msg/MeshTriangle.msg
[82.617s] -- Installing: /home/aidan/GitHub/AidansRepo/TeensySwerve/install/shape_msgs/share/shape_msgs/msg/Plane.msg
[82.618s] -- Installing: /home/aidan/GitHub/AidansRepo/TeensySwerve/install/shape_msgs/share/shape_msgs/msg/SolidPrimitive.msg
[82.618s] -- Installing: /home/aidan/GitHub/AidansRepo/TeensySwerve/install/shape_msgs/share/ament_index/resource_index/package_run_dependencies/shape_msgs
[82.619s] -- Installing: /home/aidan/GitHub/AidansRepo/TeensySwerve/install/shape_msgs/share/ament_index/resource_index/parent_prefix_path/shape_msgs
[82.620s] -- Installing: /home/aidan/GitHub/AidansRepo/TeensySwerve/install/shape_msgs/share/shape_msgs/environment/ament_prefix_path.sh
[82.621s] -- Installing: /home/aidan/GitHub/AidansRepo/TeensySwerve/install/shape_msgs/share/shape_msgs/environment/ament_prefix_path.dsv
[82.624s] -- Installing: /home/aidan/GitHub/AidansRepo/TeensySwerve/install/shape_msgs/share/shape_msgs/environment/path.sh
[82.625s] -- Installing: /home/aidan/GitHub/AidansRepo/TeensySwerve/install/shape_msgs/share/shape_msgs/environment/path.dsv
[82.628s] -- Installing: /home/aidan/GitHub/AidansRepo/TeensySwerve/install/shape_msgs/share/shape_msgs/local_setup.bash
[82.630s] -- Installing: /home/aidan/GitHub/AidansRepo/TeensySwerve/install/shape_msgs/share/shape_msgs/local_setup.sh
[82.630s] -- Installing: /home/aidan/GitHub/AidansRepo/TeensySwerve/install/shape_msgs/share/shape_msgs/local_setup.zsh
[82.635s] -- Installing: /home/aidan/GitHub/AidansRepo/TeensySwerve/install/shape_msgs/share/shape_msgs/local_setup.dsv
[82.637s] -- Installing: /home/aidan/GitHub/AidansRepo/TeensySwerve/install/shape_msgs/share/shape_msgs/package.dsv
[82.638s] -- Installing: /home/aidan/GitHub/AidansRepo/TeensySwerve/install/shape_msgs/share/ament_index/resource_index/packages/shape_msgs
[82.639s] -- Installing: /home/aidan/GitHub/AidansRepo/TeensySwerve/install/shape_msgs/share/shape_msgs/cmake/export_shape_msgs__rosidl_generator_cExport.cmake
[82.639s] -- Installing: /home/aidan/GitHub/AidansRepo/TeensySwerve/install/shape_msgs/share/shape_msgs/cmake/export_shape_msgs__rosidl_generator_cExport-noconfig.cmake
[82.643s] -- Installing: /home/aidan/GitHub/AidansRepo/TeensySwerve/install/shape_msgs/share/shape_msgs/cmake/export_shape_msgs__rosidl_typesupport_fastrtps_cExport.cmake
[82.644s] -- Installing: /home/aidan/GitHub/AidansRepo/TeensySwerve/install/shape_msgs/share/shape_msgs/cmake/export_shape_msgs__rosidl_typesupport_fastrtps_cExport-noconfig.cmake
[82.646s] -- Installing: /home/aidan/GitHub/AidansRepo/TeensySwerve/install/shape_msgs/share/shape_msgs/cmake/export_shape_msgs__rosidl_generator_cppExport.cmake
[82.646s] -- Installing: /home/aidan/GitHub/AidansRepo/TeensySwerve/install/shape_msgs/share/shape_msgs/cmake/export_shape_msgs__rosidl_typesupport_fastrtps_cppExport.cmake
[82.650s] -- Installing: /home/aidan/GitHub/AidansRepo/TeensySwerve/install/shape_msgs/share/shape_msgs/cmake/export_shape_msgs__rosidl_typesupport_fastrtps_cppExport-noconfig.cmake
[82.652s] -- Installing: /home/aidan/GitHub/AidansRepo/TeensySwerve/install/shape_msgs/share/shape_msgs/cmake/shape_msgs__rosidl_typesupport_introspection_cExport.cmake
[82.654s] -- Installing: /home/aidan/GitHub/AidansRepo/TeensySwerve/install/shape_msgs/share/shape_msgs/cmake/shape_msgs__rosidl_typesupport_introspection_cExport-noconfig.cmake
[82.654s] -- Installing: /home/aidan/GitHub/AidansRepo/TeensySwerve/install/shape_msgs/share/shape_msgs/cmake/shape_msgs__rosidl_typesupport_cExport.cmake
[82.657s] -- Installing: /home/aidan/GitHub/AidansRepo/TeensySwerve/install/shape_msgs/share/shape_msgs/cmake/shape_msgs__rosidl_typesupport_cExport-noconfig.cmake
[82.658s] -- Installing: /home/aidan/GitHub/AidansRepo/TeensySwerve/install/shape_msgs/share/shape_msgs/cmake/shape_msgs__rosidl_typesupport_introspection_cppExport.cmake
[82.661s] -- Installing: /home/aidan/GitHub/AidansRepo/TeensySwerve/install/shape_msgs/share/shape_msgs/cmake/shape_msgs__rosidl_typesupport_introspection_cppExport-noconfig.cmake
[82.662s] -- Installing: /home/aidan/GitHub/AidansRepo/TeensySwerve/install/shape_msgs/share/shape_msgs/cmake/shape_msgs__rosidl_typesupport_cppExport.cmake
[82.663s] -- Installing: /home/aidan/GitHub/AidansRepo/TeensySwerve/install/shape_msgs/share/shape_msgs/cmake/shape_msgs__rosidl_typesupport_cppExport-noconfig.cmake
[82.663s] -- Installing: /home/aidan/GitHub/AidansRepo/TeensySwerve/install/shape_msgs/share/shape_msgs/cmake/export_shape_msgs__rosidl_generator_pyExport.cmake
[82.667s] -- Installing: /home/aidan/GitHub/AidansRepo/TeensySwerve/install/shape_msgs/share/shape_msgs/cmake/export_shape_msgs__rosidl_generator_pyExport-noconfig.cmake
[82.667s] -- Installing: /home/aidan/GitHub/AidansRepo/TeensySwerve/install/shape_msgs/share/shape_msgs/cmake/rosidl_cmake-extras.cmake
[82.668s] -- Installing: /home/aidan/GitHub/AidansRepo/TeensySwerve/install/shape_msgs/share/shape_msgs/cmake/ament_cmake_export_dependencies-extras.cmake
[82.669s] -- Installing: /home/aidan/GitHub/AidansRepo/TeensySwerve/install/shape_msgs/share/shape_msgs/cmake/ament_cmake_export_include_directories-extras.cmake
[82.674s] -- Installing: /home/aidan/GitHub/AidansRepo/TeensySwerve/install/shape_msgs/share/shape_msgs/cmake/ament_cmake_export_libraries-extras.cmake
[82.675s] -- Installing: /home/aidan/GitHub/AidansRepo/TeensySwerve/install/shape_msgs/share/shape_msgs/cmake/ament_cmake_export_targets-extras.cmake
[82.675s] -- Installing: /home/aidan/GitHub/AidansRepo/TeensySwerve/install/shape_msgs/share/shape_msgs/cmake/rosidl_cmake_export_typesupport_targets-extras.cmake
[82.675s] -- Installing: /home/aidan/GitHub/AidansRepo/TeensySwerve/install/shape_msgs/share/shape_msgs/cmake/rosidl_cmake_export_typesupport_libraries-extras.cmake
[82.677s] -- Installing: /home/aidan/GitHub/AidansRepo/TeensySwerve/install/shape_msgs/share/shape_msgs/cmake/shape_msgsConfig.cmake
[82.685s] -- Installing: /home/aidan/GitHub/AidansRepo/TeensySwerve/install/shape_msgs/share/shape_msgs/cmake/shape_msgsConfig-version.cmake
[82.685s] -- Installing: /home/aidan/GitHub/AidansRepo/TeensySwerve/install/shape_msgs/share/shape_msgs/package.xml
[82.690s] Invoked command in '/home/aidan/GitHub/AidansRepo/TeensySwerve/build/shape_msgs' returned '0': AMENT_PREFIX_PATH=/home/aidan/GitHub/AidansRepo/TeensySwerve/install/geometry_msgs:/home/aidan/GitHub/AidansRepo/TeensySwerve/install/std_msgs:/home/aidan/GitHub/AidansRepo/TeensySwerve/install/builtin_interfaces:${AMENT_PREFIX_PATH} CMAKE_PREFIX_PATH=/home/aidan/GitHub/AidansRepo/TeensySwerve/install/geometry_msgs:/home/aidan/GitHub/AidansRepo/TeensySwerve/install/std_msgs:/home/aidan/GitHub/AidansRepo/TeensySwerve/install/builtin_interfaces:/home/aidan/GitHub/AidansRepo/TeensySwerve/install/tnsy_interfaces:/home/aidan/microros_ws/install/micro_ros_setup:/home/aidan/microros_ws/install/micro_ros_agent:/home/aidan/microros_ws/install/micro_ros_msgs:/home/aidan/GitHub/AidansRepo/TeensySwerve/install/tnsy_swrv_controller:/opt/ros/humble LD_LIBRARY_PATH=/home/aidan/GitHub/AidansRepo/TeensySwerve/install/geometry_msgs/lib:/home/aidan/GitHub/AidansRepo/TeensySwerve/install/std_msgs/lib:/home/aidan/GitHub/AidansRepo/TeensySwerve/install/builtin_interfaces/lib:${LD_LIBRARY_PATH} PYTHONPATH=/home/aidan/GitHub/AidansRepo/TeensySwerve/install/geometry_msgs/local/lib/python3.10/dist-packages:/home/aidan/GitHub/AidansRepo/TeensySwerve/install/std_msgs/local/lib/python3.10/dist-packages:/home/aidan/GitHub/AidansRepo/TeensySwerve/install/builtin_interfaces/local/lib/python3.10/dist-packages:${PYTHONPATH} /usr/bin/cmake --install /home/aidan/GitHub/AidansRepo/TeensySwerve/build/shape_msgs
