[1.244s] Invoking command in '/home/aidan/Documents/GitHub/AidansRepo/TeensySwerve/src/tnsy_swrv_controller': AMENT_PREFIX_PATH=/home/aidan/Documents/GitHub/AidansRepo/TeensySwerve/install/tnsy_interfaces:${AMENT_PREFIX_PATH} CMAKE_PREFIX_PATH=/home/aidan/Documents/GitHub/AidansRepo/TeensySwerve/install/tnsy_interfaces:${CMAKE_PREFIX_PATH} LD_LIBRARY_PATH=/home/aidan/Documents/GitHub/AidansRepo/TeensySwerve/install/tnsy_interfaces/lib:${LD_LIBRARY_PATH} PYTHONPATH=/home/aidan/Documents/GitHub/AidansRepo/TeensySwerve/build/tnsy_swrv_controller/prefix_override:/home/aidan/Documents/GitHub/AidansRepo/TeensySwerve/install/tnsy_swrv_controller/lib/python3.10/site-packages:/home/aidan/Documents/GitHub/AidansRepo/TeensySwerve/install/tnsy_interfaces/local/lib/python3.10/dist-packages:${PYTHONPATH} /usr/bin/python3 -W ignore:setup.py install is deprecated setup.py egg_info --egg-base ../../build/tnsy_swrv_controller build --build-base /home/aidan/Documents/GitHub/AidansRepo/TeensySwerve/build/tnsy_swrv_controller/build install --record /home/aidan/Documents/GitHub/AidansRepo/TeensySwerve/build/tnsy_swrv_controller/install.log --single-version-externally-managed install_data
[1.714s] running egg_info
[1.715s] writing ../../build/tnsy_swrv_controller/tnsy_swrv_controller.egg-info/PKG-INFO
[1.715s] writing dependency_links to ../../build/tnsy_swrv_controller/tnsy_swrv_controller.egg-info/dependency_links.txt
[1.716s] writing entry points to ../../build/tnsy_swrv_controller/tnsy_swrv_controller.egg-info/entry_points.txt
[1.716s] writing requirements to ../../build/tnsy_swrv_controller/tnsy_swrv_controller.egg-info/requires.txt
[1.716s] writing top-level names to ../../build/tnsy_swrv_controller/tnsy_swrv_controller.egg-info/top_level.txt
[1.719s] reading manifest file '../../build/tnsy_swrv_controller/tnsy_swrv_controller.egg-info/SOURCES.txt'
[1.721s] writing manifest file '../../build/tnsy_swrv_controller/tnsy_swrv_controller.egg-info/SOURCES.txt'
[1.721s] running build
[1.721s] running build_py
[1.722s] running install
[1.722s] running install_lib
[1.724s] running install_data
[1.725s] running install_egg_info
[1.728s] removing '/home/aidan/Documents/GitHub/AidansRepo/TeensySwerve/install/tnsy_swrv_controller/lib/python3.10/site-packages/tnsy_swrv_controller-0.0.0-py3.10.egg-info' (and everything under it)
[1.728s] Copying ../../build/tnsy_swrv_controller/tnsy_swrv_controller.egg-info to /home/aidan/Documents/GitHub/AidansRepo/TeensySwerve/install/tnsy_swrv_controller/lib/python3.10/site-packages/tnsy_swrv_controller-0.0.0-py3.10.egg-info
[1.729s] running install_scripts
[1.769s] Installing joy_translator script to /home/aidan/Documents/GitHub/AidansRepo/TeensySwerve/install/tnsy_swrv_controller/lib/tnsy_swrv_controller
[1.769s] Installing pub script to /home/aidan/Documents/GitHub/AidansRepo/TeensySwerve/install/tnsy_swrv_controller/lib/tnsy_swrv_controller
[1.770s] Installing sub script to /home/aidan/Documents/GitHub/AidansRepo/TeensySwerve/install/tnsy_swrv_controller/lib/tnsy_swrv_controller
[1.770s] Installing test_node script to /home/aidan/Documents/GitHub/AidansRepo/TeensySwerve/install/tnsy_swrv_controller/lib/tnsy_swrv_controller
[1.771s] writing list of installed files to '/home/aidan/Documents/GitHub/AidansRepo/TeensySwerve/build/tnsy_swrv_controller/install.log'
[1.818s] Invoked command in '/home/aidan/Documents/GitHub/AidansRepo/TeensySwerve/src/tnsy_swrv_controller' returned '0': AMENT_PREFIX_PATH=/home/aidan/Documents/GitHub/AidansRepo/TeensySwerve/install/tnsy_interfaces:${AMENT_PREFIX_PATH} CMAKE_PREFIX_PATH=/home/aidan/Documents/GitHub/AidansRepo/TeensySwerve/install/tnsy_interfaces:${CMAKE_PREFIX_PATH} LD_LIBRARY_PATH=/home/aidan/Documents/GitHub/AidansRepo/TeensySwerve/install/tnsy_interfaces/lib:${LD_LIBRARY_PATH} PYTHONPATH=/home/aidan/Documents/GitHub/AidansRepo/TeensySwerve/build/tnsy_swrv_controller/prefix_override:/home/aidan/Documents/GitHub/AidansRepo/TeensySwerve/install/tnsy_swrv_controller/lib/python3.10/site-packages:/home/aidan/Documents/GitHub/AidansRepo/TeensySwerve/install/tnsy_interfaces/local/lib/python3.10/dist-packages:${PYTHONPATH} /usr/bin/python3 -W ignore:setup.py install is deprecated setup.py egg_info --egg-base ../../build/tnsy_swrv_controller build --build-base /home/aidan/Documents/GitHub/AidansRepo/TeensySwerve/build/tnsy_swrv_controller/build install --record /home/aidan/Documents/GitHub/AidansRepo/TeensySwerve/build/tnsy_swrv_controller/install.log --single-version-externally-managed install_data
