[0.198s] Invoking command in '/home/aidan/GitHub/AidansRepo/TeensySwerve/build/rclc_parameter': AMENT_PREFIX_PATH=/home/aidan/GitHub/AidansRepo/TeensySwerve/install/rclc:/home/aidan/GitHub/AidansRepo/TeensySwerve/install/example_interfaces:/home/aidan/GitHub/AidansRepo/TeensySwerve/install/std_msgs:/home/aidan/GitHub/AidansRepo/TeensySwerve/install/rcl_interfaces:/home/aidan/GitHub/AidansRepo/TeensySwerve/install/action_msgs:/home/aidan/GitHub/AidansRepo/TeensySwerve/install/unique_identifier_msgs:/home/aidan/GitHub/AidansRepo/TeensySwerve/install/builtin_interfaces:${AMENT_PREFIX_PATH} CMAKE_PREFIX_PATH=/home/aidan/GitHub/AidansRepo/TeensySwerve/install/rclc:/home/aidan/GitHub/AidansRepo/TeensySwerve/install/example_interfaces:/home/aidan/GitHub/AidansRepo/TeensySwerve/install/std_msgs:/home/aidan/GitHub/AidansRepo/TeensySwerve/install/rcl_interfaces:/home/aidan/GitHub/AidansRepo/TeensySwerve/install/action_msgs:/home/aidan/GitHub/AidansRepo/TeensySwerve/install/unique_identifier_msgs:/home/aidan/GitHub/AidansRepo/TeensySwerve/install/builtin_interfaces:/home/aidan/GitHub/AidansRepo/TeensySwerve/install/tnsy_interfaces:/home/aidan/microros_ws/install/micro_ros_setup:/home/aidan/microros_ws/install/micro_ros_agent:/home/aidan/microros_ws/install/micro_ros_msgs:/home/aidan/GitHub/AidansRepo/TeensySwerve/install/tnsy_swrv_controller:/opt/ros/humble LD_LIBRARY_PATH=/home/aidan/GitHub/AidansRepo/TeensySwerve/install/rclc/lib:/home/aidan/GitHub/AidansRepo/TeensySwerve/install/example_interfaces/lib:/home/aidan/GitHub/AidansRepo/TeensySwerve/install/std_msgs/lib:/home/aidan/GitHub/AidansRepo/TeensySwerve/install/rcl_interfaces/lib:/home/aidan/GitHub/AidansRepo/TeensySwerve/install/action_msgs/lib:/home/aidan/GitHub/AidansRepo/TeensySwerve/install/unique_identifier_msgs/lib:/home/aidan/GitHub/AidansRepo/TeensySwerve/install/builtin_interfaces/lib:${LD_LIBRARY_PATH} PYTHONPATH=/home/aidan/GitHub/AidansRepo/TeensySwerve/install/example_interfaces/local/lib/python3.10/dist-packages:/home/aidan/GitHub/AidansRepo/TeensySwerve/install/std_msgs/local/lib/python3.10/dist-packages:/home/aidan/GitHub/AidansRepo/TeensySwerve/install/rcl_interfaces/local/lib/python3.10/dist-packages:/home/aidan/GitHub/AidansRepo/TeensySwerve/install/action_msgs/local/lib/python3.10/dist-packages:/home/aidan/GitHub/AidansRepo/TeensySwerve/install/unique_identifier_msgs/local/lib/python3.10/dist-packages:/home/aidan/GitHub/AidansRepo/TeensySwerve/install/builtin_interfaces/local/lib/python3.10/dist-packages:${PYTHONPATH} /usr/bin/cmake --build /home/aidan/GitHub/AidansRepo/TeensySwerve/build/rclc_parameter -- -j4 -l4
[0.255s] /usr/bin/cmake -S/home/aidan/GitHub/AidansRepo/TeensySwerve/src/uros/rclc/rclc_parameter -B/home/aidan/GitHub/AidansRepo/TeensySwerve/build/rclc_parameter --check-build-system CMakeFiles/Makefile.cmake 0
[0.315s] /usr/bin/cmake -E cmake_progress_start /home/aidan/GitHub/AidansRepo/TeensySwerve/build/rclc_parameter/CMakeFiles /home/aidan/GitHub/AidansRepo/TeensySwerve/build/rclc_parameter//CMakeFiles/progress.marks
[0.346s] /usr/bin/gmake  -f CMakeFiles/Makefile2 all
[0.350s] gmake[1]: Entering directory '/home/aidan/GitHub/AidansRepo/TeensySwerve/build/rclc_parameter'
[0.350s] /usr/bin/gmake  -f CMakeFiles/rclc_parameter.dir/build.make CMakeFiles/rclc_parameter.dir/depend
[0.365s] gmake[2]: Entering directory '/home/aidan/GitHub/AidansRepo/TeensySwerve/build/rclc_parameter'
[0.365s] cd /home/aidan/GitHub/AidansRepo/TeensySwerve/build/rclc_parameter && /usr/bin/cmake -E cmake_depends "Unix Makefiles" /home/aidan/GitHub/AidansRepo/TeensySwerve/src/uros/rclc/rclc_parameter /home/aidan/GitHub/AidansRepo/TeensySwerve/src/uros/rclc/rclc_parameter /home/aidan/GitHub/AidansRepo/TeensySwerve/build/rclc_parameter /home/aidan/GitHub/AidansRepo/TeensySwerve/build/rclc_parameter /home/aidan/GitHub/AidansRepo/TeensySwerve/build/rclc_parameter/CMakeFiles/rclc_parameter.dir/DependInfo.cmake --color=
[0.409s] [35m[1mConsolidate compiler generated dependencies of target rclc_parameter[0m
[0.429s] gmake[2]: Leaving directory '/home/aidan/GitHub/AidansRepo/TeensySwerve/build/rclc_parameter'
[0.430s] /usr/bin/gmake  -f CMakeFiles/rclc_parameter.dir/build.make CMakeFiles/rclc_parameter.dir/build
[0.443s] gmake[2]: Entering directory '/home/aidan/GitHub/AidansRepo/TeensySwerve/build/rclc_parameter'
[0.444s] gmake[2]: Nothing to be done for 'CMakeFiles/rclc_parameter.dir/build'.
[0.444s] gmake[2]: Leaving directory '/home/aidan/GitHub/AidansRepo/TeensySwerve/build/rclc_parameter'
[0.483s] [ 33%] Built target rclc_parameter
[0.484s] /usr/bin/gmake  -f gtest/CMakeFiles/gtest.dir/build.make gtest/CMakeFiles/gtest.dir/depend
[0.498s] gmake[2]: Entering directory '/home/aidan/GitHub/AidansRepo/TeensySwerve/build/rclc_parameter'
[0.501s] cd /home/aidan/GitHub/AidansRepo/TeensySwerve/build/rclc_parameter && /usr/bin/cmake -E cmake_depends "Unix Makefiles" /home/aidan/GitHub/AidansRepo/TeensySwerve/src/uros/rclc/rclc_parameter /opt/ros/humble/src/gtest_vendor /home/aidan/GitHub/AidansRepo/TeensySwerve/build/rclc_parameter /home/aidan/GitHub/AidansRepo/TeensySwerve/build/rclc_parameter/gtest /home/aidan/GitHub/AidansRepo/TeensySwerve/build/rclc_parameter/gtest/CMakeFiles/gtest.dir/DependInfo.cmake --color=
[0.544s] [35m[1mConsolidate compiler generated dependencies of target gtest[0m
[0.550s] gmake[2]: Leaving directory '/home/aidan/GitHub/AidansRepo/TeensySwerve/build/rclc_parameter'
[0.551s] /usr/bin/gmake  -f gtest/CMakeFiles/gtest.dir/build.make gtest/CMakeFiles/gtest.dir/build
[0.570s] gmake[2]: Entering directory '/home/aidan/GitHub/AidansRepo/TeensySwerve/build/rclc_parameter'
[0.575s] gmake[2]: Nothing to be done for 'gtest/CMakeFiles/gtest.dir/build'.
[0.575s] gmake[2]: Leaving directory '/home/aidan/GitHub/AidansRepo/TeensySwerve/build/rclc_parameter'
[0.612s] [ 55%] Built target gtest
[0.616s] /usr/bin/gmake  -f gtest/CMakeFiles/gtest_main.dir/build.make gtest/CMakeFiles/gtest_main.dir/depend
[0.619s] gmake[2]: Entering directory '/home/aidan/GitHub/AidansRepo/TeensySwerve/build/rclc_parameter'
[0.620s] cd /home/aidan/GitHub/AidansRepo/TeensySwerve/build/rclc_parameter && /usr/bin/cmake -E cmake_depends "Unix Makefiles" /home/aidan/GitHub/AidansRepo/TeensySwerve/src/uros/rclc/rclc_parameter /opt/ros/humble/src/gtest_vendor /home/aidan/GitHub/AidansRepo/TeensySwerve/build/rclc_parameter /home/aidan/GitHub/AidansRepo/TeensySwerve/build/rclc_parameter/gtest /home/aidan/GitHub/AidansRepo/TeensySwerve/build/rclc_parameter/gtest/CMakeFiles/gtest_main.dir/DependInfo.cmake --color=
[0.649s] [35m[1mConsolidate compiler generated dependencies of target gtest_main[0m
[0.662s] gmake[2]: Leaving directory '/home/aidan/GitHub/AidansRepo/TeensySwerve/build/rclc_parameter'
[0.662s] /usr/bin/gmake  -f gtest/CMakeFiles/gtest_main.dir/build.make gtest/CMakeFiles/gtest_main.dir/build
[0.680s] gmake[2]: Entering directory '/home/aidan/GitHub/AidansRepo/TeensySwerve/build/rclc_parameter'
[0.680s] gmake[2]: Nothing to be done for 'gtest/CMakeFiles/gtest_main.dir/build'.
[0.680s] gmake[2]: Leaving directory '/home/aidan/GitHub/AidansRepo/TeensySwerve/build/rclc_parameter'
[0.748s] [ 77%] Built target gtest_main
[0.755s] /usr/bin/gmake  -f CMakeFiles/rclc_parameter_test.dir/build.make CMakeFiles/rclc_parameter_test.dir/depend
[0.764s] gmake[2]: Entering directory '/home/aidan/GitHub/AidansRepo/TeensySwerve/build/rclc_parameter'
[0.764s] cd /home/aidan/GitHub/AidansRepo/TeensySwerve/build/rclc_parameter && /usr/bin/cmake -E cmake_depends "Unix Makefiles" /home/aidan/GitHub/AidansRepo/TeensySwerve/src/uros/rclc/rclc_parameter /home/aidan/GitHub/AidansRepo/TeensySwerve/src/uros/rclc/rclc_parameter /home/aidan/GitHub/AidansRepo/TeensySwerve/build/rclc_parameter /home/aidan/GitHub/AidansRepo/TeensySwerve/build/rclc_parameter /home/aidan/GitHub/AidansRepo/TeensySwerve/build/rclc_parameter/CMakeFiles/rclc_parameter_test.dir/DependInfo.cmake --color=
[0.811s] [35m[1mConsolidate compiler generated dependencies of target rclc_parameter_test[0m
[0.853s] gmake[2]: Leaving directory '/home/aidan/GitHub/AidansRepo/TeensySwerve/build/rclc_parameter'
[0.859s] /usr/bin/gmake  -f CMakeFiles/rclc_parameter_test.dir/build.make CMakeFiles/rclc_parameter_test.dir/build
[0.873s] gmake[2]: Entering directory '/home/aidan/GitHub/AidansRepo/TeensySwerve/build/rclc_parameter'
[0.874s] gmake[2]: Nothing to be done for 'CMakeFiles/rclc_parameter_test.dir/build'.
[0.874s] gmake[2]: Leaving directory '/home/aidan/GitHub/AidansRepo/TeensySwerve/build/rclc_parameter'
[0.939s] [100%] Built target rclc_parameter_test
[0.945s] gmake[1]: Leaving directory '/home/aidan/GitHub/AidansRepo/TeensySwerve/build/rclc_parameter'
[0.945s] /usr/bin/cmake -E cmake_progress_start /home/aidan/GitHub/AidansRepo/TeensySwerve/build/rclc_parameter/CMakeFiles 0
[1.008s] Invoked command in '/home/aidan/GitHub/AidansRepo/TeensySwerve/build/rclc_parameter' returned '0': AMENT_PREFIX_PATH=/home/aidan/GitHub/AidansRepo/TeensySwerve/install/rclc:/home/aidan/GitHub/AidansRepo/TeensySwerve/install/example_interfaces:/home/aidan/GitHub/AidansRepo/TeensySwerve/install/std_msgs:/home/aidan/GitHub/AidansRepo/TeensySwerve/install/rcl_interfaces:/home/aidan/GitHub/AidansRepo/TeensySwerve/install/action_msgs:/home/aidan/GitHub/AidansRepo/TeensySwerve/install/unique_identifier_msgs:/home/aidan/GitHub/AidansRepo/TeensySwerve/install/builtin_interfaces:${AMENT_PREFIX_PATH} CMAKE_PREFIX_PATH=/home/aidan/GitHub/AidansRepo/TeensySwerve/install/rclc:/home/aidan/GitHub/AidansRepo/TeensySwerve/install/example_interfaces:/home/aidan/GitHub/AidansRepo/TeensySwerve/install/std_msgs:/home/aidan/GitHub/AidansRepo/TeensySwerve/install/rcl_interfaces:/home/aidan/GitHub/AidansRepo/TeensySwerve/install/action_msgs:/home/aidan/GitHub/AidansRepo/TeensySwerve/install/unique_identifier_msgs:/home/aidan/GitHub/AidansRepo/TeensySwerve/install/builtin_interfaces:/home/aidan/GitHub/AidansRepo/TeensySwerve/install/tnsy_interfaces:/home/aidan/microros_ws/install/micro_ros_setup:/home/aidan/microros_ws/install/micro_ros_agent:/home/aidan/microros_ws/install/micro_ros_msgs:/home/aidan/GitHub/AidansRepo/TeensySwerve/install/tnsy_swrv_controller:/opt/ros/humble LD_LIBRARY_PATH=/home/aidan/GitHub/AidansRepo/TeensySwerve/install/rclc/lib:/home/aidan/GitHub/AidansRepo/TeensySwerve/install/example_interfaces/lib:/home/aidan/GitHub/AidansRepo/TeensySwerve/install/std_msgs/lib:/home/aidan/GitHub/AidansRepo/TeensySwerve/install/rcl_interfaces/lib:/home/aidan/GitHub/AidansRepo/TeensySwerve/install/action_msgs/lib:/home/aidan/GitHub/AidansRepo/TeensySwerve/install/unique_identifier_msgs/lib:/home/aidan/GitHub/AidansRepo/TeensySwerve/install/builtin_interfaces/lib:${LD_LIBRARY_PATH} PYTHONPATH=/home/aidan/GitHub/AidansRepo/TeensySwerve/install/example_interfaces/local/lib/python3.10/dist-packages:/home/aidan/GitHub/AidansRepo/TeensySwerve/install/std_msgs/local/lib/python3.10/dist-packages:/home/aidan/GitHub/AidansRepo/TeensySwerve/install/rcl_interfaces/local/lib/python3.10/dist-packages:/home/aidan/GitHub/AidansRepo/TeensySwerve/install/action_msgs/local/lib/python3.10/dist-packages:/home/aidan/GitHub/AidansRepo/TeensySwerve/install/unique_identifier_msgs/local/lib/python3.10/dist-packages:/home/aidan/GitHub/AidansRepo/TeensySwerve/install/builtin_interfaces/local/lib/python3.10/dist-packages:${PYTHONPATH} /usr/bin/cmake --build /home/aidan/GitHub/AidansRepo/TeensySwerve/build/rclc_parameter -- -j4 -l4
[1.251s] Invoking command in '/home/aidan/GitHub/AidansRepo/TeensySwerve/build/rclc_parameter': AMENT_PREFIX_PATH=/home/aidan/GitHub/AidansRepo/TeensySwerve/install/rclc:/home/aidan/GitHub/AidansRepo/TeensySwerve/install/example_interfaces:/home/aidan/GitHub/AidansRepo/TeensySwerve/install/std_msgs:/home/aidan/GitHub/AidansRepo/TeensySwerve/install/rcl_interfaces:/home/aidan/GitHub/AidansRepo/TeensySwerve/install/action_msgs:/home/aidan/GitHub/AidansRepo/TeensySwerve/install/unique_identifier_msgs:/home/aidan/GitHub/AidansRepo/TeensySwerve/install/builtin_interfaces:${AMENT_PREFIX_PATH} CMAKE_PREFIX_PATH=/home/aidan/GitHub/AidansRepo/TeensySwerve/install/rclc:/home/aidan/GitHub/AidansRepo/TeensySwerve/install/example_interfaces:/home/aidan/GitHub/AidansRepo/TeensySwerve/install/std_msgs:/home/aidan/GitHub/AidansRepo/TeensySwerve/install/rcl_interfaces:/home/aidan/GitHub/AidansRepo/TeensySwerve/install/action_msgs:/home/aidan/GitHub/AidansRepo/TeensySwerve/install/unique_identifier_msgs:/home/aidan/GitHub/AidansRepo/TeensySwerve/install/builtin_interfaces:/home/aidan/GitHub/AidansRepo/TeensySwerve/install/tnsy_interfaces:/home/aidan/microros_ws/install/micro_ros_setup:/home/aidan/microros_ws/install/micro_ros_agent:/home/aidan/microros_ws/install/micro_ros_msgs:/home/aidan/GitHub/AidansRepo/TeensySwerve/install/tnsy_swrv_controller:/opt/ros/humble LD_LIBRARY_PATH=/home/aidan/GitHub/AidansRepo/TeensySwerve/install/rclc/lib:/home/aidan/GitHub/AidansRepo/TeensySwerve/install/example_interfaces/lib:/home/aidan/GitHub/AidansRepo/TeensySwerve/install/std_msgs/lib:/home/aidan/GitHub/AidansRepo/TeensySwerve/install/rcl_interfaces/lib:/home/aidan/GitHub/AidansRepo/TeensySwerve/install/action_msgs/lib:/home/aidan/GitHub/AidansRepo/TeensySwerve/install/unique_identifier_msgs/lib:/home/aidan/GitHub/AidansRepo/TeensySwerve/install/builtin_interfaces/lib:${LD_LIBRARY_PATH} PYTHONPATH=/home/aidan/GitHub/AidansRepo/TeensySwerve/install/example_interfaces/local/lib/python3.10/dist-packages:/home/aidan/GitHub/AidansRepo/TeensySwerve/install/std_msgs/local/lib/python3.10/dist-packages:/home/aidan/GitHub/AidansRepo/TeensySwerve/install/rcl_interfaces/local/lib/python3.10/dist-packages:/home/aidan/GitHub/AidansRepo/TeensySwerve/install/action_msgs/local/lib/python3.10/dist-packages:/home/aidan/GitHub/AidansRepo/TeensySwerve/install/unique_identifier_msgs/local/lib/python3.10/dist-packages:/home/aidan/GitHub/AidansRepo/TeensySwerve/install/builtin_interfaces/local/lib/python3.10/dist-packages:${PYTHONPATH} /usr/bin/cmake --install /home/aidan/GitHub/AidansRepo/TeensySwerve/build/rclc_parameter
[1.311s] -- Install configuration: ""
[1.311s] -- Up-to-date: /home/aidan/GitHub/AidansRepo/TeensySwerve/install/rclc_parameter/lib/librclc_parameter.a
[1.322s] -- Up-to-date: /home/aidan/GitHub/AidansRepo/TeensySwerve/install/rclc_parameter/include
[1.323s] -- Up-to-date: /home/aidan/GitHub/AidansRepo/TeensySwerve/install/rclc_parameter/include/rclc_parameter
[1.323s] -- Up-to-date: /home/aidan/GitHub/AidansRepo/TeensySwerve/install/rclc_parameter/include/rclc_parameter/visibility_control.h
[1.323s] -- Up-to-date: /home/aidan/GitHub/AidansRepo/TeensySwerve/install/rclc_parameter/include/rclc_parameter/rclc_parameter.h
[1.323s] -- Up-to-date: /home/aidan/GitHub/AidansRepo/TeensySwerve/install/rclc_parameter/share/rclc_parameter/environment/library_path.sh
[1.324s] -- Up-to-date: /home/aidan/GitHub/AidansRepo/TeensySwerve/install/rclc_parameter/share/rclc_parameter/environment/library_path.dsv
[1.324s] -- Up-to-date: /home/aidan/GitHub/AidansRepo/TeensySwerve/install/rclc_parameter/share/ament_index/resource_index/package_run_dependencies/rclc_parameter
[1.324s] -- Up-to-date: /home/aidan/GitHub/AidansRepo/TeensySwerve/install/rclc_parameter/share/ament_index/resource_index/parent_prefix_path/rclc_parameter
[1.331s] -- Up-to-date: /home/aidan/GitHub/AidansRepo/TeensySwerve/install/rclc_parameter/share/rclc_parameter/environment/ament_prefix_path.sh
[1.331s] -- Up-to-date: /home/aidan/GitHub/AidansRepo/TeensySwerve/install/rclc_parameter/share/rclc_parameter/environment/ament_prefix_path.dsv
[1.331s] -- Up-to-date: /home/aidan/GitHub/AidansRepo/TeensySwerve/install/rclc_parameter/share/rclc_parameter/environment/path.sh
[1.331s] -- Up-to-date: /home/aidan/GitHub/AidansRepo/TeensySwerve/install/rclc_parameter/share/rclc_parameter/environment/path.dsv
[1.332s] -- Up-to-date: /home/aidan/GitHub/AidansRepo/TeensySwerve/install/rclc_parameter/share/rclc_parameter/local_setup.bash
[1.332s] -- Up-to-date: /home/aidan/GitHub/AidansRepo/TeensySwerve/install/rclc_parameter/share/rclc_parameter/local_setup.sh
[1.332s] -- Up-to-date: /home/aidan/GitHub/AidansRepo/TeensySwerve/install/rclc_parameter/share/rclc_parameter/local_setup.zsh
[1.332s] -- Up-to-date: /home/aidan/GitHub/AidansRepo/TeensySwerve/install/rclc_parameter/share/rclc_parameter/local_setup.dsv
[1.332s] -- Installing: /home/aidan/GitHub/AidansRepo/TeensySwerve/install/rclc_parameter/share/rclc_parameter/package.dsv
[1.339s] -- Up-to-date: /home/aidan/GitHub/AidansRepo/TeensySwerve/install/rclc_parameter/share/ament_index/resource_index/packages/rclc_parameter
[1.344s] -- Up-to-date: /home/aidan/GitHub/AidansRepo/TeensySwerve/install/rclc_parameter/share/rclc_parameter/cmake/rclc_parameterExport.cmake
[1.346s] -- Up-to-date: /home/aidan/GitHub/AidansRepo/TeensySwerve/install/rclc_parameter/share/rclc_parameter/cmake/rclc_parameterExport-noconfig.cmake
[1.362s] -- Up-to-date: /home/aidan/GitHub/AidansRepo/TeensySwerve/install/rclc_parameter/share/rclc_parameter/cmake/ament_cmake_export_include_directories-extras.cmake
[1.363s] -- Up-to-date: /home/aidan/GitHub/AidansRepo/TeensySwerve/install/rclc_parameter/share/rclc_parameter/cmake/ament_cmake_export_libraries-extras.cmake
[1.369s] -- Up-to-date: /home/aidan/GitHub/AidansRepo/TeensySwerve/install/rclc_parameter/share/rclc_parameter/cmake/ament_cmake_export_targets-extras.cmake
[1.370s] -- Up-to-date: /home/aidan/GitHub/AidansRepo/TeensySwerve/install/rclc_parameter/share/rclc_parameter/cmake/ament_cmake_export_dependencies-extras.cmake
[1.370s] -- Up-to-date: /home/aidan/GitHub/AidansRepo/TeensySwerve/install/rclc_parameter/share/rclc_parameter/cmake/rclc_parameterConfig.cmake
[1.370s] -- Up-to-date: /home/aidan/GitHub/AidansRepo/TeensySwerve/install/rclc_parameter/share/rclc_parameter/cmake/rclc_parameterConfig-version.cmake
[1.370s] -- Up-to-date: /home/aidan/GitHub/AidansRepo/TeensySwerve/install/rclc_parameter/share/rclc_parameter/package.xml
[1.371s] Invoked command in '/home/aidan/GitHub/AidansRepo/TeensySwerve/build/rclc_parameter' returned '0': AMENT_PREFIX_PATH=/home/aidan/GitHub/AidansRepo/TeensySwerve/install/rclc:/home/aidan/GitHub/AidansRepo/TeensySwerve/install/example_interfaces:/home/aidan/GitHub/AidansRepo/TeensySwerve/install/std_msgs:/home/aidan/GitHub/AidansRepo/TeensySwerve/install/rcl_interfaces:/home/aidan/GitHub/AidansRepo/TeensySwerve/install/action_msgs:/home/aidan/GitHub/AidansRepo/TeensySwerve/install/unique_identifier_msgs:/home/aidan/GitHub/AidansRepo/TeensySwerve/install/builtin_interfaces:${AMENT_PREFIX_PATH} CMAKE_PREFIX_PATH=/home/aidan/GitHub/AidansRepo/TeensySwerve/install/rclc:/home/aidan/GitHub/AidansRepo/TeensySwerve/install/example_interfaces:/home/aidan/GitHub/AidansRepo/TeensySwerve/install/std_msgs:/home/aidan/GitHub/AidansRepo/TeensySwerve/install/rcl_interfaces:/home/aidan/GitHub/AidansRepo/TeensySwerve/install/action_msgs:/home/aidan/GitHub/AidansRepo/TeensySwerve/install/unique_identifier_msgs:/home/aidan/GitHub/AidansRepo/TeensySwerve/install/builtin_interfaces:/home/aidan/GitHub/AidansRepo/TeensySwerve/install/tnsy_interfaces:/home/aidan/microros_ws/install/micro_ros_setup:/home/aidan/microros_ws/install/micro_ros_agent:/home/aidan/microros_ws/install/micro_ros_msgs:/home/aidan/GitHub/AidansRepo/TeensySwerve/install/tnsy_swrv_controller:/opt/ros/humble LD_LIBRARY_PATH=/home/aidan/GitHub/AidansRepo/TeensySwerve/install/rclc/lib:/home/aidan/GitHub/AidansRepo/TeensySwerve/install/example_interfaces/lib:/home/aidan/GitHub/AidansRepo/TeensySwerve/install/std_msgs/lib:/home/aidan/GitHub/AidansRepo/TeensySwerve/install/rcl_interfaces/lib:/home/aidan/GitHub/AidansRepo/TeensySwerve/install/action_msgs/lib:/home/aidan/GitHub/AidansRepo/TeensySwerve/install/unique_identifier_msgs/lib:/home/aidan/GitHub/AidansRepo/TeensySwerve/install/builtin_interfaces/lib:${LD_LIBRARY_PATH} PYTHONPATH=/home/aidan/GitHub/AidansRepo/TeensySwerve/install/example_interfaces/local/lib/python3.10/dist-packages:/home/aidan/GitHub/AidansRepo/TeensySwerve/install/std_msgs/local/lib/python3.10/dist-packages:/home/aidan/GitHub/AidansRepo/TeensySwerve/install/rcl_interfaces/local/lib/python3.10/dist-packages:/home/aidan/GitHub/AidansRepo/TeensySwerve/install/action_msgs/local/lib/python3.10/dist-packages:/home/aidan/GitHub/AidansRepo/TeensySwerve/install/unique_identifier_msgs/local/lib/python3.10/dist-packages:/home/aidan/GitHub/AidansRepo/TeensySwerve/install/builtin_interfaces/local/lib/python3.10/dist-packages:${PYTHONPATH} /usr/bin/cmake --install /home/aidan/GitHub/AidansRepo/TeensySwerve/build/rclc_parameter
