[0.066s] Invoking command in '/home/aidan/GitHub/AidansRepo/TeensySwerve/build/micro_ros_utilities': CMAKE_PREFIX_PATH=${CMAKE_PREFIX_PATH}:/home/aidan/GitHub/AidansRepo/TeensySwerve/install/tnsy_swrv_controller:/opt/ros/humble /usr/bin/cmake /home/aidan/GitHub/AidansRepo/TeensySwerve/src/uros/micro_ros_utilities -DCMAKE_INSTALL_PREFIX=/home/aidan/GitHub/AidansRepo/TeensySwerve/install/micro_ros_utilities
[0.530s] -- The C compiler identification is GNU 11.4.0
[0.970s] -- The CXX compiler identification is GNU 11.4.0
[1.026s] -- Detecting C compiler ABI info
[1.589s] -- Detecting C compiler ABI info - done
[1.689s] -- Check for working C compiler: /usr/bin/cc - skipped
[1.689s] -- Detecting C compile features
[1.692s] -- Detecting C compile features - done
[1.719s] -- Detecting CXX compiler ABI info
[2.412s] -- Detecting CXX compiler ABI info - done
[2.493s] -- Check for working CXX compiler: /usr/bin/c++ - skipped
[2.496s] -- Detecting CXX compile features
[2.497s] -- Detecting CXX compile features - done
[2.516s] -- Found ament_cmake: 1.3.11 (/opt/ros/humble/share/ament_cmake/cmake)
[3.896s] -- Found Python3: /usr/bin/python3 (found version "3.10.12") found components: Interpreter 
[4.220s] -- Found rosidl_typesupport_introspection_c: 3.1.6 (/opt/ros/humble/share/rosidl_typesupport_introspection_c/cmake)
[4.273s] -- Found rosidl_adapter: 3.1.6 (/opt/ros/humble/share/rosidl_adapter/cmake)
[4.469s] -- Found ament_lint_auto: 0.12.12 (/opt/ros/humble/share/ament_lint_auto/cmake)
[4.476s] -- Found ament_cmake_gtest: 1.3.11 (/opt/ros/humble/share/ament_cmake_gtest/cmake)
[4.503s] -- Found std_msgs: 4.8.0 (/opt/ros/humble/share/std_msgs/cmake)
[4.728s] -- Found rosidl_generator_cpp: 3.1.6 (/opt/ros/humble/share/rosidl_generator_cpp/cmake)
[4.825s] -- Using all available rosidl_typesupport_c: rosidl_typesupport_fastrtps_c;rosidl_typesupport_introspection_c
[4.945s] -- Using all available rosidl_typesupport_cpp: rosidl_typesupport_fastrtps_cpp;rosidl_typesupport_introspection_cpp
[5.242s] -- Found trajectory_msgs: 4.8.0 (/opt/ros/humble/share/trajectory_msgs/cmake)
[6.088s] -- Found gtest sources under '/opt/ros/humble/src/gtest_vendor': C++ tests using 'Google Test' will be built
[6.106s] -- Looking for pthread.h
[6.544s] -- Looking for pthread.h - found
[6.551s] -- Performing Test CMAKE_HAVE_LIBC_PTHREAD
[7.115s] -- Performing Test CMAKE_HAVE_LIBC_PTHREAD - Success
[7.120s] -- Found Threads: TRUE  
[7.226s] -- Added test 'cppcheck' to perform static code analysis on C / C++ code
[7.234s] -- Configured cppcheck include dirs: $<BUILD_INTERFACE:/home/aidan/GitHub/AidansRepo/TeensySwerve/src/uros/micro_ros_utilities/include>;$<BUILD_INTERFACE:/home/aidan/GitHub/AidansRepo/TeensySwerve/src/uros/micro_ros_utilities/src>;/home/aidan/GitHub/AidansRepo/TeensySwerve/src/uros/micro_ros_utilities/include;/home/aidan/GitHub/AidansRepo/TeensySwerve/src/uros/micro_ros_utilities/src
[7.237s] -- Configured cppcheck exclude dirs and/or files: 
[7.255s] -- Added test 'cpplint' to check C / C++ code against the Google style
[7.255s] -- Configured cpplint exclude dirs and/or files: 
[7.283s] -- Added test 'lint_cmake' to check CMake code style
[7.324s] -- Added test 'uncrustify' to check C / C++ code style
[7.329s] -- Configured uncrustify additional arguments: 
[7.334s] -- Added test 'xmllint' to check XML markup files
[7.351s] -- Configuring done
[7.508s] -- Generating done
[7.523s] -- Build files have been written to: /home/aidan/GitHub/AidansRepo/TeensySwerve/build/micro_ros_utilities
[7.578s] Invoked command in '/home/aidan/GitHub/AidansRepo/TeensySwerve/build/micro_ros_utilities' returned '0': CMAKE_PREFIX_PATH=${CMAKE_PREFIX_PATH}:/home/aidan/GitHub/AidansRepo/TeensySwerve/install/tnsy_swrv_controller:/opt/ros/humble /usr/bin/cmake /home/aidan/GitHub/AidansRepo/TeensySwerve/src/uros/micro_ros_utilities -DCMAKE_INSTALL_PREFIX=/home/aidan/GitHub/AidansRepo/TeensySwerve/install/micro_ros_utilities
[7.591s] Invoking command in '/home/aidan/GitHub/AidansRepo/TeensySwerve/build/micro_ros_utilities': CMAKE_PREFIX_PATH=${CMAKE_PREFIX_PATH}:/home/aidan/GitHub/AidansRepo/TeensySwerve/install/tnsy_swrv_controller:/opt/ros/humble /usr/bin/cmake --build /home/aidan/GitHub/AidansRepo/TeensySwerve/build/micro_ros_utilities -- -j4 -l4
[7.846s] [ 10%] [32mBuilding C object CMakeFiles/micro_ros_utilities.dir/src/string_utilities.c.o[0m
[8.072s] [ 20%] [32mBuilding C object CMakeFiles/micro_ros_utilities.dir/src/type_utilities.c.o[0m
[8.381s] [ 30%] [32m[1mLinking C static library libmicro_ros_utilities.a[0m
[8.674s] [ 30%] Built target micro_ros_utilities
[8.767s] [ 40%] [32mBuilding CXX object gtest/CMakeFiles/gtest.dir/src/gtest-all.cc.o[0m
[24.825s] [ 50%] [32m[1mLinking CXX static library libgtest.a[0m
[25.249s] [ 50%] Built target gtest
[25.373s] [ 60%] [32mBuilding CXX object gtest/CMakeFiles/gtest_main.dir/src/gtest_main.cc.o[0m
[34.055s] [ 70%] [32m[1mLinking CXX static library libgtest_main.a[0m
[34.229s] [ 70%] Built target gtest_main
[34.308s] [ 80%] [32mBuilding CXX object CMakeFiles/micro_ros_utilities_test.dir/test/micro_ros_utilities/test_memory.cpp.o[0m
[43.372s] [ 90%] [32mBuilding CXX object CMakeFiles/micro_ros_utilities_test.dir/test/micro_ros_utilities/test_string.cpp.o[0m
[50.001s] [100%] [32m[1mLinking CXX executable micro_ros_utilities_test[0m
[51.162s] [100%] Built target micro_ros_utilities_test
[51.226s] Invoked command in '/home/aidan/GitHub/AidansRepo/TeensySwerve/build/micro_ros_utilities' returned '0': CMAKE_PREFIX_PATH=${CMAKE_PREFIX_PATH}:/home/aidan/GitHub/AidansRepo/TeensySwerve/install/tnsy_swrv_controller:/opt/ros/humble /usr/bin/cmake --build /home/aidan/GitHub/AidansRepo/TeensySwerve/build/micro_ros_utilities -- -j4 -l4
[51.424s] Invoking command in '/home/aidan/GitHub/AidansRepo/TeensySwerve/build/micro_ros_utilities': CMAKE_PREFIX_PATH=${CMAKE_PREFIX_PATH}:/home/aidan/GitHub/AidansRepo/TeensySwerve/install/tnsy_swrv_controller:/opt/ros/humble /usr/bin/cmake --install /home/aidan/GitHub/AidansRepo/TeensySwerve/build/micro_ros_utilities
[51.472s] -- Install configuration: ""
[51.474s] -- Installing: /home/aidan/GitHub/AidansRepo/TeensySwerve/install/micro_ros_utilities/include
[51.474s] -- Installing: /home/aidan/GitHub/AidansRepo/TeensySwerve/install/micro_ros_utilities/include/micro_ros_utilities
[51.476s] -- Installing: /home/aidan/GitHub/AidansRepo/TeensySwerve/install/micro_ros_utilities/include/micro_ros_utilities/visibility_control.h
[51.479s] -- Installing: /home/aidan/GitHub/AidansRepo/TeensySwerve/install/micro_ros_utilities/include/micro_ros_utilities/string_utilities.h
[51.480s] -- Installing: /home/aidan/GitHub/AidansRepo/TeensySwerve/install/micro_ros_utilities/include/micro_ros_utilities/type_utilities.h
[51.485s] -- Installing: /home/aidan/GitHub/AidansRepo/TeensySwerve/install/micro_ros_utilities/lib/libmicro_ros_utilities.a
[51.485s] -- Installing: /home/aidan/GitHub/AidansRepo/TeensySwerve/install/micro_ros_utilities/share/micro_ros_utilities/environment/library_path.sh
[51.486s] -- Installing: /home/aidan/GitHub/AidansRepo/TeensySwerve/install/micro_ros_utilities/share/micro_ros_utilities/environment/library_path.dsv
[51.486s] -- Installing: /home/aidan/GitHub/AidansRepo/TeensySwerve/install/micro_ros_utilities/share/ament_index/resource_index/package_run_dependencies/micro_ros_utilities
[51.486s] -- Installing: /home/aidan/GitHub/AidansRepo/TeensySwerve/install/micro_ros_utilities/share/ament_index/resource_index/parent_prefix_path/micro_ros_utilities
[51.496s] -- Installing: /home/aidan/GitHub/AidansRepo/TeensySwerve/install/micro_ros_utilities/share/micro_ros_utilities/environment/ament_prefix_path.sh
[51.497s] -- Installing: /home/aidan/GitHub/AidansRepo/TeensySwerve/install/micro_ros_utilities/share/micro_ros_utilities/environment/ament_prefix_path.dsv
[51.497s] -- Installing: /home/aidan/GitHub/AidansRepo/TeensySwerve/install/micro_ros_utilities/share/micro_ros_utilities/environment/path.sh
[51.510s] -- Installing: /home/aidan/GitHub/AidansRepo/TeensySwerve/install/micro_ros_utilities/share/micro_ros_utilities/environment/path.dsv
[51.510s] -- Installing: /home/aidan/GitHub/AidansRepo/TeensySwerve/install/micro_ros_utilities/share/micro_ros_utilities/local_setup.bash
[51.510s] -- Installing: /home/aidan/GitHub/AidansRepo/TeensySwerve/install/micro_ros_utilities/share/micro_ros_utilities/local_setup.sh
[51.510s] -- Installing: /home/aidan/GitHub/AidansRepo/TeensySwerve/install/micro_ros_utilities/share/micro_ros_utilities/local_setup.zsh
[51.510s] -- Installing: /home/aidan/GitHub/AidansRepo/TeensySwerve/install/micro_ros_utilities/share/micro_ros_utilities/local_setup.dsv
[51.511s] -- Installing: /home/aidan/GitHub/AidansRepo/TeensySwerve/install/micro_ros_utilities/share/micro_ros_utilities/package.dsv
[51.511s] -- Installing: /home/aidan/GitHub/AidansRepo/TeensySwerve/install/micro_ros_utilities/share/ament_index/resource_index/packages/micro_ros_utilities
[51.511s] -- Installing: /home/aidan/GitHub/AidansRepo/TeensySwerve/install/micro_ros_utilities/share/micro_ros_utilities/cmake/ament_cmake_export_include_directories-extras.cmake
[51.511s] -- Installing: /home/aidan/GitHub/AidansRepo/TeensySwerve/install/micro_ros_utilities/share/micro_ros_utilities/cmake/ament_cmake_export_libraries-extras.cmake
[51.511s] -- Installing: /home/aidan/GitHub/AidansRepo/TeensySwerve/install/micro_ros_utilities/share/micro_ros_utilities/cmake/ament_cmake_export_dependencies-extras.cmake
[51.512s] -- Installing: /home/aidan/GitHub/AidansRepo/TeensySwerve/install/micro_ros_utilities/share/micro_ros_utilities/cmake/micro_ros_utilitiesConfig.cmake
[51.512s] -- Installing: /home/aidan/GitHub/AidansRepo/TeensySwerve/install/micro_ros_utilities/share/micro_ros_utilities/cmake/micro_ros_utilitiesConfig-version.cmake
[51.512s] -- Installing: /home/aidan/GitHub/AidansRepo/TeensySwerve/install/micro_ros_utilities/share/micro_ros_utilities/package.xml
[51.515s] Invoked command in '/home/aidan/GitHub/AidansRepo/TeensySwerve/build/micro_ros_utilities' returned '0': CMAKE_PREFIX_PATH=${CMAKE_PREFIX_PATH}:/home/aidan/GitHub/AidansRepo/TeensySwerve/install/tnsy_swrv_controller:/opt/ros/humble /usr/bin/cmake --install /home/aidan/GitHub/AidansRepo/TeensySwerve/build/micro_ros_utilities
