[0.100s] Invoking command in '/home/aidan/GitHub/AidansRepo/TeensySwerve/build/builtin_interfaces': CMAKE_PREFIX_PATH=${CMAKE_PREFIX_PATH}:/home/aidan/GitHub/AidansRepo/TeensySwerve/install/sensor_msgs_py:/home/aidan/GitHub/AidansRepo/TeensySwerve/install/tnsy_swrv_controller:/opt/ros/humble /usr/bin/cmake --build /home/aidan/GitHub/AidansRepo/TeensySwerve/build/builtin_interfaces -- -j4 -l4
[0.642s] [ 10%] Built target builtin_interfaces__rosidl_generator_c
[0.716s] [ 12%] Built target builtin_interfaces__cpp
[1.095s] [ 12%] Built target ament_cmake_python_copy_builtin_interfaces
[1.293s] [ 23%] Built target builtin_interfaces__rosidl_typesupport_fastrtps_c
[1.380s] [ 33%] Built target builtin_interfaces__rosidl_typesupport_c
[1.395s] [ 43%] Built target builtin_interfaces__rosidl_typesupport_introspection_c
[1.482s] [ 53%] Built target builtin_interfaces__rosidl_typesupport_fastrtps_cpp
[1.797s] [ 64%] Built target builtin_interfaces__rosidl_typesupport_introspection_cpp
[1.887s] [ 74%] Built target builtin_interfaces__rosidl_typesupport_cpp
[2.075s] [ 74%] Built target builtin_interfaces
[2.459s] [ 76%] Built target builtin_interfaces__py
[2.775s] [ 84%] Built target builtin_interfaces__rosidl_generator_py
[3.185s] [ 89%] Built target builtin_interfaces__rosidl_typesupport_introspection_c__pyext
[3.196s] [ 94%] Built target builtin_interfaces__rosidl_typesupport_c__pyext
[3.448s] running egg_info
[3.448s] writing builtin_interfaces.egg-info/PKG-INFO
[3.448s] writing dependency_links to builtin_interfaces.egg-info/dependency_links.txt
[3.448s] writing top-level names to builtin_interfaces.egg-info/top_level.txt
[3.455s] reading manifest file 'builtin_interfaces.egg-info/SOURCES.txt'
[3.462s] writing manifest file 'builtin_interfaces.egg-info/SOURCES.txt'
[3.487s] [100%] Built target builtin_interfaces__rosidl_typesupport_fastrtps_c__pyext
[3.645s] [100%] Built target ament_cmake_python_build_builtin_interfaces_egg
[3.774s] Invoked command in '/home/aidan/GitHub/AidansRepo/TeensySwerve/build/builtin_interfaces' returned '0': CMAKE_PREFIX_PATH=${CMAKE_PREFIX_PATH}:/home/aidan/GitHub/AidansRepo/TeensySwerve/install/sensor_msgs_py:/home/aidan/GitHub/AidansRepo/TeensySwerve/install/tnsy_swrv_controller:/opt/ros/humble /usr/bin/cmake --build /home/aidan/GitHub/AidansRepo/TeensySwerve/build/builtin_interfaces -- -j4 -l4
[4.824s] Invoking command in '/home/aidan/GitHub/AidansRepo/TeensySwerve/build/builtin_interfaces': CMAKE_PREFIX_PATH=${CMAKE_PREFIX_PATH}:/home/aidan/GitHub/AidansRepo/TeensySwerve/install/sensor_msgs_py:/home/aidan/GitHub/AidansRepo/TeensySwerve/install/tnsy_swrv_controller:/opt/ros/humble /usr/bin/cmake --install /home/aidan/GitHub/AidansRepo/TeensySwerve/build/builtin_interfaces
[4.896s] -- Install configuration: ""
[4.899s] -- Up-to-date: /home/aidan/GitHub/AidansRepo/TeensySwerve/install/builtin_interfaces/share/ament_index/resource_index/rosidl_interfaces/builtin_interfaces
[4.899s] -- Up-to-date: /home/aidan/GitHub/AidansRepo/TeensySwerve/install/builtin_interfaces/include/builtin_interfaces/builtin_interfaces
[4.900s] -- Up-to-date: /home/aidan/GitHub/AidansRepo/TeensySwerve/install/builtin_interfaces/include/builtin_interfaces/builtin_interfaces/msg
[4.901s] -- Up-to-date: /home/aidan/GitHub/AidansRepo/TeensySwerve/install/builtin_interfaces/include/builtin_interfaces/builtin_interfaces/msg/rosidl_generator_c__visibility_control.h
[4.901s] -- Up-to-date: /home/aidan/GitHub/AidansRepo/TeensySwerve/install/builtin_interfaces/include/builtin_interfaces/builtin_interfaces/msg/time.h
[4.907s] -- Up-to-date: /home/aidan/GitHub/AidansRepo/TeensySwerve/install/builtin_interfaces/include/builtin_interfaces/builtin_interfaces/msg/duration.h
[4.907s] -- Up-to-date: /home/aidan/GitHub/AidansRepo/TeensySwerve/install/builtin_interfaces/include/builtin_interfaces/builtin_interfaces/msg/detail
[4.908s] -- Up-to-date: /home/aidan/GitHub/AidansRepo/TeensySwerve/install/builtin_interfaces/include/builtin_interfaces/builtin_interfaces/msg/detail/time__functions.h
[4.908s] -- Up-to-date: /home/aidan/GitHub/AidansRepo/TeensySwerve/install/builtin_interfaces/include/builtin_interfaces/builtin_interfaces/msg/detail/time__struct.h
[4.908s] -- Up-to-date: /home/aidan/GitHub/AidansRepo/TeensySwerve/install/builtin_interfaces/include/builtin_interfaces/builtin_interfaces/msg/detail/duration__type_support.h
[4.914s] -- Up-to-date: /home/aidan/GitHub/AidansRepo/TeensySwerve/install/builtin_interfaces/include/builtin_interfaces/builtin_interfaces/msg/detail/duration__struct.h
[4.917s] -- Up-to-date: /home/aidan/GitHub/AidansRepo/TeensySwerve/install/builtin_interfaces/include/builtin_interfaces/builtin_interfaces/msg/detail/time__functions.c
[4.917s] -- Up-to-date: /home/aidan/GitHub/AidansRepo/TeensySwerve/install/builtin_interfaces/include/builtin_interfaces/builtin_interfaces/msg/detail/duration__functions.c
[4.918s] -- Up-to-date: /home/aidan/GitHub/AidansRepo/TeensySwerve/install/builtin_interfaces/include/builtin_interfaces/builtin_interfaces/msg/detail/duration__functions.h
[4.920s] -- Up-to-date: /home/aidan/GitHub/AidansRepo/TeensySwerve/install/builtin_interfaces/include/builtin_interfaces/builtin_interfaces/msg/detail/time__type_support.h
[4.921s] -- Up-to-date: /home/aidan/GitHub/AidansRepo/TeensySwerve/install/builtin_interfaces/share/builtin_interfaces/environment/library_path.sh
[4.921s] -- Up-to-date: /home/aidan/GitHub/AidansRepo/TeensySwerve/install/builtin_interfaces/share/builtin_interfaces/environment/library_path.dsv
[4.921s] -- Up-to-date: /home/aidan/GitHub/AidansRepo/TeensySwerve/install/builtin_interfaces/lib/libbuiltin_interfaces__rosidl_generator_c.so
[4.922s] -- Up-to-date: /home/aidan/GitHub/AidansRepo/TeensySwerve/install/builtin_interfaces/include/builtin_interfaces/builtin_interfaces
[4.922s] -- Up-to-date: /home/aidan/GitHub/AidansRepo/TeensySwerve/install/builtin_interfaces/include/builtin_interfaces/builtin_interfaces/msg
[4.933s] -- Up-to-date: /home/aidan/GitHub/AidansRepo/TeensySwerve/install/builtin_interfaces/include/builtin_interfaces/builtin_interfaces/msg/rosidl_typesupport_fastrtps_c__visibility_control.h
[4.937s] -- Up-to-date: /home/aidan/GitHub/AidansRepo/TeensySwerve/install/builtin_interfaces/include/builtin_interfaces/builtin_interfaces/msg/detail
[4.938s] -- Up-to-date: /home/aidan/GitHub/AidansRepo/TeensySwerve/install/builtin_interfaces/include/builtin_interfaces/builtin_interfaces/msg/detail/duration__rosidl_typesupport_fastrtps_c.h
[4.938s] -- Up-to-date: /home/aidan/GitHub/AidansRepo/TeensySwerve/install/builtin_interfaces/include/builtin_interfaces/builtin_interfaces/msg/detail/time__rosidl_typesupport_fastrtps_c.h
[4.938s] -- Up-to-date: /home/aidan/GitHub/AidansRepo/TeensySwerve/install/builtin_interfaces/lib/libbuiltin_interfaces__rosidl_typesupport_fastrtps_c.so
[4.938s] -- Up-to-date: /home/aidan/GitHub/AidansRepo/TeensySwerve/install/builtin_interfaces/include/builtin_interfaces/builtin_interfaces
[4.939s] -- Up-to-date: /home/aidan/GitHub/AidansRepo/TeensySwerve/install/builtin_interfaces/include/builtin_interfaces/builtin_interfaces/msg
[4.939s] -- Up-to-date: /home/aidan/GitHub/AidansRepo/TeensySwerve/install/builtin_interfaces/include/builtin_interfaces/builtin_interfaces/msg/detail
[4.946s] -- Up-to-date: /home/aidan/GitHub/AidansRepo/TeensySwerve/install/builtin_interfaces/include/builtin_interfaces/builtin_interfaces/msg/detail/duration__rosidl_typesupport_introspection_c.h
[4.947s] -- Up-to-date: /home/aidan/GitHub/AidansRepo/TeensySwerve/install/builtin_interfaces/include/builtin_interfaces/builtin_interfaces/msg/detail/time__type_support.c
[4.948s] -- Up-to-date: /home/aidan/GitHub/AidansRepo/TeensySwerve/install/builtin_interfaces/include/builtin_interfaces/builtin_interfaces/msg/detail/duration__type_support.c
[4.948s] -- Up-to-date: /home/aidan/GitHub/AidansRepo/TeensySwerve/install/builtin_interfaces/include/builtin_interfaces/builtin_interfaces/msg/detail/time__rosidl_typesupport_introspection_c.h
[4.948s] -- Up-to-date: /home/aidan/GitHub/AidansRepo/TeensySwerve/install/builtin_interfaces/include/builtin_interfaces/builtin_interfaces/msg/rosidl_typesupport_introspection_c__visibility_control.h
[4.948s] -- Up-to-date: /home/aidan/GitHub/AidansRepo/TeensySwerve/install/builtin_interfaces/lib/libbuiltin_interfaces__rosidl_typesupport_introspection_c.so
[4.948s] -- Up-to-date: /home/aidan/GitHub/AidansRepo/TeensySwerve/install/builtin_interfaces/lib/libbuiltin_interfaces__rosidl_typesupport_c.so
[4.949s] -- Up-to-date: /home/aidan/GitHub/AidansRepo/TeensySwerve/install/builtin_interfaces/include/builtin_interfaces/builtin_interfaces
[4.949s] -- Up-to-date: /home/aidan/GitHub/AidansRepo/TeensySwerve/install/builtin_interfaces/include/builtin_interfaces/builtin_interfaces/msg
[4.949s] -- Up-to-date: /home/aidan/GitHub/AidansRepo/TeensySwerve/install/builtin_interfaces/include/builtin_interfaces/builtin_interfaces/msg/duration.hpp
[4.958s] -- Up-to-date: /home/aidan/GitHub/AidansRepo/TeensySwerve/install/builtin_interfaces/include/builtin_interfaces/builtin_interfaces/msg/detail
[4.958s] -- Up-to-date: /home/aidan/GitHub/AidansRepo/TeensySwerve/install/builtin_interfaces/include/builtin_interfaces/builtin_interfaces/msg/detail/time__struct.hpp
[4.959s] -- Up-to-date: /home/aidan/GitHub/AidansRepo/TeensySwerve/install/builtin_interfaces/include/builtin_interfaces/builtin_interfaces/msg/detail/time__traits.hpp
[4.959s] -- Up-to-date: /home/aidan/GitHub/AidansRepo/TeensySwerve/install/builtin_interfaces/include/builtin_interfaces/builtin_interfaces/msg/detail/duration__traits.hpp
[4.960s] -- Up-to-date: /home/aidan/GitHub/AidansRepo/TeensySwerve/install/builtin_interfaces/include/builtin_interfaces/builtin_interfaces/msg/detail/duration__struct.hpp
[4.960s] -- Up-to-date: /home/aidan/GitHub/AidansRepo/TeensySwerve/install/builtin_interfaces/include/builtin_interfaces/builtin_interfaces/msg/detail/duration__builder.hpp
[4.970s] -- Up-to-date: /home/aidan/GitHub/AidansRepo/TeensySwerve/install/builtin_interfaces/include/builtin_interfaces/builtin_interfaces/msg/detail/duration__type_support.hpp
[4.972s] -- Up-to-date: /home/aidan/GitHub/AidansRepo/TeensySwerve/install/builtin_interfaces/include/builtin_interfaces/builtin_interfaces/msg/detail/time__builder.hpp
[4.972s] -- Up-to-date: /home/aidan/GitHub/AidansRepo/TeensySwerve/install/builtin_interfaces/include/builtin_interfaces/builtin_interfaces/msg/detail/time__type_support.hpp
[4.972s] -- Up-to-date: /home/aidan/GitHub/AidansRepo/TeensySwerve/install/builtin_interfaces/include/builtin_interfaces/builtin_interfaces/msg/time.hpp
[4.973s] -- Up-to-date: /home/aidan/GitHub/AidansRepo/TeensySwerve/install/builtin_interfaces/include/builtin_interfaces/builtin_interfaces/msg/rosidl_generator_cpp__visibility_control.hpp
[4.973s] -- Up-to-date: /home/aidan/GitHub/AidansRepo/TeensySwerve/install/builtin_interfaces/include/builtin_interfaces/builtin_interfaces
[4.973s] -- Up-to-date: /home/aidan/GitHub/AidansRepo/TeensySwerve/install/builtin_interfaces/include/builtin_interfaces/builtin_interfaces/msg
[4.981s] -- Up-to-date: /home/aidan/GitHub/AidansRepo/TeensySwerve/install/builtin_interfaces/include/builtin_interfaces/builtin_interfaces/msg/rosidl_typesupport_fastrtps_cpp__visibility_control.h
[4.981s] -- Up-to-date: /home/aidan/GitHub/AidansRepo/TeensySwerve/install/builtin_interfaces/include/builtin_interfaces/builtin_interfaces/msg/detail
[4.982s] -- Up-to-date: /home/aidan/GitHub/AidansRepo/TeensySwerve/install/builtin_interfaces/include/builtin_interfaces/builtin_interfaces/msg/detail/dds_fastrtps
[4.982s] -- Up-to-date: /home/aidan/GitHub/AidansRepo/TeensySwerve/install/builtin_interfaces/include/builtin_interfaces/builtin_interfaces/msg/detail/duration__rosidl_typesupport_fastrtps_cpp.hpp
[4.982s] -- Up-to-date: /home/aidan/GitHub/AidansRepo/TeensySwerve/install/builtin_interfaces/include/builtin_interfaces/builtin_interfaces/msg/detail/time__rosidl_typesupport_fastrtps_cpp.hpp
[4.982s] -- Up-to-date: /home/aidan/GitHub/AidansRepo/TeensySwerve/install/builtin_interfaces/lib/libbuiltin_interfaces__rosidl_typesupport_fastrtps_cpp.so
[4.982s] -- Up-to-date: /home/aidan/GitHub/AidansRepo/TeensySwerve/install/builtin_interfaces/include/builtin_interfaces/builtin_interfaces
[4.983s] -- Up-to-date: /home/aidan/GitHub/AidansRepo/TeensySwerve/install/builtin_interfaces/include/builtin_interfaces/builtin_interfaces/msg
[4.983s] -- Up-to-date: /home/aidan/GitHub/AidansRepo/TeensySwerve/install/builtin_interfaces/include/builtin_interfaces/builtin_interfaces/msg/detail
[4.983s] -- Up-to-date: /home/aidan/GitHub/AidansRepo/TeensySwerve/install/builtin_interfaces/include/builtin_interfaces/builtin_interfaces/msg/detail/time__rosidl_typesupport_introspection_cpp.hpp
[4.983s] -- Up-to-date: /home/aidan/GitHub/AidansRepo/TeensySwerve/install/builtin_interfaces/include/builtin_interfaces/builtin_interfaces/msg/detail/duration__type_support.cpp
[4.990s] -- Up-to-date: /home/aidan/GitHub/AidansRepo/TeensySwerve/install/builtin_interfaces/include/builtin_interfaces/builtin_interfaces/msg/detail/duration__rosidl_typesupport_introspection_cpp.hpp
[4.990s] -- Up-to-date: /home/aidan/GitHub/AidansRepo/TeensySwerve/install/builtin_interfaces/include/builtin_interfaces/builtin_interfaces/msg/detail/time__type_support.cpp
[4.990s] -- Up-to-date: /home/aidan/GitHub/AidansRepo/TeensySwerve/install/builtin_interfaces/lib/libbuiltin_interfaces__rosidl_typesupport_introspection_cpp.so
[4.990s] -- Up-to-date: /home/aidan/GitHub/AidansRepo/TeensySwerve/install/builtin_interfaces/lib/libbuiltin_interfaces__rosidl_typesupport_cpp.so
[4.990s] -- Up-to-date: /home/aidan/GitHub/AidansRepo/TeensySwerve/install/builtin_interfaces/share/builtin_interfaces/environment/pythonpath.sh
[4.990s] -- Up-to-date: /home/aidan/GitHub/AidansRepo/TeensySwerve/install/builtin_interfaces/share/builtin_interfaces/environment/pythonpath.dsv
[4.991s] -- Up-to-date: /home/aidan/GitHub/AidansRepo/TeensySwerve/install/builtin_interfaces/local/lib/python3.10/dist-packages/builtin_interfaces-1.2.1-py3.10.egg-info
[4.991s] -- Installing: /home/aidan/GitHub/AidansRepo/TeensySwerve/install/builtin_interfaces/local/lib/python3.10/dist-packages/builtin_interfaces-1.2.1-py3.10.egg-info/PKG-INFO
[4.991s] -- Installing: /home/aidan/GitHub/AidansRepo/TeensySwerve/install/builtin_interfaces/local/lib/python3.10/dist-packages/builtin_interfaces-1.2.1-py3.10.egg-info/SOURCES.txt
[4.991s] -- Installing: /home/aidan/GitHub/AidansRepo/TeensySwerve/install/builtin_interfaces/local/lib/python3.10/dist-packages/builtin_interfaces-1.2.1-py3.10.egg-info/dependency_links.txt
[4.991s] -- Installing: /home/aidan/GitHub/AidansRepo/TeensySwerve/install/builtin_interfaces/local/lib/python3.10/dist-packages/builtin_interfaces-1.2.1-py3.10.egg-info/top_level.txt
[4.992s] -- Up-to-date: /home/aidan/GitHub/AidansRepo/TeensySwerve/install/builtin_interfaces/local/lib/python3.10/dist-packages/builtin_interfaces
[4.992s] -- Up-to-date: /home/aidan/GitHub/AidansRepo/TeensySwerve/install/builtin_interfaces/local/lib/python3.10/dist-packages/builtin_interfaces/builtin_interfaces_s__rosidl_typesupport_fastrtps_c.cpython-310-x86_64-linux-gnu.so
[4.992s] -- Up-to-date: /home/aidan/GitHub/AidansRepo/TeensySwerve/install/builtin_interfaces/local/lib/python3.10/dist-packages/builtin_interfaces/_builtin_interfaces_s.ep.rosidl_typesupport_c.c
[5.001s] -- Up-to-date: /home/aidan/GitHub/AidansRepo/TeensySwerve/install/builtin_interfaces/local/lib/python3.10/dist-packages/builtin_interfaces/builtin_interfaces_s__rosidl_typesupport_introspection_c.cpython-310-x86_64-linux-gnu.so
[5.002s] -- Up-to-date: /home/aidan/GitHub/AidansRepo/TeensySwerve/install/builtin_interfaces/local/lib/python3.10/dist-packages/builtin_interfaces/__init__.py
[5.002s] -- Up-to-date: /home/aidan/GitHub/AidansRepo/TeensySwerve/install/builtin_interfaces/local/lib/python3.10/dist-packages/builtin_interfaces/_builtin_interfaces_s.ep.rosidl_typesupport_introspection_c.c
[5.002s] -- Up-to-date: /home/aidan/GitHub/AidansRepo/TeensySwerve/install/builtin_interfaces/local/lib/python3.10/dist-packages/builtin_interfaces/msg
[5.002s] -- Up-to-date: /home/aidan/GitHub/AidansRepo/TeensySwerve/install/builtin_interfaces/local/lib/python3.10/dist-packages/builtin_interfaces/msg/__init__.py
[5.003s] -- Up-to-date: /home/aidan/GitHub/AidansRepo/TeensySwerve/install/builtin_interfaces/local/lib/python3.10/dist-packages/builtin_interfaces/msg/_duration_s.c
[5.003s] -- Up-to-date: /home/aidan/GitHub/AidansRepo/TeensySwerve/install/builtin_interfaces/local/lib/python3.10/dist-packages/builtin_interfaces/msg/_time_s.c
[5.003s] -- Up-to-date: /home/aidan/GitHub/AidansRepo/TeensySwerve/install/builtin_interfaces/local/lib/python3.10/dist-packages/builtin_interfaces/msg/_duration.py
[5.003s] -- Up-to-date: /home/aidan/GitHub/AidansRepo/TeensySwerve/install/builtin_interfaces/local/lib/python3.10/dist-packages/builtin_interfaces/msg/_time.py
[5.004s] -- Up-to-date: /home/aidan/GitHub/AidansRepo/TeensySwerve/install/builtin_interfaces/local/lib/python3.10/dist-packages/builtin_interfaces/_builtin_interfaces_s.ep.rosidl_typesupport_fastrtps_c.c
[5.004s] -- Up-to-date: /home/aidan/GitHub/AidansRepo/TeensySwerve/install/builtin_interfaces/local/lib/python3.10/dist-packages/builtin_interfaces/libbuiltin_interfaces__rosidl_generator_py.so
[5.011s] -- Up-to-date: /home/aidan/GitHub/AidansRepo/TeensySwerve/install/builtin_interfaces/local/lib/python3.10/dist-packages/builtin_interfaces/builtin_interfaces_s__rosidl_typesupport_c.cpython-310-x86_64-linux-gnu.so
[5.350s] Listing '/home/aidan/GitHub/AidansRepo/TeensySwerve/install/builtin_interfaces/local/lib/python3.10/dist-packages/builtin_interfaces'...
[5.351s] Listing '/home/aidan/GitHub/AidansRepo/TeensySwerve/install/builtin_interfaces/local/lib/python3.10/dist-packages/builtin_interfaces/msg'...
[5.367s] -- Up-to-date: /home/aidan/GitHub/AidansRepo/TeensySwerve/install/builtin_interfaces/local/lib/python3.10/dist-packages/builtin_interfaces/builtin_interfaces_s__rosidl_typesupport_fastrtps_c.cpython-310-x86_64-linux-gnu.so
[5.367s] -- Up-to-date: /home/aidan/GitHub/AidansRepo/TeensySwerve/install/builtin_interfaces/local/lib/python3.10/dist-packages/builtin_interfaces/builtin_interfaces_s__rosidl_typesupport_introspection_c.cpython-310-x86_64-linux-gnu.so
[5.370s] -- Up-to-date: /home/aidan/GitHub/AidansRepo/TeensySwerve/install/builtin_interfaces/local/lib/python3.10/dist-packages/builtin_interfaces/builtin_interfaces_s__rosidl_typesupport_c.cpython-310-x86_64-linux-gnu.so
[5.371s] -- Up-to-date: /home/aidan/GitHub/AidansRepo/TeensySwerve/install/builtin_interfaces/lib/libbuiltin_interfaces__rosidl_generator_py.so
[5.371s] -- Up-to-date: /home/aidan/GitHub/AidansRepo/TeensySwerve/install/builtin_interfaces/share/builtin_interfaces/msg/Duration.idl
[5.372s] -- Up-to-date: /home/aidan/GitHub/AidansRepo/TeensySwerve/install/builtin_interfaces/share/builtin_interfaces/msg/Time.idl
[5.373s] -- Up-to-date: /home/aidan/GitHub/AidansRepo/TeensySwerve/install/builtin_interfaces/share/builtin_interfaces/msg/Duration.msg
[5.373s] -- Up-to-date: /home/aidan/GitHub/AidansRepo/TeensySwerve/install/builtin_interfaces/share/builtin_interfaces/msg/Time.msg
[5.374s] -- Up-to-date: /home/aidan/GitHub/AidansRepo/TeensySwerve/install/builtin_interfaces/share/ament_index/resource_index/package_run_dependencies/builtin_interfaces
[5.374s] -- Up-to-date: /home/aidan/GitHub/AidansRepo/TeensySwerve/install/builtin_interfaces/share/ament_index/resource_index/parent_prefix_path/builtin_interfaces
[5.374s] -- Up-to-date: /home/aidan/GitHub/AidansRepo/TeensySwerve/install/builtin_interfaces/share/builtin_interfaces/environment/ament_prefix_path.sh
[5.375s] -- Up-to-date: /home/aidan/GitHub/AidansRepo/TeensySwerve/install/builtin_interfaces/share/builtin_interfaces/environment/ament_prefix_path.dsv
[5.381s] -- Up-to-date: /home/aidan/GitHub/AidansRepo/TeensySwerve/install/builtin_interfaces/share/builtin_interfaces/environment/path.sh
[5.381s] -- Up-to-date: /home/aidan/GitHub/AidansRepo/TeensySwerve/install/builtin_interfaces/share/builtin_interfaces/environment/path.dsv
[5.386s] -- Up-to-date: /home/aidan/GitHub/AidansRepo/TeensySwerve/install/builtin_interfaces/share/builtin_interfaces/local_setup.bash
[5.393s] -- Up-to-date: /home/aidan/GitHub/AidansRepo/TeensySwerve/install/builtin_interfaces/share/builtin_interfaces/local_setup.sh
[5.393s] -- Up-to-date: /home/aidan/GitHub/AidansRepo/TeensySwerve/install/builtin_interfaces/share/builtin_interfaces/local_setup.zsh
[5.394s] -- Up-to-date: /home/aidan/GitHub/AidansRepo/TeensySwerve/install/builtin_interfaces/share/builtin_interfaces/local_setup.dsv
[5.394s] -- Installing: /home/aidan/GitHub/AidansRepo/TeensySwerve/install/builtin_interfaces/share/builtin_interfaces/package.dsv
[5.394s] -- Up-to-date: /home/aidan/GitHub/AidansRepo/TeensySwerve/install/builtin_interfaces/share/ament_index/resource_index/packages/builtin_interfaces
[5.394s] -- Up-to-date: /home/aidan/GitHub/AidansRepo/TeensySwerve/install/builtin_interfaces/share/builtin_interfaces/cmake/export_builtin_interfaces__rosidl_generator_cExport.cmake
[5.394s] -- Up-to-date: /home/aidan/GitHub/AidansRepo/TeensySwerve/install/builtin_interfaces/share/builtin_interfaces/cmake/export_builtin_interfaces__rosidl_generator_cExport-noconfig.cmake
[5.395s] -- Up-to-date: /home/aidan/GitHub/AidansRepo/TeensySwerve/install/builtin_interfaces/share/builtin_interfaces/cmake/export_builtin_interfaces__rosidl_typesupport_fastrtps_cExport.cmake
[5.395s] -- Up-to-date: /home/aidan/GitHub/AidansRepo/TeensySwerve/install/builtin_interfaces/share/builtin_interfaces/cmake/export_builtin_interfaces__rosidl_typesupport_fastrtps_cExport-noconfig.cmake
[5.395s] -- Up-to-date: /home/aidan/GitHub/AidansRepo/TeensySwerve/install/builtin_interfaces/share/builtin_interfaces/cmake/builtin_interfaces__rosidl_typesupport_introspection_cExport.cmake
[5.395s] -- Up-to-date: /home/aidan/GitHub/AidansRepo/TeensySwerve/install/builtin_interfaces/share/builtin_interfaces/cmake/builtin_interfaces__rosidl_typesupport_introspection_cExport-noconfig.cmake
[5.411s] -- Up-to-date: /home/aidan/GitHub/AidansRepo/TeensySwerve/install/builtin_interfaces/share/builtin_interfaces/cmake/builtin_interfaces__rosidl_typesupport_cExport.cmake
[5.412s] -- Up-to-date: /home/aidan/GitHub/AidansRepo/TeensySwerve/install/builtin_interfaces/share/builtin_interfaces/cmake/builtin_interfaces__rosidl_typesupport_cExport-noconfig.cmake
[5.412s] -- Up-to-date: /home/aidan/GitHub/AidansRepo/TeensySwerve/install/builtin_interfaces/share/builtin_interfaces/cmake/export_builtin_interfaces__rosidl_generator_cppExport.cmake
[5.412s] -- Up-to-date: /home/aidan/GitHub/AidansRepo/TeensySwerve/install/builtin_interfaces/share/builtin_interfaces/cmake/export_builtin_interfaces__rosidl_typesupport_fastrtps_cppExport.cmake
[5.417s] -- Up-to-date: /home/aidan/GitHub/AidansRepo/TeensySwerve/install/builtin_interfaces/share/builtin_interfaces/cmake/export_builtin_interfaces__rosidl_typesupport_fastrtps_cppExport-noconfig.cmake
[5.417s] -- Up-to-date: /home/aidan/GitHub/AidansRepo/TeensySwerve/install/builtin_interfaces/share/builtin_interfaces/cmake/builtin_interfaces__rosidl_typesupport_introspection_cppExport.cmake
[5.418s] -- Up-to-date: /home/aidan/GitHub/AidansRepo/TeensySwerve/install/builtin_interfaces/share/builtin_interfaces/cmake/builtin_interfaces__rosidl_typesupport_introspection_cppExport-noconfig.cmake
[5.421s] -- Up-to-date: /home/aidan/GitHub/AidansRepo/TeensySwerve/install/builtin_interfaces/share/builtin_interfaces/cmake/builtin_interfaces__rosidl_typesupport_cppExport.cmake
[5.421s] -- Up-to-date: /home/aidan/GitHub/AidansRepo/TeensySwerve/install/builtin_interfaces/share/builtin_interfaces/cmake/builtin_interfaces__rosidl_typesupport_cppExport-noconfig.cmake
[5.421s] -- Up-to-date: /home/aidan/GitHub/AidansRepo/TeensySwerve/install/builtin_interfaces/share/builtin_interfaces/cmake/export_builtin_interfaces__rosidl_generator_pyExport.cmake
[5.421s] -- Up-to-date: /home/aidan/GitHub/AidansRepo/TeensySwerve/install/builtin_interfaces/share/builtin_interfaces/cmake/export_builtin_interfaces__rosidl_generator_pyExport-noconfig.cmake
[5.421s] -- Up-to-date: /home/aidan/GitHub/AidansRepo/TeensySwerve/install/builtin_interfaces/share/builtin_interfaces/cmake/rosidl_cmake-extras.cmake
[5.422s] -- Up-to-date: /home/aidan/GitHub/AidansRepo/TeensySwerve/install/builtin_interfaces/share/builtin_interfaces/cmake/ament_cmake_export_include_directories-extras.cmake
[5.422s] -- Up-to-date: /home/aidan/GitHub/AidansRepo/TeensySwerve/install/builtin_interfaces/share/builtin_interfaces/cmake/ament_cmake_export_libraries-extras.cmake
[5.422s] -- Up-to-date: /home/aidan/GitHub/AidansRepo/TeensySwerve/install/builtin_interfaces/share/builtin_interfaces/cmake/ament_cmake_export_targets-extras.cmake
[5.422s] -- Up-to-date: /home/aidan/GitHub/AidansRepo/TeensySwerve/install/builtin_interfaces/share/builtin_interfaces/cmake/rosidl_cmake_export_typesupport_targets-extras.cmake
[5.428s] -- Up-to-date: /home/aidan/GitHub/AidansRepo/TeensySwerve/install/builtin_interfaces/share/builtin_interfaces/cmake/ament_cmake_export_dependencies-extras.cmake
[5.429s] -- Up-to-date: /home/aidan/GitHub/AidansRepo/TeensySwerve/install/builtin_interfaces/share/builtin_interfaces/cmake/rosidl_cmake_export_typesupport_libraries-extras.cmake
[5.429s] -- Up-to-date: /home/aidan/GitHub/AidansRepo/TeensySwerve/install/builtin_interfaces/share/builtin_interfaces/cmake/builtin_interfacesConfig.cmake
[5.429s] -- Up-to-date: /home/aidan/GitHub/AidansRepo/TeensySwerve/install/builtin_interfaces/share/builtin_interfaces/cmake/builtin_interfacesConfig-version.cmake
[5.429s] -- Up-to-date: /home/aidan/GitHub/AidansRepo/TeensySwerve/install/builtin_interfaces/share/builtin_interfaces/package.xml
[5.430s] Invoked command in '/home/aidan/GitHub/AidansRepo/TeensySwerve/build/builtin_interfaces' returned '0': CMAKE_PREFIX_PATH=${CMAKE_PREFIX_PATH}:/home/aidan/GitHub/AidansRepo/TeensySwerve/install/sensor_msgs_py:/home/aidan/GitHub/AidansRepo/TeensySwerve/install/tnsy_swrv_controller:/opt/ros/humble /usr/bin/cmake --install /home/aidan/GitHub/AidansRepo/TeensySwerve/build/builtin_interfaces
