[1.292s] Invoking command in '/home/aidan/GitHub/AidansRepo/TeensySwerve/build/tnsy_swrv_controller': PYTHONPATH=/home/aidan/GitHub/AidansRepo/TeensySwerve/build/tnsy_swrv_controller/prefix_override:/home/aidan/GitHub/AidansRepo/TeensySwerve/install/tnsy_swrv_controller/lib/python3.10/site-packages:${PYTHONPATH} /usr/bin/python3 -W ignore:setup.py install is deprecated setup.py develop --uninstall --editable --build-directory /home/aidan/GitHub/AidansRepo/TeensySwerve/build/tnsy_swrv_controller/build
[1.586s] /home/aidan/.local/lib/python3.10/site-packages/setuptools/_distutils/dist.py:261: UserWarning: Unknown distribution option: 'tests_require'
[1.586s]   warnings.warn(msg)
[1.851s] running develop
[1.851s] /home/aidan/.local/lib/python3.10/site-packages/setuptools/command/develop.py:41: EasyInstallDeprecationWarning: easy_install command is deprecated.
[1.851s] !!
[1.852s] 
[1.852s]         ********************************************************************************
[1.852s]         Please avoid running ``setup.py`` and ``easy_install``.
[1.852s]         Instead, use pypa/build, pypa/installer or other
[1.852s]         standards-based tools.
[1.853s] 
[1.853s]         See https://github.com/pypa/setuptools/issues/917 for details.
[1.853s]         ********************************************************************************
[1.853s] 
[1.853s] !!
[1.853s]   easy_install.initialize_options(self)
[1.879s] Traceback (most recent call last):
[1.879s]   File "/home/aidan/GitHub/AidansRepo/TeensySwerve/build/tnsy_swrv_controller/setup.py", line 5, in <module>
[1.879s]     setup(
[1.880s]   File "/home/aidan/.local/lib/python3.10/site-packages/setuptools/__init__.py", line 117, in setup
[1.880s]     return distutils.core.setup(**attrs)
[1.880s]   File "/home/aidan/.local/lib/python3.10/site-packages/setuptools/_distutils/core.py", line 183, in setup
[1.880s]     return run_commands(dist)
[1.880s]   File "/home/aidan/.local/lib/python3.10/site-packages/setuptools/_distutils/core.py", line 199, in run_commands
[1.880s]     dist.run_commands()
[1.881s]   File "/home/aidan/.local/lib/python3.10/site-packages/setuptools/_distutils/dist.py", line 954, in run_commands
[1.882s]     self.run_command(cmd)
[1.882s]   File "/home/aidan/.local/lib/python3.10/site-packages/setuptools/dist.py", line 995, in run_command
[1.882s]     super().run_command(command)
[1.882s]   File "/home/aidan/.local/lib/python3.10/site-packages/setuptools/_distutils/dist.py", line 972, in run_command
[1.882s]     cmd_obj.ensure_finalized()
[1.882s]   File "/home/aidan/.local/lib/python3.10/site-packages/setuptools/_distutils/cmd.py", line 111, in ensure_finalized
[1.883s]     self.finalize_options()
[1.883s]   File "/home/aidan/.local/lib/python3.10/site-packages/setuptools/command/develop.py", line 51, in finalize_options
[1.883s]     easy_install.finalize_options(self)
[1.883s]   File "/home/aidan/.local/lib/python3.10/site-packages/setuptools/command/easy_install.py", line 251, in finalize_options
[1.883s]     'dist_fullname': self.distribution.get_fullname(),
[1.883s]   File "/home/aidan/.local/lib/python3.10/site-packages/setuptools/_core_metadata.py", line 267, in get_fullname
[1.883s]     return _distribution_fullname(self.get_name(), self.get_version())
[1.884s]   File "/home/aidan/.local/lib/python3.10/site-packages/setuptools/_core_metadata.py", line 285, in _distribution_fullname
[1.884s]     canonicalize_version(version, strip_trailing_zero=False),
[1.884s] TypeError: canonicalize_version() got an unexpected keyword argument 'strip_trailing_zero'
[1.938s] Invoked command in '/home/aidan/GitHub/AidansRepo/TeensySwerve/build/tnsy_swrv_controller' returned '1': PYTHONPATH=/home/aidan/GitHub/AidansRepo/TeensySwerve/build/tnsy_swrv_controller/prefix_override:/home/aidan/GitHub/AidansRepo/TeensySwerve/install/tnsy_swrv_controller/lib/python3.10/site-packages:${PYTHONPATH} /usr/bin/python3 -W ignore:setup.py install is deprecated setup.py develop --uninstall --editable --build-directory /home/aidan/GitHub/AidansRepo/TeensySwerve/build/tnsy_swrv_controller/build
