[0.343s] Invoking command in '/home/aidan/GitHub/AidansRepo/TeensySwerve/build/action_msgs': AMENT_PREFIX_PATH=/home/aidan/GitHub/AidansRepo/TeensySwerve/install/unique_identifier_msgs:/home/aidan/GitHub/AidansRepo/TeensySwerve/install/builtin_interfaces:${AMENT_PREFIX_PATH} CMAKE_PREFIX_PATH=/home/aidan/GitHub/AidansRepo/TeensySwerve/install/unique_identifier_msgs:/home/aidan/GitHub/AidansRepo/TeensySwerve/install/builtin_interfaces:/home/aidan/GitHub/AidansRepo/TeensySwerve/install/tnsy_interfaces:/home/aidan/microros_ws/install/micro_ros_setup:/home/aidan/microros_ws/install/micro_ros_agent:/home/aidan/microros_ws/install/micro_ros_msgs:/home/aidan/GitHub/AidansRepo/TeensySwerve/install/tnsy_swrv_controller:/opt/ros/humble LD_LIBRARY_PATH=/home/aidan/GitHub/AidansRepo/TeensySwerve/install/unique_identifier_msgs/lib:/home/aidan/GitHub/AidansRepo/TeensySwerve/install/builtin_interfaces/lib:${LD_LIBRARY_PATH} PYTHONPATH=/home/aidan/GitHub/AidansRepo/TeensySwerve/install/unique_identifier_msgs/local/lib/python3.10/dist-packages:/home/aidan/GitHub/AidansRepo/TeensySwerve/install/builtin_interfaces/local/lib/python3.10/dist-packages:${PYTHONPATH} /usr/bin/cmake --build /home/aidan/GitHub/AidansRepo/TeensySwerve/build/action_msgs -- -j4 -l4
[0.729s] [ 10%] Built target action_msgs__rosidl_generator_c
[0.754s] [ 10%] Built target ament_cmake_python_copy_action_msgs
[0.876s] [ 12%] Built target action_msgs__cpp
[1.017s] [ 23%] Built target action_msgs__rosidl_typesupport_introspection_c
[1.043s] [ 34%] Built target action_msgs__rosidl_typesupport_fastrtps_c
[1.082s] [ 45%] Built target action_msgs__rosidl_typesupport_c
[1.385s] [ 56%] Built target action_msgs__rosidl_typesupport_cpp
[1.457s] [ 67%] Built target action_msgs__rosidl_typesupport_fastrtps_cpp
[1.495s] [ 78%] Built target action_msgs__rosidl_typesupport_introspection_cpp
[1.642s] [ 78%] Built target action_msgs
[1.886s] [ 80%] Built target action_msgs__py
[2.147s] [ 89%] Built target action_msgs__rosidl_generator_py
[2.322s] [ 92%] Built target action_msgs__rosidl_typesupport_c__pyext
[2.351s] [ 96%] Built target action_msgs__rosidl_typesupport_introspection_c__pyext
[2.352s] [100%] Built target action_msgs__rosidl_typesupport_fastrtps_c__pyext
[2.565s] running egg_info
[2.570s] writing action_msgs.egg-info/PKG-INFO
[2.571s] writing dependency_links to action_msgs.egg-info/dependency_links.txt
[2.571s] writing top-level names to action_msgs.egg-info/top_level.txt
[2.584s] reading manifest file 'action_msgs.egg-info/SOURCES.txt'
[2.586s] writing manifest file 'action_msgs.egg-info/SOURCES.txt'
[2.803s] [100%] Built target ament_cmake_python_build_action_msgs_egg
[2.896s] Invoked command in '/home/aidan/GitHub/AidansRepo/TeensySwerve/build/action_msgs' returned '0': AMENT_PREFIX_PATH=/home/aidan/GitHub/AidansRepo/TeensySwerve/install/unique_identifier_msgs:/home/aidan/GitHub/AidansRepo/TeensySwerve/install/builtin_interfaces:${AMENT_PREFIX_PATH} CMAKE_PREFIX_PATH=/home/aidan/GitHub/AidansRepo/TeensySwerve/install/unique_identifier_msgs:/home/aidan/GitHub/AidansRepo/TeensySwerve/install/builtin_interfaces:/home/aidan/GitHub/AidansRepo/TeensySwerve/install/tnsy_interfaces:/home/aidan/microros_ws/install/micro_ros_setup:/home/aidan/microros_ws/install/micro_ros_agent:/home/aidan/microros_ws/install/micro_ros_msgs:/home/aidan/GitHub/AidansRepo/TeensySwerve/install/tnsy_swrv_controller:/opt/ros/humble LD_LIBRARY_PATH=/home/aidan/GitHub/AidansRepo/TeensySwerve/install/unique_identifier_msgs/lib:/home/aidan/GitHub/AidansRepo/TeensySwerve/install/builtin_interfaces/lib:${LD_LIBRARY_PATH} PYTHONPATH=/home/aidan/GitHub/AidansRepo/TeensySwerve/install/unique_identifier_msgs/local/lib/python3.10/dist-packages:/home/aidan/GitHub/AidansRepo/TeensySwerve/install/builtin_interfaces/local/lib/python3.10/dist-packages:${PYTHONPATH} /usr/bin/cmake --build /home/aidan/GitHub/AidansRepo/TeensySwerve/build/action_msgs -- -j4 -l4
[3.872s] Invoking command in '/home/aidan/GitHub/AidansRepo/TeensySwerve/build/action_msgs': AMENT_PREFIX_PATH=/home/aidan/GitHub/AidansRepo/TeensySwerve/install/unique_identifier_msgs:/home/aidan/GitHub/AidansRepo/TeensySwerve/install/builtin_interfaces:${AMENT_PREFIX_PATH} CMAKE_PREFIX_PATH=/home/aidan/GitHub/AidansRepo/TeensySwerve/install/unique_identifier_msgs:/home/aidan/GitHub/AidansRepo/TeensySwerve/install/builtin_interfaces:/home/aidan/GitHub/AidansRepo/TeensySwerve/install/tnsy_interfaces:/home/aidan/microros_ws/install/micro_ros_setup:/home/aidan/microros_ws/install/micro_ros_agent:/home/aidan/microros_ws/install/micro_ros_msgs:/home/aidan/GitHub/AidansRepo/TeensySwerve/install/tnsy_swrv_controller:/opt/ros/humble LD_LIBRARY_PATH=/home/aidan/GitHub/AidansRepo/TeensySwerve/install/unique_identifier_msgs/lib:/home/aidan/GitHub/AidansRepo/TeensySwerve/install/builtin_interfaces/lib:${LD_LIBRARY_PATH} PYTHONPATH=/home/aidan/GitHub/AidansRepo/TeensySwerve/install/unique_identifier_msgs/local/lib/python3.10/dist-packages:/home/aidan/GitHub/AidansRepo/TeensySwerve/install/builtin_interfaces/local/lib/python3.10/dist-packages:${PYTHONPATH} /usr/bin/cmake --install /home/aidan/GitHub/AidansRepo/TeensySwerve/build/action_msgs
[3.908s] -- Install configuration: ""
[3.908s] -- Up-to-date: /home/aidan/GitHub/AidansRepo/TeensySwerve/install/action_msgs/share/ament_index/resource_index/rosidl_interfaces/action_msgs
[3.909s] -- Up-to-date: /home/aidan/GitHub/AidansRepo/TeensySwerve/install/action_msgs/include/action_msgs/action_msgs
[3.909s] -- Up-to-date: /home/aidan/GitHub/AidansRepo/TeensySwerve/install/action_msgs/include/action_msgs/action_msgs/srv
[3.909s] -- Up-to-date: /home/aidan/GitHub/AidansRepo/TeensySwerve/install/action_msgs/include/action_msgs/action_msgs/srv/cancel_goal.h
[3.909s] -- Up-to-date: /home/aidan/GitHub/AidansRepo/TeensySwerve/install/action_msgs/include/action_msgs/action_msgs/srv/detail
[3.923s] -- Up-to-date: /home/aidan/GitHub/AidansRepo/TeensySwerve/install/action_msgs/include/action_msgs/action_msgs/srv/detail/cancel_goal__functions.h
[3.926s] -- Up-to-date: /home/aidan/GitHub/AidansRepo/TeensySwerve/install/action_msgs/include/action_msgs/action_msgs/srv/detail/cancel_goal__struct.h
[3.930s] -- Up-to-date: /home/aidan/GitHub/AidansRepo/TeensySwerve/install/action_msgs/include/action_msgs/action_msgs/srv/detail/cancel_goal__type_support.h
[3.930s] -- Up-to-date: /home/aidan/GitHub/AidansRepo/TeensySwerve/install/action_msgs/include/action_msgs/action_msgs/srv/detail/cancel_goal__functions.c
[3.930s] -- Up-to-date: /home/aidan/GitHub/AidansRepo/TeensySwerve/install/action_msgs/include/action_msgs/action_msgs/msg
[3.931s] -- Up-to-date: /home/aidan/GitHub/AidansRepo/TeensySwerve/install/action_msgs/include/action_msgs/action_msgs/msg/goal_info.h
[3.931s] -- Up-to-date: /home/aidan/GitHub/AidansRepo/TeensySwerve/install/action_msgs/include/action_msgs/action_msgs/msg/goal_status.h
[3.931s] -- Up-to-date: /home/aidan/GitHub/AidansRepo/TeensySwerve/install/action_msgs/include/action_msgs/action_msgs/msg/rosidl_generator_c__visibility_control.h
[3.931s] -- Up-to-date: /home/aidan/GitHub/AidansRepo/TeensySwerve/install/action_msgs/include/action_msgs/action_msgs/msg/goal_status_array.h
[3.940s] -- Up-to-date: /home/aidan/GitHub/AidansRepo/TeensySwerve/install/action_msgs/include/action_msgs/action_msgs/msg/detail
[3.944s] -- Up-to-date: /home/aidan/GitHub/AidansRepo/TeensySwerve/install/action_msgs/include/action_msgs/action_msgs/msg/detail/goal_status__functions.h
[3.944s] -- Up-to-date: /home/aidan/GitHub/AidansRepo/TeensySwerve/install/action_msgs/include/action_msgs/action_msgs/msg/detail/goal_status__struct.h
[3.944s] -- Up-to-date: /home/aidan/GitHub/AidansRepo/TeensySwerve/install/action_msgs/include/action_msgs/action_msgs/msg/detail/goal_status__functions.c
[3.947s] -- Up-to-date: /home/aidan/GitHub/AidansRepo/TeensySwerve/install/action_msgs/include/action_msgs/action_msgs/msg/detail/goal_info__struct.h
[3.961s] -- Up-to-date: /home/aidan/GitHub/AidansRepo/TeensySwerve/install/action_msgs/include/action_msgs/action_msgs/msg/detail/goal_status_array__functions.c
[3.961s] -- Up-to-date: /home/aidan/GitHub/AidansRepo/TeensySwerve/install/action_msgs/include/action_msgs/action_msgs/msg/detail/goal_info__functions.h
[3.962s] -- Up-to-date: /home/aidan/GitHub/AidansRepo/TeensySwerve/install/action_msgs/include/action_msgs/action_msgs/msg/detail/goal_status_array__functions.h
[3.962s] -- Up-to-date: /home/aidan/GitHub/AidansRepo/TeensySwerve/install/action_msgs/include/action_msgs/action_msgs/msg/detail/goal_status_array__type_support.h
[3.962s] -- Up-to-date: /home/aidan/GitHub/AidansRepo/TeensySwerve/install/action_msgs/include/action_msgs/action_msgs/msg/detail/goal_status_array__struct.h
[3.969s] -- Up-to-date: /home/aidan/GitHub/AidansRepo/TeensySwerve/install/action_msgs/include/action_msgs/action_msgs/msg/detail/goal_info__functions.c
[3.979s] -- Up-to-date: /home/aidan/GitHub/AidansRepo/TeensySwerve/install/action_msgs/include/action_msgs/action_msgs/msg/detail/goal_status__type_support.h
[3.980s] -- Up-to-date: /home/aidan/GitHub/AidansRepo/TeensySwerve/install/action_msgs/include/action_msgs/action_msgs/msg/detail/goal_info__type_support.h
[3.999s] -- Up-to-date: /home/aidan/GitHub/AidansRepo/TeensySwerve/install/action_msgs/share/action_msgs/environment/library_path.sh
[4.000s] -- Up-to-date: /home/aidan/GitHub/AidansRepo/TeensySwerve/install/action_msgs/share/action_msgs/environment/library_path.dsv
[4.000s] -- Up-to-date: /home/aidan/GitHub/AidansRepo/TeensySwerve/install/action_msgs/lib/libaction_msgs__rosidl_generator_c.so
[4.000s] -- Up-to-date: /home/aidan/GitHub/AidansRepo/TeensySwerve/install/action_msgs/include/action_msgs/action_msgs
[4.000s] -- Up-to-date: /home/aidan/GitHub/AidansRepo/TeensySwerve/install/action_msgs/include/action_msgs/action_msgs/srv
[4.001s] -- Up-to-date: /home/aidan/GitHub/AidansRepo/TeensySwerve/install/action_msgs/include/action_msgs/action_msgs/srv/detail
[4.001s] -- Up-to-date: /home/aidan/GitHub/AidansRepo/TeensySwerve/install/action_msgs/include/action_msgs/action_msgs/srv/detail/cancel_goal__rosidl_typesupport_fastrtps_c.h
[4.001s] -- Up-to-date: /home/aidan/GitHub/AidansRepo/TeensySwerve/install/action_msgs/include/action_msgs/action_msgs/msg
[4.001s] -- Up-to-date: /home/aidan/GitHub/AidansRepo/TeensySwerve/install/action_msgs/include/action_msgs/action_msgs/msg/rosidl_typesupport_fastrtps_c__visibility_control.h
[4.001s] -- Up-to-date: /home/aidan/GitHub/AidansRepo/TeensySwerve/install/action_msgs/include/action_msgs/action_msgs/msg/detail
[4.008s] -- Up-to-date: /home/aidan/GitHub/AidansRepo/TeensySwerve/install/action_msgs/include/action_msgs/action_msgs/msg/detail/goal_status_array__rosidl_typesupport_fastrtps_c.h
[4.031s] -- Up-to-date: /home/aidan/GitHub/AidansRepo/TeensySwerve/install/action_msgs/include/action_msgs/action_msgs/msg/detail/goal_info__rosidl_typesupport_fastrtps_c.h
[4.033s] -- Up-to-date: /home/aidan/GitHub/AidansRepo/TeensySwerve/install/action_msgs/include/action_msgs/action_msgs/msg/detail/goal_status__rosidl_typesupport_fastrtps_c.h
[4.042s] -- Up-to-date: /home/aidan/GitHub/AidansRepo/TeensySwerve/install/action_msgs/lib/libaction_msgs__rosidl_typesupport_fastrtps_c.so
[4.043s] -- Up-to-date: /home/aidan/GitHub/AidansRepo/TeensySwerve/install/action_msgs/include/action_msgs/action_msgs
[4.043s] -- Up-to-date: /home/aidan/GitHub/AidansRepo/TeensySwerve/install/action_msgs/include/action_msgs/action_msgs/srv
[4.043s] -- Up-to-date: /home/aidan/GitHub/AidansRepo/TeensySwerve/install/action_msgs/include/action_msgs/action_msgs/srv/cancel_goal.hpp
[4.043s] -- Up-to-date: /home/aidan/GitHub/AidansRepo/TeensySwerve/install/action_msgs/include/action_msgs/action_msgs/srv/detail
[4.044s] -- Up-to-date: /home/aidan/GitHub/AidansRepo/TeensySwerve/install/action_msgs/include/action_msgs/action_msgs/srv/detail/cancel_goal__builder.hpp
[4.044s] -- Up-to-date: /home/aidan/GitHub/AidansRepo/TeensySwerve/install/action_msgs/include/action_msgs/action_msgs/srv/detail/cancel_goal__struct.hpp
[4.044s] -- Up-to-date: /home/aidan/GitHub/AidansRepo/TeensySwerve/install/action_msgs/include/action_msgs/action_msgs/srv/detail/cancel_goal__traits.hpp
[4.044s] -- Up-to-date: /home/aidan/GitHub/AidansRepo/TeensySwerve/install/action_msgs/include/action_msgs/action_msgs/srv/detail/cancel_goal__type_support.hpp
[4.045s] -- Up-to-date: /home/aidan/GitHub/AidansRepo/TeensySwerve/install/action_msgs/include/action_msgs/action_msgs/msg
[4.045s] -- Up-to-date: /home/aidan/GitHub/AidansRepo/TeensySwerve/install/action_msgs/include/action_msgs/action_msgs/msg/goal_status_array.hpp
[4.066s] -- Up-to-date: /home/aidan/GitHub/AidansRepo/TeensySwerve/install/action_msgs/include/action_msgs/action_msgs/msg/goal_status.hpp
[4.066s] -- Up-to-date: /home/aidan/GitHub/AidansRepo/TeensySwerve/install/action_msgs/include/action_msgs/action_msgs/msg/detail
[4.067s] -- Up-to-date: /home/aidan/GitHub/AidansRepo/TeensySwerve/install/action_msgs/include/action_msgs/action_msgs/msg/detail/goal_status__struct.hpp
[4.069s] -- Up-to-date: /home/aidan/GitHub/AidansRepo/TeensySwerve/install/action_msgs/include/action_msgs/action_msgs/msg/detail/goal_status__builder.hpp
[4.072s] -- Up-to-date: /home/aidan/GitHub/AidansRepo/TeensySwerve/install/action_msgs/include/action_msgs/action_msgs/msg/detail/goal_status_array__builder.hpp
[4.073s] -- Up-to-date: /home/aidan/GitHub/AidansRepo/TeensySwerve/install/action_msgs/include/action_msgs/action_msgs/msg/detail/goal_status_array__struct.hpp
[4.073s] -- Up-to-date: /home/aidan/GitHub/AidansRepo/TeensySwerve/install/action_msgs/include/action_msgs/action_msgs/msg/detail/goal_status__type_support.hpp
[4.073s] -- Up-to-date: /home/aidan/GitHub/AidansRepo/TeensySwerve/install/action_msgs/include/action_msgs/action_msgs/msg/detail/goal_status_array__traits.hpp
[4.073s] -- Up-to-date: /home/aidan/GitHub/AidansRepo/TeensySwerve/install/action_msgs/include/action_msgs/action_msgs/msg/detail/goal_info__traits.hpp
[4.073s] -- Up-to-date: /home/aidan/GitHub/AidansRepo/TeensySwerve/install/action_msgs/include/action_msgs/action_msgs/msg/detail/goal_info__struct.hpp
[4.074s] -- Up-to-date: /home/aidan/GitHub/AidansRepo/TeensySwerve/install/action_msgs/include/action_msgs/action_msgs/msg/detail/goal_info__builder.hpp
[4.082s] -- Up-to-date: /home/aidan/GitHub/AidansRepo/TeensySwerve/install/action_msgs/include/action_msgs/action_msgs/msg/detail/goal_info__type_support.hpp
[4.082s] -- Up-to-date: /home/aidan/GitHub/AidansRepo/TeensySwerve/install/action_msgs/include/action_msgs/action_msgs/msg/detail/goal_status__traits.hpp
[4.083s] -- Up-to-date: /home/aidan/GitHub/AidansRepo/TeensySwerve/install/action_msgs/include/action_msgs/action_msgs/msg/detail/goal_status_array__type_support.hpp
[4.083s] -- Up-to-date: /home/aidan/GitHub/AidansRepo/TeensySwerve/install/action_msgs/include/action_msgs/action_msgs/msg/goal_info.hpp
[4.083s] -- Up-to-date: /home/aidan/GitHub/AidansRepo/TeensySwerve/install/action_msgs/include/action_msgs/action_msgs/msg/rosidl_generator_cpp__visibility_control.hpp
[4.083s] -- Up-to-date: /home/aidan/GitHub/AidansRepo/TeensySwerve/install/action_msgs/include/action_msgs/action_msgs
[4.083s] -- Up-to-date: /home/aidan/GitHub/AidansRepo/TeensySwerve/install/action_msgs/include/action_msgs/action_msgs/srv
[4.087s] -- Up-to-date: /home/aidan/GitHub/AidansRepo/TeensySwerve/install/action_msgs/include/action_msgs/action_msgs/srv/detail
[4.087s] -- Up-to-date: /home/aidan/GitHub/AidansRepo/TeensySwerve/install/action_msgs/include/action_msgs/action_msgs/srv/detail/dds_fastrtps
[4.088s] -- Up-to-date: /home/aidan/GitHub/AidansRepo/TeensySwerve/install/action_msgs/include/action_msgs/action_msgs/srv/detail/cancel_goal__rosidl_typesupport_fastrtps_cpp.hpp
[4.091s] -- Up-to-date: /home/aidan/GitHub/AidansRepo/TeensySwerve/install/action_msgs/include/action_msgs/action_msgs/msg
[4.092s] -- Up-to-date: /home/aidan/GitHub/AidansRepo/TeensySwerve/install/action_msgs/include/action_msgs/action_msgs/msg/rosidl_typesupport_fastrtps_cpp__visibility_control.h
[4.092s] -- Up-to-date: /home/aidan/GitHub/AidansRepo/TeensySwerve/install/action_msgs/include/action_msgs/action_msgs/msg/detail
[4.092s] -- Up-to-date: /home/aidan/GitHub/AidansRepo/TeensySwerve/install/action_msgs/include/action_msgs/action_msgs/msg/detail/dds_fastrtps
[4.092s] -- Up-to-date: /home/aidan/GitHub/AidansRepo/TeensySwerve/install/action_msgs/include/action_msgs/action_msgs/msg/detail/goal_status__rosidl_typesupport_fastrtps_cpp.hpp
[4.092s] -- Up-to-date: /home/aidan/GitHub/AidansRepo/TeensySwerve/install/action_msgs/include/action_msgs/action_msgs/msg/detail/goal_status_array__rosidl_typesupport_fastrtps_cpp.hpp
[4.093s] -- Up-to-date: /home/aidan/GitHub/AidansRepo/TeensySwerve/install/action_msgs/include/action_msgs/action_msgs/msg/detail/goal_info__rosidl_typesupport_fastrtps_cpp.hpp
[4.093s] -- Up-to-date: /home/aidan/GitHub/AidansRepo/TeensySwerve/install/action_msgs/lib/libaction_msgs__rosidl_typesupport_fastrtps_cpp.so
[4.093s] -- Up-to-date: /home/aidan/GitHub/AidansRepo/TeensySwerve/install/action_msgs/include/action_msgs/action_msgs
[4.104s] -- Up-to-date: /home/aidan/GitHub/AidansRepo/TeensySwerve/install/action_msgs/include/action_msgs/action_msgs/srv
[4.105s] -- Up-to-date: /home/aidan/GitHub/AidansRepo/TeensySwerve/install/action_msgs/include/action_msgs/action_msgs/srv/detail
[4.112s] -- Up-to-date: /home/aidan/GitHub/AidansRepo/TeensySwerve/install/action_msgs/include/action_msgs/action_msgs/srv/detail/cancel_goal__type_support.c
[4.113s] -- Up-to-date: /home/aidan/GitHub/AidansRepo/TeensySwerve/install/action_msgs/include/action_msgs/action_msgs/srv/detail/cancel_goal__rosidl_typesupport_introspection_c.h
[4.113s] -- Up-to-date: /home/aidan/GitHub/AidansRepo/TeensySwerve/install/action_msgs/include/action_msgs/action_msgs/msg
[4.120s] -- Up-to-date: /home/aidan/GitHub/AidansRepo/TeensySwerve/install/action_msgs/include/action_msgs/action_msgs/msg/detail
[4.120s] -- Up-to-date: /home/aidan/GitHub/AidansRepo/TeensySwerve/install/action_msgs/include/action_msgs/action_msgs/msg/detail/goal_status__type_support.c
[4.121s] -- Up-to-date: /home/aidan/GitHub/AidansRepo/TeensySwerve/install/action_msgs/include/action_msgs/action_msgs/msg/detail/goal_info__type_support.c
[4.121s] -- Up-to-date: /home/aidan/GitHub/AidansRepo/TeensySwerve/install/action_msgs/include/action_msgs/action_msgs/msg/detail/goal_status_array__type_support.c
[4.121s] -- Up-to-date: /home/aidan/GitHub/AidansRepo/TeensySwerve/install/action_msgs/include/action_msgs/action_msgs/msg/detail/goal_info__rosidl_typesupport_introspection_c.h
[4.132s] -- Up-to-date: /home/aidan/GitHub/AidansRepo/TeensySwerve/install/action_msgs/include/action_msgs/action_msgs/msg/detail/goal_status_array__rosidl_typesupport_introspection_c.h
[4.132s] -- Up-to-date: /home/aidan/GitHub/AidansRepo/TeensySwerve/install/action_msgs/include/action_msgs/action_msgs/msg/detail/goal_status__rosidl_typesupport_introspection_c.h
[4.132s] -- Up-to-date: /home/aidan/GitHub/AidansRepo/TeensySwerve/install/action_msgs/include/action_msgs/action_msgs/msg/rosidl_typesupport_introspection_c__visibility_control.h
[4.132s] -- Up-to-date: /home/aidan/GitHub/AidansRepo/TeensySwerve/install/action_msgs/lib/libaction_msgs__rosidl_typesupport_introspection_c.so
[4.133s] -- Up-to-date: /home/aidan/GitHub/AidansRepo/TeensySwerve/install/action_msgs/lib/libaction_msgs__rosidl_typesupport_c.so
[4.133s] -- Up-to-date: /home/aidan/GitHub/AidansRepo/TeensySwerve/install/action_msgs/include/action_msgs/action_msgs
[4.133s] -- Up-to-date: /home/aidan/GitHub/AidansRepo/TeensySwerve/install/action_msgs/include/action_msgs/action_msgs/srv
[4.133s] -- Up-to-date: /home/aidan/GitHub/AidansRepo/TeensySwerve/install/action_msgs/include/action_msgs/action_msgs/srv/detail
[4.133s] -- Up-to-date: /home/aidan/GitHub/AidansRepo/TeensySwerve/install/action_msgs/include/action_msgs/action_msgs/srv/detail/cancel_goal__type_support.cpp
[4.133s] -- Up-to-date: /home/aidan/GitHub/AidansRepo/TeensySwerve/install/action_msgs/include/action_msgs/action_msgs/srv/detail/cancel_goal__rosidl_typesupport_introspection_cpp.hpp
[4.134s] -- Up-to-date: /home/aidan/GitHub/AidansRepo/TeensySwerve/install/action_msgs/include/action_msgs/action_msgs/msg
[4.134s] -- Up-to-date: /home/aidan/GitHub/AidansRepo/TeensySwerve/install/action_msgs/include/action_msgs/action_msgs/msg/detail
[4.134s] -- Up-to-date: /home/aidan/GitHub/AidansRepo/TeensySwerve/install/action_msgs/include/action_msgs/action_msgs/msg/detail/goal_status__type_support.cpp
[4.134s] -- Up-to-date: /home/aidan/GitHub/AidansRepo/TeensySwerve/install/action_msgs/include/action_msgs/action_msgs/msg/detail/goal_info__type_support.cpp
[4.144s] -- Up-to-date: /home/aidan/GitHub/AidansRepo/TeensySwerve/install/action_msgs/include/action_msgs/action_msgs/msg/detail/goal_status_array__type_support.cpp
[4.145s] -- Up-to-date: /home/aidan/GitHub/AidansRepo/TeensySwerve/install/action_msgs/include/action_msgs/action_msgs/msg/detail/goal_info__rosidl_typesupport_introspection_cpp.hpp
[4.145s] -- Up-to-date: /home/aidan/GitHub/AidansRepo/TeensySwerve/install/action_msgs/include/action_msgs/action_msgs/msg/detail/goal_status_array__rosidl_typesupport_introspection_cpp.hpp
[4.145s] -- Up-to-date: /home/aidan/GitHub/AidansRepo/TeensySwerve/install/action_msgs/include/action_msgs/action_msgs/msg/detail/goal_status__rosidl_typesupport_introspection_cpp.hpp
[4.146s] -- Up-to-date: /home/aidan/GitHub/AidansRepo/TeensySwerve/install/action_msgs/lib/libaction_msgs__rosidl_typesupport_introspection_cpp.so
[4.146s] -- Up-to-date: /home/aidan/GitHub/AidansRepo/TeensySwerve/install/action_msgs/lib/libaction_msgs__rosidl_typesupport_cpp.so
[4.147s] -- Up-to-date: /home/aidan/GitHub/AidansRepo/TeensySwerve/install/action_msgs/share/action_msgs/environment/pythonpath.sh
[4.160s] -- Up-to-date: /home/aidan/GitHub/AidansRepo/TeensySwerve/install/action_msgs/share/action_msgs/environment/pythonpath.dsv
[4.161s] -- Up-to-date: /home/aidan/GitHub/AidansRepo/TeensySwerve/install/action_msgs/local/lib/python3.10/dist-packages/action_msgs-1.2.1-py3.10.egg-info
[4.161s] -- Installing: /home/aidan/GitHub/AidansRepo/TeensySwerve/install/action_msgs/local/lib/python3.10/dist-packages/action_msgs-1.2.1-py3.10.egg-info/PKG-INFO
[4.162s] -- Installing: /home/aidan/GitHub/AidansRepo/TeensySwerve/install/action_msgs/local/lib/python3.10/dist-packages/action_msgs-1.2.1-py3.10.egg-info/SOURCES.txt
[4.168s] -- Installing: /home/aidan/GitHub/AidansRepo/TeensySwerve/install/action_msgs/local/lib/python3.10/dist-packages/action_msgs-1.2.1-py3.10.egg-info/dependency_links.txt
[4.168s] -- Installing: /home/aidan/GitHub/AidansRepo/TeensySwerve/install/action_msgs/local/lib/python3.10/dist-packages/action_msgs-1.2.1-py3.10.egg-info/top_level.txt
[4.169s] -- Up-to-date: /home/aidan/GitHub/AidansRepo/TeensySwerve/install/action_msgs/local/lib/python3.10/dist-packages/action_msgs
[4.169s] -- Up-to-date: /home/aidan/GitHub/AidansRepo/TeensySwerve/install/action_msgs/local/lib/python3.10/dist-packages/action_msgs/_action_msgs_s.ep.rosidl_typesupport_fastrtps_c.c
[4.169s] -- Up-to-date: /home/aidan/GitHub/AidansRepo/TeensySwerve/install/action_msgs/local/lib/python3.10/dist-packages/action_msgs/action_msgs_s__rosidl_typesupport_introspection_c.cpython-310-x86_64-linux-gnu.so
[4.169s] -- Up-to-date: /home/aidan/GitHub/AidansRepo/TeensySwerve/install/action_msgs/local/lib/python3.10/dist-packages/action_msgs/srv
[4.169s] -- Up-to-date: /home/aidan/GitHub/AidansRepo/TeensySwerve/install/action_msgs/local/lib/python3.10/dist-packages/action_msgs/srv/__init__.py
[4.169s] -- Up-to-date: /home/aidan/GitHub/AidansRepo/TeensySwerve/install/action_msgs/local/lib/python3.10/dist-packages/action_msgs/srv/_cancel_goal_s.c
[4.170s] -- Up-to-date: /home/aidan/GitHub/AidansRepo/TeensySwerve/install/action_msgs/local/lib/python3.10/dist-packages/action_msgs/srv/_cancel_goal.py
[4.170s] -- Up-to-date: /home/aidan/GitHub/AidansRepo/TeensySwerve/install/action_msgs/local/lib/python3.10/dist-packages/action_msgs/__init__.py
[4.170s] -- Up-to-date: /home/aidan/GitHub/AidansRepo/TeensySwerve/install/action_msgs/local/lib/python3.10/dist-packages/action_msgs/libaction_msgs__rosidl_generator_py.so
[4.170s] -- Up-to-date: /home/aidan/GitHub/AidansRepo/TeensySwerve/install/action_msgs/local/lib/python3.10/dist-packages/action_msgs/msg
[4.170s] -- Up-to-date: /home/aidan/GitHub/AidansRepo/TeensySwerve/install/action_msgs/local/lib/python3.10/dist-packages/action_msgs/msg/_goal_status.py
[4.175s] -- Up-to-date: /home/aidan/GitHub/AidansRepo/TeensySwerve/install/action_msgs/local/lib/python3.10/dist-packages/action_msgs/msg/_goal_status_array.py
[4.176s] -- Up-to-date: /home/aidan/GitHub/AidansRepo/TeensySwerve/install/action_msgs/local/lib/python3.10/dist-packages/action_msgs/msg/__init__.py
[4.189s] -- Up-to-date: /home/aidan/GitHub/AidansRepo/TeensySwerve/install/action_msgs/local/lib/python3.10/dist-packages/action_msgs/msg/_goal_info.py
[4.190s] -- Up-to-date: /home/aidan/GitHub/AidansRepo/TeensySwerve/install/action_msgs/local/lib/python3.10/dist-packages/action_msgs/msg/_goal_status_s.c
[4.190s] -- Up-to-date: /home/aidan/GitHub/AidansRepo/TeensySwerve/install/action_msgs/local/lib/python3.10/dist-packages/action_msgs/msg/_goal_info_s.c
[4.190s] -- Up-to-date: /home/aidan/GitHub/AidansRepo/TeensySwerve/install/action_msgs/local/lib/python3.10/dist-packages/action_msgs/msg/_goal_status_array_s.c
[4.190s] -- Up-to-date: /home/aidan/GitHub/AidansRepo/TeensySwerve/install/action_msgs/local/lib/python3.10/dist-packages/action_msgs/action_msgs_s__rosidl_typesupport_c.cpython-310-x86_64-linux-gnu.so
[4.190s] -- Up-to-date: /home/aidan/GitHub/AidansRepo/TeensySwerve/install/action_msgs/local/lib/python3.10/dist-packages/action_msgs/action_msgs_s__rosidl_typesupport_fastrtps_c.cpython-310-x86_64-linux-gnu.so
[4.190s] -- Up-to-date: /home/aidan/GitHub/AidansRepo/TeensySwerve/install/action_msgs/local/lib/python3.10/dist-packages/action_msgs/_action_msgs_s.ep.rosidl_typesupport_introspection_c.c
[4.191s] -- Up-to-date: /home/aidan/GitHub/AidansRepo/TeensySwerve/install/action_msgs/local/lib/python3.10/dist-packages/action_msgs/_action_msgs_s.ep.rosidl_typesupport_c.c
[4.370s] Listing '/home/aidan/GitHub/AidansRepo/TeensySwerve/install/action_msgs/local/lib/python3.10/dist-packages/action_msgs'...
[4.375s] Listing '/home/aidan/GitHub/AidansRepo/TeensySwerve/install/action_msgs/local/lib/python3.10/dist-packages/action_msgs/msg'...
[4.376s] Listing '/home/aidan/GitHub/AidansRepo/TeensySwerve/install/action_msgs/local/lib/python3.10/dist-packages/action_msgs/srv'...
[4.394s] -- Up-to-date: /home/aidan/GitHub/AidansRepo/TeensySwerve/install/action_msgs/local/lib/python3.10/dist-packages/action_msgs/action_msgs_s__rosidl_typesupport_fastrtps_c.cpython-310-x86_64-linux-gnu.so
[4.395s] -- Up-to-date: /home/aidan/GitHub/AidansRepo/TeensySwerve/install/action_msgs/local/lib/python3.10/dist-packages/action_msgs/action_msgs_s__rosidl_typesupport_introspection_c.cpython-310-x86_64-linux-gnu.so
[4.399s] -- Up-to-date: /home/aidan/GitHub/AidansRepo/TeensySwerve/install/action_msgs/local/lib/python3.10/dist-packages/action_msgs/action_msgs_s__rosidl_typesupport_c.cpython-310-x86_64-linux-gnu.so
[4.400s] -- Up-to-date: /home/aidan/GitHub/AidansRepo/TeensySwerve/install/action_msgs/lib/libaction_msgs__rosidl_generator_py.so
[4.402s] -- Up-to-date: /home/aidan/GitHub/AidansRepo/TeensySwerve/install/action_msgs/share/action_msgs/msg/GoalInfo.idl
[4.402s] -- Up-to-date: /home/aidan/GitHub/AidansRepo/TeensySwerve/install/action_msgs/share/action_msgs/msg/GoalStatus.idl
[4.403s] -- Up-to-date: /home/aidan/GitHub/AidansRepo/TeensySwerve/install/action_msgs/share/action_msgs/msg/GoalStatusArray.idl
[4.403s] -- Up-to-date: /home/aidan/GitHub/AidansRepo/TeensySwerve/install/action_msgs/share/action_msgs/srv/CancelGoal.idl
[4.403s] -- Up-to-date: /home/aidan/GitHub/AidansRepo/TeensySwerve/install/action_msgs/share/action_msgs/msg/GoalInfo.msg
[4.412s] -- Up-to-date: /home/aidan/GitHub/AidansRepo/TeensySwerve/install/action_msgs/share/action_msgs/msg/GoalStatus.msg
[4.414s] -- Up-to-date: /home/aidan/GitHub/AidansRepo/TeensySwerve/install/action_msgs/share/action_msgs/msg/GoalStatusArray.msg
[4.415s] -- Up-to-date: /home/aidan/GitHub/AidansRepo/TeensySwerve/install/action_msgs/share/action_msgs/srv/CancelGoal.srv
[4.415s] -- Up-to-date: /home/aidan/GitHub/AidansRepo/TeensySwerve/install/action_msgs/share/action_msgs/srv/CancelGoal_Request.msg
[4.415s] -- Up-to-date: /home/aidan/GitHub/AidansRepo/TeensySwerve/install/action_msgs/share/action_msgs/srv/CancelGoal_Response.msg
[4.415s] -- Up-to-date: /home/aidan/GitHub/AidansRepo/TeensySwerve/install/action_msgs/share/ament_index/resource_index/package_run_dependencies/action_msgs
[4.415s] -- Up-to-date: /home/aidan/GitHub/AidansRepo/TeensySwerve/install/action_msgs/share/ament_index/resource_index/parent_prefix_path/action_msgs
[4.415s] -- Up-to-date: /home/aidan/GitHub/AidansRepo/TeensySwerve/install/action_msgs/share/action_msgs/environment/ament_prefix_path.sh
[4.416s] -- Up-to-date: /home/aidan/GitHub/AidansRepo/TeensySwerve/install/action_msgs/share/action_msgs/environment/ament_prefix_path.dsv
[4.416s] -- Up-to-date: /home/aidan/GitHub/AidansRepo/TeensySwerve/install/action_msgs/share/action_msgs/environment/path.sh
[4.416s] -- Up-to-date: /home/aidan/GitHub/AidansRepo/TeensySwerve/install/action_msgs/share/action_msgs/environment/path.dsv
[4.423s] -- Up-to-date: /home/aidan/GitHub/AidansRepo/TeensySwerve/install/action_msgs/share/action_msgs/local_setup.bash
[4.424s] -- Up-to-date: /home/aidan/GitHub/AidansRepo/TeensySwerve/install/action_msgs/share/action_msgs/local_setup.sh
[4.434s] -- Up-to-date: /home/aidan/GitHub/AidansRepo/TeensySwerve/install/action_msgs/share/action_msgs/local_setup.zsh
[4.434s] -- Up-to-date: /home/aidan/GitHub/AidansRepo/TeensySwerve/install/action_msgs/share/action_msgs/local_setup.dsv
[4.435s] -- Installing: /home/aidan/GitHub/AidansRepo/TeensySwerve/install/action_msgs/share/action_msgs/package.dsv
[4.435s] -- Up-to-date: /home/aidan/GitHub/AidansRepo/TeensySwerve/install/action_msgs/share/ament_index/resource_index/packages/action_msgs
[4.435s] -- Up-to-date: /home/aidan/GitHub/AidansRepo/TeensySwerve/install/action_msgs/share/action_msgs/cmake/export_action_msgs__rosidl_generator_cExport.cmake
[4.435s] -- Up-to-date: /home/aidan/GitHub/AidansRepo/TeensySwerve/install/action_msgs/share/action_msgs/cmake/export_action_msgs__rosidl_generator_cExport-noconfig.cmake
[4.435s] -- Up-to-date: /home/aidan/GitHub/AidansRepo/TeensySwerve/install/action_msgs/share/action_msgs/cmake/export_action_msgs__rosidl_typesupport_fastrtps_cExport.cmake
[4.435s] -- Up-to-date: /home/aidan/GitHub/AidansRepo/TeensySwerve/install/action_msgs/share/action_msgs/cmake/export_action_msgs__rosidl_typesupport_fastrtps_cExport-noconfig.cmake
[4.436s] -- Up-to-date: /home/aidan/GitHub/AidansRepo/TeensySwerve/install/action_msgs/share/action_msgs/cmake/export_action_msgs__rosidl_generator_cppExport.cmake
[4.436s] -- Up-to-date: /home/aidan/GitHub/AidansRepo/TeensySwerve/install/action_msgs/share/action_msgs/cmake/export_action_msgs__rosidl_typesupport_fastrtps_cppExport.cmake
[4.436s] -- Up-to-date: /home/aidan/GitHub/AidansRepo/TeensySwerve/install/action_msgs/share/action_msgs/cmake/export_action_msgs__rosidl_typesupport_fastrtps_cppExport-noconfig.cmake
[4.436s] -- Up-to-date: /home/aidan/GitHub/AidansRepo/TeensySwerve/install/action_msgs/share/action_msgs/cmake/action_msgs__rosidl_typesupport_introspection_cExport.cmake
[4.441s] -- Up-to-date: /home/aidan/GitHub/AidansRepo/TeensySwerve/install/action_msgs/share/action_msgs/cmake/action_msgs__rosidl_typesupport_introspection_cExport-noconfig.cmake
[4.442s] -- Up-to-date: /home/aidan/GitHub/AidansRepo/TeensySwerve/install/action_msgs/share/action_msgs/cmake/action_msgs__rosidl_typesupport_cExport.cmake
[4.442s] -- Up-to-date: /home/aidan/GitHub/AidansRepo/TeensySwerve/install/action_msgs/share/action_msgs/cmake/action_msgs__rosidl_typesupport_cExport-noconfig.cmake
[4.442s] -- Up-to-date: /home/aidan/GitHub/AidansRepo/TeensySwerve/install/action_msgs/share/action_msgs/cmake/action_msgs__rosidl_typesupport_introspection_cppExport.cmake
[4.443s] -- Up-to-date: /home/aidan/GitHub/AidansRepo/TeensySwerve/install/action_msgs/share/action_msgs/cmake/action_msgs__rosidl_typesupport_introspection_cppExport-noconfig.cmake
[4.443s] -- Up-to-date: /home/aidan/GitHub/AidansRepo/TeensySwerve/install/action_msgs/share/action_msgs/cmake/action_msgs__rosidl_typesupport_cppExport.cmake
[4.463s] -- Up-to-date: /home/aidan/GitHub/AidansRepo/TeensySwerve/install/action_msgs/share/action_msgs/cmake/action_msgs__rosidl_typesupport_cppExport-noconfig.cmake
[4.465s] -- Up-to-date: /home/aidan/GitHub/AidansRepo/TeensySwerve/install/action_msgs/share/action_msgs/cmake/export_action_msgs__rosidl_generator_pyExport.cmake
[4.465s] -- Up-to-date: /home/aidan/GitHub/AidansRepo/TeensySwerve/install/action_msgs/share/action_msgs/cmake/export_action_msgs__rosidl_generator_pyExport-noconfig.cmake
[4.472s] -- Up-to-date: /home/aidan/GitHub/AidansRepo/TeensySwerve/install/action_msgs/share/action_msgs/cmake/rosidl_cmake-extras.cmake
[4.473s] -- Up-to-date: /home/aidan/GitHub/AidansRepo/TeensySwerve/install/action_msgs/share/action_msgs/cmake/ament_cmake_export_dependencies-extras.cmake
[4.473s] -- Up-to-date: /home/aidan/GitHub/AidansRepo/TeensySwerve/install/action_msgs/share/action_msgs/cmake/ament_cmake_export_include_directories-extras.cmake
[4.473s] -- Up-to-date: /home/aidan/GitHub/AidansRepo/TeensySwerve/install/action_msgs/share/action_msgs/cmake/ament_cmake_export_libraries-extras.cmake
[4.476s] -- Up-to-date: /home/aidan/GitHub/AidansRepo/TeensySwerve/install/action_msgs/share/action_msgs/cmake/ament_cmake_export_targets-extras.cmake
[4.477s] -- Up-to-date: /home/aidan/GitHub/AidansRepo/TeensySwerve/install/action_msgs/share/action_msgs/cmake/rosidl_cmake_export_typesupport_targets-extras.cmake
[4.477s] -- Up-to-date: /home/aidan/GitHub/AidansRepo/TeensySwerve/install/action_msgs/share/action_msgs/cmake/rosidl_cmake_export_typesupport_libraries-extras.cmake
[4.477s] -- Up-to-date: /home/aidan/GitHub/AidansRepo/TeensySwerve/install/action_msgs/share/action_msgs/cmake/action_msgsConfig.cmake
[4.477s] -- Up-to-date: /home/aidan/GitHub/AidansRepo/TeensySwerve/install/action_msgs/share/action_msgs/cmake/action_msgsConfig-version.cmake
[4.478s] -- Up-to-date: /home/aidan/GitHub/AidansRepo/TeensySwerve/install/action_msgs/share/action_msgs/package.xml
[4.499s] Invoked command in '/home/aidan/GitHub/AidansRepo/TeensySwerve/build/action_msgs' returned '0': AMENT_PREFIX_PATH=/home/aidan/GitHub/AidansRepo/TeensySwerve/install/unique_identifier_msgs:/home/aidan/GitHub/AidansRepo/TeensySwerve/install/builtin_interfaces:${AMENT_PREFIX_PATH} CMAKE_PREFIX_PATH=/home/aidan/GitHub/AidansRepo/TeensySwerve/install/unique_identifier_msgs:/home/aidan/GitHub/AidansRepo/TeensySwerve/install/builtin_interfaces:/home/aidan/GitHub/AidansRepo/TeensySwerve/install/tnsy_interfaces:/home/aidan/microros_ws/install/micro_ros_setup:/home/aidan/microros_ws/install/micro_ros_agent:/home/aidan/microros_ws/install/micro_ros_msgs:/home/aidan/GitHub/AidansRepo/TeensySwerve/install/tnsy_swrv_controller:/opt/ros/humble LD_LIBRARY_PATH=/home/aidan/GitHub/AidansRepo/TeensySwerve/install/unique_identifier_msgs/lib:/home/aidan/GitHub/AidansRepo/TeensySwerve/install/builtin_interfaces/lib:${LD_LIBRARY_PATH} PYTHONPATH=/home/aidan/GitHub/AidansRepo/TeensySwerve/install/unique_identifier_msgs/local/lib/python3.10/dist-packages:/home/aidan/GitHub/AidansRepo/TeensySwerve/install/builtin_interfaces/local/lib/python3.10/dist-packages:${PYTHONPATH} /usr/bin/cmake --install /home/aidan/GitHub/AidansRepo/TeensySwerve/build/action_msgs
