[0.047s] Invoking command in '/home/aidan/GitHub/AidansRepo/TeensySwerve/build/stereo_msgs': AMENT_PREFIX_PATH=/home/aidan/GitHub/AidansRepo/TeensySwerve/install/sensor_msgs:/home/aidan/GitHub/AidansRepo/TeensySwerve/install/geometry_msgs:/home/aidan/GitHub/AidansRepo/TeensySwerve/install/std_msgs:/home/aidan/GitHub/AidansRepo/TeensySwerve/install/builtin_interfaces:${AMENT_PREFIX_PATH} CMAKE_PREFIX_PATH=/home/aidan/GitHub/AidansRepo/TeensySwerve/install/sensor_msgs:/home/aidan/GitHub/AidansRepo/TeensySwerve/install/geometry_msgs:/home/aidan/GitHub/AidansRepo/TeensySwerve/install/std_msgs:/home/aidan/GitHub/AidansRepo/TeensySwerve/install/builtin_interfaces:/home/aidan/GitHub/AidansRepo/TeensySwerve/install/tnsy_interfaces:/home/aidan/microros_ws/install/micro_ros_setup:/home/aidan/microros_ws/install/micro_ros_agent:/home/aidan/microros_ws/install/micro_ros_msgs:/home/aidan/GitHub/AidansRepo/TeensySwerve/install/tnsy_swrv_controller:/opt/ros/humble LD_LIBRARY_PATH=/home/aidan/GitHub/AidansRepo/TeensySwerve/install/sensor_msgs/lib:/home/aidan/GitHub/AidansRepo/TeensySwerve/install/geometry_msgs/lib:/home/aidan/GitHub/AidansRepo/TeensySwerve/install/std_msgs/lib:/home/aidan/GitHub/AidansRepo/TeensySwerve/install/builtin_interfaces/lib:${LD_LIBRARY_PATH} PYTHONPATH=/home/aidan/GitHub/AidansRepo/TeensySwerve/install/sensor_msgs/local/lib/python3.10/dist-packages:/home/aidan/GitHub/AidansRepo/TeensySwerve/install/geometry_msgs/local/lib/python3.10/dist-packages:/home/aidan/GitHub/AidansRepo/TeensySwerve/install/std_msgs/local/lib/python3.10/dist-packages:/home/aidan/GitHub/AidansRepo/TeensySwerve/install/builtin_interfaces/local/lib/python3.10/dist-packages:${PYTHONPATH} /usr/bin/cmake /home/aidan/GitHub/AidansRepo/TeensySwerve/src/ros2/common_interfaces/stereo_msgs -DCMAKE_INSTALL_PREFIX=/home/aidan/GitHub/AidansRepo/TeensySwerve/install/stereo_msgs
[0.193s] -- The C compiler identification is GNU 11.4.0
[0.350s] -- The CXX compiler identification is GNU 11.4.0
[0.368s] -- Detecting C compiler ABI info
[0.552s] -- Detecting C compiler ABI info - done
[0.575s] -- Check for working C compiler: /usr/bin/cc - skipped
[0.576s] -- Detecting C compile features
[0.581s] -- Detecting C compile features - done
[0.590s] -- Detecting CXX compiler ABI info
[0.794s] -- Detecting CXX compiler ABI info - done
[0.829s] -- Check for working CXX compiler: /usr/bin/c++ - skipped
[0.830s] -- Detecting CXX compile features
[0.831s] -- Detecting CXX compile features - done
[0.846s] -- Found ament_cmake: 1.3.11 (/opt/ros/humble/share/ament_cmake/cmake)
[1.289s] -- Found Python3: /usr/bin/python3 (found version "3.10.12") found components: Interpreter 
[1.610s] -- Found rosidl_default_generators: 1.2.0 (/opt/ros/humble/share/rosidl_default_generators/cmake)
[1.624s] -- Using all available rosidl_typesupport_c: rosidl_typesupport_fastrtps_c;rosidl_typesupport_introspection_c
[1.642s] -- Found rosidl_adapter: 3.1.6 (/opt/ros/humble/share/rosidl_adapter/cmake)
[1.766s] -- Using all available rosidl_typesupport_cpp: rosidl_typesupport_fastrtps_cpp;rosidl_typesupport_introspection_cpp
[1.866s] -- Found sensor_msgs: 4.8.0 (/home/aidan/GitHub/AidansRepo/TeensySwerve/install/sensor_msgs/share/sensor_msgs/cmake)
[3.056s] -- Found ament_cmake_cppcheck: 0.12.12 (/opt/ros/humble/share/ament_cmake_cppcheck/cmake)
[3.064s] -- Found ament_cmake_cpplint: 0.12.12 (/opt/ros/humble/share/ament_cmake_cpplint/cmake)
[3.072s] -- Found ament_cmake_uncrustify: 0.12.12 (/opt/ros/humble/share/ament_cmake_uncrustify/cmake)
[3.083s] -- Found ament_cmake_ros: 0.10.0 (/opt/ros/humble/share/ament_cmake_ros/cmake)
[4.063s] -- Using all available rosidl_typesupport_c: rosidl_typesupport_fastrtps_c;rosidl_typesupport_introspection_c
[5.110s] -- Using all available rosidl_typesupport_cpp: rosidl_typesupport_fastrtps_cpp;rosidl_typesupport_introspection_cpp
[5.173s] -- Found PythonInterp: /usr/bin/python3 (found suitable version "3.10.12", minimum required is "3.6") 
[5.179s] -- Found python_cmake_module: 0.10.0 (/opt/ros/humble/share/python_cmake_module/cmake)
[5.243s] -- Found PythonLibs: /usr/lib/x86_64-linux-gnu/libpython3.10.so (found suitable version "3.10.12", minimum required is "3.5") 
[5.245s] -- Using PYTHON_EXECUTABLE: /usr/bin/python3
[5.245s] -- Using PYTHON_INCLUDE_DIRS: /usr/include/python3.10
[5.245s] -- Using PYTHON_LIBRARIES: /usr/lib/x86_64-linux-gnu/libpython3.10.so
[5.310s] -- Found PythonExtra: .so  
[5.527s] -- Found ament_cmake_flake8: 0.12.12 (/opt/ros/humble/share/ament_cmake_flake8/cmake)
[5.534s] -- Found ament_cmake_pep257: 0.12.12 (/opt/ros/humble/share/ament_cmake_pep257/cmake)
[5.556s] -- Configuring done
[5.656s] -- Generating done
[5.665s] -- Build files have been written to: /home/aidan/GitHub/AidansRepo/TeensySwerve/build/stereo_msgs
[5.689s] Invoked command in '/home/aidan/GitHub/AidansRepo/TeensySwerve/build/stereo_msgs' returned '0': AMENT_PREFIX_PATH=/home/aidan/GitHub/AidansRepo/TeensySwerve/install/sensor_msgs:/home/aidan/GitHub/AidansRepo/TeensySwerve/install/geometry_msgs:/home/aidan/GitHub/AidansRepo/TeensySwerve/install/std_msgs:/home/aidan/GitHub/AidansRepo/TeensySwerve/install/builtin_interfaces:${AMENT_PREFIX_PATH} CMAKE_PREFIX_PATH=/home/aidan/GitHub/AidansRepo/TeensySwerve/install/sensor_msgs:/home/aidan/GitHub/AidansRepo/TeensySwerve/install/geometry_msgs:/home/aidan/GitHub/AidansRepo/TeensySwerve/install/std_msgs:/home/aidan/GitHub/AidansRepo/TeensySwerve/install/builtin_interfaces:/home/aidan/GitHub/AidansRepo/TeensySwerve/install/tnsy_interfaces:/home/aidan/microros_ws/install/micro_ros_setup:/home/aidan/microros_ws/install/micro_ros_agent:/home/aidan/microros_ws/install/micro_ros_msgs:/home/aidan/GitHub/AidansRepo/TeensySwerve/install/tnsy_swrv_controller:/opt/ros/humble LD_LIBRARY_PATH=/home/aidan/GitHub/AidansRepo/TeensySwerve/install/sensor_msgs/lib:/home/aidan/GitHub/AidansRepo/TeensySwerve/install/geometry_msgs/lib:/home/aidan/GitHub/AidansRepo/TeensySwerve/install/std_msgs/lib:/home/aidan/GitHub/AidansRepo/TeensySwerve/install/builtin_interfaces/lib:${LD_LIBRARY_PATH} PYTHONPATH=/home/aidan/GitHub/AidansRepo/TeensySwerve/install/sensor_msgs/local/lib/python3.10/dist-packages:/home/aidan/GitHub/AidansRepo/TeensySwerve/install/geometry_msgs/local/lib/python3.10/dist-packages:/home/aidan/GitHub/AidansRepo/TeensySwerve/install/std_msgs/local/lib/python3.10/dist-packages:/home/aidan/GitHub/AidansRepo/TeensySwerve/install/builtin_interfaces/local/lib/python3.10/dist-packages:${PYTHONPATH} /usr/bin/cmake /home/aidan/GitHub/AidansRepo/TeensySwerve/src/ros2/common_interfaces/stereo_msgs -DCMAKE_INSTALL_PREFIX=/home/aidan/GitHub/AidansRepo/TeensySwerve/install/stereo_msgs
[5.690s] Invoking command in '/home/aidan/GitHub/AidansRepo/TeensySwerve/build/stereo_msgs': AMENT_PREFIX_PATH=/home/aidan/GitHub/AidansRepo/TeensySwerve/install/sensor_msgs:/home/aidan/GitHub/AidansRepo/TeensySwerve/install/geometry_msgs:/home/aidan/GitHub/AidansRepo/TeensySwerve/install/std_msgs:/home/aidan/GitHub/AidansRepo/TeensySwerve/install/builtin_interfaces:${AMENT_PREFIX_PATH} CMAKE_PREFIX_PATH=/home/aidan/GitHub/AidansRepo/TeensySwerve/install/sensor_msgs:/home/aidan/GitHub/AidansRepo/TeensySwerve/install/geometry_msgs:/home/aidan/GitHub/AidansRepo/TeensySwerve/install/std_msgs:/home/aidan/GitHub/AidansRepo/TeensySwerve/install/builtin_interfaces:/home/aidan/GitHub/AidansRepo/TeensySwerve/install/tnsy_interfaces:/home/aidan/microros_ws/install/micro_ros_setup:/home/aidan/microros_ws/install/micro_ros_agent:/home/aidan/microros_ws/install/micro_ros_msgs:/home/aidan/GitHub/AidansRepo/TeensySwerve/install/tnsy_swrv_controller:/opt/ros/humble LD_LIBRARY_PATH=/home/aidan/GitHub/AidansRepo/TeensySwerve/install/sensor_msgs/lib:/home/aidan/GitHub/AidansRepo/TeensySwerve/install/geometry_msgs/lib:/home/aidan/GitHub/AidansRepo/TeensySwerve/install/std_msgs/lib:/home/aidan/GitHub/AidansRepo/TeensySwerve/install/builtin_interfaces/lib:${LD_LIBRARY_PATH} PYTHONPATH=/home/aidan/GitHub/AidansRepo/TeensySwerve/install/sensor_msgs/local/lib/python3.10/dist-packages:/home/aidan/GitHub/AidansRepo/TeensySwerve/install/geometry_msgs/local/lib/python3.10/dist-packages:/home/aidan/GitHub/AidansRepo/TeensySwerve/install/std_msgs/local/lib/python3.10/dist-packages:/home/aidan/GitHub/AidansRepo/TeensySwerve/install/builtin_interfaces/local/lib/python3.10/dist-packages:${PYTHONPATH} /usr/bin/cmake --build /home/aidan/GitHub/AidansRepo/TeensySwerve/build/stereo_msgs -- -j4 -l4
[5.817s] [  3%] [34m[1mGenerating C++ code for ROS interfaces[0m
[6.787s] [  3%] Built target stereo_msgs__cpp
[6.877s] [  3%] Built target ament_cmake_python_copy_stereo_msgs
[6.901s] [  6%] [34m[1mGenerating C++ type support for eProsima Fast-RTPS[0m
[7.797s] [  9%] [32mBuilding CXX object CMakeFiles/stereo_msgs__rosidl_typesupport_fastrtps_cpp.dir/rosidl_typesupport_fastrtps_cpp/stereo_msgs/msg/detail/dds_fastrtps/disparity_image__type_support.cpp.o[0m
[8.807s] [ 12%] [34m[1mGenerating C++ introspection for ROS interfaces[0m
[8.810s] [ 16%] [32m[1mLinking CXX shared library libstereo_msgs__rosidl_typesupport_fastrtps_cpp.so[0m
[9.024s] [ 16%] Built target stereo_msgs__rosidl_typesupport_fastrtps_cpp
[9.047s] [ 19%] [34m[1mGenerating C++ type support dispatch for ROS interfaces[0m
[9.737s] [ 22%] [32mBuilding CXX object CMakeFiles/stereo_msgs__rosidl_typesupport_introspection_cpp.dir/rosidl_typesupport_introspection_cpp/stereo_msgs/msg/detail/disparity_image__type_support.cpp.o[0m
[9.903s] [ 25%] [32mBuilding CXX object CMakeFiles/stereo_msgs__rosidl_typesupport_cpp.dir/rosidl_typesupport_cpp/stereo_msgs/msg/disparity_image__type_support.cpp.o[0m
[10.612s] [ 29%] [32m[1mLinking CXX shared library libstereo_msgs__rosidl_typesupport_cpp.so[0m
[10.719s] [ 29%] Built target stereo_msgs__rosidl_typesupport_cpp
[10.836s] [ 32%] [32m[1mLinking CXX shared library libstereo_msgs__rosidl_typesupport_introspection_cpp.so[0m
[11.013s] [ 32%] Built target stereo_msgs__rosidl_typesupport_introspection_cpp
[11.042s] [ 35%] [34m[1mGenerating C code for ROS interfaces[0m
[11.561s] running egg_info
[11.565s] creating stereo_msgs.egg-info
[11.566s] writing stereo_msgs.egg-info/PKG-INFO
[11.568s] writing dependency_links to stereo_msgs.egg-info/dependency_links.txt
[11.570s] writing top-level names to stereo_msgs.egg-info/top_level.txt
[11.570s] writing manifest file 'stereo_msgs.egg-info/SOURCES.txt'
[11.585s] reading manifest file 'stereo_msgs.egg-info/SOURCES.txt'
[11.585s] writing manifest file 'stereo_msgs.egg-info/SOURCES.txt'
[11.661s] [ 35%] Built target ament_cmake_python_build_stereo_msgs_egg
[12.032s] [ 38%] [32mBuilding C object CMakeFiles/stereo_msgs__rosidl_generator_c.dir/rosidl_generator_c/stereo_msgs/msg/detail/disparity_image__functions.c.o[0m
[12.124s] [ 41%] [32m[1mLinking C shared library libstereo_msgs__rosidl_generator_c.so[0m
[12.193s] [ 41%] Built target stereo_msgs__rosidl_generator_c
[12.210s] [ 45%] [34m[1mGenerating C type support for eProsima Fast-RTPS[0m
[13.026s] [ 48%] [32mBuilding CXX object CMakeFiles/stereo_msgs__rosidl_typesupport_fastrtps_c.dir/rosidl_typesupport_fastrtps_c/stereo_msgs/msg/detail/disparity_image__type_support_c.cpp.o[0m
[13.587s] [ 51%] [32m[1mLinking CXX shared library libstereo_msgs__rosidl_typesupport_fastrtps_c.so[0m
[13.716s] [ 51%] Built target stereo_msgs__rosidl_typesupport_fastrtps_c
[13.733s] [ 54%] [34m[1mGenerating C type support dispatch for ROS interfaces[0m
[14.207s] [ 58%] [32mBuilding CXX object CMakeFiles/stereo_msgs__rosidl_typesupport_c.dir/rosidl_typesupport_c/stereo_msgs/msg/disparity_image__type_support.cpp.o[0m
[14.255s] [ 61%] [32m[1mLinking CXX shared library libstereo_msgs__rosidl_typesupport_c.so[0m
[14.324s] [ 61%] Built target stereo_msgs__rosidl_typesupport_c
[14.346s] [ 64%] [34m[1mGenerating C introspection for ROS interfaces[0m
[14.845s] [ 67%] [32mBuilding C object CMakeFiles/stereo_msgs__rosidl_typesupport_introspection_c.dir/rosidl_typesupport_introspection_c/stereo_msgs/msg/detail/disparity_image__type_support.c.o[0m
[14.904s] [ 70%] [32m[1mLinking C shared library libstereo_msgs__rosidl_typesupport_introspection_c.so[0m
[14.955s] [ 70%] Built target stereo_msgs__rosidl_typesupport_introspection_c
[14.989s] [ 70%] Built target stereo_msgs
[15.019s] [ 74%] [34m[1mGenerating Python code for ROS interfaces[0m
[15.794s] [ 74%] Built target stereo_msgs__py
[15.839s] [ 77%] [32mBuilding C object CMakeFiles/stereo_msgs__rosidl_generator_py.dir/rosidl_generator_py/stereo_msgs/msg/_disparity_image_s.c.o[0m
[16.106s] [ 80%] [32m[1mLinking C shared library rosidl_generator_py/stereo_msgs/libstereo_msgs__rosidl_generator_py.so[0m
[16.201s] [ 80%] Built target stereo_msgs__rosidl_generator_py
[16.248s] [ 83%] [32mBuilding C object CMakeFiles/stereo_msgs__rosidl_typesupport_fastrtps_c__pyext.dir/rosidl_generator_py/stereo_msgs/_stereo_msgs_s.ep.rosidl_typesupport_fastrtps_c.c.o[0m
[16.454s] [ 87%] [32m[1mLinking C shared library rosidl_generator_py/stereo_msgs/stereo_msgs_s__rosidl_typesupport_fastrtps_c.cpython-310-x86_64-linux-gnu.so[0m
[16.526s] [ 87%] Built target stereo_msgs__rosidl_typesupport_fastrtps_c__pyext
[16.560s] [ 90%] [32mBuilding C object CMakeFiles/stereo_msgs__rosidl_typesupport_c__pyext.dir/rosidl_generator_py/stereo_msgs/_stereo_msgs_s.ep.rosidl_typesupport_c.c.o[0m
[16.721s] [ 93%] [32m[1mLinking C shared library rosidl_generator_py/stereo_msgs/stereo_msgs_s__rosidl_typesupport_c.cpython-310-x86_64-linux-gnu.so[0m
[16.792s] [ 93%] Built target stereo_msgs__rosidl_typesupport_c__pyext
[16.825s] [ 96%] [32mBuilding C object CMakeFiles/stereo_msgs__rosidl_typesupport_introspection_c__pyext.dir/rosidl_generator_py/stereo_msgs/_stereo_msgs_s.ep.rosidl_typesupport_introspection_c.c.o[0m
[16.989s] [100%] [32m[1mLinking C shared library rosidl_generator_py/stereo_msgs/stereo_msgs_s__rosidl_typesupport_introspection_c.cpython-310-x86_64-linux-gnu.so[0m
[17.062s] [100%] Built target stereo_msgs__rosidl_typesupport_introspection_c__pyext
[17.084s] Invoked command in '/home/aidan/GitHub/AidansRepo/TeensySwerve/build/stereo_msgs' returned '0': AMENT_PREFIX_PATH=/home/aidan/GitHub/AidansRepo/TeensySwerve/install/sensor_msgs:/home/aidan/GitHub/AidansRepo/TeensySwerve/install/geometry_msgs:/home/aidan/GitHub/AidansRepo/TeensySwerve/install/std_msgs:/home/aidan/GitHub/AidansRepo/TeensySwerve/install/builtin_interfaces:${AMENT_PREFIX_PATH} CMAKE_PREFIX_PATH=/home/aidan/GitHub/AidansRepo/TeensySwerve/install/sensor_msgs:/home/aidan/GitHub/AidansRepo/TeensySwerve/install/geometry_msgs:/home/aidan/GitHub/AidansRepo/TeensySwerve/install/std_msgs:/home/aidan/GitHub/AidansRepo/TeensySwerve/install/builtin_interfaces:/home/aidan/GitHub/AidansRepo/TeensySwerve/install/tnsy_interfaces:/home/aidan/microros_ws/install/micro_ros_setup:/home/aidan/microros_ws/install/micro_ros_agent:/home/aidan/microros_ws/install/micro_ros_msgs:/home/aidan/GitHub/AidansRepo/TeensySwerve/install/tnsy_swrv_controller:/opt/ros/humble LD_LIBRARY_PATH=/home/aidan/GitHub/AidansRepo/TeensySwerve/install/sensor_msgs/lib:/home/aidan/GitHub/AidansRepo/TeensySwerve/install/geometry_msgs/lib:/home/aidan/GitHub/AidansRepo/TeensySwerve/install/std_msgs/lib:/home/aidan/GitHub/AidansRepo/TeensySwerve/install/builtin_interfaces/lib:${LD_LIBRARY_PATH} PYTHONPATH=/home/aidan/GitHub/AidansRepo/TeensySwerve/install/sensor_msgs/local/lib/python3.10/dist-packages:/home/aidan/GitHub/AidansRepo/TeensySwerve/install/geometry_msgs/local/lib/python3.10/dist-packages:/home/aidan/GitHub/AidansRepo/TeensySwerve/install/std_msgs/local/lib/python3.10/dist-packages:/home/aidan/GitHub/AidansRepo/TeensySwerve/install/builtin_interfaces/local/lib/python3.10/dist-packages:${PYTHONPATH} /usr/bin/cmake --build /home/aidan/GitHub/AidansRepo/TeensySwerve/build/stereo_msgs -- -j4 -l4
[17.212s] Invoking command in '/home/aidan/GitHub/AidansRepo/TeensySwerve/build/stereo_msgs': AMENT_PREFIX_PATH=/home/aidan/GitHub/AidansRepo/TeensySwerve/install/sensor_msgs:/home/aidan/GitHub/AidansRepo/TeensySwerve/install/geometry_msgs:/home/aidan/GitHub/AidansRepo/TeensySwerve/install/std_msgs:/home/aidan/GitHub/AidansRepo/TeensySwerve/install/builtin_interfaces:${AMENT_PREFIX_PATH} CMAKE_PREFIX_PATH=/home/aidan/GitHub/AidansRepo/TeensySwerve/install/sensor_msgs:/home/aidan/GitHub/AidansRepo/TeensySwerve/install/geometry_msgs:/home/aidan/GitHub/AidansRepo/TeensySwerve/install/std_msgs:/home/aidan/GitHub/AidansRepo/TeensySwerve/install/builtin_interfaces:/home/aidan/GitHub/AidansRepo/TeensySwerve/install/tnsy_interfaces:/home/aidan/microros_ws/install/micro_ros_setup:/home/aidan/microros_ws/install/micro_ros_agent:/home/aidan/microros_ws/install/micro_ros_msgs:/home/aidan/GitHub/AidansRepo/TeensySwerve/install/tnsy_swrv_controller:/opt/ros/humble LD_LIBRARY_PATH=/home/aidan/GitHub/AidansRepo/TeensySwerve/install/sensor_msgs/lib:/home/aidan/GitHub/AidansRepo/TeensySwerve/install/geometry_msgs/lib:/home/aidan/GitHub/AidansRepo/TeensySwerve/install/std_msgs/lib:/home/aidan/GitHub/AidansRepo/TeensySwerve/install/builtin_interfaces/lib:${LD_LIBRARY_PATH} PYTHONPATH=/home/aidan/GitHub/AidansRepo/TeensySwerve/install/sensor_msgs/local/lib/python3.10/dist-packages:/home/aidan/GitHub/AidansRepo/TeensySwerve/install/geometry_msgs/local/lib/python3.10/dist-packages:/home/aidan/GitHub/AidansRepo/TeensySwerve/install/std_msgs/local/lib/python3.10/dist-packages:/home/aidan/GitHub/AidansRepo/TeensySwerve/install/builtin_interfaces/local/lib/python3.10/dist-packages:${PYTHONPATH} /usr/bin/cmake --install /home/aidan/GitHub/AidansRepo/TeensySwerve/build/stereo_msgs
[17.230s] -- Install configuration: ""
[17.232s] -- Installing: /home/aidan/GitHub/AidansRepo/TeensySwerve/install/stereo_msgs/share/ament_index/resource_index/rosidl_interfaces/stereo_msgs
[17.233s] -- Installing: /home/aidan/GitHub/AidansRepo/TeensySwerve/install/stereo_msgs/include/stereo_msgs/stereo_msgs
[17.233s] -- Installing: /home/aidan/GitHub/AidansRepo/TeensySwerve/install/stereo_msgs/include/stereo_msgs/stereo_msgs/msg
[17.235s] -- Installing: /home/aidan/GitHub/AidansRepo/TeensySwerve/install/stereo_msgs/include/stereo_msgs/stereo_msgs/msg/rosidl_generator_c__visibility_control.h
[17.236s] -- Installing: /home/aidan/GitHub/AidansRepo/TeensySwerve/install/stereo_msgs/include/stereo_msgs/stereo_msgs/msg/disparity_image.h
[17.237s] -- Installing: /home/aidan/GitHub/AidansRepo/TeensySwerve/install/stereo_msgs/include/stereo_msgs/stereo_msgs/msg/detail
[17.238s] -- Installing: /home/aidan/GitHub/AidansRepo/TeensySwerve/install/stereo_msgs/include/stereo_msgs/stereo_msgs/msg/detail/disparity_image__type_support.h
[17.238s] -- Installing: /home/aidan/GitHub/AidansRepo/TeensySwerve/install/stereo_msgs/include/stereo_msgs/stereo_msgs/msg/detail/disparity_image__functions.c
[17.238s] -- Installing: /home/aidan/GitHub/AidansRepo/TeensySwerve/install/stereo_msgs/include/stereo_msgs/stereo_msgs/msg/detail/disparity_image__functions.h
[17.238s] -- Installing: /home/aidan/GitHub/AidansRepo/TeensySwerve/install/stereo_msgs/include/stereo_msgs/stereo_msgs/msg/detail/disparity_image__struct.h
[17.241s] -- Installing: /home/aidan/GitHub/AidansRepo/TeensySwerve/install/stereo_msgs/share/stereo_msgs/environment/library_path.sh
[17.243s] -- Installing: /home/aidan/GitHub/AidansRepo/TeensySwerve/install/stereo_msgs/share/stereo_msgs/environment/library_path.dsv
[17.244s] -- Installing: /home/aidan/GitHub/AidansRepo/TeensySwerve/install/stereo_msgs/lib/libstereo_msgs__rosidl_generator_c.so
[17.244s] -- Set runtime path of "/home/aidan/GitHub/AidansRepo/TeensySwerve/install/stereo_msgs/lib/libstereo_msgs__rosidl_generator_c.so" to ""
[17.244s] -- Up-to-date: /home/aidan/GitHub/AidansRepo/TeensySwerve/install/stereo_msgs/include/stereo_msgs/stereo_msgs
[17.244s] -- Up-to-date: /home/aidan/GitHub/AidansRepo/TeensySwerve/install/stereo_msgs/include/stereo_msgs/stereo_msgs/msg
[17.246s] -- Installing: /home/aidan/GitHub/AidansRepo/TeensySwerve/install/stereo_msgs/include/stereo_msgs/stereo_msgs/msg/rosidl_typesupport_fastrtps_c__visibility_control.h
[17.246s] -- Up-to-date: /home/aidan/GitHub/AidansRepo/TeensySwerve/install/stereo_msgs/include/stereo_msgs/stereo_msgs/msg/detail
[17.247s] -- Installing: /home/aidan/GitHub/AidansRepo/TeensySwerve/install/stereo_msgs/include/stereo_msgs/stereo_msgs/msg/detail/disparity_image__rosidl_typesupport_fastrtps_c.h
[17.247s] -- Installing: /home/aidan/GitHub/AidansRepo/TeensySwerve/install/stereo_msgs/lib/libstereo_msgs__rosidl_typesupport_fastrtps_c.so
[17.249s] -- Set runtime path of "/home/aidan/GitHub/AidansRepo/TeensySwerve/install/stereo_msgs/lib/libstereo_msgs__rosidl_typesupport_fastrtps_c.so" to ""
[17.249s] -- Up-to-date: /home/aidan/GitHub/AidansRepo/TeensySwerve/install/stereo_msgs/include/stereo_msgs/stereo_msgs
[17.249s] -- Up-to-date: /home/aidan/GitHub/AidansRepo/TeensySwerve/install/stereo_msgs/include/stereo_msgs/stereo_msgs/msg
[17.250s] -- Up-to-date: /home/aidan/GitHub/AidansRepo/TeensySwerve/install/stereo_msgs/include/stereo_msgs/stereo_msgs/msg/detail
[17.250s] -- Installing: /home/aidan/GitHub/AidansRepo/TeensySwerve/install/stereo_msgs/include/stereo_msgs/stereo_msgs/msg/detail/disparity_image__rosidl_typesupport_introspection_c.h
[17.250s] -- Installing: /home/aidan/GitHub/AidansRepo/TeensySwerve/install/stereo_msgs/include/stereo_msgs/stereo_msgs/msg/detail/disparity_image__type_support.c
[17.250s] -- Installing: /home/aidan/GitHub/AidansRepo/TeensySwerve/install/stereo_msgs/include/stereo_msgs/stereo_msgs/msg/rosidl_typesupport_introspection_c__visibility_control.h
[17.250s] -- Installing: /home/aidan/GitHub/AidansRepo/TeensySwerve/install/stereo_msgs/lib/libstereo_msgs__rosidl_typesupport_introspection_c.so
[17.251s] -- Set runtime path of "/home/aidan/GitHub/AidansRepo/TeensySwerve/install/stereo_msgs/lib/libstereo_msgs__rosidl_typesupport_introspection_c.so" to ""
[17.251s] -- Installing: /home/aidan/GitHub/AidansRepo/TeensySwerve/install/stereo_msgs/lib/libstereo_msgs__rosidl_typesupport_c.so
[17.251s] -- Set runtime path of "/home/aidan/GitHub/AidansRepo/TeensySwerve/install/stereo_msgs/lib/libstereo_msgs__rosidl_typesupport_c.so" to ""
[17.251s] -- Up-to-date: /home/aidan/GitHub/AidansRepo/TeensySwerve/install/stereo_msgs/include/stereo_msgs/stereo_msgs
[17.251s] -- Up-to-date: /home/aidan/GitHub/AidansRepo/TeensySwerve/install/stereo_msgs/include/stereo_msgs/stereo_msgs/msg
[17.252s] -- Installing: /home/aidan/GitHub/AidansRepo/TeensySwerve/install/stereo_msgs/include/stereo_msgs/stereo_msgs/msg/disparity_image.hpp
[17.252s] -- Up-to-date: /home/aidan/GitHub/AidansRepo/TeensySwerve/install/stereo_msgs/include/stereo_msgs/stereo_msgs/msg/detail
[17.252s] -- Installing: /home/aidan/GitHub/AidansRepo/TeensySwerve/install/stereo_msgs/include/stereo_msgs/stereo_msgs/msg/detail/disparity_image__traits.hpp
[17.252s] -- Installing: /home/aidan/GitHub/AidansRepo/TeensySwerve/install/stereo_msgs/include/stereo_msgs/stereo_msgs/msg/detail/disparity_image__struct.hpp
[17.252s] -- Installing: /home/aidan/GitHub/AidansRepo/TeensySwerve/install/stereo_msgs/include/stereo_msgs/stereo_msgs/msg/detail/disparity_image__builder.hpp
[17.252s] -- Installing: /home/aidan/GitHub/AidansRepo/TeensySwerve/install/stereo_msgs/include/stereo_msgs/stereo_msgs/msg/detail/disparity_image__type_support.hpp
[17.253s] -- Installing: /home/aidan/GitHub/AidansRepo/TeensySwerve/install/stereo_msgs/include/stereo_msgs/stereo_msgs/msg/rosidl_generator_cpp__visibility_control.hpp
[17.253s] -- Up-to-date: /home/aidan/GitHub/AidansRepo/TeensySwerve/install/stereo_msgs/include/stereo_msgs/stereo_msgs
[17.253s] -- Up-to-date: /home/aidan/GitHub/AidansRepo/TeensySwerve/install/stereo_msgs/include/stereo_msgs/stereo_msgs/msg
[17.253s] -- Installing: /home/aidan/GitHub/AidansRepo/TeensySwerve/install/stereo_msgs/include/stereo_msgs/stereo_msgs/msg/rosidl_typesupport_fastrtps_cpp__visibility_control.h
[17.254s] -- Up-to-date: /home/aidan/GitHub/AidansRepo/TeensySwerve/install/stereo_msgs/include/stereo_msgs/stereo_msgs/msg/detail
[17.254s] -- Installing: /home/aidan/GitHub/AidansRepo/TeensySwerve/install/stereo_msgs/include/stereo_msgs/stereo_msgs/msg/detail/disparity_image__rosidl_typesupport_fastrtps_cpp.hpp
[17.254s] -- Installing: /home/aidan/GitHub/AidansRepo/TeensySwerve/install/stereo_msgs/include/stereo_msgs/stereo_msgs/msg/detail/dds_fastrtps
[17.255s] -- Installing: /home/aidan/GitHub/AidansRepo/TeensySwerve/install/stereo_msgs/lib/libstereo_msgs__rosidl_typesupport_fastrtps_cpp.so
[17.255s] -- Set runtime path of "/home/aidan/GitHub/AidansRepo/TeensySwerve/install/stereo_msgs/lib/libstereo_msgs__rosidl_typesupport_fastrtps_cpp.so" to ""
[17.255s] -- Up-to-date: /home/aidan/GitHub/AidansRepo/TeensySwerve/install/stereo_msgs/include/stereo_msgs/stereo_msgs
[17.255s] -- Up-to-date: /home/aidan/GitHub/AidansRepo/TeensySwerve/install/stereo_msgs/include/stereo_msgs/stereo_msgs/msg
[17.256s] -- Up-to-date: /home/aidan/GitHub/AidansRepo/TeensySwerve/install/stereo_msgs/include/stereo_msgs/stereo_msgs/msg/detail
[17.256s] -- Installing: /home/aidan/GitHub/AidansRepo/TeensySwerve/install/stereo_msgs/include/stereo_msgs/stereo_msgs/msg/detail/disparity_image__rosidl_typesupport_introspection_cpp.hpp
[17.256s] -- Installing: /home/aidan/GitHub/AidansRepo/TeensySwerve/install/stereo_msgs/include/stereo_msgs/stereo_msgs/msg/detail/disparity_image__type_support.cpp
[17.256s] -- Installing: /home/aidan/GitHub/AidansRepo/TeensySwerve/install/stereo_msgs/lib/libstereo_msgs__rosidl_typesupport_introspection_cpp.so
[17.256s] -- Set runtime path of "/home/aidan/GitHub/AidansRepo/TeensySwerve/install/stereo_msgs/lib/libstereo_msgs__rosidl_typesupport_introspection_cpp.so" to ""
[17.257s] -- Installing: /home/aidan/GitHub/AidansRepo/TeensySwerve/install/stereo_msgs/lib/libstereo_msgs__rosidl_typesupport_cpp.so
[17.257s] -- Set runtime path of "/home/aidan/GitHub/AidansRepo/TeensySwerve/install/stereo_msgs/lib/libstereo_msgs__rosidl_typesupport_cpp.so" to ""
[17.257s] -- Installing: /home/aidan/GitHub/AidansRepo/TeensySwerve/install/stereo_msgs/share/stereo_msgs/environment/pythonpath.sh
[17.257s] -- Installing: /home/aidan/GitHub/AidansRepo/TeensySwerve/install/stereo_msgs/share/stereo_msgs/environment/pythonpath.dsv
[17.257s] -- Installing: /home/aidan/GitHub/AidansRepo/TeensySwerve/install/stereo_msgs/local/lib/python3.10/dist-packages/stereo_msgs-4.8.0-py3.10.egg-info
[17.257s] -- Installing: /home/aidan/GitHub/AidansRepo/TeensySwerve/install/stereo_msgs/local/lib/python3.10/dist-packages/stereo_msgs-4.8.0-py3.10.egg-info/PKG-INFO
[17.258s] -- Installing: /home/aidan/GitHub/AidansRepo/TeensySwerve/install/stereo_msgs/local/lib/python3.10/dist-packages/stereo_msgs-4.8.0-py3.10.egg-info/SOURCES.txt
[17.258s] -- Installing: /home/aidan/GitHub/AidansRepo/TeensySwerve/install/stereo_msgs/local/lib/python3.10/dist-packages/stereo_msgs-4.8.0-py3.10.egg-info/dependency_links.txt
[17.258s] -- Installing: /home/aidan/GitHub/AidansRepo/TeensySwerve/install/stereo_msgs/local/lib/python3.10/dist-packages/stereo_msgs-4.8.0-py3.10.egg-info/top_level.txt
[17.258s] -- Installing: /home/aidan/GitHub/AidansRepo/TeensySwerve/install/stereo_msgs/local/lib/python3.10/dist-packages/stereo_msgs
[17.258s] -- Installing: /home/aidan/GitHub/AidansRepo/TeensySwerve/install/stereo_msgs/local/lib/python3.10/dist-packages/stereo_msgs/stereo_msgs_s__rosidl_typesupport_introspection_c.cpython-310-x86_64-linux-gnu.so
[17.258s] -- Installing: /home/aidan/GitHub/AidansRepo/TeensySwerve/install/stereo_msgs/local/lib/python3.10/dist-packages/stereo_msgs/stereo_msgs_s__rosidl_typesupport_fastrtps_c.cpython-310-x86_64-linux-gnu.so
[17.258s] -- Installing: /home/aidan/GitHub/AidansRepo/TeensySwerve/install/stereo_msgs/local/lib/python3.10/dist-packages/stereo_msgs/__init__.py
[17.259s] -- Installing: /home/aidan/GitHub/AidansRepo/TeensySwerve/install/stereo_msgs/local/lib/python3.10/dist-packages/stereo_msgs/_stereo_msgs_s.ep.rosidl_typesupport_c.c
[17.259s] -- Installing: /home/aidan/GitHub/AidansRepo/TeensySwerve/install/stereo_msgs/local/lib/python3.10/dist-packages/stereo_msgs/stereo_msgs_s__rosidl_typesupport_c.cpython-310-x86_64-linux-gnu.so
[17.259s] -- Installing: /home/aidan/GitHub/AidansRepo/TeensySwerve/install/stereo_msgs/local/lib/python3.10/dist-packages/stereo_msgs/msg
[17.259s] -- Installing: /home/aidan/GitHub/AidansRepo/TeensySwerve/install/stereo_msgs/local/lib/python3.10/dist-packages/stereo_msgs/msg/_disparity_image_s.c
[17.259s] -- Installing: /home/aidan/GitHub/AidansRepo/TeensySwerve/install/stereo_msgs/local/lib/python3.10/dist-packages/stereo_msgs/msg/__init__.py
[17.259s] -- Installing: /home/aidan/GitHub/AidansRepo/TeensySwerve/install/stereo_msgs/local/lib/python3.10/dist-packages/stereo_msgs/msg/_disparity_image.py
[17.260s] -- Installing: /home/aidan/GitHub/AidansRepo/TeensySwerve/install/stereo_msgs/local/lib/python3.10/dist-packages/stereo_msgs/_stereo_msgs_s.ep.rosidl_typesupport_fastrtps_c.c
[17.260s] -- Installing: /home/aidan/GitHub/AidansRepo/TeensySwerve/install/stereo_msgs/local/lib/python3.10/dist-packages/stereo_msgs/_stereo_msgs_s.ep.rosidl_typesupport_introspection_c.c
[17.260s] -- Installing: /home/aidan/GitHub/AidansRepo/TeensySwerve/install/stereo_msgs/local/lib/python3.10/dist-packages/stereo_msgs/libstereo_msgs__rosidl_generator_py.so
[17.348s] Listing '/home/aidan/GitHub/AidansRepo/TeensySwerve/install/stereo_msgs/local/lib/python3.10/dist-packages/stereo_msgs'...
[17.349s] Compiling '/home/aidan/GitHub/AidansRepo/TeensySwerve/install/stereo_msgs/local/lib/python3.10/dist-packages/stereo_msgs/__init__.py'...
[17.349s] Listing '/home/aidan/GitHub/AidansRepo/TeensySwerve/install/stereo_msgs/local/lib/python3.10/dist-packages/stereo_msgs/msg'...
[17.349s] Compiling '/home/aidan/GitHub/AidansRepo/TeensySwerve/install/stereo_msgs/local/lib/python3.10/dist-packages/stereo_msgs/msg/__init__.py'...
[17.349s] Compiling '/home/aidan/GitHub/AidansRepo/TeensySwerve/install/stereo_msgs/local/lib/python3.10/dist-packages/stereo_msgs/msg/_disparity_image.py'...
[17.363s] -- Installing: /home/aidan/GitHub/AidansRepo/TeensySwerve/install/stereo_msgs/local/lib/python3.10/dist-packages/stereo_msgs/stereo_msgs_s__rosidl_typesupport_fastrtps_c.cpython-310-x86_64-linux-gnu.so
[17.366s] -- Set runtime path of "/home/aidan/GitHub/AidansRepo/TeensySwerve/install/stereo_msgs/local/lib/python3.10/dist-packages/stereo_msgs/stereo_msgs_s__rosidl_typesupport_fastrtps_c.cpython-310-x86_64-linux-gnu.so" to ""
[17.366s] -- Installing: /home/aidan/GitHub/AidansRepo/TeensySwerve/install/stereo_msgs/local/lib/python3.10/dist-packages/stereo_msgs/stereo_msgs_s__rosidl_typesupport_introspection_c.cpython-310-x86_64-linux-gnu.so
[17.367s] -- Set runtime path of "/home/aidan/GitHub/AidansRepo/TeensySwerve/install/stereo_msgs/local/lib/python3.10/dist-packages/stereo_msgs/stereo_msgs_s__rosidl_typesupport_introspection_c.cpython-310-x86_64-linux-gnu.so" to ""
[17.367s] -- Installing: /home/aidan/GitHub/AidansRepo/TeensySwerve/install/stereo_msgs/local/lib/python3.10/dist-packages/stereo_msgs/stereo_msgs_s__rosidl_typesupport_c.cpython-310-x86_64-linux-gnu.so
[17.371s] -- Set runtime path of "/home/aidan/GitHub/AidansRepo/TeensySwerve/install/stereo_msgs/local/lib/python3.10/dist-packages/stereo_msgs/stereo_msgs_s__rosidl_typesupport_c.cpython-310-x86_64-linux-gnu.so" to ""
[17.371s] -- Installing: /home/aidan/GitHub/AidansRepo/TeensySwerve/install/stereo_msgs/lib/libstereo_msgs__rosidl_generator_py.so
[17.371s] -- Set runtime path of "/home/aidan/GitHub/AidansRepo/TeensySwerve/install/stereo_msgs/lib/libstereo_msgs__rosidl_generator_py.so" to ""
[17.371s] -- Installing: /home/aidan/GitHub/AidansRepo/TeensySwerve/install/stereo_msgs/share/stereo_msgs/msg/DisparityImage.idl
[17.372s] -- Installing: /home/aidan/GitHub/AidansRepo/TeensySwerve/install/stereo_msgs/share/stereo_msgs/msg/DisparityImage.msg
[17.372s] -- Installing: /home/aidan/GitHub/AidansRepo/TeensySwerve/install/stereo_msgs/share/ament_index/resource_index/package_run_dependencies/stereo_msgs
[17.372s] -- Installing: /home/aidan/GitHub/AidansRepo/TeensySwerve/install/stereo_msgs/share/ament_index/resource_index/parent_prefix_path/stereo_msgs
[17.372s] -- Installing: /home/aidan/GitHub/AidansRepo/TeensySwerve/install/stereo_msgs/share/stereo_msgs/environment/ament_prefix_path.sh
[17.372s] -- Installing: /home/aidan/GitHub/AidansRepo/TeensySwerve/install/stereo_msgs/share/stereo_msgs/environment/ament_prefix_path.dsv
[17.374s] -- Installing: /home/aidan/GitHub/AidansRepo/TeensySwerve/install/stereo_msgs/share/stereo_msgs/environment/path.sh
[17.375s] -- Installing: /home/aidan/GitHub/AidansRepo/TeensySwerve/install/stereo_msgs/share/stereo_msgs/environment/path.dsv
[17.376s] -- Installing: /home/aidan/GitHub/AidansRepo/TeensySwerve/install/stereo_msgs/share/stereo_msgs/local_setup.bash
[17.376s] -- Installing: /home/aidan/GitHub/AidansRepo/TeensySwerve/install/stereo_msgs/share/stereo_msgs/local_setup.sh
[17.379s] -- Installing: /home/aidan/GitHub/AidansRepo/TeensySwerve/install/stereo_msgs/share/stereo_msgs/local_setup.zsh
[17.379s] -- Installing: /home/aidan/GitHub/AidansRepo/TeensySwerve/install/stereo_msgs/share/stereo_msgs/local_setup.dsv
[17.379s] -- Installing: /home/aidan/GitHub/AidansRepo/TeensySwerve/install/stereo_msgs/share/stereo_msgs/package.dsv
[17.379s] -- Installing: /home/aidan/GitHub/AidansRepo/TeensySwerve/install/stereo_msgs/share/ament_index/resource_index/packages/stereo_msgs
[17.379s] -- Installing: /home/aidan/GitHub/AidansRepo/TeensySwerve/install/stereo_msgs/share/stereo_msgs/cmake/export_stereo_msgs__rosidl_generator_cExport.cmake
[17.380s] -- Installing: /home/aidan/GitHub/AidansRepo/TeensySwerve/install/stereo_msgs/share/stereo_msgs/cmake/export_stereo_msgs__rosidl_generator_cExport-noconfig.cmake
[17.380s] -- Installing: /home/aidan/GitHub/AidansRepo/TeensySwerve/install/stereo_msgs/share/stereo_msgs/cmake/export_stereo_msgs__rosidl_typesupport_fastrtps_cExport.cmake
[17.382s] -- Installing: /home/aidan/GitHub/AidansRepo/TeensySwerve/install/stereo_msgs/share/stereo_msgs/cmake/export_stereo_msgs__rosidl_typesupport_fastrtps_cExport-noconfig.cmake
[17.383s] -- Installing: /home/aidan/GitHub/AidansRepo/TeensySwerve/install/stereo_msgs/share/stereo_msgs/cmake/stereo_msgs__rosidl_typesupport_introspection_cExport.cmake
[17.383s] -- Installing: /home/aidan/GitHub/AidansRepo/TeensySwerve/install/stereo_msgs/share/stereo_msgs/cmake/stereo_msgs__rosidl_typesupport_introspection_cExport-noconfig.cmake
[17.383s] -- Installing: /home/aidan/GitHub/AidansRepo/TeensySwerve/install/stereo_msgs/share/stereo_msgs/cmake/stereo_msgs__rosidl_typesupport_cExport.cmake
[17.383s] -- Installing: /home/aidan/GitHub/AidansRepo/TeensySwerve/install/stereo_msgs/share/stereo_msgs/cmake/stereo_msgs__rosidl_typesupport_cExport-noconfig.cmake
[17.383s] -- Installing: /home/aidan/GitHub/AidansRepo/TeensySwerve/install/stereo_msgs/share/stereo_msgs/cmake/export_stereo_msgs__rosidl_generator_cppExport.cmake
[17.384s] -- Installing: /home/aidan/GitHub/AidansRepo/TeensySwerve/install/stereo_msgs/share/stereo_msgs/cmake/export_stereo_msgs__rosidl_typesupport_fastrtps_cppExport.cmake
[17.385s] -- Installing: /home/aidan/GitHub/AidansRepo/TeensySwerve/install/stereo_msgs/share/stereo_msgs/cmake/export_stereo_msgs__rosidl_typesupport_fastrtps_cppExport-noconfig.cmake
[17.385s] -- Installing: /home/aidan/GitHub/AidansRepo/TeensySwerve/install/stereo_msgs/share/stereo_msgs/cmake/stereo_msgs__rosidl_typesupport_introspection_cppExport.cmake
[17.386s] -- Installing: /home/aidan/GitHub/AidansRepo/TeensySwerve/install/stereo_msgs/share/stereo_msgs/cmake/stereo_msgs__rosidl_typesupport_introspection_cppExport-noconfig.cmake
[17.386s] -- Installing: /home/aidan/GitHub/AidansRepo/TeensySwerve/install/stereo_msgs/share/stereo_msgs/cmake/stereo_msgs__rosidl_typesupport_cppExport.cmake
[17.386s] -- Installing: /home/aidan/GitHub/AidansRepo/TeensySwerve/install/stereo_msgs/share/stereo_msgs/cmake/stereo_msgs__rosidl_typesupport_cppExport-noconfig.cmake
[17.386s] -- Installing: /home/aidan/GitHub/AidansRepo/TeensySwerve/install/stereo_msgs/share/stereo_msgs/cmake/export_stereo_msgs__rosidl_generator_pyExport.cmake
[17.388s] -- Installing: /home/aidan/GitHub/AidansRepo/TeensySwerve/install/stereo_msgs/share/stereo_msgs/cmake/export_stereo_msgs__rosidl_generator_pyExport-noconfig.cmake
[17.389s] -- Installing: /home/aidan/GitHub/AidansRepo/TeensySwerve/install/stereo_msgs/share/stereo_msgs/cmake/rosidl_cmake-extras.cmake
[17.389s] -- Installing: /home/aidan/GitHub/AidansRepo/TeensySwerve/install/stereo_msgs/share/stereo_msgs/cmake/ament_cmake_export_dependencies-extras.cmake
[17.389s] -- Installing: /home/aidan/GitHub/AidansRepo/TeensySwerve/install/stereo_msgs/share/stereo_msgs/cmake/ament_cmake_export_include_directories-extras.cmake
[17.391s] -- Installing: /home/aidan/GitHub/AidansRepo/TeensySwerve/install/stereo_msgs/share/stereo_msgs/cmake/ament_cmake_export_libraries-extras.cmake
[17.391s] -- Installing: /home/aidan/GitHub/AidansRepo/TeensySwerve/install/stereo_msgs/share/stereo_msgs/cmake/ament_cmake_export_targets-extras.cmake
[17.391s] -- Installing: /home/aidan/GitHub/AidansRepo/TeensySwerve/install/stereo_msgs/share/stereo_msgs/cmake/rosidl_cmake_export_typesupport_targets-extras.cmake
[17.394s] -- Installing: /home/aidan/GitHub/AidansRepo/TeensySwerve/install/stereo_msgs/share/stereo_msgs/cmake/rosidl_cmake_export_typesupport_libraries-extras.cmake
[17.394s] -- Installing: /home/aidan/GitHub/AidansRepo/TeensySwerve/install/stereo_msgs/share/stereo_msgs/cmake/stereo_msgsConfig.cmake
[17.394s] -- Installing: /home/aidan/GitHub/AidansRepo/TeensySwerve/install/stereo_msgs/share/stereo_msgs/cmake/stereo_msgsConfig-version.cmake
[17.394s] -- Installing: /home/aidan/GitHub/AidansRepo/TeensySwerve/install/stereo_msgs/share/stereo_msgs/package.xml
[17.406s] Invoked command in '/home/aidan/GitHub/AidansRepo/TeensySwerve/build/stereo_msgs' returned '0': AMENT_PREFIX_PATH=/home/aidan/GitHub/AidansRepo/TeensySwerve/install/sensor_msgs:/home/aidan/GitHub/AidansRepo/TeensySwerve/install/geometry_msgs:/home/aidan/GitHub/AidansRepo/TeensySwerve/install/std_msgs:/home/aidan/GitHub/AidansRepo/TeensySwerve/install/builtin_interfaces:${AMENT_PREFIX_PATH} CMAKE_PREFIX_PATH=/home/aidan/GitHub/AidansRepo/TeensySwerve/install/sensor_msgs:/home/aidan/GitHub/AidansRepo/TeensySwerve/install/geometry_msgs:/home/aidan/GitHub/AidansRepo/TeensySwerve/install/std_msgs:/home/aidan/GitHub/AidansRepo/TeensySwerve/install/builtin_interfaces:/home/aidan/GitHub/AidansRepo/TeensySwerve/install/tnsy_interfaces:/home/aidan/microros_ws/install/micro_ros_setup:/home/aidan/microros_ws/install/micro_ros_agent:/home/aidan/microros_ws/install/micro_ros_msgs:/home/aidan/GitHub/AidansRepo/TeensySwerve/install/tnsy_swrv_controller:/opt/ros/humble LD_LIBRARY_PATH=/home/aidan/GitHub/AidansRepo/TeensySwerve/install/sensor_msgs/lib:/home/aidan/GitHub/AidansRepo/TeensySwerve/install/geometry_msgs/lib:/home/aidan/GitHub/AidansRepo/TeensySwerve/install/std_msgs/lib:/home/aidan/GitHub/AidansRepo/TeensySwerve/install/builtin_interfaces/lib:${LD_LIBRARY_PATH} PYTHONPATH=/home/aidan/GitHub/AidansRepo/TeensySwerve/install/sensor_msgs/local/lib/python3.10/dist-packages:/home/aidan/GitHub/AidansRepo/TeensySwerve/install/geometry_msgs/local/lib/python3.10/dist-packages:/home/aidan/GitHub/AidansRepo/TeensySwerve/install/std_msgs/local/lib/python3.10/dist-packages:/home/aidan/GitHub/AidansRepo/TeensySwerve/install/builtin_interfaces/local/lib/python3.10/dist-packages:${PYTHONPATH} /usr/bin/cmake --install /home/aidan/GitHub/AidansRepo/TeensySwerve/build/stereo_msgs
