[0.207s] DEBUG:colcon:Command line arguments: ['/home/aidan/.local/bin/colcon', 'build']
[0.207s] DEBUG:colcon:Parsed command line arguments: Namespace(log_base=None, log_level=None, verb_name='build', build_base='build', install_base='install', merge_install=False, symlink_install=False, test_result_base=None, continue_on_error=False, executor='parallel', parallel_workers=4, event_handlers=None, ignore_user_meta=False, metas=['./colcon.meta'], base_paths=['.'], packages_ignore=None, packages_ignore_regex=None, paths=None, packages_up_to=None, packages_up_to_regex=None, packages_above=None, packages_above_and_dependencies=None, packages_above_depth=None, packages_select_by_dep=None, packages_skip_by_dep=None, packages_skip_up_to=None, packages_select_build_failed=False, packages_skip_build_finished=False, packages_select_test_failures=False, packages_skip_test_passed=False, packages_select=None, packages_skip=None, packages_select_regex=None, packages_skip_regex=None, packages_start=None, packages_end=None, allow_overriding=[], cmake_args=None, cmake_target=None, cmake_target_skip_unavailable=False, cmake_clean_cache=False, cmake_clean_first=False, cmake_force_configure=False, ament_cmake_args=None, catkin_cmake_args=None, catkin_skip_building_tests=False, verb_parser=<colcon_defaults.argument_parser.defaults.DefaultArgumentsDecorator object at 0x7c1afd70c4c0>, verb_extension=<colcon_core.verb.build.BuildVerb object at 0x7c1afd876320>, main=<bound method BuildVerb.main of <colcon_core.verb.build.BuildVerb object at 0x7c1afd876320>>)
[0.446s] Level 1:colcon.colcon_core.package_discovery:discover_packages(colcon_meta) check parameters
[0.446s] Level 1:colcon.colcon_core.package_discovery:discover_packages(recursive) check parameters
[0.446s] Level 1:colcon.colcon_core.package_discovery:discover_packages(ignore) check parameters
[0.446s] Level 1:colcon.colcon_core.package_discovery:discover_packages(path) check parameters
[0.446s] Level 1:colcon.colcon_core.package_discovery:discover_packages(colcon_meta) discover
[0.446s] Level 1:colcon.colcon_core.package_discovery:discover_packages(recursive) discover
[0.446s] INFO:colcon.colcon_core.package_discovery:Crawling recursively for packages in '/home/aidan/GitHub/AidansRepo/TeensySwerve'
[0.447s] Level 1:colcon.colcon_core.package_identification:_identify(.) by extensions ['ignore', 'ignore_ament_install']
[0.447s] Level 1:colcon.colcon_core.package_identification:_identify(.) by extension 'ignore'
[0.447s] Level 1:colcon.colcon_core.package_identification:_identify(.) by extension 'ignore_ament_install'
[0.447s] Level 1:colcon.colcon_core.package_identification:_identify(.) by extensions ['colcon_pkg']
[0.447s] Level 1:colcon.colcon_core.package_identification:_identify(.) by extension 'colcon_pkg'
[0.447s] Level 1:colcon.colcon_core.package_identification:_identify(.) by extensions ['colcon_meta']
[0.447s] Level 1:colcon.colcon_core.package_identification:_identify(.) by extension 'colcon_meta'
[0.447s] Level 1:colcon.colcon_core.package_identification:_identify(.) by extensions ['ros']
[0.447s] Level 1:colcon.colcon_core.package_identification:_identify(.) by extension 'ros'
[0.463s] Level 1:colcon.colcon_core.package_identification:_identify(.) by extensions ['cmake', 'python']
[0.463s] Level 1:colcon.colcon_core.package_identification:_identify(.) by extension 'cmake'
[0.463s] Level 1:colcon.colcon_core.package_identification:_identify(.) by extension 'python'
[0.463s] Level 1:colcon.colcon_core.package_identification:_identify(.) by extensions ['python_setup_py']
[0.463s] Level 1:colcon.colcon_core.package_identification:_identify(.) by extension 'python_setup_py'
[0.463s] Level 1:colcon.colcon_core.package_identification:_identify(build) by extensions ['ignore', 'ignore_ament_install']
[0.464s] Level 1:colcon.colcon_core.package_identification:_identify(build) by extension 'ignore'
[0.464s] Level 1:colcon.colcon_core.package_identification:_identify(build) ignored
[0.464s] Level 1:colcon.colcon_core.package_identification:_identify(install) by extensions ['ignore', 'ignore_ament_install']
[0.464s] Level 1:colcon.colcon_core.package_identification:_identify(install) by extension 'ignore'
[0.464s] Level 1:colcon.colcon_core.package_identification:_identify(install) ignored
[0.464s] Level 1:colcon.colcon_core.package_identification:_identify(lib) by extensions ['ignore', 'ignore_ament_install']
[0.464s] Level 1:colcon.colcon_core.package_identification:_identify(lib) by extension 'ignore'
[0.464s] Level 1:colcon.colcon_core.package_identification:_identify(lib) by extension 'ignore_ament_install'
[0.464s] Level 1:colcon.colcon_core.package_identification:_identify(lib) by extensions ['colcon_pkg']
[0.464s] Level 1:colcon.colcon_core.package_identification:_identify(lib) by extension 'colcon_pkg'
[0.465s] Level 1:colcon.colcon_core.package_identification:_identify(lib) by extensions ['colcon_meta']
[0.465s] Level 1:colcon.colcon_core.package_identification:_identify(lib) by extension 'colcon_meta'
[0.465s] Level 1:colcon.colcon_core.package_identification:_identify(lib) by extensions ['ros']
[0.465s] Level 1:colcon.colcon_core.package_identification:_identify(lib) by extension 'ros'
[0.465s] Level 1:colcon.colcon_core.package_identification:_identify(lib) by extensions ['cmake', 'python']
[0.465s] Level 1:colcon.colcon_core.package_identification:_identify(lib) by extension 'cmake'
[0.465s] Level 1:colcon.colcon_core.package_identification:_identify(lib) by extension 'python'
[0.465s] Level 1:colcon.colcon_core.package_identification:_identify(lib) by extensions ['python_setup_py']
[0.465s] Level 1:colcon.colcon_core.package_identification:_identify(lib) by extension 'python_setup_py'
[0.465s] Level 1:colcon.colcon_core.package_identification:_identify(lib/textColors) by extensions ['ignore', 'ignore_ament_install']
[0.465s] Level 1:colcon.colcon_core.package_identification:_identify(lib/textColors) by extension 'ignore'
[0.465s] Level 1:colcon.colcon_core.package_identification:_identify(lib/textColors) by extension 'ignore_ament_install'
[0.466s] Level 1:colcon.colcon_core.package_identification:_identify(lib/textColors) by extensions ['colcon_pkg']
[0.466s] Level 1:colcon.colcon_core.package_identification:_identify(lib/textColors) by extension 'colcon_pkg'
[0.466s] Level 1:colcon.colcon_core.package_identification:_identify(lib/textColors) by extensions ['colcon_meta']
[0.466s] Level 1:colcon.colcon_core.package_identification:_identify(lib/textColors) by extension 'colcon_meta'
[0.466s] Level 1:colcon.colcon_core.package_identification:_identify(lib/textColors) by extensions ['ros']
[0.466s] Level 1:colcon.colcon_core.package_identification:_identify(lib/textColors) by extension 'ros'
[0.466s] Level 1:colcon.colcon_core.package_identification:_identify(lib/textColors) by extensions ['cmake', 'python']
[0.466s] Level 1:colcon.colcon_core.package_identification:_identify(lib/textColors) by extension 'cmake'
[0.466s] Level 1:colcon.colcon_core.package_identification:_identify(lib/textColors) by extension 'python'
[0.466s] Level 1:colcon.colcon_core.package_identification:_identify(lib/textColors) by extensions ['python_setup_py']
[0.466s] Level 1:colcon.colcon_core.package_identification:_identify(lib/textColors) by extension 'python_setup_py'
[0.466s] Level 1:colcon.colcon_core.package_identification:_identify(log) by extensions ['ignore', 'ignore_ament_install']
[0.467s] Level 1:colcon.colcon_core.package_identification:_identify(log) by extension 'ignore'
[0.467s] Level 1:colcon.colcon_core.package_identification:_identify(log) ignored
[0.467s] Level 1:colcon.colcon_core.package_identification:_identify(src) by extensions ['ignore', 'ignore_ament_install']
[0.467s] Level 1:colcon.colcon_core.package_identification:_identify(src) by extension 'ignore'
[0.467s] Level 1:colcon.colcon_core.package_identification:_identify(src) by extension 'ignore_ament_install'
[0.467s] Level 1:colcon.colcon_core.package_identification:_identify(src) by extensions ['colcon_pkg']
[0.467s] Level 1:colcon.colcon_core.package_identification:_identify(src) by extension 'colcon_pkg'
[0.467s] Level 1:colcon.colcon_core.package_identification:_identify(src) by extensions ['colcon_meta']
[0.467s] Level 1:colcon.colcon_core.package_identification:_identify(src) by extension 'colcon_meta'
[0.467s] Level 1:colcon.colcon_core.package_identification:_identify(src) by extensions ['ros']
[0.467s] Level 1:colcon.colcon_core.package_identification:_identify(src) by extension 'ros'
[0.467s] Level 1:colcon.colcon_core.package_identification:_identify(src) by extensions ['cmake', 'python']
[0.468s] Level 1:colcon.colcon_core.package_identification:_identify(src) by extension 'cmake'
[0.468s] Level 1:colcon.colcon_core.package_identification:_identify(src) by extension 'python'
[0.468s] Level 1:colcon.colcon_core.package_identification:_identify(src) by extensions ['python_setup_py']
[0.468s] Level 1:colcon.colcon_core.package_identification:_identify(src) by extension 'python_setup_py'
[0.468s] Level 1:colcon.colcon_core.package_identification:_identify(src/tnsy_interfaces) by extensions ['ignore', 'ignore_ament_install']
[0.468s] Level 1:colcon.colcon_core.package_identification:_identify(src/tnsy_interfaces) by extension 'ignore'
[0.468s] Level 1:colcon.colcon_core.package_identification:_identify(src/tnsy_interfaces) by extension 'ignore_ament_install'
[0.468s] Level 1:colcon.colcon_core.package_identification:_identify(src/tnsy_interfaces) by extensions ['colcon_pkg']
[0.468s] Level 1:colcon.colcon_core.package_identification:_identify(src/tnsy_interfaces) by extension 'colcon_pkg'
[0.468s] Level 1:colcon.colcon_core.package_identification:_identify(src/tnsy_interfaces) by extensions ['colcon_meta']
[0.468s] Level 1:colcon.colcon_core.package_identification:_identify(src/tnsy_interfaces) by extension 'colcon_meta'
[0.468s] Level 1:colcon.colcon_core.package_identification:_identify(src/tnsy_interfaces) by extensions ['ros']
[0.468s] Level 1:colcon.colcon_core.package_identification:_identify(src/tnsy_interfaces) by extension 'ros'
[0.472s] DEBUG:colcon.colcon_core.package_identification:Package 'src/tnsy_interfaces' with type 'ros.ament_cmake' and name 'tnsy_interfaces'
[0.472s] Level 1:colcon.colcon_core.package_identification:_identify(src/tnsy_swrv_controller) by extensions ['ignore', 'ignore_ament_install']
[0.472s] Level 1:colcon.colcon_core.package_identification:_identify(src/tnsy_swrv_controller) by extension 'ignore'
[0.472s] Level 1:colcon.colcon_core.package_identification:_identify(src/tnsy_swrv_controller) by extension 'ignore_ament_install'
[0.472s] Level 1:colcon.colcon_core.package_identification:_identify(src/tnsy_swrv_controller) by extensions ['colcon_pkg']
[0.472s] Level 1:colcon.colcon_core.package_identification:_identify(src/tnsy_swrv_controller) by extension 'colcon_pkg'
[0.472s] Level 1:colcon.colcon_core.package_identification:_identify(src/tnsy_swrv_controller) by extensions ['colcon_meta']
[0.472s] Level 1:colcon.colcon_core.package_identification:_identify(src/tnsy_swrv_controller) by extension 'colcon_meta'
[0.472s] Level 1:colcon.colcon_core.package_identification:_identify(src/tnsy_swrv_controller) by extensions ['ros']
[0.473s] Level 1:colcon.colcon_core.package_identification:_identify(src/tnsy_swrv_controller) by extension 'ros'
[0.474s] DEBUG:colcon.colcon_core.package_identification:Package 'src/tnsy_swrv_controller' with type 'ros.ament_python' and name 'tnsy_swrv_controller'
[0.474s] Level 1:colcon.colcon_core.package_discovery:discover_packages(recursive) using defaults
[0.474s] Level 1:colcon.colcon_core.package_discovery:discover_packages(ignore) discover
[0.474s] Level 1:colcon.colcon_core.package_discovery:discover_packages(ignore) using defaults
[0.474s] Level 1:colcon.colcon_core.package_discovery:discover_packages(path) discover
[0.474s] Level 1:colcon.colcon_core.package_discovery:discover_packages(path) using defaults
[0.503s] Level 1:colcon.colcon_core.package_discovery:discover_packages(prefix_path) check parameters
[0.503s] Level 1:colcon.colcon_core.package_discovery:discover_packages(prefix_path) discover
[0.506s] DEBUG:colcon.colcon_installed_package_information.package_discovery:Found 3 installed packages in /home/aidan/microros_ws/install
[0.507s] DEBUG:colcon.colcon_installed_package_information.package_discovery:Found 2 installed packages in /home/aidan/GitHub/AidansRepo/TeensySwerve/install
[0.509s] DEBUG:colcon.colcon_installed_package_information.package_discovery:Found 318 installed packages in /opt/ros/humble
[0.511s] Level 1:colcon.colcon_core.package_discovery:discover_packages(prefix_path) using defaults
[0.589s] Level 5:colcon.colcon_core.verb:set package 'tnsy_interfaces' build argument 'cmake_args' from command line to 'None'
[0.589s] Level 5:colcon.colcon_core.verb:set package 'tnsy_interfaces' build argument 'cmake_target' from command line to 'None'
[0.589s] Level 5:colcon.colcon_core.verb:set package 'tnsy_interfaces' build argument 'cmake_target_skip_unavailable' from command line to 'False'
[0.589s] Level 5:colcon.colcon_core.verb:set package 'tnsy_interfaces' build argument 'cmake_clean_cache' from command line to 'False'
[0.589s] Level 5:colcon.colcon_core.verb:set package 'tnsy_interfaces' build argument 'cmake_clean_first' from command line to 'False'
[0.590s] Level 5:colcon.colcon_core.verb:set package 'tnsy_interfaces' build argument 'cmake_force_configure' from command line to 'False'
[0.590s] Level 5:colcon.colcon_core.verb:set package 'tnsy_interfaces' build argument 'ament_cmake_args' from command line to 'None'
[0.590s] Level 5:colcon.colcon_core.verb:set package 'tnsy_interfaces' build argument 'catkin_cmake_args' from command line to 'None'
[0.590s] Level 5:colcon.colcon_core.verb:set package 'tnsy_interfaces' build argument 'catkin_skip_building_tests' from command line to 'False'
[0.590s] DEBUG:colcon.colcon_core.verb:Building package 'tnsy_interfaces' with the following arguments: {'ament_cmake_args': None, 'build_base': '/home/aidan/GitHub/AidansRepo/TeensySwerve/build/tnsy_interfaces', 'catkin_cmake_args': None, 'catkin_skip_building_tests': False, 'cmake_args': None, 'cmake_clean_cache': False, 'cmake_clean_first': False, 'cmake_force_configure': False, 'cmake_target': None, 'cmake_target_skip_unavailable': False, 'install_base': '/home/aidan/GitHub/AidansRepo/TeensySwerve/install/tnsy_interfaces', 'merge_install': False, 'path': '/home/aidan/GitHub/AidansRepo/TeensySwerve/src/tnsy_interfaces', 'symlink_install': False, 'test_result_base': None}
[0.590s] Level 5:colcon.colcon_core.verb:set package 'tnsy_swrv_controller' build argument 'cmake_args' from command line to 'None'
[0.590s] Level 5:colcon.colcon_core.verb:set package 'tnsy_swrv_controller' build argument 'cmake_target' from command line to 'None'
[0.590s] Level 5:colcon.colcon_core.verb:set package 'tnsy_swrv_controller' build argument 'cmake_target_skip_unavailable' from command line to 'False'
[0.590s] Level 5:colcon.colcon_core.verb:set package 'tnsy_swrv_controller' build argument 'cmake_clean_cache' from command line to 'False'
[0.590s] Level 5:colcon.colcon_core.verb:set package 'tnsy_swrv_controller' build argument 'cmake_clean_first' from command line to 'False'
[0.590s] Level 5:colcon.colcon_core.verb:set package 'tnsy_swrv_controller' build argument 'cmake_force_configure' from command line to 'False'
[0.590s] Level 5:colcon.colcon_core.verb:set package 'tnsy_swrv_controller' build argument 'ament_cmake_args' from command line to 'None'
[0.591s] Level 5:colcon.colcon_core.verb:set package 'tnsy_swrv_controller' build argument 'catkin_cmake_args' from command line to 'None'
[0.591s] Level 5:colcon.colcon_core.verb:set package 'tnsy_swrv_controller' build argument 'catkin_skip_building_tests' from command line to 'False'
[0.591s] DEBUG:colcon.colcon_core.verb:Building package 'tnsy_swrv_controller' with the following arguments: {'ament_cmake_args': None, 'build_base': '/home/aidan/GitHub/AidansRepo/TeensySwerve/build/tnsy_swrv_controller', 'catkin_cmake_args': None, 'catkin_skip_building_tests': False, 'cmake_args': None, 'cmake_clean_cache': False, 'cmake_clean_first': False, 'cmake_force_configure': False, 'cmake_target': None, 'cmake_target_skip_unavailable': False, 'install_base': '/home/aidan/GitHub/AidansRepo/TeensySwerve/install/tnsy_swrv_controller', 'merge_install': False, 'path': '/home/aidan/GitHub/AidansRepo/TeensySwerve/src/tnsy_swrv_controller', 'symlink_install': False, 'test_result_base': None}
[0.591s] INFO:colcon.colcon_core.executor:Executing jobs using 'parallel' executor
[0.592s] DEBUG:colcon.colcon_parallel_executor.executor.parallel:run_until_complete
[0.593s] INFO:colcon.colcon_ros.task.ament_cmake.build:Building ROS package in '/home/aidan/GitHub/AidansRepo/TeensySwerve/src/tnsy_interfaces' with build type 'ament_cmake'
[0.593s] INFO:colcon.colcon_cmake.task.cmake.build:Building CMake package in '/home/aidan/GitHub/AidansRepo/TeensySwerve/src/tnsy_interfaces'
[0.596s] INFO:colcon.colcon_core.plugin_system:Skipping extension 'colcon_core.shell.bat': Not used on non-Windows systems
[0.596s] INFO:colcon.colcon_core.shell:Skip shell extension 'powershell' for command environment: Not usable outside of PowerShell
[0.596s] DEBUG:colcon.colcon_core.shell:Skip shell extension 'dsv' for command environment
[0.616s] DEBUG:colcon.colcon_core.event_handler.log_command:Invoking command in '/home/aidan/GitHub/AidansRepo/TeensySwerve/build/tnsy_interfaces': CMAKE_PREFIX_PATH=${CMAKE_PREFIX_PATH}:/home/aidan/GitHub/AidansRepo/TeensySwerve/install/tnsy_swrv_controller:/opt/ros/humble /usr/bin/cmake --build /home/aidan/GitHub/AidansRepo/TeensySwerve/build/tnsy_interfaces -- -j4 -l4
[1.524s] DEBUG:colcon.colcon_core.event_handler.log_command:Invoked command in '/home/aidan/GitHub/AidansRepo/TeensySwerve/build/tnsy_interfaces' returned '0': CMAKE_PREFIX_PATH=${CMAKE_PREFIX_PATH}:/home/aidan/GitHub/AidansRepo/TeensySwerve/install/tnsy_swrv_controller:/opt/ros/humble /usr/bin/cmake --build /home/aidan/GitHub/AidansRepo/TeensySwerve/build/tnsy_interfaces -- -j4 -l4
[1.633s] DEBUG:colcon.colcon_core.event_handler.log_command:Invoking command in '/home/aidan/GitHub/AidansRepo/TeensySwerve/build/tnsy_interfaces': CMAKE_PREFIX_PATH=${CMAKE_PREFIX_PATH}:/home/aidan/GitHub/AidansRepo/TeensySwerve/install/tnsy_swrv_controller:/opt/ros/humble /usr/bin/cmake --install /home/aidan/GitHub/AidansRepo/TeensySwerve/build/tnsy_interfaces
[1.737s] Level 1:colcon.colcon_core.environment:create_environment_scripts_only(tnsy_interfaces)
[1.738s] DEBUG:colcon.colcon_core.event_handler.log_command:Invoked command in '/home/aidan/GitHub/AidansRepo/TeensySwerve/build/tnsy_interfaces' returned '0': CMAKE_PREFIX_PATH=${CMAKE_PREFIX_PATH}:/home/aidan/GitHub/AidansRepo/TeensySwerve/install/tnsy_swrv_controller:/opt/ros/humble /usr/bin/cmake --install /home/aidan/GitHub/AidansRepo/TeensySwerve/build/tnsy_interfaces
[1.742s] Level 1:colcon.colcon_core.environment:checking '/home/aidan/GitHub/AidansRepo/TeensySwerve/install/tnsy_interfaces' for CMake module files
[1.743s] Level 1:colcon.colcon_core.environment:checking '/home/aidan/GitHub/AidansRepo/TeensySwerve/install/tnsy_interfaces' for CMake config files
[1.743s] Level 1:colcon.colcon_core.shell:create_environment_hook('tnsy_interfaces', 'cmake_prefix_path')
[1.744s] INFO:colcon.colcon_core.shell:Creating environment hook '/home/aidan/GitHub/AidansRepo/TeensySwerve/install/tnsy_interfaces/share/tnsy_interfaces/hook/cmake_prefix_path.ps1'
[1.744s] INFO:colcon.colcon_core.shell:Creating environment descriptor '/home/aidan/GitHub/AidansRepo/TeensySwerve/install/tnsy_interfaces/share/tnsy_interfaces/hook/cmake_prefix_path.dsv'
[1.745s] INFO:colcon.colcon_core.shell:Creating environment hook '/home/aidan/GitHub/AidansRepo/TeensySwerve/install/tnsy_interfaces/share/tnsy_interfaces/hook/cmake_prefix_path.sh'
[1.746s] Level 1:colcon.colcon_core.environment:checking '/home/aidan/GitHub/AidansRepo/TeensySwerve/install/tnsy_interfaces/lib'
[1.746s] Level 1:colcon.colcon_core.shell:create_environment_hook('tnsy_interfaces', 'ld_library_path_lib')
[1.747s] INFO:colcon.colcon_core.shell:Creating environment hook '/home/aidan/GitHub/AidansRepo/TeensySwerve/install/tnsy_interfaces/share/tnsy_interfaces/hook/ld_library_path_lib.ps1'
[1.747s] INFO:colcon.colcon_core.shell:Creating environment descriptor '/home/aidan/GitHub/AidansRepo/TeensySwerve/install/tnsy_interfaces/share/tnsy_interfaces/hook/ld_library_path_lib.dsv'
[1.748s] INFO:colcon.colcon_core.shell:Creating environment hook '/home/aidan/GitHub/AidansRepo/TeensySwerve/install/tnsy_interfaces/share/tnsy_interfaces/hook/ld_library_path_lib.sh'
[1.748s] Level 1:colcon.colcon_core.environment:checking '/home/aidan/GitHub/AidansRepo/TeensySwerve/install/tnsy_interfaces/bin'
[1.749s] Level 1:colcon.colcon_core.environment:checking '/home/aidan/GitHub/AidansRepo/TeensySwerve/install/tnsy_interfaces/lib/pkgconfig/tnsy_interfaces.pc'
[1.749s] Level 1:colcon.colcon_core.environment:checking '/home/aidan/GitHub/AidansRepo/TeensySwerve/install/tnsy_interfaces/lib/python3.10/site-packages'
[1.749s] Level 1:colcon.colcon_core.environment:checking '/home/aidan/GitHub/AidansRepo/TeensySwerve/install/tnsy_interfaces/bin'
[1.750s] INFO:colcon.colcon_core.shell:Creating package script '/home/aidan/GitHub/AidansRepo/TeensySwerve/install/tnsy_interfaces/share/tnsy_interfaces/package.ps1'
[1.751s] INFO:colcon.colcon_core.shell:Creating package descriptor '/home/aidan/GitHub/AidansRepo/TeensySwerve/install/tnsy_interfaces/share/tnsy_interfaces/package.dsv'
[1.752s] INFO:colcon.colcon_core.shell:Creating package script '/home/aidan/GitHub/AidansRepo/TeensySwerve/install/tnsy_interfaces/share/tnsy_interfaces/package.sh'
[1.753s] INFO:colcon.colcon_core.shell:Creating package script '/home/aidan/GitHub/AidansRepo/TeensySwerve/install/tnsy_interfaces/share/tnsy_interfaces/package.bash'
[1.754s] INFO:colcon.colcon_core.shell:Creating package script '/home/aidan/GitHub/AidansRepo/TeensySwerve/install/tnsy_interfaces/share/tnsy_interfaces/package.zsh'
[1.756s] Level 1:colcon.colcon_core.environment:create_file_with_runtime_dependencies(/home/aidan/GitHub/AidansRepo/TeensySwerve/install/tnsy_interfaces/share/colcon-core/packages/tnsy_interfaces)
[1.860s] Level 1:colcon.colcon_core.environment:create_environment_scripts_only(tnsy_interfaces)
[1.860s] Level 1:colcon.colcon_core.environment:checking '/home/aidan/GitHub/AidansRepo/TeensySwerve/install/tnsy_interfaces' for CMake module files
[1.861s] Level 1:colcon.colcon_core.environment:checking '/home/aidan/GitHub/AidansRepo/TeensySwerve/install/tnsy_interfaces' for CMake config files
[1.862s] Level 1:colcon.colcon_core.shell:create_environment_hook('tnsy_interfaces', 'cmake_prefix_path')
[1.862s] INFO:colcon.colcon_core.shell:Creating environment hook '/home/aidan/GitHub/AidansRepo/TeensySwerve/install/tnsy_interfaces/share/tnsy_interfaces/hook/cmake_prefix_path.ps1'
[1.863s] INFO:colcon.colcon_core.shell:Creating environment descriptor '/home/aidan/GitHub/AidansRepo/TeensySwerve/install/tnsy_interfaces/share/tnsy_interfaces/hook/cmake_prefix_path.dsv'
[1.863s] INFO:colcon.colcon_core.shell:Creating environment hook '/home/aidan/GitHub/AidansRepo/TeensySwerve/install/tnsy_interfaces/share/tnsy_interfaces/hook/cmake_prefix_path.sh'
[1.864s] Level 1:colcon.colcon_core.environment:checking '/home/aidan/GitHub/AidansRepo/TeensySwerve/install/tnsy_interfaces/lib'
[1.864s] Level 1:colcon.colcon_core.shell:create_environment_hook('tnsy_interfaces', 'ld_library_path_lib')
[1.865s] INFO:colcon.colcon_core.shell:Creating environment hook '/home/aidan/GitHub/AidansRepo/TeensySwerve/install/tnsy_interfaces/share/tnsy_interfaces/hook/ld_library_path_lib.ps1'
[1.865s] INFO:colcon.colcon_core.shell:Creating environment descriptor '/home/aidan/GitHub/AidansRepo/TeensySwerve/install/tnsy_interfaces/share/tnsy_interfaces/hook/ld_library_path_lib.dsv'
[1.866s] INFO:colcon.colcon_core.shell:Creating environment hook '/home/aidan/GitHub/AidansRepo/TeensySwerve/install/tnsy_interfaces/share/tnsy_interfaces/hook/ld_library_path_lib.sh'
[1.866s] Level 1:colcon.colcon_core.environment:checking '/home/aidan/GitHub/AidansRepo/TeensySwerve/install/tnsy_interfaces/bin'
[1.866s] Level 1:colcon.colcon_core.environment:checking '/home/aidan/GitHub/AidansRepo/TeensySwerve/install/tnsy_interfaces/lib/pkgconfig/tnsy_interfaces.pc'
[1.867s] Level 1:colcon.colcon_core.environment:checking '/home/aidan/GitHub/AidansRepo/TeensySwerve/install/tnsy_interfaces/lib/python3.10/site-packages'
[1.867s] Level 1:colcon.colcon_core.environment:checking '/home/aidan/GitHub/AidansRepo/TeensySwerve/install/tnsy_interfaces/bin'
[1.868s] INFO:colcon.colcon_core.shell:Creating package script '/home/aidan/GitHub/AidansRepo/TeensySwerve/install/tnsy_interfaces/share/tnsy_interfaces/package.ps1'
[1.869s] INFO:colcon.colcon_core.shell:Creating package descriptor '/home/aidan/GitHub/AidansRepo/TeensySwerve/install/tnsy_interfaces/share/tnsy_interfaces/package.dsv'
[1.869s] INFO:colcon.colcon_core.shell:Creating package script '/home/aidan/GitHub/AidansRepo/TeensySwerve/install/tnsy_interfaces/share/tnsy_interfaces/package.sh'
[1.870s] INFO:colcon.colcon_core.shell:Creating package script '/home/aidan/GitHub/AidansRepo/TeensySwerve/install/tnsy_interfaces/share/tnsy_interfaces/package.bash'
[1.871s] INFO:colcon.colcon_core.shell:Creating package script '/home/aidan/GitHub/AidansRepo/TeensySwerve/install/tnsy_interfaces/share/tnsy_interfaces/package.zsh'
[1.871s] Level 1:colcon.colcon_core.environment:create_file_with_runtime_dependencies(/home/aidan/GitHub/AidansRepo/TeensySwerve/install/tnsy_interfaces/share/colcon-core/packages/tnsy_interfaces)
[1.872s] INFO:colcon.colcon_ros.task.ament_python.build:Building ROS package in '/home/aidan/GitHub/AidansRepo/TeensySwerve/src/tnsy_swrv_controller' with build type 'ament_python'
[1.872s] Level 1:colcon.colcon_core.shell:create_environment_hook('tnsy_swrv_controller', 'ament_prefix_path')
[1.873s] INFO:colcon.colcon_core.shell:Creating environment hook '/home/aidan/GitHub/AidansRepo/TeensySwerve/install/tnsy_swrv_controller/share/tnsy_swrv_controller/hook/ament_prefix_path.ps1'
[1.874s] INFO:colcon.colcon_core.shell:Creating environment descriptor '/home/aidan/GitHub/AidansRepo/TeensySwerve/install/tnsy_swrv_controller/share/tnsy_swrv_controller/hook/ament_prefix_path.dsv'
[1.875s] INFO:colcon.colcon_core.shell:Creating environment hook '/home/aidan/GitHub/AidansRepo/TeensySwerve/install/tnsy_swrv_controller/share/tnsy_swrv_controller/hook/ament_prefix_path.sh'
[1.876s] INFO:colcon.colcon_core.shell:Skip shell extension 'powershell' for command environment: Not usable outside of PowerShell
[1.876s] DEBUG:colcon.colcon_core.shell:Skip shell extension 'dsv' for command environment
[2.393s] INFO:colcon.colcon_core.task.python.build:Building Python package in '/home/aidan/GitHub/AidansRepo/TeensySwerve/src/tnsy_swrv_controller'
[2.394s] INFO:colcon.colcon_core.shell:Skip shell extension 'powershell' for command environment: Not usable outside of PowerShell
[2.394s] DEBUG:colcon.colcon_core.shell:Skip shell extension 'dsv' for command environment
[3.068s] DEBUG:colcon.colcon_core.event_handler.log_command:Invoking command in '/home/aidan/GitHub/AidansRepo/TeensySwerve/build/tnsy_swrv_controller': CMAKE_PREFIX_PATH=/home/aidan/GitHub/AidansRepo/TeensySwerve/install/tnsy_interfaces:/home/aidan/microros_ws/install/micro_ros_setup:/home/aidan/microros_ws/install/micro_ros_agent:/home/aidan/microros_ws/install/micro_ros_msgs LD_LIBRARY_PATH=/home/aidan/GitHub/AidansRepo/TeensySwerve/install/tnsy_interfaces/lib:/home/aidan/microros_ws/install/micro_ros_agent/lib:/home/aidan/microros_ws/install/micro_ros_msgs/lib:/opt/ros/humble/opt/rviz_ogre_vendor/lib:/opt/ros/humble/lib/x86_64-linux-gnu:/opt/ros/humble/lib PYTHONPATH=/home/aidan/GitHub/AidansRepo/TeensySwerve/build/tnsy_swrv_controller/prefix_override:/home/aidan/GitHub/AidansRepo/TeensySwerve/install/tnsy_swrv_controller/lib/python3.10/site-packages:${PYTHONPATH} /usr/bin/python3 -W ignore:setup.py install is deprecated setup.py develop --uninstall --editable --build-directory /home/aidan/GitHub/AidansRepo/TeensySwerve/build/tnsy_swrv_controller/build
[3.929s] DEBUG:colcon.colcon_core.event_handler.log_command:Invoked command in '/home/aidan/GitHub/AidansRepo/TeensySwerve/build/tnsy_swrv_controller' returned '0': CMAKE_PREFIX_PATH=/home/aidan/GitHub/AidansRepo/TeensySwerve/install/tnsy_interfaces:/home/aidan/microros_ws/install/micro_ros_setup:/home/aidan/microros_ws/install/micro_ros_agent:/home/aidan/microros_ws/install/micro_ros_msgs LD_LIBRARY_PATH=/home/aidan/GitHub/AidansRepo/TeensySwerve/install/tnsy_interfaces/lib:/home/aidan/microros_ws/install/micro_ros_agent/lib:/home/aidan/microros_ws/install/micro_ros_msgs/lib:/opt/ros/humble/opt/rviz_ogre_vendor/lib:/opt/ros/humble/lib/x86_64-linux-gnu:/opt/ros/humble/lib PYTHONPATH=/home/aidan/GitHub/AidansRepo/TeensySwerve/build/tnsy_swrv_controller/prefix_override:/home/aidan/GitHub/AidansRepo/TeensySwerve/install/tnsy_swrv_controller/lib/python3.10/site-packages:${PYTHONPATH} /usr/bin/python3 -W ignore:setup.py install is deprecated setup.py develop --uninstall --editable --build-directory /home/aidan/GitHub/AidansRepo/TeensySwerve/build/tnsy_swrv_controller/build
[3.935s] DEBUG:colcon.colcon_core.event_handler.log_command:Invoking command in '/home/aidan/GitHub/AidansRepo/TeensySwerve/src/tnsy_swrv_controller': CMAKE_PREFIX_PATH=/home/aidan/GitHub/AidansRepo/TeensySwerve/install/tnsy_interfaces:/home/aidan/microros_ws/install/micro_ros_setup:/home/aidan/microros_ws/install/micro_ros_agent:/home/aidan/microros_ws/install/micro_ros_msgs LD_LIBRARY_PATH=/home/aidan/GitHub/AidansRepo/TeensySwerve/install/tnsy_interfaces/lib:/home/aidan/microros_ws/install/micro_ros_agent/lib:/home/aidan/microros_ws/install/micro_ros_msgs/lib:/opt/ros/humble/opt/rviz_ogre_vendor/lib:/opt/ros/humble/lib/x86_64-linux-gnu:/opt/ros/humble/lib PYTHONPATH=/home/aidan/GitHub/AidansRepo/TeensySwerve/build/tnsy_swrv_controller/prefix_override:/home/aidan/GitHub/AidansRepo/TeensySwerve/install/tnsy_swrv_controller/lib/python3.10/site-packages:${PYTHONPATH} /usr/bin/python3 -W ignore:setup.py install is deprecated setup.py egg_info --egg-base ../../build/tnsy_swrv_controller build --build-base /home/aidan/GitHub/AidansRepo/TeensySwerve/build/tnsy_swrv_controller/build install --record /home/aidan/GitHub/AidansRepo/TeensySwerve/build/tnsy_swrv_controller/install.log --single-version-externally-managed install_data --force
[4.482s] Level 1:colcon.colcon_core.environment:checking '/home/aidan/GitHub/AidansRepo/TeensySwerve/install/tnsy_swrv_controller' for CMake module files
[4.483s] DEBUG:colcon.colcon_core.event_handler.log_command:Invoked command in '/home/aidan/GitHub/AidansRepo/TeensySwerve/src/tnsy_swrv_controller' returned '0': CMAKE_PREFIX_PATH=/home/aidan/GitHub/AidansRepo/TeensySwerve/install/tnsy_interfaces:/home/aidan/microros_ws/install/micro_ros_setup:/home/aidan/microros_ws/install/micro_ros_agent:/home/aidan/microros_ws/install/micro_ros_msgs LD_LIBRARY_PATH=/home/aidan/GitHub/AidansRepo/TeensySwerve/install/tnsy_interfaces/lib:/home/aidan/microros_ws/install/micro_ros_agent/lib:/home/aidan/microros_ws/install/micro_ros_msgs/lib:/opt/ros/humble/opt/rviz_ogre_vendor/lib:/opt/ros/humble/lib/x86_64-linux-gnu:/opt/ros/humble/lib PYTHONPATH=/home/aidan/GitHub/AidansRepo/TeensySwerve/build/tnsy_swrv_controller/prefix_override:/home/aidan/GitHub/AidansRepo/TeensySwerve/install/tnsy_swrv_controller/lib/python3.10/site-packages:${PYTHONPATH} /usr/bin/python3 -W ignore:setup.py install is deprecated setup.py egg_info --egg-base ../../build/tnsy_swrv_controller build --build-base /home/aidan/GitHub/AidansRepo/TeensySwerve/build/tnsy_swrv_controller/build install --record /home/aidan/GitHub/AidansRepo/TeensySwerve/build/tnsy_swrv_controller/install.log --single-version-externally-managed install_data --force
[4.483s] Level 1:colcon.colcon_core.environment:checking '/home/aidan/GitHub/AidansRepo/TeensySwerve/install/tnsy_swrv_controller' for CMake config files
[4.484s] Level 1:colcon.colcon_core.environment:checking '/home/aidan/GitHub/AidansRepo/TeensySwerve/install/tnsy_swrv_controller/lib'
[4.484s] Level 1:colcon.colcon_core.environment:checking '/home/aidan/GitHub/AidansRepo/TeensySwerve/install/tnsy_swrv_controller/bin'
[4.484s] Level 1:colcon.colcon_core.environment:checking '/home/aidan/GitHub/AidansRepo/TeensySwerve/install/tnsy_swrv_controller/lib/pkgconfig/tnsy_swrv_controller.pc'
[4.485s] Level 1:colcon.colcon_core.environment:checking '/home/aidan/GitHub/AidansRepo/TeensySwerve/install/tnsy_swrv_controller/lib/python3.10/site-packages'
[4.485s] Level 1:colcon.colcon_core.shell:create_environment_hook('tnsy_swrv_controller', 'pythonpath')
[4.485s] INFO:colcon.colcon_core.shell:Creating environment hook '/home/aidan/GitHub/AidansRepo/TeensySwerve/install/tnsy_swrv_controller/share/tnsy_swrv_controller/hook/pythonpath.ps1'
[4.486s] INFO:colcon.colcon_core.shell:Creating environment descriptor '/home/aidan/GitHub/AidansRepo/TeensySwerve/install/tnsy_swrv_controller/share/tnsy_swrv_controller/hook/pythonpath.dsv'
[4.487s] INFO:colcon.colcon_core.shell:Creating environment hook '/home/aidan/GitHub/AidansRepo/TeensySwerve/install/tnsy_swrv_controller/share/tnsy_swrv_controller/hook/pythonpath.sh'
[4.487s] Level 1:colcon.colcon_core.environment:checking '/home/aidan/GitHub/AidansRepo/TeensySwerve/install/tnsy_swrv_controller/bin'
[4.488s] Level 1:colcon.colcon_core.environment:create_environment_scripts_only(tnsy_swrv_controller)
[4.488s] INFO:colcon.colcon_core.shell:Creating package script '/home/aidan/GitHub/AidansRepo/TeensySwerve/install/tnsy_swrv_controller/share/tnsy_swrv_controller/package.ps1'
[4.489s] INFO:colcon.colcon_core.shell:Creating package descriptor '/home/aidan/GitHub/AidansRepo/TeensySwerve/install/tnsy_swrv_controller/share/tnsy_swrv_controller/package.dsv'
[4.489s] INFO:colcon.colcon_core.shell:Creating package script '/home/aidan/GitHub/AidansRepo/TeensySwerve/install/tnsy_swrv_controller/share/tnsy_swrv_controller/package.sh'
[4.490s] INFO:colcon.colcon_core.shell:Creating package script '/home/aidan/GitHub/AidansRepo/TeensySwerve/install/tnsy_swrv_controller/share/tnsy_swrv_controller/package.bash'
[4.491s] INFO:colcon.colcon_core.shell:Creating package script '/home/aidan/GitHub/AidansRepo/TeensySwerve/install/tnsy_swrv_controller/share/tnsy_swrv_controller/package.zsh'
[4.491s] Level 1:colcon.colcon_core.environment:create_file_with_runtime_dependencies(/home/aidan/GitHub/AidansRepo/TeensySwerve/install/tnsy_swrv_controller/share/colcon-core/packages/tnsy_swrv_controller)
[4.491s] DEBUG:colcon.colcon_parallel_executor.executor.parallel:closing loop
[4.492s] DEBUG:colcon.colcon_parallel_executor.executor.parallel:loop closed
[4.492s] DEBUG:colcon.colcon_parallel_executor.executor.parallel:run_until_complete finished with '0'
[4.492s] DEBUG:colcon.colcon_core.event_reactor:joining thread
[4.509s] INFO:colcon.colcon_core.plugin_system:Skipping extension 'colcon_notification.desktop_notification.terminal_notifier': Not used on non-Darwin systems
[4.510s] INFO:colcon.colcon_core.plugin_system:Skipping extension 'colcon_notification.desktop_notification.win32': Not used on non-Windows systems
[4.510s] INFO:colcon.colcon_notification.desktop_notification:Sending desktop notification using 'notify2'
[4.550s] DEBUG:colcon.colcon_core.event_reactor:joined thread
[4.551s] INFO:colcon.colcon_core.shell:Creating prefix script '/home/aidan/GitHub/AidansRepo/TeensySwerve/install/local_setup.ps1'
[4.553s] INFO:colcon.colcon_core.shell:Creating prefix util module '/home/aidan/GitHub/AidansRepo/TeensySwerve/install/_local_setup_util_ps1.py'
[4.555s] INFO:colcon.colcon_core.shell:Creating prefix chain script '/home/aidan/GitHub/AidansRepo/TeensySwerve/install/setup.ps1'
[4.557s] INFO:colcon.colcon_core.shell:Creating prefix script '/home/aidan/GitHub/AidansRepo/TeensySwerve/install/local_setup.sh'
[4.558s] INFO:colcon.colcon_core.shell:Creating prefix util module '/home/aidan/GitHub/AidansRepo/TeensySwerve/install/_local_setup_util_sh.py'
[4.558s] INFO:colcon.colcon_core.shell:Creating prefix chain script '/home/aidan/GitHub/AidansRepo/TeensySwerve/install/setup.sh'
[4.560s] INFO:colcon.colcon_core.shell:Creating prefix script '/home/aidan/GitHub/AidansRepo/TeensySwerve/install/local_setup.bash'
[4.561s] INFO:colcon.colcon_core.shell:Creating prefix chain script '/home/aidan/GitHub/AidansRepo/TeensySwerve/install/setup.bash'
[4.564s] INFO:colcon.colcon_core.shell:Creating prefix script '/home/aidan/GitHub/AidansRepo/TeensySwerve/install/local_setup.zsh'
[4.565s] INFO:colcon.colcon_core.shell:Creating prefix chain script '/home/aidan/GitHub/AidansRepo/TeensySwerve/install/setup.zsh'
