[0.112s] Invoking command in '/home/aidan/GitHub/AidansRepo/TeensySwerve/build/actionlib_msgs': CMAKE_PREFIX_PATH=/home/aidan/GitHub/AidansRepo/TeensySwerve/install/std_msgs:/home/aidan/GitHub/AidansRepo/TeensySwerve/install/builtin_interfaces:/home/aidan/GitHub/AidansRepo/TeensySwerve/install/micro_ros_demos_rclc:/home/aidan/GitHub/AidansRepo/TeensySwerve/install/common_interfaces:/home/aidan/GitHub/AidansRepo/TeensySwerve/install/visualization_msgs:/home/aidan/GitHub/AidansRepo/TeensySwerve/install/test_msgs:/home/aidan/GitHub/AidansRepo/TeensySwerve/install/example_interfaces:/home/aidan/GitHub/AidansRepo/TeensySwerve/install/action_msgs:/home/aidan/GitHub/AidansRepo/TeensySwerve/install/unique_identifier_msgs:/home/aidan/GitHub/AidansRepo/TeensySwerve/install/trajectory_msgs:/home/aidan/GitHub/AidansRepo/TeensySwerve/install/stereo_msgs:/home/aidan/GitHub/AidansRepo/TeensySwerve/install/std_srvs:/home/aidan/GitHub/AidansRepo/TeensySwerve/install/shape_msgs:/home/aidan/GitHub/AidansRepo/TeensySwerve/install/sensor_msgs:/home/aidan/GitHub/AidansRepo/TeensySwerve/install/nav_msgs:/home/aidan/GitHub/AidansRepo/TeensySwerve/install/diagnostic_msgs:/home/aidan/GitHub/AidansRepo/TeensySwerve/install/geometry_msgs:/home/aidan/GitHub/AidansRepo/TeensySwerve/install/actionlib_msgs:/home/aidan/GitHub/AidansRepo/TeensySwerve/install/statistics_msgs:/home/aidan/GitHub/AidansRepo/TeensySwerve/install/rosidl_typesupport_microxrcedds_test_msg:/home/aidan/GitHub/AidansRepo/TeensySwerve/install/rosidl_typesupport_microxrcedds_cpp_tests:/home/aidan/GitHub/AidansRepo/TeensySwerve/install/rmw_microxrcedds:/home/aidan/GitHub/AidansRepo/TeensySwerve/install/rosidl_typesupport_microxrcedds_cpp:/home/aidan/GitHub/AidansRepo/TeensySwerve/install/rosidl_typesupport_microxrcedds_c_tests:/home/aidan/GitHub/AidansRepo/TeensySwerve/install/rosidl_typesupport_microxrcedds_c:/home/aidan/GitHub/AidansRepo/TeensySwerve/install/rosgraph_msgs:/home/aidan/GitHub/AidansRepo/TeensySwerve/install/rclc_parameter:/home/aidan/GitHub/AidansRepo/TeensySwerve/install/rclc:/home/aidan/GitHub/AidansRepo/TeensySwerve/install/composition_interfaces:/home/aidan/GitHub/AidansRepo/TeensySwerve/install/rcl_interfaces:/home/aidan/GitHub/AidansRepo/TeensySwerve/install/microxrcedds_client:/home/aidan/GitHub/AidansRepo/TeensySwerve/install/microcdr:/home/aidan/GitHub/AidansRepo/TeensySwerve/install/micro_ros_utilities:/home/aidan/GitHub/AidansRepo/TeensySwerve/install/micro_ros_msgs:/home/aidan/GitHub/AidansRepo/TeensySwerve/install/lifecycle_msgs:/home/aidan/GitHub/AidansRepo/TeensySwerve/install/complex_msgs:/home/aidan/GitHub/AidansRepo/TeensySwerve/install/tnsy_interfaces:/home/aidan/microros_ws/install/micro_ros_setup:/home/aidan/microros_ws/install/micro_ros_agent:/home/aidan/microros_ws/install/micro_ros_msgs:/home/aidan/GitHub/AidansRepo/TeensySwerve/install/sensor_msgs_py:/home/aidan/GitHub/AidansRepo/TeensySwerve/install/tnsy_swrv_controller:/opt/ros/humble LD_LIBRARY_PATH=/home/aidan/GitHub/AidansRepo/TeensySwerve/install/std_msgs/lib:/home/aidan/GitHub/AidansRepo/TeensySwerve/install/builtin_interfaces/lib:/home/aidan/GitHub/AidansRepo/TeensySwerve/install/visualization_msgs/lib:/home/aidan/GitHub/AidansRepo/TeensySwerve/install/test_msgs/lib:/home/aidan/GitHub/AidansRepo/TeensySwerve/install/example_interfaces/lib:/home/aidan/GitHub/AidansRepo/TeensySwerve/install/action_msgs/lib:/home/aidan/GitHub/AidansRepo/TeensySwerve/install/unique_identifier_msgs/lib:/home/aidan/GitHub/AidansRepo/TeensySwerve/install/trajectory_msgs/lib:/home/aidan/GitHub/AidansRepo/TeensySwerve/install/stereo_msgs/lib:/home/aidan/GitHub/AidansRepo/TeensySwerve/install/std_srvs/lib:/home/aidan/GitHub/AidansRepo/TeensySwerve/install/shape_msgs/lib:/home/aidan/GitHub/AidansRepo/TeensySwerve/install/sensor_msgs/lib:/home/aidan/GitHub/AidansRepo/TeensySwerve/install/nav_msgs/lib:/home/aidan/GitHub/AidansRepo/TeensySwerve/install/diagnostic_msgs/lib:/home/aidan/GitHub/AidansRepo/TeensySwerve/install/geometry_msgs/lib:/home/aidan/GitHub/AidansRepo/TeensySwerve/install/actionlib_msgs/lib:/home/aidan/GitHub/AidansRepo/TeensySwerve/install/statistics_msgs/lib:/home/aidan/GitHub/AidansRepo/TeensySwerve/install/rosidl_typesupport_microxrcedds_test_msg/lib:/home/aidan/GitHub/AidansRepo/TeensySwerve/install/rmw_microxrcedds/lib:/home/aidan/GitHub/AidansRepo/TeensySwerve/install/rosidl_typesupport_microxrcedds_cpp/lib:/home/aidan/GitHub/AidansRepo/TeensySwerve/install/rosidl_typesupport_microxrcedds_c/lib:/home/aidan/GitHub/AidansRepo/TeensySwerve/install/rosgraph_msgs/lib:/home/aidan/GitHub/AidansRepo/TeensySwerve/install/rclc_parameter/lib:/home/aidan/GitHub/AidansRepo/TeensySwerve/install/rclc/lib:/home/aidan/GitHub/AidansRepo/TeensySwerve/install/composition_interfaces/lib:/home/aidan/GitHub/AidansRepo/TeensySwerve/install/rcl_interfaces/lib:/home/aidan/GitHub/AidansRepo/TeensySwerve/install/micro_ros_utilities/lib:/home/aidan/GitHub/AidansRepo/TeensySwerve/install/micro_ros_msgs/lib:/home/aidan/GitHub/AidansRepo/TeensySwerve/install/lifecycle_msgs/lib:/home/aidan/GitHub/AidansRepo/TeensySwerve/install/complex_msgs/lib:/home/aidan/GitHub/AidansRepo/TeensySwerve/install/tnsy_interfaces/lib:/home/aidan/microros_ws/install/micro_ros_agent/lib:/home/aidan/microros_ws/install/micro_ros_msgs/lib:/opt/ros/humble/opt/rviz_ogre_vendor/lib:/opt/ros/humble/lib/x86_64-linux-gnu:/opt/ros/humble/lib /usr/bin/cmake --build /home/aidan/GitHub/AidansRepo/TeensySwerve/build/actionlib_msgs -- -j4 -l4
[0.677s] [  2%] Built target actionlib_msgs__cpp
[0.917s] [  2%] Built target ament_cmake_python_copy_actionlib_msgs
[1.125s] [ 12%] Built target actionlib_msgs__rosidl_typesupport_fastrtps_cpp
[1.375s] [ 23%] Built target actionlib_msgs__rosidl_typesupport_introspection_cpp
[4.515s] running egg_info
[4.520s] writing actionlib_msgs.egg-info/PKG-INFO
[4.521s] writing dependency_links to actionlib_msgs.egg-info/dependency_links.txt
[4.527s] writing top-level names to actionlib_msgs.egg-info/top_level.txt
[4.539s] reading manifest file 'actionlib_msgs.egg-info/SOURCES.txt'
[4.545s] writing manifest file 'actionlib_msgs.egg-info/SOURCES.txt'
[4.819s] [ 23%] Built target ament_cmake_python_build_actionlib_msgs_egg
[5.016s] [ 34%] Built target actionlib_msgs__rosidl_typesupport_cpp
[5.206s] [ 44%] Built target actionlib_msgs__rosidl_generator_c
[5.451s] [ 55%] Built target actionlib_msgs__rosidl_typesupport_fastrtps_c
[5.652s] [ 65%] Built target actionlib_msgs__rosidl_typesupport_c
[5.912s] [ 76%] Built target actionlib_msgs__rosidl_typesupport_introspection_c
[6.112s] [ 76%] Built target actionlib_msgs
[6.321s] [ 78%] Built target actionlib_msgs__py
[6.522s] [ 87%] Built target actionlib_msgs__rosidl_generator_py
[6.737s] [ 91%] Built target actionlib_msgs__rosidl_typesupport_fastrtps_c__pyext
[6.920s] [ 95%] Built target actionlib_msgs__rosidl_typesupport_c__pyext
[7.108s] [100%] Built target actionlib_msgs__rosidl_typesupport_introspection_c__pyext
[7.204s] Invoked command in '/home/aidan/GitHub/AidansRepo/TeensySwerve/build/actionlib_msgs' returned '0': CMAKE_PREFIX_PATH=/home/aidan/GitHub/AidansRepo/TeensySwerve/install/std_msgs:/home/aidan/GitHub/AidansRepo/TeensySwerve/install/builtin_interfaces:/home/aidan/GitHub/AidansRepo/TeensySwerve/install/micro_ros_demos_rclc:/home/aidan/GitHub/AidansRepo/TeensySwerve/install/common_interfaces:/home/aidan/GitHub/AidansRepo/TeensySwerve/install/visualization_msgs:/home/aidan/GitHub/AidansRepo/TeensySwerve/install/test_msgs:/home/aidan/GitHub/AidansRepo/TeensySwerve/install/example_interfaces:/home/aidan/GitHub/AidansRepo/TeensySwerve/install/action_msgs:/home/aidan/GitHub/AidansRepo/TeensySwerve/install/unique_identifier_msgs:/home/aidan/GitHub/AidansRepo/TeensySwerve/install/trajectory_msgs:/home/aidan/GitHub/AidansRepo/TeensySwerve/install/stereo_msgs:/home/aidan/GitHub/AidansRepo/TeensySwerve/install/std_srvs:/home/aidan/GitHub/AidansRepo/TeensySwerve/install/shape_msgs:/home/aidan/GitHub/AidansRepo/TeensySwerve/install/sensor_msgs:/home/aidan/GitHub/AidansRepo/TeensySwerve/install/nav_msgs:/home/aidan/GitHub/AidansRepo/TeensySwerve/install/diagnostic_msgs:/home/aidan/GitHub/AidansRepo/TeensySwerve/install/geometry_msgs:/home/aidan/GitHub/AidansRepo/TeensySwerve/install/actionlib_msgs:/home/aidan/GitHub/AidansRepo/TeensySwerve/install/statistics_msgs:/home/aidan/GitHub/AidansRepo/TeensySwerve/install/rosidl_typesupport_microxrcedds_test_msg:/home/aidan/GitHub/AidansRepo/TeensySwerve/install/rosidl_typesupport_microxrcedds_cpp_tests:/home/aidan/GitHub/AidansRepo/TeensySwerve/install/rmw_microxrcedds:/home/aidan/GitHub/AidansRepo/TeensySwerve/install/rosidl_typesupport_microxrcedds_cpp:/home/aidan/GitHub/AidansRepo/TeensySwerve/install/rosidl_typesupport_microxrcedds_c_tests:/home/aidan/GitHub/AidansRepo/TeensySwerve/install/rosidl_typesupport_microxrcedds_c:/home/aidan/GitHub/AidansRepo/TeensySwerve/install/rosgraph_msgs:/home/aidan/GitHub/AidansRepo/TeensySwerve/install/rclc_parameter:/home/aidan/GitHub/AidansRepo/TeensySwerve/install/rclc:/home/aidan/GitHub/AidansRepo/TeensySwerve/install/composition_interfaces:/home/aidan/GitHub/AidansRepo/TeensySwerve/install/rcl_interfaces:/home/aidan/GitHub/AidansRepo/TeensySwerve/install/microxrcedds_client:/home/aidan/GitHub/AidansRepo/TeensySwerve/install/microcdr:/home/aidan/GitHub/AidansRepo/TeensySwerve/install/micro_ros_utilities:/home/aidan/GitHub/AidansRepo/TeensySwerve/install/micro_ros_msgs:/home/aidan/GitHub/AidansRepo/TeensySwerve/install/lifecycle_msgs:/home/aidan/GitHub/AidansRepo/TeensySwerve/install/complex_msgs:/home/aidan/GitHub/AidansRepo/TeensySwerve/install/tnsy_interfaces:/home/aidan/microros_ws/install/micro_ros_setup:/home/aidan/microros_ws/install/micro_ros_agent:/home/aidan/microros_ws/install/micro_ros_msgs:/home/aidan/GitHub/AidansRepo/TeensySwerve/install/sensor_msgs_py:/home/aidan/GitHub/AidansRepo/TeensySwerve/install/tnsy_swrv_controller:/opt/ros/humble LD_LIBRARY_PATH=/home/aidan/GitHub/AidansRepo/TeensySwerve/install/std_msgs/lib:/home/aidan/GitHub/AidansRepo/TeensySwerve/install/builtin_interfaces/lib:/home/aidan/GitHub/AidansRepo/TeensySwerve/install/visualization_msgs/lib:/home/aidan/GitHub/AidansRepo/TeensySwerve/install/test_msgs/lib:/home/aidan/GitHub/AidansRepo/TeensySwerve/install/example_interfaces/lib:/home/aidan/GitHub/AidansRepo/TeensySwerve/install/action_msgs/lib:/home/aidan/GitHub/AidansRepo/TeensySwerve/install/unique_identifier_msgs/lib:/home/aidan/GitHub/AidansRepo/TeensySwerve/install/trajectory_msgs/lib:/home/aidan/GitHub/AidansRepo/TeensySwerve/install/stereo_msgs/lib:/home/aidan/GitHub/AidansRepo/TeensySwerve/install/std_srvs/lib:/home/aidan/GitHub/AidansRepo/TeensySwerve/install/shape_msgs/lib:/home/aidan/GitHub/AidansRepo/TeensySwerve/install/sensor_msgs/lib:/home/aidan/GitHub/AidansRepo/TeensySwerve/install/nav_msgs/lib:/home/aidan/GitHub/AidansRepo/TeensySwerve/install/diagnostic_msgs/lib:/home/aidan/GitHub/AidansRepo/TeensySwerve/install/geometry_msgs/lib:/home/aidan/GitHub/AidansRepo/TeensySwerve/install/actionlib_msgs/lib:/home/aidan/GitHub/AidansRepo/TeensySwerve/install/statistics_msgs/lib:/home/aidan/GitHub/AidansRepo/TeensySwerve/install/rosidl_typesupport_microxrcedds_test_msg/lib:/home/aidan/GitHub/AidansRepo/TeensySwerve/install/rmw_microxrcedds/lib:/home/aidan/GitHub/AidansRepo/TeensySwerve/install/rosidl_typesupport_microxrcedds_cpp/lib:/home/aidan/GitHub/AidansRepo/TeensySwerve/install/rosidl_typesupport_microxrcedds_c/lib:/home/aidan/GitHub/AidansRepo/TeensySwerve/install/rosgraph_msgs/lib:/home/aidan/GitHub/AidansRepo/TeensySwerve/install/rclc_parameter/lib:/home/aidan/GitHub/AidansRepo/TeensySwerve/install/rclc/lib:/home/aidan/GitHub/AidansRepo/TeensySwerve/install/composition_interfaces/lib:/home/aidan/GitHub/AidansRepo/TeensySwerve/install/rcl_interfaces/lib:/home/aidan/GitHub/AidansRepo/TeensySwerve/install/micro_ros_utilities/lib:/home/aidan/GitHub/AidansRepo/TeensySwerve/install/micro_ros_msgs/lib:/home/aidan/GitHub/AidansRepo/TeensySwerve/install/lifecycle_msgs/lib:/home/aidan/GitHub/AidansRepo/TeensySwerve/install/complex_msgs/lib:/home/aidan/GitHub/AidansRepo/TeensySwerve/install/tnsy_interfaces/lib:/home/aidan/microros_ws/install/micro_ros_agent/lib:/home/aidan/microros_ws/install/micro_ros_msgs/lib:/opt/ros/humble/opt/rviz_ogre_vendor/lib:/opt/ros/humble/lib/x86_64-linux-gnu:/opt/ros/humble/lib /usr/bin/cmake --build /home/aidan/GitHub/AidansRepo/TeensySwerve/build/actionlib_msgs -- -j4 -l4
[8.569s] Invoking command in '/home/aidan/GitHub/AidansRepo/TeensySwerve/build/actionlib_msgs': CMAKE_PREFIX_PATH=/home/aidan/GitHub/AidansRepo/TeensySwerve/install/std_msgs:/home/aidan/GitHub/AidansRepo/TeensySwerve/install/builtin_interfaces:/home/aidan/GitHub/AidansRepo/TeensySwerve/install/micro_ros_demos_rclc:/home/aidan/GitHub/AidansRepo/TeensySwerve/install/common_interfaces:/home/aidan/GitHub/AidansRepo/TeensySwerve/install/visualization_msgs:/home/aidan/GitHub/AidansRepo/TeensySwerve/install/test_msgs:/home/aidan/GitHub/AidansRepo/TeensySwerve/install/example_interfaces:/home/aidan/GitHub/AidansRepo/TeensySwerve/install/action_msgs:/home/aidan/GitHub/AidansRepo/TeensySwerve/install/unique_identifier_msgs:/home/aidan/GitHub/AidansRepo/TeensySwerve/install/trajectory_msgs:/home/aidan/GitHub/AidansRepo/TeensySwerve/install/stereo_msgs:/home/aidan/GitHub/AidansRepo/TeensySwerve/install/std_srvs:/home/aidan/GitHub/AidansRepo/TeensySwerve/install/shape_msgs:/home/aidan/GitHub/AidansRepo/TeensySwerve/install/sensor_msgs:/home/aidan/GitHub/AidansRepo/TeensySwerve/install/nav_msgs:/home/aidan/GitHub/AidansRepo/TeensySwerve/install/diagnostic_msgs:/home/aidan/GitHub/AidansRepo/TeensySwerve/install/geometry_msgs:/home/aidan/GitHub/AidansRepo/TeensySwerve/install/actionlib_msgs:/home/aidan/GitHub/AidansRepo/TeensySwerve/install/statistics_msgs:/home/aidan/GitHub/AidansRepo/TeensySwerve/install/rosidl_typesupport_microxrcedds_test_msg:/home/aidan/GitHub/AidansRepo/TeensySwerve/install/rosidl_typesupport_microxrcedds_cpp_tests:/home/aidan/GitHub/AidansRepo/TeensySwerve/install/rmw_microxrcedds:/home/aidan/GitHub/AidansRepo/TeensySwerve/install/rosidl_typesupport_microxrcedds_cpp:/home/aidan/GitHub/AidansRepo/TeensySwerve/install/rosidl_typesupport_microxrcedds_c_tests:/home/aidan/GitHub/AidansRepo/TeensySwerve/install/rosidl_typesupport_microxrcedds_c:/home/aidan/GitHub/AidansRepo/TeensySwerve/install/rosgraph_msgs:/home/aidan/GitHub/AidansRepo/TeensySwerve/install/rclc_parameter:/home/aidan/GitHub/AidansRepo/TeensySwerve/install/rclc:/home/aidan/GitHub/AidansRepo/TeensySwerve/install/composition_interfaces:/home/aidan/GitHub/AidansRepo/TeensySwerve/install/rcl_interfaces:/home/aidan/GitHub/AidansRepo/TeensySwerve/install/microxrcedds_client:/home/aidan/GitHub/AidansRepo/TeensySwerve/install/microcdr:/home/aidan/GitHub/AidansRepo/TeensySwerve/install/micro_ros_utilities:/home/aidan/GitHub/AidansRepo/TeensySwerve/install/micro_ros_msgs:/home/aidan/GitHub/AidansRepo/TeensySwerve/install/lifecycle_msgs:/home/aidan/GitHub/AidansRepo/TeensySwerve/install/complex_msgs:/home/aidan/GitHub/AidansRepo/TeensySwerve/install/tnsy_interfaces:/home/aidan/microros_ws/install/micro_ros_setup:/home/aidan/microros_ws/install/micro_ros_agent:/home/aidan/microros_ws/install/micro_ros_msgs:/home/aidan/GitHub/AidansRepo/TeensySwerve/install/sensor_msgs_py:/home/aidan/GitHub/AidansRepo/TeensySwerve/install/tnsy_swrv_controller:/opt/ros/humble LD_LIBRARY_PATH=/home/aidan/GitHub/AidansRepo/TeensySwerve/install/std_msgs/lib:/home/aidan/GitHub/AidansRepo/TeensySwerve/install/builtin_interfaces/lib:/home/aidan/GitHub/AidansRepo/TeensySwerve/install/visualization_msgs/lib:/home/aidan/GitHub/AidansRepo/TeensySwerve/install/test_msgs/lib:/home/aidan/GitHub/AidansRepo/TeensySwerve/install/example_interfaces/lib:/home/aidan/GitHub/AidansRepo/TeensySwerve/install/action_msgs/lib:/home/aidan/GitHub/AidansRepo/TeensySwerve/install/unique_identifier_msgs/lib:/home/aidan/GitHub/AidansRepo/TeensySwerve/install/trajectory_msgs/lib:/home/aidan/GitHub/AidansRepo/TeensySwerve/install/stereo_msgs/lib:/home/aidan/GitHub/AidansRepo/TeensySwerve/install/std_srvs/lib:/home/aidan/GitHub/AidansRepo/TeensySwerve/install/shape_msgs/lib:/home/aidan/GitHub/AidansRepo/TeensySwerve/install/sensor_msgs/lib:/home/aidan/GitHub/AidansRepo/TeensySwerve/install/nav_msgs/lib:/home/aidan/GitHub/AidansRepo/TeensySwerve/install/diagnostic_msgs/lib:/home/aidan/GitHub/AidansRepo/TeensySwerve/install/geometry_msgs/lib:/home/aidan/GitHub/AidansRepo/TeensySwerve/install/actionlib_msgs/lib:/home/aidan/GitHub/AidansRepo/TeensySwerve/install/statistics_msgs/lib:/home/aidan/GitHub/AidansRepo/TeensySwerve/install/rosidl_typesupport_microxrcedds_test_msg/lib:/home/aidan/GitHub/AidansRepo/TeensySwerve/install/rmw_microxrcedds/lib:/home/aidan/GitHub/AidansRepo/TeensySwerve/install/rosidl_typesupport_microxrcedds_cpp/lib:/home/aidan/GitHub/AidansRepo/TeensySwerve/install/rosidl_typesupport_microxrcedds_c/lib:/home/aidan/GitHub/AidansRepo/TeensySwerve/install/rosgraph_msgs/lib:/home/aidan/GitHub/AidansRepo/TeensySwerve/install/rclc_parameter/lib:/home/aidan/GitHub/AidansRepo/TeensySwerve/install/rclc/lib:/home/aidan/GitHub/AidansRepo/TeensySwerve/install/composition_interfaces/lib:/home/aidan/GitHub/AidansRepo/TeensySwerve/install/rcl_interfaces/lib:/home/aidan/GitHub/AidansRepo/TeensySwerve/install/micro_ros_utilities/lib:/home/aidan/GitHub/AidansRepo/TeensySwerve/install/micro_ros_msgs/lib:/home/aidan/GitHub/AidansRepo/TeensySwerve/install/lifecycle_msgs/lib:/home/aidan/GitHub/AidansRepo/TeensySwerve/install/complex_msgs/lib:/home/aidan/GitHub/AidansRepo/TeensySwerve/install/tnsy_interfaces/lib:/home/aidan/microros_ws/install/micro_ros_agent/lib:/home/aidan/microros_ws/install/micro_ros_msgs/lib:/opt/ros/humble/opt/rviz_ogre_vendor/lib:/opt/ros/humble/lib/x86_64-linux-gnu:/opt/ros/humble/lib /usr/bin/cmake --install /home/aidan/GitHub/AidansRepo/TeensySwerve/build/actionlib_msgs
[8.626s] -- Install configuration: ""
[8.628s] -- Up-to-date: /home/aidan/GitHub/AidansRepo/TeensySwerve/install/actionlib_msgs/share/ament_index/resource_index/rosidl_interfaces/actionlib_msgs
[8.629s] -- Up-to-date: /home/aidan/GitHub/AidansRepo/TeensySwerve/install/actionlib_msgs/include/actionlib_msgs/actionlib_msgs
[8.629s] -- Up-to-date: /home/aidan/GitHub/AidansRepo/TeensySwerve/install/actionlib_msgs/include/actionlib_msgs/actionlib_msgs/msg
[8.629s] -- Up-to-date: /home/aidan/GitHub/AidansRepo/TeensySwerve/install/actionlib_msgs/include/actionlib_msgs/actionlib_msgs/msg/goal_id.h
[8.629s] -- Up-to-date: /home/aidan/GitHub/AidansRepo/TeensySwerve/install/actionlib_msgs/include/actionlib_msgs/actionlib_msgs/msg/goal_status.h
[8.630s] -- Up-to-date: /home/aidan/GitHub/AidansRepo/TeensySwerve/install/actionlib_msgs/include/actionlib_msgs/actionlib_msgs/msg/rosidl_generator_c__visibility_control.h
[8.630s] -- Up-to-date: /home/aidan/GitHub/AidansRepo/TeensySwerve/install/actionlib_msgs/include/actionlib_msgs/actionlib_msgs/msg/goal_status_array.h
[8.630s] -- Up-to-date: /home/aidan/GitHub/AidansRepo/TeensySwerve/install/actionlib_msgs/include/actionlib_msgs/actionlib_msgs/msg/detail
[8.630s] -- Up-to-date: /home/aidan/GitHub/AidansRepo/TeensySwerve/install/actionlib_msgs/include/actionlib_msgs/actionlib_msgs/msg/detail/goal_id__functions.h
[8.630s] -- Up-to-date: /home/aidan/GitHub/AidansRepo/TeensySwerve/install/actionlib_msgs/include/actionlib_msgs/actionlib_msgs/msg/detail/goal_id__struct.h
[8.630s] -- Up-to-date: /home/aidan/GitHub/AidansRepo/TeensySwerve/install/actionlib_msgs/include/actionlib_msgs/actionlib_msgs/msg/detail/goal_status__functions.h
[8.631s] -- Up-to-date: /home/aidan/GitHub/AidansRepo/TeensySwerve/install/actionlib_msgs/include/actionlib_msgs/actionlib_msgs/msg/detail/goal_status__struct.h
[8.631s] -- Up-to-date: /home/aidan/GitHub/AidansRepo/TeensySwerve/install/actionlib_msgs/include/actionlib_msgs/actionlib_msgs/msg/detail/goal_id__type_support.h
[8.631s] -- Up-to-date: /home/aidan/GitHub/AidansRepo/TeensySwerve/install/actionlib_msgs/include/actionlib_msgs/actionlib_msgs/msg/detail/goal_status__functions.c
[8.639s] -- Up-to-date: /home/aidan/GitHub/AidansRepo/TeensySwerve/install/actionlib_msgs/include/actionlib_msgs/actionlib_msgs/msg/detail/goal_status_array__functions.c
[8.645s] -- Up-to-date: /home/aidan/GitHub/AidansRepo/TeensySwerve/install/actionlib_msgs/include/actionlib_msgs/actionlib_msgs/msg/detail/goal_id__functions.c
[8.646s] -- Up-to-date: /home/aidan/GitHub/AidansRepo/TeensySwerve/install/actionlib_msgs/include/actionlib_msgs/actionlib_msgs/msg/detail/goal_status_array__functions.h
[8.646s] -- Up-to-date: /home/aidan/GitHub/AidansRepo/TeensySwerve/install/actionlib_msgs/include/actionlib_msgs/actionlib_msgs/msg/detail/goal_status_array__type_support.h
[8.646s] -- Up-to-date: /home/aidan/GitHub/AidansRepo/TeensySwerve/install/actionlib_msgs/include/actionlib_msgs/actionlib_msgs/msg/detail/goal_status_array__struct.h
[8.646s] -- Up-to-date: /home/aidan/GitHub/AidansRepo/TeensySwerve/install/actionlib_msgs/include/actionlib_msgs/actionlib_msgs/msg/detail/goal_status__type_support.h
[8.646s] -- Up-to-date: /home/aidan/GitHub/AidansRepo/TeensySwerve/install/actionlib_msgs/share/actionlib_msgs/environment/library_path.sh
[8.647s] -- Up-to-date: /home/aidan/GitHub/AidansRepo/TeensySwerve/install/actionlib_msgs/share/actionlib_msgs/environment/library_path.dsv
[8.647s] -- Up-to-date: /home/aidan/GitHub/AidansRepo/TeensySwerve/install/actionlib_msgs/lib/libactionlib_msgs__rosidl_generator_c.so
[8.647s] -- Up-to-date: /home/aidan/GitHub/AidansRepo/TeensySwerve/install/actionlib_msgs/include/actionlib_msgs/actionlib_msgs
[8.648s] -- Up-to-date: /home/aidan/GitHub/AidansRepo/TeensySwerve/install/actionlib_msgs/include/actionlib_msgs/actionlib_msgs/msg
[8.648s] -- Up-to-date: /home/aidan/GitHub/AidansRepo/TeensySwerve/install/actionlib_msgs/include/actionlib_msgs/actionlib_msgs/msg/rosidl_typesupport_fastrtps_c__visibility_control.h
[8.648s] -- Up-to-date: /home/aidan/GitHub/AidansRepo/TeensySwerve/install/actionlib_msgs/include/actionlib_msgs/actionlib_msgs/msg/detail
[8.653s] -- Up-to-date: /home/aidan/GitHub/AidansRepo/TeensySwerve/install/actionlib_msgs/include/actionlib_msgs/actionlib_msgs/msg/detail/goal_status_array__rosidl_typesupport_fastrtps_c.h
[8.653s] -- Up-to-date: /home/aidan/GitHub/AidansRepo/TeensySwerve/install/actionlib_msgs/include/actionlib_msgs/actionlib_msgs/msg/detail/goal_id__rosidl_typesupport_fastrtps_c.h
[8.653s] -- Up-to-date: /home/aidan/GitHub/AidansRepo/TeensySwerve/install/actionlib_msgs/include/actionlib_msgs/actionlib_msgs/msg/detail/goal_status__rosidl_typesupport_fastrtps_c.h
[8.653s] -- Up-to-date: /home/aidan/GitHub/AidansRepo/TeensySwerve/install/actionlib_msgs/lib/libactionlib_msgs__rosidl_typesupport_fastrtps_c.so
[8.655s] -- Up-to-date: /home/aidan/GitHub/AidansRepo/TeensySwerve/install/actionlib_msgs/include/actionlib_msgs/actionlib_msgs
[8.656s] -- Up-to-date: /home/aidan/GitHub/AidansRepo/TeensySwerve/install/actionlib_msgs/include/actionlib_msgs/actionlib_msgs/msg
[8.656s] -- Up-to-date: /home/aidan/GitHub/AidansRepo/TeensySwerve/install/actionlib_msgs/include/actionlib_msgs/actionlib_msgs/msg/goal_id.hpp
[8.656s] -- Up-to-date: /home/aidan/GitHub/AidansRepo/TeensySwerve/install/actionlib_msgs/include/actionlib_msgs/actionlib_msgs/msg/goal_status_array.hpp
[8.656s] -- Up-to-date: /home/aidan/GitHub/AidansRepo/TeensySwerve/install/actionlib_msgs/include/actionlib_msgs/actionlib_msgs/msg/goal_status.hpp
[8.657s] -- Up-to-date: /home/aidan/GitHub/AidansRepo/TeensySwerve/install/actionlib_msgs/include/actionlib_msgs/actionlib_msgs/msg/detail
[8.657s] -- Up-to-date: /home/aidan/GitHub/AidansRepo/TeensySwerve/install/actionlib_msgs/include/actionlib_msgs/actionlib_msgs/msg/detail/goal_status__struct.hpp
[8.659s] -- Up-to-date: /home/aidan/GitHub/AidansRepo/TeensySwerve/install/actionlib_msgs/include/actionlib_msgs/actionlib_msgs/msg/detail/goal_status__builder.hpp
[8.659s] -- Up-to-date: /home/aidan/GitHub/AidansRepo/TeensySwerve/install/actionlib_msgs/include/actionlib_msgs/actionlib_msgs/msg/detail/goal_status_array__builder.hpp
[8.660s] -- Up-to-date: /home/aidan/GitHub/AidansRepo/TeensySwerve/install/actionlib_msgs/include/actionlib_msgs/actionlib_msgs/msg/detail/goal_status_array__struct.hpp
[8.664s] -- Up-to-date: /home/aidan/GitHub/AidansRepo/TeensySwerve/install/actionlib_msgs/include/actionlib_msgs/actionlib_msgs/msg/detail/goal_id__traits.hpp
[8.666s] -- Up-to-date: /home/aidan/GitHub/AidansRepo/TeensySwerve/install/actionlib_msgs/include/actionlib_msgs/actionlib_msgs/msg/detail/goal_status__type_support.hpp
[8.668s] -- Up-to-date: /home/aidan/GitHub/AidansRepo/TeensySwerve/install/actionlib_msgs/include/actionlib_msgs/actionlib_msgs/msg/detail/goal_status_array__traits.hpp
[8.668s] -- Up-to-date: /home/aidan/GitHub/AidansRepo/TeensySwerve/install/actionlib_msgs/include/actionlib_msgs/actionlib_msgs/msg/detail/goal_id__builder.hpp
[8.668s] -- Up-to-date: /home/aidan/GitHub/AidansRepo/TeensySwerve/install/actionlib_msgs/include/actionlib_msgs/actionlib_msgs/msg/detail/goal_id__type_support.hpp
[8.669s] -- Up-to-date: /home/aidan/GitHub/AidansRepo/TeensySwerve/install/actionlib_msgs/include/actionlib_msgs/actionlib_msgs/msg/detail/goal_status__traits.hpp
[8.669s] -- Up-to-date: /home/aidan/GitHub/AidansRepo/TeensySwerve/install/actionlib_msgs/include/actionlib_msgs/actionlib_msgs/msg/detail/goal_id__struct.hpp
[8.669s] -- Up-to-date: /home/aidan/GitHub/AidansRepo/TeensySwerve/install/actionlib_msgs/include/actionlib_msgs/actionlib_msgs/msg/detail/goal_status_array__type_support.hpp
[8.670s] -- Up-to-date: /home/aidan/GitHub/AidansRepo/TeensySwerve/install/actionlib_msgs/include/actionlib_msgs/actionlib_msgs/msg/rosidl_generator_cpp__visibility_control.hpp
[8.670s] -- Up-to-date: /home/aidan/GitHub/AidansRepo/TeensySwerve/install/actionlib_msgs/include/actionlib_msgs/actionlib_msgs
[8.680s] -- Up-to-date: /home/aidan/GitHub/AidansRepo/TeensySwerve/install/actionlib_msgs/include/actionlib_msgs/actionlib_msgs/msg
[8.680s] -- Up-to-date: /home/aidan/GitHub/AidansRepo/TeensySwerve/install/actionlib_msgs/include/actionlib_msgs/actionlib_msgs/msg/rosidl_typesupport_fastrtps_cpp__visibility_control.h
[8.681s] -- Up-to-date: /home/aidan/GitHub/AidansRepo/TeensySwerve/install/actionlib_msgs/include/actionlib_msgs/actionlib_msgs/msg/detail
[8.681s] -- Up-to-date: /home/aidan/GitHub/AidansRepo/TeensySwerve/install/actionlib_msgs/include/actionlib_msgs/actionlib_msgs/msg/detail/goal_id__rosidl_typesupport_fastrtps_cpp.hpp
[8.681s] -- Up-to-date: /home/aidan/GitHub/AidansRepo/TeensySwerve/install/actionlib_msgs/include/actionlib_msgs/actionlib_msgs/msg/detail/dds_fastrtps
[8.681s] -- Up-to-date: /home/aidan/GitHub/AidansRepo/TeensySwerve/install/actionlib_msgs/include/actionlib_msgs/actionlib_msgs/msg/detail/goal_status__rosidl_typesupport_fastrtps_cpp.hpp
[8.681s] -- Up-to-date: /home/aidan/GitHub/AidansRepo/TeensySwerve/install/actionlib_msgs/include/actionlib_msgs/actionlib_msgs/msg/detail/goal_status_array__rosidl_typesupport_fastrtps_cpp.hpp
[8.681s] -- Up-to-date: /home/aidan/GitHub/AidansRepo/TeensySwerve/install/actionlib_msgs/lib/libactionlib_msgs__rosidl_typesupport_fastrtps_cpp.so
[8.682s] -- Up-to-date: /home/aidan/GitHub/AidansRepo/TeensySwerve/install/actionlib_msgs/include/actionlib_msgs/actionlib_msgs
[8.682s] -- Up-to-date: /home/aidan/GitHub/AidansRepo/TeensySwerve/install/actionlib_msgs/include/actionlib_msgs/actionlib_msgs/msg
[8.682s] -- Up-to-date: /home/aidan/GitHub/AidansRepo/TeensySwerve/install/actionlib_msgs/include/actionlib_msgs/actionlib_msgs/msg/detail
[8.692s] -- Up-to-date: /home/aidan/GitHub/AidansRepo/TeensySwerve/install/actionlib_msgs/include/actionlib_msgs/actionlib_msgs/msg/detail/goal_status__type_support.c
[8.692s] -- Up-to-date: /home/aidan/GitHub/AidansRepo/TeensySwerve/install/actionlib_msgs/include/actionlib_msgs/actionlib_msgs/msg/detail/goal_id__rosidl_typesupport_introspection_c.h
[8.692s] -- Up-to-date: /home/aidan/GitHub/AidansRepo/TeensySwerve/install/actionlib_msgs/include/actionlib_msgs/actionlib_msgs/msg/detail/goal_status_array__type_support.c
[8.692s] -- Up-to-date: /home/aidan/GitHub/AidansRepo/TeensySwerve/install/actionlib_msgs/include/actionlib_msgs/actionlib_msgs/msg/detail/goal_id__type_support.c
[8.693s] -- Up-to-date: /home/aidan/GitHub/AidansRepo/TeensySwerve/install/actionlib_msgs/include/actionlib_msgs/actionlib_msgs/msg/detail/goal_status_array__rosidl_typesupport_introspection_c.h
[8.693s] -- Up-to-date: /home/aidan/GitHub/AidansRepo/TeensySwerve/install/actionlib_msgs/include/actionlib_msgs/actionlib_msgs/msg/detail/goal_status__rosidl_typesupport_introspection_c.h
[8.693s] -- Up-to-date: /home/aidan/GitHub/AidansRepo/TeensySwerve/install/actionlib_msgs/include/actionlib_msgs/actionlib_msgs/msg/rosidl_typesupport_introspection_c__visibility_control.h
[8.693s] -- Up-to-date: /home/aidan/GitHub/AidansRepo/TeensySwerve/install/actionlib_msgs/lib/libactionlib_msgs__rosidl_typesupport_introspection_c.so
[8.693s] -- Up-to-date: /home/aidan/GitHub/AidansRepo/TeensySwerve/install/actionlib_msgs/lib/libactionlib_msgs__rosidl_typesupport_c.so
[8.693s] -- Up-to-date: /home/aidan/GitHub/AidansRepo/TeensySwerve/install/actionlib_msgs/include/actionlib_msgs/actionlib_msgs
[8.693s] -- Up-to-date: /home/aidan/GitHub/AidansRepo/TeensySwerve/install/actionlib_msgs/include/actionlib_msgs/actionlib_msgs/msg
[8.694s] -- Up-to-date: /home/aidan/GitHub/AidansRepo/TeensySwerve/install/actionlib_msgs/include/actionlib_msgs/actionlib_msgs/msg/detail
[8.694s] -- Up-to-date: /home/aidan/GitHub/AidansRepo/TeensySwerve/install/actionlib_msgs/include/actionlib_msgs/actionlib_msgs/msg/detail/goal_status__type_support.cpp
[8.694s] -- Up-to-date: /home/aidan/GitHub/AidansRepo/TeensySwerve/install/actionlib_msgs/include/actionlib_msgs/actionlib_msgs/msg/detail/goal_id__type_support.cpp
[8.704s] -- Up-to-date: /home/aidan/GitHub/AidansRepo/TeensySwerve/install/actionlib_msgs/include/actionlib_msgs/actionlib_msgs/msg/detail/goal_status_array__type_support.cpp
[8.704s] -- Up-to-date: /home/aidan/GitHub/AidansRepo/TeensySwerve/install/actionlib_msgs/include/actionlib_msgs/actionlib_msgs/msg/detail/goal_id__rosidl_typesupport_introspection_cpp.hpp
[8.705s] -- Up-to-date: /home/aidan/GitHub/AidansRepo/TeensySwerve/install/actionlib_msgs/include/actionlib_msgs/actionlib_msgs/msg/detail/goal_status_array__rosidl_typesupport_introspection_cpp.hpp
[8.705s] -- Up-to-date: /home/aidan/GitHub/AidansRepo/TeensySwerve/install/actionlib_msgs/include/actionlib_msgs/actionlib_msgs/msg/detail/goal_status__rosidl_typesupport_introspection_cpp.hpp
[8.710s] -- Up-to-date: /home/aidan/GitHub/AidansRepo/TeensySwerve/install/actionlib_msgs/lib/libactionlib_msgs__rosidl_typesupport_introspection_cpp.so
[8.711s] -- Up-to-date: /home/aidan/GitHub/AidansRepo/TeensySwerve/install/actionlib_msgs/lib/libactionlib_msgs__rosidl_typesupport_cpp.so
[8.711s] -- Up-to-date: /home/aidan/GitHub/AidansRepo/TeensySwerve/install/actionlib_msgs/share/actionlib_msgs/environment/pythonpath.sh
[8.711s] -- Up-to-date: /home/aidan/GitHub/AidansRepo/TeensySwerve/install/actionlib_msgs/share/actionlib_msgs/environment/pythonpath.dsv
[8.712s] -- Up-to-date: /home/aidan/GitHub/AidansRepo/TeensySwerve/install/actionlib_msgs/local/lib/python3.10/dist-packages/actionlib_msgs-4.8.0-py3.10.egg-info
[8.712s] -- Installing: /home/aidan/GitHub/AidansRepo/TeensySwerve/install/actionlib_msgs/local/lib/python3.10/dist-packages/actionlib_msgs-4.8.0-py3.10.egg-info/PKG-INFO
[8.712s] -- Installing: /home/aidan/GitHub/AidansRepo/TeensySwerve/install/actionlib_msgs/local/lib/python3.10/dist-packages/actionlib_msgs-4.8.0-py3.10.egg-info/SOURCES.txt
[8.716s] -- Installing: /home/aidan/GitHub/AidansRepo/TeensySwerve/install/actionlib_msgs/local/lib/python3.10/dist-packages/actionlib_msgs-4.8.0-py3.10.egg-info/dependency_links.txt
[8.716s] -- Installing: /home/aidan/GitHub/AidansRepo/TeensySwerve/install/actionlib_msgs/local/lib/python3.10/dist-packages/actionlib_msgs-4.8.0-py3.10.egg-info/top_level.txt
[8.717s] -- Up-to-date: /home/aidan/GitHub/AidansRepo/TeensySwerve/install/actionlib_msgs/local/lib/python3.10/dist-packages/actionlib_msgs
[8.719s] -- Up-to-date: /home/aidan/GitHub/AidansRepo/TeensySwerve/install/actionlib_msgs/local/lib/python3.10/dist-packages/actionlib_msgs/actionlib_msgs_s__rosidl_typesupport_introspection_c.cpython-310-x86_64-linux-gnu.so
[8.719s] -- Up-to-date: /home/aidan/GitHub/AidansRepo/TeensySwerve/install/actionlib_msgs/local/lib/python3.10/dist-packages/actionlib_msgs/_actionlib_msgs_s.ep.rosidl_typesupport_introspection_c.c
[8.720s] -- Up-to-date: /home/aidan/GitHub/AidansRepo/TeensySwerve/install/actionlib_msgs/local/lib/python3.10/dist-packages/actionlib_msgs/__init__.py
[8.720s] -- Up-to-date: /home/aidan/GitHub/AidansRepo/TeensySwerve/install/actionlib_msgs/local/lib/python3.10/dist-packages/actionlib_msgs/msg
[8.720s] -- Up-to-date: /home/aidan/GitHub/AidansRepo/TeensySwerve/install/actionlib_msgs/local/lib/python3.10/dist-packages/actionlib_msgs/msg/_goal_status.py
[8.720s] -- Up-to-date: /home/aidan/GitHub/AidansRepo/TeensySwerve/install/actionlib_msgs/local/lib/python3.10/dist-packages/actionlib_msgs/msg/_goal_status_array.py
[8.720s] -- Up-to-date: /home/aidan/GitHub/AidansRepo/TeensySwerve/install/actionlib_msgs/local/lib/python3.10/dist-packages/actionlib_msgs/msg/__init__.py
[8.724s] -- Up-to-date: /home/aidan/GitHub/AidansRepo/TeensySwerve/install/actionlib_msgs/local/lib/python3.10/dist-packages/actionlib_msgs/msg/_goal_id.py
[8.725s] -- Up-to-date: /home/aidan/GitHub/AidansRepo/TeensySwerve/install/actionlib_msgs/local/lib/python3.10/dist-packages/actionlib_msgs/msg/_goal_status_s.c
[8.729s] -- Up-to-date: /home/aidan/GitHub/AidansRepo/TeensySwerve/install/actionlib_msgs/local/lib/python3.10/dist-packages/actionlib_msgs/msg/_goal_status_array_s.c
[8.729s] -- Up-to-date: /home/aidan/GitHub/AidansRepo/TeensySwerve/install/actionlib_msgs/local/lib/python3.10/dist-packages/actionlib_msgs/msg/_goal_id_s.c
[8.730s] -- Up-to-date: /home/aidan/GitHub/AidansRepo/TeensySwerve/install/actionlib_msgs/local/lib/python3.10/dist-packages/actionlib_msgs/_actionlib_msgs_s.ep.rosidl_typesupport_c.c
[8.730s] -- Up-to-date: /home/aidan/GitHub/AidansRepo/TeensySwerve/install/actionlib_msgs/local/lib/python3.10/dist-packages/actionlib_msgs/_actionlib_msgs_s.ep.rosidl_typesupport_fastrtps_c.c
[8.730s] -- Up-to-date: /home/aidan/GitHub/AidansRepo/TeensySwerve/install/actionlib_msgs/local/lib/python3.10/dist-packages/actionlib_msgs/actionlib_msgs_s__rosidl_typesupport_fastrtps_c.cpython-310-x86_64-linux-gnu.so
[8.733s] -- Up-to-date: /home/aidan/GitHub/AidansRepo/TeensySwerve/install/actionlib_msgs/local/lib/python3.10/dist-packages/actionlib_msgs/actionlib_msgs_s__rosidl_typesupport_c.cpython-310-x86_64-linux-gnu.so
[8.734s] -- Up-to-date: /home/aidan/GitHub/AidansRepo/TeensySwerve/install/actionlib_msgs/local/lib/python3.10/dist-packages/actionlib_msgs/libactionlib_msgs__rosidl_generator_py.so
[9.042s] Listing '/home/aidan/GitHub/AidansRepo/TeensySwerve/install/actionlib_msgs/local/lib/python3.10/dist-packages/actionlib_msgs'...
[9.042s] Listing '/home/aidan/GitHub/AidansRepo/TeensySwerve/install/actionlib_msgs/local/lib/python3.10/dist-packages/actionlib_msgs/msg'...
[9.063s] -- Up-to-date: /home/aidan/GitHub/AidansRepo/TeensySwerve/install/actionlib_msgs/local/lib/python3.10/dist-packages/actionlib_msgs/actionlib_msgs_s__rosidl_typesupport_fastrtps_c.cpython-310-x86_64-linux-gnu.so
[9.064s] -- Up-to-date: /home/aidan/GitHub/AidansRepo/TeensySwerve/install/actionlib_msgs/local/lib/python3.10/dist-packages/actionlib_msgs/actionlib_msgs_s__rosidl_typesupport_introspection_c.cpython-310-x86_64-linux-gnu.so
[9.066s] -- Up-to-date: /home/aidan/GitHub/AidansRepo/TeensySwerve/install/actionlib_msgs/local/lib/python3.10/dist-packages/actionlib_msgs/actionlib_msgs_s__rosidl_typesupport_c.cpython-310-x86_64-linux-gnu.so
[9.066s] -- Up-to-date: /home/aidan/GitHub/AidansRepo/TeensySwerve/install/actionlib_msgs/lib/libactionlib_msgs__rosidl_generator_py.so
[9.067s] -- Up-to-date: /home/aidan/GitHub/AidansRepo/TeensySwerve/install/actionlib_msgs/share/actionlib_msgs/msg/GoalID.idl
[9.067s] -- Up-to-date: /home/aidan/GitHub/AidansRepo/TeensySwerve/install/actionlib_msgs/share/actionlib_msgs/msg/GoalStatus.idl
[9.067s] -- Up-to-date: /home/aidan/GitHub/AidansRepo/TeensySwerve/install/actionlib_msgs/share/actionlib_msgs/msg/GoalStatusArray.idl
[9.067s] -- Up-to-date: /home/aidan/GitHub/AidansRepo/TeensySwerve/install/actionlib_msgs/share/actionlib_msgs/msg/GoalID.msg
[9.073s] -- Up-to-date: /home/aidan/GitHub/AidansRepo/TeensySwerve/install/actionlib_msgs/share/actionlib_msgs/msg/GoalStatus.msg
[9.073s] -- Up-to-date: /home/aidan/GitHub/AidansRepo/TeensySwerve/install/actionlib_msgs/share/actionlib_msgs/msg/GoalStatusArray.msg
[9.074s] -- Up-to-date: /home/aidan/GitHub/AidansRepo/TeensySwerve/install/actionlib_msgs/share/ament_index/resource_index/package_run_dependencies/actionlib_msgs
[9.074s] -- Up-to-date: /home/aidan/GitHub/AidansRepo/TeensySwerve/install/actionlib_msgs/share/ament_index/resource_index/parent_prefix_path/actionlib_msgs
[9.078s] -- Up-to-date: /home/aidan/GitHub/AidansRepo/TeensySwerve/install/actionlib_msgs/share/actionlib_msgs/environment/ament_prefix_path.sh
[9.079s] -- Up-to-date: /home/aidan/GitHub/AidansRepo/TeensySwerve/install/actionlib_msgs/share/actionlib_msgs/environment/ament_prefix_path.dsv
[9.079s] -- Up-to-date: /home/aidan/GitHub/AidansRepo/TeensySwerve/install/actionlib_msgs/share/actionlib_msgs/environment/path.sh
[9.088s] -- Up-to-date: /home/aidan/GitHub/AidansRepo/TeensySwerve/install/actionlib_msgs/share/actionlib_msgs/environment/path.dsv
[9.089s] -- Up-to-date: /home/aidan/GitHub/AidansRepo/TeensySwerve/install/actionlib_msgs/share/actionlib_msgs/local_setup.bash
[9.089s] -- Up-to-date: /home/aidan/GitHub/AidansRepo/TeensySwerve/install/actionlib_msgs/share/actionlib_msgs/local_setup.sh
[9.090s] -- Up-to-date: /home/aidan/GitHub/AidansRepo/TeensySwerve/install/actionlib_msgs/share/actionlib_msgs/local_setup.zsh
[9.097s] -- Up-to-date: /home/aidan/GitHub/AidansRepo/TeensySwerve/install/actionlib_msgs/share/actionlib_msgs/local_setup.dsv
[9.098s] -- Installing: /home/aidan/GitHub/AidansRepo/TeensySwerve/install/actionlib_msgs/share/actionlib_msgs/package.dsv
[9.098s] -- Up-to-date: /home/aidan/GitHub/AidansRepo/TeensySwerve/install/actionlib_msgs/share/ament_index/resource_index/packages/actionlib_msgs
[9.100s] -- Up-to-date: /home/aidan/GitHub/AidansRepo/TeensySwerve/install/actionlib_msgs/share/actionlib_msgs/cmake/export_actionlib_msgs__rosidl_generator_cExport.cmake
[9.102s] -- Up-to-date: /home/aidan/GitHub/AidansRepo/TeensySwerve/install/actionlib_msgs/share/actionlib_msgs/cmake/export_actionlib_msgs__rosidl_generator_cExport-noconfig.cmake
[9.102s] -- Up-to-date: /home/aidan/GitHub/AidansRepo/TeensySwerve/install/actionlib_msgs/share/actionlib_msgs/cmake/export_actionlib_msgs__rosidl_typesupport_fastrtps_cExport.cmake
[9.103s] -- Up-to-date: /home/aidan/GitHub/AidansRepo/TeensySwerve/install/actionlib_msgs/share/actionlib_msgs/cmake/export_actionlib_msgs__rosidl_typesupport_fastrtps_cExport-noconfig.cmake
[9.104s] -- Up-to-date: /home/aidan/GitHub/AidansRepo/TeensySwerve/install/actionlib_msgs/share/actionlib_msgs/cmake/export_actionlib_msgs__rosidl_generator_cppExport.cmake
[9.110s] -- Up-to-date: /home/aidan/GitHub/AidansRepo/TeensySwerve/install/actionlib_msgs/share/actionlib_msgs/cmake/export_actionlib_msgs__rosidl_typesupport_fastrtps_cppExport.cmake
[9.110s] -- Up-to-date: /home/aidan/GitHub/AidansRepo/TeensySwerve/install/actionlib_msgs/share/actionlib_msgs/cmake/export_actionlib_msgs__rosidl_typesupport_fastrtps_cppExport-noconfig.cmake
[9.110s] -- Up-to-date: /home/aidan/GitHub/AidansRepo/TeensySwerve/install/actionlib_msgs/share/actionlib_msgs/cmake/actionlib_msgs__rosidl_typesupport_introspection_cExport.cmake
[9.111s] -- Up-to-date: /home/aidan/GitHub/AidansRepo/TeensySwerve/install/actionlib_msgs/share/actionlib_msgs/cmake/actionlib_msgs__rosidl_typesupport_introspection_cExport-noconfig.cmake
[9.111s] -- Up-to-date: /home/aidan/GitHub/AidansRepo/TeensySwerve/install/actionlib_msgs/share/actionlib_msgs/cmake/actionlib_msgs__rosidl_typesupport_cExport.cmake
[9.111s] -- Up-to-date: /home/aidan/GitHub/AidansRepo/TeensySwerve/install/actionlib_msgs/share/actionlib_msgs/cmake/actionlib_msgs__rosidl_typesupport_cExport-noconfig.cmake
[9.111s] -- Up-to-date: /home/aidan/GitHub/AidansRepo/TeensySwerve/install/actionlib_msgs/share/actionlib_msgs/cmake/actionlib_msgs__rosidl_typesupport_introspection_cppExport.cmake
[9.111s] -- Up-to-date: /home/aidan/GitHub/AidansRepo/TeensySwerve/install/actionlib_msgs/share/actionlib_msgs/cmake/actionlib_msgs__rosidl_typesupport_introspection_cppExport-noconfig.cmake
[9.119s] -- Up-to-date: /home/aidan/GitHub/AidansRepo/TeensySwerve/install/actionlib_msgs/share/actionlib_msgs/cmake/actionlib_msgs__rosidl_typesupport_cppExport.cmake
[9.126s] -- Up-to-date: /home/aidan/GitHub/AidansRepo/TeensySwerve/install/actionlib_msgs/share/actionlib_msgs/cmake/actionlib_msgs__rosidl_typesupport_cppExport-noconfig.cmake
[9.126s] -- Up-to-date: /home/aidan/GitHub/AidansRepo/TeensySwerve/install/actionlib_msgs/share/actionlib_msgs/cmake/export_actionlib_msgs__rosidl_generator_pyExport.cmake
[9.126s] -- Up-to-date: /home/aidan/GitHub/AidansRepo/TeensySwerve/install/actionlib_msgs/share/actionlib_msgs/cmake/export_actionlib_msgs__rosidl_generator_pyExport-noconfig.cmake
[9.126s] -- Up-to-date: /home/aidan/GitHub/AidansRepo/TeensySwerve/install/actionlib_msgs/share/actionlib_msgs/cmake/rosidl_cmake-extras.cmake
[9.126s] -- Up-to-date: /home/aidan/GitHub/AidansRepo/TeensySwerve/install/actionlib_msgs/share/actionlib_msgs/cmake/ament_cmake_export_dependencies-extras.cmake
[9.129s] -- Up-to-date: /home/aidan/GitHub/AidansRepo/TeensySwerve/install/actionlib_msgs/share/actionlib_msgs/cmake/ament_cmake_export_include_directories-extras.cmake
[9.132s] -- Up-to-date: /home/aidan/GitHub/AidansRepo/TeensySwerve/install/actionlib_msgs/share/actionlib_msgs/cmake/ament_cmake_export_libraries-extras.cmake
[9.133s] -- Up-to-date: /home/aidan/GitHub/AidansRepo/TeensySwerve/install/actionlib_msgs/share/actionlib_msgs/cmake/ament_cmake_export_targets-extras.cmake
[9.133s] -- Up-to-date: /home/aidan/GitHub/AidansRepo/TeensySwerve/install/actionlib_msgs/share/actionlib_msgs/cmake/rosidl_cmake_export_typesupport_targets-extras.cmake
[9.138s] -- Up-to-date: /home/aidan/GitHub/AidansRepo/TeensySwerve/install/actionlib_msgs/share/actionlib_msgs/cmake/rosidl_cmake_export_typesupport_libraries-extras.cmake
[9.139s] -- Up-to-date: /home/aidan/GitHub/AidansRepo/TeensySwerve/install/actionlib_msgs/share/actionlib_msgs/cmake/actionlib_msgsConfig.cmake
[9.144s] -- Up-to-date: /home/aidan/GitHub/AidansRepo/TeensySwerve/install/actionlib_msgs/share/actionlib_msgs/cmake/actionlib_msgsConfig-version.cmake
[9.145s] -- Up-to-date: /home/aidan/GitHub/AidansRepo/TeensySwerve/install/actionlib_msgs/share/actionlib_msgs/package.xml
[9.150s] Invoked command in '/home/aidan/GitHub/AidansRepo/TeensySwerve/build/actionlib_msgs' returned '0': CMAKE_PREFIX_PATH=/home/aidan/GitHub/AidansRepo/TeensySwerve/install/std_msgs:/home/aidan/GitHub/AidansRepo/TeensySwerve/install/builtin_interfaces:/home/aidan/GitHub/AidansRepo/TeensySwerve/install/micro_ros_demos_rclc:/home/aidan/GitHub/AidansRepo/TeensySwerve/install/common_interfaces:/home/aidan/GitHub/AidansRepo/TeensySwerve/install/visualization_msgs:/home/aidan/GitHub/AidansRepo/TeensySwerve/install/test_msgs:/home/aidan/GitHub/AidansRepo/TeensySwerve/install/example_interfaces:/home/aidan/GitHub/AidansRepo/TeensySwerve/install/action_msgs:/home/aidan/GitHub/AidansRepo/TeensySwerve/install/unique_identifier_msgs:/home/aidan/GitHub/AidansRepo/TeensySwerve/install/trajectory_msgs:/home/aidan/GitHub/AidansRepo/TeensySwerve/install/stereo_msgs:/home/aidan/GitHub/AidansRepo/TeensySwerve/install/std_srvs:/home/aidan/GitHub/AidansRepo/TeensySwerve/install/shape_msgs:/home/aidan/GitHub/AidansRepo/TeensySwerve/install/sensor_msgs:/home/aidan/GitHub/AidansRepo/TeensySwerve/install/nav_msgs:/home/aidan/GitHub/AidansRepo/TeensySwerve/install/diagnostic_msgs:/home/aidan/GitHub/AidansRepo/TeensySwerve/install/geometry_msgs:/home/aidan/GitHub/AidansRepo/TeensySwerve/install/actionlib_msgs:/home/aidan/GitHub/AidansRepo/TeensySwerve/install/statistics_msgs:/home/aidan/GitHub/AidansRepo/TeensySwerve/install/rosidl_typesupport_microxrcedds_test_msg:/home/aidan/GitHub/AidansRepo/TeensySwerve/install/rosidl_typesupport_microxrcedds_cpp_tests:/home/aidan/GitHub/AidansRepo/TeensySwerve/install/rmw_microxrcedds:/home/aidan/GitHub/AidansRepo/TeensySwerve/install/rosidl_typesupport_microxrcedds_cpp:/home/aidan/GitHub/AidansRepo/TeensySwerve/install/rosidl_typesupport_microxrcedds_c_tests:/home/aidan/GitHub/AidansRepo/TeensySwerve/install/rosidl_typesupport_microxrcedds_c:/home/aidan/GitHub/AidansRepo/TeensySwerve/install/rosgraph_msgs:/home/aidan/GitHub/AidansRepo/TeensySwerve/install/rclc_parameter:/home/aidan/GitHub/AidansRepo/TeensySwerve/install/rclc:/home/aidan/GitHub/AidansRepo/TeensySwerve/install/composition_interfaces:/home/aidan/GitHub/AidansRepo/TeensySwerve/install/rcl_interfaces:/home/aidan/GitHub/AidansRepo/TeensySwerve/install/microxrcedds_client:/home/aidan/GitHub/AidansRepo/TeensySwerve/install/microcdr:/home/aidan/GitHub/AidansRepo/TeensySwerve/install/micro_ros_utilities:/home/aidan/GitHub/AidansRepo/TeensySwerve/install/micro_ros_msgs:/home/aidan/GitHub/AidansRepo/TeensySwerve/install/lifecycle_msgs:/home/aidan/GitHub/AidansRepo/TeensySwerve/install/complex_msgs:/home/aidan/GitHub/AidansRepo/TeensySwerve/install/tnsy_interfaces:/home/aidan/microros_ws/install/micro_ros_setup:/home/aidan/microros_ws/install/micro_ros_agent:/home/aidan/microros_ws/install/micro_ros_msgs:/home/aidan/GitHub/AidansRepo/TeensySwerve/install/sensor_msgs_py:/home/aidan/GitHub/AidansRepo/TeensySwerve/install/tnsy_swrv_controller:/opt/ros/humble LD_LIBRARY_PATH=/home/aidan/GitHub/AidansRepo/TeensySwerve/install/std_msgs/lib:/home/aidan/GitHub/AidansRepo/TeensySwerve/install/builtin_interfaces/lib:/home/aidan/GitHub/AidansRepo/TeensySwerve/install/visualization_msgs/lib:/home/aidan/GitHub/AidansRepo/TeensySwerve/install/test_msgs/lib:/home/aidan/GitHub/AidansRepo/TeensySwerve/install/example_interfaces/lib:/home/aidan/GitHub/AidansRepo/TeensySwerve/install/action_msgs/lib:/home/aidan/GitHub/AidansRepo/TeensySwerve/install/unique_identifier_msgs/lib:/home/aidan/GitHub/AidansRepo/TeensySwerve/install/trajectory_msgs/lib:/home/aidan/GitHub/AidansRepo/TeensySwerve/install/stereo_msgs/lib:/home/aidan/GitHub/AidansRepo/TeensySwerve/install/std_srvs/lib:/home/aidan/GitHub/AidansRepo/TeensySwerve/install/shape_msgs/lib:/home/aidan/GitHub/AidansRepo/TeensySwerve/install/sensor_msgs/lib:/home/aidan/GitHub/AidansRepo/TeensySwerve/install/nav_msgs/lib:/home/aidan/GitHub/AidansRepo/TeensySwerve/install/diagnostic_msgs/lib:/home/aidan/GitHub/AidansRepo/TeensySwerve/install/geometry_msgs/lib:/home/aidan/GitHub/AidansRepo/TeensySwerve/install/actionlib_msgs/lib:/home/aidan/GitHub/AidansRepo/TeensySwerve/install/statistics_msgs/lib:/home/aidan/GitHub/AidansRepo/TeensySwerve/install/rosidl_typesupport_microxrcedds_test_msg/lib:/home/aidan/GitHub/AidansRepo/TeensySwerve/install/rmw_microxrcedds/lib:/home/aidan/GitHub/AidansRepo/TeensySwerve/install/rosidl_typesupport_microxrcedds_cpp/lib:/home/aidan/GitHub/AidansRepo/TeensySwerve/install/rosidl_typesupport_microxrcedds_c/lib:/home/aidan/GitHub/AidansRepo/TeensySwerve/install/rosgraph_msgs/lib:/home/aidan/GitHub/AidansRepo/TeensySwerve/install/rclc_parameter/lib:/home/aidan/GitHub/AidansRepo/TeensySwerve/install/rclc/lib:/home/aidan/GitHub/AidansRepo/TeensySwerve/install/composition_interfaces/lib:/home/aidan/GitHub/AidansRepo/TeensySwerve/install/rcl_interfaces/lib:/home/aidan/GitHub/AidansRepo/TeensySwerve/install/micro_ros_utilities/lib:/home/aidan/GitHub/AidansRepo/TeensySwerve/install/micro_ros_msgs/lib:/home/aidan/GitHub/AidansRepo/TeensySwerve/install/lifecycle_msgs/lib:/home/aidan/GitHub/AidansRepo/TeensySwerve/install/complex_msgs/lib:/home/aidan/GitHub/AidansRepo/TeensySwerve/install/tnsy_interfaces/lib:/home/aidan/microros_ws/install/micro_ros_agent/lib:/home/aidan/microros_ws/install/micro_ros_msgs/lib:/opt/ros/humble/opt/rviz_ogre_vendor/lib:/opt/ros/humble/lib/x86_64-linux-gnu:/opt/ros/humble/lib /usr/bin/cmake --install /home/aidan/GitHub/AidansRepo/TeensySwerve/build/actionlib_msgs
