[0.121s] Invoking command in '/home/aidan/GitHub/AidansRepo/TeensySwerve/build/lifecycle_msgs': CMAKE_PREFIX_PATH=${CMAKE_PREFIX_PATH}:/home/aidan/GitHub/AidansRepo/TeensySwerve/install/sensor_msgs_py:/home/aidan/GitHub/AidansRepo/TeensySwerve/install/tnsy_swrv_controller:/opt/ros/humble /usr/bin/cmake --build /home/aidan/GitHub/AidansRepo/TeensySwerve/build/lifecycle_msgs -- -j4 -l4
[0.553s] [  1%] Built target lifecycle_msgs__cpp
[0.860s] [  1%] Built target ament_cmake_python_copy_lifecycle_msgs
[1.075s] [ 12%] Built target lifecycle_msgs__rosidl_typesupport_fastrtps_cpp
[1.223s] [ 24%] Built target lifecycle_msgs__rosidl_typesupport_introspection_cpp
[3.749s] running egg_info
[3.758s] writing lifecycle_msgs.egg-info/PKG-INFO
[3.759s] writing dependency_links to lifecycle_msgs.egg-info/dependency_links.txt
[3.759s] writing top-level names to lifecycle_msgs.egg-info/top_level.txt
[3.794s] reading manifest file 'lifecycle_msgs.egg-info/SOURCES.txt'
[3.803s] writing manifest file 'lifecycle_msgs.egg-info/SOURCES.txt'
[4.144s] [ 24%] Built target ament_cmake_python_build_lifecycle_msgs_egg
[4.335s] [ 35%] Built target lifecycle_msgs__rosidl_typesupport_cpp
[4.497s] [ 47%] Built target lifecycle_msgs__rosidl_generator_c
[4.754s] [ 58%] Built target lifecycle_msgs__rosidl_typesupport_fastrtps_c
[4.931s] [ 70%] Built target lifecycle_msgs__rosidl_typesupport_c
[5.160s] [ 81%] Built target lifecycle_msgs__rosidl_typesupport_introspection_c
[5.391s] [ 81%] Built target lifecycle_msgs
[5.610s] [ 82%] Built target lifecycle_msgs__py
[5.882s] [ 93%] Built target lifecycle_msgs__rosidl_generator_py
[6.036s] [ 95%] Built target lifecycle_msgs__rosidl_typesupport_fastrtps_c__pyext
[6.227s] [ 97%] Built target lifecycle_msgs__rosidl_typesupport_c__pyext
[6.416s] [100%] Built target lifecycle_msgs__rosidl_typesupport_introspection_c__pyext
[6.542s] Invoked command in '/home/aidan/GitHub/AidansRepo/TeensySwerve/build/lifecycle_msgs' returned '0': CMAKE_PREFIX_PATH=${CMAKE_PREFIX_PATH}:/home/aidan/GitHub/AidansRepo/TeensySwerve/install/sensor_msgs_py:/home/aidan/GitHub/AidansRepo/TeensySwerve/install/tnsy_swrv_controller:/opt/ros/humble /usr/bin/cmake --build /home/aidan/GitHub/AidansRepo/TeensySwerve/build/lifecycle_msgs -- -j4 -l4
[9.691s] Invoking command in '/home/aidan/GitHub/AidansRepo/TeensySwerve/build/lifecycle_msgs': CMAKE_PREFIX_PATH=${CMAKE_PREFIX_PATH}:/home/aidan/GitHub/AidansRepo/TeensySwerve/install/sensor_msgs_py:/home/aidan/GitHub/AidansRepo/TeensySwerve/install/tnsy_swrv_controller:/opt/ros/humble /usr/bin/cmake --install /home/aidan/GitHub/AidansRepo/TeensySwerve/build/lifecycle_msgs
[9.738s] -- Install configuration: ""
[9.738s] -- Up-to-date: /home/aidan/GitHub/AidansRepo/TeensySwerve/install/lifecycle_msgs/share/ament_index/resource_index/rosidl_interfaces/lifecycle_msgs
[9.740s] -- Up-to-date: /home/aidan/GitHub/AidansRepo/TeensySwerve/install/lifecycle_msgs/include/lifecycle_msgs/lifecycle_msgs
[9.740s] -- Up-to-date: /home/aidan/GitHub/AidansRepo/TeensySwerve/install/lifecycle_msgs/include/lifecycle_msgs/lifecycle_msgs/srv
[9.749s] -- Up-to-date: /home/aidan/GitHub/AidansRepo/TeensySwerve/install/lifecycle_msgs/include/lifecycle_msgs/lifecycle_msgs/srv/change_state.h
[9.752s] -- Up-to-date: /home/aidan/GitHub/AidansRepo/TeensySwerve/install/lifecycle_msgs/include/lifecycle_msgs/lifecycle_msgs/srv/get_available_transitions.h
[9.753s] -- Up-to-date: /home/aidan/GitHub/AidansRepo/TeensySwerve/install/lifecycle_msgs/include/lifecycle_msgs/lifecycle_msgs/srv/get_state.h
[9.755s] -- Up-to-date: /home/aidan/GitHub/AidansRepo/TeensySwerve/install/lifecycle_msgs/include/lifecycle_msgs/lifecycle_msgs/srv/get_available_states.h
[9.760s] -- Up-to-date: /home/aidan/GitHub/AidansRepo/TeensySwerve/install/lifecycle_msgs/include/lifecycle_msgs/lifecycle_msgs/srv/detail
[9.760s] -- Up-to-date: /home/aidan/GitHub/AidansRepo/TeensySwerve/install/lifecycle_msgs/include/lifecycle_msgs/lifecycle_msgs/srv/detail/change_state__functions.c
[9.760s] -- Up-to-date: /home/aidan/GitHub/AidansRepo/TeensySwerve/install/lifecycle_msgs/include/lifecycle_msgs/lifecycle_msgs/srv/detail/get_available_states__functions.c
[9.761s] -- Up-to-date: /home/aidan/GitHub/AidansRepo/TeensySwerve/install/lifecycle_msgs/include/lifecycle_msgs/lifecycle_msgs/srv/detail/get_available_transitions__type_support.h
[9.761s] -- Up-to-date: /home/aidan/GitHub/AidansRepo/TeensySwerve/install/lifecycle_msgs/include/lifecycle_msgs/lifecycle_msgs/srv/detail/get_available_transitions__struct.h
[9.761s] -- Up-to-date: /home/aidan/GitHub/AidansRepo/TeensySwerve/install/lifecycle_msgs/include/lifecycle_msgs/lifecycle_msgs/srv/detail/get_state__functions.c
[9.761s] -- Up-to-date: /home/aidan/GitHub/AidansRepo/TeensySwerve/install/lifecycle_msgs/include/lifecycle_msgs/lifecycle_msgs/srv/detail/get_state__type_support.h
[9.761s] -- Up-to-date: /home/aidan/GitHub/AidansRepo/TeensySwerve/install/lifecycle_msgs/include/lifecycle_msgs/lifecycle_msgs/srv/detail/get_state__functions.h
[9.771s] -- Up-to-date: /home/aidan/GitHub/AidansRepo/TeensySwerve/install/lifecycle_msgs/include/lifecycle_msgs/lifecycle_msgs/srv/detail/get_available_transitions__functions.h
[9.772s] -- Up-to-date: /home/aidan/GitHub/AidansRepo/TeensySwerve/install/lifecycle_msgs/include/lifecycle_msgs/lifecycle_msgs/srv/detail/get_available_transitions__functions.c
[9.772s] -- Up-to-date: /home/aidan/GitHub/AidansRepo/TeensySwerve/install/lifecycle_msgs/include/lifecycle_msgs/lifecycle_msgs/srv/detail/change_state__struct.h
[9.778s] -- Up-to-date: /home/aidan/GitHub/AidansRepo/TeensySwerve/install/lifecycle_msgs/include/lifecycle_msgs/lifecycle_msgs/srv/detail/get_available_states__struct.h
[9.778s] -- Up-to-date: /home/aidan/GitHub/AidansRepo/TeensySwerve/install/lifecycle_msgs/include/lifecycle_msgs/lifecycle_msgs/srv/detail/get_available_states__type_support.h
[9.785s] -- Up-to-date: /home/aidan/GitHub/AidansRepo/TeensySwerve/install/lifecycle_msgs/include/lifecycle_msgs/lifecycle_msgs/srv/detail/change_state__functions.h
[9.785s] -- Up-to-date: /home/aidan/GitHub/AidansRepo/TeensySwerve/install/lifecycle_msgs/include/lifecycle_msgs/lifecycle_msgs/srv/detail/change_state__type_support.h
[9.785s] -- Up-to-date: /home/aidan/GitHub/AidansRepo/TeensySwerve/install/lifecycle_msgs/include/lifecycle_msgs/lifecycle_msgs/srv/detail/get_state__struct.h
[9.793s] -- Up-to-date: /home/aidan/GitHub/AidansRepo/TeensySwerve/install/lifecycle_msgs/include/lifecycle_msgs/lifecycle_msgs/srv/detail/get_available_states__functions.h
[9.793s] -- Up-to-date: /home/aidan/GitHub/AidansRepo/TeensySwerve/install/lifecycle_msgs/include/lifecycle_msgs/lifecycle_msgs/msg
[9.794s] -- Up-to-date: /home/aidan/GitHub/AidansRepo/TeensySwerve/install/lifecycle_msgs/include/lifecycle_msgs/lifecycle_msgs/msg/transition_event.h
[9.794s] -- Up-to-date: /home/aidan/GitHub/AidansRepo/TeensySwerve/install/lifecycle_msgs/include/lifecycle_msgs/lifecycle_msgs/msg/transition_description.h
[9.794s] -- Up-to-date: /home/aidan/GitHub/AidansRepo/TeensySwerve/install/lifecycle_msgs/include/lifecycle_msgs/lifecycle_msgs/msg/state.h
[9.794s] -- Up-to-date: /home/aidan/GitHub/AidansRepo/TeensySwerve/install/lifecycle_msgs/include/lifecycle_msgs/lifecycle_msgs/msg/rosidl_generator_c__visibility_control.h
[9.794s] -- Up-to-date: /home/aidan/GitHub/AidansRepo/TeensySwerve/install/lifecycle_msgs/include/lifecycle_msgs/lifecycle_msgs/msg/detail
[9.799s] -- Up-to-date: /home/aidan/GitHub/AidansRepo/TeensySwerve/install/lifecycle_msgs/include/lifecycle_msgs/lifecycle_msgs/msg/detail/transition__type_support.h
[9.799s] -- Up-to-date: /home/aidan/GitHub/AidansRepo/TeensySwerve/install/lifecycle_msgs/include/lifecycle_msgs/lifecycle_msgs/msg/detail/transition__functions.c
[9.807s] -- Up-to-date: /home/aidan/GitHub/AidansRepo/TeensySwerve/install/lifecycle_msgs/include/lifecycle_msgs/lifecycle_msgs/msg/detail/transition_event__functions.h
[9.810s] -- Up-to-date: /home/aidan/GitHub/AidansRepo/TeensySwerve/install/lifecycle_msgs/include/lifecycle_msgs/lifecycle_msgs/msg/detail/transition_event__functions.c
[9.810s] -- Up-to-date: /home/aidan/GitHub/AidansRepo/TeensySwerve/install/lifecycle_msgs/include/lifecycle_msgs/lifecycle_msgs/msg/detail/transition_description__struct.h
[9.810s] -- Up-to-date: /home/aidan/GitHub/AidansRepo/TeensySwerve/install/lifecycle_msgs/include/lifecycle_msgs/lifecycle_msgs/msg/detail/transition_description__functions.c
[9.810s] -- Up-to-date: /home/aidan/GitHub/AidansRepo/TeensySwerve/install/lifecycle_msgs/include/lifecycle_msgs/lifecycle_msgs/msg/detail/transition_event__type_support.h
[9.810s] -- Up-to-date: /home/aidan/GitHub/AidansRepo/TeensySwerve/install/lifecycle_msgs/include/lifecycle_msgs/lifecycle_msgs/msg/detail/transition__struct.h
[9.811s] -- Up-to-date: /home/aidan/GitHub/AidansRepo/TeensySwerve/install/lifecycle_msgs/include/lifecycle_msgs/lifecycle_msgs/msg/detail/state__functions.c
[9.811s] -- Up-to-date: /home/aidan/GitHub/AidansRepo/TeensySwerve/install/lifecycle_msgs/include/lifecycle_msgs/lifecycle_msgs/msg/detail/transition_description__functions.h
[9.811s] -- Up-to-date: /home/aidan/GitHub/AidansRepo/TeensySwerve/install/lifecycle_msgs/include/lifecycle_msgs/lifecycle_msgs/msg/detail/state__functions.h
[9.811s] -- Up-to-date: /home/aidan/GitHub/AidansRepo/TeensySwerve/install/lifecycle_msgs/include/lifecycle_msgs/lifecycle_msgs/msg/detail/state__type_support.h
[9.811s] -- Up-to-date: /home/aidan/GitHub/AidansRepo/TeensySwerve/install/lifecycle_msgs/include/lifecycle_msgs/lifecycle_msgs/msg/detail/transition_event__struct.h
[9.811s] -- Up-to-date: /home/aidan/GitHub/AidansRepo/TeensySwerve/install/lifecycle_msgs/include/lifecycle_msgs/lifecycle_msgs/msg/detail/state__struct.h
[9.812s] -- Up-to-date: /home/aidan/GitHub/AidansRepo/TeensySwerve/install/lifecycle_msgs/include/lifecycle_msgs/lifecycle_msgs/msg/detail/transition_description__type_support.h
[9.812s] -- Up-to-date: /home/aidan/GitHub/AidansRepo/TeensySwerve/install/lifecycle_msgs/include/lifecycle_msgs/lifecycle_msgs/msg/detail/transition__functions.h
[9.812s] -- Up-to-date: /home/aidan/GitHub/AidansRepo/TeensySwerve/install/lifecycle_msgs/include/lifecycle_msgs/lifecycle_msgs/msg/transition.h
[9.812s] -- Up-to-date: /home/aidan/GitHub/AidansRepo/TeensySwerve/install/lifecycle_msgs/share/lifecycle_msgs/environment/library_path.sh
[9.812s] -- Up-to-date: /home/aidan/GitHub/AidansRepo/TeensySwerve/install/lifecycle_msgs/share/lifecycle_msgs/environment/library_path.dsv
[9.812s] -- Up-to-date: /home/aidan/GitHub/AidansRepo/TeensySwerve/install/lifecycle_msgs/lib/liblifecycle_msgs__rosidl_generator_c.so
[9.833s] -- Up-to-date: /home/aidan/GitHub/AidansRepo/TeensySwerve/install/lifecycle_msgs/include/lifecycle_msgs/lifecycle_msgs
[9.834s] -- Up-to-date: /home/aidan/GitHub/AidansRepo/TeensySwerve/install/lifecycle_msgs/include/lifecycle_msgs/lifecycle_msgs/srv
[9.834s] -- Up-to-date: /home/aidan/GitHub/AidansRepo/TeensySwerve/install/lifecycle_msgs/include/lifecycle_msgs/lifecycle_msgs/srv/detail
[9.834s] -- Up-to-date: /home/aidan/GitHub/AidansRepo/TeensySwerve/install/lifecycle_msgs/include/lifecycle_msgs/lifecycle_msgs/srv/detail/get_available_states__rosidl_typesupport_fastrtps_c.h
[9.834s] -- Up-to-date: /home/aidan/GitHub/AidansRepo/TeensySwerve/install/lifecycle_msgs/include/lifecycle_msgs/lifecycle_msgs/srv/detail/get_state__rosidl_typesupport_fastrtps_c.h
[9.835s] -- Up-to-date: /home/aidan/GitHub/AidansRepo/TeensySwerve/install/lifecycle_msgs/include/lifecycle_msgs/lifecycle_msgs/srv/detail/change_state__rosidl_typesupport_fastrtps_c.h
[9.835s] -- Up-to-date: /home/aidan/GitHub/AidansRepo/TeensySwerve/install/lifecycle_msgs/include/lifecycle_msgs/lifecycle_msgs/srv/detail/get_available_transitions__rosidl_typesupport_fastrtps_c.h
[9.835s] -- Up-to-date: /home/aidan/GitHub/AidansRepo/TeensySwerve/install/lifecycle_msgs/include/lifecycle_msgs/lifecycle_msgs/msg
[9.835s] -- Up-to-date: /home/aidan/GitHub/AidansRepo/TeensySwerve/install/lifecycle_msgs/include/lifecycle_msgs/lifecycle_msgs/msg/rosidl_typesupport_fastrtps_c__visibility_control.h
[9.836s] -- Up-to-date: /home/aidan/GitHub/AidansRepo/TeensySwerve/install/lifecycle_msgs/include/lifecycle_msgs/lifecycle_msgs/msg/detail
[9.836s] -- Up-to-date: /home/aidan/GitHub/AidansRepo/TeensySwerve/install/lifecycle_msgs/include/lifecycle_msgs/lifecycle_msgs/msg/detail/transition_event__rosidl_typesupport_fastrtps_c.h
[9.836s] -- Up-to-date: /home/aidan/GitHub/AidansRepo/TeensySwerve/install/lifecycle_msgs/include/lifecycle_msgs/lifecycle_msgs/msg/detail/state__rosidl_typesupport_fastrtps_c.h
[9.848s] -- Up-to-date: /home/aidan/GitHub/AidansRepo/TeensySwerve/install/lifecycle_msgs/include/lifecycle_msgs/lifecycle_msgs/msg/detail/transition_description__rosidl_typesupport_fastrtps_c.h
[9.848s] -- Up-to-date: /home/aidan/GitHub/AidansRepo/TeensySwerve/install/lifecycle_msgs/include/lifecycle_msgs/lifecycle_msgs/msg/detail/transition__rosidl_typesupport_fastrtps_c.h
[9.848s] -- Up-to-date: /home/aidan/GitHub/AidansRepo/TeensySwerve/install/lifecycle_msgs/lib/liblifecycle_msgs__rosidl_typesupport_fastrtps_c.so
[9.848s] -- Up-to-date: /home/aidan/GitHub/AidansRepo/TeensySwerve/install/lifecycle_msgs/include/lifecycle_msgs/lifecycle_msgs
[9.848s] -- Up-to-date: /home/aidan/GitHub/AidansRepo/TeensySwerve/install/lifecycle_msgs/include/lifecycle_msgs/lifecycle_msgs/srv
[9.849s] -- Up-to-date: /home/aidan/GitHub/AidansRepo/TeensySwerve/install/lifecycle_msgs/include/lifecycle_msgs/lifecycle_msgs/srv/detail
[9.849s] -- Up-to-date: /home/aidan/GitHub/AidansRepo/TeensySwerve/install/lifecycle_msgs/include/lifecycle_msgs/lifecycle_msgs/srv/detail/change_state__rosidl_typesupport_introspection_c.h
[9.849s] -- Up-to-date: /home/aidan/GitHub/AidansRepo/TeensySwerve/install/lifecycle_msgs/include/lifecycle_msgs/lifecycle_msgs/srv/detail/get_available_states__rosidl_typesupport_introspection_c.h
[9.849s] -- Up-to-date: /home/aidan/GitHub/AidansRepo/TeensySwerve/install/lifecycle_msgs/include/lifecycle_msgs/lifecycle_msgs/srv/detail/get_available_transitions__rosidl_typesupport_introspection_c.h
[9.849s] -- Up-to-date: /home/aidan/GitHub/AidansRepo/TeensySwerve/install/lifecycle_msgs/include/lifecycle_msgs/lifecycle_msgs/srv/detail/get_available_transitions__type_support.c
[9.849s] -- Up-to-date: /home/aidan/GitHub/AidansRepo/TeensySwerve/install/lifecycle_msgs/include/lifecycle_msgs/lifecycle_msgs/srv/detail/get_state__type_support.c
[9.849s] -- Up-to-date: /home/aidan/GitHub/AidansRepo/TeensySwerve/install/lifecycle_msgs/include/lifecycle_msgs/lifecycle_msgs/srv/detail/get_available_states__type_support.c
[9.856s] -- Up-to-date: /home/aidan/GitHub/AidansRepo/TeensySwerve/install/lifecycle_msgs/include/lifecycle_msgs/lifecycle_msgs/srv/detail/get_state__rosidl_typesupport_introspection_c.h
[9.857s] -- Up-to-date: /home/aidan/GitHub/AidansRepo/TeensySwerve/install/lifecycle_msgs/include/lifecycle_msgs/lifecycle_msgs/srv/detail/change_state__type_support.c
[9.858s] -- Up-to-date: /home/aidan/GitHub/AidansRepo/TeensySwerve/install/lifecycle_msgs/include/lifecycle_msgs/lifecycle_msgs/msg
[9.858s] -- Up-to-date: /home/aidan/GitHub/AidansRepo/TeensySwerve/install/lifecycle_msgs/include/lifecycle_msgs/lifecycle_msgs/msg/detail
[9.858s] -- Up-to-date: /home/aidan/GitHub/AidansRepo/TeensySwerve/install/lifecycle_msgs/include/lifecycle_msgs/lifecycle_msgs/msg/detail/state__rosidl_typesupport_introspection_c.h
[9.858s] -- Up-to-date: /home/aidan/GitHub/AidansRepo/TeensySwerve/install/lifecycle_msgs/include/lifecycle_msgs/lifecycle_msgs/msg/detail/transition_event__type_support.c
[9.863s] -- Up-to-date: /home/aidan/GitHub/AidansRepo/TeensySwerve/install/lifecycle_msgs/include/lifecycle_msgs/lifecycle_msgs/msg/detail/transition_description__rosidl_typesupport_introspection_c.h
[9.863s] -- Up-to-date: /home/aidan/GitHub/AidansRepo/TeensySwerve/install/lifecycle_msgs/include/lifecycle_msgs/lifecycle_msgs/msg/detail/transition_event__rosidl_typesupport_introspection_c.h
[9.864s] -- Up-to-date: /home/aidan/GitHub/AidansRepo/TeensySwerve/install/lifecycle_msgs/include/lifecycle_msgs/lifecycle_msgs/msg/detail/transition_description__type_support.c
[9.864s] -- Up-to-date: /home/aidan/GitHub/AidansRepo/TeensySwerve/install/lifecycle_msgs/include/lifecycle_msgs/lifecycle_msgs/msg/detail/transition__type_support.c
[9.864s] -- Up-to-date: /home/aidan/GitHub/AidansRepo/TeensySwerve/install/lifecycle_msgs/include/lifecycle_msgs/lifecycle_msgs/msg/detail/state__type_support.c
[9.864s] -- Up-to-date: /home/aidan/GitHub/AidansRepo/TeensySwerve/install/lifecycle_msgs/include/lifecycle_msgs/lifecycle_msgs/msg/detail/transition__rosidl_typesupport_introspection_c.h
[9.864s] -- Up-to-date: /home/aidan/GitHub/AidansRepo/TeensySwerve/install/lifecycle_msgs/include/lifecycle_msgs/lifecycle_msgs/msg/rosidl_typesupport_introspection_c__visibility_control.h
[9.864s] -- Up-to-date: /home/aidan/GitHub/AidansRepo/TeensySwerve/install/lifecycle_msgs/lib/liblifecycle_msgs__rosidl_typesupport_introspection_c.so
[9.870s] -- Up-to-date: /home/aidan/GitHub/AidansRepo/TeensySwerve/install/lifecycle_msgs/lib/liblifecycle_msgs__rosidl_typesupport_c.so
[9.873s] -- Up-to-date: /home/aidan/GitHub/AidansRepo/TeensySwerve/install/lifecycle_msgs/include/lifecycle_msgs/lifecycle_msgs
[9.873s] -- Up-to-date: /home/aidan/GitHub/AidansRepo/TeensySwerve/install/lifecycle_msgs/include/lifecycle_msgs/lifecycle_msgs/srv
[9.874s] -- Up-to-date: /home/aidan/GitHub/AidansRepo/TeensySwerve/install/lifecycle_msgs/include/lifecycle_msgs/lifecycle_msgs/srv/change_state.hpp
[9.874s] -- Up-to-date: /home/aidan/GitHub/AidansRepo/TeensySwerve/install/lifecycle_msgs/include/lifecycle_msgs/lifecycle_msgs/srv/get_available_transitions.hpp
[9.874s] -- Up-to-date: /home/aidan/GitHub/AidansRepo/TeensySwerve/install/lifecycle_msgs/include/lifecycle_msgs/lifecycle_msgs/srv/get_state.hpp
[9.874s] -- Up-to-date: /home/aidan/GitHub/AidansRepo/TeensySwerve/install/lifecycle_msgs/include/lifecycle_msgs/lifecycle_msgs/srv/get_available_states.hpp
[9.875s] -- Up-to-date: /home/aidan/GitHub/AidansRepo/TeensySwerve/install/lifecycle_msgs/include/lifecycle_msgs/lifecycle_msgs/srv/detail
[9.882s] -- Up-to-date: /home/aidan/GitHub/AidansRepo/TeensySwerve/install/lifecycle_msgs/include/lifecycle_msgs/lifecycle_msgs/srv/detail/get_available_transitions__struct.hpp
[9.882s] -- Up-to-date: /home/aidan/GitHub/AidansRepo/TeensySwerve/install/lifecycle_msgs/include/lifecycle_msgs/lifecycle_msgs/srv/detail/get_state__traits.hpp
[9.883s] -- Up-to-date: /home/aidan/GitHub/AidansRepo/TeensySwerve/install/lifecycle_msgs/include/lifecycle_msgs/lifecycle_msgs/srv/detail/get_state__builder.hpp
[9.883s] -- Up-to-date: /home/aidan/GitHub/AidansRepo/TeensySwerve/install/lifecycle_msgs/include/lifecycle_msgs/lifecycle_msgs/srv/detail/get_available_transitions__traits.hpp
[9.883s] -- Up-to-date: /home/aidan/GitHub/AidansRepo/TeensySwerve/install/lifecycle_msgs/include/lifecycle_msgs/lifecycle_msgs/srv/detail/get_available_transitions__type_support.hpp
[9.884s] -- Up-to-date: /home/aidan/GitHub/AidansRepo/TeensySwerve/install/lifecycle_msgs/include/lifecycle_msgs/lifecycle_msgs/srv/detail/change_state__type_support.hpp
[9.884s] -- Up-to-date: /home/aidan/GitHub/AidansRepo/TeensySwerve/install/lifecycle_msgs/include/lifecycle_msgs/lifecycle_msgs/srv/detail/change_state__traits.hpp
[9.884s] -- Up-to-date: /home/aidan/GitHub/AidansRepo/TeensySwerve/install/lifecycle_msgs/include/lifecycle_msgs/lifecycle_msgs/srv/detail/get_state__type_support.hpp
[9.884s] -- Up-to-date: /home/aidan/GitHub/AidansRepo/TeensySwerve/install/lifecycle_msgs/include/lifecycle_msgs/lifecycle_msgs/srv/detail/get_available_states__type_support.hpp
[9.884s] -- Up-to-date: /home/aidan/GitHub/AidansRepo/TeensySwerve/install/lifecycle_msgs/include/lifecycle_msgs/lifecycle_msgs/srv/detail/get_state__struct.hpp
[9.900s] -- Up-to-date: /home/aidan/GitHub/AidansRepo/TeensySwerve/install/lifecycle_msgs/include/lifecycle_msgs/lifecycle_msgs/srv/detail/get_available_states__builder.hpp
[9.900s] -- Up-to-date: /home/aidan/GitHub/AidansRepo/TeensySwerve/install/lifecycle_msgs/include/lifecycle_msgs/lifecycle_msgs/srv/detail/get_available_states__struct.hpp
[9.901s] -- Up-to-date: /home/aidan/GitHub/AidansRepo/TeensySwerve/install/lifecycle_msgs/include/lifecycle_msgs/lifecycle_msgs/srv/detail/get_available_transitions__builder.hpp
[9.901s] -- Up-to-date: /home/aidan/GitHub/AidansRepo/TeensySwerve/install/lifecycle_msgs/include/lifecycle_msgs/lifecycle_msgs/srv/detail/change_state__struct.hpp
[9.901s] -- Up-to-date: /home/aidan/GitHub/AidansRepo/TeensySwerve/install/lifecycle_msgs/include/lifecycle_msgs/lifecycle_msgs/srv/detail/change_state__builder.hpp
[9.902s] -- Up-to-date: /home/aidan/GitHub/AidansRepo/TeensySwerve/install/lifecycle_msgs/include/lifecycle_msgs/lifecycle_msgs/srv/detail/get_available_states__traits.hpp
[9.902s] -- Up-to-date: /home/aidan/GitHub/AidansRepo/TeensySwerve/install/lifecycle_msgs/include/lifecycle_msgs/lifecycle_msgs/msg
[9.905s] -- Up-to-date: /home/aidan/GitHub/AidansRepo/TeensySwerve/install/lifecycle_msgs/include/lifecycle_msgs/lifecycle_msgs/msg/transition_description.hpp
[9.905s] -- Up-to-date: /home/aidan/GitHub/AidansRepo/TeensySwerve/install/lifecycle_msgs/include/lifecycle_msgs/lifecycle_msgs/msg/state.hpp
[9.905s] -- Up-to-date: /home/aidan/GitHub/AidansRepo/TeensySwerve/install/lifecycle_msgs/include/lifecycle_msgs/lifecycle_msgs/msg/transition.hpp
[9.906s] -- Up-to-date: /home/aidan/GitHub/AidansRepo/TeensySwerve/install/lifecycle_msgs/include/lifecycle_msgs/lifecycle_msgs/msg/transition_event.hpp
[9.906s] -- Up-to-date: /home/aidan/GitHub/AidansRepo/TeensySwerve/install/lifecycle_msgs/include/lifecycle_msgs/lifecycle_msgs/msg/detail
[9.906s] -- Up-to-date: /home/aidan/GitHub/AidansRepo/TeensySwerve/install/lifecycle_msgs/include/lifecycle_msgs/lifecycle_msgs/msg/detail/state__type_support.hpp
[9.906s] -- Up-to-date: /home/aidan/GitHub/AidansRepo/TeensySwerve/install/lifecycle_msgs/include/lifecycle_msgs/lifecycle_msgs/msg/detail/transition_description__builder.hpp
[9.906s] -- Up-to-date: /home/aidan/GitHub/AidansRepo/TeensySwerve/install/lifecycle_msgs/include/lifecycle_msgs/lifecycle_msgs/msg/detail/transition__traits.hpp
[9.918s] -- Up-to-date: /home/aidan/GitHub/AidansRepo/TeensySwerve/install/lifecycle_msgs/include/lifecycle_msgs/lifecycle_msgs/msg/detail/state__struct.hpp
[9.918s] -- Up-to-date: /home/aidan/GitHub/AidansRepo/TeensySwerve/install/lifecycle_msgs/include/lifecycle_msgs/lifecycle_msgs/msg/detail/transition_event__type_support.hpp
[9.918s] -- Up-to-date: /home/aidan/GitHub/AidansRepo/TeensySwerve/install/lifecycle_msgs/include/lifecycle_msgs/lifecycle_msgs/msg/detail/transition_description__type_support.hpp
[9.918s] -- Up-to-date: /home/aidan/GitHub/AidansRepo/TeensySwerve/install/lifecycle_msgs/include/lifecycle_msgs/lifecycle_msgs/msg/detail/transition_event__traits.hpp
[9.918s] -- Up-to-date: /home/aidan/GitHub/AidansRepo/TeensySwerve/install/lifecycle_msgs/include/lifecycle_msgs/lifecycle_msgs/msg/detail/transition__builder.hpp
[9.919s] -- Up-to-date: /home/aidan/GitHub/AidansRepo/TeensySwerve/install/lifecycle_msgs/include/lifecycle_msgs/lifecycle_msgs/msg/detail/transition__struct.hpp
[9.919s] -- Up-to-date: /home/aidan/GitHub/AidansRepo/TeensySwerve/install/lifecycle_msgs/include/lifecycle_msgs/lifecycle_msgs/msg/detail/transition__type_support.hpp
[9.919s] -- Up-to-date: /home/aidan/GitHub/AidansRepo/TeensySwerve/install/lifecycle_msgs/include/lifecycle_msgs/lifecycle_msgs/msg/detail/state__builder.hpp
[9.919s] -- Up-to-date: /home/aidan/GitHub/AidansRepo/TeensySwerve/install/lifecycle_msgs/include/lifecycle_msgs/lifecycle_msgs/msg/detail/state__traits.hpp
[9.920s] -- Up-to-date: /home/aidan/GitHub/AidansRepo/TeensySwerve/install/lifecycle_msgs/include/lifecycle_msgs/lifecycle_msgs/msg/detail/transition_description__traits.hpp
[9.920s] -- Up-to-date: /home/aidan/GitHub/AidansRepo/TeensySwerve/install/lifecycle_msgs/include/lifecycle_msgs/lifecycle_msgs/msg/detail/transition_event__struct.hpp
[9.920s] -- Up-to-date: /home/aidan/GitHub/AidansRepo/TeensySwerve/install/lifecycle_msgs/include/lifecycle_msgs/lifecycle_msgs/msg/detail/transition_description__struct.hpp
[9.920s] -- Up-to-date: /home/aidan/GitHub/AidansRepo/TeensySwerve/install/lifecycle_msgs/include/lifecycle_msgs/lifecycle_msgs/msg/detail/transition_event__builder.hpp
[9.920s] -- Up-to-date: /home/aidan/GitHub/AidansRepo/TeensySwerve/install/lifecycle_msgs/include/lifecycle_msgs/lifecycle_msgs/msg/rosidl_generator_cpp__visibility_control.hpp
[9.920s] -- Up-to-date: /home/aidan/GitHub/AidansRepo/TeensySwerve/install/lifecycle_msgs/include/lifecycle_msgs/lifecycle_msgs
[9.934s] -- Up-to-date: /home/aidan/GitHub/AidansRepo/TeensySwerve/install/lifecycle_msgs/include/lifecycle_msgs/lifecycle_msgs/srv
[9.934s] -- Up-to-date: /home/aidan/GitHub/AidansRepo/TeensySwerve/install/lifecycle_msgs/include/lifecycle_msgs/lifecycle_msgs/srv/detail
[9.936s] -- Up-to-date: /home/aidan/GitHub/AidansRepo/TeensySwerve/install/lifecycle_msgs/include/lifecycle_msgs/lifecycle_msgs/srv/detail/dds_fastrtps
[9.936s] -- Up-to-date: /home/aidan/GitHub/AidansRepo/TeensySwerve/install/lifecycle_msgs/include/lifecycle_msgs/lifecycle_msgs/srv/detail/get_state__rosidl_typesupport_fastrtps_cpp.hpp
[9.936s] -- Up-to-date: /home/aidan/GitHub/AidansRepo/TeensySwerve/install/lifecycle_msgs/include/lifecycle_msgs/lifecycle_msgs/srv/detail/get_available_transitions__rosidl_typesupport_fastrtps_cpp.hpp
[9.940s] -- Up-to-date: /home/aidan/GitHub/AidansRepo/TeensySwerve/install/lifecycle_msgs/include/lifecycle_msgs/lifecycle_msgs/srv/detail/get_available_states__rosidl_typesupport_fastrtps_cpp.hpp
[9.940s] -- Up-to-date: /home/aidan/GitHub/AidansRepo/TeensySwerve/install/lifecycle_msgs/include/lifecycle_msgs/lifecycle_msgs/srv/detail/change_state__rosidl_typesupport_fastrtps_cpp.hpp
[9.940s] -- Up-to-date: /home/aidan/GitHub/AidansRepo/TeensySwerve/install/lifecycle_msgs/include/lifecycle_msgs/lifecycle_msgs/msg
[9.940s] -- Up-to-date: /home/aidan/GitHub/AidansRepo/TeensySwerve/install/lifecycle_msgs/include/lifecycle_msgs/lifecycle_msgs/msg/rosidl_typesupport_fastrtps_cpp__visibility_control.h
[9.942s] -- Up-to-date: /home/aidan/GitHub/AidansRepo/TeensySwerve/install/lifecycle_msgs/include/lifecycle_msgs/lifecycle_msgs/msg/detail
[9.942s] -- Up-to-date: /home/aidan/GitHub/AidansRepo/TeensySwerve/install/lifecycle_msgs/include/lifecycle_msgs/lifecycle_msgs/msg/detail/transition_event__rosidl_typesupport_fastrtps_cpp.hpp
[9.942s] -- Up-to-date: /home/aidan/GitHub/AidansRepo/TeensySwerve/install/lifecycle_msgs/include/lifecycle_msgs/lifecycle_msgs/msg/detail/transition__rosidl_typesupport_fastrtps_cpp.hpp
[9.943s] -- Up-to-date: /home/aidan/GitHub/AidansRepo/TeensySwerve/install/lifecycle_msgs/include/lifecycle_msgs/lifecycle_msgs/msg/detail/dds_fastrtps
[9.943s] -- Up-to-date: /home/aidan/GitHub/AidansRepo/TeensySwerve/install/lifecycle_msgs/include/lifecycle_msgs/lifecycle_msgs/msg/detail/state__rosidl_typesupport_fastrtps_cpp.hpp
[9.953s] -- Up-to-date: /home/aidan/GitHub/AidansRepo/TeensySwerve/install/lifecycle_msgs/include/lifecycle_msgs/lifecycle_msgs/msg/detail/transition_description__rosidl_typesupport_fastrtps_cpp.hpp
[9.953s] -- Up-to-date: /home/aidan/GitHub/AidansRepo/TeensySwerve/install/lifecycle_msgs/lib/liblifecycle_msgs__rosidl_typesupport_fastrtps_cpp.so
[9.954s] -- Up-to-date: /home/aidan/GitHub/AidansRepo/TeensySwerve/install/lifecycle_msgs/include/lifecycle_msgs/lifecycle_msgs
[9.954s] -- Up-to-date: /home/aidan/GitHub/AidansRepo/TeensySwerve/install/lifecycle_msgs/include/lifecycle_msgs/lifecycle_msgs/srv
[9.954s] -- Up-to-date: /home/aidan/GitHub/AidansRepo/TeensySwerve/install/lifecycle_msgs/include/lifecycle_msgs/lifecycle_msgs/srv/detail
[9.954s] -- Up-to-date: /home/aidan/GitHub/AidansRepo/TeensySwerve/install/lifecycle_msgs/include/lifecycle_msgs/lifecycle_msgs/srv/detail/change_state__type_support.cpp
[9.955s] -- Up-to-date: /home/aidan/GitHub/AidansRepo/TeensySwerve/install/lifecycle_msgs/include/lifecycle_msgs/lifecycle_msgs/srv/detail/get_available_states__rosidl_typesupport_introspection_cpp.hpp
[9.955s] -- Up-to-date: /home/aidan/GitHub/AidansRepo/TeensySwerve/install/lifecycle_msgs/include/lifecycle_msgs/lifecycle_msgs/srv/detail/get_available_transitions__rosidl_typesupport_introspection_cpp.hpp
[9.961s] -- Up-to-date: /home/aidan/GitHub/AidansRepo/TeensySwerve/install/lifecycle_msgs/include/lifecycle_msgs/lifecycle_msgs/srv/detail/get_available_states__type_support.cpp
[9.962s] -- Up-to-date: /home/aidan/GitHub/AidansRepo/TeensySwerve/install/lifecycle_msgs/include/lifecycle_msgs/lifecycle_msgs/srv/detail/get_state__rosidl_typesupport_introspection_cpp.hpp
[9.962s] -- Up-to-date: /home/aidan/GitHub/AidansRepo/TeensySwerve/install/lifecycle_msgs/include/lifecycle_msgs/lifecycle_msgs/srv/detail/get_available_transitions__type_support.cpp
[9.962s] -- Up-to-date: /home/aidan/GitHub/AidansRepo/TeensySwerve/install/lifecycle_msgs/include/lifecycle_msgs/lifecycle_msgs/srv/detail/change_state__rosidl_typesupport_introspection_cpp.hpp
[9.963s] -- Up-to-date: /home/aidan/GitHub/AidansRepo/TeensySwerve/install/lifecycle_msgs/include/lifecycle_msgs/lifecycle_msgs/srv/detail/get_state__type_support.cpp
[9.963s] -- Up-to-date: /home/aidan/GitHub/AidansRepo/TeensySwerve/install/lifecycle_msgs/include/lifecycle_msgs/lifecycle_msgs/msg
[9.963s] -- Up-to-date: /home/aidan/GitHub/AidansRepo/TeensySwerve/install/lifecycle_msgs/include/lifecycle_msgs/lifecycle_msgs/msg/detail
[9.963s] -- Up-to-date: /home/aidan/GitHub/AidansRepo/TeensySwerve/install/lifecycle_msgs/include/lifecycle_msgs/lifecycle_msgs/msg/detail/transition__type_support.cpp
[9.964s] -- Up-to-date: /home/aidan/GitHub/AidansRepo/TeensySwerve/install/lifecycle_msgs/include/lifecycle_msgs/lifecycle_msgs/msg/detail/state__rosidl_typesupport_introspection_cpp.hpp
[9.964s] -- Up-to-date: /home/aidan/GitHub/AidansRepo/TeensySwerve/install/lifecycle_msgs/include/lifecycle_msgs/lifecycle_msgs/msg/detail/transition_event__rosidl_typesupport_introspection_cpp.hpp
[9.964s] -- Up-to-date: /home/aidan/GitHub/AidansRepo/TeensySwerve/install/lifecycle_msgs/include/lifecycle_msgs/lifecycle_msgs/msg/detail/transition_event__type_support.cpp
[9.964s] -- Up-to-date: /home/aidan/GitHub/AidansRepo/TeensySwerve/install/lifecycle_msgs/include/lifecycle_msgs/lifecycle_msgs/msg/detail/transition__rosidl_typesupport_introspection_cpp.hpp
[9.965s] -- Up-to-date: /home/aidan/GitHub/AidansRepo/TeensySwerve/install/lifecycle_msgs/include/lifecycle_msgs/lifecycle_msgs/msg/detail/transition_description__rosidl_typesupport_introspection_cpp.hpp
[9.965s] -- Up-to-date: /home/aidan/GitHub/AidansRepo/TeensySwerve/install/lifecycle_msgs/include/lifecycle_msgs/lifecycle_msgs/msg/detail/transition_description__type_support.cpp
[9.965s] -- Up-to-date: /home/aidan/GitHub/AidansRepo/TeensySwerve/install/lifecycle_msgs/include/lifecycle_msgs/lifecycle_msgs/msg/detail/state__type_support.cpp
[9.965s] -- Up-to-date: /home/aidan/GitHub/AidansRepo/TeensySwerve/install/lifecycle_msgs/lib/liblifecycle_msgs__rosidl_typesupport_introspection_cpp.so
[9.965s] -- Up-to-date: /home/aidan/GitHub/AidansRepo/TeensySwerve/install/lifecycle_msgs/lib/liblifecycle_msgs__rosidl_typesupport_cpp.so
[9.965s] -- Up-to-date: /home/aidan/GitHub/AidansRepo/TeensySwerve/install/lifecycle_msgs/share/lifecycle_msgs/environment/pythonpath.sh
[9.967s] -- Up-to-date: /home/aidan/GitHub/AidansRepo/TeensySwerve/install/lifecycle_msgs/share/lifecycle_msgs/environment/pythonpath.dsv
[9.967s] -- Up-to-date: /home/aidan/GitHub/AidansRepo/TeensySwerve/install/lifecycle_msgs/local/lib/python3.10/dist-packages/lifecycle_msgs-1.2.1-py3.10.egg-info
[9.967s] -- Installing: /home/aidan/GitHub/AidansRepo/TeensySwerve/install/lifecycle_msgs/local/lib/python3.10/dist-packages/lifecycle_msgs-1.2.1-py3.10.egg-info/PKG-INFO
[9.967s] -- Installing: /home/aidan/GitHub/AidansRepo/TeensySwerve/install/lifecycle_msgs/local/lib/python3.10/dist-packages/lifecycle_msgs-1.2.1-py3.10.egg-info/SOURCES.txt
[9.971s] -- Installing: /home/aidan/GitHub/AidansRepo/TeensySwerve/install/lifecycle_msgs/local/lib/python3.10/dist-packages/lifecycle_msgs-1.2.1-py3.10.egg-info/dependency_links.txt
[9.972s] -- Installing: /home/aidan/GitHub/AidansRepo/TeensySwerve/install/lifecycle_msgs/local/lib/python3.10/dist-packages/lifecycle_msgs-1.2.1-py3.10.egg-info/top_level.txt
[9.973s] -- Up-to-date: /home/aidan/GitHub/AidansRepo/TeensySwerve/install/lifecycle_msgs/local/lib/python3.10/dist-packages/lifecycle_msgs
[9.973s] -- Up-to-date: /home/aidan/GitHub/AidansRepo/TeensySwerve/install/lifecycle_msgs/local/lib/python3.10/dist-packages/lifecycle_msgs/lifecycle_msgs_s__rosidl_typesupport_introspection_c.cpython-310-x86_64-linux-gnu.so
[9.973s] -- Up-to-date: /home/aidan/GitHub/AidansRepo/TeensySwerve/install/lifecycle_msgs/local/lib/python3.10/dist-packages/lifecycle_msgs/_lifecycle_msgs_s.ep.rosidl_typesupport_fastrtps_c.c
[9.973s] -- Up-to-date: /home/aidan/GitHub/AidansRepo/TeensySwerve/install/lifecycle_msgs/local/lib/python3.10/dist-packages/lifecycle_msgs/srv
[9.980s] -- Up-to-date: /home/aidan/GitHub/AidansRepo/TeensySwerve/install/lifecycle_msgs/local/lib/python3.10/dist-packages/lifecycle_msgs/srv/_get_state.py
[9.980s] -- Up-to-date: /home/aidan/GitHub/AidansRepo/TeensySwerve/install/lifecycle_msgs/local/lib/python3.10/dist-packages/lifecycle_msgs/srv/_get_available_states.py
[9.981s] -- Up-to-date: /home/aidan/GitHub/AidansRepo/TeensySwerve/install/lifecycle_msgs/local/lib/python3.10/dist-packages/lifecycle_msgs/srv/_get_available_transitions_s.c
[9.981s] -- Up-to-date: /home/aidan/GitHub/AidansRepo/TeensySwerve/install/lifecycle_msgs/local/lib/python3.10/dist-packages/lifecycle_msgs/srv/_get_available_states_s.c
[9.981s] -- Up-to-date: /home/aidan/GitHub/AidansRepo/TeensySwerve/install/lifecycle_msgs/local/lib/python3.10/dist-packages/lifecycle_msgs/srv/__init__.py
[9.981s] -- Up-to-date: /home/aidan/GitHub/AidansRepo/TeensySwerve/install/lifecycle_msgs/local/lib/python3.10/dist-packages/lifecycle_msgs/srv/_change_state.py
[9.981s] -- Up-to-date: /home/aidan/GitHub/AidansRepo/TeensySwerve/install/lifecycle_msgs/local/lib/python3.10/dist-packages/lifecycle_msgs/srv/_get_available_transitions.py
[9.982s] -- Up-to-date: /home/aidan/GitHub/AidansRepo/TeensySwerve/install/lifecycle_msgs/local/lib/python3.10/dist-packages/lifecycle_msgs/srv/_change_state_s.c
[9.982s] -- Up-to-date: /home/aidan/GitHub/AidansRepo/TeensySwerve/install/lifecycle_msgs/local/lib/python3.10/dist-packages/lifecycle_msgs/srv/_get_state_s.c
[9.982s] -- Up-to-date: /home/aidan/GitHub/AidansRepo/TeensySwerve/install/lifecycle_msgs/local/lib/python3.10/dist-packages/lifecycle_msgs/__init__.py
[9.982s] -- Up-to-date: /home/aidan/GitHub/AidansRepo/TeensySwerve/install/lifecycle_msgs/local/lib/python3.10/dist-packages/lifecycle_msgs/liblifecycle_msgs__rosidl_generator_py.so
[9.982s] -- Up-to-date: /home/aidan/GitHub/AidansRepo/TeensySwerve/install/lifecycle_msgs/local/lib/python3.10/dist-packages/lifecycle_msgs/msg
[9.982s] -- Up-to-date: /home/aidan/GitHub/AidansRepo/TeensySwerve/install/lifecycle_msgs/local/lib/python3.10/dist-packages/lifecycle_msgs/msg/_transition_s.c
[9.984s] -- Up-to-date: /home/aidan/GitHub/AidansRepo/TeensySwerve/install/lifecycle_msgs/local/lib/python3.10/dist-packages/lifecycle_msgs/msg/_transition_description_s.c
[9.986s] -- Up-to-date: /home/aidan/GitHub/AidansRepo/TeensySwerve/install/lifecycle_msgs/local/lib/python3.10/dist-packages/lifecycle_msgs/msg/_state_s.c
[9.989s] -- Up-to-date: /home/aidan/GitHub/AidansRepo/TeensySwerve/install/lifecycle_msgs/local/lib/python3.10/dist-packages/lifecycle_msgs/msg/_transition_event_s.c
[9.989s] -- Up-to-date: /home/aidan/GitHub/AidansRepo/TeensySwerve/install/lifecycle_msgs/local/lib/python3.10/dist-packages/lifecycle_msgs/msg/_transition_event.py
[9.991s] -- Up-to-date: /home/aidan/GitHub/AidansRepo/TeensySwerve/install/lifecycle_msgs/local/lib/python3.10/dist-packages/lifecycle_msgs/msg/_transition_description.py
[9.991s] -- Up-to-date: /home/aidan/GitHub/AidansRepo/TeensySwerve/install/lifecycle_msgs/local/lib/python3.10/dist-packages/lifecycle_msgs/msg/__init__.py
[9.991s] -- Up-to-date: /home/aidan/GitHub/AidansRepo/TeensySwerve/install/lifecycle_msgs/local/lib/python3.10/dist-packages/lifecycle_msgs/msg/_state.py
[9.991s] -- Up-to-date: /home/aidan/GitHub/AidansRepo/TeensySwerve/install/lifecycle_msgs/local/lib/python3.10/dist-packages/lifecycle_msgs/msg/_transition.py
[9.991s] -- Up-to-date: /home/aidan/GitHub/AidansRepo/TeensySwerve/install/lifecycle_msgs/local/lib/python3.10/dist-packages/lifecycle_msgs/_lifecycle_msgs_s.ep.rosidl_typesupport_c.c
[9.991s] -- Up-to-date: /home/aidan/GitHub/AidansRepo/TeensySwerve/install/lifecycle_msgs/local/lib/python3.10/dist-packages/lifecycle_msgs/_lifecycle_msgs_s.ep.rosidl_typesupport_introspection_c.c
[9.995s] -- Up-to-date: /home/aidan/GitHub/AidansRepo/TeensySwerve/install/lifecycle_msgs/local/lib/python3.10/dist-packages/lifecycle_msgs/lifecycle_msgs_s__rosidl_typesupport_c.cpython-310-x86_64-linux-gnu.so
[9.995s] -- Up-to-date: /home/aidan/GitHub/AidansRepo/TeensySwerve/install/lifecycle_msgs/local/lib/python3.10/dist-packages/lifecycle_msgs/lifecycle_msgs_s__rosidl_typesupport_fastrtps_c.cpython-310-x86_64-linux-gnu.so
[10.324s] Listing '/home/aidan/GitHub/AidansRepo/TeensySwerve/install/lifecycle_msgs/local/lib/python3.10/dist-packages/lifecycle_msgs'...
[10.324s] Listing '/home/aidan/GitHub/AidansRepo/TeensySwerve/install/lifecycle_msgs/local/lib/python3.10/dist-packages/lifecycle_msgs/msg'...
[10.324s] Listing '/home/aidan/GitHub/AidansRepo/TeensySwerve/install/lifecycle_msgs/local/lib/python3.10/dist-packages/lifecycle_msgs/srv'...
[10.358s] -- Up-to-date: /home/aidan/GitHub/AidansRepo/TeensySwerve/install/lifecycle_msgs/local/lib/python3.10/dist-packages/lifecycle_msgs/lifecycle_msgs_s__rosidl_typesupport_fastrtps_c.cpython-310-x86_64-linux-gnu.so
[10.359s] -- Up-to-date: /home/aidan/GitHub/AidansRepo/TeensySwerve/install/lifecycle_msgs/local/lib/python3.10/dist-packages/lifecycle_msgs/lifecycle_msgs_s__rosidl_typesupport_introspection_c.cpython-310-x86_64-linux-gnu.so
[10.360s] -- Up-to-date: /home/aidan/GitHub/AidansRepo/TeensySwerve/install/lifecycle_msgs/local/lib/python3.10/dist-packages/lifecycle_msgs/lifecycle_msgs_s__rosidl_typesupport_c.cpython-310-x86_64-linux-gnu.so
[10.374s] -- Up-to-date: /home/aidan/GitHub/AidansRepo/TeensySwerve/install/lifecycle_msgs/lib/liblifecycle_msgs__rosidl_generator_py.so
[10.374s] -- Up-to-date: /home/aidan/GitHub/AidansRepo/TeensySwerve/install/lifecycle_msgs/share/lifecycle_msgs/msg/State.idl
[10.374s] -- Up-to-date: /home/aidan/GitHub/AidansRepo/TeensySwerve/install/lifecycle_msgs/share/lifecycle_msgs/msg/Transition.idl
[10.381s] -- Up-to-date: /home/aidan/GitHub/AidansRepo/TeensySwerve/install/lifecycle_msgs/share/lifecycle_msgs/msg/TransitionDescription.idl
[10.392s] -- Up-to-date: /home/aidan/GitHub/AidansRepo/TeensySwerve/install/lifecycle_msgs/share/lifecycle_msgs/msg/TransitionEvent.idl
[10.398s] -- Up-to-date: /home/aidan/GitHub/AidansRepo/TeensySwerve/install/lifecycle_msgs/share/lifecycle_msgs/srv/ChangeState.idl
[10.399s] -- Up-to-date: /home/aidan/GitHub/AidansRepo/TeensySwerve/install/lifecycle_msgs/share/lifecycle_msgs/srv/GetAvailableStates.idl
[10.399s] -- Up-to-date: /home/aidan/GitHub/AidansRepo/TeensySwerve/install/lifecycle_msgs/share/lifecycle_msgs/srv/GetAvailableTransitions.idl
[10.412s] -- Up-to-date: /home/aidan/GitHub/AidansRepo/TeensySwerve/install/lifecycle_msgs/share/lifecycle_msgs/srv/GetState.idl
[10.414s] -- Up-to-date: /home/aidan/GitHub/AidansRepo/TeensySwerve/install/lifecycle_msgs/share/lifecycle_msgs/msg/State.msg
[10.415s] -- Up-to-date: /home/aidan/GitHub/AidansRepo/TeensySwerve/install/lifecycle_msgs/share/lifecycle_msgs/msg/Transition.msg
[10.415s] -- Up-to-date: /home/aidan/GitHub/AidansRepo/TeensySwerve/install/lifecycle_msgs/share/lifecycle_msgs/msg/TransitionDescription.msg
[10.416s] -- Up-to-date: /home/aidan/GitHub/AidansRepo/TeensySwerve/install/lifecycle_msgs/share/lifecycle_msgs/msg/TransitionEvent.msg
[10.416s] -- Up-to-date: /home/aidan/GitHub/AidansRepo/TeensySwerve/install/lifecycle_msgs/share/lifecycle_msgs/srv/ChangeState.srv
[10.416s] -- Up-to-date: /home/aidan/GitHub/AidansRepo/TeensySwerve/install/lifecycle_msgs/share/lifecycle_msgs/srv/ChangeState_Request.msg
[10.416s] -- Up-to-date: /home/aidan/GitHub/AidansRepo/TeensySwerve/install/lifecycle_msgs/share/lifecycle_msgs/srv/ChangeState_Response.msg
[10.423s] -- Up-to-date: /home/aidan/GitHub/AidansRepo/TeensySwerve/install/lifecycle_msgs/share/lifecycle_msgs/srv/GetAvailableStates.srv
[10.423s] -- Up-to-date: /home/aidan/GitHub/AidansRepo/TeensySwerve/install/lifecycle_msgs/share/lifecycle_msgs/srv/GetAvailableStates_Request.msg
[10.423s] -- Up-to-date: /home/aidan/GitHub/AidansRepo/TeensySwerve/install/lifecycle_msgs/share/lifecycle_msgs/srv/GetAvailableStates_Response.msg
[10.424s] -- Up-to-date: /home/aidan/GitHub/AidansRepo/TeensySwerve/install/lifecycle_msgs/share/lifecycle_msgs/srv/GetAvailableTransitions.srv
[10.432s] -- Up-to-date: /home/aidan/GitHub/AidansRepo/TeensySwerve/install/lifecycle_msgs/share/lifecycle_msgs/srv/GetAvailableTransitions_Request.msg
[10.432s] -- Up-to-date: /home/aidan/GitHub/AidansRepo/TeensySwerve/install/lifecycle_msgs/share/lifecycle_msgs/srv/GetAvailableTransitions_Response.msg
[10.435s] -- Up-to-date: /home/aidan/GitHub/AidansRepo/TeensySwerve/install/lifecycle_msgs/share/lifecycle_msgs/srv/GetState.srv
[10.435s] -- Up-to-date: /home/aidan/GitHub/AidansRepo/TeensySwerve/install/lifecycle_msgs/share/lifecycle_msgs/srv/GetState_Request.msg
[10.437s] -- Up-to-date: /home/aidan/GitHub/AidansRepo/TeensySwerve/install/lifecycle_msgs/share/lifecycle_msgs/srv/GetState_Response.msg
[10.437s] -- Up-to-date: /home/aidan/GitHub/AidansRepo/TeensySwerve/install/lifecycle_msgs/share/ament_index/resource_index/package_run_dependencies/lifecycle_msgs
[10.437s] -- Up-to-date: /home/aidan/GitHub/AidansRepo/TeensySwerve/install/lifecycle_msgs/share/ament_index/resource_index/parent_prefix_path/lifecycle_msgs
[10.437s] -- Up-to-date: /home/aidan/GitHub/AidansRepo/TeensySwerve/install/lifecycle_msgs/share/lifecycle_msgs/environment/ament_prefix_path.sh
[10.437s] -- Up-to-date: /home/aidan/GitHub/AidansRepo/TeensySwerve/install/lifecycle_msgs/share/lifecycle_msgs/environment/ament_prefix_path.dsv
[10.441s] -- Up-to-date: /home/aidan/GitHub/AidansRepo/TeensySwerve/install/lifecycle_msgs/share/lifecycle_msgs/environment/path.sh
[10.441s] -- Up-to-date: /home/aidan/GitHub/AidansRepo/TeensySwerve/install/lifecycle_msgs/share/lifecycle_msgs/environment/path.dsv
[10.441s] -- Up-to-date: /home/aidan/GitHub/AidansRepo/TeensySwerve/install/lifecycle_msgs/share/lifecycle_msgs/local_setup.bash
[10.441s] -- Up-to-date: /home/aidan/GitHub/AidansRepo/TeensySwerve/install/lifecycle_msgs/share/lifecycle_msgs/local_setup.sh
[10.441s] -- Up-to-date: /home/aidan/GitHub/AidansRepo/TeensySwerve/install/lifecycle_msgs/share/lifecycle_msgs/local_setup.zsh
[10.442s] -- Up-to-date: /home/aidan/GitHub/AidansRepo/TeensySwerve/install/lifecycle_msgs/share/lifecycle_msgs/local_setup.dsv
[10.442s] -- Installing: /home/aidan/GitHub/AidansRepo/TeensySwerve/install/lifecycle_msgs/share/lifecycle_msgs/package.dsv
[10.442s] -- Up-to-date: /home/aidan/GitHub/AidansRepo/TeensySwerve/install/lifecycle_msgs/share/ament_index/resource_index/packages/lifecycle_msgs
[10.442s] -- Up-to-date: /home/aidan/GitHub/AidansRepo/TeensySwerve/install/lifecycle_msgs/share/lifecycle_msgs/cmake/export_lifecycle_msgs__rosidl_generator_cExport.cmake
[10.442s] -- Up-to-date: /home/aidan/GitHub/AidansRepo/TeensySwerve/install/lifecycle_msgs/share/lifecycle_msgs/cmake/export_lifecycle_msgs__rosidl_generator_cExport-noconfig.cmake
[10.452s] -- Up-to-date: /home/aidan/GitHub/AidansRepo/TeensySwerve/install/lifecycle_msgs/share/lifecycle_msgs/cmake/export_lifecycle_msgs__rosidl_typesupport_fastrtps_cExport.cmake
[10.453s] -- Up-to-date: /home/aidan/GitHub/AidansRepo/TeensySwerve/install/lifecycle_msgs/share/lifecycle_msgs/cmake/export_lifecycle_msgs__rosidl_typesupport_fastrtps_cExport-noconfig.cmake
[10.453s] -- Up-to-date: /home/aidan/GitHub/AidansRepo/TeensySwerve/install/lifecycle_msgs/share/lifecycle_msgs/cmake/lifecycle_msgs__rosidl_typesupport_introspection_cExport.cmake
[10.457s] -- Up-to-date: /home/aidan/GitHub/AidansRepo/TeensySwerve/install/lifecycle_msgs/share/lifecycle_msgs/cmake/lifecycle_msgs__rosidl_typesupport_introspection_cExport-noconfig.cmake
[10.457s] -- Up-to-date: /home/aidan/GitHub/AidansRepo/TeensySwerve/install/lifecycle_msgs/share/lifecycle_msgs/cmake/lifecycle_msgs__rosidl_typesupport_cExport.cmake
[10.459s] -- Up-to-date: /home/aidan/GitHub/AidansRepo/TeensySwerve/install/lifecycle_msgs/share/lifecycle_msgs/cmake/lifecycle_msgs__rosidl_typesupport_cExport-noconfig.cmake
[10.460s] -- Up-to-date: /home/aidan/GitHub/AidansRepo/TeensySwerve/install/lifecycle_msgs/share/lifecycle_msgs/cmake/export_lifecycle_msgs__rosidl_generator_cppExport.cmake
[10.466s] -- Up-to-date: /home/aidan/GitHub/AidansRepo/TeensySwerve/install/lifecycle_msgs/share/lifecycle_msgs/cmake/export_lifecycle_msgs__rosidl_typesupport_fastrtps_cppExport.cmake
[10.466s] -- Up-to-date: /home/aidan/GitHub/AidansRepo/TeensySwerve/install/lifecycle_msgs/share/lifecycle_msgs/cmake/export_lifecycle_msgs__rosidl_typesupport_fastrtps_cppExport-noconfig.cmake
[10.466s] -- Up-to-date: /home/aidan/GitHub/AidansRepo/TeensySwerve/install/lifecycle_msgs/share/lifecycle_msgs/cmake/lifecycle_msgs__rosidl_typesupport_introspection_cppExport.cmake
[10.476s] -- Up-to-date: /home/aidan/GitHub/AidansRepo/TeensySwerve/install/lifecycle_msgs/share/lifecycle_msgs/cmake/lifecycle_msgs__rosidl_typesupport_introspection_cppExport-noconfig.cmake
[10.490s] -- Up-to-date: /home/aidan/GitHub/AidansRepo/TeensySwerve/install/lifecycle_msgs/share/lifecycle_msgs/cmake/lifecycle_msgs__rosidl_typesupport_cppExport.cmake
[10.490s] -- Up-to-date: /home/aidan/GitHub/AidansRepo/TeensySwerve/install/lifecycle_msgs/share/lifecycle_msgs/cmake/lifecycle_msgs__rosidl_typesupport_cppExport-noconfig.cmake
[10.490s] -- Up-to-date: /home/aidan/GitHub/AidansRepo/TeensySwerve/install/lifecycle_msgs/share/lifecycle_msgs/cmake/export_lifecycle_msgs__rosidl_generator_pyExport.cmake
[10.490s] -- Up-to-date: /home/aidan/GitHub/AidansRepo/TeensySwerve/install/lifecycle_msgs/share/lifecycle_msgs/cmake/export_lifecycle_msgs__rosidl_generator_pyExport-noconfig.cmake
[10.491s] -- Up-to-date: /home/aidan/GitHub/AidansRepo/TeensySwerve/install/lifecycle_msgs/share/lifecycle_msgs/cmake/rosidl_cmake-extras.cmake
[10.491s] -- Up-to-date: /home/aidan/GitHub/AidansRepo/TeensySwerve/install/lifecycle_msgs/share/lifecycle_msgs/cmake/ament_cmake_export_include_directories-extras.cmake
[10.491s] -- Up-to-date: /home/aidan/GitHub/AidansRepo/TeensySwerve/install/lifecycle_msgs/share/lifecycle_msgs/cmake/ament_cmake_export_libraries-extras.cmake
[10.491s] -- Up-to-date: /home/aidan/GitHub/AidansRepo/TeensySwerve/install/lifecycle_msgs/share/lifecycle_msgs/cmake/ament_cmake_export_targets-extras.cmake
[10.492s] -- Up-to-date: /home/aidan/GitHub/AidansRepo/TeensySwerve/install/lifecycle_msgs/share/lifecycle_msgs/cmake/rosidl_cmake_export_typesupport_targets-extras.cmake
[10.492s] -- Up-to-date: /home/aidan/GitHub/AidansRepo/TeensySwerve/install/lifecycle_msgs/share/lifecycle_msgs/cmake/ament_cmake_export_dependencies-extras.cmake
[10.492s] -- Up-to-date: /home/aidan/GitHub/AidansRepo/TeensySwerve/install/lifecycle_msgs/share/lifecycle_msgs/cmake/rosidl_cmake_export_typesupport_libraries-extras.cmake
[10.492s] -- Up-to-date: /home/aidan/GitHub/AidansRepo/TeensySwerve/install/lifecycle_msgs/share/lifecycle_msgs/cmake/lifecycle_msgsConfig.cmake
[10.492s] -- Up-to-date: /home/aidan/GitHub/AidansRepo/TeensySwerve/install/lifecycle_msgs/share/lifecycle_msgs/cmake/lifecycle_msgsConfig-version.cmake
[10.498s] -- Up-to-date: /home/aidan/GitHub/AidansRepo/TeensySwerve/install/lifecycle_msgs/share/lifecycle_msgs/package.xml
[10.499s] Invoked command in '/home/aidan/GitHub/AidansRepo/TeensySwerve/build/lifecycle_msgs' returned '0': CMAKE_PREFIX_PATH=${CMAKE_PREFIX_PATH}:/home/aidan/GitHub/AidansRepo/TeensySwerve/install/sensor_msgs_py:/home/aidan/GitHub/AidansRepo/TeensySwerve/install/tnsy_swrv_controller:/opt/ros/humble /usr/bin/cmake --install /home/aidan/GitHub/AidansRepo/TeensySwerve/build/lifecycle_msgs
