[0.107s] Invoking command in '/home/aidan/GitHub/AidansRepo/TeensySwerve/build/action_msgs': AMENT_PREFIX_PATH=/home/aidan/GitHub/AidansRepo/TeensySwerve/install/unique_identifier_msgs:/home/aidan/GitHub/AidansRepo/TeensySwerve/install/builtin_interfaces:${AMENT_PREFIX_PATH} CMAKE_PREFIX_PATH=/home/aidan/GitHub/AidansRepo/TeensySwerve/install/unique_identifier_msgs:/home/aidan/GitHub/AidansRepo/TeensySwerve/install/builtin_interfaces:/home/aidan/GitHub/AidansRepo/TeensySwerve/install/tnsy_interfaces:/home/aidan/microros_ws/install/micro_ros_setup:/home/aidan/microros_ws/install/micro_ros_agent:/home/aidan/microros_ws/install/micro_ros_msgs:/home/aidan/GitHub/AidansRepo/TeensySwerve/install/tnsy_swrv_controller:/opt/ros/humble LD_LIBRARY_PATH=/home/aidan/GitHub/AidansRepo/TeensySwerve/install/unique_identifier_msgs/lib:/home/aidan/GitHub/AidansRepo/TeensySwerve/install/builtin_interfaces/lib:${LD_LIBRARY_PATH} PYTHONPATH=/home/aidan/GitHub/AidansRepo/TeensySwerve/install/unique_identifier_msgs/local/lib/python3.10/dist-packages:/home/aidan/GitHub/AidansRepo/TeensySwerve/install/builtin_interfaces/local/lib/python3.10/dist-packages:${PYTHONPATH} /usr/bin/cmake --build /home/aidan/GitHub/AidansRepo/TeensySwerve/build/action_msgs -- -j4 -l4
[0.491s] [35m[1mConsolidate compiler generated dependencies of target action_msgs__rosidl_generator_c[0m
[0.539s] [  1%] Built target action_msgs__cpp
[0.628s] [35m[1mConsolidate compiler generated dependencies of target action_msgs__rosidl_typesupport_cpp[0m
[0.685s] [ 12%] Built target action_msgs__rosidl_generator_c
[0.768s] [ 12%] Built target ament_cmake_python_copy_action_msgs
[0.808s] [35m[1mConsolidate compiler generated dependencies of target action_msgs__rosidl_typesupport_introspection_cpp[0m
[0.839s] [35m[1mConsolidate compiler generated dependencies of target action_msgs__rosidl_typesupport_fastrtps_cpp[0m
[0.847s] [ 23%] Built target action_msgs__rosidl_typesupport_introspection_cpp
[0.925s] [35m[1mConsolidate compiler generated dependencies of target action_msgs__rosidl_typesupport_fastrtps_c[0m
[0.956s] [ 34%] Built target action_msgs__rosidl_typesupport_cpp
[1.030s] [35m[1mConsolidate compiler generated dependencies of target action_msgs__rosidl_typesupport_introspection_c[0m
[1.123s] [ 45%] Built target action_msgs__rosidl_typesupport_fastrtps_cpp
[1.304s] [ 56%] Built target action_msgs__rosidl_typesupport_fastrtps_c
[1.304s] [35m[1mConsolidate compiler generated dependencies of target action_msgs__rosidl_typesupport_c[0m
[1.362s] [ 67%] Built target action_msgs__rosidl_typesupport_introspection_c
[1.408s] [ 78%] Built target action_msgs__rosidl_typesupport_c
[1.675s] [ 78%] Built target action_msgs
[1.932s] [ 80%] Built target action_msgs__py
[2.155s] [35m[1mConsolidate compiler generated dependencies of target action_msgs__rosidl_generator_py[0m
[2.322s] [ 89%] Built target action_msgs__rosidl_generator_py
[2.424s] [35m[1mConsolidate compiler generated dependencies of target action_msgs__rosidl_typesupport_fastrtps_c__pyext[0m
[2.483s] [35m[1mConsolidate compiler generated dependencies of target action_msgs__rosidl_typesupport_introspection_c__pyext[0m
[2.525s] [35m[1mConsolidate compiler generated dependencies of target action_msgs__rosidl_typesupport_c__pyext[0m
[2.622s] [ 92%] Built target action_msgs__rosidl_typesupport_fastrtps_c__pyext
[2.645s] [ 96%] Built target action_msgs__rosidl_typesupport_c__pyext
[2.669s] [100%] Built target action_msgs__rosidl_typesupport_introspection_c__pyext
[5.012s] running egg_info
[5.019s] writing action_msgs.egg-info/PKG-INFO
[5.022s] writing dependency_links to action_msgs.egg-info/dependency_links.txt
[5.025s] writing top-level names to action_msgs.egg-info/top_level.txt
[5.042s] reading manifest file 'action_msgs.egg-info/SOURCES.txt'
[5.048s] writing manifest file 'action_msgs.egg-info/SOURCES.txt'
[5.163s] [100%] Built target ament_cmake_python_build_action_msgs_egg
[5.209s] Invoked command in '/home/aidan/GitHub/AidansRepo/TeensySwerve/build/action_msgs' returned '0': AMENT_PREFIX_PATH=/home/aidan/GitHub/AidansRepo/TeensySwerve/install/unique_identifier_msgs:/home/aidan/GitHub/AidansRepo/TeensySwerve/install/builtin_interfaces:${AMENT_PREFIX_PATH} CMAKE_PREFIX_PATH=/home/aidan/GitHub/AidansRepo/TeensySwerve/install/unique_identifier_msgs:/home/aidan/GitHub/AidansRepo/TeensySwerve/install/builtin_interfaces:/home/aidan/GitHub/AidansRepo/TeensySwerve/install/tnsy_interfaces:/home/aidan/microros_ws/install/micro_ros_setup:/home/aidan/microros_ws/install/micro_ros_agent:/home/aidan/microros_ws/install/micro_ros_msgs:/home/aidan/GitHub/AidansRepo/TeensySwerve/install/tnsy_swrv_controller:/opt/ros/humble LD_LIBRARY_PATH=/home/aidan/GitHub/AidansRepo/TeensySwerve/install/unique_identifier_msgs/lib:/home/aidan/GitHub/AidansRepo/TeensySwerve/install/builtin_interfaces/lib:${LD_LIBRARY_PATH} PYTHONPATH=/home/aidan/GitHub/AidansRepo/TeensySwerve/install/unique_identifier_msgs/local/lib/python3.10/dist-packages:/home/aidan/GitHub/AidansRepo/TeensySwerve/install/builtin_interfaces/local/lib/python3.10/dist-packages:${PYTHONPATH} /usr/bin/cmake --build /home/aidan/GitHub/AidansRepo/TeensySwerve/build/action_msgs -- -j4 -l4
[5.643s] Invoking command in '/home/aidan/GitHub/AidansRepo/TeensySwerve/build/action_msgs': AMENT_PREFIX_PATH=/home/aidan/GitHub/AidansRepo/TeensySwerve/install/unique_identifier_msgs:/home/aidan/GitHub/AidansRepo/TeensySwerve/install/builtin_interfaces:${AMENT_PREFIX_PATH} CMAKE_PREFIX_PATH=/home/aidan/GitHub/AidansRepo/TeensySwerve/install/unique_identifier_msgs:/home/aidan/GitHub/AidansRepo/TeensySwerve/install/builtin_interfaces:/home/aidan/GitHub/AidansRepo/TeensySwerve/install/tnsy_interfaces:/home/aidan/microros_ws/install/micro_ros_setup:/home/aidan/microros_ws/install/micro_ros_agent:/home/aidan/microros_ws/install/micro_ros_msgs:/home/aidan/GitHub/AidansRepo/TeensySwerve/install/tnsy_swrv_controller:/opt/ros/humble LD_LIBRARY_PATH=/home/aidan/GitHub/AidansRepo/TeensySwerve/install/unique_identifier_msgs/lib:/home/aidan/GitHub/AidansRepo/TeensySwerve/install/builtin_interfaces/lib:${LD_LIBRARY_PATH} PYTHONPATH=/home/aidan/GitHub/AidansRepo/TeensySwerve/install/unique_identifier_msgs/local/lib/python3.10/dist-packages:/home/aidan/GitHub/AidansRepo/TeensySwerve/install/builtin_interfaces/local/lib/python3.10/dist-packages:${PYTHONPATH} /usr/bin/cmake --install /home/aidan/GitHub/AidansRepo/TeensySwerve/build/action_msgs
[5.671s] -- Install configuration: ""
[5.671s] -- Up-to-date: /home/aidan/GitHub/AidansRepo/TeensySwerve/install/action_msgs/share/ament_index/resource_index/rosidl_interfaces/action_msgs
[5.672s] -- Up-to-date: /home/aidan/GitHub/AidansRepo/TeensySwerve/install/action_msgs/include/action_msgs/action_msgs
[5.672s] -- Up-to-date: /home/aidan/GitHub/AidansRepo/TeensySwerve/install/action_msgs/include/action_msgs/action_msgs/srv
[5.672s] -- Up-to-date: /home/aidan/GitHub/AidansRepo/TeensySwerve/install/action_msgs/include/action_msgs/action_msgs/srv/cancel_goal.h
[5.673s] -- Up-to-date: /home/aidan/GitHub/AidansRepo/TeensySwerve/install/action_msgs/include/action_msgs/action_msgs/srv/detail
[5.673s] -- Up-to-date: /home/aidan/GitHub/AidansRepo/TeensySwerve/install/action_msgs/include/action_msgs/action_msgs/srv/detail/cancel_goal__functions.h
[5.673s] -- Up-to-date: /home/aidan/GitHub/AidansRepo/TeensySwerve/install/action_msgs/include/action_msgs/action_msgs/srv/detail/cancel_goal__struct.h
[5.673s] -- Up-to-date: /home/aidan/GitHub/AidansRepo/TeensySwerve/install/action_msgs/include/action_msgs/action_msgs/srv/detail/cancel_goal__type_support.h
[5.673s] -- Up-to-date: /home/aidan/GitHub/AidansRepo/TeensySwerve/install/action_msgs/include/action_msgs/action_msgs/srv/detail/cancel_goal__functions.c
[5.674s] -- Up-to-date: /home/aidan/GitHub/AidansRepo/TeensySwerve/install/action_msgs/include/action_msgs/action_msgs/msg
[5.674s] -- Up-to-date: /home/aidan/GitHub/AidansRepo/TeensySwerve/install/action_msgs/include/action_msgs/action_msgs/msg/goal_info.h
[5.674s] -- Up-to-date: /home/aidan/GitHub/AidansRepo/TeensySwerve/install/action_msgs/include/action_msgs/action_msgs/msg/goal_status.h
[5.674s] -- Up-to-date: /home/aidan/GitHub/AidansRepo/TeensySwerve/install/action_msgs/include/action_msgs/action_msgs/msg/rosidl_generator_c__visibility_control.h
[5.675s] -- Up-to-date: /home/aidan/GitHub/AidansRepo/TeensySwerve/install/action_msgs/include/action_msgs/action_msgs/msg/goal_status_array.h
[5.679s] -- Up-to-date: /home/aidan/GitHub/AidansRepo/TeensySwerve/install/action_msgs/include/action_msgs/action_msgs/msg/detail
[5.679s] -- Up-to-date: /home/aidan/GitHub/AidansRepo/TeensySwerve/install/action_msgs/include/action_msgs/action_msgs/msg/detail/goal_status__functions.h
[5.679s] -- Up-to-date: /home/aidan/GitHub/AidansRepo/TeensySwerve/install/action_msgs/include/action_msgs/action_msgs/msg/detail/goal_status__struct.h
[5.680s] -- Up-to-date: /home/aidan/GitHub/AidansRepo/TeensySwerve/install/action_msgs/include/action_msgs/action_msgs/msg/detail/goal_status__functions.c
[5.680s] -- Up-to-date: /home/aidan/GitHub/AidansRepo/TeensySwerve/install/action_msgs/include/action_msgs/action_msgs/msg/detail/goal_info__struct.h
[5.680s] -- Up-to-date: /home/aidan/GitHub/AidansRepo/TeensySwerve/install/action_msgs/include/action_msgs/action_msgs/msg/detail/goal_status_array__functions.c
[5.680s] -- Up-to-date: /home/aidan/GitHub/AidansRepo/TeensySwerve/install/action_msgs/include/action_msgs/action_msgs/msg/detail/goal_info__functions.h
[5.680s] -- Up-to-date: /home/aidan/GitHub/AidansRepo/TeensySwerve/install/action_msgs/include/action_msgs/action_msgs/msg/detail/goal_status_array__functions.h
[5.680s] -- Up-to-date: /home/aidan/GitHub/AidansRepo/TeensySwerve/install/action_msgs/include/action_msgs/action_msgs/msg/detail/goal_status_array__type_support.h
[5.680s] -- Up-to-date: /home/aidan/GitHub/AidansRepo/TeensySwerve/install/action_msgs/include/action_msgs/action_msgs/msg/detail/goal_status_array__struct.h
[5.681s] -- Up-to-date: /home/aidan/GitHub/AidansRepo/TeensySwerve/install/action_msgs/include/action_msgs/action_msgs/msg/detail/goal_info__functions.c
[5.681s] -- Up-to-date: /home/aidan/GitHub/AidansRepo/TeensySwerve/install/action_msgs/include/action_msgs/action_msgs/msg/detail/goal_status__type_support.h
[5.682s] -- Up-to-date: /home/aidan/GitHub/AidansRepo/TeensySwerve/install/action_msgs/include/action_msgs/action_msgs/msg/detail/goal_info__type_support.h
[5.682s] -- Up-to-date: /home/aidan/GitHub/AidansRepo/TeensySwerve/install/action_msgs/share/action_msgs/environment/library_path.sh
[5.682s] -- Up-to-date: /home/aidan/GitHub/AidansRepo/TeensySwerve/install/action_msgs/share/action_msgs/environment/library_path.dsv
[5.682s] -- Up-to-date: /home/aidan/GitHub/AidansRepo/TeensySwerve/install/action_msgs/lib/libaction_msgs__rosidl_generator_c.so
[5.682s] -- Up-to-date: /home/aidan/GitHub/AidansRepo/TeensySwerve/install/action_msgs/include/action_msgs/action_msgs
[5.682s] -- Up-to-date: /home/aidan/GitHub/AidansRepo/TeensySwerve/install/action_msgs/include/action_msgs/action_msgs/srv
[5.683s] -- Up-to-date: /home/aidan/GitHub/AidansRepo/TeensySwerve/install/action_msgs/include/action_msgs/action_msgs/srv/detail
[5.683s] -- Up-to-date: /home/aidan/GitHub/AidansRepo/TeensySwerve/install/action_msgs/include/action_msgs/action_msgs/srv/detail/cancel_goal__rosidl_typesupport_fastrtps_c.h
[5.683s] -- Up-to-date: /home/aidan/GitHub/AidansRepo/TeensySwerve/install/action_msgs/include/action_msgs/action_msgs/msg
[5.683s] -- Up-to-date: /home/aidan/GitHub/AidansRepo/TeensySwerve/install/action_msgs/include/action_msgs/action_msgs/msg/rosidl_typesupport_fastrtps_c__visibility_control.h
[5.685s] -- Up-to-date: /home/aidan/GitHub/AidansRepo/TeensySwerve/install/action_msgs/include/action_msgs/action_msgs/msg/detail
[5.685s] -- Up-to-date: /home/aidan/GitHub/AidansRepo/TeensySwerve/install/action_msgs/include/action_msgs/action_msgs/msg/detail/goal_status_array__rosidl_typesupport_fastrtps_c.h
[5.686s] -- Up-to-date: /home/aidan/GitHub/AidansRepo/TeensySwerve/install/action_msgs/include/action_msgs/action_msgs/msg/detail/goal_info__rosidl_typesupport_fastrtps_c.h
[5.686s] -- Up-to-date: /home/aidan/GitHub/AidansRepo/TeensySwerve/install/action_msgs/include/action_msgs/action_msgs/msg/detail/goal_status__rosidl_typesupport_fastrtps_c.h
[5.686s] -- Up-to-date: /home/aidan/GitHub/AidansRepo/TeensySwerve/install/action_msgs/lib/libaction_msgs__rosidl_typesupport_fastrtps_c.so
[5.686s] -- Up-to-date: /home/aidan/GitHub/AidansRepo/TeensySwerve/install/action_msgs/include/action_msgs/action_msgs
[5.686s] -- Up-to-date: /home/aidan/GitHub/AidansRepo/TeensySwerve/install/action_msgs/include/action_msgs/action_msgs/srv
[5.688s] -- Up-to-date: /home/aidan/GitHub/AidansRepo/TeensySwerve/install/action_msgs/include/action_msgs/action_msgs/srv/cancel_goal.hpp
[5.688s] -- Up-to-date: /home/aidan/GitHub/AidansRepo/TeensySwerve/install/action_msgs/include/action_msgs/action_msgs/srv/detail
[5.688s] -- Up-to-date: /home/aidan/GitHub/AidansRepo/TeensySwerve/install/action_msgs/include/action_msgs/action_msgs/srv/detail/cancel_goal__builder.hpp
[5.690s] -- Up-to-date: /home/aidan/GitHub/AidansRepo/TeensySwerve/install/action_msgs/include/action_msgs/action_msgs/srv/detail/cancel_goal__struct.hpp
[5.690s] -- Up-to-date: /home/aidan/GitHub/AidansRepo/TeensySwerve/install/action_msgs/include/action_msgs/action_msgs/srv/detail/cancel_goal__traits.hpp
[5.691s] -- Up-to-date: /home/aidan/GitHub/AidansRepo/TeensySwerve/install/action_msgs/include/action_msgs/action_msgs/srv/detail/cancel_goal__type_support.hpp
[5.691s] -- Up-to-date: /home/aidan/GitHub/AidansRepo/TeensySwerve/install/action_msgs/include/action_msgs/action_msgs/msg
[5.691s] -- Up-to-date: /home/aidan/GitHub/AidansRepo/TeensySwerve/install/action_msgs/include/action_msgs/action_msgs/msg/goal_status_array.hpp
[5.691s] -- Up-to-date: /home/aidan/GitHub/AidansRepo/TeensySwerve/install/action_msgs/include/action_msgs/action_msgs/msg/goal_status.hpp
[5.692s] -- Up-to-date: /home/aidan/GitHub/AidansRepo/TeensySwerve/install/action_msgs/include/action_msgs/action_msgs/msg/detail
[5.692s] -- Up-to-date: /home/aidan/GitHub/AidansRepo/TeensySwerve/install/action_msgs/include/action_msgs/action_msgs/msg/detail/goal_status__struct.hpp
[5.692s] -- Up-to-date: /home/aidan/GitHub/AidansRepo/TeensySwerve/install/action_msgs/include/action_msgs/action_msgs/msg/detail/goal_status__builder.hpp
[5.692s] -- Up-to-date: /home/aidan/GitHub/AidansRepo/TeensySwerve/install/action_msgs/include/action_msgs/action_msgs/msg/detail/goal_status_array__builder.hpp
[5.693s] -- Up-to-date: /home/aidan/GitHub/AidansRepo/TeensySwerve/install/action_msgs/include/action_msgs/action_msgs/msg/detail/goal_status_array__struct.hpp
[5.693s] -- Up-to-date: /home/aidan/GitHub/AidansRepo/TeensySwerve/install/action_msgs/include/action_msgs/action_msgs/msg/detail/goal_status__type_support.hpp
[5.693s] -- Up-to-date: /home/aidan/GitHub/AidansRepo/TeensySwerve/install/action_msgs/include/action_msgs/action_msgs/msg/detail/goal_status_array__traits.hpp
[5.693s] -- Up-to-date: /home/aidan/GitHub/AidansRepo/TeensySwerve/install/action_msgs/include/action_msgs/action_msgs/msg/detail/goal_info__traits.hpp
[5.693s] -- Up-to-date: /home/aidan/GitHub/AidansRepo/TeensySwerve/install/action_msgs/include/action_msgs/action_msgs/msg/detail/goal_info__struct.hpp
[5.693s] -- Up-to-date: /home/aidan/GitHub/AidansRepo/TeensySwerve/install/action_msgs/include/action_msgs/action_msgs/msg/detail/goal_info__builder.hpp
[5.694s] -- Up-to-date: /home/aidan/GitHub/AidansRepo/TeensySwerve/install/action_msgs/include/action_msgs/action_msgs/msg/detail/goal_info__type_support.hpp
[5.694s] -- Up-to-date: /home/aidan/GitHub/AidansRepo/TeensySwerve/install/action_msgs/include/action_msgs/action_msgs/msg/detail/goal_status__traits.hpp
[5.694s] -- Up-to-date: /home/aidan/GitHub/AidansRepo/TeensySwerve/install/action_msgs/include/action_msgs/action_msgs/msg/detail/goal_status_array__type_support.hpp
[5.694s] -- Up-to-date: /home/aidan/GitHub/AidansRepo/TeensySwerve/install/action_msgs/include/action_msgs/action_msgs/msg/goal_info.hpp
[5.694s] -- Up-to-date: /home/aidan/GitHub/AidansRepo/TeensySwerve/install/action_msgs/include/action_msgs/action_msgs/msg/rosidl_generator_cpp__visibility_control.hpp
[5.694s] -- Up-to-date: /home/aidan/GitHub/AidansRepo/TeensySwerve/install/action_msgs/include/action_msgs/action_msgs
[5.694s] -- Up-to-date: /home/aidan/GitHub/AidansRepo/TeensySwerve/install/action_msgs/include/action_msgs/action_msgs/srv
[5.695s] -- Up-to-date: /home/aidan/GitHub/AidansRepo/TeensySwerve/install/action_msgs/include/action_msgs/action_msgs/srv/detail
[5.695s] -- Up-to-date: /home/aidan/GitHub/AidansRepo/TeensySwerve/install/action_msgs/include/action_msgs/action_msgs/srv/detail/dds_fastrtps
[5.695s] -- Up-to-date: /home/aidan/GitHub/AidansRepo/TeensySwerve/install/action_msgs/include/action_msgs/action_msgs/srv/detail/cancel_goal__rosidl_typesupport_fastrtps_cpp.hpp
[5.695s] -- Up-to-date: /home/aidan/GitHub/AidansRepo/TeensySwerve/install/action_msgs/include/action_msgs/action_msgs/msg
[5.695s] -- Up-to-date: /home/aidan/GitHub/AidansRepo/TeensySwerve/install/action_msgs/include/action_msgs/action_msgs/msg/rosidl_typesupport_fastrtps_cpp__visibility_control.h
[5.696s] -- Up-to-date: /home/aidan/GitHub/AidansRepo/TeensySwerve/install/action_msgs/include/action_msgs/action_msgs/msg/detail
[5.696s] -- Up-to-date: /home/aidan/GitHub/AidansRepo/TeensySwerve/install/action_msgs/include/action_msgs/action_msgs/msg/detail/dds_fastrtps
[5.696s] -- Up-to-date: /home/aidan/GitHub/AidansRepo/TeensySwerve/install/action_msgs/include/action_msgs/action_msgs/msg/detail/goal_status__rosidl_typesupport_fastrtps_cpp.hpp
[5.696s] -- Up-to-date: /home/aidan/GitHub/AidansRepo/TeensySwerve/install/action_msgs/include/action_msgs/action_msgs/msg/detail/goal_status_array__rosidl_typesupport_fastrtps_cpp.hpp
[5.696s] -- Up-to-date: /home/aidan/GitHub/AidansRepo/TeensySwerve/install/action_msgs/include/action_msgs/action_msgs/msg/detail/goal_info__rosidl_typesupport_fastrtps_cpp.hpp
[5.696s] -- Up-to-date: /home/aidan/GitHub/AidansRepo/TeensySwerve/install/action_msgs/lib/libaction_msgs__rosidl_typesupport_fastrtps_cpp.so
[5.696s] -- Up-to-date: /home/aidan/GitHub/AidansRepo/TeensySwerve/install/action_msgs/include/action_msgs/action_msgs
[5.697s] -- Up-to-date: /home/aidan/GitHub/AidansRepo/TeensySwerve/install/action_msgs/include/action_msgs/action_msgs/srv
[5.697s] -- Up-to-date: /home/aidan/GitHub/AidansRepo/TeensySwerve/install/action_msgs/include/action_msgs/action_msgs/srv/detail
[5.697s] -- Up-to-date: /home/aidan/GitHub/AidansRepo/TeensySwerve/install/action_msgs/include/action_msgs/action_msgs/srv/detail/cancel_goal__type_support.c
[5.699s] -- Up-to-date: /home/aidan/GitHub/AidansRepo/TeensySwerve/install/action_msgs/include/action_msgs/action_msgs/srv/detail/cancel_goal__rosidl_typesupport_introspection_c.h
[5.700s] -- Up-to-date: /home/aidan/GitHub/AidansRepo/TeensySwerve/install/action_msgs/include/action_msgs/action_msgs/msg
[5.704s] -- Up-to-date: /home/aidan/GitHub/AidansRepo/TeensySwerve/install/action_msgs/include/action_msgs/action_msgs/msg/detail
[5.704s] -- Up-to-date: /home/aidan/GitHub/AidansRepo/TeensySwerve/install/action_msgs/include/action_msgs/action_msgs/msg/detail/goal_status__type_support.c
[5.704s] -- Up-to-date: /home/aidan/GitHub/AidansRepo/TeensySwerve/install/action_msgs/include/action_msgs/action_msgs/msg/detail/goal_info__type_support.c
[5.705s] -- Up-to-date: /home/aidan/GitHub/AidansRepo/TeensySwerve/install/action_msgs/include/action_msgs/action_msgs/msg/detail/goal_status_array__type_support.c
[5.705s] -- Up-to-date: /home/aidan/GitHub/AidansRepo/TeensySwerve/install/action_msgs/include/action_msgs/action_msgs/msg/detail/goal_info__rosidl_typesupport_introspection_c.h
[5.706s] -- Up-to-date: /home/aidan/GitHub/AidansRepo/TeensySwerve/install/action_msgs/include/action_msgs/action_msgs/msg/detail/goal_status_array__rosidl_typesupport_introspection_c.h
[5.706s] -- Up-to-date: /home/aidan/GitHub/AidansRepo/TeensySwerve/install/action_msgs/include/action_msgs/action_msgs/msg/detail/goal_status__rosidl_typesupport_introspection_c.h
[5.706s] -- Up-to-date: /home/aidan/GitHub/AidansRepo/TeensySwerve/install/action_msgs/include/action_msgs/action_msgs/msg/rosidl_typesupport_introspection_c__visibility_control.h
[5.706s] -- Up-to-date: /home/aidan/GitHub/AidansRepo/TeensySwerve/install/action_msgs/lib/libaction_msgs__rosidl_typesupport_introspection_c.so
[5.706s] -- Up-to-date: /home/aidan/GitHub/AidansRepo/TeensySwerve/install/action_msgs/lib/libaction_msgs__rosidl_typesupport_c.so
[5.707s] -- Up-to-date: /home/aidan/GitHub/AidansRepo/TeensySwerve/install/action_msgs/include/action_msgs/action_msgs
[5.707s] -- Up-to-date: /home/aidan/GitHub/AidansRepo/TeensySwerve/install/action_msgs/include/action_msgs/action_msgs/srv
[5.707s] -- Up-to-date: /home/aidan/GitHub/AidansRepo/TeensySwerve/install/action_msgs/include/action_msgs/action_msgs/srv/detail
[5.707s] -- Up-to-date: /home/aidan/GitHub/AidansRepo/TeensySwerve/install/action_msgs/include/action_msgs/action_msgs/srv/detail/cancel_goal__type_support.cpp
[5.708s] -- Up-to-date: /home/aidan/GitHub/AidansRepo/TeensySwerve/install/action_msgs/include/action_msgs/action_msgs/srv/detail/cancel_goal__rosidl_typesupport_introspection_cpp.hpp
[5.708s] -- Up-to-date: /home/aidan/GitHub/AidansRepo/TeensySwerve/install/action_msgs/include/action_msgs/action_msgs/msg
[5.708s] -- Up-to-date: /home/aidan/GitHub/AidansRepo/TeensySwerve/install/action_msgs/include/action_msgs/action_msgs/msg/detail
[5.708s] -- Up-to-date: /home/aidan/GitHub/AidansRepo/TeensySwerve/install/action_msgs/include/action_msgs/action_msgs/msg/detail/goal_status__type_support.cpp
[5.708s] -- Up-to-date: /home/aidan/GitHub/AidansRepo/TeensySwerve/install/action_msgs/include/action_msgs/action_msgs/msg/detail/goal_info__type_support.cpp
[5.708s] -- Up-to-date: /home/aidan/GitHub/AidansRepo/TeensySwerve/install/action_msgs/include/action_msgs/action_msgs/msg/detail/goal_status_array__type_support.cpp
[5.709s] -- Up-to-date: /home/aidan/GitHub/AidansRepo/TeensySwerve/install/action_msgs/include/action_msgs/action_msgs/msg/detail/goal_info__rosidl_typesupport_introspection_cpp.hpp
[5.709s] -- Up-to-date: /home/aidan/GitHub/AidansRepo/TeensySwerve/install/action_msgs/include/action_msgs/action_msgs/msg/detail/goal_status_array__rosidl_typesupport_introspection_cpp.hpp
[5.709s] -- Up-to-date: /home/aidan/GitHub/AidansRepo/TeensySwerve/install/action_msgs/include/action_msgs/action_msgs/msg/detail/goal_status__rosidl_typesupport_introspection_cpp.hpp
[5.709s] -- Up-to-date: /home/aidan/GitHub/AidansRepo/TeensySwerve/install/action_msgs/lib/libaction_msgs__rosidl_typesupport_introspection_cpp.so
[5.709s] -- Up-to-date: /home/aidan/GitHub/AidansRepo/TeensySwerve/install/action_msgs/lib/libaction_msgs__rosidl_typesupport_cpp.so
[5.709s] -- Up-to-date: /home/aidan/GitHub/AidansRepo/TeensySwerve/install/action_msgs/share/action_msgs/environment/pythonpath.sh
[5.709s] -- Up-to-date: /home/aidan/GitHub/AidansRepo/TeensySwerve/install/action_msgs/share/action_msgs/environment/pythonpath.dsv
[5.710s] -- Up-to-date: /home/aidan/GitHub/AidansRepo/TeensySwerve/install/action_msgs/local/lib/python3.10/dist-packages/action_msgs-1.2.1-py3.10.egg-info
[5.710s] -- Installing: /home/aidan/GitHub/AidansRepo/TeensySwerve/install/action_msgs/local/lib/python3.10/dist-packages/action_msgs-1.2.1-py3.10.egg-info/PKG-INFO
[5.714s] -- Installing: /home/aidan/GitHub/AidansRepo/TeensySwerve/install/action_msgs/local/lib/python3.10/dist-packages/action_msgs-1.2.1-py3.10.egg-info/SOURCES.txt
[5.714s] -- Installing: /home/aidan/GitHub/AidansRepo/TeensySwerve/install/action_msgs/local/lib/python3.10/dist-packages/action_msgs-1.2.1-py3.10.egg-info/dependency_links.txt
[5.715s] -- Installing: /home/aidan/GitHub/AidansRepo/TeensySwerve/install/action_msgs/local/lib/python3.10/dist-packages/action_msgs-1.2.1-py3.10.egg-info/top_level.txt
[5.715s] -- Up-to-date: /home/aidan/GitHub/AidansRepo/TeensySwerve/install/action_msgs/local/lib/python3.10/dist-packages/action_msgs
[5.716s] -- Up-to-date: /home/aidan/GitHub/AidansRepo/TeensySwerve/install/action_msgs/local/lib/python3.10/dist-packages/action_msgs/_action_msgs_s.ep.rosidl_typesupport_fastrtps_c.c
[5.716s] -- Up-to-date: /home/aidan/GitHub/AidansRepo/TeensySwerve/install/action_msgs/local/lib/python3.10/dist-packages/action_msgs/action_msgs_s__rosidl_typesupport_introspection_c.cpython-310-x86_64-linux-gnu.so
[5.719s] -- Up-to-date: /home/aidan/GitHub/AidansRepo/TeensySwerve/install/action_msgs/local/lib/python3.10/dist-packages/action_msgs/srv
[5.719s] -- Up-to-date: /home/aidan/GitHub/AidansRepo/TeensySwerve/install/action_msgs/local/lib/python3.10/dist-packages/action_msgs/srv/__init__.py
[5.719s] -- Up-to-date: /home/aidan/GitHub/AidansRepo/TeensySwerve/install/action_msgs/local/lib/python3.10/dist-packages/action_msgs/srv/_cancel_goal_s.c
[5.720s] -- Up-to-date: /home/aidan/GitHub/AidansRepo/TeensySwerve/install/action_msgs/local/lib/python3.10/dist-packages/action_msgs/srv/_cancel_goal.py
[5.720s] -- Up-to-date: /home/aidan/GitHub/AidansRepo/TeensySwerve/install/action_msgs/local/lib/python3.10/dist-packages/action_msgs/__init__.py
[5.720s] -- Up-to-date: /home/aidan/GitHub/AidansRepo/TeensySwerve/install/action_msgs/local/lib/python3.10/dist-packages/action_msgs/libaction_msgs__rosidl_generator_py.so
[5.721s] -- Up-to-date: /home/aidan/GitHub/AidansRepo/TeensySwerve/install/action_msgs/local/lib/python3.10/dist-packages/action_msgs/msg
[5.721s] -- Up-to-date: /home/aidan/GitHub/AidansRepo/TeensySwerve/install/action_msgs/local/lib/python3.10/dist-packages/action_msgs/msg/_goal_status.py
[5.721s] -- Up-to-date: /home/aidan/GitHub/AidansRepo/TeensySwerve/install/action_msgs/local/lib/python3.10/dist-packages/action_msgs/msg/_goal_status_array.py
[5.721s] -- Up-to-date: /home/aidan/GitHub/AidansRepo/TeensySwerve/install/action_msgs/local/lib/python3.10/dist-packages/action_msgs/msg/__init__.py
[5.721s] -- Up-to-date: /home/aidan/GitHub/AidansRepo/TeensySwerve/install/action_msgs/local/lib/python3.10/dist-packages/action_msgs/msg/_goal_info.py
[5.721s] -- Up-to-date: /home/aidan/GitHub/AidansRepo/TeensySwerve/install/action_msgs/local/lib/python3.10/dist-packages/action_msgs/msg/_goal_status_s.c
[5.726s] -- Up-to-date: /home/aidan/GitHub/AidansRepo/TeensySwerve/install/action_msgs/local/lib/python3.10/dist-packages/action_msgs/msg/_goal_info_s.c
[5.726s] -- Up-to-date: /home/aidan/GitHub/AidansRepo/TeensySwerve/install/action_msgs/local/lib/python3.10/dist-packages/action_msgs/msg/_goal_status_array_s.c
[5.726s] -- Up-to-date: /home/aidan/GitHub/AidansRepo/TeensySwerve/install/action_msgs/local/lib/python3.10/dist-packages/action_msgs/action_msgs_s__rosidl_typesupport_c.cpython-310-x86_64-linux-gnu.so
[5.726s] -- Up-to-date: /home/aidan/GitHub/AidansRepo/TeensySwerve/install/action_msgs/local/lib/python3.10/dist-packages/action_msgs/action_msgs_s__rosidl_typesupport_fastrtps_c.cpython-310-x86_64-linux-gnu.so
[5.726s] -- Up-to-date: /home/aidan/GitHub/AidansRepo/TeensySwerve/install/action_msgs/local/lib/python3.10/dist-packages/action_msgs/_action_msgs_s.ep.rosidl_typesupport_introspection_c.c
[5.727s] -- Up-to-date: /home/aidan/GitHub/AidansRepo/TeensySwerve/install/action_msgs/local/lib/python3.10/dist-packages/action_msgs/_action_msgs_s.ep.rosidl_typesupport_c.c
[5.857s] Listing '/home/aidan/GitHub/AidansRepo/TeensySwerve/install/action_msgs/local/lib/python3.10/dist-packages/action_msgs'...
[5.858s] Listing '/home/aidan/GitHub/AidansRepo/TeensySwerve/install/action_msgs/local/lib/python3.10/dist-packages/action_msgs/msg'...
[5.860s] Listing '/home/aidan/GitHub/AidansRepo/TeensySwerve/install/action_msgs/local/lib/python3.10/dist-packages/action_msgs/srv'...
[5.871s] -- Up-to-date: /home/aidan/GitHub/AidansRepo/TeensySwerve/install/action_msgs/local/lib/python3.10/dist-packages/action_msgs/action_msgs_s__rosidl_typesupport_fastrtps_c.cpython-310-x86_64-linux-gnu.so
[5.874s] -- Up-to-date: /home/aidan/GitHub/AidansRepo/TeensySwerve/install/action_msgs/local/lib/python3.10/dist-packages/action_msgs/action_msgs_s__rosidl_typesupport_introspection_c.cpython-310-x86_64-linux-gnu.so
[5.876s] -- Up-to-date: /home/aidan/GitHub/AidansRepo/TeensySwerve/install/action_msgs/local/lib/python3.10/dist-packages/action_msgs/action_msgs_s__rosidl_typesupport_c.cpython-310-x86_64-linux-gnu.so
[5.879s] -- Up-to-date: /home/aidan/GitHub/AidansRepo/TeensySwerve/install/action_msgs/lib/libaction_msgs__rosidl_generator_py.so
[5.880s] -- Up-to-date: /home/aidan/GitHub/AidansRepo/TeensySwerve/install/action_msgs/share/action_msgs/msg/GoalInfo.idl
[5.881s] -- Up-to-date: /home/aidan/GitHub/AidansRepo/TeensySwerve/install/action_msgs/share/action_msgs/msg/GoalStatus.idl
[5.882s] -- Up-to-date: /home/aidan/GitHub/AidansRepo/TeensySwerve/install/action_msgs/share/action_msgs/msg/GoalStatusArray.idl
[5.882s] -- Up-to-date: /home/aidan/GitHub/AidansRepo/TeensySwerve/install/action_msgs/share/action_msgs/srv/CancelGoal.idl
[5.882s] -- Up-to-date: /home/aidan/GitHub/AidansRepo/TeensySwerve/install/action_msgs/share/action_msgs/msg/GoalInfo.msg
[5.883s] -- Up-to-date: /home/aidan/GitHub/AidansRepo/TeensySwerve/install/action_msgs/share/action_msgs/msg/GoalStatus.msg
[5.883s] -- Up-to-date: /home/aidan/GitHub/AidansRepo/TeensySwerve/install/action_msgs/share/action_msgs/msg/GoalStatusArray.msg
[5.883s] -- Up-to-date: /home/aidan/GitHub/AidansRepo/TeensySwerve/install/action_msgs/share/action_msgs/srv/CancelGoal.srv
[5.884s] -- Up-to-date: /home/aidan/GitHub/AidansRepo/TeensySwerve/install/action_msgs/share/action_msgs/srv/CancelGoal_Request.msg
[5.884s] -- Up-to-date: /home/aidan/GitHub/AidansRepo/TeensySwerve/install/action_msgs/share/action_msgs/srv/CancelGoal_Response.msg
[5.884s] -- Up-to-date: /home/aidan/GitHub/AidansRepo/TeensySwerve/install/action_msgs/share/ament_index/resource_index/package_run_dependencies/action_msgs
[5.884s] -- Up-to-date: /home/aidan/GitHub/AidansRepo/TeensySwerve/install/action_msgs/share/ament_index/resource_index/parent_prefix_path/action_msgs
[5.885s] -- Up-to-date: /home/aidan/GitHub/AidansRepo/TeensySwerve/install/action_msgs/share/action_msgs/environment/ament_prefix_path.sh
[5.885s] -- Up-to-date: /home/aidan/GitHub/AidansRepo/TeensySwerve/install/action_msgs/share/action_msgs/environment/ament_prefix_path.dsv
[5.886s] -- Up-to-date: /home/aidan/GitHub/AidansRepo/TeensySwerve/install/action_msgs/share/action_msgs/environment/path.sh
[5.886s] -- Up-to-date: /home/aidan/GitHub/AidansRepo/TeensySwerve/install/action_msgs/share/action_msgs/environment/path.dsv
[5.887s] -- Up-to-date: /home/aidan/GitHub/AidansRepo/TeensySwerve/install/action_msgs/share/action_msgs/local_setup.bash
[5.887s] -- Up-to-date: /home/aidan/GitHub/AidansRepo/TeensySwerve/install/action_msgs/share/action_msgs/local_setup.sh
[5.887s] -- Up-to-date: /home/aidan/GitHub/AidansRepo/TeensySwerve/install/action_msgs/share/action_msgs/local_setup.zsh
[5.887s] -- Up-to-date: /home/aidan/GitHub/AidansRepo/TeensySwerve/install/action_msgs/share/action_msgs/local_setup.dsv
[5.887s] -- Installing: /home/aidan/GitHub/AidansRepo/TeensySwerve/install/action_msgs/share/action_msgs/package.dsv
[5.887s] -- Up-to-date: /home/aidan/GitHub/AidansRepo/TeensySwerve/install/action_msgs/share/ament_index/resource_index/packages/action_msgs
[5.888s] -- Up-to-date: /home/aidan/GitHub/AidansRepo/TeensySwerve/install/action_msgs/share/action_msgs/cmake/export_action_msgs__rosidl_generator_cExport.cmake
[5.889s] -- Up-to-date: /home/aidan/GitHub/AidansRepo/TeensySwerve/install/action_msgs/share/action_msgs/cmake/export_action_msgs__rosidl_generator_cExport-noconfig.cmake
[5.889s] -- Up-to-date: /home/aidan/GitHub/AidansRepo/TeensySwerve/install/action_msgs/share/action_msgs/cmake/export_action_msgs__rosidl_typesupport_fastrtps_cExport.cmake
[5.889s] -- Up-to-date: /home/aidan/GitHub/AidansRepo/TeensySwerve/install/action_msgs/share/action_msgs/cmake/export_action_msgs__rosidl_typesupport_fastrtps_cExport-noconfig.cmake
[5.890s] -- Up-to-date: /home/aidan/GitHub/AidansRepo/TeensySwerve/install/action_msgs/share/action_msgs/cmake/export_action_msgs__rosidl_generator_cppExport.cmake
[5.892s] -- Up-to-date: /home/aidan/GitHub/AidansRepo/TeensySwerve/install/action_msgs/share/action_msgs/cmake/export_action_msgs__rosidl_typesupport_fastrtps_cppExport.cmake
[5.894s] -- Up-to-date: /home/aidan/GitHub/AidansRepo/TeensySwerve/install/action_msgs/share/action_msgs/cmake/export_action_msgs__rosidl_typesupport_fastrtps_cppExport-noconfig.cmake
[5.894s] -- Up-to-date: /home/aidan/GitHub/AidansRepo/TeensySwerve/install/action_msgs/share/action_msgs/cmake/action_msgs__rosidl_typesupport_introspection_cExport.cmake
[5.895s] -- Up-to-date: /home/aidan/GitHub/AidansRepo/TeensySwerve/install/action_msgs/share/action_msgs/cmake/action_msgs__rosidl_typesupport_introspection_cExport-noconfig.cmake
[5.896s] -- Up-to-date: /home/aidan/GitHub/AidansRepo/TeensySwerve/install/action_msgs/share/action_msgs/cmake/action_msgs__rosidl_typesupport_cExport.cmake
[5.897s] -- Up-to-date: /home/aidan/GitHub/AidansRepo/TeensySwerve/install/action_msgs/share/action_msgs/cmake/action_msgs__rosidl_typesupport_cExport-noconfig.cmake
[5.898s] -- Up-to-date: /home/aidan/GitHub/AidansRepo/TeensySwerve/install/action_msgs/share/action_msgs/cmake/action_msgs__rosidl_typesupport_introspection_cppExport.cmake
[5.898s] -- Up-to-date: /home/aidan/GitHub/AidansRepo/TeensySwerve/install/action_msgs/share/action_msgs/cmake/action_msgs__rosidl_typesupport_introspection_cppExport-noconfig.cmake
[5.899s] -- Up-to-date: /home/aidan/GitHub/AidansRepo/TeensySwerve/install/action_msgs/share/action_msgs/cmake/action_msgs__rosidl_typesupport_cppExport.cmake
[5.900s] -- Up-to-date: /home/aidan/GitHub/AidansRepo/TeensySwerve/install/action_msgs/share/action_msgs/cmake/action_msgs__rosidl_typesupport_cppExport-noconfig.cmake
[5.901s] -- Up-to-date: /home/aidan/GitHub/AidansRepo/TeensySwerve/install/action_msgs/share/action_msgs/cmake/export_action_msgs__rosidl_generator_pyExport.cmake
[5.902s] -- Up-to-date: /home/aidan/GitHub/AidansRepo/TeensySwerve/install/action_msgs/share/action_msgs/cmake/export_action_msgs__rosidl_generator_pyExport-noconfig.cmake
[5.902s] -- Up-to-date: /home/aidan/GitHub/AidansRepo/TeensySwerve/install/action_msgs/share/action_msgs/cmake/rosidl_cmake-extras.cmake
[5.902s] -- Up-to-date: /home/aidan/GitHub/AidansRepo/TeensySwerve/install/action_msgs/share/action_msgs/cmake/ament_cmake_export_dependencies-extras.cmake
[5.902s] -- Up-to-date: /home/aidan/GitHub/AidansRepo/TeensySwerve/install/action_msgs/share/action_msgs/cmake/ament_cmake_export_include_directories-extras.cmake
[5.902s] -- Up-to-date: /home/aidan/GitHub/AidansRepo/TeensySwerve/install/action_msgs/share/action_msgs/cmake/ament_cmake_export_libraries-extras.cmake
[5.903s] -- Up-to-date: /home/aidan/GitHub/AidansRepo/TeensySwerve/install/action_msgs/share/action_msgs/cmake/ament_cmake_export_targets-extras.cmake
[5.903s] -- Up-to-date: /home/aidan/GitHub/AidansRepo/TeensySwerve/install/action_msgs/share/action_msgs/cmake/rosidl_cmake_export_typesupport_targets-extras.cmake
[5.903s] -- Up-to-date: /home/aidan/GitHub/AidansRepo/TeensySwerve/install/action_msgs/share/action_msgs/cmake/rosidl_cmake_export_typesupport_libraries-extras.cmake
[5.903s] -- Up-to-date: /home/aidan/GitHub/AidansRepo/TeensySwerve/install/action_msgs/share/action_msgs/cmake/action_msgsConfig.cmake
[5.903s] -- Up-to-date: /home/aidan/GitHub/AidansRepo/TeensySwerve/install/action_msgs/share/action_msgs/cmake/action_msgsConfig-version.cmake
[5.904s] -- Up-to-date: /home/aidan/GitHub/AidansRepo/TeensySwerve/install/action_msgs/share/action_msgs/package.xml
[5.909s] Invoked command in '/home/aidan/GitHub/AidansRepo/TeensySwerve/build/action_msgs' returned '0': AMENT_PREFIX_PATH=/home/aidan/GitHub/AidansRepo/TeensySwerve/install/unique_identifier_msgs:/home/aidan/GitHub/AidansRepo/TeensySwerve/install/builtin_interfaces:${AMENT_PREFIX_PATH} CMAKE_PREFIX_PATH=/home/aidan/GitHub/AidansRepo/TeensySwerve/install/unique_identifier_msgs:/home/aidan/GitHub/AidansRepo/TeensySwerve/install/builtin_interfaces:/home/aidan/GitHub/AidansRepo/TeensySwerve/install/tnsy_interfaces:/home/aidan/microros_ws/install/micro_ros_setup:/home/aidan/microros_ws/install/micro_ros_agent:/home/aidan/microros_ws/install/micro_ros_msgs:/home/aidan/GitHub/AidansRepo/TeensySwerve/install/tnsy_swrv_controller:/opt/ros/humble LD_LIBRARY_PATH=/home/aidan/GitHub/AidansRepo/TeensySwerve/install/unique_identifier_msgs/lib:/home/aidan/GitHub/AidansRepo/TeensySwerve/install/builtin_interfaces/lib:${LD_LIBRARY_PATH} PYTHONPATH=/home/aidan/GitHub/AidansRepo/TeensySwerve/install/unique_identifier_msgs/local/lib/python3.10/dist-packages:/home/aidan/GitHub/AidansRepo/TeensySwerve/install/builtin_interfaces/local/lib/python3.10/dist-packages:${PYTHONPATH} /usr/bin/cmake --install /home/aidan/GitHub/AidansRepo/TeensySwerve/build/action_msgs
