[0.126s] Invoking command in '/home/aidan/GitHub/AidansRepo/TeensySwerve/build/micro_ros_msgs': CMAKE_PREFIX_PATH=${CMAKE_PREFIX_PATH}:/home/aidan/GitHub/AidansRepo/TeensySwerve/install/tnsy_swrv_controller:/opt/ros/humble /usr/bin/cmake --build /home/aidan/GitHub/AidansRepo/TeensySwerve/build/micro_ros_msgs -- -j4 -l4
[0.480s] [35m[1mConsolidate compiler generated dependencies of target micro_ros_msgs__rosidl_generator_c[0m
[0.588s] [  0%] Built target ament_cmake_python_copy_micro_ros_msgs
[0.638s] [ 12%] Built target micro_ros_msgs__rosidl_generator_c
[0.657s] [ 12%] Built target micro_ros_msgs__cpp
[0.688s] [35m[1mConsolidate compiler generated dependencies of target micro_ros_msgs__rosidl_typesupport_fastrtps_c[0m
[0.754s] [35m[1mConsolidate compiler generated dependencies of target micro_ros_msgs__rosidl_typesupport_c[0m
[0.854s] [35m[1mConsolidate compiler generated dependencies of target micro_ros_msgs__rosidl_typesupport_introspection_c[0m
[0.948s] [ 23%] Built target micro_ros_msgs__rosidl_typesupport_fastrtps_c
[1.078s] [ 34%] Built target micro_ros_msgs__rosidl_typesupport_c
[1.093s] [ 44%] Built target micro_ros_msgs__rosidl_typesupport_introspection_c
[1.234s] [35m[1mConsolidate compiler generated dependencies of target micro_ros_msgs__rosidl_typesupport_fastrtps_cpp[0m
[1.314s] [35m[1mConsolidate compiler generated dependencies of target micro_ros_msgs__rosidl_typesupport_cpp[0m
[1.361s] [35m[1mConsolidate compiler generated dependencies of target micro_ros_msgs__rosidl_typesupport_introspection_cpp[0m
[1.523s] [ 55%] Built target micro_ros_msgs__rosidl_typesupport_fastrtps_cpp
[1.552s] [ 65%] Built target micro_ros_msgs__rosidl_typesupport_cpp
[1.588s] [ 76%] Built target micro_ros_msgs__rosidl_typesupport_introspection_cpp
[1.894s] [ 76%] Built target micro_ros_msgs
[2.069s] [ 78%] Built target micro_ros_msgs__py
[2.181s] [35m[1mConsolidate compiler generated dependencies of target micro_ros_msgs__rosidl_generator_py[0m
[2.364s] [ 87%] Built target micro_ros_msgs__rosidl_generator_py
[2.629s] [35m[1mConsolidate compiler generated dependencies of target micro_ros_msgs__rosidl_typesupport_fastrtps_c__pyext[0m
[2.649s] [35m[1mConsolidate compiler generated dependencies of target micro_ros_msgs__rosidl_typesupport_introspection_c__pyext[0m
[2.672s] [35m[1mConsolidate compiler generated dependencies of target micro_ros_msgs__rosidl_typesupport_c__pyext[0m
[2.816s] [ 91%] Built target micro_ros_msgs__rosidl_typesupport_fastrtps_c__pyext
[2.824s] running egg_info
[2.824s] writing micro_ros_msgs.egg-info/PKG-INFO
[2.825s] writing dependency_links to micro_ros_msgs.egg-info/dependency_links.txt
[2.825s] writing top-level names to micro_ros_msgs.egg-info/top_level.txt
[2.840s] [ 95%] Built target micro_ros_msgs__rosidl_typesupport_c__pyext
[2.841s] reading manifest file 'micro_ros_msgs.egg-info/SOURCES.txt'
[2.851s] writing manifest file 'micro_ros_msgs.egg-info/SOURCES.txt'
[2.853s] [100%] Built target micro_ros_msgs__rosidl_typesupport_introspection_c__pyext
[3.088s] [100%] Built target ament_cmake_python_build_micro_ros_msgs_egg
[3.175s] Invoked command in '/home/aidan/GitHub/AidansRepo/TeensySwerve/build/micro_ros_msgs' returned '0': CMAKE_PREFIX_PATH=${CMAKE_PREFIX_PATH}:/home/aidan/GitHub/AidansRepo/TeensySwerve/install/tnsy_swrv_controller:/opt/ros/humble /usr/bin/cmake --build /home/aidan/GitHub/AidansRepo/TeensySwerve/build/micro_ros_msgs -- -j4 -l4
[3.900s] Invoking command in '/home/aidan/GitHub/AidansRepo/TeensySwerve/build/micro_ros_msgs': CMAKE_PREFIX_PATH=${CMAKE_PREFIX_PATH}:/home/aidan/GitHub/AidansRepo/TeensySwerve/install/tnsy_swrv_controller:/opt/ros/humble /usr/bin/cmake --install /home/aidan/GitHub/AidansRepo/TeensySwerve/build/micro_ros_msgs
[3.961s] -- Install configuration: ""
[3.968s] -- Up-to-date: /home/aidan/GitHub/AidansRepo/TeensySwerve/install/micro_ros_msgs/share/ament_index/resource_index/rosidl_interfaces/micro_ros_msgs
[3.975s] -- Up-to-date: /home/aidan/GitHub/AidansRepo/TeensySwerve/install/micro_ros_msgs/include/micro_ros_msgs/micro_ros_msgs
[3.976s] -- Up-to-date: /home/aidan/GitHub/AidansRepo/TeensySwerve/install/micro_ros_msgs/include/micro_ros_msgs/micro_ros_msgs/msg
[3.976s] -- Up-to-date: /home/aidan/GitHub/AidansRepo/TeensySwerve/install/micro_ros_msgs/include/micro_ros_msgs/micro_ros_msgs/msg/node.h
[3.978s] -- Up-to-date: /home/aidan/GitHub/AidansRepo/TeensySwerve/install/micro_ros_msgs/include/micro_ros_msgs/micro_ros_msgs/msg/rosidl_generator_c__visibility_control.h
[3.979s] -- Up-to-date: /home/aidan/GitHub/AidansRepo/TeensySwerve/install/micro_ros_msgs/include/micro_ros_msgs/micro_ros_msgs/msg/entity.h
[3.982s] -- Up-to-date: /home/aidan/GitHub/AidansRepo/TeensySwerve/install/micro_ros_msgs/include/micro_ros_msgs/micro_ros_msgs/msg/detail
[3.988s] -- Up-to-date: /home/aidan/GitHub/AidansRepo/TeensySwerve/install/micro_ros_msgs/include/micro_ros_msgs/micro_ros_msgs/msg/detail/graph__struct.h
[3.988s] -- Up-to-date: /home/aidan/GitHub/AidansRepo/TeensySwerve/install/micro_ros_msgs/include/micro_ros_msgs/micro_ros_msgs/msg/detail/entity__struct.h
[3.993s] -- Up-to-date: /home/aidan/GitHub/AidansRepo/TeensySwerve/install/micro_ros_msgs/include/micro_ros_msgs/micro_ros_msgs/msg/detail/entity__type_support.h
[3.993s] -- Up-to-date: /home/aidan/GitHub/AidansRepo/TeensySwerve/install/micro_ros_msgs/include/micro_ros_msgs/micro_ros_msgs/msg/detail/entity__functions.c
[3.994s] -- Up-to-date: /home/aidan/GitHub/AidansRepo/TeensySwerve/install/micro_ros_msgs/include/micro_ros_msgs/micro_ros_msgs/msg/detail/node__functions.c
[3.994s] -- Up-to-date: /home/aidan/GitHub/AidansRepo/TeensySwerve/install/micro_ros_msgs/include/micro_ros_msgs/micro_ros_msgs/msg/detail/graph__functions.h
[3.994s] -- Up-to-date: /home/aidan/GitHub/AidansRepo/TeensySwerve/install/micro_ros_msgs/include/micro_ros_msgs/micro_ros_msgs/msg/detail/node__functions.h
[3.994s] -- Up-to-date: /home/aidan/GitHub/AidansRepo/TeensySwerve/install/micro_ros_msgs/include/micro_ros_msgs/micro_ros_msgs/msg/detail/node__struct.h
[3.995s] -- Up-to-date: /home/aidan/GitHub/AidansRepo/TeensySwerve/install/micro_ros_msgs/include/micro_ros_msgs/micro_ros_msgs/msg/detail/entity__functions.h
[3.995s] -- Up-to-date: /home/aidan/GitHub/AidansRepo/TeensySwerve/install/micro_ros_msgs/include/micro_ros_msgs/micro_ros_msgs/msg/detail/graph__functions.c
[3.995s] -- Up-to-date: /home/aidan/GitHub/AidansRepo/TeensySwerve/install/micro_ros_msgs/include/micro_ros_msgs/micro_ros_msgs/msg/detail/graph__type_support.h
[3.995s] -- Up-to-date: /home/aidan/GitHub/AidansRepo/TeensySwerve/install/micro_ros_msgs/include/micro_ros_msgs/micro_ros_msgs/msg/detail/node__type_support.h
[3.995s] -- Up-to-date: /home/aidan/GitHub/AidansRepo/TeensySwerve/install/micro_ros_msgs/include/micro_ros_msgs/micro_ros_msgs/msg/graph.h
[3.995s] -- Up-to-date: /home/aidan/GitHub/AidansRepo/TeensySwerve/install/micro_ros_msgs/share/micro_ros_msgs/environment/library_path.sh
[3.995s] -- Up-to-date: /home/aidan/GitHub/AidansRepo/TeensySwerve/install/micro_ros_msgs/share/micro_ros_msgs/environment/library_path.dsv
[3.996s] -- Up-to-date: /home/aidan/GitHub/AidansRepo/TeensySwerve/install/micro_ros_msgs/lib/libmicro_ros_msgs__rosidl_generator_c.so
[3.996s] -- Up-to-date: /home/aidan/GitHub/AidansRepo/TeensySwerve/install/micro_ros_msgs/include/micro_ros_msgs/micro_ros_msgs
[3.996s] -- Up-to-date: /home/aidan/GitHub/AidansRepo/TeensySwerve/install/micro_ros_msgs/include/micro_ros_msgs/micro_ros_msgs/msg
[3.996s] -- Up-to-date: /home/aidan/GitHub/AidansRepo/TeensySwerve/install/micro_ros_msgs/include/micro_ros_msgs/micro_ros_msgs/msg/rosidl_typesupport_fastrtps_c__visibility_control.h
[3.996s] -- Up-to-date: /home/aidan/GitHub/AidansRepo/TeensySwerve/install/micro_ros_msgs/include/micro_ros_msgs/micro_ros_msgs/msg/detail
[3.996s] -- Up-to-date: /home/aidan/GitHub/AidansRepo/TeensySwerve/install/micro_ros_msgs/include/micro_ros_msgs/micro_ros_msgs/msg/detail/entity__rosidl_typesupport_fastrtps_c.h
[4.011s] -- Up-to-date: /home/aidan/GitHub/AidansRepo/TeensySwerve/install/micro_ros_msgs/include/micro_ros_msgs/micro_ros_msgs/msg/detail/node__rosidl_typesupport_fastrtps_c.h
[4.012s] -- Up-to-date: /home/aidan/GitHub/AidansRepo/TeensySwerve/install/micro_ros_msgs/include/micro_ros_msgs/micro_ros_msgs/msg/detail/graph__rosidl_typesupport_fastrtps_c.h
[4.012s] -- Up-to-date: /home/aidan/GitHub/AidansRepo/TeensySwerve/install/micro_ros_msgs/lib/libmicro_ros_msgs__rosidl_typesupport_fastrtps_c.so
[4.012s] -- Up-to-date: /home/aidan/GitHub/AidansRepo/TeensySwerve/install/micro_ros_msgs/include/micro_ros_msgs/micro_ros_msgs
[4.012s] -- Up-to-date: /home/aidan/GitHub/AidansRepo/TeensySwerve/install/micro_ros_msgs/include/micro_ros_msgs/micro_ros_msgs/msg
[4.012s] -- Up-to-date: /home/aidan/GitHub/AidansRepo/TeensySwerve/install/micro_ros_msgs/include/micro_ros_msgs/micro_ros_msgs/msg/detail
[4.012s] -- Up-to-date: /home/aidan/GitHub/AidansRepo/TeensySwerve/install/micro_ros_msgs/include/micro_ros_msgs/micro_ros_msgs/msg/detail/graph__type_support.c
[4.013s] -- Up-to-date: /home/aidan/GitHub/AidansRepo/TeensySwerve/install/micro_ros_msgs/include/micro_ros_msgs/micro_ros_msgs/msg/detail/entity__rosidl_typesupport_introspection_c.h
[4.013s] -- Up-to-date: /home/aidan/GitHub/AidansRepo/TeensySwerve/install/micro_ros_msgs/include/micro_ros_msgs/micro_ros_msgs/msg/detail/node__type_support.c
[4.013s] -- Up-to-date: /home/aidan/GitHub/AidansRepo/TeensySwerve/install/micro_ros_msgs/include/micro_ros_msgs/micro_ros_msgs/msg/detail/entity__type_support.c
[4.013s] -- Up-to-date: /home/aidan/GitHub/AidansRepo/TeensySwerve/install/micro_ros_msgs/include/micro_ros_msgs/micro_ros_msgs/msg/detail/graph__rosidl_typesupport_introspection_c.h
[4.013s] -- Up-to-date: /home/aidan/GitHub/AidansRepo/TeensySwerve/install/micro_ros_msgs/include/micro_ros_msgs/micro_ros_msgs/msg/detail/node__rosidl_typesupport_introspection_c.h
[4.017s] -- Up-to-date: /home/aidan/GitHub/AidansRepo/TeensySwerve/install/micro_ros_msgs/include/micro_ros_msgs/micro_ros_msgs/msg/rosidl_typesupport_introspection_c__visibility_control.h
[4.017s] -- Up-to-date: /home/aidan/GitHub/AidansRepo/TeensySwerve/install/micro_ros_msgs/lib/libmicro_ros_msgs__rosidl_typesupport_introspection_c.so
[4.018s] -- Up-to-date: /home/aidan/GitHub/AidansRepo/TeensySwerve/install/micro_ros_msgs/lib/libmicro_ros_msgs__rosidl_typesupport_c.so
[4.029s] -- Up-to-date: /home/aidan/GitHub/AidansRepo/TeensySwerve/install/micro_ros_msgs/include/micro_ros_msgs/micro_ros_msgs
[4.029s] -- Up-to-date: /home/aidan/GitHub/AidansRepo/TeensySwerve/install/micro_ros_msgs/include/micro_ros_msgs/micro_ros_msgs/msg
[4.030s] -- Up-to-date: /home/aidan/GitHub/AidansRepo/TeensySwerve/install/micro_ros_msgs/include/micro_ros_msgs/micro_ros_msgs/msg/entity.hpp
[4.030s] -- Up-to-date: /home/aidan/GitHub/AidansRepo/TeensySwerve/install/micro_ros_msgs/include/micro_ros_msgs/micro_ros_msgs/msg/graph.hpp
[4.030s] -- Up-to-date: /home/aidan/GitHub/AidansRepo/TeensySwerve/install/micro_ros_msgs/include/micro_ros_msgs/micro_ros_msgs/msg/detail
[4.036s] -- Up-to-date: /home/aidan/GitHub/AidansRepo/TeensySwerve/install/micro_ros_msgs/include/micro_ros_msgs/micro_ros_msgs/msg/detail/graph__type_support.hpp
[4.037s] -- Up-to-date: /home/aidan/GitHub/AidansRepo/TeensySwerve/install/micro_ros_msgs/include/micro_ros_msgs/micro_ros_msgs/msg/detail/graph__builder.hpp
[4.042s] -- Up-to-date: /home/aidan/GitHub/AidansRepo/TeensySwerve/install/micro_ros_msgs/include/micro_ros_msgs/micro_ros_msgs/msg/detail/node__builder.hpp
[4.043s] -- Up-to-date: /home/aidan/GitHub/AidansRepo/TeensySwerve/install/micro_ros_msgs/include/micro_ros_msgs/micro_ros_msgs/msg/detail/node__traits.hpp
[4.043s] -- Up-to-date: /home/aidan/GitHub/AidansRepo/TeensySwerve/install/micro_ros_msgs/include/micro_ros_msgs/micro_ros_msgs/msg/detail/node__type_support.hpp
[4.043s] -- Up-to-date: /home/aidan/GitHub/AidansRepo/TeensySwerve/install/micro_ros_msgs/include/micro_ros_msgs/micro_ros_msgs/msg/detail/graph__traits.hpp
[4.043s] -- Up-to-date: /home/aidan/GitHub/AidansRepo/TeensySwerve/install/micro_ros_msgs/include/micro_ros_msgs/micro_ros_msgs/msg/detail/entity__struct.hpp
[4.043s] -- Up-to-date: /home/aidan/GitHub/AidansRepo/TeensySwerve/install/micro_ros_msgs/include/micro_ros_msgs/micro_ros_msgs/msg/detail/node__struct.hpp
[4.044s] -- Up-to-date: /home/aidan/GitHub/AidansRepo/TeensySwerve/install/micro_ros_msgs/include/micro_ros_msgs/micro_ros_msgs/msg/detail/entity__builder.hpp
[4.044s] -- Up-to-date: /home/aidan/GitHub/AidansRepo/TeensySwerve/install/micro_ros_msgs/include/micro_ros_msgs/micro_ros_msgs/msg/detail/graph__struct.hpp
[4.044s] -- Up-to-date: /home/aidan/GitHub/AidansRepo/TeensySwerve/install/micro_ros_msgs/include/micro_ros_msgs/micro_ros_msgs/msg/detail/entity__traits.hpp
[4.044s] -- Up-to-date: /home/aidan/GitHub/AidansRepo/TeensySwerve/install/micro_ros_msgs/include/micro_ros_msgs/micro_ros_msgs/msg/detail/entity__type_support.hpp
[4.044s] -- Up-to-date: /home/aidan/GitHub/AidansRepo/TeensySwerve/install/micro_ros_msgs/include/micro_ros_msgs/micro_ros_msgs/msg/rosidl_generator_cpp__visibility_control.hpp
[4.045s] -- Up-to-date: /home/aidan/GitHub/AidansRepo/TeensySwerve/install/micro_ros_msgs/include/micro_ros_msgs/micro_ros_msgs/msg/node.hpp
[4.045s] -- Up-to-date: /home/aidan/GitHub/AidansRepo/TeensySwerve/install/micro_ros_msgs/include/micro_ros_msgs/micro_ros_msgs
[4.045s] -- Up-to-date: /home/aidan/GitHub/AidansRepo/TeensySwerve/install/micro_ros_msgs/include/micro_ros_msgs/micro_ros_msgs/msg
[4.045s] -- Up-to-date: /home/aidan/GitHub/AidansRepo/TeensySwerve/install/micro_ros_msgs/include/micro_ros_msgs/micro_ros_msgs/msg/rosidl_typesupport_fastrtps_cpp__visibility_control.h
[4.046s] -- Up-to-date: /home/aidan/GitHub/AidansRepo/TeensySwerve/install/micro_ros_msgs/include/micro_ros_msgs/micro_ros_msgs/msg/detail
[4.046s] -- Up-to-date: /home/aidan/GitHub/AidansRepo/TeensySwerve/install/micro_ros_msgs/include/micro_ros_msgs/micro_ros_msgs/msg/detail/dds_fastrtps
[4.046s] -- Up-to-date: /home/aidan/GitHub/AidansRepo/TeensySwerve/install/micro_ros_msgs/include/micro_ros_msgs/micro_ros_msgs/msg/detail/node__rosidl_typesupport_fastrtps_cpp.hpp
[4.046s] -- Up-to-date: /home/aidan/GitHub/AidansRepo/TeensySwerve/install/micro_ros_msgs/include/micro_ros_msgs/micro_ros_msgs/msg/detail/graph__rosidl_typesupport_fastrtps_cpp.hpp
[4.046s] -- Up-to-date: /home/aidan/GitHub/AidansRepo/TeensySwerve/install/micro_ros_msgs/include/micro_ros_msgs/micro_ros_msgs/msg/detail/entity__rosidl_typesupport_fastrtps_cpp.hpp
[4.046s] -- Up-to-date: /home/aidan/GitHub/AidansRepo/TeensySwerve/install/micro_ros_msgs/lib/libmicro_ros_msgs__rosidl_typesupport_fastrtps_cpp.so
[4.047s] -- Up-to-date: /home/aidan/GitHub/AidansRepo/TeensySwerve/install/micro_ros_msgs/include/micro_ros_msgs/micro_ros_msgs
[4.047s] -- Up-to-date: /home/aidan/GitHub/AidansRepo/TeensySwerve/install/micro_ros_msgs/include/micro_ros_msgs/micro_ros_msgs/msg
[4.047s] -- Up-to-date: /home/aidan/GitHub/AidansRepo/TeensySwerve/install/micro_ros_msgs/include/micro_ros_msgs/micro_ros_msgs/msg/detail
[4.047s] -- Up-to-date: /home/aidan/GitHub/AidansRepo/TeensySwerve/install/micro_ros_msgs/include/micro_ros_msgs/micro_ros_msgs/msg/detail/graph__rosidl_typesupport_introspection_cpp.hpp
[4.047s] -- Up-to-date: /home/aidan/GitHub/AidansRepo/TeensySwerve/install/micro_ros_msgs/include/micro_ros_msgs/micro_ros_msgs/msg/detail/graph__type_support.cpp
[4.048s] -- Up-to-date: /home/aidan/GitHub/AidansRepo/TeensySwerve/install/micro_ros_msgs/include/micro_ros_msgs/micro_ros_msgs/msg/detail/node__rosidl_typesupport_introspection_cpp.hpp
[4.048s] -- Up-to-date: /home/aidan/GitHub/AidansRepo/TeensySwerve/install/micro_ros_msgs/include/micro_ros_msgs/micro_ros_msgs/msg/detail/entity__rosidl_typesupport_introspection_cpp.hpp
[4.048s] -- Up-to-date: /home/aidan/GitHub/AidansRepo/TeensySwerve/install/micro_ros_msgs/include/micro_ros_msgs/micro_ros_msgs/msg/detail/node__type_support.cpp
[4.048s] -- Up-to-date: /home/aidan/GitHub/AidansRepo/TeensySwerve/install/micro_ros_msgs/include/micro_ros_msgs/micro_ros_msgs/msg/detail/entity__type_support.cpp
[4.049s] -- Up-to-date: /home/aidan/GitHub/AidansRepo/TeensySwerve/install/micro_ros_msgs/lib/libmicro_ros_msgs__rosidl_typesupport_introspection_cpp.so
[4.049s] -- Up-to-date: /home/aidan/GitHub/AidansRepo/TeensySwerve/install/micro_ros_msgs/lib/libmicro_ros_msgs__rosidl_typesupport_cpp.so
[4.049s] -- Up-to-date: /home/aidan/GitHub/AidansRepo/TeensySwerve/install/micro_ros_msgs/share/micro_ros_msgs/environment/pythonpath.sh
[4.051s] -- Up-to-date: /home/aidan/GitHub/AidansRepo/TeensySwerve/install/micro_ros_msgs/share/micro_ros_msgs/environment/pythonpath.dsv
[4.054s] -- Up-to-date: /home/aidan/GitHub/AidansRepo/TeensySwerve/install/micro_ros_msgs/local/lib/python3.10/dist-packages/micro_ros_msgs-3.0.1-py3.10.egg-info
[4.054s] -- Installing: /home/aidan/GitHub/AidansRepo/TeensySwerve/install/micro_ros_msgs/local/lib/python3.10/dist-packages/micro_ros_msgs-3.0.1-py3.10.egg-info/PKG-INFO
[4.055s] -- Installing: /home/aidan/GitHub/AidansRepo/TeensySwerve/install/micro_ros_msgs/local/lib/python3.10/dist-packages/micro_ros_msgs-3.0.1-py3.10.egg-info/SOURCES.txt
[4.055s] -- Installing: /home/aidan/GitHub/AidansRepo/TeensySwerve/install/micro_ros_msgs/local/lib/python3.10/dist-packages/micro_ros_msgs-3.0.1-py3.10.egg-info/dependency_links.txt
[4.055s] -- Installing: /home/aidan/GitHub/AidansRepo/TeensySwerve/install/micro_ros_msgs/local/lib/python3.10/dist-packages/micro_ros_msgs-3.0.1-py3.10.egg-info/top_level.txt
[4.055s] -- Up-to-date: /home/aidan/GitHub/AidansRepo/TeensySwerve/install/micro_ros_msgs/local/lib/python3.10/dist-packages/micro_ros_msgs
[4.055s] -- Up-to-date: /home/aidan/GitHub/AidansRepo/TeensySwerve/install/micro_ros_msgs/local/lib/python3.10/dist-packages/micro_ros_msgs/_micro_ros_msgs_s.ep.rosidl_typesupport_c.c
[4.056s] -- Up-to-date: /home/aidan/GitHub/AidansRepo/TeensySwerve/install/micro_ros_msgs/local/lib/python3.10/dist-packages/micro_ros_msgs/micro_ros_msgs_s__rosidl_typesupport_c.cpython-310-x86_64-linux-gnu.so
[4.056s] -- Up-to-date: /home/aidan/GitHub/AidansRepo/TeensySwerve/install/micro_ros_msgs/local/lib/python3.10/dist-packages/micro_ros_msgs/libmicro_ros_msgs__rosidl_generator_py.so
[4.056s] -- Up-to-date: /home/aidan/GitHub/AidansRepo/TeensySwerve/install/micro_ros_msgs/local/lib/python3.10/dist-packages/micro_ros_msgs/micro_ros_msgs_s__rosidl_typesupport_fastrtps_c.cpython-310-x86_64-linux-gnu.so
[4.056s] -- Up-to-date: /home/aidan/GitHub/AidansRepo/TeensySwerve/install/micro_ros_msgs/local/lib/python3.10/dist-packages/micro_ros_msgs/_micro_ros_msgs_s.ep.rosidl_typesupport_fastrtps_c.c
[4.056s] -- Up-to-date: /home/aidan/GitHub/AidansRepo/TeensySwerve/install/micro_ros_msgs/local/lib/python3.10/dist-packages/micro_ros_msgs/__init__.py
[4.057s] -- Up-to-date: /home/aidan/GitHub/AidansRepo/TeensySwerve/install/micro_ros_msgs/local/lib/python3.10/dist-packages/micro_ros_msgs/msg
[4.057s] -- Up-to-date: /home/aidan/GitHub/AidansRepo/TeensySwerve/install/micro_ros_msgs/local/lib/python3.10/dist-packages/micro_ros_msgs/msg/_graph.py
[4.057s] -- Up-to-date: /home/aidan/GitHub/AidansRepo/TeensySwerve/install/micro_ros_msgs/local/lib/python3.10/dist-packages/micro_ros_msgs/msg/__init__.py
[4.061s] -- Up-to-date: /home/aidan/GitHub/AidansRepo/TeensySwerve/install/micro_ros_msgs/local/lib/python3.10/dist-packages/micro_ros_msgs/msg/_graph_s.c
[4.061s] -- Up-to-date: /home/aidan/GitHub/AidansRepo/TeensySwerve/install/micro_ros_msgs/local/lib/python3.10/dist-packages/micro_ros_msgs/msg/_node_s.c
[4.062s] -- Up-to-date: /home/aidan/GitHub/AidansRepo/TeensySwerve/install/micro_ros_msgs/local/lib/python3.10/dist-packages/micro_ros_msgs/msg/_entity_s.c
[4.062s] -- Up-to-date: /home/aidan/GitHub/AidansRepo/TeensySwerve/install/micro_ros_msgs/local/lib/python3.10/dist-packages/micro_ros_msgs/msg/_entity.py
[4.062s] -- Up-to-date: /home/aidan/GitHub/AidansRepo/TeensySwerve/install/micro_ros_msgs/local/lib/python3.10/dist-packages/micro_ros_msgs/msg/_node.py
[4.062s] -- Up-to-date: /home/aidan/GitHub/AidansRepo/TeensySwerve/install/micro_ros_msgs/local/lib/python3.10/dist-packages/micro_ros_msgs/micro_ros_msgs_s__rosidl_typesupport_introspection_c.cpython-310-x86_64-linux-gnu.so
[4.062s] -- Up-to-date: /home/aidan/GitHub/AidansRepo/TeensySwerve/install/micro_ros_msgs/local/lib/python3.10/dist-packages/micro_ros_msgs/_micro_ros_msgs_s.ep.rosidl_typesupport_introspection_c.c
[4.209s] Listing '/home/aidan/GitHub/AidansRepo/TeensySwerve/install/micro_ros_msgs/local/lib/python3.10/dist-packages/micro_ros_msgs'...
[4.209s] Listing '/home/aidan/GitHub/AidansRepo/TeensySwerve/install/micro_ros_msgs/local/lib/python3.10/dist-packages/micro_ros_msgs/msg'...
[4.247s] -- Up-to-date: /home/aidan/GitHub/AidansRepo/TeensySwerve/install/micro_ros_msgs/local/lib/python3.10/dist-packages/micro_ros_msgs/micro_ros_msgs_s__rosidl_typesupport_fastrtps_c.cpython-310-x86_64-linux-gnu.so
[4.251s] -- Up-to-date: /home/aidan/GitHub/AidansRepo/TeensySwerve/install/micro_ros_msgs/local/lib/python3.10/dist-packages/micro_ros_msgs/micro_ros_msgs_s__rosidl_typesupport_introspection_c.cpython-310-x86_64-linux-gnu.so
[4.259s] -- Up-to-date: /home/aidan/GitHub/AidansRepo/TeensySwerve/install/micro_ros_msgs/local/lib/python3.10/dist-packages/micro_ros_msgs/micro_ros_msgs_s__rosidl_typesupport_c.cpython-310-x86_64-linux-gnu.so
[4.259s] -- Up-to-date: /home/aidan/GitHub/AidansRepo/TeensySwerve/install/micro_ros_msgs/lib/libmicro_ros_msgs__rosidl_generator_py.so
[4.260s] -- Up-to-date: /home/aidan/GitHub/AidansRepo/TeensySwerve/install/micro_ros_msgs/share/micro_ros_msgs/msg/Graph.idl
[4.268s] -- Up-to-date: /home/aidan/GitHub/AidansRepo/TeensySwerve/install/micro_ros_msgs/share/micro_ros_msgs/msg/Node.idl
[4.270s] -- Up-to-date: /home/aidan/GitHub/AidansRepo/TeensySwerve/install/micro_ros_msgs/share/micro_ros_msgs/msg/Entity.idl
[4.271s] -- Up-to-date: /home/aidan/GitHub/AidansRepo/TeensySwerve/install/micro_ros_msgs/share/micro_ros_msgs/msg/Graph.msg
[4.271s] -- Up-to-date: /home/aidan/GitHub/AidansRepo/TeensySwerve/install/micro_ros_msgs/share/micro_ros_msgs/msg/Node.msg
[4.271s] -- Up-to-date: /home/aidan/GitHub/AidansRepo/TeensySwerve/install/micro_ros_msgs/share/micro_ros_msgs/msg/Entity.msg
[4.271s] -- Up-to-date: /home/aidan/GitHub/AidansRepo/TeensySwerve/install/micro_ros_msgs/share/ament_index/resource_index/package_run_dependencies/micro_ros_msgs
[4.271s] -- Up-to-date: /home/aidan/GitHub/AidansRepo/TeensySwerve/install/micro_ros_msgs/share/ament_index/resource_index/parent_prefix_path/micro_ros_msgs
[4.272s] -- Up-to-date: /home/aidan/GitHub/AidansRepo/TeensySwerve/install/micro_ros_msgs/share/micro_ros_msgs/environment/ament_prefix_path.sh
[4.272s] -- Up-to-date: /home/aidan/GitHub/AidansRepo/TeensySwerve/install/micro_ros_msgs/share/micro_ros_msgs/environment/ament_prefix_path.dsv
[4.272s] -- Up-to-date: /home/aidan/GitHub/AidansRepo/TeensySwerve/install/micro_ros_msgs/share/micro_ros_msgs/environment/path.sh
[4.272s] -- Up-to-date: /home/aidan/GitHub/AidansRepo/TeensySwerve/install/micro_ros_msgs/share/micro_ros_msgs/environment/path.dsv
[4.288s] -- Up-to-date: /home/aidan/GitHub/AidansRepo/TeensySwerve/install/micro_ros_msgs/share/micro_ros_msgs/local_setup.bash
[4.289s] -- Up-to-date: /home/aidan/GitHub/AidansRepo/TeensySwerve/install/micro_ros_msgs/share/micro_ros_msgs/local_setup.sh
[4.290s] -- Up-to-date: /home/aidan/GitHub/AidansRepo/TeensySwerve/install/micro_ros_msgs/share/micro_ros_msgs/local_setup.zsh
[4.297s] -- Up-to-date: /home/aidan/GitHub/AidansRepo/TeensySwerve/install/micro_ros_msgs/share/micro_ros_msgs/local_setup.dsv
[4.297s] -- Installing: /home/aidan/GitHub/AidansRepo/TeensySwerve/install/micro_ros_msgs/share/micro_ros_msgs/package.dsv
[4.297s] -- Up-to-date: /home/aidan/GitHub/AidansRepo/TeensySwerve/install/micro_ros_msgs/share/ament_index/resource_index/packages/micro_ros_msgs
[4.297s] -- Up-to-date: /home/aidan/GitHub/AidansRepo/TeensySwerve/install/micro_ros_msgs/share/micro_ros_msgs/cmake/export_micro_ros_msgs__rosidl_generator_cExport.cmake
[4.298s] -- Up-to-date: /home/aidan/GitHub/AidansRepo/TeensySwerve/install/micro_ros_msgs/share/micro_ros_msgs/cmake/export_micro_ros_msgs__rosidl_generator_cExport-noconfig.cmake
[4.298s] -- Up-to-date: /home/aidan/GitHub/AidansRepo/TeensySwerve/install/micro_ros_msgs/share/micro_ros_msgs/cmake/export_micro_ros_msgs__rosidl_typesupport_fastrtps_cExport.cmake
[4.298s] -- Up-to-date: /home/aidan/GitHub/AidansRepo/TeensySwerve/install/micro_ros_msgs/share/micro_ros_msgs/cmake/export_micro_ros_msgs__rosidl_typesupport_fastrtps_cExport-noconfig.cmake
[4.298s] -- Up-to-date: /home/aidan/GitHub/AidansRepo/TeensySwerve/install/micro_ros_msgs/share/micro_ros_msgs/cmake/micro_ros_msgs__rosidl_typesupport_introspection_cExport.cmake
[4.305s] -- Up-to-date: /home/aidan/GitHub/AidansRepo/TeensySwerve/install/micro_ros_msgs/share/micro_ros_msgs/cmake/micro_ros_msgs__rosidl_typesupport_introspection_cExport-noconfig.cmake
[4.305s] -- Up-to-date: /home/aidan/GitHub/AidansRepo/TeensySwerve/install/micro_ros_msgs/share/micro_ros_msgs/cmake/micro_ros_msgs__rosidl_typesupport_cExport.cmake
[4.305s] -- Up-to-date: /home/aidan/GitHub/AidansRepo/TeensySwerve/install/micro_ros_msgs/share/micro_ros_msgs/cmake/micro_ros_msgs__rosidl_typesupport_cExport-noconfig.cmake
[4.305s] -- Up-to-date: /home/aidan/GitHub/AidansRepo/TeensySwerve/install/micro_ros_msgs/share/micro_ros_msgs/cmake/export_micro_ros_msgs__rosidl_generator_cppExport.cmake
[4.305s] -- Up-to-date: /home/aidan/GitHub/AidansRepo/TeensySwerve/install/micro_ros_msgs/share/micro_ros_msgs/cmake/export_micro_ros_msgs__rosidl_typesupport_fastrtps_cppExport.cmake
[4.311s] -- Up-to-date: /home/aidan/GitHub/AidansRepo/TeensySwerve/install/micro_ros_msgs/share/micro_ros_msgs/cmake/export_micro_ros_msgs__rosidl_typesupport_fastrtps_cppExport-noconfig.cmake
[4.316s] -- Up-to-date: /home/aidan/GitHub/AidansRepo/TeensySwerve/install/micro_ros_msgs/share/micro_ros_msgs/cmake/micro_ros_msgs__rosidl_typesupport_introspection_cppExport.cmake
[4.316s] -- Up-to-date: /home/aidan/GitHub/AidansRepo/TeensySwerve/install/micro_ros_msgs/share/micro_ros_msgs/cmake/micro_ros_msgs__rosidl_typesupport_introspection_cppExport-noconfig.cmake
[4.317s] -- Up-to-date: /home/aidan/GitHub/AidansRepo/TeensySwerve/install/micro_ros_msgs/share/micro_ros_msgs/cmake/micro_ros_msgs__rosidl_typesupport_cppExport.cmake
[4.317s] -- Up-to-date: /home/aidan/GitHub/AidansRepo/TeensySwerve/install/micro_ros_msgs/share/micro_ros_msgs/cmake/micro_ros_msgs__rosidl_typesupport_cppExport-noconfig.cmake
[4.317s] -- Up-to-date: /home/aidan/GitHub/AidansRepo/TeensySwerve/install/micro_ros_msgs/share/micro_ros_msgs/cmake/export_micro_ros_msgs__rosidl_generator_pyExport.cmake
[4.317s] -- Up-to-date: /home/aidan/GitHub/AidansRepo/TeensySwerve/install/micro_ros_msgs/share/micro_ros_msgs/cmake/export_micro_ros_msgs__rosidl_generator_pyExport-noconfig.cmake
[4.318s] -- Up-to-date: /home/aidan/GitHub/AidansRepo/TeensySwerve/install/micro_ros_msgs/share/micro_ros_msgs/cmake/rosidl_cmake-extras.cmake
[4.318s] -- Up-to-date: /home/aidan/GitHub/AidansRepo/TeensySwerve/install/micro_ros_msgs/share/micro_ros_msgs/cmake/ament_cmake_export_include_directories-extras.cmake
[4.323s] -- Up-to-date: /home/aidan/GitHub/AidansRepo/TeensySwerve/install/micro_ros_msgs/share/micro_ros_msgs/cmake/ament_cmake_export_libraries-extras.cmake
[4.327s] -- Up-to-date: /home/aidan/GitHub/AidansRepo/TeensySwerve/install/micro_ros_msgs/share/micro_ros_msgs/cmake/ament_cmake_export_targets-extras.cmake
[4.328s] -- Up-to-date: /home/aidan/GitHub/AidansRepo/TeensySwerve/install/micro_ros_msgs/share/micro_ros_msgs/cmake/rosidl_cmake_export_typesupport_targets-extras.cmake
[4.329s] -- Up-to-date: /home/aidan/GitHub/AidansRepo/TeensySwerve/install/micro_ros_msgs/share/micro_ros_msgs/cmake/ament_cmake_export_dependencies-extras.cmake
[4.330s] -- Up-to-date: /home/aidan/GitHub/AidansRepo/TeensySwerve/install/micro_ros_msgs/share/micro_ros_msgs/cmake/rosidl_cmake_export_typesupport_libraries-extras.cmake
[4.334s] -- Up-to-date: /home/aidan/GitHub/AidansRepo/TeensySwerve/install/micro_ros_msgs/share/micro_ros_msgs/cmake/micro_ros_msgsConfig.cmake
[4.334s] -- Up-to-date: /home/aidan/GitHub/AidansRepo/TeensySwerve/install/micro_ros_msgs/share/micro_ros_msgs/cmake/micro_ros_msgsConfig-version.cmake
[4.334s] -- Up-to-date: /home/aidan/GitHub/AidansRepo/TeensySwerve/install/micro_ros_msgs/share/micro_ros_msgs/package.xml
[4.339s] Invoked command in '/home/aidan/GitHub/AidansRepo/TeensySwerve/build/micro_ros_msgs' returned '0': CMAKE_PREFIX_PATH=${CMAKE_PREFIX_PATH}:/home/aidan/GitHub/AidansRepo/TeensySwerve/install/tnsy_swrv_controller:/opt/ros/humble /usr/bin/cmake --install /home/aidan/GitHub/AidansRepo/TeensySwerve/build/micro_ros_msgs
