running egg_info
creating ../../build/TnsySwrv_Controller/TnsySwrv_Controller.egg-info
writing ../../build/TnsySwrv_Controller/TnsySwrv_Controller.egg-info/PKG-INFO
writing dependency_links to ../../build/TnsySwrv_Controller/TnsySwrv_Controller.egg-info/dependency_links.txt
writing entry points to ../../build/TnsySwrv_Controller/TnsySwrv_Controller.egg-info/entry_points.txt
writing requirements to ../../build/TnsySwrv_Controller/TnsySwrv_Controller.egg-info/requires.txt
writing top-level names to ../../build/TnsySwrv_Controller/TnsySwrv_Controller.egg-info/top_level.txt
writing manifest file '../../build/TnsySwrv_Controller/TnsySwrv_Controller.egg-info/SOURCES.txt'
reading manifest file '../../build/TnsySwrv_Controller/TnsySwrv_Controller.egg-info/SOURCES.txt'
writing manifest file '../../build/TnsySwrv_Controller/TnsySwrv_Controller.egg-info/SOURCES.txt'
running build
running build_py
creating /home/aidan/GitHub/AidansRepo/TeensySwerve/build/TnsySwrv_Controller/build
creating /home/aidan/GitHub/AidansRepo/TeensySwerve/build/TnsySwrv_Controller/build/lib
creating /home/aidan/GitHub/AidansRepo/TeensySwerve/build/TnsySwrv_Controller/build/lib/TnsySwrv_Controller
copying TnsySwrv_Controller/__init__.py -> /home/aidan/GitHub/AidansRepo/TeensySwerve/build/TnsySwrv_Controller/build/lib/TnsySwrv_Controller
running install
running install_lib
creating /home/aidan/GitHub/AidansRepo/TeensySwerve/install/TnsySwrv_Controller/lib/python3.10/site-packages/TnsySwrv_Controller
copying /home/aidan/GitHub/AidansRepo/TeensySwerve/build/TnsySwrv_Controller/build/lib/TnsySwrv_Controller/__init__.py -> /home/aidan/GitHub/AidansRepo/TeensySwerve/install/TnsySwrv_Controller/lib/python3.10/site-packages/TnsySwrv_Controller
byte-compiling /home/aidan/GitHub/AidansRepo/TeensySwerve/install/TnsySwrv_Controller/lib/python3.10/site-packages/TnsySwrv_Controller/__init__.py to __init__.cpython-310.pyc
running install_data
creating /home/aidan/GitHub/AidansRepo/TeensySwerve/install/TnsySwrv_Controller/share/ament_index
creating /home/aidan/GitHub/AidansRepo/TeensySwerve/install/TnsySwrv_Controller/share/ament_index/resource_index
creating /home/aidan/GitHub/AidansRepo/TeensySwerve/install/TnsySwrv_Controller/share/ament_index/resource_index/packages
copying resource/TnsySwrv_Controller -> /home/aidan/GitHub/AidansRepo/TeensySwerve/install/TnsySwrv_Controller/share/ament_index/resource_index/packages
copying package.xml -> /home/aidan/GitHub/AidansRepo/TeensySwerve/install/TnsySwrv_Controller/share/TnsySwrv_Controller
running install_egg_info
Copying ../../build/TnsySwrv_Controller/TnsySwrv_Controller.egg-info to /home/aidan/GitHub/AidansRepo/TeensySwerve/install/TnsySwrv_Controller/lib/python3.10/site-packages/TnsySwrv_Controller-0.0.0-py3.10.egg-info
running install_scripts
writing list of installed files to '/home/aidan/GitHub/AidansRepo/TeensySwerve/build/TnsySwrv_Controller/install.log'
