[1.117s] Invoking command in '/home/aidan/GitHub/AidansRepo/TeensySwerve/src/TnsySwrv_Controller': PYTHONPATH=/home/aidan/GitHub/AidansRepo/TeensySwerve/build/TnsySwrv_Controller/prefix_override:/home/aidan/GitHub/AidansRepo/TeensySwerve/install/TnsySwrv_Controller/lib/python3.10/site-packages:${PYTHONPATH} /usr/bin/python3 -W ignore:setup.py install is deprecated setup.py egg_info --egg-base ../../build/TnsySwrv_Controller build --build-base /home/aidan/GitHub/AidansRepo/TeensySwerve/build/TnsySwrv_Controller/build install --record /home/aidan/GitHub/AidansRepo/TeensySwerve/build/TnsySwrv_Controller/install.log --single-version-externally-managed install_data
[1.481s] running egg_info
[1.482s] creating ../../build/TnsySwrv_Controller/TnsySwrv_Controller.egg-info
[1.483s] writing ../../build/TnsySwrv_Controller/TnsySwrv_Controller.egg-info/PKG-INFO
[1.483s] writing dependency_links to ../../build/TnsySwrv_Controller/TnsySwrv_Controller.egg-info/dependency_links.txt
[1.483s] writing entry points to ../../build/TnsySwrv_Controller/TnsySwrv_Controller.egg-info/entry_points.txt
[1.484s] writing requirements to ../../build/TnsySwrv_Controller/TnsySwrv_Controller.egg-info/requires.txt
[1.484s] writing top-level names to ../../build/TnsySwrv_Controller/TnsySwrv_Controller.egg-info/top_level.txt
[1.484s] writing manifest file '../../build/TnsySwrv_Controller/TnsySwrv_Controller.egg-info/SOURCES.txt'
[1.488s] reading manifest file '../../build/TnsySwrv_Controller/TnsySwrv_Controller.egg-info/SOURCES.txt'
[1.491s] writing manifest file '../../build/TnsySwrv_Controller/TnsySwrv_Controller.egg-info/SOURCES.txt'
[1.491s] running build
[1.492s] running build_py
[1.492s] creating /home/aidan/GitHub/AidansRepo/TeensySwerve/build/TnsySwrv_Controller/build
[1.492s] creating /home/aidan/GitHub/AidansRepo/TeensySwerve/build/TnsySwrv_Controller/build/lib
[1.492s] creating /home/aidan/GitHub/AidansRepo/TeensySwerve/build/TnsySwrv_Controller/build/lib/TnsySwrv_Controller
[1.492s] copying TnsySwrv_Controller/__init__.py -> /home/aidan/GitHub/AidansRepo/TeensySwerve/build/TnsySwrv_Controller/build/lib/TnsySwrv_Controller
[1.492s] running install
[1.493s] running install_lib
[1.495s] creating /home/aidan/GitHub/AidansRepo/TeensySwerve/install/TnsySwrv_Controller/lib/python3.10/site-packages/TnsySwrv_Controller
[1.495s] copying /home/aidan/GitHub/AidansRepo/TeensySwerve/build/TnsySwrv_Controller/build/lib/TnsySwrv_Controller/__init__.py -> /home/aidan/GitHub/AidansRepo/TeensySwerve/install/TnsySwrv_Controller/lib/python3.10/site-packages/TnsySwrv_Controller
[1.496s] byte-compiling /home/aidan/GitHub/AidansRepo/TeensySwerve/install/TnsySwrv_Controller/lib/python3.10/site-packages/TnsySwrv_Controller/__init__.py to __init__.cpython-310.pyc
[1.496s] running install_data
[1.497s] creating /home/aidan/GitHub/AidansRepo/TeensySwerve/install/TnsySwrv_Controller/share/ament_index
[1.497s] creating /home/aidan/GitHub/AidansRepo/TeensySwerve/install/TnsySwrv_Controller/share/ament_index/resource_index
[1.497s] creating /home/aidan/GitHub/AidansRepo/TeensySwerve/install/TnsySwrv_Controller/share/ament_index/resource_index/packages
[1.498s] copying resource/TnsySwrv_Controller -> /home/aidan/GitHub/AidansRepo/TeensySwerve/install/TnsySwrv_Controller/share/ament_index/resource_index/packages
[1.498s] copying package.xml -> /home/aidan/GitHub/AidansRepo/TeensySwerve/install/TnsySwrv_Controller/share/TnsySwrv_Controller
[1.498s] running install_egg_info
[1.501s] Copying ../../build/TnsySwrv_Controller/TnsySwrv_Controller.egg-info to /home/aidan/GitHub/AidansRepo/TeensySwerve/install/TnsySwrv_Controller/lib/python3.10/site-packages/TnsySwrv_Controller-0.0.0-py3.10.egg-info
[1.503s] running install_scripts
[1.536s] writing list of installed files to '/home/aidan/GitHub/AidansRepo/TeensySwerve/build/TnsySwrv_Controller/install.log'
[1.573s] Invoked command in '/home/aidan/GitHub/AidansRepo/TeensySwerve/src/TnsySwrv_Controller' returned '0': PYTHONPATH=/home/aidan/GitHub/AidansRepo/TeensySwerve/build/TnsySwrv_Controller/prefix_override:/home/aidan/GitHub/AidansRepo/TeensySwerve/install/TnsySwrv_Controller/lib/python3.10/site-packages:${PYTHONPATH} /usr/bin/python3 -W ignore:setup.py install is deprecated setup.py egg_info --egg-base ../../build/TnsySwrv_Controller build --build-base /home/aidan/GitHub/AidansRepo/TeensySwerve/build/TnsySwrv_Controller/build install --record /home/aidan/GitHub/AidansRepo/TeensySwerve/build/TnsySwrv_Controller/install.log --single-version-externally-managed install_data
