[0.115s] Invoking command in '/home/aidan/GitHub/AidansRepo/TeensySwerve/build/rmw_microxrcedds': AMENT_PREFIX_PATH=/home/aidan/GitHub/AidansRepo/TeensySwerve/install/rosidl_typesupport_microxrcedds_cpp:/home/aidan/GitHub/AidansRepo/TeensySwerve/install/rosidl_typesupport_microxrcedds_c:/home/aidan/GitHub/AidansRepo/TeensySwerve/install/micro_ros_msgs:${AMENT_PREFIX_PATH} CMAKE_PREFIX_PATH=/home/aidan/GitHub/AidansRepo/TeensySwerve/install/rosidl_typesupport_microxrcedds_cpp:/home/aidan/GitHub/AidansRepo/TeensySwerve/install/rosidl_typesupport_microxrcedds_c:/home/aidan/GitHub/AidansRepo/TeensySwerve/install/microxrcedds_client:/home/aidan/GitHub/AidansRepo/TeensySwerve/install/microcdr:/home/aidan/GitHub/AidansRepo/TeensySwerve/install/micro_ros_msgs:/home/aidan/GitHub/AidansRepo/TeensySwerve/install/tnsy_interfaces:/home/aidan/microros_ws/install/micro_ros_setup:/home/aidan/microros_ws/install/micro_ros_agent:/home/aidan/microros_ws/install/micro_ros_msgs:/home/aidan/GitHub/AidansRepo/TeensySwerve/install/tnsy_swrv_controller:/opt/ros/humble LD_LIBRARY_PATH=/home/aidan/GitHub/AidansRepo/TeensySwerve/install/rosidl_typesupport_microxrcedds_cpp/lib:/home/aidan/GitHub/AidansRepo/TeensySwerve/install/rosidl_typesupport_microxrcedds_c/lib:/home/aidan/GitHub/AidansRepo/TeensySwerve/install/micro_ros_msgs/lib:${LD_LIBRARY_PATH} PYTHONPATH=/home/aidan/GitHub/AidansRepo/TeensySwerve/install/rosidl_typesupport_microxrcedds_cpp/local/lib/python3.10/dist-packages:/home/aidan/GitHub/AidansRepo/TeensySwerve/install/rosidl_typesupport_microxrcedds_c/local/lib/python3.10/dist-packages:/home/aidan/GitHub/AidansRepo/TeensySwerve/install/micro_ros_msgs/local/lib/python3.10/dist-packages:${PYTHONPATH} /usr/bin/cmake /home/aidan/GitHub/AidansRepo/TeensySwerve/src/uros/rmw_microxrcedds/rmw_microxrcedds_c -DCMAKE_INSTALL_PREFIX=/home/aidan/GitHub/AidansRepo/TeensySwerve/install/rmw_microxrcedds
[0.385s] -- The C compiler identification is GNU 11.4.0
[0.403s] -- Detecting C compiler ABI info
[0.758s] -- Detecting C compiler ABI info - done
[0.828s] -- Check for working C compiler: /usr/bin/cc - skipped
[0.828s] -- Detecting C compile features
[0.828s] -- Detecting C compile features - done
[0.841s] -- Found ament_cmake_ros: 0.10.0 (/opt/ros/humble/share/ament_cmake_ros/cmake)
[1.750s] -- Found Python3: /usr/bin/python3 (found version "3.10.12") found components: Interpreter 
[2.365s] -- Found rcutils: 5.1.6 (/opt/ros/humble/share/rcutils/cmake)
[2.430s] -- Found rosidl_runtime_c: 3.1.6 (/opt/ros/humble/share/rosidl_runtime_c/cmake)
[2.466s] -- Found rmw: 6.1.2 (/opt/ros/humble/share/rmw/cmake)
[2.492s] -- Found rosidl_typesupport_microxrcedds_c: 3.0.1 (/home/aidan/GitHub/AidansRepo/TeensySwerve/install/rosidl_typesupport_microxrcedds_c/share/rosidl_typesupport_microxrcedds_c/cmake)
[2.532s] -- Found rosidl_adapter: 3.1.6 (/opt/ros/humble/share/rosidl_adapter/cmake)
[2.556s] -- Found ament_lint_auto: 0.12.12 (/opt/ros/humble/share/ament_lint_auto/cmake)
[3.378s] -- The CXX compiler identification is GNU 11.4.0
[3.432s] -- Detecting CXX compiler ABI info
[3.702s] -- Detecting CXX compiler ABI info - done
[3.759s] -- Check for working CXX compiler: /usr/bin/c++ - skipped
[3.760s] -- Detecting CXX compile features
[3.765s] -- Detecting CXX compile features - done
[3.788s] -- Found gtest sources under '/opt/ros/humble/src/gtest_vendor': C++ tests using 'Google Test' will be built
[3.798s] -- Looking for pthread.h
[4.172s] -- Looking for pthread.h - found
[4.172s] -- Performing Test CMAKE_HAVE_LIBC_PTHREAD
[4.597s] -- Performing Test CMAKE_HAVE_LIBC_PTHREAD - Success
[4.607s] -- Found Threads: TRUE  
[4.754s] -- Added test 'copyright' to check source files copyright and LICENSE
[4.777s] -- Added test 'cppcheck' to perform static code analysis on C / C++ code
[4.780s] -- Configured cppcheck include dirs: $<BUILD_INTERFACE:/home/aidan/GitHub/AidansRepo/TeensySwerve/src/uros/rmw_microxrcedds/rmw_microxrcedds_c/include>;$<BUILD_INTERFACE:/home/aidan/GitHub/AidansRepo/TeensySwerve/src/uros/rmw_microxrcedds/rmw_microxrcedds_c/src>
[4.780s] -- Configured cppcheck exclude dirs and/or files: 
[4.807s] -- Added test 'cpplint' to check C / C++ code against the Google style
[4.807s] -- Configured cpplint exclude dirs and/or files: 
[4.822s] -- Added test 'lint_cmake' to check CMake code style
[4.856s] -- Added test 'uncrustify' to check C / C++ code style
[4.859s] -- Configured uncrustify additional arguments: 
[4.866s] -- Added test 'xmllint' to check XML markup files
[4.879s] -- Configuring done
[5.106s] -- Generating done
[5.120s] -- Build files have been written to: /home/aidan/GitHub/AidansRepo/TeensySwerve/build/rmw_microxrcedds
[5.176s] Invoked command in '/home/aidan/GitHub/AidansRepo/TeensySwerve/build/rmw_microxrcedds' returned '0': AMENT_PREFIX_PATH=/home/aidan/GitHub/AidansRepo/TeensySwerve/install/rosidl_typesupport_microxrcedds_cpp:/home/aidan/GitHub/AidansRepo/TeensySwerve/install/rosidl_typesupport_microxrcedds_c:/home/aidan/GitHub/AidansRepo/TeensySwerve/install/micro_ros_msgs:${AMENT_PREFIX_PATH} CMAKE_PREFIX_PATH=/home/aidan/GitHub/AidansRepo/TeensySwerve/install/rosidl_typesupport_microxrcedds_cpp:/home/aidan/GitHub/AidansRepo/TeensySwerve/install/rosidl_typesupport_microxrcedds_c:/home/aidan/GitHub/AidansRepo/TeensySwerve/install/microxrcedds_client:/home/aidan/GitHub/AidansRepo/TeensySwerve/install/microcdr:/home/aidan/GitHub/AidansRepo/TeensySwerve/install/micro_ros_msgs:/home/aidan/GitHub/AidansRepo/TeensySwerve/install/tnsy_interfaces:/home/aidan/microros_ws/install/micro_ros_setup:/home/aidan/microros_ws/install/micro_ros_agent:/home/aidan/microros_ws/install/micro_ros_msgs:/home/aidan/GitHub/AidansRepo/TeensySwerve/install/tnsy_swrv_controller:/opt/ros/humble LD_LIBRARY_PATH=/home/aidan/GitHub/AidansRepo/TeensySwerve/install/rosidl_typesupport_microxrcedds_cpp/lib:/home/aidan/GitHub/AidansRepo/TeensySwerve/install/rosidl_typesupport_microxrcedds_c/lib:/home/aidan/GitHub/AidansRepo/TeensySwerve/install/micro_ros_msgs/lib:${LD_LIBRARY_PATH} PYTHONPATH=/home/aidan/GitHub/AidansRepo/TeensySwerve/install/rosidl_typesupport_microxrcedds_cpp/local/lib/python3.10/dist-packages:/home/aidan/GitHub/AidansRepo/TeensySwerve/install/rosidl_typesupport_microxrcedds_c/local/lib/python3.10/dist-packages:/home/aidan/GitHub/AidansRepo/TeensySwerve/install/micro_ros_msgs/local/lib/python3.10/dist-packages:${PYTHONPATH} /usr/bin/cmake /home/aidan/GitHub/AidansRepo/TeensySwerve/src/uros/rmw_microxrcedds/rmw_microxrcedds_c -DCMAKE_INSTALL_PREFIX=/home/aidan/GitHub/AidansRepo/TeensySwerve/install/rmw_microxrcedds
[5.177s] Invoking command in '/home/aidan/GitHub/AidansRepo/TeensySwerve/build/rmw_microxrcedds': AMENT_PREFIX_PATH=/home/aidan/GitHub/AidansRepo/TeensySwerve/install/rosidl_typesupport_microxrcedds_cpp:/home/aidan/GitHub/AidansRepo/TeensySwerve/install/rosidl_typesupport_microxrcedds_c:/home/aidan/GitHub/AidansRepo/TeensySwerve/install/micro_ros_msgs:${AMENT_PREFIX_PATH} CMAKE_PREFIX_PATH=/home/aidan/GitHub/AidansRepo/TeensySwerve/install/rosidl_typesupport_microxrcedds_cpp:/home/aidan/GitHub/AidansRepo/TeensySwerve/install/rosidl_typesupport_microxrcedds_c:/home/aidan/GitHub/AidansRepo/TeensySwerve/install/microxrcedds_client:/home/aidan/GitHub/AidansRepo/TeensySwerve/install/microcdr:/home/aidan/GitHub/AidansRepo/TeensySwerve/install/micro_ros_msgs:/home/aidan/GitHub/AidansRepo/TeensySwerve/install/tnsy_interfaces:/home/aidan/microros_ws/install/micro_ros_setup:/home/aidan/microros_ws/install/micro_ros_agent:/home/aidan/microros_ws/install/micro_ros_msgs:/home/aidan/GitHub/AidansRepo/TeensySwerve/install/tnsy_swrv_controller:/opt/ros/humble LD_LIBRARY_PATH=/home/aidan/GitHub/AidansRepo/TeensySwerve/install/rosidl_typesupport_microxrcedds_cpp/lib:/home/aidan/GitHub/AidansRepo/TeensySwerve/install/rosidl_typesupport_microxrcedds_c/lib:/home/aidan/GitHub/AidansRepo/TeensySwerve/install/micro_ros_msgs/lib:${LD_LIBRARY_PATH} PYTHONPATH=/home/aidan/GitHub/AidansRepo/TeensySwerve/install/rosidl_typesupport_microxrcedds_cpp/local/lib/python3.10/dist-packages:/home/aidan/GitHub/AidansRepo/TeensySwerve/install/rosidl_typesupport_microxrcedds_c/local/lib/python3.10/dist-packages:/home/aidan/GitHub/AidansRepo/TeensySwerve/install/micro_ros_msgs/local/lib/python3.10/dist-packages:${PYTHONPATH} /usr/bin/cmake --build /home/aidan/GitHub/AidansRepo/TeensySwerve/build/rmw_microxrcedds -- -j4 -l4
[5.415s] [  1%] [32mBuilding C object CMakeFiles/rmw_microxrcedds.dir/src/identifiers.c.o[0m
[5.513s] [  2%] [32mBuilding C object CMakeFiles/rmw_microxrcedds.dir/src/memory.c.o[0m
[5.813s] [  3%] [32mBuilding C object CMakeFiles/rmw_microxrcedds.dir/src/rmw_client.c.o[0m
[6.188s] [  4%] [32mBuilding C object CMakeFiles/rmw_microxrcedds.dir/src/rmw_compare_gids_equal.c.o[0m
[6.463s] [  5%] [32mBuilding C object CMakeFiles/rmw_microxrcedds.dir/src/rmw_count.c.o[0m
[6.810s] [  7%] [32mBuilding C object CMakeFiles/rmw_microxrcedds.dir/src/rmw_event.c.o[0m
[7.028s] [  8%] [32mBuilding C object CMakeFiles/rmw_microxrcedds.dir/src/rmw_features.c.o[0m
[7.225s] [  9%] [32mBuilding C object CMakeFiles/rmw_microxrcedds.dir/src/rmw_get_gid_for_publisher.c.o[0m
[7.411s] [ 10%] [32mBuilding C object CMakeFiles/rmw_microxrcedds.dir/src/rmw_get_implementation_identifier.c.o[0m
[7.558s] [ 11%] [32mBuilding C object CMakeFiles/rmw_microxrcedds.dir/src/rmw_get_serialization_format.c.o[0m
[7.829s] [ 13%] [32mBuilding C object CMakeFiles/rmw_microxrcedds.dir/src/rmw_get_topic_endpoint_info.c.o[0m
[8.169s] [ 14%] [32mBuilding C object CMakeFiles/rmw_microxrcedds.dir/src/rmw_get_endpoint_network_flow.c.o[0m
[8.448s] [ 15%] [32mBuilding C object CMakeFiles/rmw_microxrcedds.dir/src/rmw_qos_profile_check_compatible.c.o[0m
[8.597s] [ 16%] [32mBuilding C object CMakeFiles/rmw_microxrcedds.dir/src/rmw_guard_condition.c.o[0m
[8.754s] [ 17%] [32mBuilding C object CMakeFiles/rmw_microxrcedds.dir/src/rmw_init.c.o[0m
[9.079s] [ 19%] [32mBuilding C object CMakeFiles/rmw_microxrcedds.dir/src/rmw_logging.c.o[0m
[9.341s] [ 20%] [32mBuilding C object CMakeFiles/rmw_microxrcedds.dir/src/rmw_microxrcedds_topic.c.o[0m
[9.684s] [ 21%] [32mBuilding C object CMakeFiles/rmw_microxrcedds.dir/src/rmw_node.c.o[0m
[9.983s] [ 22%] [32mBuilding C object CMakeFiles/rmw_microxrcedds.dir/src/rmw_node_info_and_types.c.o[0m
[10.168s] [ 23%] [32mBuilding C object CMakeFiles/rmw_microxrcedds.dir/src/rmw_node_names.c.o[0m
[10.354s] [ 25%] [32mBuilding C object CMakeFiles/rmw_microxrcedds.dir/src/rmw_publish.c.o[0m
[10.620s] [ 26%] [32mBuilding C object CMakeFiles/rmw_microxrcedds.dir/src/rmw_publisher.c.o[0m
[11.117s] [ 27%] [32mBuilding C object CMakeFiles/rmw_microxrcedds.dir/src/rmw_request.c.o[0m
[11.367s] [ 28%] [32mBuilding C object CMakeFiles/rmw_microxrcedds.dir/src/rmw_response.c.o[0m
[11.723s] [ 29%] [32mBuilding C object CMakeFiles/rmw_microxrcedds.dir/src/rmw_serialize.c.o[0m
[12.011s] [ 30%] [32mBuilding C object CMakeFiles/rmw_microxrcedds.dir/src/rmw_service.c.o[0m
[12.410s] [ 32%] [32mBuilding C object CMakeFiles/rmw_microxrcedds.dir/src/rmw_service_names_and_types.c.o[0m
[12.652s] [ 33%] [32mBuilding C object CMakeFiles/rmw_microxrcedds.dir/src/rmw_service_server_is_available.c.o[0m
[12.829s] [ 34%] [32mBuilding C object CMakeFiles/rmw_microxrcedds.dir/src/rmw_subscription.c.o[0m
[13.057s] [ 35%] [32mBuilding C object CMakeFiles/rmw_microxrcedds.dir/src/rmw_take.c.o[0m
[13.453s] [ 36%] [32mBuilding C object CMakeFiles/rmw_microxrcedds.dir/src/rmw_topic_names_and_types.c.o[0m
[13.651s] [ 38%] [32mBuilding C object CMakeFiles/rmw_microxrcedds.dir/src/rmw_trigger_guard_condition.c.o[0m
[13.862s] [ 39%] [32mBuilding C object CMakeFiles/rmw_microxrcedds.dir/src/rmw_wait.c.o[0m
[14.154s] [ 40%] [32mBuilding C object CMakeFiles/rmw_microxrcedds.dir/src/rmw_wait_set.c.o[0m
[14.479s] [ 41%] [32mBuilding C object CMakeFiles/rmw_microxrcedds.dir/src/types.c.o[0m
[14.890s] [ 42%] [32mBuilding C object CMakeFiles/rmw_microxrcedds.dir/src/utils.c.o[0m
[15.201s] [ 44%] [32mBuilding C object CMakeFiles/rmw_microxrcedds.dir/src/callbacks.c.o[0m
[15.510s] [ 45%] [32mBuilding C object CMakeFiles/rmw_microxrcedds.dir/src/rmw_event_callbacks.c.o[0m
[15.779s] [ 46%] [32mBuilding C object CMakeFiles/rmw_microxrcedds.dir/src/rmw_uxrce_transports.c.o[0m
[15.991s] [ 47%] [32mBuilding C object CMakeFiles/rmw_microxrcedds.dir/src/rmw_microros/continous_serialization.c.o[0m
[16.273s] [ 48%] [32mBuilding C object CMakeFiles/rmw_microxrcedds.dir/src/rmw_microros/init_options.c.o[0m
[16.591s] [ 50%] [32mBuilding C object CMakeFiles/rmw_microxrcedds.dir/src/rmw_microros/time_sync.c.o[0m
[16.938s] [ 51%] [32mBuilding C object CMakeFiles/rmw_microxrcedds.dir/src/rmw_microros/ping.c.o[0m
[17.174s] [ 52%] [32mBuilding C object CMakeFiles/rmw_microxrcedds.dir/src/rmw_microros/timing.c.o[0m
[17.438s] [ 53%] [32mBuilding C object CMakeFiles/rmw_microxrcedds.dir/src/rmw_microros/discovery.c.o[0m
[17.763s] [ 54%] [32mBuilding C object CMakeFiles/rmw_microxrcedds.dir/src/rmw_microros/error_handling.c.o[0m
[18.035s] [ 55%] [32m[1mLinking C shared library librmw_microxrcedds.so[0m
[18.282s] [ 55%] Built target rmw_microxrcedds
[18.385s] [ 57%] [32mBuilding CXX object gtest/CMakeFiles/gtest.dir/src/gtest-all.cc.o[0m
[33.677s] [ 58%] [32m[1mLinking CXX static library libgtest.a[0m
[34.129s] [ 58%] Built target gtest
[34.229s] [ 59%] [32mBuilding CXX object gtest/CMakeFiles/gtest_main.dir/src/gtest_main.cc.o[0m
[39.149s] [ 60%] [32m[1mLinking CXX static library libgtest_main.a[0m
[39.320s] [ 60%] Built target gtest_main
[39.373s] [ 61%] [32mBuilding CXX object test/CMakeFiles/test-node.dir/test_node.cpp.o[0m
[42.757s] [ 63%] [32mBuilding CXX object test/CMakeFiles/test-node.dir/test_utils.cpp.o[0m
[43.550s] [ 64%] [32m[1mLinking CXX executable test-node[0m
[44.347s] [ 64%] Built target test-node
[44.453s] [ 65%] [32mBuilding CXX object test/CMakeFiles/test-client.dir/test_client.cpp.o[0m
[48.539s] [ 66%] [32mBuilding CXX object test/CMakeFiles/test-client.dir/test_utils.cpp.o[0m
[49.660s] [ 67%] [32m[1mLinking CXX executable test-client[0m
[50.272s] [ 67%] Built target test-client
[50.364s] [ 69%] [32mBuilding CXX object test/CMakeFiles/test-subscriber.dir/test_subscription.cpp.o[0m
[54.839s] [ 70%] [32mBuilding CXX object test/CMakeFiles/test-subscriber.dir/test_utils.cpp.o[0m
[55.831s] [ 71%] [32m[1mLinking CXX executable test-subscriber[0m
[56.290s] [ 71%] Built target test-subscriber
[56.395s] [ 72%] [32mBuilding CXX object test/CMakeFiles/test-pubsub.dir/test_pubsub.cpp.o[0m
[60.775s] [ 73%] [32mBuilding CXX object test/CMakeFiles/test-pubsub.dir/test_utils.cpp.o[0m
[61.740s] [ 75%] [32m[1mLinking CXX executable test-pubsub[0m
[62.544s] [ 75%] Built target test-pubsub
[62.641s] [ 76%] [32mBuilding CXX object test/CMakeFiles/test-reqres.dir/test_reqres.cpp.o[0m
[67.539s] [ 77%] [32mBuilding CXX object test/CMakeFiles/test-reqres.dir/test_utils.cpp.o[0m
[68.426s] [ 78%] [32m[1mLinking CXX executable test-reqres[0m
[69.149s] [ 78%] Built target test-reqres
[69.259s] [ 79%] [32mBuilding CXX object test/CMakeFiles/test-topic.dir/test_topic.cpp.o[0m
[72.786s] [ 80%] [32mBuilding CXX object test/CMakeFiles/test-topic.dir/test_utils.cpp.o[0m
[73.904s] [ 82%] [32m[1mLinking CXX executable test-topic[0m
[74.743s] [ 82%] Built target test-topic
[74.819s] [ 83%] [32mBuilding CXX object test/CMakeFiles/test-rmw.dir/test_rmw.cpp.o[0m
[79.095s] [ 84%] [32mBuilding CXX object test/CMakeFiles/test-rmw.dir/test_utils.cpp.o[0m
[80.518s] [ 85%] [32m[1mLinking CXX executable test-rmw[0m
[81.250s] [ 85%] Built target test-rmw
[81.350s] [ 86%] [32mBuilding CXX object test/CMakeFiles/test-sizes.dir/test_sizes.cpp.o[0m
[85.632s] [ 88%] [32mBuilding CXX object test/CMakeFiles/test-sizes.dir/test_utils.cpp.o[0m
[87.044s] [ 89%] [32m[1mLinking CXX executable test-sizes[0m
[87.930s] [ 89%] Built target test-sizes
[88.056s] [ 90%] [32mBuilding CXX object test/CMakeFiles/test-guardcond.dir/test_guard_condition.cpp.o[0m
[93.360s] [ 91%] [32mBuilding CXX object test/CMakeFiles/test-guardcond.dir/test_utils.cpp.o[0m
[94.650s] [ 92%] [32m[1mLinking CXX executable test-guardcond[0m
[95.463s] [ 92%] Built target test-guardcond
[95.605s] [ 94%] [32mBuilding CXX object test/CMakeFiles/test-service.dir/test_service.cpp.o[0m
[99.416s] [ 95%] [32mBuilding CXX object test/CMakeFiles/test-service.dir/test_utils.cpp.o[0m
[100.326s] [ 96%] [32m[1mLinking CXX executable test-service[0m
[100.959s] [ 96%] Built target test-service
[101.033s] [ 97%] [32mBuilding CXX object test/CMakeFiles/test-publisher.dir/test_publisher.cpp.o[0m
[104.104s] [ 98%] [32mBuilding CXX object test/CMakeFiles/test-publisher.dir/test_utils.cpp.o[0m
[105.021s] [100%] [32m[1mLinking CXX executable test-publisher[0m
[105.737s] [100%] Built target test-publisher
[105.799s] Invoked command in '/home/aidan/GitHub/AidansRepo/TeensySwerve/build/rmw_microxrcedds' returned '0': AMENT_PREFIX_PATH=/home/aidan/GitHub/AidansRepo/TeensySwerve/install/rosidl_typesupport_microxrcedds_cpp:/home/aidan/GitHub/AidansRepo/TeensySwerve/install/rosidl_typesupport_microxrcedds_c:/home/aidan/GitHub/AidansRepo/TeensySwerve/install/micro_ros_msgs:${AMENT_PREFIX_PATH} CMAKE_PREFIX_PATH=/home/aidan/GitHub/AidansRepo/TeensySwerve/install/rosidl_typesupport_microxrcedds_cpp:/home/aidan/GitHub/AidansRepo/TeensySwerve/install/rosidl_typesupport_microxrcedds_c:/home/aidan/GitHub/AidansRepo/TeensySwerve/install/microxrcedds_client:/home/aidan/GitHub/AidansRepo/TeensySwerve/install/microcdr:/home/aidan/GitHub/AidansRepo/TeensySwerve/install/micro_ros_msgs:/home/aidan/GitHub/AidansRepo/TeensySwerve/install/tnsy_interfaces:/home/aidan/microros_ws/install/micro_ros_setup:/home/aidan/microros_ws/install/micro_ros_agent:/home/aidan/microros_ws/install/micro_ros_msgs:/home/aidan/GitHub/AidansRepo/TeensySwerve/install/tnsy_swrv_controller:/opt/ros/humble LD_LIBRARY_PATH=/home/aidan/GitHub/AidansRepo/TeensySwerve/install/rosidl_typesupport_microxrcedds_cpp/lib:/home/aidan/GitHub/AidansRepo/TeensySwerve/install/rosidl_typesupport_microxrcedds_c/lib:/home/aidan/GitHub/AidansRepo/TeensySwerve/install/micro_ros_msgs/lib:${LD_LIBRARY_PATH} PYTHONPATH=/home/aidan/GitHub/AidansRepo/TeensySwerve/install/rosidl_typesupport_microxrcedds_cpp/local/lib/python3.10/dist-packages:/home/aidan/GitHub/AidansRepo/TeensySwerve/install/rosidl_typesupport_microxrcedds_c/local/lib/python3.10/dist-packages:/home/aidan/GitHub/AidansRepo/TeensySwerve/install/micro_ros_msgs/local/lib/python3.10/dist-packages:${PYTHONPATH} /usr/bin/cmake --build /home/aidan/GitHub/AidansRepo/TeensySwerve/build/rmw_microxrcedds -- -j4 -l4
[106.418s] Invoking command in '/home/aidan/GitHub/AidansRepo/TeensySwerve/build/rmw_microxrcedds': AMENT_PREFIX_PATH=/home/aidan/GitHub/AidansRepo/TeensySwerve/install/rosidl_typesupport_microxrcedds_cpp:/home/aidan/GitHub/AidansRepo/TeensySwerve/install/rosidl_typesupport_microxrcedds_c:/home/aidan/GitHub/AidansRepo/TeensySwerve/install/micro_ros_msgs:${AMENT_PREFIX_PATH} CMAKE_PREFIX_PATH=/home/aidan/GitHub/AidansRepo/TeensySwerve/install/rosidl_typesupport_microxrcedds_cpp:/home/aidan/GitHub/AidansRepo/TeensySwerve/install/rosidl_typesupport_microxrcedds_c:/home/aidan/GitHub/AidansRepo/TeensySwerve/install/microxrcedds_client:/home/aidan/GitHub/AidansRepo/TeensySwerve/install/microcdr:/home/aidan/GitHub/AidansRepo/TeensySwerve/install/micro_ros_msgs:/home/aidan/GitHub/AidansRepo/TeensySwerve/install/tnsy_interfaces:/home/aidan/microros_ws/install/micro_ros_setup:/home/aidan/microros_ws/install/micro_ros_agent:/home/aidan/microros_ws/install/micro_ros_msgs:/home/aidan/GitHub/AidansRepo/TeensySwerve/install/tnsy_swrv_controller:/opt/ros/humble LD_LIBRARY_PATH=/home/aidan/GitHub/AidansRepo/TeensySwerve/install/rosidl_typesupport_microxrcedds_cpp/lib:/home/aidan/GitHub/AidansRepo/TeensySwerve/install/rosidl_typesupport_microxrcedds_c/lib:/home/aidan/GitHub/AidansRepo/TeensySwerve/install/micro_ros_msgs/lib:${LD_LIBRARY_PATH} PYTHONPATH=/home/aidan/GitHub/AidansRepo/TeensySwerve/install/rosidl_typesupport_microxrcedds_cpp/local/lib/python3.10/dist-packages:/home/aidan/GitHub/AidansRepo/TeensySwerve/install/rosidl_typesupport_microxrcedds_c/local/lib/python3.10/dist-packages:/home/aidan/GitHub/AidansRepo/TeensySwerve/install/micro_ros_msgs/local/lib/python3.10/dist-packages:${PYTHONPATH} /usr/bin/cmake --install /home/aidan/GitHub/AidansRepo/TeensySwerve/build/rmw_microxrcedds
[106.438s] -- Install configuration: ""
[106.438s] -- Installing: /home/aidan/GitHub/AidansRepo/TeensySwerve/install/rmw_microxrcedds/share/rmw_microxrcedds/environment/library_path.sh
[106.439s] -- Installing: /home/aidan/GitHub/AidansRepo/TeensySwerve/install/rmw_microxrcedds/share/rmw_microxrcedds/environment/library_path.dsv
[106.440s] -- Installing: /home/aidan/GitHub/AidansRepo/TeensySwerve/install/rmw_microxrcedds/share/ament_index/resource_index/rmw_typesupport_c/rmw_microxrcedds
[106.441s] -- Installing: /home/aidan/GitHub/AidansRepo/TeensySwerve/install/rmw_microxrcedds/share/ament_index/resource_index/rmw_typesupport/rmw_microxrcedds
[106.442s] -- Installing: /home/aidan/GitHub/AidansRepo/TeensySwerve/install/rmw_microxrcedds/share/ament_index/resource_index/package_run_dependencies/rmw_microxrcedds
[106.444s] -- Installing: /home/aidan/GitHub/AidansRepo/TeensySwerve/install/rmw_microxrcedds/share/ament_index/resource_index/parent_prefix_path/rmw_microxrcedds
[106.444s] -- Installing: /home/aidan/GitHub/AidansRepo/TeensySwerve/install/rmw_microxrcedds/share/rmw_microxrcedds/environment/ament_prefix_path.sh
[106.446s] -- Installing: /home/aidan/GitHub/AidansRepo/TeensySwerve/install/rmw_microxrcedds/share/rmw_microxrcedds/environment/ament_prefix_path.dsv
[106.446s] -- Installing: /home/aidan/GitHub/AidansRepo/TeensySwerve/install/rmw_microxrcedds/share/rmw_microxrcedds/environment/path.sh
[106.448s] -- Installing: /home/aidan/GitHub/AidansRepo/TeensySwerve/install/rmw_microxrcedds/share/rmw_microxrcedds/environment/path.dsv
[106.448s] -- Installing: /home/aidan/GitHub/AidansRepo/TeensySwerve/install/rmw_microxrcedds/share/rmw_microxrcedds/local_setup.bash
[106.450s] -- Installing: /home/aidan/GitHub/AidansRepo/TeensySwerve/install/rmw_microxrcedds/share/rmw_microxrcedds/local_setup.sh
[106.451s] -- Installing: /home/aidan/GitHub/AidansRepo/TeensySwerve/install/rmw_microxrcedds/share/rmw_microxrcedds/local_setup.zsh
[106.454s] -- Installing: /home/aidan/GitHub/AidansRepo/TeensySwerve/install/rmw_microxrcedds/share/rmw_microxrcedds/local_setup.dsv
[106.454s] -- Installing: /home/aidan/GitHub/AidansRepo/TeensySwerve/install/rmw_microxrcedds/share/rmw_microxrcedds/package.dsv
[106.457s] -- Installing: /home/aidan/GitHub/AidansRepo/TeensySwerve/install/rmw_microxrcedds/share/ament_index/resource_index/packages/rmw_microxrcedds
[106.460s] -- Installing: /home/aidan/GitHub/AidansRepo/TeensySwerve/install/rmw_microxrcedds/share/rmw_microxrcedds/cmake/ament_cmake_export_include_directories-extras.cmake
[106.461s] -- Installing: /home/aidan/GitHub/AidansRepo/TeensySwerve/install/rmw_microxrcedds/share/rmw_microxrcedds/cmake/ament_cmake_export_libraries-extras.cmake
[106.462s] -- Installing: /home/aidan/GitHub/AidansRepo/TeensySwerve/install/rmw_microxrcedds/share/rmw_microxrcedds/cmake/ament_cmake_export_dependencies-extras.cmake
[106.462s] -- Installing: /home/aidan/GitHub/AidansRepo/TeensySwerve/install/rmw_microxrcedds/share/rmw_microxrcedds/cmake/rmw_microxrceddsConfig.cmake
[106.464s] -- Installing: /home/aidan/GitHub/AidansRepo/TeensySwerve/install/rmw_microxrcedds/share/rmw_microxrcedds/cmake/rmw_microxrceddsConfig-version.cmake
[106.466s] -- Installing: /home/aidan/GitHub/AidansRepo/TeensySwerve/install/rmw_microxrcedds/share/rmw_microxrcedds/package.xml
[106.469s] -- Up-to-date: /home/aidan/GitHub/AidansRepo/TeensySwerve/install/rmw_microxrcedds/include
[106.469s] -- Installing: /home/aidan/GitHub/AidansRepo/TeensySwerve/install/rmw_microxrcedds/include/rmw_microros
[106.471s] -- Installing: /home/aidan/GitHub/AidansRepo/TeensySwerve/install/rmw_microxrcedds/include/rmw_microros/time_sync.h
[106.473s] -- Installing: /home/aidan/GitHub/AidansRepo/TeensySwerve/install/rmw_microxrcedds/include/rmw_microros/ping.h
[106.474s] -- Installing: /home/aidan/GitHub/AidansRepo/TeensySwerve/install/rmw_microxrcedds/include/rmw_microros/custom_transport.h
[106.478s] -- Installing: /home/aidan/GitHub/AidansRepo/TeensySwerve/install/rmw_microxrcedds/include/rmw_microros/init_options.h
[106.479s] -- Installing: /home/aidan/GitHub/AidansRepo/TeensySwerve/install/rmw_microxrcedds/include/rmw_microros/rmw_microros.h
[106.480s] -- Installing: /home/aidan/GitHub/AidansRepo/TeensySwerve/install/rmw_microxrcedds/include/rmw_microros/discovery.h
[106.480s] -- Installing: /home/aidan/GitHub/AidansRepo/TeensySwerve/install/rmw_microxrcedds/include/rmw_microros/timing.h
[106.483s] -- Installing: /home/aidan/GitHub/AidansRepo/TeensySwerve/install/rmw_microxrcedds/include/rmw_microros/continous_serialization.h
[106.484s] -- Installing: /home/aidan/GitHub/AidansRepo/TeensySwerve/install/rmw_microxrcedds/include/rmw_microros/error_handling.h
[106.487s] -- Installing: /home/aidan/GitHub/AidansRepo/TeensySwerve/install/rmw_microxrcedds/include/rmw_microxrcedds_c
[106.490s] -- Installing: /home/aidan/GitHub/AidansRepo/TeensySwerve/install/rmw_microxrcedds/include/rmw_microxrcedds_c/rmw_c_macros.h
[106.493s] -- Installing: /home/aidan/GitHub/AidansRepo/TeensySwerve/install/rmw_microxrcedds/include/rmw_microxrcedds_c/config.h
[106.496s] -- Installing: /home/aidan/GitHub/AidansRepo/TeensySwerve/install/rmw_microxrcedds/lib/librmw_microxrcedds.so
[106.497s] -- Set runtime path of "/home/aidan/GitHub/AidansRepo/TeensySwerve/install/rmw_microxrcedds/lib/librmw_microxrcedds.so" to ""
[106.505s] Invoked command in '/home/aidan/GitHub/AidansRepo/TeensySwerve/build/rmw_microxrcedds' returned '0': AMENT_PREFIX_PATH=/home/aidan/GitHub/AidansRepo/TeensySwerve/install/rosidl_typesupport_microxrcedds_cpp:/home/aidan/GitHub/AidansRepo/TeensySwerve/install/rosidl_typesupport_microxrcedds_c:/home/aidan/GitHub/AidansRepo/TeensySwerve/install/micro_ros_msgs:${AMENT_PREFIX_PATH} CMAKE_PREFIX_PATH=/home/aidan/GitHub/AidansRepo/TeensySwerve/install/rosidl_typesupport_microxrcedds_cpp:/home/aidan/GitHub/AidansRepo/TeensySwerve/install/rosidl_typesupport_microxrcedds_c:/home/aidan/GitHub/AidansRepo/TeensySwerve/install/microxrcedds_client:/home/aidan/GitHub/AidansRepo/TeensySwerve/install/microcdr:/home/aidan/GitHub/AidansRepo/TeensySwerve/install/micro_ros_msgs:/home/aidan/GitHub/AidansRepo/TeensySwerve/install/tnsy_interfaces:/home/aidan/microros_ws/install/micro_ros_setup:/home/aidan/microros_ws/install/micro_ros_agent:/home/aidan/microros_ws/install/micro_ros_msgs:/home/aidan/GitHub/AidansRepo/TeensySwerve/install/tnsy_swrv_controller:/opt/ros/humble LD_LIBRARY_PATH=/home/aidan/GitHub/AidansRepo/TeensySwerve/install/rosidl_typesupport_microxrcedds_cpp/lib:/home/aidan/GitHub/AidansRepo/TeensySwerve/install/rosidl_typesupport_microxrcedds_c/lib:/home/aidan/GitHub/AidansRepo/TeensySwerve/install/micro_ros_msgs/lib:${LD_LIBRARY_PATH} PYTHONPATH=/home/aidan/GitHub/AidansRepo/TeensySwerve/install/rosidl_typesupport_microxrcedds_cpp/local/lib/python3.10/dist-packages:/home/aidan/GitHub/AidansRepo/TeensySwerve/install/rosidl_typesupport_microxrcedds_c/local/lib/python3.10/dist-packages:/home/aidan/GitHub/AidansRepo/TeensySwerve/install/micro_ros_msgs/local/lib/python3.10/dist-packages:${PYTHONPATH} /usr/bin/cmake --install /home/aidan/GitHub/AidansRepo/TeensySwerve/build/rmw_microxrcedds
