running egg_info
creating ../../build/tnsySwrv_controller/tnsySwrv_controller.egg-info
writing ../../build/tnsySwrv_controller/tnsySwrv_controller.egg-info/PKG-INFO
writing dependency_links to ../../build/tnsySwrv_controller/tnsySwrv_controller.egg-info/dependency_links.txt
writing entry points to ../../build/tnsySwrv_controller/tnsySwrv_controller.egg-info/entry_points.txt
writing requirements to ../../build/tnsySwrv_controller/tnsySwrv_controller.egg-info/requires.txt
writing top-level names to ../../build/tnsySwrv_controller/tnsySwrv_controller.egg-info/top_level.txt
writing manifest file '../../build/tnsySwrv_controller/tnsySwrv_controller.egg-info/SOURCES.txt'
reading manifest file '../../build/tnsySwrv_controller/tnsySwrv_controller.egg-info/SOURCES.txt'
writing manifest file '../../build/tnsySwrv_controller/tnsySwrv_controller.egg-info/SOURCES.txt'
running build
running build_py
creating /home/aidan/GitHub/AidansRepo/TeensySwerve/build/tnsySwrv_controller/build
creating /home/aidan/GitHub/AidansRepo/TeensySwerve/build/tnsySwrv_controller/build/lib
creating /home/aidan/GitHub/AidansRepo/TeensySwerve/build/tnsySwrv_controller/build/lib/tnsySwrv_controller
copying tnsySwrv_controller/__init__.py -> /home/aidan/GitHub/AidansRepo/TeensySwerve/build/tnsySwrv_controller/build/lib/tnsySwrv_controller
running install
running install_lib
creating /home/aidan/GitHub/AidansRepo/TeensySwerve/install/tnsySwrv_controller/lib/python3.10/site-packages/tnsySwrv_controller
copying /home/aidan/GitHub/AidansRepo/TeensySwerve/build/tnsySwrv_controller/build/lib/tnsySwrv_controller/__init__.py -> /home/aidan/GitHub/AidansRepo/TeensySwerve/install/tnsySwrv_controller/lib/python3.10/site-packages/tnsySwrv_controller
byte-compiling /home/aidan/GitHub/AidansRepo/TeensySwerve/install/tnsySwrv_controller/lib/python3.10/site-packages/tnsySwrv_controller/__init__.py to __init__.cpython-310.pyc
running install_data
creating /home/aidan/GitHub/AidansRepo/TeensySwerve/install/tnsySwrv_controller/share/ament_index
creating /home/aidan/GitHub/AidansRepo/TeensySwerve/install/tnsySwrv_controller/share/ament_index/resource_index
creating /home/aidan/GitHub/AidansRepo/TeensySwerve/install/tnsySwrv_controller/share/ament_index/resource_index/packages
copying resource/tnsySwrv_controller -> /home/aidan/GitHub/AidansRepo/TeensySwerve/install/tnsySwrv_controller/share/ament_index/resource_index/packages
copying package.xml -> /home/aidan/GitHub/AidansRepo/TeensySwerve/install/tnsySwrv_controller/share/tnsySwrv_controller
running install_egg_info
Copying ../../build/tnsySwrv_controller/tnsySwrv_controller.egg-info to /home/aidan/GitHub/AidansRepo/TeensySwerve/install/tnsySwrv_controller/lib/python3.10/site-packages/tnsySwrv_controller-0.0.0-py3.10.egg-info
running install_scripts
writing list of installed files to '/home/aidan/GitHub/AidansRepo/TeensySwerve/build/tnsySwrv_controller/install.log'
