[0.084s] Invoking command in '/home/aidan/GitHub/AidansRepo/TeensySwerve/build/unique_identifier_msgs': CMAKE_PREFIX_PATH=${CMAKE_PREFIX_PATH}:/home/aidan/GitHub/AidansRepo/TeensySwerve/install/sensor_msgs_py:/home/aidan/GitHub/AidansRepo/TeensySwerve/install/tnsy_swrv_controller:/opt/ros/humble /usr/bin/cmake --build /home/aidan/GitHub/AidansRepo/TeensySwerve/build/unique_identifier_msgs -- -j4 -l4
[0.373s] [  9%] Built target unique_identifier_msgs__rosidl_generator_c
[0.418s] [ 12%] Built target unique_identifier_msgs__cpp
[0.613s] [ 12%] Built target ament_cmake_python_copy_unique_identifier_msgs
[0.664s] [ 22%] Built target unique_identifier_msgs__rosidl_typesupport_introspection_c
[0.911s] [ 32%] Built target unique_identifier_msgs__rosidl_typesupport_c
[0.943s] [ 41%] Built target unique_identifier_msgs__rosidl_typesupport_fastrtps_c
[1.175s] [ 51%] Built target unique_identifier_msgs__rosidl_typesupport_introspection_cpp
[1.289s] [ 61%] Built target unique_identifier_msgs__rosidl_typesupport_fastrtps_cpp
[1.652s] [ 70%] Built target unique_identifier_msgs__rosidl_typesupport_cpp
[2.027s] [ 70%] Built target unique_identifier_msgs
[2.353s] [ 74%] Built target unique_identifier_msgs__py
[2.794s] [ 80%] Built target unique_identifier_msgs__rosidl_generator_py
[3.175s] [ 87%] Built target unique_identifier_msgs__rosidl_typesupport_introspection_c__pyext
[3.311s] [ 93%] Built target unique_identifier_msgs__rosidl_typesupport_c__pyext
[3.392s] [100%] Built target unique_identifier_msgs__rosidl_typesupport_fastrtps_c__pyext
[5.074s] running egg_info
[5.081s] writing unique_identifier_msgs.egg-info/PKG-INFO
[5.082s] writing dependency_links to unique_identifier_msgs.egg-info/dependency_links.txt
[5.082s] writing top-level names to unique_identifier_msgs.egg-info/top_level.txt
[5.084s] reading manifest file 'unique_identifier_msgs.egg-info/SOURCES.txt'
[5.085s] writing manifest file 'unique_identifier_msgs.egg-info/SOURCES.txt'
[5.201s] [100%] Built target ament_cmake_python_build_unique_identifier_msgs_egg
[5.247s] Invoked command in '/home/aidan/GitHub/AidansRepo/TeensySwerve/build/unique_identifier_msgs' returned '0': CMAKE_PREFIX_PATH=${CMAKE_PREFIX_PATH}:/home/aidan/GitHub/AidansRepo/TeensySwerve/install/sensor_msgs_py:/home/aidan/GitHub/AidansRepo/TeensySwerve/install/tnsy_swrv_controller:/opt/ros/humble /usr/bin/cmake --build /home/aidan/GitHub/AidansRepo/TeensySwerve/build/unique_identifier_msgs -- -j4 -l4
[6.009s] Invoking command in '/home/aidan/GitHub/AidansRepo/TeensySwerve/build/unique_identifier_msgs': CMAKE_PREFIX_PATH=${CMAKE_PREFIX_PATH}:/home/aidan/GitHub/AidansRepo/TeensySwerve/install/sensor_msgs_py:/home/aidan/GitHub/AidansRepo/TeensySwerve/install/tnsy_swrv_controller:/opt/ros/humble /usr/bin/cmake --install /home/aidan/GitHub/AidansRepo/TeensySwerve/build/unique_identifier_msgs
[6.047s] -- Install configuration: ""
[6.048s] -- Up-to-date: /home/aidan/GitHub/AidansRepo/TeensySwerve/install/unique_identifier_msgs/share/ament_index/resource_index/rosidl_interfaces/unique_identifier_msgs
[6.049s] -- Up-to-date: /home/aidan/GitHub/AidansRepo/TeensySwerve/install/unique_identifier_msgs/include/unique_identifier_msgs/unique_identifier_msgs
[6.053s] -- Up-to-date: /home/aidan/GitHub/AidansRepo/TeensySwerve/install/unique_identifier_msgs/include/unique_identifier_msgs/unique_identifier_msgs/msg
[6.054s] -- Up-to-date: /home/aidan/GitHub/AidansRepo/TeensySwerve/install/unique_identifier_msgs/include/unique_identifier_msgs/unique_identifier_msgs/msg/rosidl_generator_c__visibility_control.h
[6.056s] -- Up-to-date: /home/aidan/GitHub/AidansRepo/TeensySwerve/install/unique_identifier_msgs/include/unique_identifier_msgs/unique_identifier_msgs/msg/uuid.h
[6.056s] -- Up-to-date: /home/aidan/GitHub/AidansRepo/TeensySwerve/install/unique_identifier_msgs/include/unique_identifier_msgs/unique_identifier_msgs/msg/detail
[6.056s] -- Up-to-date: /home/aidan/GitHub/AidansRepo/TeensySwerve/install/unique_identifier_msgs/include/unique_identifier_msgs/unique_identifier_msgs/msg/detail/uuid__struct.h
[6.057s] -- Up-to-date: /home/aidan/GitHub/AidansRepo/TeensySwerve/install/unique_identifier_msgs/include/unique_identifier_msgs/unique_identifier_msgs/msg/detail/uuid__type_support.h
[6.063s] -- Up-to-date: /home/aidan/GitHub/AidansRepo/TeensySwerve/install/unique_identifier_msgs/include/unique_identifier_msgs/unique_identifier_msgs/msg/detail/uuid__functions.h
[6.064s] -- Up-to-date: /home/aidan/GitHub/AidansRepo/TeensySwerve/install/unique_identifier_msgs/include/unique_identifier_msgs/unique_identifier_msgs/msg/detail/uuid__functions.c
[6.065s] -- Up-to-date: /home/aidan/GitHub/AidansRepo/TeensySwerve/install/unique_identifier_msgs/share/unique_identifier_msgs/environment/library_path.sh
[6.067s] -- Up-to-date: /home/aidan/GitHub/AidansRepo/TeensySwerve/install/unique_identifier_msgs/share/unique_identifier_msgs/environment/library_path.dsv
[6.067s] -- Up-to-date: /home/aidan/GitHub/AidansRepo/TeensySwerve/install/unique_identifier_msgs/lib/libunique_identifier_msgs__rosidl_generator_c.so
[6.068s] -- Up-to-date: /home/aidan/GitHub/AidansRepo/TeensySwerve/install/unique_identifier_msgs/include/unique_identifier_msgs/unique_identifier_msgs
[6.071s] -- Up-to-date: /home/aidan/GitHub/AidansRepo/TeensySwerve/install/unique_identifier_msgs/include/unique_identifier_msgs/unique_identifier_msgs/msg
[6.072s] -- Up-to-date: /home/aidan/GitHub/AidansRepo/TeensySwerve/install/unique_identifier_msgs/include/unique_identifier_msgs/unique_identifier_msgs/msg/rosidl_typesupport_fastrtps_c__visibility_control.h
[6.072s] -- Up-to-date: /home/aidan/GitHub/AidansRepo/TeensySwerve/install/unique_identifier_msgs/include/unique_identifier_msgs/unique_identifier_msgs/msg/detail
[6.072s] -- Up-to-date: /home/aidan/GitHub/AidansRepo/TeensySwerve/install/unique_identifier_msgs/include/unique_identifier_msgs/unique_identifier_msgs/msg/detail/uuid__rosidl_typesupport_fastrtps_c.h
[6.072s] -- Up-to-date: /home/aidan/GitHub/AidansRepo/TeensySwerve/install/unique_identifier_msgs/lib/libunique_identifier_msgs__rosidl_typesupport_fastrtps_c.so
[6.072s] -- Up-to-date: /home/aidan/GitHub/AidansRepo/TeensySwerve/install/unique_identifier_msgs/include/unique_identifier_msgs/unique_identifier_msgs
[6.073s] -- Up-to-date: /home/aidan/GitHub/AidansRepo/TeensySwerve/install/unique_identifier_msgs/include/unique_identifier_msgs/unique_identifier_msgs/msg
[6.073s] -- Up-to-date: /home/aidan/GitHub/AidansRepo/TeensySwerve/install/unique_identifier_msgs/include/unique_identifier_msgs/unique_identifier_msgs/msg/detail
[6.073s] -- Up-to-date: /home/aidan/GitHub/AidansRepo/TeensySwerve/install/unique_identifier_msgs/include/unique_identifier_msgs/unique_identifier_msgs/msg/detail/uuid__type_support.c
[6.080s] -- Up-to-date: /home/aidan/GitHub/AidansRepo/TeensySwerve/install/unique_identifier_msgs/include/unique_identifier_msgs/unique_identifier_msgs/msg/detail/uuid__rosidl_typesupport_introspection_c.h
[6.081s] -- Up-to-date: /home/aidan/GitHub/AidansRepo/TeensySwerve/install/unique_identifier_msgs/include/unique_identifier_msgs/unique_identifier_msgs/msg/rosidl_typesupport_introspection_c__visibility_control.h
[6.082s] -- Up-to-date: /home/aidan/GitHub/AidansRepo/TeensySwerve/install/unique_identifier_msgs/lib/libunique_identifier_msgs__rosidl_typesupport_introspection_c.so
[6.083s] -- Up-to-date: /home/aidan/GitHub/AidansRepo/TeensySwerve/install/unique_identifier_msgs/lib/libunique_identifier_msgs__rosidl_typesupport_c.so
[6.089s] -- Up-to-date: /home/aidan/GitHub/AidansRepo/TeensySwerve/install/unique_identifier_msgs/include/unique_identifier_msgs/unique_identifier_msgs
[6.089s] -- Up-to-date: /home/aidan/GitHub/AidansRepo/TeensySwerve/install/unique_identifier_msgs/include/unique_identifier_msgs/unique_identifier_msgs/msg
[6.094s] -- Up-to-date: /home/aidan/GitHub/AidansRepo/TeensySwerve/install/unique_identifier_msgs/include/unique_identifier_msgs/unique_identifier_msgs/msg/detail
[6.094s] -- Up-to-date: /home/aidan/GitHub/AidansRepo/TeensySwerve/install/unique_identifier_msgs/include/unique_identifier_msgs/unique_identifier_msgs/msg/detail/uuid__traits.hpp
[6.095s] -- Up-to-date: /home/aidan/GitHub/AidansRepo/TeensySwerve/install/unique_identifier_msgs/include/unique_identifier_msgs/unique_identifier_msgs/msg/detail/uuid__type_support.hpp
[6.095s] -- Up-to-date: /home/aidan/GitHub/AidansRepo/TeensySwerve/install/unique_identifier_msgs/include/unique_identifier_msgs/unique_identifier_msgs/msg/detail/uuid__builder.hpp
[6.095s] -- Up-to-date: /home/aidan/GitHub/AidansRepo/TeensySwerve/install/unique_identifier_msgs/include/unique_identifier_msgs/unique_identifier_msgs/msg/detail/uuid__struct.hpp
[6.095s] -- Up-to-date: /home/aidan/GitHub/AidansRepo/TeensySwerve/install/unique_identifier_msgs/include/unique_identifier_msgs/unique_identifier_msgs/msg/uuid.hpp
[6.095s] -- Up-to-date: /home/aidan/GitHub/AidansRepo/TeensySwerve/install/unique_identifier_msgs/include/unique_identifier_msgs/unique_identifier_msgs/msg/rosidl_generator_cpp__visibility_control.hpp
[6.095s] -- Up-to-date: /home/aidan/GitHub/AidansRepo/TeensySwerve/install/unique_identifier_msgs/include/unique_identifier_msgs/unique_identifier_msgs
[6.096s] -- Up-to-date: /home/aidan/GitHub/AidansRepo/TeensySwerve/install/unique_identifier_msgs/include/unique_identifier_msgs/unique_identifier_msgs/msg
[6.096s] -- Up-to-date: /home/aidan/GitHub/AidansRepo/TeensySwerve/install/unique_identifier_msgs/include/unique_identifier_msgs/unique_identifier_msgs/msg/rosidl_typesupport_fastrtps_cpp__visibility_control.h
[6.096s] -- Up-to-date: /home/aidan/GitHub/AidansRepo/TeensySwerve/install/unique_identifier_msgs/include/unique_identifier_msgs/unique_identifier_msgs/msg/detail
[6.096s] -- Up-to-date: /home/aidan/GitHub/AidansRepo/TeensySwerve/install/unique_identifier_msgs/include/unique_identifier_msgs/unique_identifier_msgs/msg/detail/uuid__rosidl_typesupport_fastrtps_cpp.hpp
[6.096s] -- Up-to-date: /home/aidan/GitHub/AidansRepo/TeensySwerve/install/unique_identifier_msgs/include/unique_identifier_msgs/unique_identifier_msgs/msg/detail/dds_fastrtps
[6.096s] -- Up-to-date: /home/aidan/GitHub/AidansRepo/TeensySwerve/install/unique_identifier_msgs/lib/libunique_identifier_msgs__rosidl_typesupport_fastrtps_cpp.so
[6.102s] -- Up-to-date: /home/aidan/GitHub/AidansRepo/TeensySwerve/install/unique_identifier_msgs/include/unique_identifier_msgs/unique_identifier_msgs
[6.103s] -- Up-to-date: /home/aidan/GitHub/AidansRepo/TeensySwerve/install/unique_identifier_msgs/include/unique_identifier_msgs/unique_identifier_msgs/msg
[6.103s] -- Up-to-date: /home/aidan/GitHub/AidansRepo/TeensySwerve/install/unique_identifier_msgs/include/unique_identifier_msgs/unique_identifier_msgs/msg/detail
[6.105s] -- Up-to-date: /home/aidan/GitHub/AidansRepo/TeensySwerve/install/unique_identifier_msgs/include/unique_identifier_msgs/unique_identifier_msgs/msg/detail/uuid__rosidl_typesupport_introspection_cpp.hpp
[6.105s] -- Up-to-date: /home/aidan/GitHub/AidansRepo/TeensySwerve/install/unique_identifier_msgs/include/unique_identifier_msgs/unique_identifier_msgs/msg/detail/uuid__type_support.cpp
[6.106s] -- Up-to-date: /home/aidan/GitHub/AidansRepo/TeensySwerve/install/unique_identifier_msgs/lib/libunique_identifier_msgs__rosidl_typesupport_introspection_cpp.so
[6.106s] -- Up-to-date: /home/aidan/GitHub/AidansRepo/TeensySwerve/install/unique_identifier_msgs/lib/libunique_identifier_msgs__rosidl_typesupport_cpp.so
[6.108s] -- Up-to-date: /home/aidan/GitHub/AidansRepo/TeensySwerve/install/unique_identifier_msgs/share/unique_identifier_msgs/environment/pythonpath.sh
[6.108s] -- Up-to-date: /home/aidan/GitHub/AidansRepo/TeensySwerve/install/unique_identifier_msgs/share/unique_identifier_msgs/environment/pythonpath.dsv
[6.109s] -- Up-to-date: /home/aidan/GitHub/AidansRepo/TeensySwerve/install/unique_identifier_msgs/local/lib/python3.10/dist-packages/unique_identifier_msgs-2.2.1-py3.10.egg-info
[6.112s] -- Installing: /home/aidan/GitHub/AidansRepo/TeensySwerve/install/unique_identifier_msgs/local/lib/python3.10/dist-packages/unique_identifier_msgs-2.2.1-py3.10.egg-info/PKG-INFO
[6.113s] -- Installing: /home/aidan/GitHub/AidansRepo/TeensySwerve/install/unique_identifier_msgs/local/lib/python3.10/dist-packages/unique_identifier_msgs-2.2.1-py3.10.egg-info/SOURCES.txt
[6.113s] -- Installing: /home/aidan/GitHub/AidansRepo/TeensySwerve/install/unique_identifier_msgs/local/lib/python3.10/dist-packages/unique_identifier_msgs-2.2.1-py3.10.egg-info/dependency_links.txt
[6.113s] -- Installing: /home/aidan/GitHub/AidansRepo/TeensySwerve/install/unique_identifier_msgs/local/lib/python3.10/dist-packages/unique_identifier_msgs-2.2.1-py3.10.egg-info/top_level.txt
[6.113s] -- Up-to-date: /home/aidan/GitHub/AidansRepo/TeensySwerve/install/unique_identifier_msgs/local/lib/python3.10/dist-packages/unique_identifier_msgs
[6.113s] -- Up-to-date: /home/aidan/GitHub/AidansRepo/TeensySwerve/install/unique_identifier_msgs/local/lib/python3.10/dist-packages/unique_identifier_msgs/_unique_identifier_msgs_s.ep.rosidl_typesupport_fastrtps_c.c
[6.119s] -- Up-to-date: /home/aidan/GitHub/AidansRepo/TeensySwerve/install/unique_identifier_msgs/local/lib/python3.10/dist-packages/unique_identifier_msgs/_unique_identifier_msgs_s.ep.rosidl_typesupport_introspection_c.c
[6.119s] -- Up-to-date: /home/aidan/GitHub/AidansRepo/TeensySwerve/install/unique_identifier_msgs/local/lib/python3.10/dist-packages/unique_identifier_msgs/__init__.py
[6.120s] -- Up-to-date: /home/aidan/GitHub/AidansRepo/TeensySwerve/install/unique_identifier_msgs/local/lib/python3.10/dist-packages/unique_identifier_msgs/msg
[6.120s] -- Up-to-date: /home/aidan/GitHub/AidansRepo/TeensySwerve/install/unique_identifier_msgs/local/lib/python3.10/dist-packages/unique_identifier_msgs/msg/__init__.py
[6.120s] -- Up-to-date: /home/aidan/GitHub/AidansRepo/TeensySwerve/install/unique_identifier_msgs/local/lib/python3.10/dist-packages/unique_identifier_msgs/msg/_uuid.py
[6.120s] -- Up-to-date: /home/aidan/GitHub/AidansRepo/TeensySwerve/install/unique_identifier_msgs/local/lib/python3.10/dist-packages/unique_identifier_msgs/msg/_uuid_s.c
[6.126s] -- Up-to-date: /home/aidan/GitHub/AidansRepo/TeensySwerve/install/unique_identifier_msgs/local/lib/python3.10/dist-packages/unique_identifier_msgs/unique_identifier_msgs_s__rosidl_typesupport_fastrtps_c.cpython-310-x86_64-linux-gnu.so
[6.126s] -- Up-to-date: /home/aidan/GitHub/AidansRepo/TeensySwerve/install/unique_identifier_msgs/local/lib/python3.10/dist-packages/unique_identifier_msgs/libunique_identifier_msgs__rosidl_generator_py.so
[6.127s] -- Up-to-date: /home/aidan/GitHub/AidansRepo/TeensySwerve/install/unique_identifier_msgs/local/lib/python3.10/dist-packages/unique_identifier_msgs/unique_identifier_msgs_s__rosidl_typesupport_c.cpython-310-x86_64-linux-gnu.so
[6.127s] -- Up-to-date: /home/aidan/GitHub/AidansRepo/TeensySwerve/install/unique_identifier_msgs/local/lib/python3.10/dist-packages/unique_identifier_msgs/_unique_identifier_msgs_s.ep.rosidl_typesupport_c.c
[6.127s] -- Up-to-date: /home/aidan/GitHub/AidansRepo/TeensySwerve/install/unique_identifier_msgs/local/lib/python3.10/dist-packages/unique_identifier_msgs/unique_identifier_msgs_s__rosidl_typesupport_introspection_c.cpython-310-x86_64-linux-gnu.so
[6.278s] Listing '/home/aidan/GitHub/AidansRepo/TeensySwerve/install/unique_identifier_msgs/local/lib/python3.10/dist-packages/unique_identifier_msgs'...
[6.279s] Listing '/home/aidan/GitHub/AidansRepo/TeensySwerve/install/unique_identifier_msgs/local/lib/python3.10/dist-packages/unique_identifier_msgs/msg'...
[6.297s] -- Up-to-date: /home/aidan/GitHub/AidansRepo/TeensySwerve/install/unique_identifier_msgs/local/lib/python3.10/dist-packages/unique_identifier_msgs/unique_identifier_msgs_s__rosidl_typesupport_fastrtps_c.cpython-310-x86_64-linux-gnu.so
[6.297s] -- Up-to-date: /home/aidan/GitHub/AidansRepo/TeensySwerve/install/unique_identifier_msgs/local/lib/python3.10/dist-packages/unique_identifier_msgs/unique_identifier_msgs_s__rosidl_typesupport_introspection_c.cpython-310-x86_64-linux-gnu.so
[6.297s] -- Up-to-date: /home/aidan/GitHub/AidansRepo/TeensySwerve/install/unique_identifier_msgs/local/lib/python3.10/dist-packages/unique_identifier_msgs/unique_identifier_msgs_s__rosidl_typesupport_c.cpython-310-x86_64-linux-gnu.so
[6.302s] -- Up-to-date: /home/aidan/GitHub/AidansRepo/TeensySwerve/install/unique_identifier_msgs/lib/libunique_identifier_msgs__rosidl_generator_py.so
[6.302s] -- Up-to-date: /home/aidan/GitHub/AidansRepo/TeensySwerve/install/unique_identifier_msgs/share/unique_identifier_msgs/msg/UUID.idl
[6.304s] -- Up-to-date: /home/aidan/GitHub/AidansRepo/TeensySwerve/install/unique_identifier_msgs/share/unique_identifier_msgs/msg/UUID.msg
[6.304s] -- Up-to-date: /home/aidan/GitHub/AidansRepo/TeensySwerve/install/unique_identifier_msgs/share/ament_index/resource_index/package_run_dependencies/unique_identifier_msgs
[6.304s] -- Up-to-date: /home/aidan/GitHub/AidansRepo/TeensySwerve/install/unique_identifier_msgs/share/ament_index/resource_index/parent_prefix_path/unique_identifier_msgs
[6.305s] -- Up-to-date: /home/aidan/GitHub/AidansRepo/TeensySwerve/install/unique_identifier_msgs/share/unique_identifier_msgs/environment/ament_prefix_path.sh
[6.305s] -- Up-to-date: /home/aidan/GitHub/AidansRepo/TeensySwerve/install/unique_identifier_msgs/share/unique_identifier_msgs/environment/ament_prefix_path.dsv
[6.305s] -- Up-to-date: /home/aidan/GitHub/AidansRepo/TeensySwerve/install/unique_identifier_msgs/share/unique_identifier_msgs/environment/path.sh
[6.305s] -- Up-to-date: /home/aidan/GitHub/AidansRepo/TeensySwerve/install/unique_identifier_msgs/share/unique_identifier_msgs/environment/path.dsv
[6.305s] -- Up-to-date: /home/aidan/GitHub/AidansRepo/TeensySwerve/install/unique_identifier_msgs/share/unique_identifier_msgs/local_setup.bash
[6.306s] -- Up-to-date: /home/aidan/GitHub/AidansRepo/TeensySwerve/install/unique_identifier_msgs/share/unique_identifier_msgs/local_setup.sh
[6.306s] -- Up-to-date: /home/aidan/GitHub/AidansRepo/TeensySwerve/install/unique_identifier_msgs/share/unique_identifier_msgs/local_setup.zsh
[6.306s] -- Up-to-date: /home/aidan/GitHub/AidansRepo/TeensySwerve/install/unique_identifier_msgs/share/unique_identifier_msgs/local_setup.dsv
[6.306s] -- Installing: /home/aidan/GitHub/AidansRepo/TeensySwerve/install/unique_identifier_msgs/share/unique_identifier_msgs/package.dsv
[6.307s] -- Up-to-date: /home/aidan/GitHub/AidansRepo/TeensySwerve/install/unique_identifier_msgs/share/ament_index/resource_index/packages/unique_identifier_msgs
[6.307s] -- Up-to-date: /home/aidan/GitHub/AidansRepo/TeensySwerve/install/unique_identifier_msgs/share/unique_identifier_msgs/cmake/export_unique_identifier_msgs__rosidl_generator_cExport.cmake
[6.308s] -- Up-to-date: /home/aidan/GitHub/AidansRepo/TeensySwerve/install/unique_identifier_msgs/share/unique_identifier_msgs/cmake/export_unique_identifier_msgs__rosidl_generator_cExport-noconfig.cmake
[6.308s] -- Up-to-date: /home/aidan/GitHub/AidansRepo/TeensySwerve/install/unique_identifier_msgs/share/unique_identifier_msgs/cmake/export_unique_identifier_msgs__rosidl_typesupport_fastrtps_cExport.cmake
[6.309s] -- Up-to-date: /home/aidan/GitHub/AidansRepo/TeensySwerve/install/unique_identifier_msgs/share/unique_identifier_msgs/cmake/export_unique_identifier_msgs__rosidl_typesupport_fastrtps_cExport-noconfig.cmake
[6.309s] -- Up-to-date: /home/aidan/GitHub/AidansRepo/TeensySwerve/install/unique_identifier_msgs/share/unique_identifier_msgs/cmake/unique_identifier_msgs__rosidl_typesupport_introspection_cExport.cmake
[6.314s] -- Up-to-date: /home/aidan/GitHub/AidansRepo/TeensySwerve/install/unique_identifier_msgs/share/unique_identifier_msgs/cmake/unique_identifier_msgs__rosidl_typesupport_introspection_cExport-noconfig.cmake
[6.319s] -- Up-to-date: /home/aidan/GitHub/AidansRepo/TeensySwerve/install/unique_identifier_msgs/share/unique_identifier_msgs/cmake/unique_identifier_msgs__rosidl_typesupport_cExport.cmake
[6.319s] -- Up-to-date: /home/aidan/GitHub/AidansRepo/TeensySwerve/install/unique_identifier_msgs/share/unique_identifier_msgs/cmake/unique_identifier_msgs__rosidl_typesupport_cExport-noconfig.cmake
[6.320s] -- Up-to-date: /home/aidan/GitHub/AidansRepo/TeensySwerve/install/unique_identifier_msgs/share/unique_identifier_msgs/cmake/export_unique_identifier_msgs__rosidl_generator_cppExport.cmake
[6.320s] -- Up-to-date: /home/aidan/GitHub/AidansRepo/TeensySwerve/install/unique_identifier_msgs/share/unique_identifier_msgs/cmake/export_unique_identifier_msgs__rosidl_typesupport_fastrtps_cppExport.cmake
[6.320s] -- Up-to-date: /home/aidan/GitHub/AidansRepo/TeensySwerve/install/unique_identifier_msgs/share/unique_identifier_msgs/cmake/export_unique_identifier_msgs__rosidl_typesupport_fastrtps_cppExport-noconfig.cmake
[6.320s] -- Up-to-date: /home/aidan/GitHub/AidansRepo/TeensySwerve/install/unique_identifier_msgs/share/unique_identifier_msgs/cmake/unique_identifier_msgs__rosidl_typesupport_introspection_cppExport.cmake
[6.320s] -- Up-to-date: /home/aidan/GitHub/AidansRepo/TeensySwerve/install/unique_identifier_msgs/share/unique_identifier_msgs/cmake/unique_identifier_msgs__rosidl_typesupport_introspection_cppExport-noconfig.cmake
[6.320s] -- Up-to-date: /home/aidan/GitHub/AidansRepo/TeensySwerve/install/unique_identifier_msgs/share/unique_identifier_msgs/cmake/unique_identifier_msgs__rosidl_typesupport_cppExport.cmake
[6.320s] -- Up-to-date: /home/aidan/GitHub/AidansRepo/TeensySwerve/install/unique_identifier_msgs/share/unique_identifier_msgs/cmake/unique_identifier_msgs__rosidl_typesupport_cppExport-noconfig.cmake
[6.321s] -- Up-to-date: /home/aidan/GitHub/AidansRepo/TeensySwerve/install/unique_identifier_msgs/share/unique_identifier_msgs/cmake/export_unique_identifier_msgs__rosidl_generator_pyExport.cmake
[6.321s] -- Up-to-date: /home/aidan/GitHub/AidansRepo/TeensySwerve/install/unique_identifier_msgs/share/unique_identifier_msgs/cmake/export_unique_identifier_msgs__rosidl_generator_pyExport-noconfig.cmake
[6.321s] -- Up-to-date: /home/aidan/GitHub/AidansRepo/TeensySwerve/install/unique_identifier_msgs/share/unique_identifier_msgs/cmake/rosidl_cmake-extras.cmake
[6.321s] -- Up-to-date: /home/aidan/GitHub/AidansRepo/TeensySwerve/install/unique_identifier_msgs/share/unique_identifier_msgs/cmake/ament_cmake_export_include_directories-extras.cmake
[6.322s] -- Up-to-date: /home/aidan/GitHub/AidansRepo/TeensySwerve/install/unique_identifier_msgs/share/unique_identifier_msgs/cmake/ament_cmake_export_libraries-extras.cmake
[6.326s] -- Up-to-date: /home/aidan/GitHub/AidansRepo/TeensySwerve/install/unique_identifier_msgs/share/unique_identifier_msgs/cmake/ament_cmake_export_targets-extras.cmake
[6.327s] -- Up-to-date: /home/aidan/GitHub/AidansRepo/TeensySwerve/install/unique_identifier_msgs/share/unique_identifier_msgs/cmake/rosidl_cmake_export_typesupport_targets-extras.cmake
[6.327s] -- Up-to-date: /home/aidan/GitHub/AidansRepo/TeensySwerve/install/unique_identifier_msgs/share/unique_identifier_msgs/cmake/ament_cmake_export_dependencies-extras.cmake
[6.327s] -- Up-to-date: /home/aidan/GitHub/AidansRepo/TeensySwerve/install/unique_identifier_msgs/share/unique_identifier_msgs/cmake/rosidl_cmake_export_typesupport_libraries-extras.cmake
[6.327s] -- Up-to-date: /home/aidan/GitHub/AidansRepo/TeensySwerve/install/unique_identifier_msgs/share/unique_identifier_msgs/cmake/unique_identifier_msgsConfig.cmake
[6.327s] -- Up-to-date: /home/aidan/GitHub/AidansRepo/TeensySwerve/install/unique_identifier_msgs/share/unique_identifier_msgs/cmake/unique_identifier_msgsConfig-version.cmake
[6.328s] -- Up-to-date: /home/aidan/GitHub/AidansRepo/TeensySwerve/install/unique_identifier_msgs/share/unique_identifier_msgs/package.xml
[6.328s] -- Up-to-date: /home/aidan/GitHub/AidansRepo/TeensySwerve/install/unique_identifier_msgs/share/unique_identifier_msgs/mapping_rules.yaml
[6.328s] Invoked command in '/home/aidan/GitHub/AidansRepo/TeensySwerve/build/unique_identifier_msgs' returned '0': CMAKE_PREFIX_PATH=${CMAKE_PREFIX_PATH}:/home/aidan/GitHub/AidansRepo/TeensySwerve/install/sensor_msgs_py:/home/aidan/GitHub/AidansRepo/TeensySwerve/install/tnsy_swrv_controller:/opt/ros/humble /usr/bin/cmake --install /home/aidan/GitHub/AidansRepo/TeensySwerve/build/unique_identifier_msgs
