[0.101s] Invoking command in '/home/aidan/GitHub/AidansRepo/TeensySwerve/build/action_msgs': AMENT_PREFIX_PATH=/home/aidan/GitHub/AidansRepo/TeensySwerve/install/unique_identifier_msgs:/home/aidan/GitHub/AidansRepo/TeensySwerve/install/builtin_interfaces:${AMENT_PREFIX_PATH} CMAKE_PREFIX_PATH=/home/aidan/GitHub/AidansRepo/TeensySwerve/install/unique_identifier_msgs:/home/aidan/GitHub/AidansRepo/TeensySwerve/install/builtin_interfaces:/home/aidan/GitHub/AidansRepo/TeensySwerve/install/tnsy_interfaces:/home/aidan/microros_ws/install/micro_ros_setup:/home/aidan/microros_ws/install/micro_ros_agent:/home/aidan/microros_ws/install/micro_ros_msgs:/home/aidan/GitHub/AidansRepo/TeensySwerve/install/tnsy_swrv_controller:/opt/ros/humble LD_LIBRARY_PATH=/home/aidan/GitHub/AidansRepo/TeensySwerve/install/unique_identifier_msgs/lib:/home/aidan/GitHub/AidansRepo/TeensySwerve/install/builtin_interfaces/lib:${LD_LIBRARY_PATH} PYTHONPATH=/home/aidan/GitHub/AidansRepo/TeensySwerve/install/unique_identifier_msgs/local/lib/python3.10/dist-packages:/home/aidan/GitHub/AidansRepo/TeensySwerve/install/builtin_interfaces/local/lib/python3.10/dist-packages:${PYTHONPATH} /usr/bin/cmake /home/aidan/GitHub/AidansRepo/TeensySwerve/src/ros2/rcl_interfaces/action_msgs -DCMAKE_INSTALL_PREFIX=/home/aidan/GitHub/AidansRepo/TeensySwerve/install/action_msgs
[0.590s] -- The C compiler identification is GNU 11.4.0
[0.945s] -- The CXX compiler identification is GNU 11.4.0
[0.981s] -- Detecting C compiler ABI info
[1.357s] -- Detecting C compiler ABI info - done
[1.426s] -- Check for working C compiler: /usr/bin/cc - skipped
[1.427s] -- Detecting C compile features
[1.433s] -- Detecting C compile features - done
[1.460s] -- Detecting CXX compiler ABI info
[2.039s] -- Detecting CXX compiler ABI info - done
[2.118s] -- Check for working CXX compiler: /usr/bin/c++ - skipped
[2.118s] -- Detecting CXX compile features
[2.118s] -- Detecting CXX compile features - done
[2.153s] -- Found ament_cmake: 1.3.11 (/opt/ros/humble/share/ament_cmake/cmake)
[3.560s] -- Found Python3: /usr/bin/python3 (found version "3.10.12") found components: Interpreter 
[4.289s] -- Found builtin_interfaces: 1.2.1 (/home/aidan/GitHub/AidansRepo/TeensySwerve/install/builtin_interfaces/share/builtin_interfaces/cmake)
[4.657s] -- Found rosidl_generator_c: 3.1.6 (/opt/ros/humble/share/rosidl_generator_c/cmake)
[4.712s] -- Found rosidl_adapter: 3.1.6 (/opt/ros/humble/share/rosidl_adapter/cmake)
[4.800s] -- Found rosidl_generator_cpp: 3.1.6 (/opt/ros/humble/share/rosidl_generator_cpp/cmake)
[4.953s] -- Using all available rosidl_typesupport_c: rosidl_typesupport_fastrtps_c;rosidl_typesupport_introspection_c
[5.136s] -- Using all available rosidl_typesupport_cpp: rosidl_typesupport_fastrtps_cpp;rosidl_typesupport_introspection_cpp
[5.262s] -- Found rosidl_default_generators: 1.2.0 (/opt/ros/humble/share/rosidl_default_generators/cmake)
[5.332s] -- Found unique_identifier_msgs: 2.2.1 (/home/aidan/GitHub/AidansRepo/TeensySwerve/install/unique_identifier_msgs/share/unique_identifier_msgs/cmake)
[7.170s] -- Found ament_cmake_cppcheck: 0.12.12 (/opt/ros/humble/share/ament_cmake_cppcheck/cmake)
[7.182s] -- Found ament_cmake_cpplint: 0.12.12 (/opt/ros/humble/share/ament_cmake_cpplint/cmake)
[7.195s] -- Found ament_cmake_uncrustify: 0.12.12 (/opt/ros/humble/share/ament_cmake_uncrustify/cmake)
[7.217s] -- Found ament_cmake_ros: 0.10.0 (/opt/ros/humble/share/ament_cmake_ros/cmake)
[9.355s] -- Using all available rosidl_typesupport_c: rosidl_typesupport_fastrtps_c;rosidl_typesupport_introspection_c
[10.208s] -- Using all available rosidl_typesupport_cpp: rosidl_typesupport_fastrtps_cpp;rosidl_typesupport_introspection_cpp
[10.343s] -- Found PythonInterp: /usr/bin/python3 (found suitable version "3.10.12", minimum required is "3.6") 
[10.350s] -- Found python_cmake_module: 0.10.0 (/opt/ros/humble/share/python_cmake_module/cmake)
[10.452s] -- Found PythonLibs: /usr/lib/x86_64-linux-gnu/libpython3.10.so (found suitable version "3.10.12", minimum required is "3.5") 
[10.453s] -- Using PYTHON_EXECUTABLE: /usr/bin/python3
[10.456s] -- Using PYTHON_INCLUDE_DIRS: /usr/include/python3.10
[10.457s] -- Using PYTHON_LIBRARIES: /usr/lib/x86_64-linux-gnu/libpython3.10.so
[10.549s] -- Found PythonExtra: .so  
[10.764s] -- Found ament_cmake_flake8: 0.12.12 (/opt/ros/humble/share/ament_cmake_flake8/cmake)
[10.770s] -- Found ament_cmake_pep257: 0.12.12 (/opt/ros/humble/share/ament_cmake_pep257/cmake)
[10.781s] -- Found ament_lint_auto: 0.12.12 (/opt/ros/humble/share/ament_lint_auto/cmake)
[10.838s] -- Added test 'copyright' to check source files copyright and LICENSE
[10.843s] -- Added test 'lint_cmake' to check CMake code style
[10.843s] -- Added test 'xmllint' to check XML markup files
[10.863s] -- Configuring done
[11.135s] -- Generating done
[11.160s] -- Build files have been written to: /home/aidan/GitHub/AidansRepo/TeensySwerve/build/action_msgs
[11.203s] Invoked command in '/home/aidan/GitHub/AidansRepo/TeensySwerve/build/action_msgs' returned '0': AMENT_PREFIX_PATH=/home/aidan/GitHub/AidansRepo/TeensySwerve/install/unique_identifier_msgs:/home/aidan/GitHub/AidansRepo/TeensySwerve/install/builtin_interfaces:${AMENT_PREFIX_PATH} CMAKE_PREFIX_PATH=/home/aidan/GitHub/AidansRepo/TeensySwerve/install/unique_identifier_msgs:/home/aidan/GitHub/AidansRepo/TeensySwerve/install/builtin_interfaces:/home/aidan/GitHub/AidansRepo/TeensySwerve/install/tnsy_interfaces:/home/aidan/microros_ws/install/micro_ros_setup:/home/aidan/microros_ws/install/micro_ros_agent:/home/aidan/microros_ws/install/micro_ros_msgs:/home/aidan/GitHub/AidansRepo/TeensySwerve/install/tnsy_swrv_controller:/opt/ros/humble LD_LIBRARY_PATH=/home/aidan/GitHub/AidansRepo/TeensySwerve/install/unique_identifier_msgs/lib:/home/aidan/GitHub/AidansRepo/TeensySwerve/install/builtin_interfaces/lib:${LD_LIBRARY_PATH} PYTHONPATH=/home/aidan/GitHub/AidansRepo/TeensySwerve/install/unique_identifier_msgs/local/lib/python3.10/dist-packages:/home/aidan/GitHub/AidansRepo/TeensySwerve/install/builtin_interfaces/local/lib/python3.10/dist-packages:${PYTHONPATH} /usr/bin/cmake /home/aidan/GitHub/AidansRepo/TeensySwerve/src/ros2/rcl_interfaces/action_msgs -DCMAKE_INSTALL_PREFIX=/home/aidan/GitHub/AidansRepo/TeensySwerve/install/action_msgs
[11.208s] Invoking command in '/home/aidan/GitHub/AidansRepo/TeensySwerve/build/action_msgs': AMENT_PREFIX_PATH=/home/aidan/GitHub/AidansRepo/TeensySwerve/install/unique_identifier_msgs:/home/aidan/GitHub/AidansRepo/TeensySwerve/install/builtin_interfaces:${AMENT_PREFIX_PATH} CMAKE_PREFIX_PATH=/home/aidan/GitHub/AidansRepo/TeensySwerve/install/unique_identifier_msgs:/home/aidan/GitHub/AidansRepo/TeensySwerve/install/builtin_interfaces:/home/aidan/GitHub/AidansRepo/TeensySwerve/install/tnsy_interfaces:/home/aidan/microros_ws/install/micro_ros_setup:/home/aidan/microros_ws/install/micro_ros_agent:/home/aidan/microros_ws/install/micro_ros_msgs:/home/aidan/GitHub/AidansRepo/TeensySwerve/install/tnsy_swrv_controller:/opt/ros/humble LD_LIBRARY_PATH=/home/aidan/GitHub/AidansRepo/TeensySwerve/install/unique_identifier_msgs/lib:/home/aidan/GitHub/AidansRepo/TeensySwerve/install/builtin_interfaces/lib:${LD_LIBRARY_PATH} PYTHONPATH=/home/aidan/GitHub/AidansRepo/TeensySwerve/install/unique_identifier_msgs/local/lib/python3.10/dist-packages:/home/aidan/GitHub/AidansRepo/TeensySwerve/install/builtin_interfaces/local/lib/python3.10/dist-packages:${PYTHONPATH} /usr/bin/cmake --build /home/aidan/GitHub/AidansRepo/TeensySwerve/build/action_msgs -- -j4 -l4
[11.577s] [  1%] [34m[1mGenerating C++ code for ROS interfaces[0m
[17.083s] [  1%] Built target action_msgs__cpp
[17.285s] [  1%] Built target ament_cmake_python_copy_action_msgs
[17.364s] [  3%] [34m[1mGenerating C++ type support for eProsima Fast-RTPS[0m
[21.865s] [  5%] [32mBuilding CXX object CMakeFiles/action_msgs__rosidl_typesupport_fastrtps_cpp.dir/rosidl_typesupport_fastrtps_cpp/action_msgs/msg/detail/dds_fastrtps/goal_info__type_support.cpp.o[0m
[24.794s] [  7%] [32mBuilding CXX object CMakeFiles/action_msgs__rosidl_typesupport_fastrtps_cpp.dir/rosidl_typesupport_fastrtps_cpp/action_msgs/msg/detail/dds_fastrtps/goal_status__type_support.cpp.o[0m
[26.272s] [  9%] [32mBuilding CXX object CMakeFiles/action_msgs__rosidl_typesupport_fastrtps_cpp.dir/rosidl_typesupport_fastrtps_cpp/action_msgs/msg/detail/dds_fastrtps/goal_status_array__type_support.cpp.o[0m
[28.417s] [ 10%] [32mBuilding CXX object CMakeFiles/action_msgs__rosidl_typesupport_fastrtps_cpp.dir/rosidl_typesupport_fastrtps_cpp/action_msgs/srv/detail/dds_fastrtps/cancel_goal__type_support.cpp.o[0m
[31.030s] [ 12%] [32m[1mLinking CXX shared library libaction_msgs__rosidl_typesupport_fastrtps_cpp.so[0m
[31.540s] [ 12%] Built target action_msgs__rosidl_typesupport_fastrtps_cpp
[31.603s] [ 14%] [34m[1mGenerating C++ introspection for ROS interfaces[0m
[34.262s] [ 16%] [32mBuilding CXX object CMakeFiles/action_msgs__rosidl_typesupport_introspection_cpp.dir/rosidl_typesupport_introspection_cpp/action_msgs/msg/detail/goal_info__type_support.cpp.o[0m
[35.598s] [ 18%] [32mBuilding CXX object CMakeFiles/action_msgs__rosidl_typesupport_introspection_cpp.dir/rosidl_typesupport_introspection_cpp/action_msgs/msg/detail/goal_status__type_support.cpp.o[0m
[37.166s] [ 20%] [32mBuilding CXX object CMakeFiles/action_msgs__rosidl_typesupport_introspection_cpp.dir/rosidl_typesupport_introspection_cpp/action_msgs/msg/detail/goal_status_array__type_support.cpp.o[0m
[38.813s] [ 21%] [32mBuilding CXX object CMakeFiles/action_msgs__rosidl_typesupport_introspection_cpp.dir/rosidl_typesupport_introspection_cpp/action_msgs/srv/detail/cancel_goal__type_support.cpp.o[0m
[40.707s] [ 23%] [32m[1mLinking CXX shared library libaction_msgs__rosidl_typesupport_introspection_cpp.so[0m
[41.066s] [ 23%] Built target action_msgs__rosidl_typesupport_introspection_cpp
[41.961s] running egg_info
[41.961s] creating action_msgs.egg-info
[41.962s] writing action_msgs.egg-info/PKG-INFO
[41.962s] writing dependency_links to action_msgs.egg-info/dependency_links.txt
[41.962s] writing top-level names to action_msgs.egg-info/top_level.txt
[41.962s] writing manifest file 'action_msgs.egg-info/SOURCES.txt'
[41.970s] reading manifest file 'action_msgs.egg-info/SOURCES.txt'
[41.970s] writing manifest file 'action_msgs.egg-info/SOURCES.txt'
[42.071s] [ 23%] Built target ament_cmake_python_build_action_msgs_egg
[42.098s] [ 25%] [34m[1mGenerating C++ type support dispatch for ROS interfaces[0m
[45.096s] [ 27%] [32mBuilding CXX object CMakeFiles/action_msgs__rosidl_typesupport_cpp.dir/rosidl_typesupport_cpp/action_msgs/msg/goal_info__type_support.cpp.o[0m
[46.368s] [ 29%] [32mBuilding CXX object CMakeFiles/action_msgs__rosidl_typesupport_cpp.dir/rosidl_typesupport_cpp/action_msgs/msg/goal_status_array__type_support.cpp.o[0m
[47.128s] [ 30%] [32mBuilding CXX object CMakeFiles/action_msgs__rosidl_typesupport_cpp.dir/rosidl_typesupport_cpp/action_msgs/srv/cancel_goal__type_support.cpp.o[0m
[48.466s] [ 32%] [32mBuilding CXX object CMakeFiles/action_msgs__rosidl_typesupport_cpp.dir/rosidl_typesupport_cpp/action_msgs/msg/goal_status__type_support.cpp.o[0m
[49.764s] [ 34%] [32m[1mLinking CXX shared library libaction_msgs__rosidl_typesupport_cpp.so[0m
[49.955s] [ 34%] Built target action_msgs__rosidl_typesupport_cpp
[49.985s] [ 36%] [34m[1mGenerating C code for ROS interfaces[0m
[53.159s] [ 38%] [32mBuilding C object CMakeFiles/action_msgs__rosidl_generator_c.dir/rosidl_generator_c/action_msgs/msg/detail/goal_info__functions.c.o[0m
[53.367s] [ 40%] [32mBuilding C object CMakeFiles/action_msgs__rosidl_generator_c.dir/rosidl_generator_c/action_msgs/srv/detail/cancel_goal__functions.c.o[0m
[53.666s] [ 41%] [32mBuilding C object CMakeFiles/action_msgs__rosidl_generator_c.dir/rosidl_generator_c/action_msgs/msg/detail/goal_status_array__functions.c.o[0m
[53.902s] [ 43%] [32mBuilding C object CMakeFiles/action_msgs__rosidl_generator_c.dir/rosidl_generator_c/action_msgs/msg/detail/goal_status__functions.c.o[0m
[54.058s] [ 45%] [32m[1mLinking C shared library libaction_msgs__rosidl_generator_c.so[0m
[54.216s] [ 45%] Built target action_msgs__rosidl_generator_c
[54.248s] [ 47%] [34m[1mGenerating C type support for eProsima Fast-RTPS[0m
[57.190s] [ 49%] [32mBuilding CXX object CMakeFiles/action_msgs__rosidl_typesupport_fastrtps_c.dir/rosidl_typesupport_fastrtps_c/action_msgs/msg/detail/goal_info__type_support_c.cpp.o[0m
[58.638s] [ 50%] [32mBuilding CXX object CMakeFiles/action_msgs__rosidl_typesupport_fastrtps_c.dir/rosidl_typesupport_fastrtps_c/action_msgs/msg/detail/goal_status__type_support_c.cpp.o[0m
[59.695s] [ 52%] [32mBuilding CXX object CMakeFiles/action_msgs__rosidl_typesupport_fastrtps_c.dir/rosidl_typesupport_fastrtps_c/action_msgs/msg/detail/goal_status_array__type_support_c.cpp.o[0m
[60.745s] [ 54%] [32mBuilding CXX object CMakeFiles/action_msgs__rosidl_typesupport_fastrtps_c.dir/rosidl_typesupport_fastrtps_c/action_msgs/srv/detail/cancel_goal__type_support_c.cpp.o[0m
[62.246s] [ 56%] [32m[1mLinking CXX shared library libaction_msgs__rosidl_typesupport_fastrtps_c.so[0m
[62.520s] [ 56%] Built target action_msgs__rosidl_typesupport_fastrtps_c
[62.567s] [ 58%] [34m[1mGenerating C type support dispatch for ROS interfaces[0m
[65.261s] [ 60%] [32mBuilding CXX object CMakeFiles/action_msgs__rosidl_typesupport_c.dir/rosidl_typesupport_c/action_msgs/msg/goal_info__type_support.cpp.o[0m
[65.381s] [ 61%] [32mBuilding CXX object CMakeFiles/action_msgs__rosidl_typesupport_c.dir/rosidl_typesupport_c/action_msgs/msg/goal_status_array__type_support.cpp.o[0m
[65.604s] [ 63%] [32mBuilding CXX object CMakeFiles/action_msgs__rosidl_typesupport_c.dir/rosidl_typesupport_c/action_msgs/srv/cancel_goal__type_support.cpp.o[0m
[65.758s] [ 65%] [32mBuilding CXX object CMakeFiles/action_msgs__rosidl_typesupport_c.dir/rosidl_typesupport_c/action_msgs/msg/goal_status__type_support.cpp.o[0m
[65.950s] [ 67%] [32m[1mLinking CXX shared library libaction_msgs__rosidl_typesupport_c.so[0m
[66.101s] [ 67%] Built target action_msgs__rosidl_typesupport_c
[66.140s] [ 69%] [34m[1mGenerating C introspection for ROS interfaces[0m
[69.465s] [ 70%] [32mBuilding C object CMakeFiles/action_msgs__rosidl_typesupport_introspection_c.dir/rosidl_typesupport_introspection_c/action_msgs/msg/detail/goal_info__type_support.c.o[0m
[69.707s] [ 72%] [32mBuilding C object CMakeFiles/action_msgs__rosidl_typesupport_introspection_c.dir/rosidl_typesupport_introspection_c/action_msgs/srv/detail/cancel_goal__type_support.c.o[0m
[69.902s] [ 74%] [32mBuilding C object CMakeFiles/action_msgs__rosidl_typesupport_introspection_c.dir/rosidl_typesupport_introspection_c/action_msgs/msg/detail/goal_status_array__type_support.c.o[0m
[70.083s] [ 76%] [32mBuilding C object CMakeFiles/action_msgs__rosidl_typesupport_introspection_c.dir/rosidl_typesupport_introspection_c/action_msgs/msg/detail/goal_status__type_support.c.o[0m
[70.284s] [ 78%] [32m[1mLinking C shared library libaction_msgs__rosidl_typesupport_introspection_c.so[0m
[70.427s] [ 78%] Built target action_msgs__rosidl_typesupport_introspection_c
[70.528s] [ 78%] Built target action_msgs
[70.617s] [ 80%] [34m[1mGenerating Python code for ROS interfaces[0m
[75.708s] [ 80%] Built target action_msgs__py
[75.828s] [ 81%] [32mBuilding C object CMakeFiles/action_msgs__rosidl_generator_py.dir/rosidl_generator_py/action_msgs/msg/_goal_info_s.c.o[0m
[76.160s] [ 83%] [32mBuilding C object CMakeFiles/action_msgs__rosidl_generator_py.dir/rosidl_generator_py/action_msgs/srv/_cancel_goal_s.c.o[0m
[76.611s] [ 85%] [32mBuilding C object CMakeFiles/action_msgs__rosidl_generator_py.dir/rosidl_generator_py/action_msgs/msg/_goal_status_array_s.c.o[0m
[76.982s] [ 87%] [32mBuilding C object CMakeFiles/action_msgs__rosidl_generator_py.dir/rosidl_generator_py/action_msgs/msg/_goal_status_s.c.o[0m
[77.555s] [ 89%] [32m[1mLinking C shared library rosidl_generator_py/action_msgs/libaction_msgs__rosidl_generator_py.so[0m
[77.857s] [ 89%] Built target action_msgs__rosidl_generator_py
[77.971s] [ 90%] [32mBuilding C object CMakeFiles/action_msgs__rosidl_typesupport_fastrtps_c__pyext.dir/rosidl_generator_py/action_msgs/_action_msgs_s.ep.rosidl_typesupport_fastrtps_c.c.o[0m
[78.765s] [ 92%] [32m[1mLinking C shared library rosidl_generator_py/action_msgs/action_msgs_s__rosidl_typesupport_fastrtps_c.cpython-310-x86_64-linux-gnu.so[0m
[78.993s] [ 92%] Built target action_msgs__rosidl_typesupport_fastrtps_c__pyext
[79.133s] [ 94%] [32mBuilding C object CMakeFiles/action_msgs__rosidl_typesupport_c__pyext.dir/rosidl_generator_py/action_msgs/_action_msgs_s.ep.rosidl_typesupport_c.c.o[0m
[80.135s] [ 96%] [32m[1mLinking C shared library rosidl_generator_py/action_msgs/action_msgs_s__rosidl_typesupport_c.cpython-310-x86_64-linux-gnu.so[0m
[80.519s] [ 96%] Built target action_msgs__rosidl_typesupport_c__pyext
[80.610s] [ 98%] [32mBuilding C object CMakeFiles/action_msgs__rosidl_typesupport_introspection_c__pyext.dir/rosidl_generator_py/action_msgs/_action_msgs_s.ep.rosidl_typesupport_introspection_c.c.o[0m
[81.619s] [100%] [32m[1mLinking C shared library rosidl_generator_py/action_msgs/action_msgs_s__rosidl_typesupport_introspection_c.cpython-310-x86_64-linux-gnu.so[0m
[81.908s] [100%] Built target action_msgs__rosidl_typesupport_introspection_c__pyext
[82.013s] Invoked command in '/home/aidan/GitHub/AidansRepo/TeensySwerve/build/action_msgs' returned '0': AMENT_PREFIX_PATH=/home/aidan/GitHub/AidansRepo/TeensySwerve/install/unique_identifier_msgs:/home/aidan/GitHub/AidansRepo/TeensySwerve/install/builtin_interfaces:${AMENT_PREFIX_PATH} CMAKE_PREFIX_PATH=/home/aidan/GitHub/AidansRepo/TeensySwerve/install/unique_identifier_msgs:/home/aidan/GitHub/AidansRepo/TeensySwerve/install/builtin_interfaces:/home/aidan/GitHub/AidansRepo/TeensySwerve/install/tnsy_interfaces:/home/aidan/microros_ws/install/micro_ros_setup:/home/aidan/microros_ws/install/micro_ros_agent:/home/aidan/microros_ws/install/micro_ros_msgs:/home/aidan/GitHub/AidansRepo/TeensySwerve/install/tnsy_swrv_controller:/opt/ros/humble LD_LIBRARY_PATH=/home/aidan/GitHub/AidansRepo/TeensySwerve/install/unique_identifier_msgs/lib:/home/aidan/GitHub/AidansRepo/TeensySwerve/install/builtin_interfaces/lib:${LD_LIBRARY_PATH} PYTHONPATH=/home/aidan/GitHub/AidansRepo/TeensySwerve/install/unique_identifier_msgs/local/lib/python3.10/dist-packages:/home/aidan/GitHub/AidansRepo/TeensySwerve/install/builtin_interfaces/local/lib/python3.10/dist-packages:${PYTHONPATH} /usr/bin/cmake --build /home/aidan/GitHub/AidansRepo/TeensySwerve/build/action_msgs -- -j4 -l4
[82.986s] Invoking command in '/home/aidan/GitHub/AidansRepo/TeensySwerve/build/action_msgs': AMENT_PREFIX_PATH=/home/aidan/GitHub/AidansRepo/TeensySwerve/install/unique_identifier_msgs:/home/aidan/GitHub/AidansRepo/TeensySwerve/install/builtin_interfaces:${AMENT_PREFIX_PATH} CMAKE_PREFIX_PATH=/home/aidan/GitHub/AidansRepo/TeensySwerve/install/unique_identifier_msgs:/home/aidan/GitHub/AidansRepo/TeensySwerve/install/builtin_interfaces:/home/aidan/GitHub/AidansRepo/TeensySwerve/install/tnsy_interfaces:/home/aidan/microros_ws/install/micro_ros_setup:/home/aidan/microros_ws/install/micro_ros_agent:/home/aidan/microros_ws/install/micro_ros_msgs:/home/aidan/GitHub/AidansRepo/TeensySwerve/install/tnsy_swrv_controller:/opt/ros/humble LD_LIBRARY_PATH=/home/aidan/GitHub/AidansRepo/TeensySwerve/install/unique_identifier_msgs/lib:/home/aidan/GitHub/AidansRepo/TeensySwerve/install/builtin_interfaces/lib:${LD_LIBRARY_PATH} PYTHONPATH=/home/aidan/GitHub/AidansRepo/TeensySwerve/install/unique_identifier_msgs/local/lib/python3.10/dist-packages:/home/aidan/GitHub/AidansRepo/TeensySwerve/install/builtin_interfaces/local/lib/python3.10/dist-packages:${PYTHONPATH} /usr/bin/cmake --install /home/aidan/GitHub/AidansRepo/TeensySwerve/build/action_msgs
[83.056s] -- Install configuration: ""
[83.063s] -- Installing: /home/aidan/GitHub/AidansRepo/TeensySwerve/install/action_msgs/share/ament_index/resource_index/rosidl_interfaces/action_msgs
[83.064s] -- Installing: /home/aidan/GitHub/AidansRepo/TeensySwerve/install/action_msgs/include/action_msgs/action_msgs
[83.064s] -- Installing: /home/aidan/GitHub/AidansRepo/TeensySwerve/install/action_msgs/include/action_msgs/action_msgs/srv
[83.066s] -- Installing: /home/aidan/GitHub/AidansRepo/TeensySwerve/install/action_msgs/include/action_msgs/action_msgs/srv/cancel_goal.h
[83.066s] -- Installing: /home/aidan/GitHub/AidansRepo/TeensySwerve/install/action_msgs/include/action_msgs/action_msgs/srv/detail
[83.070s] -- Installing: /home/aidan/GitHub/AidansRepo/TeensySwerve/install/action_msgs/include/action_msgs/action_msgs/srv/detail/cancel_goal__functions.h
[83.070s] -- Installing: /home/aidan/GitHub/AidansRepo/TeensySwerve/install/action_msgs/include/action_msgs/action_msgs/srv/detail/cancel_goal__struct.h
[83.071s] -- Installing: /home/aidan/GitHub/AidansRepo/TeensySwerve/install/action_msgs/include/action_msgs/action_msgs/srv/detail/cancel_goal__type_support.h
[83.072s] -- Installing: /home/aidan/GitHub/AidansRepo/TeensySwerve/install/action_msgs/include/action_msgs/action_msgs/srv/detail/cancel_goal__functions.c
[83.078s] -- Installing: /home/aidan/GitHub/AidansRepo/TeensySwerve/install/action_msgs/include/action_msgs/action_msgs/msg
[83.078s] -- Installing: /home/aidan/GitHub/AidansRepo/TeensySwerve/install/action_msgs/include/action_msgs/action_msgs/msg/goal_info.h
[83.082s] -- Installing: /home/aidan/GitHub/AidansRepo/TeensySwerve/install/action_msgs/include/action_msgs/action_msgs/msg/goal_status.h
[83.082s] -- Installing: /home/aidan/GitHub/AidansRepo/TeensySwerve/install/action_msgs/include/action_msgs/action_msgs/msg/rosidl_generator_c__visibility_control.h
[83.082s] -- Installing: /home/aidan/GitHub/AidansRepo/TeensySwerve/install/action_msgs/include/action_msgs/action_msgs/msg/goal_status_array.h
[83.082s] -- Installing: /home/aidan/GitHub/AidansRepo/TeensySwerve/install/action_msgs/include/action_msgs/action_msgs/msg/detail
[83.085s] -- Installing: /home/aidan/GitHub/AidansRepo/TeensySwerve/install/action_msgs/include/action_msgs/action_msgs/msg/detail/goal_status__functions.h
[83.086s] -- Installing: /home/aidan/GitHub/AidansRepo/TeensySwerve/install/action_msgs/include/action_msgs/action_msgs/msg/detail/goal_status__struct.h
[83.086s] -- Installing: /home/aidan/GitHub/AidansRepo/TeensySwerve/install/action_msgs/include/action_msgs/action_msgs/msg/detail/goal_status__functions.c
[83.086s] -- Installing: /home/aidan/GitHub/AidansRepo/TeensySwerve/install/action_msgs/include/action_msgs/action_msgs/msg/detail/goal_info__struct.h
[83.086s] -- Installing: /home/aidan/GitHub/AidansRepo/TeensySwerve/install/action_msgs/include/action_msgs/action_msgs/msg/detail/goal_status_array__functions.c
[83.087s] -- Installing: /home/aidan/GitHub/AidansRepo/TeensySwerve/install/action_msgs/include/action_msgs/action_msgs/msg/detail/goal_info__functions.h
[83.093s] -- Installing: /home/aidan/GitHub/AidansRepo/TeensySwerve/install/action_msgs/include/action_msgs/action_msgs/msg/detail/goal_status_array__functions.h
[83.096s] -- Installing: /home/aidan/GitHub/AidansRepo/TeensySwerve/install/action_msgs/include/action_msgs/action_msgs/msg/detail/goal_status_array__type_support.h
[83.097s] -- Installing: /home/aidan/GitHub/AidansRepo/TeensySwerve/install/action_msgs/include/action_msgs/action_msgs/msg/detail/goal_status_array__struct.h
[83.097s] -- Installing: /home/aidan/GitHub/AidansRepo/TeensySwerve/install/action_msgs/include/action_msgs/action_msgs/msg/detail/goal_info__functions.c
[83.097s] -- Installing: /home/aidan/GitHub/AidansRepo/TeensySwerve/install/action_msgs/include/action_msgs/action_msgs/msg/detail/goal_status__type_support.h
[83.097s] -- Installing: /home/aidan/GitHub/AidansRepo/TeensySwerve/install/action_msgs/include/action_msgs/action_msgs/msg/detail/goal_info__type_support.h
[83.098s] -- Installing: /home/aidan/GitHub/AidansRepo/TeensySwerve/install/action_msgs/share/action_msgs/environment/library_path.sh
[83.098s] -- Installing: /home/aidan/GitHub/AidansRepo/TeensySwerve/install/action_msgs/share/action_msgs/environment/library_path.dsv
[83.098s] -- Installing: /home/aidan/GitHub/AidansRepo/TeensySwerve/install/action_msgs/lib/libaction_msgs__rosidl_generator_c.so
[83.111s] -- Set runtime path of "/home/aidan/GitHub/AidansRepo/TeensySwerve/install/action_msgs/lib/libaction_msgs__rosidl_generator_c.so" to ""
[83.112s] -- Up-to-date: /home/aidan/GitHub/AidansRepo/TeensySwerve/install/action_msgs/include/action_msgs/action_msgs
[83.112s] -- Up-to-date: /home/aidan/GitHub/AidansRepo/TeensySwerve/install/action_msgs/include/action_msgs/action_msgs/srv
[83.120s] -- Up-to-date: /home/aidan/GitHub/AidansRepo/TeensySwerve/install/action_msgs/include/action_msgs/action_msgs/srv/detail
[83.123s] -- Installing: /home/aidan/GitHub/AidansRepo/TeensySwerve/install/action_msgs/include/action_msgs/action_msgs/srv/detail/cancel_goal__rosidl_typesupport_fastrtps_c.h
[83.123s] -- Up-to-date: /home/aidan/GitHub/AidansRepo/TeensySwerve/install/action_msgs/include/action_msgs/action_msgs/msg
[83.123s] -- Installing: /home/aidan/GitHub/AidansRepo/TeensySwerve/install/action_msgs/include/action_msgs/action_msgs/msg/rosidl_typesupport_fastrtps_c__visibility_control.h
[83.123s] -- Up-to-date: /home/aidan/GitHub/AidansRepo/TeensySwerve/install/action_msgs/include/action_msgs/action_msgs/msg/detail
[83.128s] -- Installing: /home/aidan/GitHub/AidansRepo/TeensySwerve/install/action_msgs/include/action_msgs/action_msgs/msg/detail/goal_status_array__rosidl_typesupport_fastrtps_c.h
[83.128s] -- Installing: /home/aidan/GitHub/AidansRepo/TeensySwerve/install/action_msgs/include/action_msgs/action_msgs/msg/detail/goal_info__rosidl_typesupport_fastrtps_c.h
[83.128s] -- Installing: /home/aidan/GitHub/AidansRepo/TeensySwerve/install/action_msgs/include/action_msgs/action_msgs/msg/detail/goal_status__rosidl_typesupport_fastrtps_c.h
[83.132s] -- Installing: /home/aidan/GitHub/AidansRepo/TeensySwerve/install/action_msgs/lib/libaction_msgs__rosidl_typesupport_fastrtps_c.so
[83.132s] -- Set runtime path of "/home/aidan/GitHub/AidansRepo/TeensySwerve/install/action_msgs/lib/libaction_msgs__rosidl_typesupport_fastrtps_c.so" to ""
[83.132s] -- Up-to-date: /home/aidan/GitHub/AidansRepo/TeensySwerve/install/action_msgs/include/action_msgs/action_msgs
[83.132s] -- Up-to-date: /home/aidan/GitHub/AidansRepo/TeensySwerve/install/action_msgs/include/action_msgs/action_msgs/srv
[83.132s] -- Installing: /home/aidan/GitHub/AidansRepo/TeensySwerve/install/action_msgs/include/action_msgs/action_msgs/srv/cancel_goal.hpp
[83.132s] -- Up-to-date: /home/aidan/GitHub/AidansRepo/TeensySwerve/install/action_msgs/include/action_msgs/action_msgs/srv/detail
[83.133s] -- Installing: /home/aidan/GitHub/AidansRepo/TeensySwerve/install/action_msgs/include/action_msgs/action_msgs/srv/detail/cancel_goal__builder.hpp
[83.139s] -- Installing: /home/aidan/GitHub/AidansRepo/TeensySwerve/install/action_msgs/include/action_msgs/action_msgs/srv/detail/cancel_goal__struct.hpp
[83.139s] -- Installing: /home/aidan/GitHub/AidansRepo/TeensySwerve/install/action_msgs/include/action_msgs/action_msgs/srv/detail/cancel_goal__traits.hpp
[83.144s] -- Installing: /home/aidan/GitHub/AidansRepo/TeensySwerve/install/action_msgs/include/action_msgs/action_msgs/srv/detail/cancel_goal__type_support.hpp
[83.147s] -- Up-to-date: /home/aidan/GitHub/AidansRepo/TeensySwerve/install/action_msgs/include/action_msgs/action_msgs/msg
[83.147s] -- Installing: /home/aidan/GitHub/AidansRepo/TeensySwerve/install/action_msgs/include/action_msgs/action_msgs/msg/goal_status_array.hpp
[83.148s] -- Installing: /home/aidan/GitHub/AidansRepo/TeensySwerve/install/action_msgs/include/action_msgs/action_msgs/msg/goal_status.hpp
[83.148s] -- Up-to-date: /home/aidan/GitHub/AidansRepo/TeensySwerve/install/action_msgs/include/action_msgs/action_msgs/msg/detail
[83.148s] -- Installing: /home/aidan/GitHub/AidansRepo/TeensySwerve/install/action_msgs/include/action_msgs/action_msgs/msg/detail/goal_status__struct.hpp
[83.148s] -- Installing: /home/aidan/GitHub/AidansRepo/TeensySwerve/install/action_msgs/include/action_msgs/action_msgs/msg/detail/goal_status__builder.hpp
[83.148s] -- Installing: /home/aidan/GitHub/AidansRepo/TeensySwerve/install/action_msgs/include/action_msgs/action_msgs/msg/detail/goal_status_array__builder.hpp
[83.148s] -- Installing: /home/aidan/GitHub/AidansRepo/TeensySwerve/install/action_msgs/include/action_msgs/action_msgs/msg/detail/goal_status_array__struct.hpp
[83.155s] -- Installing: /home/aidan/GitHub/AidansRepo/TeensySwerve/install/action_msgs/include/action_msgs/action_msgs/msg/detail/goal_status__type_support.hpp
[83.156s] -- Installing: /home/aidan/GitHub/AidansRepo/TeensySwerve/install/action_msgs/include/action_msgs/action_msgs/msg/detail/goal_status_array__traits.hpp
[83.158s] -- Installing: /home/aidan/GitHub/AidansRepo/TeensySwerve/install/action_msgs/include/action_msgs/action_msgs/msg/detail/goal_info__traits.hpp
[83.160s] -- Installing: /home/aidan/GitHub/AidansRepo/TeensySwerve/install/action_msgs/include/action_msgs/action_msgs/msg/detail/goal_info__struct.hpp
[83.162s] -- Installing: /home/aidan/GitHub/AidansRepo/TeensySwerve/install/action_msgs/include/action_msgs/action_msgs/msg/detail/goal_info__builder.hpp
[83.162s] -- Installing: /home/aidan/GitHub/AidansRepo/TeensySwerve/install/action_msgs/include/action_msgs/action_msgs/msg/detail/goal_info__type_support.hpp
[83.165s] -- Installing: /home/aidan/GitHub/AidansRepo/TeensySwerve/install/action_msgs/include/action_msgs/action_msgs/msg/detail/goal_status__traits.hpp
[83.165s] -- Installing: /home/aidan/GitHub/AidansRepo/TeensySwerve/install/action_msgs/include/action_msgs/action_msgs/msg/detail/goal_status_array__type_support.hpp
[83.167s] -- Installing: /home/aidan/GitHub/AidansRepo/TeensySwerve/install/action_msgs/include/action_msgs/action_msgs/msg/goal_info.hpp
[83.167s] -- Installing: /home/aidan/GitHub/AidansRepo/TeensySwerve/install/action_msgs/include/action_msgs/action_msgs/msg/rosidl_generator_cpp__visibility_control.hpp
[83.168s] -- Up-to-date: /home/aidan/GitHub/AidansRepo/TeensySwerve/install/action_msgs/include/action_msgs/action_msgs
[83.168s] -- Up-to-date: /home/aidan/GitHub/AidansRepo/TeensySwerve/install/action_msgs/include/action_msgs/action_msgs/srv
[83.168s] -- Up-to-date: /home/aidan/GitHub/AidansRepo/TeensySwerve/install/action_msgs/include/action_msgs/action_msgs/srv/detail
[83.168s] -- Installing: /home/aidan/GitHub/AidansRepo/TeensySwerve/install/action_msgs/include/action_msgs/action_msgs/srv/detail/dds_fastrtps
[83.175s] -- Installing: /home/aidan/GitHub/AidansRepo/TeensySwerve/install/action_msgs/include/action_msgs/action_msgs/srv/detail/cancel_goal__rosidl_typesupport_fastrtps_cpp.hpp
[83.178s] -- Up-to-date: /home/aidan/GitHub/AidansRepo/TeensySwerve/install/action_msgs/include/action_msgs/action_msgs/msg
[83.178s] -- Installing: /home/aidan/GitHub/AidansRepo/TeensySwerve/install/action_msgs/include/action_msgs/action_msgs/msg/rosidl_typesupport_fastrtps_cpp__visibility_control.h
[83.182s] -- Up-to-date: /home/aidan/GitHub/AidansRepo/TeensySwerve/install/action_msgs/include/action_msgs/action_msgs/msg/detail
[83.182s] -- Installing: /home/aidan/GitHub/AidansRepo/TeensySwerve/install/action_msgs/include/action_msgs/action_msgs/msg/detail/dds_fastrtps
[83.182s] -- Installing: /home/aidan/GitHub/AidansRepo/TeensySwerve/install/action_msgs/include/action_msgs/action_msgs/msg/detail/goal_status__rosidl_typesupport_fastrtps_cpp.hpp
[83.182s] -- Installing: /home/aidan/GitHub/AidansRepo/TeensySwerve/install/action_msgs/include/action_msgs/action_msgs/msg/detail/goal_status_array__rosidl_typesupport_fastrtps_cpp.hpp
[83.183s] -- Installing: /home/aidan/GitHub/AidansRepo/TeensySwerve/install/action_msgs/include/action_msgs/action_msgs/msg/detail/goal_info__rosidl_typesupport_fastrtps_cpp.hpp
[83.183s] -- Installing: /home/aidan/GitHub/AidansRepo/TeensySwerve/install/action_msgs/lib/libaction_msgs__rosidl_typesupport_fastrtps_cpp.so
[83.183s] -- Set runtime path of "/home/aidan/GitHub/AidansRepo/TeensySwerve/install/action_msgs/lib/libaction_msgs__rosidl_typesupport_fastrtps_cpp.so" to ""
[83.183s] -- Up-to-date: /home/aidan/GitHub/AidansRepo/TeensySwerve/install/action_msgs/include/action_msgs/action_msgs
[83.183s] -- Up-to-date: /home/aidan/GitHub/AidansRepo/TeensySwerve/install/action_msgs/include/action_msgs/action_msgs/srv
[83.189s] -- Up-to-date: /home/aidan/GitHub/AidansRepo/TeensySwerve/install/action_msgs/include/action_msgs/action_msgs/srv/detail
[83.189s] -- Installing: /home/aidan/GitHub/AidansRepo/TeensySwerve/install/action_msgs/include/action_msgs/action_msgs/srv/detail/cancel_goal__type_support.c
[83.189s] -- Installing: /home/aidan/GitHub/AidansRepo/TeensySwerve/install/action_msgs/include/action_msgs/action_msgs/srv/detail/cancel_goal__rosidl_typesupport_introspection_c.h
[83.189s] -- Up-to-date: /home/aidan/GitHub/AidansRepo/TeensySwerve/install/action_msgs/include/action_msgs/action_msgs/msg
[83.191s] -- Up-to-date: /home/aidan/GitHub/AidansRepo/TeensySwerve/install/action_msgs/include/action_msgs/action_msgs/msg/detail
[83.194s] -- Installing: /home/aidan/GitHub/AidansRepo/TeensySwerve/install/action_msgs/include/action_msgs/action_msgs/msg/detail/goal_status__type_support.c
[83.198s] -- Installing: /home/aidan/GitHub/AidansRepo/TeensySwerve/install/action_msgs/include/action_msgs/action_msgs/msg/detail/goal_info__type_support.c
[83.199s] -- Installing: /home/aidan/GitHub/AidansRepo/TeensySwerve/install/action_msgs/include/action_msgs/action_msgs/msg/detail/goal_status_array__type_support.c
[83.200s] -- Installing: /home/aidan/GitHub/AidansRepo/TeensySwerve/install/action_msgs/include/action_msgs/action_msgs/msg/detail/goal_info__rosidl_typesupport_introspection_c.h
[83.200s] -- Installing: /home/aidan/GitHub/AidansRepo/TeensySwerve/install/action_msgs/include/action_msgs/action_msgs/msg/detail/goal_status_array__rosidl_typesupport_introspection_c.h
[83.200s] -- Installing: /home/aidan/GitHub/AidansRepo/TeensySwerve/install/action_msgs/include/action_msgs/action_msgs/msg/detail/goal_status__rosidl_typesupport_introspection_c.h
[83.200s] -- Installing: /home/aidan/GitHub/AidansRepo/TeensySwerve/install/action_msgs/include/action_msgs/action_msgs/msg/rosidl_typesupport_introspection_c__visibility_control.h
[83.201s] -- Installing: /home/aidan/GitHub/AidansRepo/TeensySwerve/install/action_msgs/lib/libaction_msgs__rosidl_typesupport_introspection_c.so
[83.201s] -- Set runtime path of "/home/aidan/GitHub/AidansRepo/TeensySwerve/install/action_msgs/lib/libaction_msgs__rosidl_typesupport_introspection_c.so" to ""
[83.201s] -- Installing: /home/aidan/GitHub/AidansRepo/TeensySwerve/install/action_msgs/lib/libaction_msgs__rosidl_typesupport_c.so
[83.201s] -- Set runtime path of "/home/aidan/GitHub/AidansRepo/TeensySwerve/install/action_msgs/lib/libaction_msgs__rosidl_typesupport_c.so" to ""
[83.202s] -- Up-to-date: /home/aidan/GitHub/AidansRepo/TeensySwerve/install/action_msgs/include/action_msgs/action_msgs
[83.202s] -- Up-to-date: /home/aidan/GitHub/AidansRepo/TeensySwerve/install/action_msgs/include/action_msgs/action_msgs/srv
[83.202s] -- Up-to-date: /home/aidan/GitHub/AidansRepo/TeensySwerve/install/action_msgs/include/action_msgs/action_msgs/srv/detail
[83.205s] -- Installing: /home/aidan/GitHub/AidansRepo/TeensySwerve/install/action_msgs/include/action_msgs/action_msgs/srv/detail/cancel_goal__type_support.cpp
[83.205s] -- Installing: /home/aidan/GitHub/AidansRepo/TeensySwerve/install/action_msgs/include/action_msgs/action_msgs/srv/detail/cancel_goal__rosidl_typesupport_introspection_cpp.hpp
[83.208s] -- Up-to-date: /home/aidan/GitHub/AidansRepo/TeensySwerve/install/action_msgs/include/action_msgs/action_msgs/msg
[83.208s] -- Up-to-date: /home/aidan/GitHub/AidansRepo/TeensySwerve/install/action_msgs/include/action_msgs/action_msgs/msg/detail
[83.209s] -- Installing: /home/aidan/GitHub/AidansRepo/TeensySwerve/install/action_msgs/include/action_msgs/action_msgs/msg/detail/goal_status__type_support.cpp
[83.209s] -- Installing: /home/aidan/GitHub/AidansRepo/TeensySwerve/install/action_msgs/include/action_msgs/action_msgs/msg/detail/goal_info__type_support.cpp
[83.209s] -- Installing: /home/aidan/GitHub/AidansRepo/TeensySwerve/install/action_msgs/include/action_msgs/action_msgs/msg/detail/goal_status_array__type_support.cpp
[83.214s] -- Installing: /home/aidan/GitHub/AidansRepo/TeensySwerve/install/action_msgs/include/action_msgs/action_msgs/msg/detail/goal_info__rosidl_typesupport_introspection_cpp.hpp
[83.214s] -- Installing: /home/aidan/GitHub/AidansRepo/TeensySwerve/install/action_msgs/include/action_msgs/action_msgs/msg/detail/goal_status_array__rosidl_typesupport_introspection_cpp.hpp
[83.219s] -- Installing: /home/aidan/GitHub/AidansRepo/TeensySwerve/install/action_msgs/include/action_msgs/action_msgs/msg/detail/goal_status__rosidl_typesupport_introspection_cpp.hpp
[83.219s] -- Installing: /home/aidan/GitHub/AidansRepo/TeensySwerve/install/action_msgs/lib/libaction_msgs__rosidl_typesupport_introspection_cpp.so
[83.219s] -- Set runtime path of "/home/aidan/GitHub/AidansRepo/TeensySwerve/install/action_msgs/lib/libaction_msgs__rosidl_typesupport_introspection_cpp.so" to ""
[83.225s] -- Installing: /home/aidan/GitHub/AidansRepo/TeensySwerve/install/action_msgs/lib/libaction_msgs__rosidl_typesupport_cpp.so
[83.225s] -- Set runtime path of "/home/aidan/GitHub/AidansRepo/TeensySwerve/install/action_msgs/lib/libaction_msgs__rosidl_typesupport_cpp.so" to ""
[83.225s] -- Installing: /home/aidan/GitHub/AidansRepo/TeensySwerve/install/action_msgs/share/action_msgs/environment/pythonpath.sh
[83.225s] -- Installing: /home/aidan/GitHub/AidansRepo/TeensySwerve/install/action_msgs/share/action_msgs/environment/pythonpath.dsv
[83.225s] -- Installing: /home/aidan/GitHub/AidansRepo/TeensySwerve/install/action_msgs/local/lib/python3.10/dist-packages/action_msgs-1.2.1-py3.10.egg-info
[83.230s] -- Installing: /home/aidan/GitHub/AidansRepo/TeensySwerve/install/action_msgs/local/lib/python3.10/dist-packages/action_msgs-1.2.1-py3.10.egg-info/PKG-INFO
[83.230s] -- Installing: /home/aidan/GitHub/AidansRepo/TeensySwerve/install/action_msgs/local/lib/python3.10/dist-packages/action_msgs-1.2.1-py3.10.egg-info/SOURCES.txt
[83.231s] -- Installing: /home/aidan/GitHub/AidansRepo/TeensySwerve/install/action_msgs/local/lib/python3.10/dist-packages/action_msgs-1.2.1-py3.10.egg-info/dependency_links.txt
[83.231s] -- Installing: /home/aidan/GitHub/AidansRepo/TeensySwerve/install/action_msgs/local/lib/python3.10/dist-packages/action_msgs-1.2.1-py3.10.egg-info/top_level.txt
[83.231s] -- Installing: /home/aidan/GitHub/AidansRepo/TeensySwerve/install/action_msgs/local/lib/python3.10/dist-packages/action_msgs
[83.231s] -- Installing: /home/aidan/GitHub/AidansRepo/TeensySwerve/install/action_msgs/local/lib/python3.10/dist-packages/action_msgs/_action_msgs_s.ep.rosidl_typesupport_fastrtps_c.c
[83.231s] -- Installing: /home/aidan/GitHub/AidansRepo/TeensySwerve/install/action_msgs/local/lib/python3.10/dist-packages/action_msgs/action_msgs_s__rosidl_typesupport_introspection_c.cpython-310-x86_64-linux-gnu.so
[83.240s] -- Installing: /home/aidan/GitHub/AidansRepo/TeensySwerve/install/action_msgs/local/lib/python3.10/dist-packages/action_msgs/srv
[83.240s] -- Installing: /home/aidan/GitHub/AidansRepo/TeensySwerve/install/action_msgs/local/lib/python3.10/dist-packages/action_msgs/srv/__init__.py
[83.240s] -- Installing: /home/aidan/GitHub/AidansRepo/TeensySwerve/install/action_msgs/local/lib/python3.10/dist-packages/action_msgs/srv/_cancel_goal_s.c
[83.244s] -- Installing: /home/aidan/GitHub/AidansRepo/TeensySwerve/install/action_msgs/local/lib/python3.10/dist-packages/action_msgs/srv/_cancel_goal.py
[83.244s] -- Installing: /home/aidan/GitHub/AidansRepo/TeensySwerve/install/action_msgs/local/lib/python3.10/dist-packages/action_msgs/__init__.py
[83.245s] -- Installing: /home/aidan/GitHub/AidansRepo/TeensySwerve/install/action_msgs/local/lib/python3.10/dist-packages/action_msgs/libaction_msgs__rosidl_generator_py.so
[83.245s] -- Installing: /home/aidan/GitHub/AidansRepo/TeensySwerve/install/action_msgs/local/lib/python3.10/dist-packages/action_msgs/msg
[83.256s] -- Installing: /home/aidan/GitHub/AidansRepo/TeensySwerve/install/action_msgs/local/lib/python3.10/dist-packages/action_msgs/msg/_goal_status.py
[83.258s] -- Installing: /home/aidan/GitHub/AidansRepo/TeensySwerve/install/action_msgs/local/lib/python3.10/dist-packages/action_msgs/msg/_goal_status_array.py
[83.258s] -- Installing: /home/aidan/GitHub/AidansRepo/TeensySwerve/install/action_msgs/local/lib/python3.10/dist-packages/action_msgs/msg/__init__.py
[83.258s] -- Installing: /home/aidan/GitHub/AidansRepo/TeensySwerve/install/action_msgs/local/lib/python3.10/dist-packages/action_msgs/msg/_goal_info.py
[83.258s] -- Installing: /home/aidan/GitHub/AidansRepo/TeensySwerve/install/action_msgs/local/lib/python3.10/dist-packages/action_msgs/msg/_goal_status_s.c
[83.258s] -- Installing: /home/aidan/GitHub/AidansRepo/TeensySwerve/install/action_msgs/local/lib/python3.10/dist-packages/action_msgs/msg/_goal_info_s.c
[83.258s] -- Installing: /home/aidan/GitHub/AidansRepo/TeensySwerve/install/action_msgs/local/lib/python3.10/dist-packages/action_msgs/msg/_goal_status_array_s.c
[83.263s] -- Installing: /home/aidan/GitHub/AidansRepo/TeensySwerve/install/action_msgs/local/lib/python3.10/dist-packages/action_msgs/action_msgs_s__rosidl_typesupport_c.cpython-310-x86_64-linux-gnu.so
[83.263s] -- Installing: /home/aidan/GitHub/AidansRepo/TeensySwerve/install/action_msgs/local/lib/python3.10/dist-packages/action_msgs/action_msgs_s__rosidl_typesupport_fastrtps_c.cpython-310-x86_64-linux-gnu.so
[83.265s] -- Installing: /home/aidan/GitHub/AidansRepo/TeensySwerve/install/action_msgs/local/lib/python3.10/dist-packages/action_msgs/_action_msgs_s.ep.rosidl_typesupport_introspection_c.c
[83.265s] -- Installing: /home/aidan/GitHub/AidansRepo/TeensySwerve/install/action_msgs/local/lib/python3.10/dist-packages/action_msgs/_action_msgs_s.ep.rosidl_typesupport_c.c
[83.464s] Listing '/home/aidan/GitHub/AidansRepo/TeensySwerve/install/action_msgs/local/lib/python3.10/dist-packages/action_msgs'...
[83.464s] Compiling '/home/aidan/GitHub/AidansRepo/TeensySwerve/install/action_msgs/local/lib/python3.10/dist-packages/action_msgs/__init__.py'...
[83.464s] Listing '/home/aidan/GitHub/AidansRepo/TeensySwerve/install/action_msgs/local/lib/python3.10/dist-packages/action_msgs/msg'...
[83.464s] Compiling '/home/aidan/GitHub/AidansRepo/TeensySwerve/install/action_msgs/local/lib/python3.10/dist-packages/action_msgs/msg/__init__.py'...
[83.465s] Compiling '/home/aidan/GitHub/AidansRepo/TeensySwerve/install/action_msgs/local/lib/python3.10/dist-packages/action_msgs/msg/_goal_info.py'...
[83.465s] Compiling '/home/aidan/GitHub/AidansRepo/TeensySwerve/install/action_msgs/local/lib/python3.10/dist-packages/action_msgs/msg/_goal_status.py'...
[83.465s] Compiling '/home/aidan/GitHub/AidansRepo/TeensySwerve/install/action_msgs/local/lib/python3.10/dist-packages/action_msgs/msg/_goal_status_array.py'...
[83.465s] Listing '/home/aidan/GitHub/AidansRepo/TeensySwerve/install/action_msgs/local/lib/python3.10/dist-packages/action_msgs/srv'...
[83.465s] Compiling '/home/aidan/GitHub/AidansRepo/TeensySwerve/install/action_msgs/local/lib/python3.10/dist-packages/action_msgs/srv/__init__.py'...
[83.476s] Compiling '/home/aidan/GitHub/AidansRepo/TeensySwerve/install/action_msgs/local/lib/python3.10/dist-packages/action_msgs/srv/_cancel_goal.py'...
[83.489s] -- Installing: /home/aidan/GitHub/AidansRepo/TeensySwerve/install/action_msgs/local/lib/python3.10/dist-packages/action_msgs/action_msgs_s__rosidl_typesupport_fastrtps_c.cpython-310-x86_64-linux-gnu.so
[83.489s] -- Set runtime path of "/home/aidan/GitHub/AidansRepo/TeensySwerve/install/action_msgs/local/lib/python3.10/dist-packages/action_msgs/action_msgs_s__rosidl_typesupport_fastrtps_c.cpython-310-x86_64-linux-gnu.so" to ""
[83.489s] -- Installing: /home/aidan/GitHub/AidansRepo/TeensySwerve/install/action_msgs/local/lib/python3.10/dist-packages/action_msgs/action_msgs_s__rosidl_typesupport_introspection_c.cpython-310-x86_64-linux-gnu.so
[83.490s] -- Set runtime path of "/home/aidan/GitHub/AidansRepo/TeensySwerve/install/action_msgs/local/lib/python3.10/dist-packages/action_msgs/action_msgs_s__rosidl_typesupport_introspection_c.cpython-310-x86_64-linux-gnu.so" to ""
[83.490s] -- Installing: /home/aidan/GitHub/AidansRepo/TeensySwerve/install/action_msgs/local/lib/python3.10/dist-packages/action_msgs/action_msgs_s__rosidl_typesupport_c.cpython-310-x86_64-linux-gnu.so
[83.499s] -- Set runtime path of "/home/aidan/GitHub/AidansRepo/TeensySwerve/install/action_msgs/local/lib/python3.10/dist-packages/action_msgs/action_msgs_s__rosidl_typesupport_c.cpython-310-x86_64-linux-gnu.so" to ""
[83.500s] -- Installing: /home/aidan/GitHub/AidansRepo/TeensySwerve/install/action_msgs/lib/libaction_msgs__rosidl_generator_py.so
[83.502s] -- Set runtime path of "/home/aidan/GitHub/AidansRepo/TeensySwerve/install/action_msgs/lib/libaction_msgs__rosidl_generator_py.so" to ""
[83.503s] -- Installing: /home/aidan/GitHub/AidansRepo/TeensySwerve/install/action_msgs/share/action_msgs/msg/GoalInfo.idl
[83.504s] -- Installing: /home/aidan/GitHub/AidansRepo/TeensySwerve/install/action_msgs/share/action_msgs/msg/GoalStatus.idl
[83.510s] -- Installing: /home/aidan/GitHub/AidansRepo/TeensySwerve/install/action_msgs/share/action_msgs/msg/GoalStatusArray.idl
[83.513s] -- Installing: /home/aidan/GitHub/AidansRepo/TeensySwerve/install/action_msgs/share/action_msgs/srv/CancelGoal.idl
[83.513s] -- Installing: /home/aidan/GitHub/AidansRepo/TeensySwerve/install/action_msgs/share/action_msgs/msg/GoalInfo.msg
[83.514s] -- Installing: /home/aidan/GitHub/AidansRepo/TeensySwerve/install/action_msgs/share/action_msgs/msg/GoalStatus.msg
[83.518s] -- Installing: /home/aidan/GitHub/AidansRepo/TeensySwerve/install/action_msgs/share/action_msgs/msg/GoalStatusArray.msg
[83.518s] -- Installing: /home/aidan/GitHub/AidansRepo/TeensySwerve/install/action_msgs/share/action_msgs/srv/CancelGoal.srv
[83.520s] -- Installing: /home/aidan/GitHub/AidansRepo/TeensySwerve/install/action_msgs/share/action_msgs/srv/CancelGoal_Request.msg
[83.520s] -- Installing: /home/aidan/GitHub/AidansRepo/TeensySwerve/install/action_msgs/share/action_msgs/srv/CancelGoal_Response.msg
[83.522s] -- Installing: /home/aidan/GitHub/AidansRepo/TeensySwerve/install/action_msgs/share/ament_index/resource_index/package_run_dependencies/action_msgs
[83.525s] -- Installing: /home/aidan/GitHub/AidansRepo/TeensySwerve/install/action_msgs/share/ament_index/resource_index/parent_prefix_path/action_msgs
[83.525s] -- Installing: /home/aidan/GitHub/AidansRepo/TeensySwerve/install/action_msgs/share/action_msgs/environment/ament_prefix_path.sh
[83.525s] -- Installing: /home/aidan/GitHub/AidansRepo/TeensySwerve/install/action_msgs/share/action_msgs/environment/ament_prefix_path.dsv
[83.531s] -- Installing: /home/aidan/GitHub/AidansRepo/TeensySwerve/install/action_msgs/share/action_msgs/environment/path.sh
[83.532s] -- Installing: /home/aidan/GitHub/AidansRepo/TeensySwerve/install/action_msgs/share/action_msgs/environment/path.dsv
[83.538s] -- Installing: /home/aidan/GitHub/AidansRepo/TeensySwerve/install/action_msgs/share/action_msgs/local_setup.bash
[83.538s] -- Installing: /home/aidan/GitHub/AidansRepo/TeensySwerve/install/action_msgs/share/action_msgs/local_setup.sh
[83.538s] -- Installing: /home/aidan/GitHub/AidansRepo/TeensySwerve/install/action_msgs/share/action_msgs/local_setup.zsh
[83.539s] -- Installing: /home/aidan/GitHub/AidansRepo/TeensySwerve/install/action_msgs/share/action_msgs/local_setup.dsv
[83.539s] -- Installing: /home/aidan/GitHub/AidansRepo/TeensySwerve/install/action_msgs/share/action_msgs/package.dsv
[83.541s] -- Installing: /home/aidan/GitHub/AidansRepo/TeensySwerve/install/action_msgs/share/ament_index/resource_index/packages/action_msgs
[83.542s] -- Installing: /home/aidan/GitHub/AidansRepo/TeensySwerve/install/action_msgs/share/action_msgs/cmake/export_action_msgs__rosidl_generator_cExport.cmake
[83.542s] -- Installing: /home/aidan/GitHub/AidansRepo/TeensySwerve/install/action_msgs/share/action_msgs/cmake/export_action_msgs__rosidl_generator_cExport-noconfig.cmake
[83.545s] -- Installing: /home/aidan/GitHub/AidansRepo/TeensySwerve/install/action_msgs/share/action_msgs/cmake/export_action_msgs__rosidl_typesupport_fastrtps_cExport.cmake
[83.554s] -- Installing: /home/aidan/GitHub/AidansRepo/TeensySwerve/install/action_msgs/share/action_msgs/cmake/export_action_msgs__rosidl_typesupport_fastrtps_cExport-noconfig.cmake
[83.557s] -- Installing: /home/aidan/GitHub/AidansRepo/TeensySwerve/install/action_msgs/share/action_msgs/cmake/export_action_msgs__rosidl_generator_cppExport.cmake
[83.557s] -- Installing: /home/aidan/GitHub/AidansRepo/TeensySwerve/install/action_msgs/share/action_msgs/cmake/export_action_msgs__rosidl_typesupport_fastrtps_cppExport.cmake
[83.557s] -- Installing: /home/aidan/GitHub/AidansRepo/TeensySwerve/install/action_msgs/share/action_msgs/cmake/export_action_msgs__rosidl_typesupport_fastrtps_cppExport-noconfig.cmake
[83.558s] -- Installing: /home/aidan/GitHub/AidansRepo/TeensySwerve/install/action_msgs/share/action_msgs/cmake/action_msgs__rosidl_typesupport_introspection_cExport.cmake
[83.569s] -- Installing: /home/aidan/GitHub/AidansRepo/TeensySwerve/install/action_msgs/share/action_msgs/cmake/action_msgs__rosidl_typesupport_introspection_cExport-noconfig.cmake
[83.569s] -- Installing: /home/aidan/GitHub/AidansRepo/TeensySwerve/install/action_msgs/share/action_msgs/cmake/action_msgs__rosidl_typesupport_cExport.cmake
[83.569s] -- Installing: /home/aidan/GitHub/AidansRepo/TeensySwerve/install/action_msgs/share/action_msgs/cmake/action_msgs__rosidl_typesupport_cExport-noconfig.cmake
[83.569s] -- Installing: /home/aidan/GitHub/AidansRepo/TeensySwerve/install/action_msgs/share/action_msgs/cmake/action_msgs__rosidl_typesupport_introspection_cppExport.cmake
[83.578s] -- Installing: /home/aidan/GitHub/AidansRepo/TeensySwerve/install/action_msgs/share/action_msgs/cmake/action_msgs__rosidl_typesupport_introspection_cppExport-noconfig.cmake
[83.579s] -- Installing: /home/aidan/GitHub/AidansRepo/TeensySwerve/install/action_msgs/share/action_msgs/cmake/action_msgs__rosidl_typesupport_cppExport.cmake
[83.579s] -- Installing: /home/aidan/GitHub/AidansRepo/TeensySwerve/install/action_msgs/share/action_msgs/cmake/action_msgs__rosidl_typesupport_cppExport-noconfig.cmake
[83.585s] -- Installing: /home/aidan/GitHub/AidansRepo/TeensySwerve/install/action_msgs/share/action_msgs/cmake/export_action_msgs__rosidl_generator_pyExport.cmake
[83.585s] -- Installing: /home/aidan/GitHub/AidansRepo/TeensySwerve/install/action_msgs/share/action_msgs/cmake/export_action_msgs__rosidl_generator_pyExport-noconfig.cmake
[83.585s] -- Installing: /home/aidan/GitHub/AidansRepo/TeensySwerve/install/action_msgs/share/action_msgs/cmake/rosidl_cmake-extras.cmake
[83.585s] -- Installing: /home/aidan/GitHub/AidansRepo/TeensySwerve/install/action_msgs/share/action_msgs/cmake/ament_cmake_export_dependencies-extras.cmake
[83.585s] -- Installing: /home/aidan/GitHub/AidansRepo/TeensySwerve/install/action_msgs/share/action_msgs/cmake/ament_cmake_export_include_directories-extras.cmake
[83.586s] -- Installing: /home/aidan/GitHub/AidansRepo/TeensySwerve/install/action_msgs/share/action_msgs/cmake/ament_cmake_export_libraries-extras.cmake
[83.586s] -- Installing: /home/aidan/GitHub/AidansRepo/TeensySwerve/install/action_msgs/share/action_msgs/cmake/ament_cmake_export_targets-extras.cmake
[83.586s] -- Installing: /home/aidan/GitHub/AidansRepo/TeensySwerve/install/action_msgs/share/action_msgs/cmake/rosidl_cmake_export_typesupport_targets-extras.cmake
[83.586s] -- Installing: /home/aidan/GitHub/AidansRepo/TeensySwerve/install/action_msgs/share/action_msgs/cmake/rosidl_cmake_export_typesupport_libraries-extras.cmake
[83.586s] -- Installing: /home/aidan/GitHub/AidansRepo/TeensySwerve/install/action_msgs/share/action_msgs/cmake/action_msgsConfig.cmake
[83.586s] -- Installing: /home/aidan/GitHub/AidansRepo/TeensySwerve/install/action_msgs/share/action_msgs/cmake/action_msgsConfig-version.cmake
[83.587s] -- Installing: /home/aidan/GitHub/AidansRepo/TeensySwerve/install/action_msgs/share/action_msgs/package.xml
[83.587s] Invoked command in '/home/aidan/GitHub/AidansRepo/TeensySwerve/build/action_msgs' returned '0': AMENT_PREFIX_PATH=/home/aidan/GitHub/AidansRepo/TeensySwerve/install/unique_identifier_msgs:/home/aidan/GitHub/AidansRepo/TeensySwerve/install/builtin_interfaces:${AMENT_PREFIX_PATH} CMAKE_PREFIX_PATH=/home/aidan/GitHub/AidansRepo/TeensySwerve/install/unique_identifier_msgs:/home/aidan/GitHub/AidansRepo/TeensySwerve/install/builtin_interfaces:/home/aidan/GitHub/AidansRepo/TeensySwerve/install/tnsy_interfaces:/home/aidan/microros_ws/install/micro_ros_setup:/home/aidan/microros_ws/install/micro_ros_agent:/home/aidan/microros_ws/install/micro_ros_msgs:/home/aidan/GitHub/AidansRepo/TeensySwerve/install/tnsy_swrv_controller:/opt/ros/humble LD_LIBRARY_PATH=/home/aidan/GitHub/AidansRepo/TeensySwerve/install/unique_identifier_msgs/lib:/home/aidan/GitHub/AidansRepo/TeensySwerve/install/builtin_interfaces/lib:${LD_LIBRARY_PATH} PYTHONPATH=/home/aidan/GitHub/AidansRepo/TeensySwerve/install/unique_identifier_msgs/local/lib/python3.10/dist-packages:/home/aidan/GitHub/AidansRepo/TeensySwerve/install/builtin_interfaces/local/lib/python3.10/dist-packages:${PYTHONPATH} /usr/bin/cmake --install /home/aidan/GitHub/AidansRepo/TeensySwerve/build/action_msgs
