[0.180s] Invoking command in '/home/aidan/GitHub/AidansRepo/TeensySwerve/build/rosidl_typesupport_microxrcedds_cpp': AMENT_PREFIX_PATH=/home/aidan/GitHub/AidansRepo/TeensySwerve/install/rosidl_typesupport_microxrcedds_c:${AMENT_PREFIX_PATH} CMAKE_PREFIX_PATH=/home/aidan/GitHub/AidansRepo/TeensySwerve/install/rosidl_typesupport_microxrcedds_c:/home/aidan/GitHub/AidansRepo/TeensySwerve/install/microcdr:/home/aidan/GitHub/AidansRepo/TeensySwerve/install/tnsy_interfaces:/home/aidan/microros_ws/install/micro_ros_setup:/home/aidan/microros_ws/install/micro_ros_agent:/home/aidan/microros_ws/install/micro_ros_msgs:/home/aidan/GitHub/AidansRepo/TeensySwerve/install/tnsy_swrv_controller:/opt/ros/humble LD_LIBRARY_PATH=/home/aidan/GitHub/AidansRepo/TeensySwerve/install/rosidl_typesupport_microxrcedds_c/lib:${LD_LIBRARY_PATH} PYTHONPATH=/home/aidan/GitHub/AidansRepo/TeensySwerve/install/rosidl_typesupport_microxrcedds_c/local/lib/python3.10/dist-packages:${PYTHONPATH} /usr/bin/cmake --build /home/aidan/GitHub/AidansRepo/TeensySwerve/build/rosidl_typesupport_microxrcedds_cpp -- -j4 -l4
[0.840s] [100%] Built target rosidl_typesupport_microxrcedds_cpp
[0.895s] [100%] Built target ament_cmake_python_copy_rosidl_typesupport_microxrcedds_cpp
[3.047s] running egg_info
[3.064s] writing rosidl_typesupport_microxrcedds_cpp.egg-info/PKG-INFO
[3.064s] writing dependency_links to rosidl_typesupport_microxrcedds_cpp.egg-info/dependency_links.txt
[3.073s] writing top-level names to rosidl_typesupport_microxrcedds_cpp.egg-info/top_level.txt
[3.075s] reading manifest file 'rosidl_typesupport_microxrcedds_cpp.egg-info/SOURCES.txt'
[3.079s] writing manifest file 'rosidl_typesupport_microxrcedds_cpp.egg-info/SOURCES.txt'
[3.314s] [100%] Built target ament_cmake_python_build_rosidl_typesupport_microxrcedds_cpp_egg
[3.536s] Invoked command in '/home/aidan/GitHub/AidansRepo/TeensySwerve/build/rosidl_typesupport_microxrcedds_cpp' returned '0': AMENT_PREFIX_PATH=/home/aidan/GitHub/AidansRepo/TeensySwerve/install/rosidl_typesupport_microxrcedds_c:${AMENT_PREFIX_PATH} CMAKE_PREFIX_PATH=/home/aidan/GitHub/AidansRepo/TeensySwerve/install/rosidl_typesupport_microxrcedds_c:/home/aidan/GitHub/AidansRepo/TeensySwerve/install/microcdr:/home/aidan/GitHub/AidansRepo/TeensySwerve/install/tnsy_interfaces:/home/aidan/microros_ws/install/micro_ros_setup:/home/aidan/microros_ws/install/micro_ros_agent:/home/aidan/microros_ws/install/micro_ros_msgs:/home/aidan/GitHub/AidansRepo/TeensySwerve/install/tnsy_swrv_controller:/opt/ros/humble LD_LIBRARY_PATH=/home/aidan/GitHub/AidansRepo/TeensySwerve/install/rosidl_typesupport_microxrcedds_c/lib:${LD_LIBRARY_PATH} PYTHONPATH=/home/aidan/GitHub/AidansRepo/TeensySwerve/install/rosidl_typesupport_microxrcedds_c/local/lib/python3.10/dist-packages:${PYTHONPATH} /usr/bin/cmake --build /home/aidan/GitHub/AidansRepo/TeensySwerve/build/rosidl_typesupport_microxrcedds_cpp -- -j4 -l4
[3.656s] Invoking command in '/home/aidan/GitHub/AidansRepo/TeensySwerve/build/rosidl_typesupport_microxrcedds_cpp': AMENT_PREFIX_PATH=/home/aidan/GitHub/AidansRepo/TeensySwerve/install/rosidl_typesupport_microxrcedds_c:${AMENT_PREFIX_PATH} CMAKE_PREFIX_PATH=/home/aidan/GitHub/AidansRepo/TeensySwerve/install/rosidl_typesupport_microxrcedds_c:/home/aidan/GitHub/AidansRepo/TeensySwerve/install/microcdr:/home/aidan/GitHub/AidansRepo/TeensySwerve/install/tnsy_interfaces:/home/aidan/microros_ws/install/micro_ros_setup:/home/aidan/microros_ws/install/micro_ros_agent:/home/aidan/microros_ws/install/micro_ros_msgs:/home/aidan/GitHub/AidansRepo/TeensySwerve/install/tnsy_swrv_controller:/opt/ros/humble LD_LIBRARY_PATH=/home/aidan/GitHub/AidansRepo/TeensySwerve/install/rosidl_typesupport_microxrcedds_c/lib:${LD_LIBRARY_PATH} PYTHONPATH=/home/aidan/GitHub/AidansRepo/TeensySwerve/install/rosidl_typesupport_microxrcedds_c/local/lib/python3.10/dist-packages:${PYTHONPATH} /usr/bin/cmake --install /home/aidan/GitHub/AidansRepo/TeensySwerve/build/rosidl_typesupport_microxrcedds_cpp
[3.686s] -- Install configuration: ""
[3.686s] -- Up-to-date: /home/aidan/GitHub/AidansRepo/TeensySwerve/install/rosidl_typesupport_microxrcedds_cpp/share/rosidl_typesupport_microxrcedds_cpp/environment/pythonpath.sh
[3.686s] -- Up-to-date: /home/aidan/GitHub/AidansRepo/TeensySwerve/install/rosidl_typesupport_microxrcedds_cpp/share/rosidl_typesupport_microxrcedds_cpp/environment/pythonpath.dsv
[3.686s] -- Up-to-date: /home/aidan/GitHub/AidansRepo/TeensySwerve/install/rosidl_typesupport_microxrcedds_cpp/local/lib/python3.10/dist-packages/rosidl_typesupport_microxrcedds_cpp-3.0.1-py3.10.egg-info
[3.687s] -- Installing: /home/aidan/GitHub/AidansRepo/TeensySwerve/install/rosidl_typesupport_microxrcedds_cpp/local/lib/python3.10/dist-packages/rosidl_typesupport_microxrcedds_cpp-3.0.1-py3.10.egg-info/PKG-INFO
[3.687s] -- Installing: /home/aidan/GitHub/AidansRepo/TeensySwerve/install/rosidl_typesupport_microxrcedds_cpp/local/lib/python3.10/dist-packages/rosidl_typesupport_microxrcedds_cpp-3.0.1-py3.10.egg-info/SOURCES.txt
[3.687s] -- Installing: /home/aidan/GitHub/AidansRepo/TeensySwerve/install/rosidl_typesupport_microxrcedds_cpp/local/lib/python3.10/dist-packages/rosidl_typesupport_microxrcedds_cpp-3.0.1-py3.10.egg-info/dependency_links.txt
[3.687s] -- Installing: /home/aidan/GitHub/AidansRepo/TeensySwerve/install/rosidl_typesupport_microxrcedds_cpp/local/lib/python3.10/dist-packages/rosidl_typesupport_microxrcedds_cpp-3.0.1-py3.10.egg-info/top_level.txt
[3.687s] -- Up-to-date: /home/aidan/GitHub/AidansRepo/TeensySwerve/install/rosidl_typesupport_microxrcedds_cpp/local/lib/python3.10/dist-packages/rosidl_typesupport_microxrcedds_cpp
[3.687s] -- Up-to-date: /home/aidan/GitHub/AidansRepo/TeensySwerve/install/rosidl_typesupport_microxrcedds_cpp/local/lib/python3.10/dist-packages/rosidl_typesupport_microxrcedds_cpp/__init__.py
[3.922s] Listing '/home/aidan/GitHub/AidansRepo/TeensySwerve/install/rosidl_typesupport_microxrcedds_cpp/local/lib/python3.10/dist-packages/rosidl_typesupport_microxrcedds_cpp'...
[3.942s] -- Up-to-date: /home/aidan/GitHub/AidansRepo/TeensySwerve/install/rosidl_typesupport_microxrcedds_cpp/share/rosidl_typesupport_microxrcedds_cpp/environment/library_path.sh
[3.942s] -- Up-to-date: /home/aidan/GitHub/AidansRepo/TeensySwerve/install/rosidl_typesupport_microxrcedds_cpp/share/rosidl_typesupport_microxrcedds_cpp/environment/library_path.dsv
[3.943s] -- Up-to-date: /home/aidan/GitHub/AidansRepo/TeensySwerve/install/rosidl_typesupport_microxrcedds_cpp/share/ament_index/resource_index/rosidl_typesupport_cpp/rosidl_typesupport_microxrcedds_cpp
[3.946s] -- Up-to-date: /home/aidan/GitHub/AidansRepo/TeensySwerve/install/rosidl_typesupport_microxrcedds_cpp/share/ament_index/resource_index/package_run_dependencies/rosidl_typesupport_microxrcedds_cpp
[3.947s] -- Up-to-date: /home/aidan/GitHub/AidansRepo/TeensySwerve/install/rosidl_typesupport_microxrcedds_cpp/share/ament_index/resource_index/parent_prefix_path/rosidl_typesupport_microxrcedds_cpp
[3.950s] -- Up-to-date: /home/aidan/GitHub/AidansRepo/TeensySwerve/install/rosidl_typesupport_microxrcedds_cpp/share/rosidl_typesupport_microxrcedds_cpp/environment/ament_prefix_path.sh
[3.951s] -- Up-to-date: /home/aidan/GitHub/AidansRepo/TeensySwerve/install/rosidl_typesupport_microxrcedds_cpp/share/rosidl_typesupport_microxrcedds_cpp/environment/ament_prefix_path.dsv
[3.951s] -- Up-to-date: /home/aidan/GitHub/AidansRepo/TeensySwerve/install/rosidl_typesupport_microxrcedds_cpp/share/rosidl_typesupport_microxrcedds_cpp/environment/path.sh
[3.952s] -- Up-to-date: /home/aidan/GitHub/AidansRepo/TeensySwerve/install/rosidl_typesupport_microxrcedds_cpp/share/rosidl_typesupport_microxrcedds_cpp/environment/path.dsv
[3.952s] -- Up-to-date: /home/aidan/GitHub/AidansRepo/TeensySwerve/install/rosidl_typesupport_microxrcedds_cpp/share/rosidl_typesupport_microxrcedds_cpp/local_setup.bash
[3.953s] -- Up-to-date: /home/aidan/GitHub/AidansRepo/TeensySwerve/install/rosidl_typesupport_microxrcedds_cpp/share/rosidl_typesupport_microxrcedds_cpp/local_setup.sh
[3.953s] -- Up-to-date: /home/aidan/GitHub/AidansRepo/TeensySwerve/install/rosidl_typesupport_microxrcedds_cpp/share/rosidl_typesupport_microxrcedds_cpp/local_setup.zsh
[3.956s] -- Up-to-date: /home/aidan/GitHub/AidansRepo/TeensySwerve/install/rosidl_typesupport_microxrcedds_cpp/share/rosidl_typesupport_microxrcedds_cpp/local_setup.dsv
[3.957s] -- Installing: /home/aidan/GitHub/AidansRepo/TeensySwerve/install/rosidl_typesupport_microxrcedds_cpp/share/rosidl_typesupport_microxrcedds_cpp/package.dsv
[3.958s] -- Up-to-date: /home/aidan/GitHub/AidansRepo/TeensySwerve/install/rosidl_typesupport_microxrcedds_cpp/share/ament_index/resource_index/packages/rosidl_typesupport_microxrcedds_cpp
[3.959s] -- Up-to-date: /home/aidan/GitHub/AidansRepo/TeensySwerve/install/rosidl_typesupport_microxrcedds_cpp/share/rosidl_typesupport_microxrcedds_cpp/cmake/rosidl_typesupport_microxrcedds_cppExport.cmake
[3.959s] -- Up-to-date: /home/aidan/GitHub/AidansRepo/TeensySwerve/install/rosidl_typesupport_microxrcedds_cpp/share/rosidl_typesupport_microxrcedds_cpp/cmake/rosidl_typesupport_microxrcedds_cppExport-noconfig.cmake
[3.960s] -- Up-to-date: /home/aidan/GitHub/AidansRepo/TeensySwerve/install/rosidl_typesupport_microxrcedds_cpp/share/rosidl_typesupport_microxrcedds_cpp/cmake/rosidl_typesupport_microxrcedds_cpp-extras.cmake
[3.965s] -- Up-to-date: /home/aidan/GitHub/AidansRepo/TeensySwerve/install/rosidl_typesupport_microxrcedds_cpp/share/rosidl_typesupport_microxrcedds_cpp/cmake/ament_cmake_export_dependencies-extras.cmake
[3.965s] -- Up-to-date: /home/aidan/GitHub/AidansRepo/TeensySwerve/install/rosidl_typesupport_microxrcedds_cpp/share/rosidl_typesupport_microxrcedds_cpp/cmake/ament_cmake_export_include_directories-extras.cmake
[3.966s] -- Up-to-date: /home/aidan/GitHub/AidansRepo/TeensySwerve/install/rosidl_typesupport_microxrcedds_cpp/share/rosidl_typesupport_microxrcedds_cpp/cmake/ament_cmake_export_libraries-extras.cmake
[3.966s] -- Up-to-date: /home/aidan/GitHub/AidansRepo/TeensySwerve/install/rosidl_typesupport_microxrcedds_cpp/share/rosidl_typesupport_microxrcedds_cpp/cmake/ament_cmake_export_targets-extras.cmake
[3.966s] -- Up-to-date: /home/aidan/GitHub/AidansRepo/TeensySwerve/install/rosidl_typesupport_microxrcedds_cpp/share/rosidl_typesupport_microxrcedds_cpp/cmake/rosidl_typesupport_microxrcedds_cppConfig.cmake
[3.981s] -- Up-to-date: /home/aidan/GitHub/AidansRepo/TeensySwerve/install/rosidl_typesupport_microxrcedds_cpp/share/rosidl_typesupport_microxrcedds_cpp/cmake/rosidl_typesupport_microxrcedds_cppConfig-version.cmake
[3.982s] -- Up-to-date: /home/aidan/GitHub/AidansRepo/TeensySwerve/install/rosidl_typesupport_microxrcedds_cpp/share/rosidl_typesupport_microxrcedds_cpp/package.xml
[3.982s] -- Up-to-date: /home/aidan/GitHub/AidansRepo/TeensySwerve/install/rosidl_typesupport_microxrcedds_cpp/lib/rosidl_typesupport_microxrcedds_cpp/rosidl_typesupport_microxrcedds_cpp
[3.982s] -- Up-to-date: /home/aidan/GitHub/AidansRepo/TeensySwerve/install/rosidl_typesupport_microxrcedds_cpp/share/rosidl_typesupport_microxrcedds_cpp/cmake
[3.982s] -- Up-to-date: /home/aidan/GitHub/AidansRepo/TeensySwerve/install/rosidl_typesupport_microxrcedds_cpp/share/rosidl_typesupport_microxrcedds_cpp/cmake/rosidl_typesupport_microxrcedds_cpp_generate_interfaces.cmake
[3.982s] -- Up-to-date: /home/aidan/GitHub/AidansRepo/TeensySwerve/install/rosidl_typesupport_microxrcedds_cpp/share/rosidl_typesupport_microxrcedds_cpp/resource
[3.982s] -- Up-to-date: /home/aidan/GitHub/AidansRepo/TeensySwerve/install/rosidl_typesupport_microxrcedds_cpp/share/rosidl_typesupport_microxrcedds_cpp/resource/srv__rosidl_typesupport_microxrcedds_cpp.hpp.em
[3.983s] -- Up-to-date: /home/aidan/GitHub/AidansRepo/TeensySwerve/install/rosidl_typesupport_microxrcedds_cpp/share/rosidl_typesupport_microxrcedds_cpp/resource/rosidl_typesupport_microxrcedds_cpp__visibility_control.h.in
[3.983s] -- Up-to-date: /home/aidan/GitHub/AidansRepo/TeensySwerve/install/rosidl_typesupport_microxrcedds_cpp/share/rosidl_typesupport_microxrcedds_cpp/resource/msg__type_support_cpp.cpp.em
[3.983s] -- Up-to-date: /home/aidan/GitHub/AidansRepo/TeensySwerve/install/rosidl_typesupport_microxrcedds_cpp/share/rosidl_typesupport_microxrcedds_cpp/resource/idl__rosidl_typesupport_microxrcedds_cpp.hpp.em
[3.983s] -- Up-to-date: /home/aidan/GitHub/AidansRepo/TeensySwerve/install/rosidl_typesupport_microxrcedds_cpp/share/rosidl_typesupport_microxrcedds_cpp/resource/srv__type_support_cpp.cpp.em
[3.983s] -- Up-to-date: /home/aidan/GitHub/AidansRepo/TeensySwerve/install/rosidl_typesupport_microxrcedds_cpp/share/rosidl_typesupport_microxrcedds_cpp/resource/idl__type_support_cpp.cpp.em
[3.983s] -- Up-to-date: /home/aidan/GitHub/AidansRepo/TeensySwerve/install/rosidl_typesupport_microxrcedds_cpp/share/rosidl_typesupport_microxrcedds_cpp/resource/msg__rosidl_typesupport_microxrcedds_cpp.hpp.em
[3.984s] -- Up-to-date: /home/aidan/GitHub/AidansRepo/TeensySwerve/install/rosidl_typesupport_microxrcedds_cpp/include
[3.992s] -- Up-to-date: /home/aidan/GitHub/AidansRepo/TeensySwerve/install/rosidl_typesupport_microxrcedds_cpp/include/rosidl_typesupport_microxrcedds_cpp
[3.992s] -- Up-to-date: /home/aidan/GitHub/AidansRepo/TeensySwerve/install/rosidl_typesupport_microxrcedds_cpp/include/rosidl_typesupport_microxrcedds_cpp/service_type_support_decl.hpp
[3.993s] -- Up-to-date: /home/aidan/GitHub/AidansRepo/TeensySwerve/install/rosidl_typesupport_microxrcedds_cpp/include/rosidl_typesupport_microxrcedds_cpp/message_type_support_decl.hpp
[4.011s] -- Up-to-date: /home/aidan/GitHub/AidansRepo/TeensySwerve/install/rosidl_typesupport_microxrcedds_cpp/include/rosidl_typesupport_microxrcedds_cpp/visibility_control.h
[4.012s] -- Up-to-date: /home/aidan/GitHub/AidansRepo/TeensySwerve/install/rosidl_typesupport_microxrcedds_cpp/include/rosidl_typesupport_microxrcedds_cpp/identifier.hpp
[4.017s] -- Up-to-date: /home/aidan/GitHub/AidansRepo/TeensySwerve/install/rosidl_typesupport_microxrcedds_cpp/include/rosidl_typesupport_microxrcedds_cpp/identifier.h
[4.017s] -- Up-to-date: /home/aidan/GitHub/AidansRepo/TeensySwerve/install/rosidl_typesupport_microxrcedds_cpp/lib/librosidl_typesupport_microxrcedds_cpp.a
[4.025s] Invoked command in '/home/aidan/GitHub/AidansRepo/TeensySwerve/build/rosidl_typesupport_microxrcedds_cpp' returned '0': AMENT_PREFIX_PATH=/home/aidan/GitHub/AidansRepo/TeensySwerve/install/rosidl_typesupport_microxrcedds_c:${AMENT_PREFIX_PATH} CMAKE_PREFIX_PATH=/home/aidan/GitHub/AidansRepo/TeensySwerve/install/rosidl_typesupport_microxrcedds_c:/home/aidan/GitHub/AidansRepo/TeensySwerve/install/microcdr:/home/aidan/GitHub/AidansRepo/TeensySwerve/install/tnsy_interfaces:/home/aidan/microros_ws/install/micro_ros_setup:/home/aidan/microros_ws/install/micro_ros_agent:/home/aidan/microros_ws/install/micro_ros_msgs:/home/aidan/GitHub/AidansRepo/TeensySwerve/install/tnsy_swrv_controller:/opt/ros/humble LD_LIBRARY_PATH=/home/aidan/GitHub/AidansRepo/TeensySwerve/install/rosidl_typesupport_microxrcedds_c/lib:${LD_LIBRARY_PATH} PYTHONPATH=/home/aidan/GitHub/AidansRepo/TeensySwerve/install/rosidl_typesupport_microxrcedds_c/local/lib/python3.10/dist-packages:${PYTHONPATH} /usr/bin/cmake --install /home/aidan/GitHub/AidansRepo/TeensySwerve/build/rosidl_typesupport_microxrcedds_cpp
