[1.377s] Invoking command in '/home/aidan/GitHub/AidansRepo/TeensySwerve/src/tnsy_swrv_controller': CMAKE_PREFIX_PATH=/home/aidan/GitHub/AidansRepo/TeensySwerve/install/tnsy_interfaces:/home/aidan/microros_ws/install/micro_ros_setup:/home/aidan/microros_ws/install/micro_ros_agent:/home/aidan/microros_ws/install/micro_ros_msgs LD_LIBRARY_PATH=/home/aidan/GitHub/AidansRepo/TeensySwerve/install/tnsy_interfaces/lib:/home/aidan/microros_ws/install/micro_ros_agent/lib:/home/aidan/microros_ws/install/micro_ros_msgs/lib:/opt/ros/humble/opt/rviz_ogre_vendor/lib:/opt/ros/humble/lib/x86_64-linux-gnu:/opt/ros/humble/lib PYTHONPATH=/home/aidan/GitHub/AidansRepo/TeensySwerve/build/tnsy_swrv_controller/prefix_override:/home/aidan/GitHub/AidansRepo/TeensySwerve/install/tnsy_swrv_controller/lib/python3.10/site-packages:${PYTHONPATH} /usr/bin/python3 -W ignore:setup.py install is deprecated setup.py egg_info --egg-base ../../build/tnsy_swrv_controller build --build-base /home/aidan/GitHub/AidansRepo/TeensySwerve/build/tnsy_swrv_controller/build install --record /home/aidan/GitHub/AidansRepo/TeensySwerve/build/tnsy_swrv_controller/install.log --single-version-externally-managed install_data
[1.823s] running egg_info
[1.823s] creating ../../build/tnsy_swrv_controller/tnsy_swrv_controller.egg-info
[1.827s] writing ../../build/tnsy_swrv_controller/tnsy_swrv_controller.egg-info/PKG-INFO
[1.827s] writing dependency_links to ../../build/tnsy_swrv_controller/tnsy_swrv_controller.egg-info/dependency_links.txt
[1.827s] writing entry points to ../../build/tnsy_swrv_controller/tnsy_swrv_controller.egg-info/entry_points.txt
[1.827s] writing requirements to ../../build/tnsy_swrv_controller/tnsy_swrv_controller.egg-info/requires.txt
[1.827s] writing top-level names to ../../build/tnsy_swrv_controller/tnsy_swrv_controller.egg-info/top_level.txt
[1.828s] writing manifest file '../../build/tnsy_swrv_controller/tnsy_swrv_controller.egg-info/SOURCES.txt'
[1.829s] reading manifest file '../../build/tnsy_swrv_controller/tnsy_swrv_controller.egg-info/SOURCES.txt'
[1.831s] writing manifest file '../../build/tnsy_swrv_controller/tnsy_swrv_controller.egg-info/SOURCES.txt'
[1.831s] running build
[1.831s] running build_py
[1.832s] creating /home/aidan/GitHub/AidansRepo/TeensySwerve/build/tnsy_swrv_controller/build
[1.832s] creating /home/aidan/GitHub/AidansRepo/TeensySwerve/build/tnsy_swrv_controller/build/lib
[1.832s] creating /home/aidan/GitHub/AidansRepo/TeensySwerve/build/tnsy_swrv_controller/build/lib/tnsy_swrv_controller
[1.833s] copying tnsy_swrv_controller/__init__.py -> /home/aidan/GitHub/AidansRepo/TeensySwerve/build/tnsy_swrv_controller/build/lib/tnsy_swrv_controller
[1.833s] copying tnsy_swrv_controller/my_first_node.py -> /home/aidan/GitHub/AidansRepo/TeensySwerve/build/tnsy_swrv_controller/build/lib/tnsy_swrv_controller
[1.837s] copying tnsy_swrv_controller/publisher_member_function.py -> /home/aidan/GitHub/AidansRepo/TeensySwerve/build/tnsy_swrv_controller/build/lib/tnsy_swrv_controller
[1.838s] copying tnsy_swrv_controller/joy_translator.py -> /home/aidan/GitHub/AidansRepo/TeensySwerve/build/tnsy_swrv_controller/build/lib/tnsy_swrv_controller
[1.839s] copying tnsy_swrv_controller/subscriber_member_function.py -> /home/aidan/GitHub/AidansRepo/TeensySwerve/build/tnsy_swrv_controller/build/lib/tnsy_swrv_controller
[1.839s] running install
[1.840s] running install_lib
[1.841s] creating /home/aidan/GitHub/AidansRepo/TeensySwerve/install/tnsy_swrv_controller/lib/python3.10/site-packages/tnsy_swrv_controller
[1.841s] copying /home/aidan/GitHub/AidansRepo/TeensySwerve/build/tnsy_swrv_controller/build/lib/tnsy_swrv_controller/__init__.py -> /home/aidan/GitHub/AidansRepo/TeensySwerve/install/tnsy_swrv_controller/lib/python3.10/site-packages/tnsy_swrv_controller
[1.841s] copying /home/aidan/GitHub/AidansRepo/TeensySwerve/build/tnsy_swrv_controller/build/lib/tnsy_swrv_controller/my_first_node.py -> /home/aidan/GitHub/AidansRepo/TeensySwerve/install/tnsy_swrv_controller/lib/python3.10/site-packages/tnsy_swrv_controller
[1.841s] copying /home/aidan/GitHub/AidansRepo/TeensySwerve/build/tnsy_swrv_controller/build/lib/tnsy_swrv_controller/publisher_member_function.py -> /home/aidan/GitHub/AidansRepo/TeensySwerve/install/tnsy_swrv_controller/lib/python3.10/site-packages/tnsy_swrv_controller
[1.842s] copying /home/aidan/GitHub/AidansRepo/TeensySwerve/build/tnsy_swrv_controller/build/lib/tnsy_swrv_controller/joy_translator.py -> /home/aidan/GitHub/AidansRepo/TeensySwerve/install/tnsy_swrv_controller/lib/python3.10/site-packages/tnsy_swrv_controller
[1.842s] copying /home/aidan/GitHub/AidansRepo/TeensySwerve/build/tnsy_swrv_controller/build/lib/tnsy_swrv_controller/subscriber_member_function.py -> /home/aidan/GitHub/AidansRepo/TeensySwerve/install/tnsy_swrv_controller/lib/python3.10/site-packages/tnsy_swrv_controller
[1.843s] byte-compiling /home/aidan/GitHub/AidansRepo/TeensySwerve/install/tnsy_swrv_controller/lib/python3.10/site-packages/tnsy_swrv_controller/__init__.py to __init__.cpython-310.pyc
[1.843s] byte-compiling /home/aidan/GitHub/AidansRepo/TeensySwerve/install/tnsy_swrv_controller/lib/python3.10/site-packages/tnsy_swrv_controller/my_first_node.py to my_first_node.cpython-310.pyc
[1.844s] byte-compiling /home/aidan/GitHub/AidansRepo/TeensySwerve/install/tnsy_swrv_controller/lib/python3.10/site-packages/tnsy_swrv_controller/publisher_member_function.py to publisher_member_function.cpython-310.pyc
[1.845s] byte-compiling /home/aidan/GitHub/AidansRepo/TeensySwerve/install/tnsy_swrv_controller/lib/python3.10/site-packages/tnsy_swrv_controller/joy_translator.py to joy_translator.cpython-310.pyc
[1.846s] byte-compiling /home/aidan/GitHub/AidansRepo/TeensySwerve/install/tnsy_swrv_controller/lib/python3.10/site-packages/tnsy_swrv_controller/subscriber_member_function.py to subscriber_member_function.cpython-310.pyc
[1.847s] running install_data
[1.847s] creating /home/aidan/GitHub/AidansRepo/TeensySwerve/install/tnsy_swrv_controller/share/ament_index
[1.847s] creating /home/aidan/GitHub/AidansRepo/TeensySwerve/install/tnsy_swrv_controller/share/ament_index/resource_index
[1.848s] creating /home/aidan/GitHub/AidansRepo/TeensySwerve/install/tnsy_swrv_controller/share/ament_index/resource_index/packages
[1.848s] copying resource/tnsy_swrv_controller -> /home/aidan/GitHub/AidansRepo/TeensySwerve/install/tnsy_swrv_controller/share/ament_index/resource_index/packages
[1.848s] copying package.xml -> /home/aidan/GitHub/AidansRepo/TeensySwerve/install/tnsy_swrv_controller/share/tnsy_swrv_controller
[1.848s] creating /home/aidan/GitHub/AidansRepo/TeensySwerve/install/tnsy_swrv_controller/share/tnsy_swrv_controller/launch
[1.849s] copying launch/tnsy_swrv.launch.py -> /home/aidan/GitHub/AidansRepo/TeensySwerve/install/tnsy_swrv_controller/share/tnsy_swrv_controller/launch
[1.849s] creating /home/aidan/GitHub/AidansRepo/TeensySwerve/install/tnsy_swrv_controller/share/tnsy_swrv_controller/config
[1.849s] copying config/tnsy_swrv.yaml -> /home/aidan/GitHub/AidansRepo/TeensySwerve/install/tnsy_swrv_controller/share/tnsy_swrv_controller/config
[1.850s] running install_egg_info
[1.853s] Copying ../../build/tnsy_swrv_controller/tnsy_swrv_controller.egg-info to /home/aidan/GitHub/AidansRepo/TeensySwerve/install/tnsy_swrv_controller/lib/python3.10/site-packages/tnsy_swrv_controller-0.0.0-py3.10.egg-info
[1.857s] running install_scripts
[1.910s] Installing joy_translator script to /home/aidan/GitHub/AidansRepo/TeensySwerve/install/tnsy_swrv_controller/lib/tnsy_swrv_controller
[1.911s] Installing pub script to /home/aidan/GitHub/AidansRepo/TeensySwerve/install/tnsy_swrv_controller/lib/tnsy_swrv_controller
[1.911s] Installing sub script to /home/aidan/GitHub/AidansRepo/TeensySwerve/install/tnsy_swrv_controller/lib/tnsy_swrv_controller
[1.911s] Installing test_node script to /home/aidan/GitHub/AidansRepo/TeensySwerve/install/tnsy_swrv_controller/lib/tnsy_swrv_controller
[1.911s] writing list of installed files to '/home/aidan/GitHub/AidansRepo/TeensySwerve/build/tnsy_swrv_controller/install.log'
[1.972s] Invoked command in '/home/aidan/GitHub/AidansRepo/TeensySwerve/src/tnsy_swrv_controller' returned '0': CMAKE_PREFIX_PATH=/home/aidan/GitHub/AidansRepo/TeensySwerve/install/tnsy_interfaces:/home/aidan/microros_ws/install/micro_ros_setup:/home/aidan/microros_ws/install/micro_ros_agent:/home/aidan/microros_ws/install/micro_ros_msgs LD_LIBRARY_PATH=/home/aidan/GitHub/AidansRepo/TeensySwerve/install/tnsy_interfaces/lib:/home/aidan/microros_ws/install/micro_ros_agent/lib:/home/aidan/microros_ws/install/micro_ros_msgs/lib:/opt/ros/humble/opt/rviz_ogre_vendor/lib:/opt/ros/humble/lib/x86_64-linux-gnu:/opt/ros/humble/lib PYTHONPATH=/home/aidan/GitHub/AidansRepo/TeensySwerve/build/tnsy_swrv_controller/prefix_override:/home/aidan/GitHub/AidansRepo/TeensySwerve/install/tnsy_swrv_controller/lib/python3.10/site-packages:${PYTHONPATH} /usr/bin/python3 -W ignore:setup.py install is deprecated setup.py egg_info --egg-base ../../build/tnsy_swrv_controller build --build-base /home/aidan/GitHub/AidansRepo/TeensySwerve/build/tnsy_swrv_controller/build install --record /home/aidan/GitHub/AidansRepo/TeensySwerve/build/tnsy_swrv_controller/install.log --single-version-externally-managed install_data
