[1.399s] Invoking command in '/home/aidan/GitHub/AidansRepo/TeensySwerve/src/tnsy_swrv_controller': PYTHONPATH=/home/aidan/GitHub/AidansRepo/TeensySwerve/build/tnsy_swrv_controller/prefix_override:/home/aidan/GitHub/AidansRepo/TeensySwerve/install/tnsy_swrv_controller/lib/python3.10/site-packages:${PYTHONPATH} /usr/bin/python3 -W ignore:setup.py install is deprecated setup.py egg_info --egg-base ../../build/tnsy_swrv_controller build --build-base /home/aidan/GitHub/AidansRepo/TeensySwerve/build/tnsy_swrv_controller/build install --record /home/aidan/GitHub/AidansRepo/TeensySwerve/build/tnsy_swrv_controller/install.log --single-version-externally-managed install_data
[1.951s] running egg_info
[1.953s] writing ../../build/tnsy_swrv_controller/tnsy_swrv_controller.egg-info/PKG-INFO
[1.953s] writing dependency_links to ../../build/tnsy_swrv_controller/tnsy_swrv_controller.egg-info/dependency_links.txt
[1.954s] writing entry points to ../../build/tnsy_swrv_controller/tnsy_swrv_controller.egg-info/entry_points.txt
[1.954s] writing requirements to ../../build/tnsy_swrv_controller/tnsy_swrv_controller.egg-info/requires.txt
[1.954s] writing top-level names to ../../build/tnsy_swrv_controller/tnsy_swrv_controller.egg-info/top_level.txt
[1.957s] reading manifest file '../../build/tnsy_swrv_controller/tnsy_swrv_controller.egg-info/SOURCES.txt'
[1.959s] writing manifest file '../../build/tnsy_swrv_controller/tnsy_swrv_controller.egg-info/SOURCES.txt'
[1.959s] running build
[1.959s] running build_py
[1.959s] copying tnsy_swrv_controller/joy_translator.py -> /home/aidan/GitHub/AidansRepo/TeensySwerve/build/tnsy_swrv_controller/build/lib/tnsy_swrv_controller
[1.960s] running install
[1.961s] running install_lib
[1.962s] copying /home/aidan/GitHub/AidansRepo/TeensySwerve/build/tnsy_swrv_controller/build/lib/tnsy_swrv_controller/joy_translator.py -> /home/aidan/GitHub/AidansRepo/TeensySwerve/install/tnsy_swrv_controller/lib/python3.10/site-packages/tnsy_swrv_controller
[1.963s] byte-compiling /home/aidan/GitHub/AidansRepo/TeensySwerve/install/tnsy_swrv_controller/lib/python3.10/site-packages/tnsy_swrv_controller/joy_translator.py to joy_translator.cpython-310.pyc
[1.965s] running install_data
[1.965s] running install_egg_info
[1.968s] removing '/home/aidan/GitHub/AidansRepo/TeensySwerve/install/tnsy_swrv_controller/lib/python3.10/site-packages/tnsy_swrv_controller-0.0.0-py3.10.egg-info' (and everything under it)
[1.969s] Copying ../../build/tnsy_swrv_controller/tnsy_swrv_controller.egg-info to /home/aidan/GitHub/AidansRepo/TeensySwerve/install/tnsy_swrv_controller/lib/python3.10/site-packages/tnsy_swrv_controller-0.0.0-py3.10.egg-info
[1.970s] running install_scripts
[2.007s] Installing joy_translator script to /home/aidan/GitHub/AidansRepo/TeensySwerve/install/tnsy_swrv_controller/lib/tnsy_swrv_controller
[2.008s] Installing pub script to /home/aidan/GitHub/AidansRepo/TeensySwerve/install/tnsy_swrv_controller/lib/tnsy_swrv_controller
[2.008s] Installing sub script to /home/aidan/GitHub/AidansRepo/TeensySwerve/install/tnsy_swrv_controller/lib/tnsy_swrv_controller
[2.009s] Installing test_node script to /home/aidan/GitHub/AidansRepo/TeensySwerve/install/tnsy_swrv_controller/lib/tnsy_swrv_controller
[2.009s] writing list of installed files to '/home/aidan/GitHub/AidansRepo/TeensySwerve/build/tnsy_swrv_controller/install.log'
[2.067s] Invoked command in '/home/aidan/GitHub/AidansRepo/TeensySwerve/src/tnsy_swrv_controller' returned '0': PYTHONPATH=/home/aidan/GitHub/AidansRepo/TeensySwerve/build/tnsy_swrv_controller/prefix_override:/home/aidan/GitHub/AidansRepo/TeensySwerve/install/tnsy_swrv_controller/lib/python3.10/site-packages:${PYTHONPATH} /usr/bin/python3 -W ignore:setup.py install is deprecated setup.py egg_info --egg-base ../../build/tnsy_swrv_controller build --build-base /home/aidan/GitHub/AidansRepo/TeensySwerve/build/tnsy_swrv_controller/build install --record /home/aidan/GitHub/AidansRepo/TeensySwerve/build/tnsy_swrv_controller/install.log --single-version-externally-managed install_data
