[0.200s] DEBUG:colcon:Command line arguments: ['/home/aidan/.local/bin/colcon', 'build']
[0.201s] DEBUG:colcon:Parsed command line arguments: Namespace(log_base=None, log_level=None, verb_name='build', build_base='build', install_base='install', merge_install=False, symlink_install=False, test_result_base=None, continue_on_error=False, executor='parallel', parallel_workers=4, event_handlers=None, ignore_user_meta=False, metas=['./colcon.meta'], base_paths=['.'], packages_ignore=None, packages_ignore_regex=None, paths=None, packages_up_to=None, packages_up_to_regex=None, packages_above=None, packages_above_and_dependencies=None, packages_above_depth=None, packages_select_by_dep=None, packages_skip_by_dep=None, packages_skip_up_to=None, packages_select_build_failed=False, packages_skip_build_finished=False, packages_select_test_failures=False, packages_skip_test_passed=False, packages_select=None, packages_skip=None, packages_select_regex=None, packages_skip_regex=None, packages_start=None, packages_end=None, allow_overriding=[], cmake_args=None, cmake_target=None, cmake_target_skip_unavailable=False, cmake_clean_cache=False, cmake_clean_first=False, cmake_force_configure=False, ament_cmake_args=None, catkin_cmake_args=None, catkin_skip_building_tests=False, verb_parser=<colcon_defaults.argument_parser.defaults.DefaultArgumentsDecorator object at 0x7ecae29e6b90>, verb_extension=<colcon_core.verb.build.BuildVerb object at 0x7ecae29668c0>, main=<bound method BuildVerb.main of <colcon_core.verb.build.BuildVerb object at 0x7ecae29668c0>>)
[0.444s] Level 1:colcon.colcon_core.package_discovery:discover_packages(colcon_meta) check parameters
[0.444s] Level 1:colcon.colcon_core.package_discovery:discover_packages(recursive) check parameters
[0.444s] Level 1:colcon.colcon_core.package_discovery:discover_packages(ignore) check parameters
[0.444s] Level 1:colcon.colcon_core.package_discovery:discover_packages(path) check parameters
[0.444s] Level 1:colcon.colcon_core.package_discovery:discover_packages(colcon_meta) discover
[0.444s] Level 1:colcon.colcon_core.package_discovery:discover_packages(recursive) discover
[0.444s] INFO:colcon.colcon_core.package_discovery:Crawling recursively for packages in '/home/aidan/GitHub/AidansRepo/TeensySwerve'
[0.444s] Level 1:colcon.colcon_core.package_identification:_identify(.) by extensions ['ignore', 'ignore_ament_install']
[0.444s] Level 1:colcon.colcon_core.package_identification:_identify(.) by extension 'ignore'
[0.445s] Level 1:colcon.colcon_core.package_identification:_identify(.) by extension 'ignore_ament_install'
[0.445s] Level 1:colcon.colcon_core.package_identification:_identify(.) by extensions ['colcon_pkg']
[0.445s] Level 1:colcon.colcon_core.package_identification:_identify(.) by extension 'colcon_pkg'
[0.445s] Level 1:colcon.colcon_core.package_identification:_identify(.) by extensions ['colcon_meta']
[0.445s] Level 1:colcon.colcon_core.package_identification:_identify(.) by extension 'colcon_meta'
[0.445s] Level 1:colcon.colcon_core.package_identification:_identify(.) by extensions ['ros']
[0.445s] Level 1:colcon.colcon_core.package_identification:_identify(.) by extension 'ros'
[0.462s] Level 1:colcon.colcon_core.package_identification:_identify(.) by extensions ['cmake', 'python']
[0.462s] Level 1:colcon.colcon_core.package_identification:_identify(.) by extension 'cmake'
[0.463s] Level 1:colcon.colcon_core.package_identification:_identify(.) by extension 'python'
[0.463s] Level 1:colcon.colcon_core.package_identification:_identify(.) by extensions ['python_setup_py']
[0.463s] Level 1:colcon.colcon_core.package_identification:_identify(.) by extension 'python_setup_py'
[0.463s] Level 1:colcon.colcon_core.package_identification:_identify(build) by extensions ['ignore', 'ignore_ament_install']
[0.463s] Level 1:colcon.colcon_core.package_identification:_identify(build) by extension 'ignore'
[0.463s] Level 1:colcon.colcon_core.package_identification:_identify(build) ignored
[0.463s] Level 1:colcon.colcon_core.package_identification:_identify(include) by extensions ['ignore', 'ignore_ament_install']
[0.463s] Level 1:colcon.colcon_core.package_identification:_identify(include) by extension 'ignore'
[0.464s] Level 1:colcon.colcon_core.package_identification:_identify(include) by extension 'ignore_ament_install'
[0.464s] Level 1:colcon.colcon_core.package_identification:_identify(include) by extensions ['colcon_pkg']
[0.464s] Level 1:colcon.colcon_core.package_identification:_identify(include) by extension 'colcon_pkg'
[0.464s] Level 1:colcon.colcon_core.package_identification:_identify(include) by extensions ['colcon_meta']
[0.464s] Level 1:colcon.colcon_core.package_identification:_identify(include) by extension 'colcon_meta'
[0.464s] Level 1:colcon.colcon_core.package_identification:_identify(include) by extensions ['ros']
[0.464s] Level 1:colcon.colcon_core.package_identification:_identify(include) by extension 'ros'
[0.464s] Level 1:colcon.colcon_core.package_identification:_identify(include) by extensions ['cmake', 'python']
[0.464s] Level 1:colcon.colcon_core.package_identification:_identify(include) by extension 'cmake'
[0.464s] Level 1:colcon.colcon_core.package_identification:_identify(include) by extension 'python'
[0.464s] Level 1:colcon.colcon_core.package_identification:_identify(include) by extensions ['python_setup_py']
[0.464s] Level 1:colcon.colcon_core.package_identification:_identify(include) by extension 'python_setup_py'
[0.464s] Level 1:colcon.colcon_core.package_identification:_identify(install) by extensions ['ignore', 'ignore_ament_install']
[0.465s] Level 1:colcon.colcon_core.package_identification:_identify(install) by extension 'ignore'
[0.465s] Level 1:colcon.colcon_core.package_identification:_identify(install) ignored
[0.465s] Level 1:colcon.colcon_core.package_identification:_identify(lib) by extensions ['ignore', 'ignore_ament_install']
[0.465s] Level 1:colcon.colcon_core.package_identification:_identify(lib) by extension 'ignore'
[0.465s] Level 1:colcon.colcon_core.package_identification:_identify(lib) by extension 'ignore_ament_install'
[0.465s] Level 1:colcon.colcon_core.package_identification:_identify(lib) by extensions ['colcon_pkg']
[0.465s] Level 1:colcon.colcon_core.package_identification:_identify(lib) by extension 'colcon_pkg'
[0.465s] Level 1:colcon.colcon_core.package_identification:_identify(lib) by extensions ['colcon_meta']
[0.465s] Level 1:colcon.colcon_core.package_identification:_identify(lib) by extension 'colcon_meta'
[0.465s] Level 1:colcon.colcon_core.package_identification:_identify(lib) by extensions ['ros']
[0.465s] Level 1:colcon.colcon_core.package_identification:_identify(lib) by extension 'ros'
[0.465s] Level 1:colcon.colcon_core.package_identification:_identify(lib) by extensions ['cmake', 'python']
[0.466s] Level 1:colcon.colcon_core.package_identification:_identify(lib) by extension 'cmake'
[0.466s] Level 1:colcon.colcon_core.package_identification:_identify(lib) by extension 'python'
[0.466s] Level 1:colcon.colcon_core.package_identification:_identify(lib) by extensions ['python_setup_py']
[0.466s] Level 1:colcon.colcon_core.package_identification:_identify(lib) by extension 'python_setup_py'
[0.466s] Level 1:colcon.colcon_core.package_identification:_identify(log) by extensions ['ignore', 'ignore_ament_install']
[0.466s] Level 1:colcon.colcon_core.package_identification:_identify(log) by extension 'ignore'
[0.466s] Level 1:colcon.colcon_core.package_identification:_identify(log) ignored
[0.466s] Level 1:colcon.colcon_core.package_identification:_identify(src) by extensions ['ignore', 'ignore_ament_install']
[0.467s] Level 1:colcon.colcon_core.package_identification:_identify(src) by extension 'ignore'
[0.467s] Level 1:colcon.colcon_core.package_identification:_identify(src) by extension 'ignore_ament_install'
[0.467s] Level 1:colcon.colcon_core.package_identification:_identify(src) by extensions ['colcon_pkg']
[0.467s] Level 1:colcon.colcon_core.package_identification:_identify(src) by extension 'colcon_pkg'
[0.467s] Level 1:colcon.colcon_core.package_identification:_identify(src) by extensions ['colcon_meta']
[0.467s] Level 1:colcon.colcon_core.package_identification:_identify(src) by extension 'colcon_meta'
[0.467s] Level 1:colcon.colcon_core.package_identification:_identify(src) by extensions ['ros']
[0.467s] Level 1:colcon.colcon_core.package_identification:_identify(src) by extension 'ros'
[0.467s] Level 1:colcon.colcon_core.package_identification:_identify(src) by extensions ['cmake', 'python']
[0.467s] Level 1:colcon.colcon_core.package_identification:_identify(src) by extension 'cmake'
[0.467s] Level 1:colcon.colcon_core.package_identification:_identify(src) by extension 'python'
[0.468s] Level 1:colcon.colcon_core.package_identification:_identify(src) by extensions ['python_setup_py']
[0.468s] Level 1:colcon.colcon_core.package_identification:_identify(src) by extension 'python_setup_py'
[0.468s] Level 1:colcon.colcon_core.package_identification:_identify(src/tnsy-swrv_controller) by extensions ['ignore', 'ignore_ament_install']
[0.468s] Level 1:colcon.colcon_core.package_identification:_identify(src/tnsy-swrv_controller) by extension 'ignore'
[0.468s] Level 1:colcon.colcon_core.package_identification:_identify(src/tnsy-swrv_controller) by extension 'ignore_ament_install'
[0.468s] Level 1:colcon.colcon_core.package_identification:_identify(src/tnsy-swrv_controller) by extensions ['colcon_pkg']
[0.468s] Level 1:colcon.colcon_core.package_identification:_identify(src/tnsy-swrv_controller) by extension 'colcon_pkg'
[0.468s] Level 1:colcon.colcon_core.package_identification:_identify(src/tnsy-swrv_controller) by extensions ['colcon_meta']
[0.468s] Level 1:colcon.colcon_core.package_identification:_identify(src/tnsy-swrv_controller) by extension 'colcon_meta'
[0.468s] Level 1:colcon.colcon_core.package_identification:_identify(src/tnsy-swrv_controller) by extensions ['ros']
[0.468s] Level 1:colcon.colcon_core.package_identification:_identify(src/tnsy-swrv_controller) by extension 'ros'
[0.472s] DEBUG:colcon.colcon_core.package_identification:Package 'src/tnsy-swrv_controller' with type 'ros.ament_python' and name 'tnsy-swrv_controller'
[0.472s] Level 1:colcon.colcon_core.package_identification:_identify(test) by extensions ['ignore', 'ignore_ament_install']
[0.472s] Level 1:colcon.colcon_core.package_identification:_identify(test) by extension 'ignore'
[0.473s] Level 1:colcon.colcon_core.package_identification:_identify(test) by extension 'ignore_ament_install'
[0.473s] Level 1:colcon.colcon_core.package_identification:_identify(test) by extensions ['colcon_pkg']
[0.473s] Level 1:colcon.colcon_core.package_identification:_identify(test) by extension 'colcon_pkg'
[0.473s] Level 1:colcon.colcon_core.package_identification:_identify(test) by extensions ['colcon_meta']
[0.473s] Level 1:colcon.colcon_core.package_identification:_identify(test) by extension 'colcon_meta'
[0.473s] Level 1:colcon.colcon_core.package_identification:_identify(test) by extensions ['ros']
[0.473s] Level 1:colcon.colcon_core.package_identification:_identify(test) by extension 'ros'
[0.473s] Level 1:colcon.colcon_core.package_identification:_identify(test) by extensions ['cmake', 'python']
[0.473s] Level 1:colcon.colcon_core.package_identification:_identify(test) by extension 'cmake'
[0.473s] Level 1:colcon.colcon_core.package_identification:_identify(test) by extension 'python'
[0.473s] Level 1:colcon.colcon_core.package_identification:_identify(test) by extensions ['python_setup_py']
[0.473s] Level 1:colcon.colcon_core.package_identification:_identify(test) by extension 'python_setup_py'
[0.473s] Level 1:colcon.colcon_core.package_discovery:discover_packages(recursive) using defaults
[0.473s] Level 1:colcon.colcon_core.package_discovery:discover_packages(ignore) discover
[0.474s] Level 1:colcon.colcon_core.package_discovery:discover_packages(ignore) using defaults
[0.474s] Level 1:colcon.colcon_core.package_discovery:discover_packages(path) discover
[0.474s] Level 1:colcon.colcon_core.package_discovery:discover_packages(path) using defaults
[0.501s] Level 1:colcon.colcon_core.package_discovery:discover_packages(prefix_path) check parameters
[0.501s] Level 1:colcon.colcon_core.package_discovery:discover_packages(prefix_path) discover
[0.508s] WARNING:colcon.colcon_ros.prefix_path.ament:The path '/home/aidan/GitHub/AidansRepo/TeensySwerve/install/TnsySwrv_Controller' in the environment variable AMENT_PREFIX_PATH doesn't exist
[0.510s] DEBUG:colcon.colcon_installed_package_information.package_discovery:Found 0 installed packages in /home/aidan/GitHub/AidansRepo/TeensySwerve/install
[0.512s] DEBUG:colcon.colcon_installed_package_information.package_discovery:Found 313 installed packages in /opt/ros/humble
[0.514s] Level 1:colcon.colcon_core.package_discovery:discover_packages(prefix_path) using defaults
[0.603s] Level 5:colcon.colcon_core.verb:set package 'tnsy-swrv_controller' build argument 'cmake_args' from command line to 'None'
[0.603s] Level 5:colcon.colcon_core.verb:set package 'tnsy-swrv_controller' build argument 'cmake_target' from command line to 'None'
[0.603s] Level 5:colcon.colcon_core.verb:set package 'tnsy-swrv_controller' build argument 'cmake_target_skip_unavailable' from command line to 'False'
[0.603s] Level 5:colcon.colcon_core.verb:set package 'tnsy-swrv_controller' build argument 'cmake_clean_cache' from command line to 'False'
[0.603s] Level 5:colcon.colcon_core.verb:set package 'tnsy-swrv_controller' build argument 'cmake_clean_first' from command line to 'False'
[0.603s] Level 5:colcon.colcon_core.verb:set package 'tnsy-swrv_controller' build argument 'cmake_force_configure' from command line to 'False'
[0.603s] Level 5:colcon.colcon_core.verb:set package 'tnsy-swrv_controller' build argument 'ament_cmake_args' from command line to 'None'
[0.603s] Level 5:colcon.colcon_core.verb:set package 'tnsy-swrv_controller' build argument 'catkin_cmake_args' from command line to 'None'
[0.603s] Level 5:colcon.colcon_core.verb:set package 'tnsy-swrv_controller' build argument 'catkin_skip_building_tests' from command line to 'False'
[0.603s] DEBUG:colcon.colcon_core.verb:Building package 'tnsy-swrv_controller' with the following arguments: {'ament_cmake_args': None, 'build_base': '/home/aidan/GitHub/AidansRepo/TeensySwerve/build/tnsy-swrv_controller', 'catkin_cmake_args': None, 'catkin_skip_building_tests': False, 'cmake_args': None, 'cmake_clean_cache': False, 'cmake_clean_first': False, 'cmake_force_configure': False, 'cmake_target': None, 'cmake_target_skip_unavailable': False, 'install_base': '/home/aidan/GitHub/AidansRepo/TeensySwerve/install/tnsy-swrv_controller', 'merge_install': False, 'path': '/home/aidan/GitHub/AidansRepo/TeensySwerve/src/tnsy-swrv_controller', 'symlink_install': False, 'test_result_base': None}
[0.604s] INFO:colcon.colcon_core.executor:Executing jobs using 'parallel' executor
[0.605s] DEBUG:colcon.colcon_parallel_executor.executor.parallel:run_until_complete
[0.605s] INFO:colcon.colcon_ros.task.ament_python.build:Building ROS package in '/home/aidan/GitHub/AidansRepo/TeensySwerve/src/tnsy-swrv_controller' with build type 'ament_python'
[0.606s] Level 1:colcon.colcon_core.shell:create_environment_hook('tnsy-swrv_controller', 'ament_prefix_path')
[0.609s] INFO:colcon.colcon_core.plugin_system:Skipping extension 'colcon_core.shell.bat': Not used on non-Windows systems
[0.609s] INFO:colcon.colcon_core.shell:Creating environment hook '/home/aidan/GitHub/AidansRepo/TeensySwerve/install/tnsy-swrv_controller/share/tnsy-swrv_controller/hook/ament_prefix_path.ps1'
[0.610s] INFO:colcon.colcon_core.shell:Creating environment descriptor '/home/aidan/GitHub/AidansRepo/TeensySwerve/install/tnsy-swrv_controller/share/tnsy-swrv_controller/hook/ament_prefix_path.dsv'
[0.611s] INFO:colcon.colcon_core.shell:Creating environment hook '/home/aidan/GitHub/AidansRepo/TeensySwerve/install/tnsy-swrv_controller/share/tnsy-swrv_controller/hook/ament_prefix_path.sh'
[0.613s] INFO:colcon.colcon_core.shell:Skip shell extension 'powershell' for command environment: Not usable outside of PowerShell
[0.613s] DEBUG:colcon.colcon_core.shell:Skip shell extension 'dsv' for command environment
[1.059s] INFO:colcon.colcon_core.task.python.build:Building Python package in '/home/aidan/GitHub/AidansRepo/TeensySwerve/src/tnsy-swrv_controller'
[1.059s] INFO:colcon.colcon_core.shell:Skip shell extension 'powershell' for command environment: Not usable outside of PowerShell
[1.059s] DEBUG:colcon.colcon_core.shell:Skip shell extension 'dsv' for command environment
[1.628s] DEBUG:colcon.colcon_core.event_handler.log_command:Invoking command in '/home/aidan/GitHub/AidansRepo/TeensySwerve/src/tnsy-swrv_controller': PYTHONPATH=/home/aidan/GitHub/AidansRepo/TeensySwerve/build/tnsy-swrv_controller/prefix_override:/home/aidan/GitHub/AidansRepo/TeensySwerve/install/tnsy-swrv_controller/lib/python3.10/site-packages:${PYTHONPATH} /usr/bin/python3 -W ignore:setup.py install is deprecated setup.py egg_info --egg-base ../../build/tnsy-swrv_controller build --build-base /home/aidan/GitHub/AidansRepo/TeensySwerve/build/tnsy-swrv_controller/build install --record /home/aidan/GitHub/AidansRepo/TeensySwerve/build/tnsy-swrv_controller/install.log --single-version-externally-managed install_data
[2.155s] DEBUG:colcon.colcon_core.event_handler.log_command:Invoked command in '/home/aidan/GitHub/AidansRepo/TeensySwerve/src/tnsy-swrv_controller' returned '0': PYTHONPATH=/home/aidan/GitHub/AidansRepo/TeensySwerve/build/tnsy-swrv_controller/prefix_override:/home/aidan/GitHub/AidansRepo/TeensySwerve/install/tnsy-swrv_controller/lib/python3.10/site-packages:${PYTHONPATH} /usr/bin/python3 -W ignore:setup.py install is deprecated setup.py egg_info --egg-base ../../build/tnsy-swrv_controller build --build-base /home/aidan/GitHub/AidansRepo/TeensySwerve/build/tnsy-swrv_controller/build install --record /home/aidan/GitHub/AidansRepo/TeensySwerve/build/tnsy-swrv_controller/install.log --single-version-externally-managed install_data
[2.158s] Level 1:colcon.colcon_core.environment:checking '/home/aidan/GitHub/AidansRepo/TeensySwerve/install/tnsy-swrv_controller' for CMake module files
[2.158s] Level 1:colcon.colcon_core.environment:checking '/home/aidan/GitHub/AidansRepo/TeensySwerve/install/tnsy-swrv_controller' for CMake config files
[2.159s] Level 1:colcon.colcon_core.environment:checking '/home/aidan/GitHub/AidansRepo/TeensySwerve/install/tnsy-swrv_controller/lib'
[2.159s] Level 1:colcon.colcon_core.environment:checking '/home/aidan/GitHub/AidansRepo/TeensySwerve/install/tnsy-swrv_controller/bin'
[2.159s] Level 1:colcon.colcon_core.environment:checking '/home/aidan/GitHub/AidansRepo/TeensySwerve/install/tnsy-swrv_controller/lib/pkgconfig/tnsy-swrv_controller.pc'
[2.160s] Level 1:colcon.colcon_core.environment:checking '/home/aidan/GitHub/AidansRepo/TeensySwerve/install/tnsy-swrv_controller/lib/python3.10/site-packages'
[2.160s] Level 1:colcon.colcon_core.shell:create_environment_hook('tnsy-swrv_controller', 'pythonpath')
[2.160s] INFO:colcon.colcon_core.shell:Creating environment hook '/home/aidan/GitHub/AidansRepo/TeensySwerve/install/tnsy-swrv_controller/share/tnsy-swrv_controller/hook/pythonpath.ps1'
[2.161s] INFO:colcon.colcon_core.shell:Creating environment descriptor '/home/aidan/GitHub/AidansRepo/TeensySwerve/install/tnsy-swrv_controller/share/tnsy-swrv_controller/hook/pythonpath.dsv'
[2.161s] INFO:colcon.colcon_core.shell:Creating environment hook '/home/aidan/GitHub/AidansRepo/TeensySwerve/install/tnsy-swrv_controller/share/tnsy-swrv_controller/hook/pythonpath.sh'
[2.162s] Level 1:colcon.colcon_core.environment:checking '/home/aidan/GitHub/AidansRepo/TeensySwerve/install/tnsy-swrv_controller/bin'
[2.162s] Level 1:colcon.colcon_core.environment:create_environment_scripts_only(tnsy-swrv_controller)
[2.163s] INFO:colcon.colcon_core.shell:Creating package script '/home/aidan/GitHub/AidansRepo/TeensySwerve/install/tnsy-swrv_controller/share/tnsy-swrv_controller/package.ps1'
[2.164s] INFO:colcon.colcon_core.shell:Creating package descriptor '/home/aidan/GitHub/AidansRepo/TeensySwerve/install/tnsy-swrv_controller/share/tnsy-swrv_controller/package.dsv'
[2.165s] INFO:colcon.colcon_core.shell:Creating package script '/home/aidan/GitHub/AidansRepo/TeensySwerve/install/tnsy-swrv_controller/share/tnsy-swrv_controller/package.sh'
[2.167s] INFO:colcon.colcon_core.shell:Creating package script '/home/aidan/GitHub/AidansRepo/TeensySwerve/install/tnsy-swrv_controller/share/tnsy-swrv_controller/package.bash'
[2.169s] INFO:colcon.colcon_core.shell:Creating package script '/home/aidan/GitHub/AidansRepo/TeensySwerve/install/tnsy-swrv_controller/share/tnsy-swrv_controller/package.zsh'
[2.170s] Level 1:colcon.colcon_core.environment:create_file_with_runtime_dependencies(/home/aidan/GitHub/AidansRepo/TeensySwerve/install/tnsy-swrv_controller/share/colcon-core/packages/tnsy-swrv_controller)
[2.171s] DEBUG:colcon.colcon_parallel_executor.executor.parallel:closing loop
[2.172s] DEBUG:colcon.colcon_parallel_executor.executor.parallel:loop closed
[2.172s] DEBUG:colcon.colcon_parallel_executor.executor.parallel:run_until_complete finished with '0'
[2.172s] DEBUG:colcon.colcon_core.event_reactor:joining thread
[2.185s] INFO:colcon.colcon_core.plugin_system:Skipping extension 'colcon_notification.desktop_notification.terminal_notifier': Not used on non-Darwin systems
[2.185s] INFO:colcon.colcon_core.plugin_system:Skipping extension 'colcon_notification.desktop_notification.win32': Not used on non-Windows systems
[2.186s] INFO:colcon.colcon_notification.desktop_notification:Sending desktop notification using 'notify2'
[2.215s] DEBUG:colcon.colcon_core.event_reactor:joined thread
[2.216s] INFO:colcon.colcon_core.shell:Creating prefix script '/home/aidan/GitHub/AidansRepo/TeensySwerve/install/local_setup.ps1'
[2.219s] INFO:colcon.colcon_core.shell:Creating prefix util module '/home/aidan/GitHub/AidansRepo/TeensySwerve/install/_local_setup_util_ps1.py'
[2.224s] INFO:colcon.colcon_core.shell:Creating prefix chain script '/home/aidan/GitHub/AidansRepo/TeensySwerve/install/setup.ps1'
[2.226s] INFO:colcon.colcon_core.shell:Creating prefix script '/home/aidan/GitHub/AidansRepo/TeensySwerve/install/local_setup.sh'
[2.227s] INFO:colcon.colcon_core.shell:Creating prefix util module '/home/aidan/GitHub/AidansRepo/TeensySwerve/install/_local_setup_util_sh.py'
[2.228s] INFO:colcon.colcon_core.shell:Creating prefix chain script '/home/aidan/GitHub/AidansRepo/TeensySwerve/install/setup.sh'
[2.230s] INFO:colcon.colcon_core.shell:Creating prefix script '/home/aidan/GitHub/AidansRepo/TeensySwerve/install/local_setup.bash'
[2.232s] INFO:colcon.colcon_core.shell:Creating prefix chain script '/home/aidan/GitHub/AidansRepo/TeensySwerve/install/setup.bash'
[2.235s] INFO:colcon.colcon_core.shell:Creating prefix script '/home/aidan/GitHub/AidansRepo/TeensySwerve/install/local_setup.zsh'
[2.237s] INFO:colcon.colcon_core.shell:Creating prefix chain script '/home/aidan/GitHub/AidansRepo/TeensySwerve/install/setup.zsh'
