[3.053s] Invoking command in '/home/aidan/GitHub/AidansRepo/TeensySwerve/src/tnsy_swrv_controller': AMENT_PREFIX_PATH=/home/aidan/GitHub/AidansRepo/TeensySwerve/install/std_msgs:/home/aidan/GitHub/AidansRepo/TeensySwerve/install/builtin_interfaces:${AMENT_PREFIX_PATH} CMAKE_PREFIX_PATH=/home/aidan/GitHub/AidansRepo/TeensySwerve/install/std_msgs:/home/aidan/GitHub/AidansRepo/TeensySwerve/install/builtin_interfaces:${CMAKE_PREFIX_PATH} LD_LIBRARY_PATH=/home/aidan/GitHub/AidansRepo/TeensySwerve/install/std_msgs/lib:/home/aidan/GitHub/AidansRepo/TeensySwerve/install/builtin_interfaces/lib:${LD_LIBRARY_PATH} PYTHONPATH=/home/aidan/GitHub/AidansRepo/TeensySwerve/build/tnsy_swrv_controller/prefix_override:/home/aidan/GitHub/AidansRepo/TeensySwerve/install/tnsy_swrv_controller/lib/python3.10/site-packages:/home/aidan/GitHub/AidansRepo/TeensySwerve/install/std_msgs/local/lib/python3.10/dist-packages:/home/aidan/GitHub/AidansRepo/TeensySwerve/install/builtin_interfaces/local/lib/python3.10/dist-packages:${PYTHONPATH} /usr/bin/python3 -W ignore:setup.py install is deprecated setup.py egg_info --egg-base ../../build/tnsy_swrv_controller build --build-base /home/aidan/GitHub/AidansRepo/TeensySwerve/build/tnsy_swrv_controller/build install --record /home/aidan/GitHub/AidansRepo/TeensySwerve/build/tnsy_swrv_controller/install.log --single-version-externally-managed install_data
[3.925s] running egg_info
[3.928s] writing ../../build/tnsy_swrv_controller/tnsy_swrv_controller.egg-info/PKG-INFO
[3.928s] writing dependency_links to ../../build/tnsy_swrv_controller/tnsy_swrv_controller.egg-info/dependency_links.txt
[3.928s] writing entry points to ../../build/tnsy_swrv_controller/tnsy_swrv_controller.egg-info/entry_points.txt
[3.929s] writing requirements to ../../build/tnsy_swrv_controller/tnsy_swrv_controller.egg-info/requires.txt
[3.929s] writing top-level names to ../../build/tnsy_swrv_controller/tnsy_swrv_controller.egg-info/top_level.txt
[3.935s] reading manifest file '../../build/tnsy_swrv_controller/tnsy_swrv_controller.egg-info/SOURCES.txt'
[3.941s] writing manifest file '../../build/tnsy_swrv_controller/tnsy_swrv_controller.egg-info/SOURCES.txt'
[3.941s] running build
[3.942s] running build_py
[3.953s] running install
[3.954s] running install_lib
[3.954s] running install_data
[3.962s] running install_egg_info
[3.970s] removing '/home/aidan/GitHub/AidansRepo/TeensySwerve/install/tnsy_swrv_controller/lib/python3.10/site-packages/tnsy_swrv_controller-0.0.0-py3.10.egg-info' (and everything under it)
[3.974s] Copying ../../build/tnsy_swrv_controller/tnsy_swrv_controller.egg-info to /home/aidan/GitHub/AidansRepo/TeensySwerve/install/tnsy_swrv_controller/lib/python3.10/site-packages/tnsy_swrv_controller-0.0.0-py3.10.egg-info
[3.974s] running install_scripts
[4.063s] Installing joy_translator script to /home/aidan/GitHub/AidansRepo/TeensySwerve/install/tnsy_swrv_controller/lib/tnsy_swrv_controller
[4.069s] Installing pub script to /home/aidan/GitHub/AidansRepo/TeensySwerve/install/tnsy_swrv_controller/lib/tnsy_swrv_controller
[4.075s] Installing sub script to /home/aidan/GitHub/AidansRepo/TeensySwerve/install/tnsy_swrv_controller/lib/tnsy_swrv_controller
[4.075s] Installing test_node script to /home/aidan/GitHub/AidansRepo/TeensySwerve/install/tnsy_swrv_controller/lib/tnsy_swrv_controller
[4.076s] writing list of installed files to '/home/aidan/GitHub/AidansRepo/TeensySwerve/build/tnsy_swrv_controller/install.log'
[4.186s] Invoked command in '/home/aidan/GitHub/AidansRepo/TeensySwerve/src/tnsy_swrv_controller' returned '0': AMENT_PREFIX_PATH=/home/aidan/GitHub/AidansRepo/TeensySwerve/install/std_msgs:/home/aidan/GitHub/AidansRepo/TeensySwerve/install/builtin_interfaces:${AMENT_PREFIX_PATH} CMAKE_PREFIX_PATH=/home/aidan/GitHub/AidansRepo/TeensySwerve/install/std_msgs:/home/aidan/GitHub/AidansRepo/TeensySwerve/install/builtin_interfaces:${CMAKE_PREFIX_PATH} LD_LIBRARY_PATH=/home/aidan/GitHub/AidansRepo/TeensySwerve/install/std_msgs/lib:/home/aidan/GitHub/AidansRepo/TeensySwerve/install/builtin_interfaces/lib:${LD_LIBRARY_PATH} PYTHONPATH=/home/aidan/GitHub/AidansRepo/TeensySwerve/build/tnsy_swrv_controller/prefix_override:/home/aidan/GitHub/AidansRepo/TeensySwerve/install/tnsy_swrv_controller/lib/python3.10/site-packages:/home/aidan/GitHub/AidansRepo/TeensySwerve/install/std_msgs/local/lib/python3.10/dist-packages:/home/aidan/GitHub/AidansRepo/TeensySwerve/install/builtin_interfaces/local/lib/python3.10/dist-packages:${PYTHONPATH} /usr/bin/python3 -W ignore:setup.py install is deprecated setup.py egg_info --egg-base ../../build/tnsy_swrv_controller build --build-base /home/aidan/GitHub/AidansRepo/TeensySwerve/build/tnsy_swrv_controller/build install --record /home/aidan/GitHub/AidansRepo/TeensySwerve/build/tnsy_swrv_controller/install.log --single-version-externally-managed install_data
