[0.102s] Invoking command in '/home/aidan/GitHub/AidansRepo/TeensySwerve/build/shape_msgs': AMENT_PREFIX_PATH=/home/aidan/GitHub/AidansRepo/TeensySwerve/install/geometry_msgs:/home/aidan/GitHub/AidansRepo/TeensySwerve/install/std_msgs:/home/aidan/GitHub/AidansRepo/TeensySwerve/install/builtin_interfaces:${AMENT_PREFIX_PATH} CMAKE_PREFIX_PATH=/home/aidan/GitHub/AidansRepo/TeensySwerve/install/geometry_msgs:/home/aidan/GitHub/AidansRepo/TeensySwerve/install/std_msgs:/home/aidan/GitHub/AidansRepo/TeensySwerve/install/builtin_interfaces:/home/aidan/GitHub/AidansRepo/TeensySwerve/install/tnsy_interfaces:/home/aidan/microros_ws/install/micro_ros_setup:/home/aidan/microros_ws/install/micro_ros_agent:/home/aidan/microros_ws/install/micro_ros_msgs:/home/aidan/GitHub/AidansRepo/TeensySwerve/install/tnsy_swrv_controller:/opt/ros/humble LD_LIBRARY_PATH=/home/aidan/GitHub/AidansRepo/TeensySwerve/install/geometry_msgs/lib:/home/aidan/GitHub/AidansRepo/TeensySwerve/install/std_msgs/lib:/home/aidan/GitHub/AidansRepo/TeensySwerve/install/builtin_interfaces/lib:${LD_LIBRARY_PATH} PYTHONPATH=/home/aidan/GitHub/AidansRepo/TeensySwerve/install/geometry_msgs/local/lib/python3.10/dist-packages:/home/aidan/GitHub/AidansRepo/TeensySwerve/install/std_msgs/local/lib/python3.10/dist-packages:/home/aidan/GitHub/AidansRepo/TeensySwerve/install/builtin_interfaces/local/lib/python3.10/dist-packages:${PYTHONPATH} /usr/bin/cmake --build /home/aidan/GitHub/AidansRepo/TeensySwerve/build/shape_msgs -- -j4 -l4
[0.438s] [  1%] Built target shape_msgs__cpp
[0.569s] [  1%] Built target ament_cmake_python_copy_shape_msgs
[0.653s] [35m[1mConsolidate compiler generated dependencies of target shape_msgs__rosidl_typesupport_fastrtps_cpp[0m
[0.702s] [ 12%] Built target shape_msgs__rosidl_typesupport_fastrtps_cpp
[0.747s] [35m[1mConsolidate compiler generated dependencies of target shape_msgs__rosidl_typesupport_introspection_cpp[0m
[0.786s] [ 23%] Built target shape_msgs__rosidl_typesupport_introspection_cpp
[2.406s] running egg_info
[2.427s] writing shape_msgs.egg-info/PKG-INFO
[2.427s] writing dependency_links to shape_msgs.egg-info/dependency_links.txt
[2.435s] writing top-level names to shape_msgs.egg-info/top_level.txt
[2.437s] reading manifest file 'shape_msgs.egg-info/SOURCES.txt'
[2.438s] writing manifest file 'shape_msgs.egg-info/SOURCES.txt'
[2.665s] [ 23%] Built target ament_cmake_python_build_shape_msgs_egg
[2.731s] [35m[1mConsolidate compiler generated dependencies of target shape_msgs__rosidl_typesupport_cpp[0m
[2.804s] [ 34%] Built target shape_msgs__rosidl_typesupport_cpp
[2.892s] [35m[1mConsolidate compiler generated dependencies of target shape_msgs__rosidl_generator_c[0m
[2.991s] [ 45%] Built target shape_msgs__rosidl_generator_c
[3.065s] [35m[1mConsolidate compiler generated dependencies of target shape_msgs__rosidl_typesupport_fastrtps_c[0m
[3.153s] [ 56%] Built target shape_msgs__rosidl_typesupport_fastrtps_c
[3.201s] [35m[1mConsolidate compiler generated dependencies of target shape_msgs__rosidl_typesupport_c[0m
[3.275s] [ 67%] Built target shape_msgs__rosidl_typesupport_c
[3.742s] [35m[1mConsolidate compiler generated dependencies of target shape_msgs__rosidl_typesupport_introspection_c[0m
[3.956s] [ 78%] Built target shape_msgs__rosidl_typesupport_introspection_c
[3.956s] [ 78%] Built target shape_msgs
[3.970s] [ 80%] Built target shape_msgs__py
[3.990s] [35m[1mConsolidate compiler generated dependencies of target shape_msgs__rosidl_generator_py[0m
[4.131s] [ 89%] Built target shape_msgs__rosidl_generator_py
[4.200s] [35m[1mConsolidate compiler generated dependencies of target shape_msgs__rosidl_typesupport_fastrtps_c__pyext[0m
[4.344s] [ 92%] Built target shape_msgs__rosidl_typesupport_fastrtps_c__pyext
[4.433s] [35m[1mConsolidate compiler generated dependencies of target shape_msgs__rosidl_typesupport_c__pyext[0m
[4.508s] [ 96%] Built target shape_msgs__rosidl_typesupport_c__pyext
[4.571s] [35m[1mConsolidate compiler generated dependencies of target shape_msgs__rosidl_typesupport_introspection_c__pyext[0m
[4.624s] [100%] Built target shape_msgs__rosidl_typesupport_introspection_c__pyext
[4.686s] Invoked command in '/home/aidan/GitHub/AidansRepo/TeensySwerve/build/shape_msgs' returned '0': AMENT_PREFIX_PATH=/home/aidan/GitHub/AidansRepo/TeensySwerve/install/geometry_msgs:/home/aidan/GitHub/AidansRepo/TeensySwerve/install/std_msgs:/home/aidan/GitHub/AidansRepo/TeensySwerve/install/builtin_interfaces:${AMENT_PREFIX_PATH} CMAKE_PREFIX_PATH=/home/aidan/GitHub/AidansRepo/TeensySwerve/install/geometry_msgs:/home/aidan/GitHub/AidansRepo/TeensySwerve/install/std_msgs:/home/aidan/GitHub/AidansRepo/TeensySwerve/install/builtin_interfaces:/home/aidan/GitHub/AidansRepo/TeensySwerve/install/tnsy_interfaces:/home/aidan/microros_ws/install/micro_ros_setup:/home/aidan/microros_ws/install/micro_ros_agent:/home/aidan/microros_ws/install/micro_ros_msgs:/home/aidan/GitHub/AidansRepo/TeensySwerve/install/tnsy_swrv_controller:/opt/ros/humble LD_LIBRARY_PATH=/home/aidan/GitHub/AidansRepo/TeensySwerve/install/geometry_msgs/lib:/home/aidan/GitHub/AidansRepo/TeensySwerve/install/std_msgs/lib:/home/aidan/GitHub/AidansRepo/TeensySwerve/install/builtin_interfaces/lib:${LD_LIBRARY_PATH} PYTHONPATH=/home/aidan/GitHub/AidansRepo/TeensySwerve/install/geometry_msgs/local/lib/python3.10/dist-packages:/home/aidan/GitHub/AidansRepo/TeensySwerve/install/std_msgs/local/lib/python3.10/dist-packages:/home/aidan/GitHub/AidansRepo/TeensySwerve/install/builtin_interfaces/local/lib/python3.10/dist-packages:${PYTHONPATH} /usr/bin/cmake --build /home/aidan/GitHub/AidansRepo/TeensySwerve/build/shape_msgs -- -j4 -l4
[5.419s] Invoking command in '/home/aidan/GitHub/AidansRepo/TeensySwerve/build/shape_msgs': AMENT_PREFIX_PATH=/home/aidan/GitHub/AidansRepo/TeensySwerve/install/geometry_msgs:/home/aidan/GitHub/AidansRepo/TeensySwerve/install/std_msgs:/home/aidan/GitHub/AidansRepo/TeensySwerve/install/builtin_interfaces:${AMENT_PREFIX_PATH} CMAKE_PREFIX_PATH=/home/aidan/GitHub/AidansRepo/TeensySwerve/install/geometry_msgs:/home/aidan/GitHub/AidansRepo/TeensySwerve/install/std_msgs:/home/aidan/GitHub/AidansRepo/TeensySwerve/install/builtin_interfaces:/home/aidan/GitHub/AidansRepo/TeensySwerve/install/tnsy_interfaces:/home/aidan/microros_ws/install/micro_ros_setup:/home/aidan/microros_ws/install/micro_ros_agent:/home/aidan/microros_ws/install/micro_ros_msgs:/home/aidan/GitHub/AidansRepo/TeensySwerve/install/tnsy_swrv_controller:/opt/ros/humble LD_LIBRARY_PATH=/home/aidan/GitHub/AidansRepo/TeensySwerve/install/geometry_msgs/lib:/home/aidan/GitHub/AidansRepo/TeensySwerve/install/std_msgs/lib:/home/aidan/GitHub/AidansRepo/TeensySwerve/install/builtin_interfaces/lib:${LD_LIBRARY_PATH} PYTHONPATH=/home/aidan/GitHub/AidansRepo/TeensySwerve/install/geometry_msgs/local/lib/python3.10/dist-packages:/home/aidan/GitHub/AidansRepo/TeensySwerve/install/std_msgs/local/lib/python3.10/dist-packages:/home/aidan/GitHub/AidansRepo/TeensySwerve/install/builtin_interfaces/local/lib/python3.10/dist-packages:${PYTHONPATH} /usr/bin/cmake --install /home/aidan/GitHub/AidansRepo/TeensySwerve/build/shape_msgs
[5.473s] -- Install configuration: ""
[5.473s] -- Up-to-date: /home/aidan/GitHub/AidansRepo/TeensySwerve/install/shape_msgs/share/ament_index/resource_index/rosidl_interfaces/shape_msgs
[5.474s] -- Up-to-date: /home/aidan/GitHub/AidansRepo/TeensySwerve/install/shape_msgs/include/shape_msgs/shape_msgs
[5.474s] -- Up-to-date: /home/aidan/GitHub/AidansRepo/TeensySwerve/install/shape_msgs/include/shape_msgs/shape_msgs/msg
[5.475s] -- Up-to-date: /home/aidan/GitHub/AidansRepo/TeensySwerve/install/shape_msgs/include/shape_msgs/shape_msgs/msg/plane.h
[5.481s] -- Up-to-date: /home/aidan/GitHub/AidansRepo/TeensySwerve/install/shape_msgs/include/shape_msgs/shape_msgs/msg/mesh_triangle.h
[5.481s] -- Up-to-date: /home/aidan/GitHub/AidansRepo/TeensySwerve/install/shape_msgs/include/shape_msgs/shape_msgs/msg/rosidl_generator_c__visibility_control.h
[5.482s] -- Up-to-date: /home/aidan/GitHub/AidansRepo/TeensySwerve/install/shape_msgs/include/shape_msgs/shape_msgs/msg/detail
[5.486s] -- Up-to-date: /home/aidan/GitHub/AidansRepo/TeensySwerve/install/shape_msgs/include/shape_msgs/shape_msgs/msg/detail/mesh__functions.h
[5.489s] -- Up-to-date: /home/aidan/GitHub/AidansRepo/TeensySwerve/install/shape_msgs/include/shape_msgs/shape_msgs/msg/detail/plane__functions.h
[5.489s] -- Up-to-date: /home/aidan/GitHub/AidansRepo/TeensySwerve/install/shape_msgs/include/shape_msgs/shape_msgs/msg/detail/mesh_triangle__struct.h
[5.489s] -- Up-to-date: /home/aidan/GitHub/AidansRepo/TeensySwerve/install/shape_msgs/include/shape_msgs/shape_msgs/msg/detail/mesh__struct.h
[5.493s] -- Up-to-date: /home/aidan/GitHub/AidansRepo/TeensySwerve/install/shape_msgs/include/shape_msgs/shape_msgs/msg/detail/mesh_triangle__type_support.h
[5.494s] -- Up-to-date: /home/aidan/GitHub/AidansRepo/TeensySwerve/install/shape_msgs/include/shape_msgs/shape_msgs/msg/detail/plane__functions.c
[5.500s] -- Up-to-date: /home/aidan/GitHub/AidansRepo/TeensySwerve/install/shape_msgs/include/shape_msgs/shape_msgs/msg/detail/plane__type_support.h
[5.505s] -- Up-to-date: /home/aidan/GitHub/AidansRepo/TeensySwerve/install/shape_msgs/include/shape_msgs/shape_msgs/msg/detail/mesh__type_support.h
[5.510s] -- Up-to-date: /home/aidan/GitHub/AidansRepo/TeensySwerve/install/shape_msgs/include/shape_msgs/shape_msgs/msg/detail/mesh_triangle__functions.c
[5.510s] -- Up-to-date: /home/aidan/GitHub/AidansRepo/TeensySwerve/install/shape_msgs/include/shape_msgs/shape_msgs/msg/detail/solid_primitive__type_support.h
[5.510s] -- Up-to-date: /home/aidan/GitHub/AidansRepo/TeensySwerve/install/shape_msgs/include/shape_msgs/shape_msgs/msg/detail/mesh__functions.c
[5.518s] -- Up-to-date: /home/aidan/GitHub/AidansRepo/TeensySwerve/install/shape_msgs/include/shape_msgs/shape_msgs/msg/detail/plane__struct.h
[5.519s] -- Up-to-date: /home/aidan/GitHub/AidansRepo/TeensySwerve/install/shape_msgs/include/shape_msgs/shape_msgs/msg/detail/solid_primitive__functions.h
[5.528s] -- Up-to-date: /home/aidan/GitHub/AidansRepo/TeensySwerve/install/shape_msgs/include/shape_msgs/shape_msgs/msg/detail/mesh_triangle__functions.h
[5.530s] -- Up-to-date: /home/aidan/GitHub/AidansRepo/TeensySwerve/install/shape_msgs/include/shape_msgs/shape_msgs/msg/detail/solid_primitive__functions.c
[5.533s] -- Up-to-date: /home/aidan/GitHub/AidansRepo/TeensySwerve/install/shape_msgs/include/shape_msgs/shape_msgs/msg/detail/solid_primitive__struct.h
[5.534s] -- Up-to-date: /home/aidan/GitHub/AidansRepo/TeensySwerve/install/shape_msgs/include/shape_msgs/shape_msgs/msg/solid_primitive.h
[5.537s] -- Up-to-date: /home/aidan/GitHub/AidansRepo/TeensySwerve/install/shape_msgs/include/shape_msgs/shape_msgs/msg/mesh.h
[5.538s] -- Up-to-date: /home/aidan/GitHub/AidansRepo/TeensySwerve/install/shape_msgs/share/shape_msgs/environment/library_path.sh
[5.541s] -- Up-to-date: /home/aidan/GitHub/AidansRepo/TeensySwerve/install/shape_msgs/share/shape_msgs/environment/library_path.dsv
[5.542s] -- Up-to-date: /home/aidan/GitHub/AidansRepo/TeensySwerve/install/shape_msgs/lib/libshape_msgs__rosidl_generator_c.so
[5.542s] -- Up-to-date: /home/aidan/GitHub/AidansRepo/TeensySwerve/install/shape_msgs/include/shape_msgs/shape_msgs
[5.543s] -- Up-to-date: /home/aidan/GitHub/AidansRepo/TeensySwerve/install/shape_msgs/include/shape_msgs/shape_msgs/msg
[5.549s] -- Up-to-date: /home/aidan/GitHub/AidansRepo/TeensySwerve/install/shape_msgs/include/shape_msgs/shape_msgs/msg/rosidl_typesupport_fastrtps_c__visibility_control.h
[5.550s] -- Up-to-date: /home/aidan/GitHub/AidansRepo/TeensySwerve/install/shape_msgs/include/shape_msgs/shape_msgs/msg/detail
[5.551s] -- Up-to-date: /home/aidan/GitHub/AidansRepo/TeensySwerve/install/shape_msgs/include/shape_msgs/shape_msgs/msg/detail/mesh__rosidl_typesupport_fastrtps_c.h
[5.551s] -- Up-to-date: /home/aidan/GitHub/AidansRepo/TeensySwerve/install/shape_msgs/include/shape_msgs/shape_msgs/msg/detail/solid_primitive__rosidl_typesupport_fastrtps_c.h
[5.552s] -- Up-to-date: /home/aidan/GitHub/AidansRepo/TeensySwerve/install/shape_msgs/include/shape_msgs/shape_msgs/msg/detail/mesh_triangle__rosidl_typesupport_fastrtps_c.h
[5.552s] -- Up-to-date: /home/aidan/GitHub/AidansRepo/TeensySwerve/install/shape_msgs/include/shape_msgs/shape_msgs/msg/detail/plane__rosidl_typesupport_fastrtps_c.h
[5.556s] -- Up-to-date: /home/aidan/GitHub/AidansRepo/TeensySwerve/install/shape_msgs/lib/libshape_msgs__rosidl_typesupport_fastrtps_c.so
[5.557s] -- Up-to-date: /home/aidan/GitHub/AidansRepo/TeensySwerve/install/shape_msgs/include/shape_msgs/shape_msgs
[5.557s] -- Up-to-date: /home/aidan/GitHub/AidansRepo/TeensySwerve/install/shape_msgs/include/shape_msgs/shape_msgs/msg
[5.557s] -- Up-to-date: /home/aidan/GitHub/AidansRepo/TeensySwerve/install/shape_msgs/include/shape_msgs/shape_msgs/msg/solid_primitive.hpp
[5.557s] -- Up-to-date: /home/aidan/GitHub/AidansRepo/TeensySwerve/install/shape_msgs/include/shape_msgs/shape_msgs/msg/plane.hpp
[5.558s] -- Up-to-date: /home/aidan/GitHub/AidansRepo/TeensySwerve/install/shape_msgs/include/shape_msgs/shape_msgs/msg/mesh_triangle.hpp
[5.558s] -- Up-to-date: /home/aidan/GitHub/AidansRepo/TeensySwerve/install/shape_msgs/include/shape_msgs/shape_msgs/msg/mesh.hpp
[5.558s] -- Up-to-date: /home/aidan/GitHub/AidansRepo/TeensySwerve/install/shape_msgs/include/shape_msgs/shape_msgs/msg/detail
[5.559s] -- Up-to-date: /home/aidan/GitHub/AidansRepo/TeensySwerve/install/shape_msgs/include/shape_msgs/shape_msgs/msg/detail/mesh__builder.hpp
[5.559s] -- Up-to-date: /home/aidan/GitHub/AidansRepo/TeensySwerve/install/shape_msgs/include/shape_msgs/shape_msgs/msg/detail/mesh_triangle__struct.hpp
[5.559s] -- Up-to-date: /home/aidan/GitHub/AidansRepo/TeensySwerve/install/shape_msgs/include/shape_msgs/shape_msgs/msg/detail/mesh_triangle__type_support.hpp
[5.559s] -- Up-to-date: /home/aidan/GitHub/AidansRepo/TeensySwerve/install/shape_msgs/include/shape_msgs/shape_msgs/msg/detail/plane__traits.hpp
[5.561s] -- Up-to-date: /home/aidan/GitHub/AidansRepo/TeensySwerve/install/shape_msgs/include/shape_msgs/shape_msgs/msg/detail/plane__type_support.hpp
[5.561s] -- Up-to-date: /home/aidan/GitHub/AidansRepo/TeensySwerve/install/shape_msgs/include/shape_msgs/shape_msgs/msg/detail/solid_primitive__builder.hpp
[5.561s] -- Up-to-date: /home/aidan/GitHub/AidansRepo/TeensySwerve/install/shape_msgs/include/shape_msgs/shape_msgs/msg/detail/mesh_triangle__builder.hpp
[5.561s] -- Up-to-date: /home/aidan/GitHub/AidansRepo/TeensySwerve/install/shape_msgs/include/shape_msgs/shape_msgs/msg/detail/plane__builder.hpp
[5.562s] -- Up-to-date: /home/aidan/GitHub/AidansRepo/TeensySwerve/install/shape_msgs/include/shape_msgs/shape_msgs/msg/detail/plane__struct.hpp
[5.562s] -- Up-to-date: /home/aidan/GitHub/AidansRepo/TeensySwerve/install/shape_msgs/include/shape_msgs/shape_msgs/msg/detail/mesh__type_support.hpp
[5.562s] -- Up-to-date: /home/aidan/GitHub/AidansRepo/TeensySwerve/install/shape_msgs/include/shape_msgs/shape_msgs/msg/detail/solid_primitive__type_support.hpp
[5.562s] -- Up-to-date: /home/aidan/GitHub/AidansRepo/TeensySwerve/install/shape_msgs/include/shape_msgs/shape_msgs/msg/detail/mesh__traits.hpp
[5.563s] -- Up-to-date: /home/aidan/GitHub/AidansRepo/TeensySwerve/install/shape_msgs/include/shape_msgs/shape_msgs/msg/detail/mesh_triangle__traits.hpp
[5.563s] -- Up-to-date: /home/aidan/GitHub/AidansRepo/TeensySwerve/install/shape_msgs/include/shape_msgs/shape_msgs/msg/detail/solid_primitive__struct.hpp
[5.564s] -- Up-to-date: /home/aidan/GitHub/AidansRepo/TeensySwerve/install/shape_msgs/include/shape_msgs/shape_msgs/msg/detail/mesh__struct.hpp
[5.564s] -- Up-to-date: /home/aidan/GitHub/AidansRepo/TeensySwerve/install/shape_msgs/include/shape_msgs/shape_msgs/msg/detail/solid_primitive__traits.hpp
[5.564s] -- Up-to-date: /home/aidan/GitHub/AidansRepo/TeensySwerve/install/shape_msgs/include/shape_msgs/shape_msgs/msg/rosidl_generator_cpp__visibility_control.hpp
[5.564s] -- Up-to-date: /home/aidan/GitHub/AidansRepo/TeensySwerve/install/shape_msgs/include/shape_msgs/shape_msgs
[5.565s] -- Up-to-date: /home/aidan/GitHub/AidansRepo/TeensySwerve/install/shape_msgs/include/shape_msgs/shape_msgs/msg
[5.568s] -- Up-to-date: /home/aidan/GitHub/AidansRepo/TeensySwerve/install/shape_msgs/include/shape_msgs/shape_msgs/msg/rosidl_typesupport_fastrtps_cpp__visibility_control.h
[5.568s] -- Up-to-date: /home/aidan/GitHub/AidansRepo/TeensySwerve/install/shape_msgs/include/shape_msgs/shape_msgs/msg/detail
[5.569s] -- Up-to-date: /home/aidan/GitHub/AidansRepo/TeensySwerve/install/shape_msgs/include/shape_msgs/shape_msgs/msg/detail/dds_fastrtps
[5.569s] -- Up-to-date: /home/aidan/GitHub/AidansRepo/TeensySwerve/install/shape_msgs/include/shape_msgs/shape_msgs/msg/detail/mesh__rosidl_typesupport_fastrtps_cpp.hpp
[5.569s] -- Up-to-date: /home/aidan/GitHub/AidansRepo/TeensySwerve/install/shape_msgs/include/shape_msgs/shape_msgs/msg/detail/plane__rosidl_typesupport_fastrtps_cpp.hpp
[5.569s] -- Up-to-date: /home/aidan/GitHub/AidansRepo/TeensySwerve/install/shape_msgs/include/shape_msgs/shape_msgs/msg/detail/mesh_triangle__rosidl_typesupport_fastrtps_cpp.hpp
[5.570s] -- Up-to-date: /home/aidan/GitHub/AidansRepo/TeensySwerve/install/shape_msgs/include/shape_msgs/shape_msgs/msg/detail/solid_primitive__rosidl_typesupport_fastrtps_cpp.hpp
[5.570s] -- Up-to-date: /home/aidan/GitHub/AidansRepo/TeensySwerve/install/shape_msgs/lib/libshape_msgs__rosidl_typesupport_fastrtps_cpp.so
[5.570s] -- Up-to-date: /home/aidan/GitHub/AidansRepo/TeensySwerve/install/shape_msgs/include/shape_msgs/shape_msgs
[5.570s] -- Up-to-date: /home/aidan/GitHub/AidansRepo/TeensySwerve/install/shape_msgs/include/shape_msgs/shape_msgs/msg
[5.570s] -- Up-to-date: /home/aidan/GitHub/AidansRepo/TeensySwerve/install/shape_msgs/include/shape_msgs/shape_msgs/msg/detail
[5.570s] -- Up-to-date: /home/aidan/GitHub/AidansRepo/TeensySwerve/install/shape_msgs/include/shape_msgs/shape_msgs/msg/detail/mesh__type_support.c
[5.571s] -- Up-to-date: /home/aidan/GitHub/AidansRepo/TeensySwerve/install/shape_msgs/include/shape_msgs/shape_msgs/msg/detail/solid_primitive__rosidl_typesupport_introspection_c.h
[5.572s] -- Up-to-date: /home/aidan/GitHub/AidansRepo/TeensySwerve/install/shape_msgs/include/shape_msgs/shape_msgs/msg/detail/plane__type_support.c
[5.573s] -- Up-to-date: /home/aidan/GitHub/AidansRepo/TeensySwerve/install/shape_msgs/include/shape_msgs/shape_msgs/msg/detail/solid_primitive__type_support.c
[5.573s] -- Up-to-date: /home/aidan/GitHub/AidansRepo/TeensySwerve/install/shape_msgs/include/shape_msgs/shape_msgs/msg/detail/mesh_triangle__type_support.c
[5.573s] -- Up-to-date: /home/aidan/GitHub/AidansRepo/TeensySwerve/install/shape_msgs/include/shape_msgs/shape_msgs/msg/detail/mesh_triangle__rosidl_typesupport_introspection_c.h
[5.573s] -- Up-to-date: /home/aidan/GitHub/AidansRepo/TeensySwerve/install/shape_msgs/include/shape_msgs/shape_msgs/msg/detail/mesh__rosidl_typesupport_introspection_c.h
[5.573s] -- Up-to-date: /home/aidan/GitHub/AidansRepo/TeensySwerve/install/shape_msgs/include/shape_msgs/shape_msgs/msg/detail/plane__rosidl_typesupport_introspection_c.h
[5.574s] -- Up-to-date: /home/aidan/GitHub/AidansRepo/TeensySwerve/install/shape_msgs/include/shape_msgs/shape_msgs/msg/rosidl_typesupport_introspection_c__visibility_control.h
[5.574s] -- Up-to-date: /home/aidan/GitHub/AidansRepo/TeensySwerve/install/shape_msgs/lib/libshape_msgs__rosidl_typesupport_introspection_c.so
[5.574s] -- Up-to-date: /home/aidan/GitHub/AidansRepo/TeensySwerve/install/shape_msgs/lib/libshape_msgs__rosidl_typesupport_c.so
[5.578s] -- Up-to-date: /home/aidan/GitHub/AidansRepo/TeensySwerve/install/shape_msgs/include/shape_msgs/shape_msgs
[5.582s] -- Up-to-date: /home/aidan/GitHub/AidansRepo/TeensySwerve/install/shape_msgs/include/shape_msgs/shape_msgs/msg
[5.584s] -- Up-to-date: /home/aidan/GitHub/AidansRepo/TeensySwerve/install/shape_msgs/include/shape_msgs/shape_msgs/msg/detail
[5.584s] -- Up-to-date: /home/aidan/GitHub/AidansRepo/TeensySwerve/install/shape_msgs/include/shape_msgs/shape_msgs/msg/detail/solid_primitive__type_support.cpp
[5.585s] -- Up-to-date: /home/aidan/GitHub/AidansRepo/TeensySwerve/install/shape_msgs/include/shape_msgs/shape_msgs/msg/detail/plane__rosidl_typesupport_introspection_cpp.hpp
[5.585s] -- Up-to-date: /home/aidan/GitHub/AidansRepo/TeensySwerve/install/shape_msgs/include/shape_msgs/shape_msgs/msg/detail/mesh_triangle__type_support.cpp
[5.585s] -- Up-to-date: /home/aidan/GitHub/AidansRepo/TeensySwerve/install/shape_msgs/include/shape_msgs/shape_msgs/msg/detail/mesh__rosidl_typesupport_introspection_cpp.hpp
[5.585s] -- Up-to-date: /home/aidan/GitHub/AidansRepo/TeensySwerve/install/shape_msgs/include/shape_msgs/shape_msgs/msg/detail/plane__type_support.cpp
[5.585s] -- Up-to-date: /home/aidan/GitHub/AidansRepo/TeensySwerve/install/shape_msgs/include/shape_msgs/shape_msgs/msg/detail/solid_primitive__rosidl_typesupport_introspection_cpp.hpp
[5.585s] -- Up-to-date: /home/aidan/GitHub/AidansRepo/TeensySwerve/install/shape_msgs/include/shape_msgs/shape_msgs/msg/detail/mesh_triangle__rosidl_typesupport_introspection_cpp.hpp
[5.586s] -- Up-to-date: /home/aidan/GitHub/AidansRepo/TeensySwerve/install/shape_msgs/include/shape_msgs/shape_msgs/msg/detail/mesh__type_support.cpp
[5.591s] -- Up-to-date: /home/aidan/GitHub/AidansRepo/TeensySwerve/install/shape_msgs/lib/libshape_msgs__rosidl_typesupport_introspection_cpp.so
[5.592s] -- Up-to-date: /home/aidan/GitHub/AidansRepo/TeensySwerve/install/shape_msgs/lib/libshape_msgs__rosidl_typesupport_cpp.so
[5.592s] -- Up-to-date: /home/aidan/GitHub/AidansRepo/TeensySwerve/install/shape_msgs/share/shape_msgs/environment/pythonpath.sh
[5.592s] -- Up-to-date: /home/aidan/GitHub/AidansRepo/TeensySwerve/install/shape_msgs/share/shape_msgs/environment/pythonpath.dsv
[5.592s] -- Up-to-date: /home/aidan/GitHub/AidansRepo/TeensySwerve/install/shape_msgs/local/lib/python3.10/dist-packages/shape_msgs-4.8.0-py3.10.egg-info
[5.592s] -- Installing: /home/aidan/GitHub/AidansRepo/TeensySwerve/install/shape_msgs/local/lib/python3.10/dist-packages/shape_msgs-4.8.0-py3.10.egg-info/PKG-INFO
[5.593s] -- Installing: /home/aidan/GitHub/AidansRepo/TeensySwerve/install/shape_msgs/local/lib/python3.10/dist-packages/shape_msgs-4.8.0-py3.10.egg-info/SOURCES.txt
[5.593s] -- Installing: /home/aidan/GitHub/AidansRepo/TeensySwerve/install/shape_msgs/local/lib/python3.10/dist-packages/shape_msgs-4.8.0-py3.10.egg-info/dependency_links.txt
[5.600s] -- Installing: /home/aidan/GitHub/AidansRepo/TeensySwerve/install/shape_msgs/local/lib/python3.10/dist-packages/shape_msgs-4.8.0-py3.10.egg-info/top_level.txt
[5.602s] -- Up-to-date: /home/aidan/GitHub/AidansRepo/TeensySwerve/install/shape_msgs/local/lib/python3.10/dist-packages/shape_msgs
[5.602s] -- Up-to-date: /home/aidan/GitHub/AidansRepo/TeensySwerve/install/shape_msgs/local/lib/python3.10/dist-packages/shape_msgs/__init__.py
[5.603s] -- Up-to-date: /home/aidan/GitHub/AidansRepo/TeensySwerve/install/shape_msgs/local/lib/python3.10/dist-packages/shape_msgs/_shape_msgs_s.ep.rosidl_typesupport_c.c
[5.606s] -- Up-to-date: /home/aidan/GitHub/AidansRepo/TeensySwerve/install/shape_msgs/local/lib/python3.10/dist-packages/shape_msgs/_shape_msgs_s.ep.rosidl_typesupport_introspection_c.c
[5.606s] -- Up-to-date: /home/aidan/GitHub/AidansRepo/TeensySwerve/install/shape_msgs/local/lib/python3.10/dist-packages/shape_msgs/libshape_msgs__rosidl_generator_py.so
[5.606s] -- Up-to-date: /home/aidan/GitHub/AidansRepo/TeensySwerve/install/shape_msgs/local/lib/python3.10/dist-packages/shape_msgs/msg
[5.607s] -- Up-to-date: /home/aidan/GitHub/AidansRepo/TeensySwerve/install/shape_msgs/local/lib/python3.10/dist-packages/shape_msgs/msg/_solid_primitive.py
[5.612s] -- Up-to-date: /home/aidan/GitHub/AidansRepo/TeensySwerve/install/shape_msgs/local/lib/python3.10/dist-packages/shape_msgs/msg/_mesh_triangle_s.c
[5.617s] -- Up-to-date: /home/aidan/GitHub/AidansRepo/TeensySwerve/install/shape_msgs/local/lib/python3.10/dist-packages/shape_msgs/msg/_mesh_triangle.py
[5.619s] -- Up-to-date: /home/aidan/GitHub/AidansRepo/TeensySwerve/install/shape_msgs/local/lib/python3.10/dist-packages/shape_msgs/msg/__init__.py
[5.619s] -- Up-to-date: /home/aidan/GitHub/AidansRepo/TeensySwerve/install/shape_msgs/local/lib/python3.10/dist-packages/shape_msgs/msg/_plane_s.c
[5.619s] -- Up-to-date: /home/aidan/GitHub/AidansRepo/TeensySwerve/install/shape_msgs/local/lib/python3.10/dist-packages/shape_msgs/msg/_mesh_s.c
[5.619s] -- Up-to-date: /home/aidan/GitHub/AidansRepo/TeensySwerve/install/shape_msgs/local/lib/python3.10/dist-packages/shape_msgs/msg/_mesh.py
[5.620s] -- Up-to-date: /home/aidan/GitHub/AidansRepo/TeensySwerve/install/shape_msgs/local/lib/python3.10/dist-packages/shape_msgs/msg/_solid_primitive_s.c
[5.620s] -- Up-to-date: /home/aidan/GitHub/AidansRepo/TeensySwerve/install/shape_msgs/local/lib/python3.10/dist-packages/shape_msgs/msg/_plane.py
[5.620s] -- Up-to-date: /home/aidan/GitHub/AidansRepo/TeensySwerve/install/shape_msgs/local/lib/python3.10/dist-packages/shape_msgs/shape_msgs_s__rosidl_typesupport_introspection_c.cpython-310-x86_64-linux-gnu.so
[5.620s] -- Up-to-date: /home/aidan/GitHub/AidansRepo/TeensySwerve/install/shape_msgs/local/lib/python3.10/dist-packages/shape_msgs/shape_msgs_s__rosidl_typesupport_fastrtps_c.cpython-310-x86_64-linux-gnu.so
[5.620s] -- Up-to-date: /home/aidan/GitHub/AidansRepo/TeensySwerve/install/shape_msgs/local/lib/python3.10/dist-packages/shape_msgs/_shape_msgs_s.ep.rosidl_typesupport_fastrtps_c.c
[5.620s] -- Up-to-date: /home/aidan/GitHub/AidansRepo/TeensySwerve/install/shape_msgs/local/lib/python3.10/dist-packages/shape_msgs/shape_msgs_s__rosidl_typesupport_c.cpython-310-x86_64-linux-gnu.so
[5.767s] Listing '/home/aidan/GitHub/AidansRepo/TeensySwerve/install/shape_msgs/local/lib/python3.10/dist-packages/shape_msgs'...
[5.767s] Listing '/home/aidan/GitHub/AidansRepo/TeensySwerve/install/shape_msgs/local/lib/python3.10/dist-packages/shape_msgs/msg'...
[5.793s] -- Up-to-date: /home/aidan/GitHub/AidansRepo/TeensySwerve/install/shape_msgs/local/lib/python3.10/dist-packages/shape_msgs/shape_msgs_s__rosidl_typesupport_fastrtps_c.cpython-310-x86_64-linux-gnu.so
[5.804s] -- Up-to-date: /home/aidan/GitHub/AidansRepo/TeensySwerve/install/shape_msgs/local/lib/python3.10/dist-packages/shape_msgs/shape_msgs_s__rosidl_typesupport_introspection_c.cpython-310-x86_64-linux-gnu.so
[5.815s] -- Up-to-date: /home/aidan/GitHub/AidansRepo/TeensySwerve/install/shape_msgs/local/lib/python3.10/dist-packages/shape_msgs/shape_msgs_s__rosidl_typesupport_c.cpython-310-x86_64-linux-gnu.so
[5.816s] -- Up-to-date: /home/aidan/GitHub/AidansRepo/TeensySwerve/install/shape_msgs/lib/libshape_msgs__rosidl_generator_py.so
[5.816s] -- Up-to-date: /home/aidan/GitHub/AidansRepo/TeensySwerve/install/shape_msgs/share/shape_msgs/msg/Mesh.idl
[5.816s] -- Up-to-date: /home/aidan/GitHub/AidansRepo/TeensySwerve/install/shape_msgs/share/shape_msgs/msg/MeshTriangle.idl
[5.816s] -- Up-to-date: /home/aidan/GitHub/AidansRepo/TeensySwerve/install/shape_msgs/share/shape_msgs/msg/Plane.idl
[5.817s] -- Up-to-date: /home/aidan/GitHub/AidansRepo/TeensySwerve/install/shape_msgs/share/shape_msgs/msg/SolidPrimitive.idl
[5.817s] -- Up-to-date: /home/aidan/GitHub/AidansRepo/TeensySwerve/install/shape_msgs/share/shape_msgs/msg/Mesh.msg
[5.820s] -- Up-to-date: /home/aidan/GitHub/AidansRepo/TeensySwerve/install/shape_msgs/share/shape_msgs/msg/MeshTriangle.msg
[5.820s] -- Up-to-date: /home/aidan/GitHub/AidansRepo/TeensySwerve/install/shape_msgs/share/shape_msgs/msg/Plane.msg
[5.821s] -- Up-to-date: /home/aidan/GitHub/AidansRepo/TeensySwerve/install/shape_msgs/share/shape_msgs/msg/SolidPrimitive.msg
[5.821s] -- Up-to-date: /home/aidan/GitHub/AidansRepo/TeensySwerve/install/shape_msgs/share/ament_index/resource_index/package_run_dependencies/shape_msgs
[5.826s] -- Up-to-date: /home/aidan/GitHub/AidansRepo/TeensySwerve/install/shape_msgs/share/ament_index/resource_index/parent_prefix_path/shape_msgs
[5.827s] -- Up-to-date: /home/aidan/GitHub/AidansRepo/TeensySwerve/install/shape_msgs/share/shape_msgs/environment/ament_prefix_path.sh
[5.838s] -- Up-to-date: /home/aidan/GitHub/AidansRepo/TeensySwerve/install/shape_msgs/share/shape_msgs/environment/ament_prefix_path.dsv
[5.838s] -- Up-to-date: /home/aidan/GitHub/AidansRepo/TeensySwerve/install/shape_msgs/share/shape_msgs/environment/path.sh
[5.838s] -- Up-to-date: /home/aidan/GitHub/AidansRepo/TeensySwerve/install/shape_msgs/share/shape_msgs/environment/path.dsv
[5.838s] -- Up-to-date: /home/aidan/GitHub/AidansRepo/TeensySwerve/install/shape_msgs/share/shape_msgs/local_setup.bash
[5.839s] -- Up-to-date: /home/aidan/GitHub/AidansRepo/TeensySwerve/install/shape_msgs/share/shape_msgs/local_setup.sh
[5.852s] -- Up-to-date: /home/aidan/GitHub/AidansRepo/TeensySwerve/install/shape_msgs/share/shape_msgs/local_setup.zsh
[5.852s] -- Up-to-date: /home/aidan/GitHub/AidansRepo/TeensySwerve/install/shape_msgs/share/shape_msgs/local_setup.dsv
[5.852s] -- Installing: /home/aidan/GitHub/AidansRepo/TeensySwerve/install/shape_msgs/share/shape_msgs/package.dsv
[5.853s] -- Up-to-date: /home/aidan/GitHub/AidansRepo/TeensySwerve/install/shape_msgs/share/ament_index/resource_index/packages/shape_msgs
[5.853s] -- Up-to-date: /home/aidan/GitHub/AidansRepo/TeensySwerve/install/shape_msgs/share/shape_msgs/cmake/export_shape_msgs__rosidl_generator_cExport.cmake
[5.853s] -- Up-to-date: /home/aidan/GitHub/AidansRepo/TeensySwerve/install/shape_msgs/share/shape_msgs/cmake/export_shape_msgs__rosidl_generator_cExport-noconfig.cmake
[5.853s] -- Up-to-date: /home/aidan/GitHub/AidansRepo/TeensySwerve/install/shape_msgs/share/shape_msgs/cmake/export_shape_msgs__rosidl_typesupport_fastrtps_cExport.cmake
[5.853s] -- Up-to-date: /home/aidan/GitHub/AidansRepo/TeensySwerve/install/shape_msgs/share/shape_msgs/cmake/export_shape_msgs__rosidl_typesupport_fastrtps_cExport-noconfig.cmake
[5.857s] -- Up-to-date: /home/aidan/GitHub/AidansRepo/TeensySwerve/install/shape_msgs/share/shape_msgs/cmake/export_shape_msgs__rosidl_generator_cppExport.cmake
[5.861s] -- Up-to-date: /home/aidan/GitHub/AidansRepo/TeensySwerve/install/shape_msgs/share/shape_msgs/cmake/export_shape_msgs__rosidl_typesupport_fastrtps_cppExport.cmake
[5.862s] -- Up-to-date: /home/aidan/GitHub/AidansRepo/TeensySwerve/install/shape_msgs/share/shape_msgs/cmake/export_shape_msgs__rosidl_typesupport_fastrtps_cppExport-noconfig.cmake
[5.864s] -- Up-to-date: /home/aidan/GitHub/AidansRepo/TeensySwerve/install/shape_msgs/share/shape_msgs/cmake/shape_msgs__rosidl_typesupport_introspection_cExport.cmake
[5.864s] -- Up-to-date: /home/aidan/GitHub/AidansRepo/TeensySwerve/install/shape_msgs/share/shape_msgs/cmake/shape_msgs__rosidl_typesupport_introspection_cExport-noconfig.cmake
[5.864s] -- Up-to-date: /home/aidan/GitHub/AidansRepo/TeensySwerve/install/shape_msgs/share/shape_msgs/cmake/shape_msgs__rosidl_typesupport_cExport.cmake
[5.865s] -- Up-to-date: /home/aidan/GitHub/AidansRepo/TeensySwerve/install/shape_msgs/share/shape_msgs/cmake/shape_msgs__rosidl_typesupport_cExport-noconfig.cmake
[5.869s] -- Up-to-date: /home/aidan/GitHub/AidansRepo/TeensySwerve/install/shape_msgs/share/shape_msgs/cmake/shape_msgs__rosidl_typesupport_introspection_cppExport.cmake
[5.872s] -- Up-to-date: /home/aidan/GitHub/AidansRepo/TeensySwerve/install/shape_msgs/share/shape_msgs/cmake/shape_msgs__rosidl_typesupport_introspection_cppExport-noconfig.cmake
[5.873s] -- Up-to-date: /home/aidan/GitHub/AidansRepo/TeensySwerve/install/shape_msgs/share/shape_msgs/cmake/shape_msgs__rosidl_typesupport_cppExport.cmake
[5.873s] -- Up-to-date: /home/aidan/GitHub/AidansRepo/TeensySwerve/install/shape_msgs/share/shape_msgs/cmake/shape_msgs__rosidl_typesupport_cppExport-noconfig.cmake
[5.873s] -- Up-to-date: /home/aidan/GitHub/AidansRepo/TeensySwerve/install/shape_msgs/share/shape_msgs/cmake/export_shape_msgs__rosidl_generator_pyExport.cmake
[5.873s] -- Up-to-date: /home/aidan/GitHub/AidansRepo/TeensySwerve/install/shape_msgs/share/shape_msgs/cmake/export_shape_msgs__rosidl_generator_pyExport-noconfig.cmake
[5.874s] -- Up-to-date: /home/aidan/GitHub/AidansRepo/TeensySwerve/install/shape_msgs/share/shape_msgs/cmake/rosidl_cmake-extras.cmake
[5.874s] -- Up-to-date: /home/aidan/GitHub/AidansRepo/TeensySwerve/install/shape_msgs/share/shape_msgs/cmake/ament_cmake_export_dependencies-extras.cmake
[5.874s] -- Up-to-date: /home/aidan/GitHub/AidansRepo/TeensySwerve/install/shape_msgs/share/shape_msgs/cmake/ament_cmake_export_include_directories-extras.cmake
[5.874s] -- Up-to-date: /home/aidan/GitHub/AidansRepo/TeensySwerve/install/shape_msgs/share/shape_msgs/cmake/ament_cmake_export_libraries-extras.cmake
[5.874s] -- Up-to-date: /home/aidan/GitHub/AidansRepo/TeensySwerve/install/shape_msgs/share/shape_msgs/cmake/ament_cmake_export_targets-extras.cmake
[5.874s] -- Up-to-date: /home/aidan/GitHub/AidansRepo/TeensySwerve/install/shape_msgs/share/shape_msgs/cmake/rosidl_cmake_export_typesupport_targets-extras.cmake
[5.875s] -- Up-to-date: /home/aidan/GitHub/AidansRepo/TeensySwerve/install/shape_msgs/share/shape_msgs/cmake/rosidl_cmake_export_typesupport_libraries-extras.cmake
[5.875s] -- Up-to-date: /home/aidan/GitHub/AidansRepo/TeensySwerve/install/shape_msgs/share/shape_msgs/cmake/shape_msgsConfig.cmake
[5.882s] -- Up-to-date: /home/aidan/GitHub/AidansRepo/TeensySwerve/install/shape_msgs/share/shape_msgs/cmake/shape_msgsConfig-version.cmake
[5.883s] -- Up-to-date: /home/aidan/GitHub/AidansRepo/TeensySwerve/install/shape_msgs/share/shape_msgs/package.xml
[5.884s] Invoked command in '/home/aidan/GitHub/AidansRepo/TeensySwerve/build/shape_msgs' returned '0': AMENT_PREFIX_PATH=/home/aidan/GitHub/AidansRepo/TeensySwerve/install/geometry_msgs:/home/aidan/GitHub/AidansRepo/TeensySwerve/install/std_msgs:/home/aidan/GitHub/AidansRepo/TeensySwerve/install/builtin_interfaces:${AMENT_PREFIX_PATH} CMAKE_PREFIX_PATH=/home/aidan/GitHub/AidansRepo/TeensySwerve/install/geometry_msgs:/home/aidan/GitHub/AidansRepo/TeensySwerve/install/std_msgs:/home/aidan/GitHub/AidansRepo/TeensySwerve/install/builtin_interfaces:/home/aidan/GitHub/AidansRepo/TeensySwerve/install/tnsy_interfaces:/home/aidan/microros_ws/install/micro_ros_setup:/home/aidan/microros_ws/install/micro_ros_agent:/home/aidan/microros_ws/install/micro_ros_msgs:/home/aidan/GitHub/AidansRepo/TeensySwerve/install/tnsy_swrv_controller:/opt/ros/humble LD_LIBRARY_PATH=/home/aidan/GitHub/AidansRepo/TeensySwerve/install/geometry_msgs/lib:/home/aidan/GitHub/AidansRepo/TeensySwerve/install/std_msgs/lib:/home/aidan/GitHub/AidansRepo/TeensySwerve/install/builtin_interfaces/lib:${LD_LIBRARY_PATH} PYTHONPATH=/home/aidan/GitHub/AidansRepo/TeensySwerve/install/geometry_msgs/local/lib/python3.10/dist-packages:/home/aidan/GitHub/AidansRepo/TeensySwerve/install/std_msgs/local/lib/python3.10/dist-packages:/home/aidan/GitHub/AidansRepo/TeensySwerve/install/builtin_interfaces/local/lib/python3.10/dist-packages:${PYTHONPATH} /usr/bin/cmake --install /home/aidan/GitHub/AidansRepo/TeensySwerve/build/shape_msgs
