[1.462s] Invoking command in '/home/aidan/GitHub/AidansRepo/TeensySwerve/build/tnsy_swrv_controller': PYTHONPATH=/home/aidan/GitHub/AidansRepo/TeensySwerve/build/tnsy_swrv_controller/prefix_override:/home/aidan/GitHub/AidansRepo/TeensySwerve/install/tnsy_swrv_controller/lib/python3.10/site-packages:${PYTHONPATH} /usr/bin/python3 -W ignore:setup.py install is deprecated setup.py develop --editable --build-directory /home/aidan/GitHub/AidansRepo/TeensySwerve/build/tnsy_swrv_controller/build --no-deps symlink_data --force
[2.041s] running develop
[2.458s] running egg_info
[2.459s] writing tnsy_swrv_controller.egg-info/PKG-INFO
[2.459s] writing dependency_links to tnsy_swrv_controller.egg-info/dependency_links.txt
[2.459s] writing entry points to tnsy_swrv_controller.egg-info/entry_points.txt
[2.460s] writing requirements to tnsy_swrv_controller.egg-info/requires.txt
[2.460s] writing top-level names to tnsy_swrv_controller.egg-info/top_level.txt
[2.463s] reading manifest file 'tnsy_swrv_controller.egg-info/SOURCES.txt'
[2.466s] writing manifest file 'tnsy_swrv_controller.egg-info/SOURCES.txt'
[2.469s] running build_ext
[2.470s] Creating /home/aidan/GitHub/AidansRepo/TeensySwerve/install/tnsy_swrv_controller/lib/python3.10/site-packages/tnsy-swrv-controller.egg-link (link to .)
[2.471s] Installing test_node script to /home/aidan/GitHub/AidansRepo/TeensySwerve/install/tnsy_swrv_controller/lib/tnsy_swrv_controller
[2.472s] 
[2.472s] Installed /home/aidan/GitHub/AidansRepo/TeensySwerve/build/tnsy_swrv_controller
[2.472s] running symlink_data
[2.472s] symbolically linking /home/aidan/GitHub/AidansRepo/TeensySwerve/build/tnsy_swrv_controller/resource/tnsy_swrv_controller -> /home/aidan/GitHub/AidansRepo/TeensySwerve/install/tnsy_swrv_controller/share/ament_index/resource_index/packages
[2.472s] symbolically linking /home/aidan/GitHub/AidansRepo/TeensySwerve/build/tnsy_swrv_controller/package.xml -> /home/aidan/GitHub/AidansRepo/TeensySwerve/install/tnsy_swrv_controller/share/tnsy_swrv_controller
[2.473s] symbolically linking /home/aidan/GitHub/AidansRepo/TeensySwerve/build/tnsy_swrv_controller/launch/joystick.launch.py -> /home/aidan/GitHub/AidansRepo/TeensySwerve/install/tnsy_swrv_controller/share/tnsy_swrv_controller
[2.526s] Invoked command in '/home/aidan/GitHub/AidansRepo/TeensySwerve/build/tnsy_swrv_controller' returned '0': PYTHONPATH=/home/aidan/GitHub/AidansRepo/TeensySwerve/build/tnsy_swrv_controller/prefix_override:/home/aidan/GitHub/AidansRepo/TeensySwerve/install/tnsy_swrv_controller/lib/python3.10/site-packages:${PYTHONPATH} /usr/bin/python3 -W ignore:setup.py install is deprecated setup.py develop --editable --build-directory /home/aidan/GitHub/AidansRepo/TeensySwerve/build/tnsy_swrv_controller/build --no-deps symlink_data --force
