[0.039s] Invoking command in '/home/aidan/GitHub/AidansRepo/TeensySwerve/build/micro_ros_utilities': CMAKE_PREFIX_PATH=${CMAKE_PREFIX_PATH}:/home/aidan/GitHub/AidansRepo/TeensySwerve/install/tnsy_swrv_controller:/opt/ros/humble /usr/bin/cmake --build /home/aidan/GitHub/AidansRepo/TeensySwerve/build/micro_ros_utilities -- -j4 -l4
[0.450s] [ 30%] Built target micro_ros_utilities
[0.450s] [ 50%] Built target gtest
[0.457s] [ 70%] Built target gtest_main
[0.576s] [100%] Built target micro_ros_utilities_test
[0.640s] Invoked command in '/home/aidan/GitHub/AidansRepo/TeensySwerve/build/micro_ros_utilities' returned '0': CMAKE_PREFIX_PATH=${CMAKE_PREFIX_PATH}:/home/aidan/GitHub/AidansRepo/TeensySwerve/install/tnsy_swrv_controller:/opt/ros/humble /usr/bin/cmake --build /home/aidan/GitHub/AidansRepo/TeensySwerve/build/micro_ros_utilities -- -j4 -l4
[0.895s] Invoking command in '/home/aidan/GitHub/AidansRepo/TeensySwerve/build/micro_ros_utilities': CMAKE_PREFIX_PATH=${CMAKE_PREFIX_PATH}:/home/aidan/GitHub/AidansRepo/TeensySwerve/install/tnsy_swrv_controller:/opt/ros/humble /usr/bin/cmake --install /home/aidan/GitHub/AidansRepo/TeensySwerve/build/micro_ros_utilities
[0.920s] -- Install configuration: ""
[0.920s] -- Up-to-date: /home/aidan/GitHub/AidansRepo/TeensySwerve/install/micro_ros_utilities/include
[0.920s] -- Up-to-date: /home/aidan/GitHub/AidansRepo/TeensySwerve/install/micro_ros_utilities/include/micro_ros_utilities
[0.920s] -- Up-to-date: /home/aidan/GitHub/AidansRepo/TeensySwerve/install/micro_ros_utilities/include/micro_ros_utilities/visibility_control.h
[0.921s] -- Up-to-date: /home/aidan/GitHub/AidansRepo/TeensySwerve/install/micro_ros_utilities/include/micro_ros_utilities/string_utilities.h
[0.924s] -- Up-to-date: /home/aidan/GitHub/AidansRepo/TeensySwerve/install/micro_ros_utilities/include/micro_ros_utilities/type_utilities.h
[0.924s] -- Up-to-date: /home/aidan/GitHub/AidansRepo/TeensySwerve/install/micro_ros_utilities/lib/libmicro_ros_utilities.a
[0.925s] -- Up-to-date: /home/aidan/GitHub/AidansRepo/TeensySwerve/install/micro_ros_utilities/share/micro_ros_utilities/environment/library_path.sh
[0.932s] -- Up-to-date: /home/aidan/GitHub/AidansRepo/TeensySwerve/install/micro_ros_utilities/share/micro_ros_utilities/environment/library_path.dsv
[0.933s] -- Up-to-date: /home/aidan/GitHub/AidansRepo/TeensySwerve/install/micro_ros_utilities/share/ament_index/resource_index/package_run_dependencies/micro_ros_utilities
[0.933s] -- Up-to-date: /home/aidan/GitHub/AidansRepo/TeensySwerve/install/micro_ros_utilities/share/ament_index/resource_index/parent_prefix_path/micro_ros_utilities
[0.933s] -- Up-to-date: /home/aidan/GitHub/AidansRepo/TeensySwerve/install/micro_ros_utilities/share/micro_ros_utilities/environment/ament_prefix_path.sh
[0.937s] -- Up-to-date: /home/aidan/GitHub/AidansRepo/TeensySwerve/install/micro_ros_utilities/share/micro_ros_utilities/environment/ament_prefix_path.dsv
[0.940s] -- Up-to-date: /home/aidan/GitHub/AidansRepo/TeensySwerve/install/micro_ros_utilities/share/micro_ros_utilities/environment/path.sh
[0.940s] -- Up-to-date: /home/aidan/GitHub/AidansRepo/TeensySwerve/install/micro_ros_utilities/share/micro_ros_utilities/environment/path.dsv
[0.940s] -- Up-to-date: /home/aidan/GitHub/AidansRepo/TeensySwerve/install/micro_ros_utilities/share/micro_ros_utilities/local_setup.bash
[0.940s] -- Up-to-date: /home/aidan/GitHub/AidansRepo/TeensySwerve/install/micro_ros_utilities/share/micro_ros_utilities/local_setup.sh
[0.948s] -- Up-to-date: /home/aidan/GitHub/AidansRepo/TeensySwerve/install/micro_ros_utilities/share/micro_ros_utilities/local_setup.zsh
[0.949s] -- Up-to-date: /home/aidan/GitHub/AidansRepo/TeensySwerve/install/micro_ros_utilities/share/micro_ros_utilities/local_setup.dsv
[0.949s] -- Installing: /home/aidan/GitHub/AidansRepo/TeensySwerve/install/micro_ros_utilities/share/micro_ros_utilities/package.dsv
[0.953s] -- Up-to-date: /home/aidan/GitHub/AidansRepo/TeensySwerve/install/micro_ros_utilities/share/ament_index/resource_index/packages/micro_ros_utilities
[0.954s] -- Up-to-date: /home/aidan/GitHub/AidansRepo/TeensySwerve/install/micro_ros_utilities/share/micro_ros_utilities/cmake/ament_cmake_export_include_directories-extras.cmake
[0.956s] -- Up-to-date: /home/aidan/GitHub/AidansRepo/TeensySwerve/install/micro_ros_utilities/share/micro_ros_utilities/cmake/ament_cmake_export_libraries-extras.cmake
[0.965s] -- Up-to-date: /home/aidan/GitHub/AidansRepo/TeensySwerve/install/micro_ros_utilities/share/micro_ros_utilities/cmake/ament_cmake_export_dependencies-extras.cmake
[0.969s] -- Up-to-date: /home/aidan/GitHub/AidansRepo/TeensySwerve/install/micro_ros_utilities/share/micro_ros_utilities/cmake/micro_ros_utilitiesConfig.cmake
[0.970s] -- Up-to-date: /home/aidan/GitHub/AidansRepo/TeensySwerve/install/micro_ros_utilities/share/micro_ros_utilities/cmake/micro_ros_utilitiesConfig-version.cmake
[0.970s] -- Up-to-date: /home/aidan/GitHub/AidansRepo/TeensySwerve/install/micro_ros_utilities/share/micro_ros_utilities/package.xml
[0.975s] Invoked command in '/home/aidan/GitHub/AidansRepo/TeensySwerve/build/micro_ros_utilities' returned '0': CMAKE_PREFIX_PATH=${CMAKE_PREFIX_PATH}:/home/aidan/GitHub/AidansRepo/TeensySwerve/install/tnsy_swrv_controller:/opt/ros/humble /usr/bin/cmake --install /home/aidan/GitHub/AidansRepo/TeensySwerve/build/micro_ros_utilities
