[0.079s] Invoking command in '/home/aidan/GitHub/AidansRepo/TeensySwerve/build/composition_interfaces': AMENT_PREFIX_PATH=/home/aidan/GitHub/AidansRepo/TeensySwerve/install/rcl_interfaces:/home/aidan/GitHub/AidansRepo/TeensySwerve/install/builtin_interfaces:${AMENT_PREFIX_PATH} CMAKE_PREFIX_PATH=/home/aidan/GitHub/AidansRepo/TeensySwerve/install/rcl_interfaces:/home/aidan/GitHub/AidansRepo/TeensySwerve/install/builtin_interfaces:/home/aidan/GitHub/AidansRepo/TeensySwerve/install/tnsy_interfaces:/home/aidan/microros_ws/install/micro_ros_setup:/home/aidan/microros_ws/install/micro_ros_agent:/home/aidan/microros_ws/install/micro_ros_msgs:/home/aidan/GitHub/AidansRepo/TeensySwerve/install/tnsy_swrv_controller:/opt/ros/humble LD_LIBRARY_PATH=/home/aidan/GitHub/AidansRepo/TeensySwerve/install/rcl_interfaces/lib:/home/aidan/GitHub/AidansRepo/TeensySwerve/install/builtin_interfaces/lib:${LD_LIBRARY_PATH} PYTHONPATH=/home/aidan/GitHub/AidansRepo/TeensySwerve/install/rcl_interfaces/local/lib/python3.10/dist-packages:/home/aidan/GitHub/AidansRepo/TeensySwerve/install/builtin_interfaces/local/lib/python3.10/dist-packages:${PYTHONPATH} /usr/bin/cmake --build /home/aidan/GitHub/AidansRepo/TeensySwerve/build/composition_interfaces -- -j4 -l4
[0.357s] [  2%] Built target composition_interfaces__cpp
[0.550s] [  2%] Built target ament_cmake_python_copy_composition_interfaces
[0.623s] [35m[1mConsolidate compiler generated dependencies of target composition_interfaces__rosidl_typesupport_fastrtps_cpp[0m
[0.717s] [ 12%] Built target composition_interfaces__rosidl_typesupport_fastrtps_cpp
[0.815s] [35m[1mConsolidate compiler generated dependencies of target composition_interfaces__rosidl_typesupport_introspection_cpp[0m
[0.895s] [ 23%] Built target composition_interfaces__rosidl_typesupport_introspection_cpp
[1.977s] running egg_info
[1.982s] writing composition_interfaces.egg-info/PKG-INFO
[1.982s] writing dependency_links to composition_interfaces.egg-info/dependency_links.txt
[1.982s] writing top-level names to composition_interfaces.egg-info/top_level.txt
[1.989s] reading manifest file 'composition_interfaces.egg-info/SOURCES.txt'
[1.989s] writing manifest file 'composition_interfaces.egg-info/SOURCES.txt'
[2.138s] [ 23%] Built target ament_cmake_python_build_composition_interfaces_egg
[2.237s] [35m[1mConsolidate compiler generated dependencies of target composition_interfaces__rosidl_typesupport_cpp[0m
[2.331s] [ 34%] Built target composition_interfaces__rosidl_typesupport_cpp
[2.391s] [35m[1mConsolidate compiler generated dependencies of target composition_interfaces__rosidl_generator_c[0m
[2.496s] [ 44%] Built target composition_interfaces__rosidl_generator_c
[2.545s] [35m[1mConsolidate compiler generated dependencies of target composition_interfaces__rosidl_typesupport_fastrtps_c[0m
[2.610s] [ 55%] Built target composition_interfaces__rosidl_typesupport_fastrtps_c
[2.678s] [35m[1mConsolidate compiler generated dependencies of target composition_interfaces__rosidl_typesupport_c[0m
[2.758s] [ 65%] Built target composition_interfaces__rosidl_typesupport_c
[2.800s] [35m[1mConsolidate compiler generated dependencies of target composition_interfaces__rosidl_typesupport_introspection_c[0m
[2.846s] [ 76%] Built target composition_interfaces__rosidl_typesupport_introspection_c
[2.994s] [ 76%] Built target composition_interfaces
[3.157s] [ 78%] Built target composition_interfaces__py
[3.258s] [35m[1mConsolidate compiler generated dependencies of target composition_interfaces__rosidl_generator_py[0m
[3.359s] [ 87%] Built target composition_interfaces__rosidl_generator_py
[3.424s] [35m[1mConsolidate compiler generated dependencies of target composition_interfaces__rosidl_typesupport_fastrtps_c__pyext[0m
[3.490s] [ 91%] Built target composition_interfaces__rosidl_typesupport_fastrtps_c__pyext
[3.553s] [35m[1mConsolidate compiler generated dependencies of target composition_interfaces__rosidl_typesupport_c__pyext[0m
[3.637s] [ 95%] Built target composition_interfaces__rosidl_typesupport_c__pyext
[3.719s] [35m[1mConsolidate compiler generated dependencies of target composition_interfaces__rosidl_typesupport_introspection_c__pyext[0m
[3.819s] [100%] Built target composition_interfaces__rosidl_typesupport_introspection_c__pyext
[3.896s] Invoked command in '/home/aidan/GitHub/AidansRepo/TeensySwerve/build/composition_interfaces' returned '0': AMENT_PREFIX_PATH=/home/aidan/GitHub/AidansRepo/TeensySwerve/install/rcl_interfaces:/home/aidan/GitHub/AidansRepo/TeensySwerve/install/builtin_interfaces:${AMENT_PREFIX_PATH} CMAKE_PREFIX_PATH=/home/aidan/GitHub/AidansRepo/TeensySwerve/install/rcl_interfaces:/home/aidan/GitHub/AidansRepo/TeensySwerve/install/builtin_interfaces:/home/aidan/GitHub/AidansRepo/TeensySwerve/install/tnsy_interfaces:/home/aidan/microros_ws/install/micro_ros_setup:/home/aidan/microros_ws/install/micro_ros_agent:/home/aidan/microros_ws/install/micro_ros_msgs:/home/aidan/GitHub/AidansRepo/TeensySwerve/install/tnsy_swrv_controller:/opt/ros/humble LD_LIBRARY_PATH=/home/aidan/GitHub/AidansRepo/TeensySwerve/install/rcl_interfaces/lib:/home/aidan/GitHub/AidansRepo/TeensySwerve/install/builtin_interfaces/lib:${LD_LIBRARY_PATH} PYTHONPATH=/home/aidan/GitHub/AidansRepo/TeensySwerve/install/rcl_interfaces/local/lib/python3.10/dist-packages:/home/aidan/GitHub/AidansRepo/TeensySwerve/install/builtin_interfaces/local/lib/python3.10/dist-packages:${PYTHONPATH} /usr/bin/cmake --build /home/aidan/GitHub/AidansRepo/TeensySwerve/build/composition_interfaces -- -j4 -l4
[4.574s] Invoking command in '/home/aidan/GitHub/AidansRepo/TeensySwerve/build/composition_interfaces': AMENT_PREFIX_PATH=/home/aidan/GitHub/AidansRepo/TeensySwerve/install/rcl_interfaces:/home/aidan/GitHub/AidansRepo/TeensySwerve/install/builtin_interfaces:${AMENT_PREFIX_PATH} CMAKE_PREFIX_PATH=/home/aidan/GitHub/AidansRepo/TeensySwerve/install/rcl_interfaces:/home/aidan/GitHub/AidansRepo/TeensySwerve/install/builtin_interfaces:/home/aidan/GitHub/AidansRepo/TeensySwerve/install/tnsy_interfaces:/home/aidan/microros_ws/install/micro_ros_setup:/home/aidan/microros_ws/install/micro_ros_agent:/home/aidan/microros_ws/install/micro_ros_msgs:/home/aidan/GitHub/AidansRepo/TeensySwerve/install/tnsy_swrv_controller:/opt/ros/humble LD_LIBRARY_PATH=/home/aidan/GitHub/AidansRepo/TeensySwerve/install/rcl_interfaces/lib:/home/aidan/GitHub/AidansRepo/TeensySwerve/install/builtin_interfaces/lib:${LD_LIBRARY_PATH} PYTHONPATH=/home/aidan/GitHub/AidansRepo/TeensySwerve/install/rcl_interfaces/local/lib/python3.10/dist-packages:/home/aidan/GitHub/AidansRepo/TeensySwerve/install/builtin_interfaces/local/lib/python3.10/dist-packages:${PYTHONPATH} /usr/bin/cmake --install /home/aidan/GitHub/AidansRepo/TeensySwerve/build/composition_interfaces
[4.606s] -- Install configuration: ""
[4.607s] -- Up-to-date: /home/aidan/GitHub/AidansRepo/TeensySwerve/install/composition_interfaces/share/ament_index/resource_index/rosidl_interfaces/composition_interfaces
[4.607s] -- Up-to-date: /home/aidan/GitHub/AidansRepo/TeensySwerve/install/composition_interfaces/include/composition_interfaces/composition_interfaces
[4.608s] -- Up-to-date: /home/aidan/GitHub/AidansRepo/TeensySwerve/install/composition_interfaces/include/composition_interfaces/composition_interfaces/srv
[4.611s] -- Up-to-date: /home/aidan/GitHub/AidansRepo/TeensySwerve/install/composition_interfaces/include/composition_interfaces/composition_interfaces/srv/load_node.h
[4.611s] -- Up-to-date: /home/aidan/GitHub/AidansRepo/TeensySwerve/install/composition_interfaces/include/composition_interfaces/composition_interfaces/srv/list_nodes.h
[4.612s] -- Up-to-date: /home/aidan/GitHub/AidansRepo/TeensySwerve/install/composition_interfaces/include/composition_interfaces/composition_interfaces/srv/detail
[4.621s] -- Up-to-date: /home/aidan/GitHub/AidansRepo/TeensySwerve/install/composition_interfaces/include/composition_interfaces/composition_interfaces/srv/detail/unload_node__functions.c
[4.622s] -- Up-to-date: /home/aidan/GitHub/AidansRepo/TeensySwerve/install/composition_interfaces/include/composition_interfaces/composition_interfaces/srv/detail/list_nodes__functions.h
[4.622s] -- Up-to-date: /home/aidan/GitHub/AidansRepo/TeensySwerve/install/composition_interfaces/include/composition_interfaces/composition_interfaces/srv/detail/unload_node__functions.h
[4.624s] -- Up-to-date: /home/aidan/GitHub/AidansRepo/TeensySwerve/install/composition_interfaces/include/composition_interfaces/composition_interfaces/srv/detail/list_nodes__struct.h
[4.634s] -- Up-to-date: /home/aidan/GitHub/AidansRepo/TeensySwerve/install/composition_interfaces/include/composition_interfaces/composition_interfaces/srv/detail/list_nodes__functions.c
[4.635s] -- Up-to-date: /home/aidan/GitHub/AidansRepo/TeensySwerve/install/composition_interfaces/include/composition_interfaces/composition_interfaces/srv/detail/unload_node__type_support.h
[4.635s] -- Up-to-date: /home/aidan/GitHub/AidansRepo/TeensySwerve/install/composition_interfaces/include/composition_interfaces/composition_interfaces/srv/detail/load_node__functions.c
[4.636s] -- Up-to-date: /home/aidan/GitHub/AidansRepo/TeensySwerve/install/composition_interfaces/include/composition_interfaces/composition_interfaces/srv/detail/list_nodes__type_support.h
[4.636s] -- Up-to-date: /home/aidan/GitHub/AidansRepo/TeensySwerve/install/composition_interfaces/include/composition_interfaces/composition_interfaces/srv/detail/load_node__type_support.h
[4.637s] -- Up-to-date: /home/aidan/GitHub/AidansRepo/TeensySwerve/install/composition_interfaces/include/composition_interfaces/composition_interfaces/srv/detail/unload_node__struct.h
[4.637s] -- Up-to-date: /home/aidan/GitHub/AidansRepo/TeensySwerve/install/composition_interfaces/include/composition_interfaces/composition_interfaces/srv/detail/load_node__functions.h
[4.637s] -- Up-to-date: /home/aidan/GitHub/AidansRepo/TeensySwerve/install/composition_interfaces/include/composition_interfaces/composition_interfaces/srv/detail/load_node__struct.h
[4.637s] -- Up-to-date: /home/aidan/GitHub/AidansRepo/TeensySwerve/install/composition_interfaces/include/composition_interfaces/composition_interfaces/srv/unload_node.h
[4.637s] -- Up-to-date: /home/aidan/GitHub/AidansRepo/TeensySwerve/install/composition_interfaces/include/composition_interfaces/composition_interfaces/msg
[4.638s] -- Up-to-date: /home/aidan/GitHub/AidansRepo/TeensySwerve/install/composition_interfaces/include/composition_interfaces/composition_interfaces/msg/rosidl_generator_c__visibility_control.h
[4.638s] -- Up-to-date: /home/aidan/GitHub/AidansRepo/TeensySwerve/install/composition_interfaces/share/composition_interfaces/environment/library_path.sh
[4.638s] -- Up-to-date: /home/aidan/GitHub/AidansRepo/TeensySwerve/install/composition_interfaces/share/composition_interfaces/environment/library_path.dsv
[4.638s] -- Up-to-date: /home/aidan/GitHub/AidansRepo/TeensySwerve/install/composition_interfaces/lib/libcomposition_interfaces__rosidl_generator_c.so
[4.642s] -- Up-to-date: /home/aidan/GitHub/AidansRepo/TeensySwerve/install/composition_interfaces/include/composition_interfaces/composition_interfaces
[4.642s] -- Up-to-date: /home/aidan/GitHub/AidansRepo/TeensySwerve/install/composition_interfaces/include/composition_interfaces/composition_interfaces/srv
[4.643s] -- Up-to-date: /home/aidan/GitHub/AidansRepo/TeensySwerve/install/composition_interfaces/include/composition_interfaces/composition_interfaces/srv/detail
[4.643s] -- Up-to-date: /home/aidan/GitHub/AidansRepo/TeensySwerve/install/composition_interfaces/include/composition_interfaces/composition_interfaces/srv/detail/load_node__rosidl_typesupport_fastrtps_c.h
[4.650s] -- Up-to-date: /home/aidan/GitHub/AidansRepo/TeensySwerve/install/composition_interfaces/include/composition_interfaces/composition_interfaces/srv/detail/unload_node__rosidl_typesupport_fastrtps_c.h
[4.650s] -- Up-to-date: /home/aidan/GitHub/AidansRepo/TeensySwerve/install/composition_interfaces/include/composition_interfaces/composition_interfaces/srv/detail/list_nodes__rosidl_typesupport_fastrtps_c.h
[4.650s] -- Up-to-date: /home/aidan/GitHub/AidansRepo/TeensySwerve/install/composition_interfaces/include/composition_interfaces/composition_interfaces/msg
[4.651s] -- Up-to-date: /home/aidan/GitHub/AidansRepo/TeensySwerve/install/composition_interfaces/include/composition_interfaces/composition_interfaces/msg/rosidl_typesupport_fastrtps_c__visibility_control.h
[4.652s] -- Up-to-date: /home/aidan/GitHub/AidansRepo/TeensySwerve/install/composition_interfaces/lib/libcomposition_interfaces__rosidl_typesupport_fastrtps_c.so
[4.652s] -- Up-to-date: /home/aidan/GitHub/AidansRepo/TeensySwerve/install/composition_interfaces/include/composition_interfaces/composition_interfaces
[4.652s] -- Up-to-date: /home/aidan/GitHub/AidansRepo/TeensySwerve/install/composition_interfaces/include/composition_interfaces/composition_interfaces/srv
[4.653s] -- Up-to-date: /home/aidan/GitHub/AidansRepo/TeensySwerve/install/composition_interfaces/include/composition_interfaces/composition_interfaces/srv/detail
[4.653s] -- Up-to-date: /home/aidan/GitHub/AidansRepo/TeensySwerve/install/composition_interfaces/include/composition_interfaces/composition_interfaces/srv/detail/load_node__type_support.c
[4.653s] -- Up-to-date: /home/aidan/GitHub/AidansRepo/TeensySwerve/install/composition_interfaces/include/composition_interfaces/composition_interfaces/srv/detail/list_nodes__type_support.c
[4.653s] -- Up-to-date: /home/aidan/GitHub/AidansRepo/TeensySwerve/install/composition_interfaces/include/composition_interfaces/composition_interfaces/srv/detail/load_node__rosidl_typesupport_introspection_c.h
[4.653s] -- Up-to-date: /home/aidan/GitHub/AidansRepo/TeensySwerve/install/composition_interfaces/include/composition_interfaces/composition_interfaces/srv/detail/list_nodes__rosidl_typesupport_introspection_c.h
[4.653s] -- Up-to-date: /home/aidan/GitHub/AidansRepo/TeensySwerve/install/composition_interfaces/include/composition_interfaces/composition_interfaces/srv/detail/unload_node__type_support.c
[4.654s] -- Up-to-date: /home/aidan/GitHub/AidansRepo/TeensySwerve/install/composition_interfaces/include/composition_interfaces/composition_interfaces/srv/detail/unload_node__rosidl_typesupport_introspection_c.h
[4.654s] -- Up-to-date: /home/aidan/GitHub/AidansRepo/TeensySwerve/install/composition_interfaces/include/composition_interfaces/composition_interfaces/msg
[4.668s] -- Up-to-date: /home/aidan/GitHub/AidansRepo/TeensySwerve/install/composition_interfaces/include/composition_interfaces/composition_interfaces/msg/rosidl_typesupport_introspection_c__visibility_control.h
[4.668s] -- Up-to-date: /home/aidan/GitHub/AidansRepo/TeensySwerve/install/composition_interfaces/lib/libcomposition_interfaces__rosidl_typesupport_introspection_c.so
[4.669s] -- Up-to-date: /home/aidan/GitHub/AidansRepo/TeensySwerve/install/composition_interfaces/lib/libcomposition_interfaces__rosidl_typesupport_c.so
[4.669s] -- Up-to-date: /home/aidan/GitHub/AidansRepo/TeensySwerve/install/composition_interfaces/include/composition_interfaces/composition_interfaces
[4.669s] -- Up-to-date: /home/aidan/GitHub/AidansRepo/TeensySwerve/install/composition_interfaces/include/composition_interfaces/composition_interfaces/srv
[4.669s] -- Up-to-date: /home/aidan/GitHub/AidansRepo/TeensySwerve/install/composition_interfaces/include/composition_interfaces/composition_interfaces/srv/load_node.hpp
[4.669s] -- Up-to-date: /home/aidan/GitHub/AidansRepo/TeensySwerve/install/composition_interfaces/include/composition_interfaces/composition_interfaces/srv/list_nodes.hpp
[4.669s] -- Up-to-date: /home/aidan/GitHub/AidansRepo/TeensySwerve/install/composition_interfaces/include/composition_interfaces/composition_interfaces/srv/detail
[4.670s] -- Up-to-date: /home/aidan/GitHub/AidansRepo/TeensySwerve/install/composition_interfaces/include/composition_interfaces/composition_interfaces/srv/detail/load_node__builder.hpp
[4.670s] -- Up-to-date: /home/aidan/GitHub/AidansRepo/TeensySwerve/install/composition_interfaces/include/composition_interfaces/composition_interfaces/srv/detail/list_nodes__type_support.hpp
[4.670s] -- Up-to-date: /home/aidan/GitHub/AidansRepo/TeensySwerve/install/composition_interfaces/include/composition_interfaces/composition_interfaces/srv/detail/unload_node__struct.hpp
[4.670s] -- Up-to-date: /home/aidan/GitHub/AidansRepo/TeensySwerve/install/composition_interfaces/include/composition_interfaces/composition_interfaces/srv/detail/list_nodes__struct.hpp
[4.670s] -- Up-to-date: /home/aidan/GitHub/AidansRepo/TeensySwerve/install/composition_interfaces/include/composition_interfaces/composition_interfaces/srv/detail/list_nodes__traits.hpp
[4.670s] -- Up-to-date: /home/aidan/GitHub/AidansRepo/TeensySwerve/install/composition_interfaces/include/composition_interfaces/composition_interfaces/srv/detail/unload_node__builder.hpp
[4.671s] -- Up-to-date: /home/aidan/GitHub/AidansRepo/TeensySwerve/install/composition_interfaces/include/composition_interfaces/composition_interfaces/srv/detail/unload_node__type_support.hpp
[4.678s] -- Up-to-date: /home/aidan/GitHub/AidansRepo/TeensySwerve/install/composition_interfaces/include/composition_interfaces/composition_interfaces/srv/detail/load_node__traits.hpp
[4.678s] -- Up-to-date: /home/aidan/GitHub/AidansRepo/TeensySwerve/install/composition_interfaces/include/composition_interfaces/composition_interfaces/srv/detail/load_node__type_support.hpp
[4.678s] -- Up-to-date: /home/aidan/GitHub/AidansRepo/TeensySwerve/install/composition_interfaces/include/composition_interfaces/composition_interfaces/srv/detail/load_node__struct.hpp
[4.679s] -- Up-to-date: /home/aidan/GitHub/AidansRepo/TeensySwerve/install/composition_interfaces/include/composition_interfaces/composition_interfaces/srv/detail/unload_node__traits.hpp
[4.679s] -- Up-to-date: /home/aidan/GitHub/AidansRepo/TeensySwerve/install/composition_interfaces/include/composition_interfaces/composition_interfaces/srv/detail/list_nodes__builder.hpp
[4.685s] -- Up-to-date: /home/aidan/GitHub/AidansRepo/TeensySwerve/install/composition_interfaces/include/composition_interfaces/composition_interfaces/srv/unload_node.hpp
[4.685s] -- Up-to-date: /home/aidan/GitHub/AidansRepo/TeensySwerve/install/composition_interfaces/include/composition_interfaces/composition_interfaces/msg
[4.686s] -- Up-to-date: /home/aidan/GitHub/AidansRepo/TeensySwerve/install/composition_interfaces/include/composition_interfaces/composition_interfaces/msg/rosidl_generator_cpp__visibility_control.hpp
[4.687s] -- Up-to-date: /home/aidan/GitHub/AidansRepo/TeensySwerve/install/composition_interfaces/include/composition_interfaces/composition_interfaces
[4.687s] -- Up-to-date: /home/aidan/GitHub/AidansRepo/TeensySwerve/install/composition_interfaces/include/composition_interfaces/composition_interfaces/srv
[4.687s] -- Up-to-date: /home/aidan/GitHub/AidansRepo/TeensySwerve/install/composition_interfaces/include/composition_interfaces/composition_interfaces/srv/detail
[4.687s] -- Up-to-date: /home/aidan/GitHub/AidansRepo/TeensySwerve/install/composition_interfaces/include/composition_interfaces/composition_interfaces/srv/detail/dds_fastrtps
[4.693s] -- Up-to-date: /home/aidan/GitHub/AidansRepo/TeensySwerve/install/composition_interfaces/include/composition_interfaces/composition_interfaces/srv/detail/list_nodes__rosidl_typesupport_fastrtps_cpp.hpp
[4.694s] -- Up-to-date: /home/aidan/GitHub/AidansRepo/TeensySwerve/install/composition_interfaces/include/composition_interfaces/composition_interfaces/srv/detail/load_node__rosidl_typesupport_fastrtps_cpp.hpp
[4.695s] -- Up-to-date: /home/aidan/GitHub/AidansRepo/TeensySwerve/install/composition_interfaces/include/composition_interfaces/composition_interfaces/srv/detail/unload_node__rosidl_typesupport_fastrtps_cpp.hpp
[4.701s] -- Up-to-date: /home/aidan/GitHub/AidansRepo/TeensySwerve/install/composition_interfaces/include/composition_interfaces/composition_interfaces/msg
[4.701s] -- Up-to-date: /home/aidan/GitHub/AidansRepo/TeensySwerve/install/composition_interfaces/include/composition_interfaces/composition_interfaces/msg/rosidl_typesupport_fastrtps_cpp__visibility_control.h
[4.702s] -- Up-to-date: /home/aidan/GitHub/AidansRepo/TeensySwerve/install/composition_interfaces/lib/libcomposition_interfaces__rosidl_typesupport_fastrtps_cpp.so
[4.702s] -- Up-to-date: /home/aidan/GitHub/AidansRepo/TeensySwerve/install/composition_interfaces/include/composition_interfaces/composition_interfaces
[4.702s] -- Up-to-date: /home/aidan/GitHub/AidansRepo/TeensySwerve/install/composition_interfaces/include/composition_interfaces/composition_interfaces/srv
[4.702s] -- Up-to-date: /home/aidan/GitHub/AidansRepo/TeensySwerve/install/composition_interfaces/include/composition_interfaces/composition_interfaces/srv/detail
[4.702s] -- Up-to-date: /home/aidan/GitHub/AidansRepo/TeensySwerve/install/composition_interfaces/include/composition_interfaces/composition_interfaces/srv/detail/list_nodes__rosidl_typesupport_introspection_cpp.hpp
[4.703s] -- Up-to-date: /home/aidan/GitHub/AidansRepo/TeensySwerve/install/composition_interfaces/include/composition_interfaces/composition_interfaces/srv/detail/unload_node__type_support.cpp
[4.710s] -- Up-to-date: /home/aidan/GitHub/AidansRepo/TeensySwerve/install/composition_interfaces/include/composition_interfaces/composition_interfaces/srv/detail/unload_node__rosidl_typesupport_introspection_cpp.hpp
[4.713s] -- Up-to-date: /home/aidan/GitHub/AidansRepo/TeensySwerve/install/composition_interfaces/include/composition_interfaces/composition_interfaces/srv/detail/load_node__type_support.cpp
[4.713s] -- Up-to-date: /home/aidan/GitHub/AidansRepo/TeensySwerve/install/composition_interfaces/include/composition_interfaces/composition_interfaces/srv/detail/load_node__rosidl_typesupport_introspection_cpp.hpp
[4.713s] -- Up-to-date: /home/aidan/GitHub/AidansRepo/TeensySwerve/install/composition_interfaces/include/composition_interfaces/composition_interfaces/srv/detail/list_nodes__type_support.cpp
[4.713s] -- Up-to-date: /home/aidan/GitHub/AidansRepo/TeensySwerve/install/composition_interfaces/lib/libcomposition_interfaces__rosidl_typesupport_introspection_cpp.so
[4.714s] -- Up-to-date: /home/aidan/GitHub/AidansRepo/TeensySwerve/install/composition_interfaces/lib/libcomposition_interfaces__rosidl_typesupport_cpp.so
[4.714s] -- Up-to-date: /home/aidan/GitHub/AidansRepo/TeensySwerve/install/composition_interfaces/share/composition_interfaces/environment/pythonpath.sh
[4.714s] -- Up-to-date: /home/aidan/GitHub/AidansRepo/TeensySwerve/install/composition_interfaces/share/composition_interfaces/environment/pythonpath.dsv
[4.714s] -- Up-to-date: /home/aidan/GitHub/AidansRepo/TeensySwerve/install/composition_interfaces/local/lib/python3.10/dist-packages/composition_interfaces-1.2.1-py3.10.egg-info
[4.714s] -- Installing: /home/aidan/GitHub/AidansRepo/TeensySwerve/install/composition_interfaces/local/lib/python3.10/dist-packages/composition_interfaces-1.2.1-py3.10.egg-info/PKG-INFO
[4.714s] -- Installing: /home/aidan/GitHub/AidansRepo/TeensySwerve/install/composition_interfaces/local/lib/python3.10/dist-packages/composition_interfaces-1.2.1-py3.10.egg-info/SOURCES.txt
[4.715s] -- Installing: /home/aidan/GitHub/AidansRepo/TeensySwerve/install/composition_interfaces/local/lib/python3.10/dist-packages/composition_interfaces-1.2.1-py3.10.egg-info/dependency_links.txt
[4.719s] -- Installing: /home/aidan/GitHub/AidansRepo/TeensySwerve/install/composition_interfaces/local/lib/python3.10/dist-packages/composition_interfaces-1.2.1-py3.10.egg-info/top_level.txt
[4.719s] -- Up-to-date: /home/aidan/GitHub/AidansRepo/TeensySwerve/install/composition_interfaces/local/lib/python3.10/dist-packages/composition_interfaces
[4.727s] -- Up-to-date: /home/aidan/GitHub/AidansRepo/TeensySwerve/install/composition_interfaces/local/lib/python3.10/dist-packages/composition_interfaces/composition_interfaces_s__rosidl_typesupport_c.cpython-310-x86_64-linux-gnu.so
[4.730s] -- Up-to-date: /home/aidan/GitHub/AidansRepo/TeensySwerve/install/composition_interfaces/local/lib/python3.10/dist-packages/composition_interfaces/libcomposition_interfaces__rosidl_generator_py.so
[4.731s] -- Up-to-date: /home/aidan/GitHub/AidansRepo/TeensySwerve/install/composition_interfaces/local/lib/python3.10/dist-packages/composition_interfaces/srv
[4.735s] -- Up-to-date: /home/aidan/GitHub/AidansRepo/TeensySwerve/install/composition_interfaces/local/lib/python3.10/dist-packages/composition_interfaces/srv/_load_node.py
[4.735s] -- Up-to-date: /home/aidan/GitHub/AidansRepo/TeensySwerve/install/composition_interfaces/local/lib/python3.10/dist-packages/composition_interfaces/srv/_unload_node_s.c
[4.736s] -- Up-to-date: /home/aidan/GitHub/AidansRepo/TeensySwerve/install/composition_interfaces/local/lib/python3.10/dist-packages/composition_interfaces/srv/_unload_node.py
[4.736s] -- Up-to-date: /home/aidan/GitHub/AidansRepo/TeensySwerve/install/composition_interfaces/local/lib/python3.10/dist-packages/composition_interfaces/srv/_list_nodes_s.c
[4.736s] -- Up-to-date: /home/aidan/GitHub/AidansRepo/TeensySwerve/install/composition_interfaces/local/lib/python3.10/dist-packages/composition_interfaces/srv/_load_node_s.c
[4.737s] -- Up-to-date: /home/aidan/GitHub/AidansRepo/TeensySwerve/install/composition_interfaces/local/lib/python3.10/dist-packages/composition_interfaces/srv/__init__.py
[4.737s] -- Up-to-date: /home/aidan/GitHub/AidansRepo/TeensySwerve/install/composition_interfaces/local/lib/python3.10/dist-packages/composition_interfaces/srv/_list_nodes.py
[4.737s] -- Up-to-date: /home/aidan/GitHub/AidansRepo/TeensySwerve/install/composition_interfaces/local/lib/python3.10/dist-packages/composition_interfaces/_composition_interfaces_s.ep.rosidl_typesupport_fastrtps_c.c
[4.737s] -- Up-to-date: /home/aidan/GitHub/AidansRepo/TeensySwerve/install/composition_interfaces/local/lib/python3.10/dist-packages/composition_interfaces/__init__.py
[4.737s] -- Up-to-date: /home/aidan/GitHub/AidansRepo/TeensySwerve/install/composition_interfaces/local/lib/python3.10/dist-packages/composition_interfaces/composition_interfaces_s__rosidl_typesupport_fastrtps_c.cpython-310-x86_64-linux-gnu.so
[4.737s] -- Up-to-date: /home/aidan/GitHub/AidansRepo/TeensySwerve/install/composition_interfaces/local/lib/python3.10/dist-packages/composition_interfaces/_composition_interfaces_s.ep.rosidl_typesupport_c.c
[4.738s] -- Up-to-date: /home/aidan/GitHub/AidansRepo/TeensySwerve/install/composition_interfaces/local/lib/python3.10/dist-packages/composition_interfaces/composition_interfaces_s__rosidl_typesupport_introspection_c.cpython-310-x86_64-linux-gnu.so
[4.738s] -- Up-to-date: /home/aidan/GitHub/AidansRepo/TeensySwerve/install/composition_interfaces/local/lib/python3.10/dist-packages/composition_interfaces/_composition_interfaces_s.ep.rosidl_typesupport_introspection_c.c
[4.808s] Listing '/home/aidan/GitHub/AidansRepo/TeensySwerve/install/composition_interfaces/local/lib/python3.10/dist-packages/composition_interfaces'...
[4.809s] Listing '/home/aidan/GitHub/AidansRepo/TeensySwerve/install/composition_interfaces/local/lib/python3.10/dist-packages/composition_interfaces/srv'...
[4.832s] -- Up-to-date: /home/aidan/GitHub/AidansRepo/TeensySwerve/install/composition_interfaces/local/lib/python3.10/dist-packages/composition_interfaces/composition_interfaces_s__rosidl_typesupport_fastrtps_c.cpython-310-x86_64-linux-gnu.so
[4.842s] -- Up-to-date: /home/aidan/GitHub/AidansRepo/TeensySwerve/install/composition_interfaces/local/lib/python3.10/dist-packages/composition_interfaces/composition_interfaces_s__rosidl_typesupport_introspection_c.cpython-310-x86_64-linux-gnu.so
[4.846s] -- Up-to-date: /home/aidan/GitHub/AidansRepo/TeensySwerve/install/composition_interfaces/local/lib/python3.10/dist-packages/composition_interfaces/composition_interfaces_s__rosidl_typesupport_c.cpython-310-x86_64-linux-gnu.so
[4.854s] -- Up-to-date: /home/aidan/GitHub/AidansRepo/TeensySwerve/install/composition_interfaces/lib/libcomposition_interfaces__rosidl_generator_py.so
[4.862s] -- Up-to-date: /home/aidan/GitHub/AidansRepo/TeensySwerve/install/composition_interfaces/share/composition_interfaces/srv/LoadNode.idl
[4.862s] -- Up-to-date: /home/aidan/GitHub/AidansRepo/TeensySwerve/install/composition_interfaces/share/composition_interfaces/srv/ListNodes.idl
[4.863s] -- Up-to-date: /home/aidan/GitHub/AidansRepo/TeensySwerve/install/composition_interfaces/share/composition_interfaces/srv/UnloadNode.idl
[4.863s] -- Up-to-date: /home/aidan/GitHub/AidansRepo/TeensySwerve/install/composition_interfaces/share/composition_interfaces/srv/LoadNode.srv
[4.863s] -- Up-to-date: /home/aidan/GitHub/AidansRepo/TeensySwerve/install/composition_interfaces/share/composition_interfaces/srv/LoadNode_Request.msg
[4.863s] -- Up-to-date: /home/aidan/GitHub/AidansRepo/TeensySwerve/install/composition_interfaces/share/composition_interfaces/srv/LoadNode_Response.msg
[4.863s] -- Up-to-date: /home/aidan/GitHub/AidansRepo/TeensySwerve/install/composition_interfaces/share/composition_interfaces/srv/ListNodes.srv
[4.864s] -- Up-to-date: /home/aidan/GitHub/AidansRepo/TeensySwerve/install/composition_interfaces/share/composition_interfaces/srv/ListNodes_Request.msg
[4.867s] -- Up-to-date: /home/aidan/GitHub/AidansRepo/TeensySwerve/install/composition_interfaces/share/composition_interfaces/srv/ListNodes_Response.msg
[4.868s] -- Up-to-date: /home/aidan/GitHub/AidansRepo/TeensySwerve/install/composition_interfaces/share/composition_interfaces/srv/UnloadNode.srv
[4.868s] -- Up-to-date: /home/aidan/GitHub/AidansRepo/TeensySwerve/install/composition_interfaces/share/composition_interfaces/srv/UnloadNode_Request.msg
[4.869s] -- Up-to-date: /home/aidan/GitHub/AidansRepo/TeensySwerve/install/composition_interfaces/share/composition_interfaces/srv/UnloadNode_Response.msg
[4.869s] -- Up-to-date: /home/aidan/GitHub/AidansRepo/TeensySwerve/install/composition_interfaces/share/ament_index/resource_index/package_run_dependencies/composition_interfaces
[4.869s] -- Up-to-date: /home/aidan/GitHub/AidansRepo/TeensySwerve/install/composition_interfaces/share/ament_index/resource_index/parent_prefix_path/composition_interfaces
[4.869s] -- Up-to-date: /home/aidan/GitHub/AidansRepo/TeensySwerve/install/composition_interfaces/share/composition_interfaces/environment/ament_prefix_path.sh
[4.869s] -- Up-to-date: /home/aidan/GitHub/AidansRepo/TeensySwerve/install/composition_interfaces/share/composition_interfaces/environment/ament_prefix_path.dsv
[4.870s] -- Up-to-date: /home/aidan/GitHub/AidansRepo/TeensySwerve/install/composition_interfaces/share/composition_interfaces/environment/path.sh
[4.870s] -- Up-to-date: /home/aidan/GitHub/AidansRepo/TeensySwerve/install/composition_interfaces/share/composition_interfaces/environment/path.dsv
[4.872s] -- Up-to-date: /home/aidan/GitHub/AidansRepo/TeensySwerve/install/composition_interfaces/share/composition_interfaces/local_setup.bash
[4.872s] -- Up-to-date: /home/aidan/GitHub/AidansRepo/TeensySwerve/install/composition_interfaces/share/composition_interfaces/local_setup.sh
[4.872s] -- Up-to-date: /home/aidan/GitHub/AidansRepo/TeensySwerve/install/composition_interfaces/share/composition_interfaces/local_setup.zsh
[4.872s] -- Up-to-date: /home/aidan/GitHub/AidansRepo/TeensySwerve/install/composition_interfaces/share/composition_interfaces/local_setup.dsv
[4.873s] -- Installing: /home/aidan/GitHub/AidansRepo/TeensySwerve/install/composition_interfaces/share/composition_interfaces/package.dsv
[4.873s] -- Up-to-date: /home/aidan/GitHub/AidansRepo/TeensySwerve/install/composition_interfaces/share/ament_index/resource_index/packages/composition_interfaces
[4.873s] -- Up-to-date: /home/aidan/GitHub/AidansRepo/TeensySwerve/install/composition_interfaces/share/composition_interfaces/cmake/export_composition_interfaces__rosidl_generator_cExport.cmake
[4.873s] -- Up-to-date: /home/aidan/GitHub/AidansRepo/TeensySwerve/install/composition_interfaces/share/composition_interfaces/cmake/export_composition_interfaces__rosidl_generator_cExport-noconfig.cmake
[4.873s] -- Up-to-date: /home/aidan/GitHub/AidansRepo/TeensySwerve/install/composition_interfaces/share/composition_interfaces/cmake/export_composition_interfaces__rosidl_typesupport_fastrtps_cExport.cmake
[4.873s] -- Up-to-date: /home/aidan/GitHub/AidansRepo/TeensySwerve/install/composition_interfaces/share/composition_interfaces/cmake/export_composition_interfaces__rosidl_typesupport_fastrtps_cExport-noconfig.cmake
[4.874s] -- Up-to-date: /home/aidan/GitHub/AidansRepo/TeensySwerve/install/composition_interfaces/share/composition_interfaces/cmake/composition_interfaces__rosidl_typesupport_introspection_cExport.cmake
[4.874s] -- Up-to-date: /home/aidan/GitHub/AidansRepo/TeensySwerve/install/composition_interfaces/share/composition_interfaces/cmake/composition_interfaces__rosidl_typesupport_introspection_cExport-noconfig.cmake
[4.877s] -- Up-to-date: /home/aidan/GitHub/AidansRepo/TeensySwerve/install/composition_interfaces/share/composition_interfaces/cmake/composition_interfaces__rosidl_typesupport_cExport.cmake
[4.877s] -- Up-to-date: /home/aidan/GitHub/AidansRepo/TeensySwerve/install/composition_interfaces/share/composition_interfaces/cmake/composition_interfaces__rosidl_typesupport_cExport-noconfig.cmake
[4.877s] -- Up-to-date: /home/aidan/GitHub/AidansRepo/TeensySwerve/install/composition_interfaces/share/composition_interfaces/cmake/export_composition_interfaces__rosidl_generator_cppExport.cmake
[4.878s] -- Up-to-date: /home/aidan/GitHub/AidansRepo/TeensySwerve/install/composition_interfaces/share/composition_interfaces/cmake/export_composition_interfaces__rosidl_typesupport_fastrtps_cppExport.cmake
[4.878s] -- Up-to-date: /home/aidan/GitHub/AidansRepo/TeensySwerve/install/composition_interfaces/share/composition_interfaces/cmake/export_composition_interfaces__rosidl_typesupport_fastrtps_cppExport-noconfig.cmake
[4.879s] -- Up-to-date: /home/aidan/GitHub/AidansRepo/TeensySwerve/install/composition_interfaces/share/composition_interfaces/cmake/composition_interfaces__rosidl_typesupport_introspection_cppExport.cmake
[4.884s] -- Up-to-date: /home/aidan/GitHub/AidansRepo/TeensySwerve/install/composition_interfaces/share/composition_interfaces/cmake/composition_interfaces__rosidl_typesupport_introspection_cppExport-noconfig.cmake
[4.884s] -- Up-to-date: /home/aidan/GitHub/AidansRepo/TeensySwerve/install/composition_interfaces/share/composition_interfaces/cmake/composition_interfaces__rosidl_typesupport_cppExport.cmake
[4.885s] -- Up-to-date: /home/aidan/GitHub/AidansRepo/TeensySwerve/install/composition_interfaces/share/composition_interfaces/cmake/composition_interfaces__rosidl_typesupport_cppExport-noconfig.cmake
[4.885s] -- Up-to-date: /home/aidan/GitHub/AidansRepo/TeensySwerve/install/composition_interfaces/share/composition_interfaces/cmake/export_composition_interfaces__rosidl_generator_pyExport.cmake
[4.885s] -- Up-to-date: /home/aidan/GitHub/AidansRepo/TeensySwerve/install/composition_interfaces/share/composition_interfaces/cmake/export_composition_interfaces__rosidl_generator_pyExport-noconfig.cmake
[4.885s] -- Up-to-date: /home/aidan/GitHub/AidansRepo/TeensySwerve/install/composition_interfaces/share/composition_interfaces/cmake/rosidl_cmake-extras.cmake
[4.885s] -- Up-to-date: /home/aidan/GitHub/AidansRepo/TeensySwerve/install/composition_interfaces/share/composition_interfaces/cmake/ament_cmake_export_dependencies-extras.cmake
[4.886s] -- Up-to-date: /home/aidan/GitHub/AidansRepo/TeensySwerve/install/composition_interfaces/share/composition_interfaces/cmake/ament_cmake_export_include_directories-extras.cmake
[4.886s] -- Up-to-date: /home/aidan/GitHub/AidansRepo/TeensySwerve/install/composition_interfaces/share/composition_interfaces/cmake/ament_cmake_export_libraries-extras.cmake
[4.886s] -- Up-to-date: /home/aidan/GitHub/AidansRepo/TeensySwerve/install/composition_interfaces/share/composition_interfaces/cmake/ament_cmake_export_targets-extras.cmake
[4.886s] -- Up-to-date: /home/aidan/GitHub/AidansRepo/TeensySwerve/install/composition_interfaces/share/composition_interfaces/cmake/rosidl_cmake_export_typesupport_targets-extras.cmake
[4.886s] -- Up-to-date: /home/aidan/GitHub/AidansRepo/TeensySwerve/install/composition_interfaces/share/composition_interfaces/cmake/rosidl_cmake_export_typesupport_libraries-extras.cmake
[4.887s] -- Up-to-date: /home/aidan/GitHub/AidansRepo/TeensySwerve/install/composition_interfaces/share/composition_interfaces/cmake/composition_interfacesConfig.cmake
[4.894s] -- Up-to-date: /home/aidan/GitHub/AidansRepo/TeensySwerve/install/composition_interfaces/share/composition_interfaces/cmake/composition_interfacesConfig-version.cmake
[4.895s] -- Up-to-date: /home/aidan/GitHub/AidansRepo/TeensySwerve/install/composition_interfaces/share/composition_interfaces/package.xml
[4.929s] Invoked command in '/home/aidan/GitHub/AidansRepo/TeensySwerve/build/composition_interfaces' returned '0': AMENT_PREFIX_PATH=/home/aidan/GitHub/AidansRepo/TeensySwerve/install/rcl_interfaces:/home/aidan/GitHub/AidansRepo/TeensySwerve/install/builtin_interfaces:${AMENT_PREFIX_PATH} CMAKE_PREFIX_PATH=/home/aidan/GitHub/AidansRepo/TeensySwerve/install/rcl_interfaces:/home/aidan/GitHub/AidansRepo/TeensySwerve/install/builtin_interfaces:/home/aidan/GitHub/AidansRepo/TeensySwerve/install/tnsy_interfaces:/home/aidan/microros_ws/install/micro_ros_setup:/home/aidan/microros_ws/install/micro_ros_agent:/home/aidan/microros_ws/install/micro_ros_msgs:/home/aidan/GitHub/AidansRepo/TeensySwerve/install/tnsy_swrv_controller:/opt/ros/humble LD_LIBRARY_PATH=/home/aidan/GitHub/AidansRepo/TeensySwerve/install/rcl_interfaces/lib:/home/aidan/GitHub/AidansRepo/TeensySwerve/install/builtin_interfaces/lib:${LD_LIBRARY_PATH} PYTHONPATH=/home/aidan/GitHub/AidansRepo/TeensySwerve/install/rcl_interfaces/local/lib/python3.10/dist-packages:/home/aidan/GitHub/AidansRepo/TeensySwerve/install/builtin_interfaces/local/lib/python3.10/dist-packages:${PYTHONPATH} /usr/bin/cmake --install /home/aidan/GitHub/AidansRepo/TeensySwerve/build/composition_interfaces
