[0.104s] Invoking command in '/home/aidan/GitHub/AidansRepo/TeensySwerve/build/statistics_msgs': AMENT_PREFIX_PATH=/home/aidan/GitHub/AidansRepo/TeensySwerve/install/builtin_interfaces:${AMENT_PREFIX_PATH} CMAKE_PREFIX_PATH=/home/aidan/GitHub/AidansRepo/TeensySwerve/install/builtin_interfaces:/home/aidan/GitHub/AidansRepo/TeensySwerve/install/tnsy_interfaces:/home/aidan/microros_ws/install/micro_ros_setup:/home/aidan/microros_ws/install/micro_ros_agent:/home/aidan/microros_ws/install/micro_ros_msgs:/home/aidan/GitHub/AidansRepo/TeensySwerve/install/tnsy_swrv_controller:/opt/ros/humble LD_LIBRARY_PATH=/home/aidan/GitHub/AidansRepo/TeensySwerve/install/builtin_interfaces/lib:${LD_LIBRARY_PATH} PYTHONPATH=/home/aidan/GitHub/AidansRepo/TeensySwerve/install/builtin_interfaces/local/lib/python3.10/dist-packages:${PYTHONPATH} /usr/bin/cmake --build /home/aidan/GitHub/AidansRepo/TeensySwerve/build/statistics_msgs -- -j4 -l4
[0.427s] [  2%] Built target statistics_msgs__cpp
[0.670s] [  2%] Built target ament_cmake_python_copy_statistics_msgs
[0.849s] [ 12%] Built target statistics_msgs__rosidl_typesupport_introspection_cpp
[0.996s] [ 23%] Built target statistics_msgs__rosidl_typesupport_cpp
[3.368s] running egg_info
[3.374s] writing statistics_msgs.egg-info/PKG-INFO
[3.374s] writing dependency_links to statistics_msgs.egg-info/dependency_links.txt
[3.375s] writing top-level names to statistics_msgs.egg-info/top_level.txt
[3.393s] reading manifest file 'statistics_msgs.egg-info/SOURCES.txt'
[3.394s] writing manifest file 'statistics_msgs.egg-info/SOURCES.txt'
[3.592s] [ 23%] Built target ament_cmake_python_build_statistics_msgs_egg
[3.686s] [ 34%] Built target statistics_msgs__rosidl_typesupport_fastrtps_cpp
[3.788s] [ 44%] Built target statistics_msgs__rosidl_generator_c
[3.903s] [ 55%] Built target statistics_msgs__rosidl_typesupport_introspection_c
[3.982s] [ 65%] Built target statistics_msgs__rosidl_typesupport_fastrtps_c
[4.068s] [ 76%] Built target statistics_msgs__rosidl_typesupport_c
[4.205s] [ 76%] Built target statistics_msgs
[4.328s] [ 78%] Built target statistics_msgs__py
[4.478s] [ 87%] Built target statistics_msgs__rosidl_generator_py
[4.562s] [ 91%] Built target statistics_msgs__rosidl_typesupport_fastrtps_c__pyext
[4.689s] [ 95%] Built target statistics_msgs__rosidl_typesupport_c__pyext
[4.789s] [100%] Built target statistics_msgs__rosidl_typesupport_introspection_c__pyext
[5.244s] Invoked command in '/home/aidan/GitHub/AidansRepo/TeensySwerve/build/statistics_msgs' returned '0': AMENT_PREFIX_PATH=/home/aidan/GitHub/AidansRepo/TeensySwerve/install/builtin_interfaces:${AMENT_PREFIX_PATH} CMAKE_PREFIX_PATH=/home/aidan/GitHub/AidansRepo/TeensySwerve/install/builtin_interfaces:/home/aidan/GitHub/AidansRepo/TeensySwerve/install/tnsy_interfaces:/home/aidan/microros_ws/install/micro_ros_setup:/home/aidan/microros_ws/install/micro_ros_agent:/home/aidan/microros_ws/install/micro_ros_msgs:/home/aidan/GitHub/AidansRepo/TeensySwerve/install/tnsy_swrv_controller:/opt/ros/humble LD_LIBRARY_PATH=/home/aidan/GitHub/AidansRepo/TeensySwerve/install/builtin_interfaces/lib:${LD_LIBRARY_PATH} PYTHONPATH=/home/aidan/GitHub/AidansRepo/TeensySwerve/install/builtin_interfaces/local/lib/python3.10/dist-packages:${PYTHONPATH} /usr/bin/cmake --build /home/aidan/GitHub/AidansRepo/TeensySwerve/build/statistics_msgs -- -j4 -l4
[6.026s] Invoking command in '/home/aidan/GitHub/AidansRepo/TeensySwerve/build/statistics_msgs': AMENT_PREFIX_PATH=/home/aidan/GitHub/AidansRepo/TeensySwerve/install/builtin_interfaces:${AMENT_PREFIX_PATH} CMAKE_PREFIX_PATH=/home/aidan/GitHub/AidansRepo/TeensySwerve/install/builtin_interfaces:/home/aidan/GitHub/AidansRepo/TeensySwerve/install/tnsy_interfaces:/home/aidan/microros_ws/install/micro_ros_setup:/home/aidan/microros_ws/install/micro_ros_agent:/home/aidan/microros_ws/install/micro_ros_msgs:/home/aidan/GitHub/AidansRepo/TeensySwerve/install/tnsy_swrv_controller:/opt/ros/humble LD_LIBRARY_PATH=/home/aidan/GitHub/AidansRepo/TeensySwerve/install/builtin_interfaces/lib:${LD_LIBRARY_PATH} PYTHONPATH=/home/aidan/GitHub/AidansRepo/TeensySwerve/install/builtin_interfaces/local/lib/python3.10/dist-packages:${PYTHONPATH} /usr/bin/cmake --install /home/aidan/GitHub/AidansRepo/TeensySwerve/build/statistics_msgs
[6.099s] -- Install configuration: ""
[6.099s] -- Up-to-date: /home/aidan/GitHub/AidansRepo/TeensySwerve/install/statistics_msgs/share/ament_index/resource_index/rosidl_interfaces/statistics_msgs
[6.099s] -- Up-to-date: /home/aidan/GitHub/AidansRepo/TeensySwerve/install/statistics_msgs/include/statistics_msgs/statistics_msgs
[6.099s] -- Up-to-date: /home/aidan/GitHub/AidansRepo/TeensySwerve/install/statistics_msgs/include/statistics_msgs/statistics_msgs/msg
[6.099s] -- Up-to-date: /home/aidan/GitHub/AidansRepo/TeensySwerve/install/statistics_msgs/include/statistics_msgs/statistics_msgs/msg/metrics_message.h
[6.108s] -- Up-to-date: /home/aidan/GitHub/AidansRepo/TeensySwerve/install/statistics_msgs/include/statistics_msgs/statistics_msgs/msg/rosidl_generator_c__visibility_control.h
[6.109s] -- Up-to-date: /home/aidan/GitHub/AidansRepo/TeensySwerve/install/statistics_msgs/include/statistics_msgs/statistics_msgs/msg/detail
[6.115s] -- Up-to-date: /home/aidan/GitHub/AidansRepo/TeensySwerve/install/statistics_msgs/include/statistics_msgs/statistics_msgs/msg/detail/metrics_message__functions.c
[6.116s] -- Up-to-date: /home/aidan/GitHub/AidansRepo/TeensySwerve/install/statistics_msgs/include/statistics_msgs/statistics_msgs/msg/detail/statistic_data_type__functions.h
[6.116s] -- Up-to-date: /home/aidan/GitHub/AidansRepo/TeensySwerve/install/statistics_msgs/include/statistics_msgs/statistics_msgs/msg/detail/metrics_message__struct.h
[6.116s] -- Up-to-date: /home/aidan/GitHub/AidansRepo/TeensySwerve/install/statistics_msgs/include/statistics_msgs/statistics_msgs/msg/detail/metrics_message__type_support.h
[6.116s] -- Up-to-date: /home/aidan/GitHub/AidansRepo/TeensySwerve/install/statistics_msgs/include/statistics_msgs/statistics_msgs/msg/detail/statistic_data_point__functions.c
[6.116s] -- Up-to-date: /home/aidan/GitHub/AidansRepo/TeensySwerve/install/statistics_msgs/include/statistics_msgs/statistics_msgs/msg/detail/statistic_data_type__type_support.h
[6.117s] -- Up-to-date: /home/aidan/GitHub/AidansRepo/TeensySwerve/install/statistics_msgs/include/statistics_msgs/statistics_msgs/msg/detail/metrics_message__functions.h
[6.117s] -- Up-to-date: /home/aidan/GitHub/AidansRepo/TeensySwerve/install/statistics_msgs/include/statistics_msgs/statistics_msgs/msg/detail/statistic_data_point__struct.h
[6.117s] -- Up-to-date: /home/aidan/GitHub/AidansRepo/TeensySwerve/install/statistics_msgs/include/statistics_msgs/statistics_msgs/msg/detail/statistic_data_point__functions.h
[6.117s] -- Up-to-date: /home/aidan/GitHub/AidansRepo/TeensySwerve/install/statistics_msgs/include/statistics_msgs/statistics_msgs/msg/detail/statistic_data_point__type_support.h
[6.117s] -- Up-to-date: /home/aidan/GitHub/AidansRepo/TeensySwerve/install/statistics_msgs/include/statistics_msgs/statistics_msgs/msg/detail/statistic_data_type__struct.h
[6.126s] -- Up-to-date: /home/aidan/GitHub/AidansRepo/TeensySwerve/install/statistics_msgs/include/statistics_msgs/statistics_msgs/msg/detail/statistic_data_type__functions.c
[6.126s] -- Up-to-date: /home/aidan/GitHub/AidansRepo/TeensySwerve/install/statistics_msgs/include/statistics_msgs/statistics_msgs/msg/statistic_data_point.h
[6.130s] -- Up-to-date: /home/aidan/GitHub/AidansRepo/TeensySwerve/install/statistics_msgs/include/statistics_msgs/statistics_msgs/msg/statistic_data_type.h
[6.130s] -- Up-to-date: /home/aidan/GitHub/AidansRepo/TeensySwerve/install/statistics_msgs/share/statistics_msgs/environment/library_path.sh
[6.134s] -- Up-to-date: /home/aidan/GitHub/AidansRepo/TeensySwerve/install/statistics_msgs/share/statistics_msgs/environment/library_path.dsv
[6.138s] -- Up-to-date: /home/aidan/GitHub/AidansRepo/TeensySwerve/install/statistics_msgs/lib/libstatistics_msgs__rosidl_generator_c.so
[6.138s] -- Up-to-date: /home/aidan/GitHub/AidansRepo/TeensySwerve/install/statistics_msgs/include/statistics_msgs/statistics_msgs
[6.138s] -- Up-to-date: /home/aidan/GitHub/AidansRepo/TeensySwerve/install/statistics_msgs/include/statistics_msgs/statistics_msgs/msg
[6.140s] -- Up-to-date: /home/aidan/GitHub/AidansRepo/TeensySwerve/install/statistics_msgs/include/statistics_msgs/statistics_msgs/msg/rosidl_typesupport_fastrtps_c__visibility_control.h
[6.140s] -- Up-to-date: /home/aidan/GitHub/AidansRepo/TeensySwerve/install/statistics_msgs/include/statistics_msgs/statistics_msgs/msg/detail
[6.140s] -- Up-to-date: /home/aidan/GitHub/AidansRepo/TeensySwerve/install/statistics_msgs/include/statistics_msgs/statistics_msgs/msg/detail/statistic_data_type__rosidl_typesupport_fastrtps_c.h
[6.145s] -- Up-to-date: /home/aidan/GitHub/AidansRepo/TeensySwerve/install/statistics_msgs/include/statistics_msgs/statistics_msgs/msg/detail/statistic_data_point__rosidl_typesupport_fastrtps_c.h
[6.145s] -- Up-to-date: /home/aidan/GitHub/AidansRepo/TeensySwerve/install/statistics_msgs/include/statistics_msgs/statistics_msgs/msg/detail/metrics_message__rosidl_typesupport_fastrtps_c.h
[6.145s] -- Up-to-date: /home/aidan/GitHub/AidansRepo/TeensySwerve/install/statistics_msgs/lib/libstatistics_msgs__rosidl_typesupport_fastrtps_c.so
[6.145s] -- Up-to-date: /home/aidan/GitHub/AidansRepo/TeensySwerve/install/statistics_msgs/include/statistics_msgs/statistics_msgs
[6.145s] -- Up-to-date: /home/aidan/GitHub/AidansRepo/TeensySwerve/install/statistics_msgs/include/statistics_msgs/statistics_msgs/msg
[6.146s] -- Up-to-date: /home/aidan/GitHub/AidansRepo/TeensySwerve/install/statistics_msgs/include/statistics_msgs/statistics_msgs/msg/statistic_data_type.hpp
[6.146s] -- Up-to-date: /home/aidan/GitHub/AidansRepo/TeensySwerve/install/statistics_msgs/include/statistics_msgs/statistics_msgs/msg/statistic_data_point.hpp
[6.146s] -- Up-to-date: /home/aidan/GitHub/AidansRepo/TeensySwerve/install/statistics_msgs/include/statistics_msgs/statistics_msgs/msg/detail
[6.146s] -- Up-to-date: /home/aidan/GitHub/AidansRepo/TeensySwerve/install/statistics_msgs/include/statistics_msgs/statistics_msgs/msg/detail/statistic_data_point__traits.hpp
[6.146s] -- Up-to-date: /home/aidan/GitHub/AidansRepo/TeensySwerve/install/statistics_msgs/include/statistics_msgs/statistics_msgs/msg/detail/statistic_data_type__builder.hpp
[6.155s] -- Up-to-date: /home/aidan/GitHub/AidansRepo/TeensySwerve/install/statistics_msgs/include/statistics_msgs/statistics_msgs/msg/detail/metrics_message__struct.hpp
[6.156s] -- Up-to-date: /home/aidan/GitHub/AidansRepo/TeensySwerve/install/statistics_msgs/include/statistics_msgs/statistics_msgs/msg/detail/statistic_data_point__type_support.hpp
[6.158s] -- Up-to-date: /home/aidan/GitHub/AidansRepo/TeensySwerve/install/statistics_msgs/include/statistics_msgs/statistics_msgs/msg/detail/statistic_data_type__traits.hpp
[6.158s] -- Up-to-date: /home/aidan/GitHub/AidansRepo/TeensySwerve/install/statistics_msgs/include/statistics_msgs/statistics_msgs/msg/detail/metrics_message__traits.hpp
[6.166s] -- Up-to-date: /home/aidan/GitHub/AidansRepo/TeensySwerve/install/statistics_msgs/include/statistics_msgs/statistics_msgs/msg/detail/statistic_data_point__builder.hpp
[6.167s] -- Up-to-date: /home/aidan/GitHub/AidansRepo/TeensySwerve/install/statistics_msgs/include/statistics_msgs/statistics_msgs/msg/detail/statistic_data_point__struct.hpp
[6.167s] -- Up-to-date: /home/aidan/GitHub/AidansRepo/TeensySwerve/install/statistics_msgs/include/statistics_msgs/statistics_msgs/msg/detail/statistic_data_type__struct.hpp
[6.168s] -- Up-to-date: /home/aidan/GitHub/AidansRepo/TeensySwerve/install/statistics_msgs/include/statistics_msgs/statistics_msgs/msg/detail/statistic_data_type__type_support.hpp
[6.168s] -- Up-to-date: /home/aidan/GitHub/AidansRepo/TeensySwerve/install/statistics_msgs/include/statistics_msgs/statistics_msgs/msg/detail/metrics_message__type_support.hpp
[6.168s] -- Up-to-date: /home/aidan/GitHub/AidansRepo/TeensySwerve/install/statistics_msgs/include/statistics_msgs/statistics_msgs/msg/detail/metrics_message__builder.hpp
[6.168s] -- Up-to-date: /home/aidan/GitHub/AidansRepo/TeensySwerve/install/statistics_msgs/include/statistics_msgs/statistics_msgs/msg/rosidl_generator_cpp__visibility_control.hpp
[6.169s] -- Up-to-date: /home/aidan/GitHub/AidansRepo/TeensySwerve/install/statistics_msgs/include/statistics_msgs/statistics_msgs/msg/metrics_message.hpp
[6.169s] -- Up-to-date: /home/aidan/GitHub/AidansRepo/TeensySwerve/install/statistics_msgs/include/statistics_msgs/statistics_msgs
[6.169s] -- Up-to-date: /home/aidan/GitHub/AidansRepo/TeensySwerve/install/statistics_msgs/include/statistics_msgs/statistics_msgs/msg
[6.177s] -- Up-to-date: /home/aidan/GitHub/AidansRepo/TeensySwerve/install/statistics_msgs/include/statistics_msgs/statistics_msgs/msg/rosidl_typesupport_fastrtps_cpp__visibility_control.h
[6.178s] -- Up-to-date: /home/aidan/GitHub/AidansRepo/TeensySwerve/install/statistics_msgs/include/statistics_msgs/statistics_msgs/msg/detail
[6.178s] -- Up-to-date: /home/aidan/GitHub/AidansRepo/TeensySwerve/install/statistics_msgs/include/statistics_msgs/statistics_msgs/msg/detail/metrics_message__rosidl_typesupport_fastrtps_cpp.hpp
[6.179s] -- Up-to-date: /home/aidan/GitHub/AidansRepo/TeensySwerve/install/statistics_msgs/include/statistics_msgs/statistics_msgs/msg/detail/statistic_data_type__rosidl_typesupport_fastrtps_cpp.hpp
[6.179s] -- Up-to-date: /home/aidan/GitHub/AidansRepo/TeensySwerve/install/statistics_msgs/include/statistics_msgs/statistics_msgs/msg/detail/dds_fastrtps
[6.179s] -- Up-to-date: /home/aidan/GitHub/AidansRepo/TeensySwerve/install/statistics_msgs/include/statistics_msgs/statistics_msgs/msg/detail/statistic_data_point__rosidl_typesupport_fastrtps_cpp.hpp
[6.186s] -- Up-to-date: /home/aidan/GitHub/AidansRepo/TeensySwerve/install/statistics_msgs/lib/libstatistics_msgs__rosidl_typesupport_fastrtps_cpp.so
[6.186s] -- Up-to-date: /home/aidan/GitHub/AidansRepo/TeensySwerve/install/statistics_msgs/include/statistics_msgs/statistics_msgs
[6.186s] -- Up-to-date: /home/aidan/GitHub/AidansRepo/TeensySwerve/install/statistics_msgs/include/statistics_msgs/statistics_msgs/msg
[6.186s] -- Up-to-date: /home/aidan/GitHub/AidansRepo/TeensySwerve/install/statistics_msgs/include/statistics_msgs/statistics_msgs/msg/detail
[6.187s] -- Up-to-date: /home/aidan/GitHub/AidansRepo/TeensySwerve/install/statistics_msgs/include/statistics_msgs/statistics_msgs/msg/detail/metrics_message__rosidl_typesupport_introspection_c.h
[6.187s] -- Up-to-date: /home/aidan/GitHub/AidansRepo/TeensySwerve/install/statistics_msgs/include/statistics_msgs/statistics_msgs/msg/detail/statistic_data_type__type_support.c
[6.187s] -- Up-to-date: /home/aidan/GitHub/AidansRepo/TeensySwerve/install/statistics_msgs/include/statistics_msgs/statistics_msgs/msg/detail/statistic_data_type__rosidl_typesupport_introspection_c.h
[6.187s] -- Up-to-date: /home/aidan/GitHub/AidansRepo/TeensySwerve/install/statistics_msgs/include/statistics_msgs/statistics_msgs/msg/detail/statistic_data_point__rosidl_typesupport_introspection_c.h
[6.188s] -- Up-to-date: /home/aidan/GitHub/AidansRepo/TeensySwerve/install/statistics_msgs/include/statistics_msgs/statistics_msgs/msg/detail/metrics_message__type_support.c
[6.188s] -- Up-to-date: /home/aidan/GitHub/AidansRepo/TeensySwerve/install/statistics_msgs/include/statistics_msgs/statistics_msgs/msg/detail/statistic_data_point__type_support.c
[6.188s] -- Up-to-date: /home/aidan/GitHub/AidansRepo/TeensySwerve/install/statistics_msgs/include/statistics_msgs/statistics_msgs/msg/rosidl_typesupport_introspection_c__visibility_control.h
[6.195s] -- Up-to-date: /home/aidan/GitHub/AidansRepo/TeensySwerve/install/statistics_msgs/lib/libstatistics_msgs__rosidl_typesupport_introspection_c.so
[6.195s] -- Up-to-date: /home/aidan/GitHub/AidansRepo/TeensySwerve/install/statistics_msgs/lib/libstatistics_msgs__rosidl_typesupport_c.so
[6.195s] -- Up-to-date: /home/aidan/GitHub/AidansRepo/TeensySwerve/install/statistics_msgs/include/statistics_msgs/statistics_msgs
[6.195s] -- Up-to-date: /home/aidan/GitHub/AidansRepo/TeensySwerve/install/statistics_msgs/include/statistics_msgs/statistics_msgs/msg
[6.195s] -- Up-to-date: /home/aidan/GitHub/AidansRepo/TeensySwerve/install/statistics_msgs/include/statistics_msgs/statistics_msgs/msg/detail
[6.196s] -- Up-to-date: /home/aidan/GitHub/AidansRepo/TeensySwerve/install/statistics_msgs/include/statistics_msgs/statistics_msgs/msg/detail/statistic_data_point__rosidl_typesupport_introspection_cpp.hpp
[6.196s] -- Up-to-date: /home/aidan/GitHub/AidansRepo/TeensySwerve/install/statistics_msgs/include/statistics_msgs/statistics_msgs/msg/detail/statistic_data_type__rosidl_typesupport_introspection_cpp.hpp
[6.196s] -- Up-to-date: /home/aidan/GitHub/AidansRepo/TeensySwerve/install/statistics_msgs/include/statistics_msgs/statistics_msgs/msg/detail/metrics_message__type_support.cpp
[6.200s] -- Up-to-date: /home/aidan/GitHub/AidansRepo/TeensySwerve/install/statistics_msgs/include/statistics_msgs/statistics_msgs/msg/detail/statistic_data_type__type_support.cpp
[6.200s] -- Up-to-date: /home/aidan/GitHub/AidansRepo/TeensySwerve/install/statistics_msgs/include/statistics_msgs/statistics_msgs/msg/detail/metrics_message__rosidl_typesupport_introspection_cpp.hpp
[6.201s] -- Up-to-date: /home/aidan/GitHub/AidansRepo/TeensySwerve/install/statistics_msgs/include/statistics_msgs/statistics_msgs/msg/detail/statistic_data_point__type_support.cpp
[6.202s] -- Up-to-date: /home/aidan/GitHub/AidansRepo/TeensySwerve/install/statistics_msgs/lib/libstatistics_msgs__rosidl_typesupport_introspection_cpp.so
[6.202s] -- Up-to-date: /home/aidan/GitHub/AidansRepo/TeensySwerve/install/statistics_msgs/lib/libstatistics_msgs__rosidl_typesupport_cpp.so
[6.206s] -- Up-to-date: /home/aidan/GitHub/AidansRepo/TeensySwerve/install/statistics_msgs/share/statistics_msgs/environment/pythonpath.sh
[6.207s] -- Up-to-date: /home/aidan/GitHub/AidansRepo/TeensySwerve/install/statistics_msgs/share/statistics_msgs/environment/pythonpath.dsv
[6.207s] -- Up-to-date: /home/aidan/GitHub/AidansRepo/TeensySwerve/install/statistics_msgs/local/lib/python3.10/dist-packages/statistics_msgs-1.2.1-py3.10.egg-info
[6.207s] -- Installing: /home/aidan/GitHub/AidansRepo/TeensySwerve/install/statistics_msgs/local/lib/python3.10/dist-packages/statistics_msgs-1.2.1-py3.10.egg-info/PKG-INFO
[6.212s] -- Installing: /home/aidan/GitHub/AidansRepo/TeensySwerve/install/statistics_msgs/local/lib/python3.10/dist-packages/statistics_msgs-1.2.1-py3.10.egg-info/SOURCES.txt
[6.212s] -- Installing: /home/aidan/GitHub/AidansRepo/TeensySwerve/install/statistics_msgs/local/lib/python3.10/dist-packages/statistics_msgs-1.2.1-py3.10.egg-info/dependency_links.txt
[6.212s] -- Installing: /home/aidan/GitHub/AidansRepo/TeensySwerve/install/statistics_msgs/local/lib/python3.10/dist-packages/statistics_msgs-1.2.1-py3.10.egg-info/top_level.txt
[6.212s] -- Up-to-date: /home/aidan/GitHub/AidansRepo/TeensySwerve/install/statistics_msgs/local/lib/python3.10/dist-packages/statistics_msgs
[6.212s] -- Up-to-date: /home/aidan/GitHub/AidansRepo/TeensySwerve/install/statistics_msgs/local/lib/python3.10/dist-packages/statistics_msgs/statistics_msgs_s__rosidl_typesupport_fastrtps_c.cpython-310-x86_64-linux-gnu.so
[6.213s] -- Up-to-date: /home/aidan/GitHub/AidansRepo/TeensySwerve/install/statistics_msgs/local/lib/python3.10/dist-packages/statistics_msgs/__init__.py
[6.213s] -- Up-to-date: /home/aidan/GitHub/AidansRepo/TeensySwerve/install/statistics_msgs/local/lib/python3.10/dist-packages/statistics_msgs/_statistics_msgs_s.ep.rosidl_typesupport_introspection_c.c
[6.213s] -- Up-to-date: /home/aidan/GitHub/AidansRepo/TeensySwerve/install/statistics_msgs/local/lib/python3.10/dist-packages/statistics_msgs/_statistics_msgs_s.ep.rosidl_typesupport_fastrtps_c.c
[6.213s] -- Up-to-date: /home/aidan/GitHub/AidansRepo/TeensySwerve/install/statistics_msgs/local/lib/python3.10/dist-packages/statistics_msgs/msg
[6.213s] -- Up-to-date: /home/aidan/GitHub/AidansRepo/TeensySwerve/install/statistics_msgs/local/lib/python3.10/dist-packages/statistics_msgs/msg/_metrics_message_s.c
[6.222s] -- Up-to-date: /home/aidan/GitHub/AidansRepo/TeensySwerve/install/statistics_msgs/local/lib/python3.10/dist-packages/statistics_msgs/msg/_metrics_message.py
[6.222s] -- Up-to-date: /home/aidan/GitHub/AidansRepo/TeensySwerve/install/statistics_msgs/local/lib/python3.10/dist-packages/statistics_msgs/msg/_statistic_data_type.py
[6.222s] -- Up-to-date: /home/aidan/GitHub/AidansRepo/TeensySwerve/install/statistics_msgs/local/lib/python3.10/dist-packages/statistics_msgs/msg/_statistic_data_type_s.c
[6.223s] -- Up-to-date: /home/aidan/GitHub/AidansRepo/TeensySwerve/install/statistics_msgs/local/lib/python3.10/dist-packages/statistics_msgs/msg/__init__.py
[6.223s] -- Up-to-date: /home/aidan/GitHub/AidansRepo/TeensySwerve/install/statistics_msgs/local/lib/python3.10/dist-packages/statistics_msgs/msg/_statistic_data_point.py
[6.223s] -- Up-to-date: /home/aidan/GitHub/AidansRepo/TeensySwerve/install/statistics_msgs/local/lib/python3.10/dist-packages/statistics_msgs/msg/_statistic_data_point_s.c
[6.235s] -- Up-to-date: /home/aidan/GitHub/AidansRepo/TeensySwerve/install/statistics_msgs/local/lib/python3.10/dist-packages/statistics_msgs/libstatistics_msgs__rosidl_generator_py.so
[6.236s] -- Up-to-date: /home/aidan/GitHub/AidansRepo/TeensySwerve/install/statistics_msgs/local/lib/python3.10/dist-packages/statistics_msgs/statistics_msgs_s__rosidl_typesupport_introspection_c.cpython-310-x86_64-linux-gnu.so
[6.236s] -- Up-to-date: /home/aidan/GitHub/AidansRepo/TeensySwerve/install/statistics_msgs/local/lib/python3.10/dist-packages/statistics_msgs/statistics_msgs_s__rosidl_typesupport_c.cpython-310-x86_64-linux-gnu.so
[6.236s] -- Up-to-date: /home/aidan/GitHub/AidansRepo/TeensySwerve/install/statistics_msgs/local/lib/python3.10/dist-packages/statistics_msgs/_statistics_msgs_s.ep.rosidl_typesupport_c.c
[6.399s] Listing '/home/aidan/GitHub/AidansRepo/TeensySwerve/install/statistics_msgs/local/lib/python3.10/dist-packages/statistics_msgs'...
[6.400s] Listing '/home/aidan/GitHub/AidansRepo/TeensySwerve/install/statistics_msgs/local/lib/python3.10/dist-packages/statistics_msgs/msg'...
[6.445s] -- Up-to-date: /home/aidan/GitHub/AidansRepo/TeensySwerve/install/statistics_msgs/local/lib/python3.10/dist-packages/statistics_msgs/statistics_msgs_s__rosidl_typesupport_fastrtps_c.cpython-310-x86_64-linux-gnu.so
[6.445s] -- Up-to-date: /home/aidan/GitHub/AidansRepo/TeensySwerve/install/statistics_msgs/local/lib/python3.10/dist-packages/statistics_msgs/statistics_msgs_s__rosidl_typesupport_introspection_c.cpython-310-x86_64-linux-gnu.so
[6.445s] -- Up-to-date: /home/aidan/GitHub/AidansRepo/TeensySwerve/install/statistics_msgs/local/lib/python3.10/dist-packages/statistics_msgs/statistics_msgs_s__rosidl_typesupport_c.cpython-310-x86_64-linux-gnu.so
[6.446s] -- Up-to-date: /home/aidan/GitHub/AidansRepo/TeensySwerve/install/statistics_msgs/lib/libstatistics_msgs__rosidl_generator_py.so
[6.448s] -- Up-to-date: /home/aidan/GitHub/AidansRepo/TeensySwerve/install/statistics_msgs/share/statistics_msgs/msg/MetricsMessage.idl
[6.448s] -- Up-to-date: /home/aidan/GitHub/AidansRepo/TeensySwerve/install/statistics_msgs/share/statistics_msgs/msg/StatisticDataPoint.idl
[6.448s] -- Up-to-date: /home/aidan/GitHub/AidansRepo/TeensySwerve/install/statistics_msgs/share/statistics_msgs/msg/StatisticDataType.idl
[6.448s] -- Up-to-date: /home/aidan/GitHub/AidansRepo/TeensySwerve/install/statistics_msgs/share/statistics_msgs/msg/MetricsMessage.msg
[6.448s] -- Up-to-date: /home/aidan/GitHub/AidansRepo/TeensySwerve/install/statistics_msgs/share/statistics_msgs/msg/StatisticDataPoint.msg
[6.449s] -- Up-to-date: /home/aidan/GitHub/AidansRepo/TeensySwerve/install/statistics_msgs/share/statistics_msgs/msg/StatisticDataType.msg
[6.449s] -- Up-to-date: /home/aidan/GitHub/AidansRepo/TeensySwerve/install/statistics_msgs/share/ament_index/resource_index/package_run_dependencies/statistics_msgs
[6.449s] -- Up-to-date: /home/aidan/GitHub/AidansRepo/TeensySwerve/install/statistics_msgs/share/ament_index/resource_index/parent_prefix_path/statistics_msgs
[6.449s] -- Up-to-date: /home/aidan/GitHub/AidansRepo/TeensySwerve/install/statistics_msgs/share/statistics_msgs/environment/ament_prefix_path.sh
[6.449s] -- Up-to-date: /home/aidan/GitHub/AidansRepo/TeensySwerve/install/statistics_msgs/share/statistics_msgs/environment/ament_prefix_path.dsv
[6.450s] -- Up-to-date: /home/aidan/GitHub/AidansRepo/TeensySwerve/install/statistics_msgs/share/statistics_msgs/environment/path.sh
[6.450s] -- Up-to-date: /home/aidan/GitHub/AidansRepo/TeensySwerve/install/statistics_msgs/share/statistics_msgs/environment/path.dsv
[6.450s] -- Up-to-date: /home/aidan/GitHub/AidansRepo/TeensySwerve/install/statistics_msgs/share/statistics_msgs/local_setup.bash
[6.450s] -- Up-to-date: /home/aidan/GitHub/AidansRepo/TeensySwerve/install/statistics_msgs/share/statistics_msgs/local_setup.sh
[6.457s] -- Up-to-date: /home/aidan/GitHub/AidansRepo/TeensySwerve/install/statistics_msgs/share/statistics_msgs/local_setup.zsh
[6.459s] -- Up-to-date: /home/aidan/GitHub/AidansRepo/TeensySwerve/install/statistics_msgs/share/statistics_msgs/local_setup.dsv
[6.462s] -- Installing: /home/aidan/GitHub/AidansRepo/TeensySwerve/install/statistics_msgs/share/statistics_msgs/package.dsv
[6.463s] -- Up-to-date: /home/aidan/GitHub/AidansRepo/TeensySwerve/install/statistics_msgs/share/ament_index/resource_index/packages/statistics_msgs
[6.463s] -- Up-to-date: /home/aidan/GitHub/AidansRepo/TeensySwerve/install/statistics_msgs/share/statistics_msgs/cmake/export_statistics_msgs__rosidl_generator_cExport.cmake
[6.463s] -- Up-to-date: /home/aidan/GitHub/AidansRepo/TeensySwerve/install/statistics_msgs/share/statistics_msgs/cmake/export_statistics_msgs__rosidl_generator_cExport-noconfig.cmake
[6.463s] -- Up-to-date: /home/aidan/GitHub/AidansRepo/TeensySwerve/install/statistics_msgs/share/statistics_msgs/cmake/export_statistics_msgs__rosidl_typesupport_fastrtps_cExport.cmake
[6.463s] -- Up-to-date: /home/aidan/GitHub/AidansRepo/TeensySwerve/install/statistics_msgs/share/statistics_msgs/cmake/export_statistics_msgs__rosidl_typesupport_fastrtps_cExport-noconfig.cmake
[6.463s] -- Up-to-date: /home/aidan/GitHub/AidansRepo/TeensySwerve/install/statistics_msgs/share/statistics_msgs/cmake/export_statistics_msgs__rosidl_generator_cppExport.cmake
[6.464s] -- Up-to-date: /home/aidan/GitHub/AidansRepo/TeensySwerve/install/statistics_msgs/share/statistics_msgs/cmake/export_statistics_msgs__rosidl_typesupport_fastrtps_cppExport.cmake
[6.464s] -- Up-to-date: /home/aidan/GitHub/AidansRepo/TeensySwerve/install/statistics_msgs/share/statistics_msgs/cmake/export_statistics_msgs__rosidl_typesupport_fastrtps_cppExport-noconfig.cmake
[6.464s] -- Up-to-date: /home/aidan/GitHub/AidansRepo/TeensySwerve/install/statistics_msgs/share/statistics_msgs/cmake/statistics_msgs__rosidl_typesupport_introspection_cExport.cmake
[6.464s] -- Up-to-date: /home/aidan/GitHub/AidansRepo/TeensySwerve/install/statistics_msgs/share/statistics_msgs/cmake/statistics_msgs__rosidl_typesupport_introspection_cExport-noconfig.cmake
[6.464s] -- Up-to-date: /home/aidan/GitHub/AidansRepo/TeensySwerve/install/statistics_msgs/share/statistics_msgs/cmake/statistics_msgs__rosidl_typesupport_cExport.cmake
[6.469s] -- Up-to-date: /home/aidan/GitHub/AidansRepo/TeensySwerve/install/statistics_msgs/share/statistics_msgs/cmake/statistics_msgs__rosidl_typesupport_cExport-noconfig.cmake
[6.469s] -- Up-to-date: /home/aidan/GitHub/AidansRepo/TeensySwerve/install/statistics_msgs/share/statistics_msgs/cmake/statistics_msgs__rosidl_typesupport_introspection_cppExport.cmake
[6.469s] -- Up-to-date: /home/aidan/GitHub/AidansRepo/TeensySwerve/install/statistics_msgs/share/statistics_msgs/cmake/statistics_msgs__rosidl_typesupport_introspection_cppExport-noconfig.cmake
[6.474s] -- Up-to-date: /home/aidan/GitHub/AidansRepo/TeensySwerve/install/statistics_msgs/share/statistics_msgs/cmake/statistics_msgs__rosidl_typesupport_cppExport.cmake
[6.474s] -- Up-to-date: /home/aidan/GitHub/AidansRepo/TeensySwerve/install/statistics_msgs/share/statistics_msgs/cmake/statistics_msgs__rosidl_typesupport_cppExport-noconfig.cmake
[6.475s] -- Up-to-date: /home/aidan/GitHub/AidansRepo/TeensySwerve/install/statistics_msgs/share/statistics_msgs/cmake/export_statistics_msgs__rosidl_generator_pyExport.cmake
[6.475s] -- Up-to-date: /home/aidan/GitHub/AidansRepo/TeensySwerve/install/statistics_msgs/share/statistics_msgs/cmake/export_statistics_msgs__rosidl_generator_pyExport-noconfig.cmake
[6.475s] -- Up-to-date: /home/aidan/GitHub/AidansRepo/TeensySwerve/install/statistics_msgs/share/statistics_msgs/cmake/rosidl_cmake-extras.cmake
[6.475s] -- Up-to-date: /home/aidan/GitHub/AidansRepo/TeensySwerve/install/statistics_msgs/share/statistics_msgs/cmake/ament_cmake_export_dependencies-extras.cmake
[6.475s] -- Up-to-date: /home/aidan/GitHub/AidansRepo/TeensySwerve/install/statistics_msgs/share/statistics_msgs/cmake/ament_cmake_export_include_directories-extras.cmake
[6.475s] -- Up-to-date: /home/aidan/GitHub/AidansRepo/TeensySwerve/install/statistics_msgs/share/statistics_msgs/cmake/ament_cmake_export_libraries-extras.cmake
[6.476s] -- Up-to-date: /home/aidan/GitHub/AidansRepo/TeensySwerve/install/statistics_msgs/share/statistics_msgs/cmake/ament_cmake_export_targets-extras.cmake
[6.476s] -- Up-to-date: /home/aidan/GitHub/AidansRepo/TeensySwerve/install/statistics_msgs/share/statistics_msgs/cmake/rosidl_cmake_export_typesupport_targets-extras.cmake
[6.476s] -- Up-to-date: /home/aidan/GitHub/AidansRepo/TeensySwerve/install/statistics_msgs/share/statistics_msgs/cmake/rosidl_cmake_export_typesupport_libraries-extras.cmake
[6.484s] -- Up-to-date: /home/aidan/GitHub/AidansRepo/TeensySwerve/install/statistics_msgs/share/statistics_msgs/cmake/statistics_msgsConfig.cmake
[6.484s] -- Up-to-date: /home/aidan/GitHub/AidansRepo/TeensySwerve/install/statistics_msgs/share/statistics_msgs/cmake/statistics_msgsConfig-version.cmake
[6.484s] -- Up-to-date: /home/aidan/GitHub/AidansRepo/TeensySwerve/install/statistics_msgs/share/statistics_msgs/package.xml
[6.484s] Invoked command in '/home/aidan/GitHub/AidansRepo/TeensySwerve/build/statistics_msgs' returned '0': AMENT_PREFIX_PATH=/home/aidan/GitHub/AidansRepo/TeensySwerve/install/builtin_interfaces:${AMENT_PREFIX_PATH} CMAKE_PREFIX_PATH=/home/aidan/GitHub/AidansRepo/TeensySwerve/install/builtin_interfaces:/home/aidan/GitHub/AidansRepo/TeensySwerve/install/tnsy_interfaces:/home/aidan/microros_ws/install/micro_ros_setup:/home/aidan/microros_ws/install/micro_ros_agent:/home/aidan/microros_ws/install/micro_ros_msgs:/home/aidan/GitHub/AidansRepo/TeensySwerve/install/tnsy_swrv_controller:/opt/ros/humble LD_LIBRARY_PATH=/home/aidan/GitHub/AidansRepo/TeensySwerve/install/builtin_interfaces/lib:${LD_LIBRARY_PATH} PYTHONPATH=/home/aidan/GitHub/AidansRepo/TeensySwerve/install/builtin_interfaces/local/lib/python3.10/dist-packages:${PYTHONPATH} /usr/bin/cmake --install /home/aidan/GitHub/AidansRepo/TeensySwerve/build/statistics_msgs
