[0.087s] Invoking command in '/home/aidan/GitHub/AidansRepo/TeensySwerve/build/std_srvs': CMAKE_PREFIX_PATH=${CMAKE_PREFIX_PATH}:/home/aidan/GitHub/AidansRepo/TeensySwerve/install/sensor_msgs_py:/home/aidan/GitHub/AidansRepo/TeensySwerve/install/tnsy_swrv_controller:/opt/ros/humble /usr/bin/cmake --build /home/aidan/GitHub/AidansRepo/TeensySwerve/build/std_srvs -- -j4 -l4
[0.403s] [  2%] Built target std_srvs__cpp
[0.623s] [  2%] Built target ament_cmake_python_copy_std_srvs
[1.226s] [ 12%] Built target std_srvs__rosidl_typesupport_fastrtps_cpp
[1.233s] [ 23%] Built target std_srvs__rosidl_typesupport_introspection_cpp
[2.784s] running egg_info
[2.785s] writing std_srvs.egg-info/PKG-INFO
[2.785s] writing dependency_links to std_srvs.egg-info/dependency_links.txt
[2.785s] writing top-level names to std_srvs.egg-info/top_level.txt
[2.796s] reading manifest file 'std_srvs.egg-info/SOURCES.txt'
[2.799s] writing manifest file 'std_srvs.egg-info/SOURCES.txt'
[2.967s] [ 23%] Built target ament_cmake_python_build_std_srvs_egg
[3.145s] [ 34%] Built target std_srvs__rosidl_typesupport_cpp
[3.295s] [ 44%] Built target std_srvs__rosidl_generator_c
[3.512s] [ 55%] Built target std_srvs__rosidl_typesupport_fastrtps_c
[3.690s] [ 65%] Built target std_srvs__rosidl_typesupport_c
[3.850s] [ 76%] Built target std_srvs__rosidl_typesupport_introspection_c
[4.023s] [ 76%] Built target std_srvs
[4.213s] [ 78%] Built target std_srvs__py
[4.335s] [ 87%] Built target std_srvs__rosidl_generator_py
[4.466s] [ 91%] Built target std_srvs__rosidl_typesupport_fastrtps_c__pyext
[4.599s] [ 95%] Built target std_srvs__rosidl_typesupport_c__pyext
[4.705s] [100%] Built target std_srvs__rosidl_typesupport_introspection_c__pyext
[4.758s] Invoked command in '/home/aidan/GitHub/AidansRepo/TeensySwerve/build/std_srvs' returned '0': CMAKE_PREFIX_PATH=${CMAKE_PREFIX_PATH}:/home/aidan/GitHub/AidansRepo/TeensySwerve/install/sensor_msgs_py:/home/aidan/GitHub/AidansRepo/TeensySwerve/install/tnsy_swrv_controller:/opt/ros/humble /usr/bin/cmake --build /home/aidan/GitHub/AidansRepo/TeensySwerve/build/std_srvs -- -j4 -l4
[5.891s] Invoking command in '/home/aidan/GitHub/AidansRepo/TeensySwerve/build/std_srvs': CMAKE_PREFIX_PATH=${CMAKE_PREFIX_PATH}:/home/aidan/GitHub/AidansRepo/TeensySwerve/install/sensor_msgs_py:/home/aidan/GitHub/AidansRepo/TeensySwerve/install/tnsy_swrv_controller:/opt/ros/humble /usr/bin/cmake --install /home/aidan/GitHub/AidansRepo/TeensySwerve/build/std_srvs
[5.951s] -- Install configuration: ""
[5.960s] -- Up-to-date: /home/aidan/GitHub/AidansRepo/TeensySwerve/install/std_srvs/share/ament_index/resource_index/rosidl_interfaces/std_srvs
[5.961s] -- Up-to-date: /home/aidan/GitHub/AidansRepo/TeensySwerve/install/std_srvs/include/std_srvs/std_srvs
[5.961s] -- Up-to-date: /home/aidan/GitHub/AidansRepo/TeensySwerve/install/std_srvs/include/std_srvs/std_srvs/srv
[5.970s] -- Up-to-date: /home/aidan/GitHub/AidansRepo/TeensySwerve/install/std_srvs/include/std_srvs/std_srvs/srv/empty.h
[5.972s] -- Up-to-date: /home/aidan/GitHub/AidansRepo/TeensySwerve/install/std_srvs/include/std_srvs/std_srvs/srv/set_bool.h
[5.973s] -- Up-to-date: /home/aidan/GitHub/AidansRepo/TeensySwerve/install/std_srvs/include/std_srvs/std_srvs/srv/trigger.h
[5.973s] -- Up-to-date: /home/aidan/GitHub/AidansRepo/TeensySwerve/install/std_srvs/include/std_srvs/std_srvs/srv/detail
[5.973s] -- Up-to-date: /home/aidan/GitHub/AidansRepo/TeensySwerve/install/std_srvs/include/std_srvs/std_srvs/srv/detail/empty__struct.h
[5.973s] -- Up-to-date: /home/aidan/GitHub/AidansRepo/TeensySwerve/install/std_srvs/include/std_srvs/std_srvs/srv/detail/trigger__functions.c
[5.978s] -- Up-to-date: /home/aidan/GitHub/AidansRepo/TeensySwerve/install/std_srvs/include/std_srvs/std_srvs/srv/detail/trigger__type_support.h
[5.983s] -- Up-to-date: /home/aidan/GitHub/AidansRepo/TeensySwerve/install/std_srvs/include/std_srvs/std_srvs/srv/detail/set_bool__type_support.h
[5.983s] -- Up-to-date: /home/aidan/GitHub/AidansRepo/TeensySwerve/install/std_srvs/include/std_srvs/std_srvs/srv/detail/empty__functions.h
[5.983s] -- Up-to-date: /home/aidan/GitHub/AidansRepo/TeensySwerve/install/std_srvs/include/std_srvs/std_srvs/srv/detail/trigger__functions.h
[5.983s] -- Up-to-date: /home/aidan/GitHub/AidansRepo/TeensySwerve/install/std_srvs/include/std_srvs/std_srvs/srv/detail/empty__functions.c
[5.984s] -- Up-to-date: /home/aidan/GitHub/AidansRepo/TeensySwerve/install/std_srvs/include/std_srvs/std_srvs/srv/detail/empty__type_support.h
[5.984s] -- Up-to-date: /home/aidan/GitHub/AidansRepo/TeensySwerve/install/std_srvs/include/std_srvs/std_srvs/srv/detail/set_bool__functions.c
[5.984s] -- Up-to-date: /home/aidan/GitHub/AidansRepo/TeensySwerve/install/std_srvs/include/std_srvs/std_srvs/srv/detail/trigger__struct.h
[5.984s] -- Up-to-date: /home/aidan/GitHub/AidansRepo/TeensySwerve/install/std_srvs/include/std_srvs/std_srvs/srv/detail/set_bool__struct.h
[5.990s] -- Up-to-date: /home/aidan/GitHub/AidansRepo/TeensySwerve/install/std_srvs/include/std_srvs/std_srvs/srv/detail/set_bool__functions.h
[5.991s] -- Up-to-date: /home/aidan/GitHub/AidansRepo/TeensySwerve/install/std_srvs/include/std_srvs/std_srvs/msg
[5.991s] -- Up-to-date: /home/aidan/GitHub/AidansRepo/TeensySwerve/install/std_srvs/include/std_srvs/std_srvs/msg/rosidl_generator_c__visibility_control.h
[5.991s] -- Up-to-date: /home/aidan/GitHub/AidansRepo/TeensySwerve/install/std_srvs/share/std_srvs/environment/library_path.sh
[5.991s] -- Up-to-date: /home/aidan/GitHub/AidansRepo/TeensySwerve/install/std_srvs/share/std_srvs/environment/library_path.dsv
[5.992s] -- Up-to-date: /home/aidan/GitHub/AidansRepo/TeensySwerve/install/std_srvs/lib/libstd_srvs__rosidl_generator_c.so
[5.992s] -- Up-to-date: /home/aidan/GitHub/AidansRepo/TeensySwerve/install/std_srvs/include/std_srvs/std_srvs
[5.992s] -- Up-to-date: /home/aidan/GitHub/AidansRepo/TeensySwerve/install/std_srvs/include/std_srvs/std_srvs/srv
[5.992s] -- Up-to-date: /home/aidan/GitHub/AidansRepo/TeensySwerve/install/std_srvs/include/std_srvs/std_srvs/srv/detail
[5.992s] -- Up-to-date: /home/aidan/GitHub/AidansRepo/TeensySwerve/install/std_srvs/include/std_srvs/std_srvs/srv/detail/set_bool__rosidl_typesupport_fastrtps_c.h
[5.995s] -- Up-to-date: /home/aidan/GitHub/AidansRepo/TeensySwerve/install/std_srvs/include/std_srvs/std_srvs/srv/detail/empty__rosidl_typesupport_fastrtps_c.h
[6.000s] -- Up-to-date: /home/aidan/GitHub/AidansRepo/TeensySwerve/install/std_srvs/include/std_srvs/std_srvs/srv/detail/trigger__rosidl_typesupport_fastrtps_c.h
[6.001s] -- Up-to-date: /home/aidan/GitHub/AidansRepo/TeensySwerve/install/std_srvs/include/std_srvs/std_srvs/msg
[6.003s] -- Up-to-date: /home/aidan/GitHub/AidansRepo/TeensySwerve/install/std_srvs/include/std_srvs/std_srvs/msg/rosidl_typesupport_fastrtps_c__visibility_control.h
[6.006s] -- Up-to-date: /home/aidan/GitHub/AidansRepo/TeensySwerve/install/std_srvs/lib/libstd_srvs__rosidl_typesupport_fastrtps_c.so
[6.006s] -- Up-to-date: /home/aidan/GitHub/AidansRepo/TeensySwerve/install/std_srvs/include/std_srvs/std_srvs
[6.008s] -- Up-to-date: /home/aidan/GitHub/AidansRepo/TeensySwerve/install/std_srvs/include/std_srvs/std_srvs/srv
[6.009s] -- Up-to-date: /home/aidan/GitHub/AidansRepo/TeensySwerve/install/std_srvs/include/std_srvs/std_srvs/srv/detail
[6.009s] -- Up-to-date: /home/aidan/GitHub/AidansRepo/TeensySwerve/install/std_srvs/include/std_srvs/std_srvs/srv/detail/empty__type_support.c
[6.009s] -- Up-to-date: /home/aidan/GitHub/AidansRepo/TeensySwerve/install/std_srvs/include/std_srvs/std_srvs/srv/detail/set_bool__type_support.c
[6.011s] -- Up-to-date: /home/aidan/GitHub/AidansRepo/TeensySwerve/install/std_srvs/include/std_srvs/std_srvs/srv/detail/set_bool__rosidl_typesupport_introspection_c.h
[6.012s] -- Up-to-date: /home/aidan/GitHub/AidansRepo/TeensySwerve/install/std_srvs/include/std_srvs/std_srvs/srv/detail/trigger__rosidl_typesupport_introspection_c.h
[6.012s] -- Up-to-date: /home/aidan/GitHub/AidansRepo/TeensySwerve/install/std_srvs/include/std_srvs/std_srvs/srv/detail/trigger__type_support.c
[6.012s] -- Up-to-date: /home/aidan/GitHub/AidansRepo/TeensySwerve/install/std_srvs/include/std_srvs/std_srvs/srv/detail/empty__rosidl_typesupport_introspection_c.h
[6.012s] -- Up-to-date: /home/aidan/GitHub/AidansRepo/TeensySwerve/install/std_srvs/include/std_srvs/std_srvs/msg
[6.012s] -- Up-to-date: /home/aidan/GitHub/AidansRepo/TeensySwerve/install/std_srvs/include/std_srvs/std_srvs/msg/rosidl_typesupport_introspection_c__visibility_control.h
[6.013s] -- Up-to-date: /home/aidan/GitHub/AidansRepo/TeensySwerve/install/std_srvs/lib/libstd_srvs__rosidl_typesupport_introspection_c.so
[6.013s] -- Up-to-date: /home/aidan/GitHub/AidansRepo/TeensySwerve/install/std_srvs/lib/libstd_srvs__rosidl_typesupport_c.so
[6.013s] -- Up-to-date: /home/aidan/GitHub/AidansRepo/TeensySwerve/install/std_srvs/include/std_srvs/std_srvs
[6.013s] -- Up-to-date: /home/aidan/GitHub/AidansRepo/TeensySwerve/install/std_srvs/include/std_srvs/std_srvs/srv
[6.019s] -- Up-to-date: /home/aidan/GitHub/AidansRepo/TeensySwerve/install/std_srvs/include/std_srvs/std_srvs/srv/set_bool.hpp
[6.019s] -- Up-to-date: /home/aidan/GitHub/AidansRepo/TeensySwerve/install/std_srvs/include/std_srvs/std_srvs/srv/trigger.hpp
[6.020s] -- Up-to-date: /home/aidan/GitHub/AidansRepo/TeensySwerve/install/std_srvs/include/std_srvs/std_srvs/srv/empty.hpp
[6.020s] -- Up-to-date: /home/aidan/GitHub/AidansRepo/TeensySwerve/install/std_srvs/include/std_srvs/std_srvs/srv/detail
[6.020s] -- Up-to-date: /home/aidan/GitHub/AidansRepo/TeensySwerve/install/std_srvs/include/std_srvs/std_srvs/srv/detail/set_bool__struct.hpp
[6.020s] -- Up-to-date: /home/aidan/GitHub/AidansRepo/TeensySwerve/install/std_srvs/include/std_srvs/std_srvs/srv/detail/set_bool__builder.hpp
[6.022s] -- Up-to-date: /home/aidan/GitHub/AidansRepo/TeensySwerve/install/std_srvs/include/std_srvs/std_srvs/srv/detail/set_bool__traits.hpp
[6.022s] -- Up-to-date: /home/aidan/GitHub/AidansRepo/TeensySwerve/install/std_srvs/include/std_srvs/std_srvs/srv/detail/trigger__traits.hpp
[6.022s] -- Up-to-date: /home/aidan/GitHub/AidansRepo/TeensySwerve/install/std_srvs/include/std_srvs/std_srvs/srv/detail/trigger__type_support.hpp
[6.022s] -- Up-to-date: /home/aidan/GitHub/AidansRepo/TeensySwerve/install/std_srvs/include/std_srvs/std_srvs/srv/detail/empty__builder.hpp
[6.022s] -- Up-to-date: /home/aidan/GitHub/AidansRepo/TeensySwerve/install/std_srvs/include/std_srvs/std_srvs/srv/detail/empty__struct.hpp
[6.023s] -- Up-to-date: /home/aidan/GitHub/AidansRepo/TeensySwerve/install/std_srvs/include/std_srvs/std_srvs/srv/detail/trigger__builder.hpp
[6.024s] -- Up-to-date: /home/aidan/GitHub/AidansRepo/TeensySwerve/install/std_srvs/include/std_srvs/std_srvs/srv/detail/empty__type_support.hpp
[6.030s] -- Up-to-date: /home/aidan/GitHub/AidansRepo/TeensySwerve/install/std_srvs/include/std_srvs/std_srvs/srv/detail/trigger__struct.hpp
[6.030s] -- Up-to-date: /home/aidan/GitHub/AidansRepo/TeensySwerve/install/std_srvs/include/std_srvs/std_srvs/srv/detail/empty__traits.hpp
[6.030s] -- Up-to-date: /home/aidan/GitHub/AidansRepo/TeensySwerve/install/std_srvs/include/std_srvs/std_srvs/srv/detail/set_bool__type_support.hpp
[6.030s] -- Up-to-date: /home/aidan/GitHub/AidansRepo/TeensySwerve/install/std_srvs/include/std_srvs/std_srvs/msg
[6.030s] -- Up-to-date: /home/aidan/GitHub/AidansRepo/TeensySwerve/install/std_srvs/include/std_srvs/std_srvs/msg/rosidl_generator_cpp__visibility_control.hpp
[6.030s] -- Up-to-date: /home/aidan/GitHub/AidansRepo/TeensySwerve/install/std_srvs/include/std_srvs/std_srvs
[6.031s] -- Up-to-date: /home/aidan/GitHub/AidansRepo/TeensySwerve/install/std_srvs/include/std_srvs/std_srvs/srv
[6.031s] -- Up-to-date: /home/aidan/GitHub/AidansRepo/TeensySwerve/install/std_srvs/include/std_srvs/std_srvs/srv/detail
[6.031s] -- Up-to-date: /home/aidan/GitHub/AidansRepo/TeensySwerve/install/std_srvs/include/std_srvs/std_srvs/srv/detail/empty__rosidl_typesupport_fastrtps_cpp.hpp
[6.035s] -- Up-to-date: /home/aidan/GitHub/AidansRepo/TeensySwerve/install/std_srvs/include/std_srvs/std_srvs/srv/detail/trigger__rosidl_typesupport_fastrtps_cpp.hpp
[6.035s] -- Up-to-date: /home/aidan/GitHub/AidansRepo/TeensySwerve/install/std_srvs/include/std_srvs/std_srvs/srv/detail/dds_fastrtps
[6.035s] -- Up-to-date: /home/aidan/GitHub/AidansRepo/TeensySwerve/install/std_srvs/include/std_srvs/std_srvs/srv/detail/set_bool__rosidl_typesupport_fastrtps_cpp.hpp
[6.035s] -- Up-to-date: /home/aidan/GitHub/AidansRepo/TeensySwerve/install/std_srvs/include/std_srvs/std_srvs/msg
[6.036s] -- Up-to-date: /home/aidan/GitHub/AidansRepo/TeensySwerve/install/std_srvs/include/std_srvs/std_srvs/msg/rosidl_typesupport_fastrtps_cpp__visibility_control.h
[6.036s] -- Up-to-date: /home/aidan/GitHub/AidansRepo/TeensySwerve/install/std_srvs/lib/libstd_srvs__rosidl_typesupport_fastrtps_cpp.so
[6.036s] -- Up-to-date: /home/aidan/GitHub/AidansRepo/TeensySwerve/install/std_srvs/include/std_srvs/std_srvs
[6.036s] -- Up-to-date: /home/aidan/GitHub/AidansRepo/TeensySwerve/install/std_srvs/include/std_srvs/std_srvs/srv
[6.036s] -- Up-to-date: /home/aidan/GitHub/AidansRepo/TeensySwerve/install/std_srvs/include/std_srvs/std_srvs/srv/detail
[6.036s] -- Up-to-date: /home/aidan/GitHub/AidansRepo/TeensySwerve/install/std_srvs/include/std_srvs/std_srvs/srv/detail/trigger__rosidl_typesupport_introspection_cpp.hpp
[6.036s] -- Up-to-date: /home/aidan/GitHub/AidansRepo/TeensySwerve/install/std_srvs/include/std_srvs/std_srvs/srv/detail/trigger__type_support.cpp
[6.037s] -- Up-to-date: /home/aidan/GitHub/AidansRepo/TeensySwerve/install/std_srvs/include/std_srvs/std_srvs/srv/detail/set_bool__rosidl_typesupport_introspection_cpp.hpp
[6.042s] -- Up-to-date: /home/aidan/GitHub/AidansRepo/TeensySwerve/install/std_srvs/include/std_srvs/std_srvs/srv/detail/empty__rosidl_typesupport_introspection_cpp.hpp
[6.042s] -- Up-to-date: /home/aidan/GitHub/AidansRepo/TeensySwerve/install/std_srvs/include/std_srvs/std_srvs/srv/detail/set_bool__type_support.cpp
[6.042s] -- Up-to-date: /home/aidan/GitHub/AidansRepo/TeensySwerve/install/std_srvs/include/std_srvs/std_srvs/srv/detail/empty__type_support.cpp
[6.042s] -- Up-to-date: /home/aidan/GitHub/AidansRepo/TeensySwerve/install/std_srvs/lib/libstd_srvs__rosidl_typesupport_introspection_cpp.so
[6.047s] -- Up-to-date: /home/aidan/GitHub/AidansRepo/TeensySwerve/install/std_srvs/lib/libstd_srvs__rosidl_typesupport_cpp.so
[6.047s] -- Up-to-date: /home/aidan/GitHub/AidansRepo/TeensySwerve/install/std_srvs/share/std_srvs/environment/pythonpath.sh
[6.048s] -- Up-to-date: /home/aidan/GitHub/AidansRepo/TeensySwerve/install/std_srvs/share/std_srvs/environment/pythonpath.dsv
[6.048s] -- Up-to-date: /home/aidan/GitHub/AidansRepo/TeensySwerve/install/std_srvs/local/lib/python3.10/dist-packages/std_srvs-4.8.0-py3.10.egg-info
[6.054s] -- Installing: /home/aidan/GitHub/AidansRepo/TeensySwerve/install/std_srvs/local/lib/python3.10/dist-packages/std_srvs-4.8.0-py3.10.egg-info/PKG-INFO
[6.054s] -- Installing: /home/aidan/GitHub/AidansRepo/TeensySwerve/install/std_srvs/local/lib/python3.10/dist-packages/std_srvs-4.8.0-py3.10.egg-info/SOURCES.txt
[6.054s] -- Installing: /home/aidan/GitHub/AidansRepo/TeensySwerve/install/std_srvs/local/lib/python3.10/dist-packages/std_srvs-4.8.0-py3.10.egg-info/dependency_links.txt
[6.060s] -- Installing: /home/aidan/GitHub/AidansRepo/TeensySwerve/install/std_srvs/local/lib/python3.10/dist-packages/std_srvs-4.8.0-py3.10.egg-info/top_level.txt
[6.061s] -- Up-to-date: /home/aidan/GitHub/AidansRepo/TeensySwerve/install/std_srvs/local/lib/python3.10/dist-packages/std_srvs
[6.061s] -- Up-to-date: /home/aidan/GitHub/AidansRepo/TeensySwerve/install/std_srvs/local/lib/python3.10/dist-packages/std_srvs/std_srvs_s__rosidl_typesupport_introspection_c.cpython-310-x86_64-linux-gnu.so
[6.061s] -- Up-to-date: /home/aidan/GitHub/AidansRepo/TeensySwerve/install/std_srvs/local/lib/python3.10/dist-packages/std_srvs/std_srvs_s__rosidl_typesupport_fastrtps_c.cpython-310-x86_64-linux-gnu.so
[6.061s] -- Up-to-date: /home/aidan/GitHub/AidansRepo/TeensySwerve/install/std_srvs/local/lib/python3.10/dist-packages/std_srvs/_std_srvs_s.ep.rosidl_typesupport_c.c
[6.062s] -- Up-to-date: /home/aidan/GitHub/AidansRepo/TeensySwerve/install/std_srvs/local/lib/python3.10/dist-packages/std_srvs/srv
[6.062s] -- Up-to-date: /home/aidan/GitHub/AidansRepo/TeensySwerve/install/std_srvs/local/lib/python3.10/dist-packages/std_srvs/srv/_trigger_s.c
[6.062s] -- Up-to-date: /home/aidan/GitHub/AidansRepo/TeensySwerve/install/std_srvs/local/lib/python3.10/dist-packages/std_srvs/srv/__init__.py
[6.062s] -- Up-to-date: /home/aidan/GitHub/AidansRepo/TeensySwerve/install/std_srvs/local/lib/python3.10/dist-packages/std_srvs/srv/_empty_s.c
[6.062s] -- Up-to-date: /home/aidan/GitHub/AidansRepo/TeensySwerve/install/std_srvs/local/lib/python3.10/dist-packages/std_srvs/srv/_set_bool_s.c
[6.062s] -- Up-to-date: /home/aidan/GitHub/AidansRepo/TeensySwerve/install/std_srvs/local/lib/python3.10/dist-packages/std_srvs/srv/_set_bool.py
[6.063s] -- Up-to-date: /home/aidan/GitHub/AidansRepo/TeensySwerve/install/std_srvs/local/lib/python3.10/dist-packages/std_srvs/srv/_trigger.py
[6.063s] -- Up-to-date: /home/aidan/GitHub/AidansRepo/TeensySwerve/install/std_srvs/local/lib/python3.10/dist-packages/std_srvs/srv/_empty.py
[6.063s] -- Up-to-date: /home/aidan/GitHub/AidansRepo/TeensySwerve/install/std_srvs/local/lib/python3.10/dist-packages/std_srvs/__init__.py
[6.063s] -- Up-to-date: /home/aidan/GitHub/AidansRepo/TeensySwerve/install/std_srvs/local/lib/python3.10/dist-packages/std_srvs/_std_srvs_s.ep.rosidl_typesupport_introspection_c.c
[6.063s] -- Up-to-date: /home/aidan/GitHub/AidansRepo/TeensySwerve/install/std_srvs/local/lib/python3.10/dist-packages/std_srvs/std_srvs_s__rosidl_typesupport_c.cpython-310-x86_64-linux-gnu.so
[6.068s] -- Up-to-date: /home/aidan/GitHub/AidansRepo/TeensySwerve/install/std_srvs/local/lib/python3.10/dist-packages/std_srvs/_std_srvs_s.ep.rosidl_typesupport_fastrtps_c.c
[6.068s] -- Up-to-date: /home/aidan/GitHub/AidansRepo/TeensySwerve/install/std_srvs/local/lib/python3.10/dist-packages/std_srvs/libstd_srvs__rosidl_generator_py.so
[6.495s] Listing '/home/aidan/GitHub/AidansRepo/TeensySwerve/install/std_srvs/local/lib/python3.10/dist-packages/std_srvs'...
[6.495s] Listing '/home/aidan/GitHub/AidansRepo/TeensySwerve/install/std_srvs/local/lib/python3.10/dist-packages/std_srvs/srv'...
[6.539s] -- Up-to-date: /home/aidan/GitHub/AidansRepo/TeensySwerve/install/std_srvs/local/lib/python3.10/dist-packages/std_srvs/std_srvs_s__rosidl_typesupport_fastrtps_c.cpython-310-x86_64-linux-gnu.so
[6.543s] -- Up-to-date: /home/aidan/GitHub/AidansRepo/TeensySwerve/install/std_srvs/local/lib/python3.10/dist-packages/std_srvs/std_srvs_s__rosidl_typesupport_introspection_c.cpython-310-x86_64-linux-gnu.so
[6.543s] -- Up-to-date: /home/aidan/GitHub/AidansRepo/TeensySwerve/install/std_srvs/local/lib/python3.10/dist-packages/std_srvs/std_srvs_s__rosidl_typesupport_c.cpython-310-x86_64-linux-gnu.so
[6.548s] -- Up-to-date: /home/aidan/GitHub/AidansRepo/TeensySwerve/install/std_srvs/lib/libstd_srvs__rosidl_generator_py.so
[6.549s] -- Up-to-date: /home/aidan/GitHub/AidansRepo/TeensySwerve/install/std_srvs/share/std_srvs/srv/Empty.idl
[6.550s] -- Up-to-date: /home/aidan/GitHub/AidansRepo/TeensySwerve/install/std_srvs/share/std_srvs/srv/SetBool.idl
[6.558s] -- Up-to-date: /home/aidan/GitHub/AidansRepo/TeensySwerve/install/std_srvs/share/std_srvs/srv/Trigger.idl
[6.560s] -- Up-to-date: /home/aidan/GitHub/AidansRepo/TeensySwerve/install/std_srvs/share/std_srvs/srv/Empty.srv
[6.560s] -- Up-to-date: /home/aidan/GitHub/AidansRepo/TeensySwerve/install/std_srvs/share/std_srvs/srv/Empty_Request.msg
[6.561s] -- Up-to-date: /home/aidan/GitHub/AidansRepo/TeensySwerve/install/std_srvs/share/std_srvs/srv/Empty_Response.msg
[6.561s] -- Up-to-date: /home/aidan/GitHub/AidansRepo/TeensySwerve/install/std_srvs/share/std_srvs/srv/SetBool.srv
[6.561s] -- Up-to-date: /home/aidan/GitHub/AidansRepo/TeensySwerve/install/std_srvs/share/std_srvs/srv/SetBool_Request.msg
[6.563s] -- Up-to-date: /home/aidan/GitHub/AidansRepo/TeensySwerve/install/std_srvs/share/std_srvs/srv/SetBool_Response.msg
[6.564s] -- Up-to-date: /home/aidan/GitHub/AidansRepo/TeensySwerve/install/std_srvs/share/std_srvs/srv/Trigger.srv
[6.564s] -- Up-to-date: /home/aidan/GitHub/AidansRepo/TeensySwerve/install/std_srvs/share/std_srvs/srv/Trigger_Request.msg
[6.564s] -- Up-to-date: /home/aidan/GitHub/AidansRepo/TeensySwerve/install/std_srvs/share/std_srvs/srv/Trigger_Response.msg
[6.564s] -- Up-to-date: /home/aidan/GitHub/AidansRepo/TeensySwerve/install/std_srvs/share/ament_index/resource_index/package_run_dependencies/std_srvs
[6.564s] -- Up-to-date: /home/aidan/GitHub/AidansRepo/TeensySwerve/install/std_srvs/share/ament_index/resource_index/parent_prefix_path/std_srvs
[6.565s] -- Up-to-date: /home/aidan/GitHub/AidansRepo/TeensySwerve/install/std_srvs/share/std_srvs/environment/ament_prefix_path.sh
[6.565s] -- Up-to-date: /home/aidan/GitHub/AidansRepo/TeensySwerve/install/std_srvs/share/std_srvs/environment/ament_prefix_path.dsv
[6.565s] -- Up-to-date: /home/aidan/GitHub/AidansRepo/TeensySwerve/install/std_srvs/share/std_srvs/environment/path.sh
[6.573s] -- Up-to-date: /home/aidan/GitHub/AidansRepo/TeensySwerve/install/std_srvs/share/std_srvs/environment/path.dsv
[6.573s] -- Up-to-date: /home/aidan/GitHub/AidansRepo/TeensySwerve/install/std_srvs/share/std_srvs/local_setup.bash
[6.574s] -- Up-to-date: /home/aidan/GitHub/AidansRepo/TeensySwerve/install/std_srvs/share/std_srvs/local_setup.sh
[6.574s] -- Up-to-date: /home/aidan/GitHub/AidansRepo/TeensySwerve/install/std_srvs/share/std_srvs/local_setup.zsh
[6.575s] -- Up-to-date: /home/aidan/GitHub/AidansRepo/TeensySwerve/install/std_srvs/share/std_srvs/local_setup.dsv
[6.575s] -- Installing: /home/aidan/GitHub/AidansRepo/TeensySwerve/install/std_srvs/share/std_srvs/package.dsv
[6.583s] -- Up-to-date: /home/aidan/GitHub/AidansRepo/TeensySwerve/install/std_srvs/share/ament_index/resource_index/packages/std_srvs
[6.583s] -- Up-to-date: /home/aidan/GitHub/AidansRepo/TeensySwerve/install/std_srvs/share/std_srvs/cmake/export_std_srvs__rosidl_generator_cExport.cmake
[6.584s] -- Up-to-date: /home/aidan/GitHub/AidansRepo/TeensySwerve/install/std_srvs/share/std_srvs/cmake/export_std_srvs__rosidl_generator_cExport-noconfig.cmake
[6.584s] -- Up-to-date: /home/aidan/GitHub/AidansRepo/TeensySwerve/install/std_srvs/share/std_srvs/cmake/export_std_srvs__rosidl_typesupport_fastrtps_cExport.cmake
[6.584s] -- Up-to-date: /home/aidan/GitHub/AidansRepo/TeensySwerve/install/std_srvs/share/std_srvs/cmake/export_std_srvs__rosidl_typesupport_fastrtps_cExport-noconfig.cmake
[6.588s] -- Up-to-date: /home/aidan/GitHub/AidansRepo/TeensySwerve/install/std_srvs/share/std_srvs/cmake/std_srvs__rosidl_typesupport_introspection_cExport.cmake
[6.588s] -- Up-to-date: /home/aidan/GitHub/AidansRepo/TeensySwerve/install/std_srvs/share/std_srvs/cmake/std_srvs__rosidl_typesupport_introspection_cExport-noconfig.cmake
[6.588s] -- Up-to-date: /home/aidan/GitHub/AidansRepo/TeensySwerve/install/std_srvs/share/std_srvs/cmake/std_srvs__rosidl_typesupport_cExport.cmake
[6.588s] -- Up-to-date: /home/aidan/GitHub/AidansRepo/TeensySwerve/install/std_srvs/share/std_srvs/cmake/std_srvs__rosidl_typesupport_cExport-noconfig.cmake
[6.588s] -- Up-to-date: /home/aidan/GitHub/AidansRepo/TeensySwerve/install/std_srvs/share/std_srvs/cmake/export_std_srvs__rosidl_generator_cppExport.cmake
[6.589s] -- Up-to-date: /home/aidan/GitHub/AidansRepo/TeensySwerve/install/std_srvs/share/std_srvs/cmake/export_std_srvs__rosidl_typesupport_fastrtps_cppExport.cmake
[6.589s] -- Up-to-date: /home/aidan/GitHub/AidansRepo/TeensySwerve/install/std_srvs/share/std_srvs/cmake/export_std_srvs__rosidl_typesupport_fastrtps_cppExport-noconfig.cmake
[6.592s] -- Up-to-date: /home/aidan/GitHub/AidansRepo/TeensySwerve/install/std_srvs/share/std_srvs/cmake/std_srvs__rosidl_typesupport_introspection_cppExport.cmake
[6.592s] -- Up-to-date: /home/aidan/GitHub/AidansRepo/TeensySwerve/install/std_srvs/share/std_srvs/cmake/std_srvs__rosidl_typesupport_introspection_cppExport-noconfig.cmake
[6.592s] -- Up-to-date: /home/aidan/GitHub/AidansRepo/TeensySwerve/install/std_srvs/share/std_srvs/cmake/std_srvs__rosidl_typesupport_cppExport.cmake
[6.592s] -- Up-to-date: /home/aidan/GitHub/AidansRepo/TeensySwerve/install/std_srvs/share/std_srvs/cmake/std_srvs__rosidl_typesupport_cppExport-noconfig.cmake
[6.592s] -- Up-to-date: /home/aidan/GitHub/AidansRepo/TeensySwerve/install/std_srvs/share/std_srvs/cmake/export_std_srvs__rosidl_generator_pyExport.cmake
[6.592s] -- Up-to-date: /home/aidan/GitHub/AidansRepo/TeensySwerve/install/std_srvs/share/std_srvs/cmake/export_std_srvs__rosidl_generator_pyExport-noconfig.cmake
[6.593s] -- Up-to-date: /home/aidan/GitHub/AidansRepo/TeensySwerve/install/std_srvs/share/std_srvs/cmake/rosidl_cmake-extras.cmake
[6.603s] -- Up-to-date: /home/aidan/GitHub/AidansRepo/TeensySwerve/install/std_srvs/share/std_srvs/cmake/ament_cmake_export_include_directories-extras.cmake
[6.603s] -- Up-to-date: /home/aidan/GitHub/AidansRepo/TeensySwerve/install/std_srvs/share/std_srvs/cmake/ament_cmake_export_libraries-extras.cmake
[6.603s] -- Up-to-date: /home/aidan/GitHub/AidansRepo/TeensySwerve/install/std_srvs/share/std_srvs/cmake/ament_cmake_export_targets-extras.cmake
[6.603s] -- Up-to-date: /home/aidan/GitHub/AidansRepo/TeensySwerve/install/std_srvs/share/std_srvs/cmake/rosidl_cmake_export_typesupport_targets-extras.cmake
[6.603s] -- Up-to-date: /home/aidan/GitHub/AidansRepo/TeensySwerve/install/std_srvs/share/std_srvs/cmake/ament_cmake_export_dependencies-extras.cmake
[6.604s] -- Up-to-date: /home/aidan/GitHub/AidansRepo/TeensySwerve/install/std_srvs/share/std_srvs/cmake/rosidl_cmake_export_typesupport_libraries-extras.cmake
[6.604s] -- Up-to-date: /home/aidan/GitHub/AidansRepo/TeensySwerve/install/std_srvs/share/std_srvs/cmake/std_srvsConfig.cmake
[6.604s] -- Up-to-date: /home/aidan/GitHub/AidansRepo/TeensySwerve/install/std_srvs/share/std_srvs/cmake/std_srvsConfig-version.cmake
[6.604s] -- Up-to-date: /home/aidan/GitHub/AidansRepo/TeensySwerve/install/std_srvs/share/std_srvs/package.xml
[6.612s] Invoked command in '/home/aidan/GitHub/AidansRepo/TeensySwerve/build/std_srvs' returned '0': CMAKE_PREFIX_PATH=${CMAKE_PREFIX_PATH}:/home/aidan/GitHub/AidansRepo/TeensySwerve/install/sensor_msgs_py:/home/aidan/GitHub/AidansRepo/TeensySwerve/install/tnsy_swrv_controller:/opt/ros/humble /usr/bin/cmake --install /home/aidan/GitHub/AidansRepo/TeensySwerve/build/std_srvs
