[2.341s] Invoking command in '/home/aidan/GitHub/AidansRepo/TeensySwerve/src/ros2/common_interfaces/sensor_msgs_py': AMENT_PREFIX_PATH=/home/aidan/GitHub/AidansRepo/TeensySwerve/install/sensor_msgs:/home/aidan/GitHub/AidansRepo/TeensySwerve/install/geometry_msgs:/home/aidan/GitHub/AidansRepo/TeensySwerve/install/std_msgs:/home/aidan/GitHub/AidansRepo/TeensySwerve/install/builtin_interfaces:${AMENT_PREFIX_PATH} CMAKE_PREFIX_PATH=/home/aidan/GitHub/AidansRepo/TeensySwerve/install/sensor_msgs:/home/aidan/GitHub/AidansRepo/TeensySwerve/install/geometry_msgs:/home/aidan/GitHub/AidansRepo/TeensySwerve/install/std_msgs:/home/aidan/GitHub/AidansRepo/TeensySwerve/install/builtin_interfaces:${CMAKE_PREFIX_PATH} LD_LIBRARY_PATH=/home/aidan/GitHub/AidansRepo/TeensySwerve/install/sensor_msgs/lib:/home/aidan/GitHub/AidansRepo/TeensySwerve/install/geometry_msgs/lib:/home/aidan/GitHub/AidansRepo/TeensySwerve/install/std_msgs/lib:/home/aidan/GitHub/AidansRepo/TeensySwerve/install/builtin_interfaces/lib:${LD_LIBRARY_PATH} PYTHONPATH=/home/aidan/GitHub/AidansRepo/TeensySwerve/build/sensor_msgs_py/prefix_override:/home/aidan/GitHub/AidansRepo/TeensySwerve/install/sensor_msgs_py/lib/python3.10/site-packages:/home/aidan/GitHub/AidansRepo/TeensySwerve/install/sensor_msgs/local/lib/python3.10/dist-packages:/home/aidan/GitHub/AidansRepo/TeensySwerve/install/geometry_msgs/local/lib/python3.10/dist-packages:/home/aidan/GitHub/AidansRepo/TeensySwerve/install/std_msgs/local/lib/python3.10/dist-packages:/home/aidan/GitHub/AidansRepo/TeensySwerve/install/builtin_interfaces/local/lib/python3.10/dist-packages:${PYTHONPATH} /usr/bin/python3 -W ignore:setup.py install is deprecated setup.py egg_info --egg-base ../../../../build/sensor_msgs_py build --build-base /home/aidan/GitHub/AidansRepo/TeensySwerve/build/sensor_msgs_py/build install --record /home/aidan/GitHub/AidansRepo/TeensySwerve/build/sensor_msgs_py/install.log --single-version-externally-managed install_data
[3.115s] running egg_info
[3.116s] creating ../../../../build/sensor_msgs_py/sensor_msgs_py.egg-info
[3.116s] writing ../../../../build/sensor_msgs_py/sensor_msgs_py.egg-info/PKG-INFO
[3.117s] writing dependency_links to ../../../../build/sensor_msgs_py/sensor_msgs_py.egg-info/dependency_links.txt
[3.118s] writing requirements to ../../../../build/sensor_msgs_py/sensor_msgs_py.egg-info/requires.txt
[3.118s] writing top-level names to ../../../../build/sensor_msgs_py/sensor_msgs_py.egg-info/top_level.txt
[3.118s] writing manifest file '../../../../build/sensor_msgs_py/sensor_msgs_py.egg-info/SOURCES.txt'
[3.128s] reading manifest file '../../../../build/sensor_msgs_py/sensor_msgs_py.egg-info/SOURCES.txt'
[3.128s] adding license file 'LICENSE'
[3.131s] writing manifest file '../../../../build/sensor_msgs_py/sensor_msgs_py.egg-info/SOURCES.txt'
[3.134s] running build
[3.134s] running build_py
[3.135s] creating /home/aidan/GitHub/AidansRepo/TeensySwerve/build/sensor_msgs_py/build
[3.135s] creating /home/aidan/GitHub/AidansRepo/TeensySwerve/build/sensor_msgs_py/build/lib
[3.136s] creating /home/aidan/GitHub/AidansRepo/TeensySwerve/build/sensor_msgs_py/build/lib/sensor_msgs_py
[3.136s] copying sensor_msgs_py/numpy_compat.py -> /home/aidan/GitHub/AidansRepo/TeensySwerve/build/sensor_msgs_py/build/lib/sensor_msgs_py
[3.140s] copying sensor_msgs_py/__init__.py -> /home/aidan/GitHub/AidansRepo/TeensySwerve/build/sensor_msgs_py/build/lib/sensor_msgs_py
[3.140s] copying sensor_msgs_py/point_cloud2.py -> /home/aidan/GitHub/AidansRepo/TeensySwerve/build/sensor_msgs_py/build/lib/sensor_msgs_py
[3.140s] running install
[3.142s] running install_lib
[3.142s] creating /home/aidan/GitHub/AidansRepo/TeensySwerve/install/sensor_msgs_py/lib/python3.10/site-packages/sensor_msgs_py
[3.142s] copying /home/aidan/GitHub/AidansRepo/TeensySwerve/build/sensor_msgs_py/build/lib/sensor_msgs_py/numpy_compat.py -> /home/aidan/GitHub/AidansRepo/TeensySwerve/install/sensor_msgs_py/lib/python3.10/site-packages/sensor_msgs_py
[3.142s] copying /home/aidan/GitHub/AidansRepo/TeensySwerve/build/sensor_msgs_py/build/lib/sensor_msgs_py/__init__.py -> /home/aidan/GitHub/AidansRepo/TeensySwerve/install/sensor_msgs_py/lib/python3.10/site-packages/sensor_msgs_py
[3.148s] copying /home/aidan/GitHub/AidansRepo/TeensySwerve/build/sensor_msgs_py/build/lib/sensor_msgs_py/point_cloud2.py -> /home/aidan/GitHub/AidansRepo/TeensySwerve/install/sensor_msgs_py/lib/python3.10/site-packages/sensor_msgs_py
[3.149s] byte-compiling /home/aidan/GitHub/AidansRepo/TeensySwerve/install/sensor_msgs_py/lib/python3.10/site-packages/sensor_msgs_py/numpy_compat.py to numpy_compat.cpython-310.pyc
[3.154s] byte-compiling /home/aidan/GitHub/AidansRepo/TeensySwerve/install/sensor_msgs_py/lib/python3.10/site-packages/sensor_msgs_py/__init__.py to __init__.cpython-310.pyc
[3.155s] byte-compiling /home/aidan/GitHub/AidansRepo/TeensySwerve/install/sensor_msgs_py/lib/python3.10/site-packages/sensor_msgs_py/point_cloud2.py to point_cloud2.cpython-310.pyc
[3.163s] running install_data
[3.165s] creating /home/aidan/GitHub/AidansRepo/TeensySwerve/install/sensor_msgs_py/share/ament_index
[3.165s] creating /home/aidan/GitHub/AidansRepo/TeensySwerve/install/sensor_msgs_py/share/ament_index/resource_index
[3.165s] creating /home/aidan/GitHub/AidansRepo/TeensySwerve/install/sensor_msgs_py/share/ament_index/resource_index/packages
[3.165s] copying resource/sensor_msgs_py -> /home/aidan/GitHub/AidansRepo/TeensySwerve/install/sensor_msgs_py/share/ament_index/resource_index/packages
[3.170s] copying package.xml -> /home/aidan/GitHub/AidansRepo/TeensySwerve/install/sensor_msgs_py/share/sensor_msgs_py
[3.170s] running install_egg_info
[3.177s] Copying ../../../../build/sensor_msgs_py/sensor_msgs_py.egg-info to /home/aidan/GitHub/AidansRepo/TeensySwerve/install/sensor_msgs_py/lib/python3.10/site-packages/sensor_msgs_py-4.8.0-py3.10.egg-info
[3.178s] running install_scripts
[3.251s] writing list of installed files to '/home/aidan/GitHub/AidansRepo/TeensySwerve/build/sensor_msgs_py/install.log'
[3.314s] Invoked command in '/home/aidan/GitHub/AidansRepo/TeensySwerve/src/ros2/common_interfaces/sensor_msgs_py' returned '0': AMENT_PREFIX_PATH=/home/aidan/GitHub/AidansRepo/TeensySwerve/install/sensor_msgs:/home/aidan/GitHub/AidansRepo/TeensySwerve/install/geometry_msgs:/home/aidan/GitHub/AidansRepo/TeensySwerve/install/std_msgs:/home/aidan/GitHub/AidansRepo/TeensySwerve/install/builtin_interfaces:${AMENT_PREFIX_PATH} CMAKE_PREFIX_PATH=/home/aidan/GitHub/AidansRepo/TeensySwerve/install/sensor_msgs:/home/aidan/GitHub/AidansRepo/TeensySwerve/install/geometry_msgs:/home/aidan/GitHub/AidansRepo/TeensySwerve/install/std_msgs:/home/aidan/GitHub/AidansRepo/TeensySwerve/install/builtin_interfaces:${CMAKE_PREFIX_PATH} LD_LIBRARY_PATH=/home/aidan/GitHub/AidansRepo/TeensySwerve/install/sensor_msgs/lib:/home/aidan/GitHub/AidansRepo/TeensySwerve/install/geometry_msgs/lib:/home/aidan/GitHub/AidansRepo/TeensySwerve/install/std_msgs/lib:/home/aidan/GitHub/AidansRepo/TeensySwerve/install/builtin_interfaces/lib:${LD_LIBRARY_PATH} PYTHONPATH=/home/aidan/GitHub/AidansRepo/TeensySwerve/build/sensor_msgs_py/prefix_override:/home/aidan/GitHub/AidansRepo/TeensySwerve/install/sensor_msgs_py/lib/python3.10/site-packages:/home/aidan/GitHub/AidansRepo/TeensySwerve/install/sensor_msgs/local/lib/python3.10/dist-packages:/home/aidan/GitHub/AidansRepo/TeensySwerve/install/geometry_msgs/local/lib/python3.10/dist-packages:/home/aidan/GitHub/AidansRepo/TeensySwerve/install/std_msgs/local/lib/python3.10/dist-packages:/home/aidan/GitHub/AidansRepo/TeensySwerve/install/builtin_interfaces/local/lib/python3.10/dist-packages:${PYTHONPATH} /usr/bin/python3 -W ignore:setup.py install is deprecated setup.py egg_info --egg-base ../../../../build/sensor_msgs_py build --build-base /home/aidan/GitHub/AidansRepo/TeensySwerve/build/sensor_msgs_py/build install --record /home/aidan/GitHub/AidansRepo/TeensySwerve/build/sensor_msgs_py/install.log --single-version-externally-managed install_data
