/usr/bin/cmake -S/home/aidan/GitHub/AidansRepo/TeensySwerve/src/uros/rclc/rclc_parameter -B/home/aidan/GitHub/AidansRepo/TeensySwerve/build/rclc_parameter --check-build-system CMakeFiles/Makefile.cmake 0
/usr/bin/cmake -E cmake_progress_start /home/aidan/GitHub/AidansRepo/TeensySwerve/build/rclc_parameter/CMakeFiles /home/aidan/GitHub/AidansRepo/TeensySwerve/build/rclc_parameter//CMakeFiles/progress.marks
/usr/bin/gmake  -f CMakeFiles/Makefile2 all
gmake[1]: Entering directory '/home/aidan/GitHub/AidansRepo/TeensySwerve/build/rclc_parameter'
/usr/bin/gmake  -f CMakeFiles/rclc_parameter.dir/build.make CMakeFiles/rclc_parameter.dir/depend
gmake[2]: Entering directory '/home/aidan/GitHub/AidansRepo/TeensySwerve/build/rclc_parameter'
cd /home/aidan/GitHub/AidansRepo/TeensySwerve/build/rclc_parameter && /usr/bin/cmake -E cmake_depends "Unix Makefiles" /home/aidan/GitHub/AidansRepo/TeensySwerve/src/uros/rclc/rclc_parameter /home/aidan/GitHub/AidansRepo/TeensySwerve/src/uros/rclc/rclc_parameter /home/aidan/GitHub/AidansRepo/TeensySwerve/build/rclc_parameter /home/aidan/GitHub/AidansRepo/TeensySwerve/build/rclc_parameter /home/aidan/GitHub/AidansRepo/TeensySwerve/build/rclc_parameter/CMakeFiles/rclc_parameter.dir/DependInfo.cmake --color=
gmake[2]: Leaving directory '/home/aidan/GitHub/AidansRepo/TeensySwerve/build/rclc_parameter'
/usr/bin/gmake  -f CMakeFiles/rclc_parameter.dir/build.make CMakeFiles/rclc_parameter.dir/build
gmake[2]: Entering directory '/home/aidan/GitHub/AidansRepo/TeensySwerve/build/rclc_parameter'
gmake[2]: Nothing to be done for 'CMakeFiles/rclc_parameter.dir/build'.
gmake[2]: Leaving directory '/home/aidan/GitHub/AidansRepo/TeensySwerve/build/rclc_parameter'
[ 33%] Built target rclc_parameter
/usr/bin/gmake  -f gtest/CMakeFiles/gtest.dir/build.make gtest/CMakeFiles/gtest.dir/depend
gmake[2]: Entering directory '/home/aidan/GitHub/AidansRepo/TeensySwerve/build/rclc_parameter'
cd /home/aidan/GitHub/AidansRepo/TeensySwerve/build/rclc_parameter && /usr/bin/cmake -E cmake_depends "Unix Makefiles" /home/aidan/GitHub/AidansRepo/TeensySwerve/src/uros/rclc/rclc_parameter /opt/ros/humble/src/gtest_vendor /home/aidan/GitHub/AidansRepo/TeensySwerve/build/rclc_parameter /home/aidan/GitHub/AidansRepo/TeensySwerve/build/rclc_parameter/gtest /home/aidan/GitHub/AidansRepo/TeensySwerve/build/rclc_parameter/gtest/CMakeFiles/gtest.dir/DependInfo.cmake --color=
gmake[2]: Leaving directory '/home/aidan/GitHub/AidansRepo/TeensySwerve/build/rclc_parameter'
/usr/bin/gmake  -f gtest/CMakeFiles/gtest.dir/build.make gtest/CMakeFiles/gtest.dir/build
gmake[2]: Entering directory '/home/aidan/GitHub/AidansRepo/TeensySwerve/build/rclc_parameter'
gmake[2]: Nothing to be done for 'gtest/CMakeFiles/gtest.dir/build'.
gmake[2]: Leaving directory '/home/aidan/GitHub/AidansRepo/TeensySwerve/build/rclc_parameter'
[ 55%] Built target gtest
/usr/bin/gmake  -f gtest/CMakeFiles/gtest_main.dir/build.make gtest/CMakeFiles/gtest_main.dir/depend
gmake[2]: Entering directory '/home/aidan/GitHub/AidansRepo/TeensySwerve/build/rclc_parameter'
cd /home/aidan/GitHub/AidansRepo/TeensySwerve/build/rclc_parameter && /usr/bin/cmake -E cmake_depends "Unix Makefiles" /home/aidan/GitHub/AidansRepo/TeensySwerve/src/uros/rclc/rclc_parameter /opt/ros/humble/src/gtest_vendor /home/aidan/GitHub/AidansRepo/TeensySwerve/build/rclc_parameter /home/aidan/GitHub/AidansRepo/TeensySwerve/build/rclc_parameter/gtest /home/aidan/GitHub/AidansRepo/TeensySwerve/build/rclc_parameter/gtest/CMakeFiles/gtest_main.dir/DependInfo.cmake --color=
gmake[2]: Leaving directory '/home/aidan/GitHub/AidansRepo/TeensySwerve/build/rclc_parameter'
/usr/bin/gmake  -f gtest/CMakeFiles/gtest_main.dir/build.make gtest/CMakeFiles/gtest_main.dir/build
gmake[2]: Entering directory '/home/aidan/GitHub/AidansRepo/TeensySwerve/build/rclc_parameter'
gmake[2]: Nothing to be done for 'gtest/CMakeFiles/gtest_main.dir/build'.
gmake[2]: Leaving directory '/home/aidan/GitHub/AidansRepo/TeensySwerve/build/rclc_parameter'
[ 77%] Built target gtest_main
/usr/bin/gmake  -f CMakeFiles/rclc_parameter_test.dir/build.make CMakeFiles/rclc_parameter_test.dir/depend
gmake[2]: Entering directory '/home/aidan/GitHub/AidansRepo/TeensySwerve/build/rclc_parameter'
cd /home/aidan/GitHub/AidansRepo/TeensySwerve/build/rclc_parameter && /usr/bin/cmake -E cmake_depends "Unix Makefiles" /home/aidan/GitHub/AidansRepo/TeensySwerve/src/uros/rclc/rclc_parameter /home/aidan/GitHub/AidansRepo/TeensySwerve/src/uros/rclc/rclc_parameter /home/aidan/GitHub/AidansRepo/TeensySwerve/build/rclc_parameter /home/aidan/GitHub/AidansRepo/TeensySwerve/build/rclc_parameter /home/aidan/GitHub/AidansRepo/TeensySwerve/build/rclc_parameter/CMakeFiles/rclc_parameter_test.dir/DependInfo.cmake --color=
gmake[2]: Leaving directory '/home/aidan/GitHub/AidansRepo/TeensySwerve/build/rclc_parameter'
/usr/bin/gmake  -f CMakeFiles/rclc_parameter_test.dir/build.make CMakeFiles/rclc_parameter_test.dir/build
gmake[2]: Entering directory '/home/aidan/GitHub/AidansRepo/TeensySwerve/build/rclc_parameter'
gmake[2]: Nothing to be done for 'CMakeFiles/rclc_parameter_test.dir/build'.
gmake[2]: Leaving directory '/home/aidan/GitHub/AidansRepo/TeensySwerve/build/rclc_parameter'
[100%] Built target rclc_parameter_test
gmake[1]: Leaving directory '/home/aidan/GitHub/AidansRepo/TeensySwerve/build/rclc_parameter'
/usr/bin/cmake -E cmake_progress_start /home/aidan/GitHub/AidansRepo/TeensySwerve/build/rclc_parameter/CMakeFiles 0
-- Install configuration: ""
-- Up-to-date: /home/aidan/GitHub/AidansRepo/TeensySwerve/install/rclc_parameter/lib/librclc_parameter.a
-- Up-to-date: /home/aidan/GitHub/AidansRepo/TeensySwerve/install/rclc_parameter/include
-- Up-to-date: /home/aidan/GitHub/AidansRepo/TeensySwerve/install/rclc_parameter/include/rclc_parameter
-- Up-to-date: /home/aidan/GitHub/AidansRepo/TeensySwerve/install/rclc_parameter/include/rclc_parameter/visibility_control.h
-- Up-to-date: /home/aidan/GitHub/AidansRepo/TeensySwerve/install/rclc_parameter/include/rclc_parameter/rclc_parameter.h
-- Up-to-date: /home/aidan/GitHub/AidansRepo/TeensySwerve/install/rclc_parameter/share/rclc_parameter/environment/library_path.sh
-- Up-to-date: /home/aidan/GitHub/AidansRepo/TeensySwerve/install/rclc_parameter/share/rclc_parameter/environment/library_path.dsv
-- Up-to-date: /home/aidan/GitHub/AidansRepo/TeensySwerve/install/rclc_parameter/share/ament_index/resource_index/package_run_dependencies/rclc_parameter
-- Up-to-date: /home/aidan/GitHub/AidansRepo/TeensySwerve/install/rclc_parameter/share/ament_index/resource_index/parent_prefix_path/rclc_parameter
-- Up-to-date: /home/aidan/GitHub/AidansRepo/TeensySwerve/install/rclc_parameter/share/rclc_parameter/environment/ament_prefix_path.sh
-- Up-to-date: /home/aidan/GitHub/AidansRepo/TeensySwerve/install/rclc_parameter/share/rclc_parameter/environment/ament_prefix_path.dsv
-- Up-to-date: /home/aidan/GitHub/AidansRepo/TeensySwerve/install/rclc_parameter/share/rclc_parameter/environment/path.sh
-- Up-to-date: /home/aidan/GitHub/AidansRepo/TeensySwerve/install/rclc_parameter/share/rclc_parameter/environment/path.dsv
-- Up-to-date: /home/aidan/GitHub/AidansRepo/TeensySwerve/install/rclc_parameter/share/rclc_parameter/local_setup.bash
-- Up-to-date: /home/aidan/GitHub/AidansRepo/TeensySwerve/install/rclc_parameter/share/rclc_parameter/local_setup.sh
-- Up-to-date: /home/aidan/GitHub/AidansRepo/TeensySwerve/install/rclc_parameter/share/rclc_parameter/local_setup.zsh
-- Up-to-date: /home/aidan/GitHub/AidansRepo/TeensySwerve/install/rclc_parameter/share/rclc_parameter/local_setup.dsv
-- Installing: /home/aidan/GitHub/AidansRepo/TeensySwerve/install/rclc_parameter/share/rclc_parameter/package.dsv
-- Up-to-date: /home/aidan/GitHub/AidansRepo/TeensySwerve/install/rclc_parameter/share/ament_index/resource_index/packages/rclc_parameter
-- Up-to-date: /home/aidan/GitHub/AidansRepo/TeensySwerve/install/rclc_parameter/share/rclc_parameter/cmake/rclc_parameterExport.cmake
-- Up-to-date: /home/aidan/GitHub/AidansRepo/TeensySwerve/install/rclc_parameter/share/rclc_parameter/cmake/rclc_parameterExport-noconfig.cmake
-- Up-to-date: /home/aidan/GitHub/AidansRepo/TeensySwerve/install/rclc_parameter/share/rclc_parameter/cmake/ament_cmake_export_include_directories-extras.cmake
-- Up-to-date: /home/aidan/GitHub/AidansRepo/TeensySwerve/install/rclc_parameter/share/rclc_parameter/cmake/ament_cmake_export_libraries-extras.cmake
-- Up-to-date: /home/aidan/GitHub/AidansRepo/TeensySwerve/install/rclc_parameter/share/rclc_parameter/cmake/ament_cmake_export_targets-extras.cmake
-- Up-to-date: /home/aidan/GitHub/AidansRepo/TeensySwerve/install/rclc_parameter/share/rclc_parameter/cmake/ament_cmake_export_dependencies-extras.cmake
-- Up-to-date: /home/aidan/GitHub/AidansRepo/TeensySwerve/install/rclc_parameter/share/rclc_parameter/cmake/rclc_parameterConfig.cmake
-- Up-to-date: /home/aidan/GitHub/AidansRepo/TeensySwerve/install/rclc_parameter/share/rclc_parameter/cmake/rclc_parameterConfig-version.cmake
-- Up-to-date: /home/aidan/GitHub/AidansRepo/TeensySwerve/install/rclc_parameter/share/rclc_parameter/package.xml
