[0.098s] Invoking command in '/home/aidan/GitHub/AidansRepo/TeensySwerve/build/actionlib_msgs': AMENT_PREFIX_PATH=/home/aidan/GitHub/AidansRepo/TeensySwerve/install/std_msgs:/home/aidan/GitHub/AidansRepo/TeensySwerve/install/builtin_interfaces:${AMENT_PREFIX_PATH} CMAKE_PREFIX_PATH=/home/aidan/GitHub/AidansRepo/TeensySwerve/install/std_msgs:/home/aidan/GitHub/AidansRepo/TeensySwerve/install/builtin_interfaces:/home/aidan/GitHub/AidansRepo/TeensySwerve/install/tnsy_interfaces:/home/aidan/microros_ws/install/micro_ros_setup:/home/aidan/microros_ws/install/micro_ros_agent:/home/aidan/microros_ws/install/micro_ros_msgs:/home/aidan/GitHub/AidansRepo/TeensySwerve/install/tnsy_swrv_controller:/opt/ros/humble LD_LIBRARY_PATH=/home/aidan/GitHub/AidansRepo/TeensySwerve/install/std_msgs/lib:/home/aidan/GitHub/AidansRepo/TeensySwerve/install/builtin_interfaces/lib:${LD_LIBRARY_PATH} PYTHONPATH=/home/aidan/GitHub/AidansRepo/TeensySwerve/install/std_msgs/local/lib/python3.10/dist-packages:/home/aidan/GitHub/AidansRepo/TeensySwerve/install/builtin_interfaces/local/lib/python3.10/dist-packages:${PYTHONPATH} /usr/bin/cmake --build /home/aidan/GitHub/AidansRepo/TeensySwerve/build/actionlib_msgs -- -j4 -l4
[0.397s] [  2%] Built target actionlib_msgs__cpp
[0.606s] [  2%] Built target ament_cmake_python_copy_actionlib_msgs
[0.696s] [35m[1mConsolidate compiler generated dependencies of target actionlib_msgs__rosidl_typesupport_fastrtps_cpp[0m
[0.788s] [ 12%] Built target actionlib_msgs__rosidl_typesupport_fastrtps_cpp
[0.844s] [35m[1mConsolidate compiler generated dependencies of target actionlib_msgs__rosidl_typesupport_introspection_cpp[0m
[0.962s] [ 23%] Built target actionlib_msgs__rosidl_typesupport_introspection_cpp
[2.448s] running egg_info
[2.457s] writing actionlib_msgs.egg-info/PKG-INFO
[2.461s] writing dependency_links to actionlib_msgs.egg-info/dependency_links.txt
[2.463s] writing top-level names to actionlib_msgs.egg-info/top_level.txt
[2.489s] reading manifest file 'actionlib_msgs.egg-info/SOURCES.txt'
[2.496s] writing manifest file 'actionlib_msgs.egg-info/SOURCES.txt'
[2.635s] [ 23%] Built target ament_cmake_python_build_actionlib_msgs_egg
[2.695s] [35m[1mConsolidate compiler generated dependencies of target actionlib_msgs__rosidl_typesupport_cpp[0m
[2.771s] [ 34%] Built target actionlib_msgs__rosidl_typesupport_cpp
[2.841s] [35m[1mConsolidate compiler generated dependencies of target actionlib_msgs__rosidl_generator_c[0m
[2.926s] [ 44%] Built target actionlib_msgs__rosidl_generator_c
[3.002s] [35m[1mConsolidate compiler generated dependencies of target actionlib_msgs__rosidl_typesupport_fastrtps_c[0m
[3.075s] [ 55%] Built target actionlib_msgs__rosidl_typesupport_fastrtps_c
[3.133s] [35m[1mConsolidate compiler generated dependencies of target actionlib_msgs__rosidl_typesupport_c[0m
[3.198s] [ 65%] Built target actionlib_msgs__rosidl_typesupport_c
[3.230s] [35m[1mConsolidate compiler generated dependencies of target actionlib_msgs__rosidl_typesupport_introspection_c[0m
[3.289s] [ 76%] Built target actionlib_msgs__rosidl_typesupport_introspection_c
[3.481s] [ 76%] Built target actionlib_msgs
[3.598s] [ 78%] Built target actionlib_msgs__py
[3.637s] [35m[1mConsolidate compiler generated dependencies of target actionlib_msgs__rosidl_generator_py[0m
[3.694s] [ 87%] Built target actionlib_msgs__rosidl_generator_py
[3.757s] [35m[1mConsolidate compiler generated dependencies of target actionlib_msgs__rosidl_typesupport_fastrtps_c__pyext[0m
[3.830s] [ 91%] Built target actionlib_msgs__rosidl_typesupport_fastrtps_c__pyext
[3.903s] [35m[1mConsolidate compiler generated dependencies of target actionlib_msgs__rosidl_typesupport_c__pyext[0m
[4.013s] [ 95%] Built target actionlib_msgs__rosidl_typesupport_c__pyext
[4.121s] [35m[1mConsolidate compiler generated dependencies of target actionlib_msgs__rosidl_typesupport_introspection_c__pyext[0m
[4.196s] [100%] Built target actionlib_msgs__rosidl_typesupport_introspection_c__pyext
[4.311s] Invoked command in '/home/aidan/GitHub/AidansRepo/TeensySwerve/build/actionlib_msgs' returned '0': AMENT_PREFIX_PATH=/home/aidan/GitHub/AidansRepo/TeensySwerve/install/std_msgs:/home/aidan/GitHub/AidansRepo/TeensySwerve/install/builtin_interfaces:${AMENT_PREFIX_PATH} CMAKE_PREFIX_PATH=/home/aidan/GitHub/AidansRepo/TeensySwerve/install/std_msgs:/home/aidan/GitHub/AidansRepo/TeensySwerve/install/builtin_interfaces:/home/aidan/GitHub/AidansRepo/TeensySwerve/install/tnsy_interfaces:/home/aidan/microros_ws/install/micro_ros_setup:/home/aidan/microros_ws/install/micro_ros_agent:/home/aidan/microros_ws/install/micro_ros_msgs:/home/aidan/GitHub/AidansRepo/TeensySwerve/install/tnsy_swrv_controller:/opt/ros/humble LD_LIBRARY_PATH=/home/aidan/GitHub/AidansRepo/TeensySwerve/install/std_msgs/lib:/home/aidan/GitHub/AidansRepo/TeensySwerve/install/builtin_interfaces/lib:${LD_LIBRARY_PATH} PYTHONPATH=/home/aidan/GitHub/AidansRepo/TeensySwerve/install/std_msgs/local/lib/python3.10/dist-packages:/home/aidan/GitHub/AidansRepo/TeensySwerve/install/builtin_interfaces/local/lib/python3.10/dist-packages:${PYTHONPATH} /usr/bin/cmake --build /home/aidan/GitHub/AidansRepo/TeensySwerve/build/actionlib_msgs -- -j4 -l4
[5.214s] Invoking command in '/home/aidan/GitHub/AidansRepo/TeensySwerve/build/actionlib_msgs': AMENT_PREFIX_PATH=/home/aidan/GitHub/AidansRepo/TeensySwerve/install/std_msgs:/home/aidan/GitHub/AidansRepo/TeensySwerve/install/builtin_interfaces:${AMENT_PREFIX_PATH} CMAKE_PREFIX_PATH=/home/aidan/GitHub/AidansRepo/TeensySwerve/install/std_msgs:/home/aidan/GitHub/AidansRepo/TeensySwerve/install/builtin_interfaces:/home/aidan/GitHub/AidansRepo/TeensySwerve/install/tnsy_interfaces:/home/aidan/microros_ws/install/micro_ros_setup:/home/aidan/microros_ws/install/micro_ros_agent:/home/aidan/microros_ws/install/micro_ros_msgs:/home/aidan/GitHub/AidansRepo/TeensySwerve/install/tnsy_swrv_controller:/opt/ros/humble LD_LIBRARY_PATH=/home/aidan/GitHub/AidansRepo/TeensySwerve/install/std_msgs/lib:/home/aidan/GitHub/AidansRepo/TeensySwerve/install/builtin_interfaces/lib:${LD_LIBRARY_PATH} PYTHONPATH=/home/aidan/GitHub/AidansRepo/TeensySwerve/install/std_msgs/local/lib/python3.10/dist-packages:/home/aidan/GitHub/AidansRepo/TeensySwerve/install/builtin_interfaces/local/lib/python3.10/dist-packages:${PYTHONPATH} /usr/bin/cmake --install /home/aidan/GitHub/AidansRepo/TeensySwerve/build/actionlib_msgs
[5.258s] -- Install configuration: ""
[5.259s] -- Up-to-date: /home/aidan/GitHub/AidansRepo/TeensySwerve/install/actionlib_msgs/share/ament_index/resource_index/rosidl_interfaces/actionlib_msgs
[5.259s] -- Up-to-date: /home/aidan/GitHub/AidansRepo/TeensySwerve/install/actionlib_msgs/include/actionlib_msgs/actionlib_msgs
[5.259s] -- Up-to-date: /home/aidan/GitHub/AidansRepo/TeensySwerve/install/actionlib_msgs/include/actionlib_msgs/actionlib_msgs/msg
[5.259s] -- Up-to-date: /home/aidan/GitHub/AidansRepo/TeensySwerve/install/actionlib_msgs/include/actionlib_msgs/actionlib_msgs/msg/goal_id.h
[5.259s] -- Up-to-date: /home/aidan/GitHub/AidansRepo/TeensySwerve/install/actionlib_msgs/include/actionlib_msgs/actionlib_msgs/msg/goal_status.h
[5.260s] -- Up-to-date: /home/aidan/GitHub/AidansRepo/TeensySwerve/install/actionlib_msgs/include/actionlib_msgs/actionlib_msgs/msg/rosidl_generator_c__visibility_control.h
[5.260s] -- Up-to-date: /home/aidan/GitHub/AidansRepo/TeensySwerve/install/actionlib_msgs/include/actionlib_msgs/actionlib_msgs/msg/goal_status_array.h
[5.260s] -- Up-to-date: /home/aidan/GitHub/AidansRepo/TeensySwerve/install/actionlib_msgs/include/actionlib_msgs/actionlib_msgs/msg/detail
[5.260s] -- Up-to-date: /home/aidan/GitHub/AidansRepo/TeensySwerve/install/actionlib_msgs/include/actionlib_msgs/actionlib_msgs/msg/detail/goal_id__functions.h
[5.260s] -- Up-to-date: /home/aidan/GitHub/AidansRepo/TeensySwerve/install/actionlib_msgs/include/actionlib_msgs/actionlib_msgs/msg/detail/goal_id__struct.h
[5.264s] -- Up-to-date: /home/aidan/GitHub/AidansRepo/TeensySwerve/install/actionlib_msgs/include/actionlib_msgs/actionlib_msgs/msg/detail/goal_status__functions.h
[5.267s] -- Up-to-date: /home/aidan/GitHub/AidansRepo/TeensySwerve/install/actionlib_msgs/include/actionlib_msgs/actionlib_msgs/msg/detail/goal_status__struct.h
[5.267s] -- Up-to-date: /home/aidan/GitHub/AidansRepo/TeensySwerve/install/actionlib_msgs/include/actionlib_msgs/actionlib_msgs/msg/detail/goal_id__type_support.h
[5.268s] -- Up-to-date: /home/aidan/GitHub/AidansRepo/TeensySwerve/install/actionlib_msgs/include/actionlib_msgs/actionlib_msgs/msg/detail/goal_status__functions.c
[5.270s] -- Up-to-date: /home/aidan/GitHub/AidansRepo/TeensySwerve/install/actionlib_msgs/include/actionlib_msgs/actionlib_msgs/msg/detail/goal_status_array__functions.c
[5.270s] -- Up-to-date: /home/aidan/GitHub/AidansRepo/TeensySwerve/install/actionlib_msgs/include/actionlib_msgs/actionlib_msgs/msg/detail/goal_id__functions.c
[5.275s] -- Up-to-date: /home/aidan/GitHub/AidansRepo/TeensySwerve/install/actionlib_msgs/include/actionlib_msgs/actionlib_msgs/msg/detail/goal_status_array__functions.h
[5.275s] -- Up-to-date: /home/aidan/GitHub/AidansRepo/TeensySwerve/install/actionlib_msgs/include/actionlib_msgs/actionlib_msgs/msg/detail/goal_status_array__type_support.h
[5.275s] -- Up-to-date: /home/aidan/GitHub/AidansRepo/TeensySwerve/install/actionlib_msgs/include/actionlib_msgs/actionlib_msgs/msg/detail/goal_status_array__struct.h
[5.275s] -- Up-to-date: /home/aidan/GitHub/AidansRepo/TeensySwerve/install/actionlib_msgs/include/actionlib_msgs/actionlib_msgs/msg/detail/goal_status__type_support.h
[5.275s] -- Up-to-date: /home/aidan/GitHub/AidansRepo/TeensySwerve/install/actionlib_msgs/share/actionlib_msgs/environment/library_path.sh
[5.276s] -- Up-to-date: /home/aidan/GitHub/AidansRepo/TeensySwerve/install/actionlib_msgs/share/actionlib_msgs/environment/library_path.dsv
[5.276s] -- Up-to-date: /home/aidan/GitHub/AidansRepo/TeensySwerve/install/actionlib_msgs/lib/libactionlib_msgs__rosidl_generator_c.so
[5.276s] -- Up-to-date: /home/aidan/GitHub/AidansRepo/TeensySwerve/install/actionlib_msgs/include/actionlib_msgs/actionlib_msgs
[5.276s] -- Up-to-date: /home/aidan/GitHub/AidansRepo/TeensySwerve/install/actionlib_msgs/include/actionlib_msgs/actionlib_msgs/msg
[5.276s] -- Up-to-date: /home/aidan/GitHub/AidansRepo/TeensySwerve/install/actionlib_msgs/include/actionlib_msgs/actionlib_msgs/msg/rosidl_typesupport_fastrtps_c__visibility_control.h
[5.276s] -- Up-to-date: /home/aidan/GitHub/AidansRepo/TeensySwerve/install/actionlib_msgs/include/actionlib_msgs/actionlib_msgs/msg/detail
[5.281s] -- Up-to-date: /home/aidan/GitHub/AidansRepo/TeensySwerve/install/actionlib_msgs/include/actionlib_msgs/actionlib_msgs/msg/detail/goal_status_array__rosidl_typesupport_fastrtps_c.h
[5.281s] -- Up-to-date: /home/aidan/GitHub/AidansRepo/TeensySwerve/install/actionlib_msgs/include/actionlib_msgs/actionlib_msgs/msg/detail/goal_id__rosidl_typesupport_fastrtps_c.h
[5.283s] -- Up-to-date: /home/aidan/GitHub/AidansRepo/TeensySwerve/install/actionlib_msgs/include/actionlib_msgs/actionlib_msgs/msg/detail/goal_status__rosidl_typesupport_fastrtps_c.h
[5.285s] -- Up-to-date: /home/aidan/GitHub/AidansRepo/TeensySwerve/install/actionlib_msgs/lib/libactionlib_msgs__rosidl_typesupport_fastrtps_c.so
[5.286s] -- Up-to-date: /home/aidan/GitHub/AidansRepo/TeensySwerve/install/actionlib_msgs/include/actionlib_msgs/actionlib_msgs
[5.286s] -- Up-to-date: /home/aidan/GitHub/AidansRepo/TeensySwerve/install/actionlib_msgs/include/actionlib_msgs/actionlib_msgs/msg
[5.286s] -- Up-to-date: /home/aidan/GitHub/AidansRepo/TeensySwerve/install/actionlib_msgs/include/actionlib_msgs/actionlib_msgs/msg/goal_id.hpp
[5.290s] -- Up-to-date: /home/aidan/GitHub/AidansRepo/TeensySwerve/install/actionlib_msgs/include/actionlib_msgs/actionlib_msgs/msg/goal_status_array.hpp
[5.291s] -- Up-to-date: /home/aidan/GitHub/AidansRepo/TeensySwerve/install/actionlib_msgs/include/actionlib_msgs/actionlib_msgs/msg/goal_status.hpp
[5.292s] -- Up-to-date: /home/aidan/GitHub/AidansRepo/TeensySwerve/install/actionlib_msgs/include/actionlib_msgs/actionlib_msgs/msg/detail
[5.292s] -- Up-to-date: /home/aidan/GitHub/AidansRepo/TeensySwerve/install/actionlib_msgs/include/actionlib_msgs/actionlib_msgs/msg/detail/goal_status__struct.hpp
[5.297s] -- Up-to-date: /home/aidan/GitHub/AidansRepo/TeensySwerve/install/actionlib_msgs/include/actionlib_msgs/actionlib_msgs/msg/detail/goal_status__builder.hpp
[5.297s] -- Up-to-date: /home/aidan/GitHub/AidansRepo/TeensySwerve/install/actionlib_msgs/include/actionlib_msgs/actionlib_msgs/msg/detail/goal_status_array__builder.hpp
[5.298s] -- Up-to-date: /home/aidan/GitHub/AidansRepo/TeensySwerve/install/actionlib_msgs/include/actionlib_msgs/actionlib_msgs/msg/detail/goal_status_array__struct.hpp
[5.298s] -- Up-to-date: /home/aidan/GitHub/AidansRepo/TeensySwerve/install/actionlib_msgs/include/actionlib_msgs/actionlib_msgs/msg/detail/goal_id__traits.hpp
[5.300s] -- Up-to-date: /home/aidan/GitHub/AidansRepo/TeensySwerve/install/actionlib_msgs/include/actionlib_msgs/actionlib_msgs/msg/detail/goal_status__type_support.hpp
[5.300s] -- Up-to-date: /home/aidan/GitHub/AidansRepo/TeensySwerve/install/actionlib_msgs/include/actionlib_msgs/actionlib_msgs/msg/detail/goal_status_array__traits.hpp
[5.300s] -- Up-to-date: /home/aidan/GitHub/AidansRepo/TeensySwerve/install/actionlib_msgs/include/actionlib_msgs/actionlib_msgs/msg/detail/goal_id__builder.hpp
[5.300s] -- Up-to-date: /home/aidan/GitHub/AidansRepo/TeensySwerve/install/actionlib_msgs/include/actionlib_msgs/actionlib_msgs/msg/detail/goal_id__type_support.hpp
[5.300s] -- Up-to-date: /home/aidan/GitHub/AidansRepo/TeensySwerve/install/actionlib_msgs/include/actionlib_msgs/actionlib_msgs/msg/detail/goal_status__traits.hpp
[5.300s] -- Up-to-date: /home/aidan/GitHub/AidansRepo/TeensySwerve/install/actionlib_msgs/include/actionlib_msgs/actionlib_msgs/msg/detail/goal_id__struct.hpp
[5.304s] -- Up-to-date: /home/aidan/GitHub/AidansRepo/TeensySwerve/install/actionlib_msgs/include/actionlib_msgs/actionlib_msgs/msg/detail/goal_status_array__type_support.hpp
[5.306s] -- Up-to-date: /home/aidan/GitHub/AidansRepo/TeensySwerve/install/actionlib_msgs/include/actionlib_msgs/actionlib_msgs/msg/rosidl_generator_cpp__visibility_control.hpp
[5.306s] -- Up-to-date: /home/aidan/GitHub/AidansRepo/TeensySwerve/install/actionlib_msgs/include/actionlib_msgs/actionlib_msgs
[5.306s] -- Up-to-date: /home/aidan/GitHub/AidansRepo/TeensySwerve/install/actionlib_msgs/include/actionlib_msgs/actionlib_msgs/msg
[5.306s] -- Up-to-date: /home/aidan/GitHub/AidansRepo/TeensySwerve/install/actionlib_msgs/include/actionlib_msgs/actionlib_msgs/msg/rosidl_typesupport_fastrtps_cpp__visibility_control.h
[5.306s] -- Up-to-date: /home/aidan/GitHub/AidansRepo/TeensySwerve/install/actionlib_msgs/include/actionlib_msgs/actionlib_msgs/msg/detail
[5.307s] -- Up-to-date: /home/aidan/GitHub/AidansRepo/TeensySwerve/install/actionlib_msgs/include/actionlib_msgs/actionlib_msgs/msg/detail/goal_id__rosidl_typesupport_fastrtps_cpp.hpp
[5.307s] -- Up-to-date: /home/aidan/GitHub/AidansRepo/TeensySwerve/install/actionlib_msgs/include/actionlib_msgs/actionlib_msgs/msg/detail/dds_fastrtps
[5.307s] -- Up-to-date: /home/aidan/GitHub/AidansRepo/TeensySwerve/install/actionlib_msgs/include/actionlib_msgs/actionlib_msgs/msg/detail/goal_status__rosidl_typesupport_fastrtps_cpp.hpp
[5.307s] -- Up-to-date: /home/aidan/GitHub/AidansRepo/TeensySwerve/install/actionlib_msgs/include/actionlib_msgs/actionlib_msgs/msg/detail/goal_status_array__rosidl_typesupport_fastrtps_cpp.hpp
[5.307s] -- Up-to-date: /home/aidan/GitHub/AidansRepo/TeensySwerve/install/actionlib_msgs/lib/libactionlib_msgs__rosidl_typesupport_fastrtps_cpp.so
[5.307s] -- Up-to-date: /home/aidan/GitHub/AidansRepo/TeensySwerve/install/actionlib_msgs/include/actionlib_msgs/actionlib_msgs
[5.307s] -- Up-to-date: /home/aidan/GitHub/AidansRepo/TeensySwerve/install/actionlib_msgs/include/actionlib_msgs/actionlib_msgs/msg
[5.308s] -- Up-to-date: /home/aidan/GitHub/AidansRepo/TeensySwerve/install/actionlib_msgs/include/actionlib_msgs/actionlib_msgs/msg/detail
[5.308s] -- Up-to-date: /home/aidan/GitHub/AidansRepo/TeensySwerve/install/actionlib_msgs/include/actionlib_msgs/actionlib_msgs/msg/detail/goal_status__type_support.c
[5.309s] -- Up-to-date: /home/aidan/GitHub/AidansRepo/TeensySwerve/install/actionlib_msgs/include/actionlib_msgs/actionlib_msgs/msg/detail/goal_id__rosidl_typesupport_introspection_c.h
[5.310s] -- Up-to-date: /home/aidan/GitHub/AidansRepo/TeensySwerve/install/actionlib_msgs/include/actionlib_msgs/actionlib_msgs/msg/detail/goal_status_array__type_support.c
[5.310s] -- Up-to-date: /home/aidan/GitHub/AidansRepo/TeensySwerve/install/actionlib_msgs/include/actionlib_msgs/actionlib_msgs/msg/detail/goal_id__type_support.c
[5.310s] -- Up-to-date: /home/aidan/GitHub/AidansRepo/TeensySwerve/install/actionlib_msgs/include/actionlib_msgs/actionlib_msgs/msg/detail/goal_status_array__rosidl_typesupport_introspection_c.h
[5.310s] -- Up-to-date: /home/aidan/GitHub/AidansRepo/TeensySwerve/install/actionlib_msgs/include/actionlib_msgs/actionlib_msgs/msg/detail/goal_status__rosidl_typesupport_introspection_c.h
[5.310s] -- Up-to-date: /home/aidan/GitHub/AidansRepo/TeensySwerve/install/actionlib_msgs/include/actionlib_msgs/actionlib_msgs/msg/rosidl_typesupport_introspection_c__visibility_control.h
[5.312s] -- Up-to-date: /home/aidan/GitHub/AidansRepo/TeensySwerve/install/actionlib_msgs/lib/libactionlib_msgs__rosidl_typesupport_introspection_c.so
[5.313s] -- Up-to-date: /home/aidan/GitHub/AidansRepo/TeensySwerve/install/actionlib_msgs/lib/libactionlib_msgs__rosidl_typesupport_c.so
[5.313s] -- Up-to-date: /home/aidan/GitHub/AidansRepo/TeensySwerve/install/actionlib_msgs/include/actionlib_msgs/actionlib_msgs
[5.313s] -- Up-to-date: /home/aidan/GitHub/AidansRepo/TeensySwerve/install/actionlib_msgs/include/actionlib_msgs/actionlib_msgs/msg
[5.316s] -- Up-to-date: /home/aidan/GitHub/AidansRepo/TeensySwerve/install/actionlib_msgs/include/actionlib_msgs/actionlib_msgs/msg/detail
[5.318s] -- Up-to-date: /home/aidan/GitHub/AidansRepo/TeensySwerve/install/actionlib_msgs/include/actionlib_msgs/actionlib_msgs/msg/detail/goal_status__type_support.cpp
[5.318s] -- Up-to-date: /home/aidan/GitHub/AidansRepo/TeensySwerve/install/actionlib_msgs/include/actionlib_msgs/actionlib_msgs/msg/detail/goal_id__type_support.cpp
[5.320s] -- Up-to-date: /home/aidan/GitHub/AidansRepo/TeensySwerve/install/actionlib_msgs/include/actionlib_msgs/actionlib_msgs/msg/detail/goal_status_array__type_support.cpp
[5.320s] -- Up-to-date: /home/aidan/GitHub/AidansRepo/TeensySwerve/install/actionlib_msgs/include/actionlib_msgs/actionlib_msgs/msg/detail/goal_id__rosidl_typesupport_introspection_cpp.hpp
[5.322s] -- Up-to-date: /home/aidan/GitHub/AidansRepo/TeensySwerve/install/actionlib_msgs/include/actionlib_msgs/actionlib_msgs/msg/detail/goal_status_array__rosidl_typesupport_introspection_cpp.hpp
[5.322s] -- Up-to-date: /home/aidan/GitHub/AidansRepo/TeensySwerve/install/actionlib_msgs/include/actionlib_msgs/actionlib_msgs/msg/detail/goal_status__rosidl_typesupport_introspection_cpp.hpp
[5.322s] -- Up-to-date: /home/aidan/GitHub/AidansRepo/TeensySwerve/install/actionlib_msgs/lib/libactionlib_msgs__rosidl_typesupport_introspection_cpp.so
[5.322s] -- Up-to-date: /home/aidan/GitHub/AidansRepo/TeensySwerve/install/actionlib_msgs/lib/libactionlib_msgs__rosidl_typesupport_cpp.so
[5.322s] -- Up-to-date: /home/aidan/GitHub/AidansRepo/TeensySwerve/install/actionlib_msgs/share/actionlib_msgs/environment/pythonpath.sh
[5.323s] -- Up-to-date: /home/aidan/GitHub/AidansRepo/TeensySwerve/install/actionlib_msgs/share/actionlib_msgs/environment/pythonpath.dsv
[5.328s] -- Up-to-date: /home/aidan/GitHub/AidansRepo/TeensySwerve/install/actionlib_msgs/local/lib/python3.10/dist-packages/actionlib_msgs-4.8.0-py3.10.egg-info
[5.328s] -- Installing: /home/aidan/GitHub/AidansRepo/TeensySwerve/install/actionlib_msgs/local/lib/python3.10/dist-packages/actionlib_msgs-4.8.0-py3.10.egg-info/PKG-INFO
[5.328s] -- Installing: /home/aidan/GitHub/AidansRepo/TeensySwerve/install/actionlib_msgs/local/lib/python3.10/dist-packages/actionlib_msgs-4.8.0-py3.10.egg-info/SOURCES.txt
[5.328s] -- Installing: /home/aidan/GitHub/AidansRepo/TeensySwerve/install/actionlib_msgs/local/lib/python3.10/dist-packages/actionlib_msgs-4.8.0-py3.10.egg-info/dependency_links.txt
[5.332s] -- Installing: /home/aidan/GitHub/AidansRepo/TeensySwerve/install/actionlib_msgs/local/lib/python3.10/dist-packages/actionlib_msgs-4.8.0-py3.10.egg-info/top_level.txt
[5.333s] -- Up-to-date: /home/aidan/GitHub/AidansRepo/TeensySwerve/install/actionlib_msgs/local/lib/python3.10/dist-packages/actionlib_msgs
[5.333s] -- Up-to-date: /home/aidan/GitHub/AidansRepo/TeensySwerve/install/actionlib_msgs/local/lib/python3.10/dist-packages/actionlib_msgs/actionlib_msgs_s__rosidl_typesupport_introspection_c.cpython-310-x86_64-linux-gnu.so
[5.339s] -- Up-to-date: /home/aidan/GitHub/AidansRepo/TeensySwerve/install/actionlib_msgs/local/lib/python3.10/dist-packages/actionlib_msgs/_actionlib_msgs_s.ep.rosidl_typesupport_introspection_c.c
[5.339s] -- Up-to-date: /home/aidan/GitHub/AidansRepo/TeensySwerve/install/actionlib_msgs/local/lib/python3.10/dist-packages/actionlib_msgs/__init__.py
[5.339s] -- Up-to-date: /home/aidan/GitHub/AidansRepo/TeensySwerve/install/actionlib_msgs/local/lib/python3.10/dist-packages/actionlib_msgs/msg
[5.339s] -- Up-to-date: /home/aidan/GitHub/AidansRepo/TeensySwerve/install/actionlib_msgs/local/lib/python3.10/dist-packages/actionlib_msgs/msg/_goal_status.py
[5.339s] -- Up-to-date: /home/aidan/GitHub/AidansRepo/TeensySwerve/install/actionlib_msgs/local/lib/python3.10/dist-packages/actionlib_msgs/msg/_goal_status_array.py
[5.339s] -- Up-to-date: /home/aidan/GitHub/AidansRepo/TeensySwerve/install/actionlib_msgs/local/lib/python3.10/dist-packages/actionlib_msgs/msg/__init__.py
[5.342s] -- Up-to-date: /home/aidan/GitHub/AidansRepo/TeensySwerve/install/actionlib_msgs/local/lib/python3.10/dist-packages/actionlib_msgs/msg/_goal_id.py
[5.342s] -- Up-to-date: /home/aidan/GitHub/AidansRepo/TeensySwerve/install/actionlib_msgs/local/lib/python3.10/dist-packages/actionlib_msgs/msg/_goal_status_s.c
[5.342s] -- Up-to-date: /home/aidan/GitHub/AidansRepo/TeensySwerve/install/actionlib_msgs/local/lib/python3.10/dist-packages/actionlib_msgs/msg/_goal_status_array_s.c
[5.342s] -- Up-to-date: /home/aidan/GitHub/AidansRepo/TeensySwerve/install/actionlib_msgs/local/lib/python3.10/dist-packages/actionlib_msgs/msg/_goal_id_s.c
[5.342s] -- Up-to-date: /home/aidan/GitHub/AidansRepo/TeensySwerve/install/actionlib_msgs/local/lib/python3.10/dist-packages/actionlib_msgs/_actionlib_msgs_s.ep.rosidl_typesupport_c.c
[5.342s] -- Up-to-date: /home/aidan/GitHub/AidansRepo/TeensySwerve/install/actionlib_msgs/local/lib/python3.10/dist-packages/actionlib_msgs/_actionlib_msgs_s.ep.rosidl_typesupport_fastrtps_c.c
[5.347s] -- Up-to-date: /home/aidan/GitHub/AidansRepo/TeensySwerve/install/actionlib_msgs/local/lib/python3.10/dist-packages/actionlib_msgs/actionlib_msgs_s__rosidl_typesupport_fastrtps_c.cpython-310-x86_64-linux-gnu.so
[5.347s] -- Up-to-date: /home/aidan/GitHub/AidansRepo/TeensySwerve/install/actionlib_msgs/local/lib/python3.10/dist-packages/actionlib_msgs/actionlib_msgs_s__rosidl_typesupport_c.cpython-310-x86_64-linux-gnu.so
[5.347s] -- Up-to-date: /home/aidan/GitHub/AidansRepo/TeensySwerve/install/actionlib_msgs/local/lib/python3.10/dist-packages/actionlib_msgs/libactionlib_msgs__rosidl_generator_py.so
[6.041s] Listing '/home/aidan/GitHub/AidansRepo/TeensySwerve/install/actionlib_msgs/local/lib/python3.10/dist-packages/actionlib_msgs'...
[6.041s] Listing '/home/aidan/GitHub/AidansRepo/TeensySwerve/install/actionlib_msgs/local/lib/python3.10/dist-packages/actionlib_msgs/msg'...
[6.043s] -- Up-to-date: /home/aidan/GitHub/AidansRepo/TeensySwerve/install/actionlib_msgs/local/lib/python3.10/dist-packages/actionlib_msgs/actionlib_msgs_s__rosidl_typesupport_fastrtps_c.cpython-310-x86_64-linux-gnu.so
[6.043s] -- Up-to-date: /home/aidan/GitHub/AidansRepo/TeensySwerve/install/actionlib_msgs/local/lib/python3.10/dist-packages/actionlib_msgs/actionlib_msgs_s__rosidl_typesupport_introspection_c.cpython-310-x86_64-linux-gnu.so
[6.043s] -- Up-to-date: /home/aidan/GitHub/AidansRepo/TeensySwerve/install/actionlib_msgs/local/lib/python3.10/dist-packages/actionlib_msgs/actionlib_msgs_s__rosidl_typesupport_c.cpython-310-x86_64-linux-gnu.so
[6.044s] -- Up-to-date: /home/aidan/GitHub/AidansRepo/TeensySwerve/install/actionlib_msgs/lib/libactionlib_msgs__rosidl_generator_py.so
[6.045s] -- Up-to-date: /home/aidan/GitHub/AidansRepo/TeensySwerve/install/actionlib_msgs/share/actionlib_msgs/msg/GoalID.idl
[6.045s] -- Up-to-date: /home/aidan/GitHub/AidansRepo/TeensySwerve/install/actionlib_msgs/share/actionlib_msgs/msg/GoalStatus.idl
[6.045s] -- Up-to-date: /home/aidan/GitHub/AidansRepo/TeensySwerve/install/actionlib_msgs/share/actionlib_msgs/msg/GoalStatusArray.idl
[6.049s] -- Up-to-date: /home/aidan/GitHub/AidansRepo/TeensySwerve/install/actionlib_msgs/share/actionlib_msgs/msg/GoalID.msg
[6.049s] -- Up-to-date: /home/aidan/GitHub/AidansRepo/TeensySwerve/install/actionlib_msgs/share/actionlib_msgs/msg/GoalStatus.msg
[6.049s] -- Up-to-date: /home/aidan/GitHub/AidansRepo/TeensySwerve/install/actionlib_msgs/share/actionlib_msgs/msg/GoalStatusArray.msg
[6.050s] -- Up-to-date: /home/aidan/GitHub/AidansRepo/TeensySwerve/install/actionlib_msgs/share/ament_index/resource_index/package_run_dependencies/actionlib_msgs
[6.050s] -- Up-to-date: /home/aidan/GitHub/AidansRepo/TeensySwerve/install/actionlib_msgs/share/ament_index/resource_index/parent_prefix_path/actionlib_msgs
[6.050s] -- Up-to-date: /home/aidan/GitHub/AidansRepo/TeensySwerve/install/actionlib_msgs/share/actionlib_msgs/environment/ament_prefix_path.sh
[6.050s] -- Up-to-date: /home/aidan/GitHub/AidansRepo/TeensySwerve/install/actionlib_msgs/share/actionlib_msgs/environment/ament_prefix_path.dsv
[6.053s] -- Up-to-date: /home/aidan/GitHub/AidansRepo/TeensySwerve/install/actionlib_msgs/share/actionlib_msgs/environment/path.sh
[6.054s] -- Up-to-date: /home/aidan/GitHub/AidansRepo/TeensySwerve/install/actionlib_msgs/share/actionlib_msgs/environment/path.dsv
[6.058s] -- Up-to-date: /home/aidan/GitHub/AidansRepo/TeensySwerve/install/actionlib_msgs/share/actionlib_msgs/local_setup.bash
[6.059s] -- Up-to-date: /home/aidan/GitHub/AidansRepo/TeensySwerve/install/actionlib_msgs/share/actionlib_msgs/local_setup.sh
[6.060s] -- Up-to-date: /home/aidan/GitHub/AidansRepo/TeensySwerve/install/actionlib_msgs/share/actionlib_msgs/local_setup.zsh
[6.060s] -- Up-to-date: /home/aidan/GitHub/AidansRepo/TeensySwerve/install/actionlib_msgs/share/actionlib_msgs/local_setup.dsv
[6.061s] -- Installing: /home/aidan/GitHub/AidansRepo/TeensySwerve/install/actionlib_msgs/share/actionlib_msgs/package.dsv
[6.064s] -- Up-to-date: /home/aidan/GitHub/AidansRepo/TeensySwerve/install/actionlib_msgs/share/ament_index/resource_index/packages/actionlib_msgs
[6.064s] -- Up-to-date: /home/aidan/GitHub/AidansRepo/TeensySwerve/install/actionlib_msgs/share/actionlib_msgs/cmake/export_actionlib_msgs__rosidl_generator_cExport.cmake
[6.064s] -- Up-to-date: /home/aidan/GitHub/AidansRepo/TeensySwerve/install/actionlib_msgs/share/actionlib_msgs/cmake/export_actionlib_msgs__rosidl_generator_cExport-noconfig.cmake
[6.065s] -- Up-to-date: /home/aidan/GitHub/AidansRepo/TeensySwerve/install/actionlib_msgs/share/actionlib_msgs/cmake/export_actionlib_msgs__rosidl_typesupport_fastrtps_cExport.cmake
[6.065s] -- Up-to-date: /home/aidan/GitHub/AidansRepo/TeensySwerve/install/actionlib_msgs/share/actionlib_msgs/cmake/export_actionlib_msgs__rosidl_typesupport_fastrtps_cExport-noconfig.cmake
[6.065s] -- Up-to-date: /home/aidan/GitHub/AidansRepo/TeensySwerve/install/actionlib_msgs/share/actionlib_msgs/cmake/export_actionlib_msgs__rosidl_generator_cppExport.cmake
[6.067s] -- Up-to-date: /home/aidan/GitHub/AidansRepo/TeensySwerve/install/actionlib_msgs/share/actionlib_msgs/cmake/export_actionlib_msgs__rosidl_typesupport_fastrtps_cppExport.cmake
[6.067s] -- Up-to-date: /home/aidan/GitHub/AidansRepo/TeensySwerve/install/actionlib_msgs/share/actionlib_msgs/cmake/export_actionlib_msgs__rosidl_typesupport_fastrtps_cppExport-noconfig.cmake
[6.068s] -- Up-to-date: /home/aidan/GitHub/AidansRepo/TeensySwerve/install/actionlib_msgs/share/actionlib_msgs/cmake/actionlib_msgs__rosidl_typesupport_introspection_cExport.cmake
[6.068s] -- Up-to-date: /home/aidan/GitHub/AidansRepo/TeensySwerve/install/actionlib_msgs/share/actionlib_msgs/cmake/actionlib_msgs__rosidl_typesupport_introspection_cExport-noconfig.cmake
[6.070s] -- Up-to-date: /home/aidan/GitHub/AidansRepo/TeensySwerve/install/actionlib_msgs/share/actionlib_msgs/cmake/actionlib_msgs__rosidl_typesupport_cExport.cmake
[6.071s] -- Up-to-date: /home/aidan/GitHub/AidansRepo/TeensySwerve/install/actionlib_msgs/share/actionlib_msgs/cmake/actionlib_msgs__rosidl_typesupport_cExport-noconfig.cmake
[6.071s] -- Up-to-date: /home/aidan/GitHub/AidansRepo/TeensySwerve/install/actionlib_msgs/share/actionlib_msgs/cmake/actionlib_msgs__rosidl_typesupport_introspection_cppExport.cmake
[6.071s] -- Up-to-date: /home/aidan/GitHub/AidansRepo/TeensySwerve/install/actionlib_msgs/share/actionlib_msgs/cmake/actionlib_msgs__rosidl_typesupport_introspection_cppExport-noconfig.cmake
[6.071s] -- Up-to-date: /home/aidan/GitHub/AidansRepo/TeensySwerve/install/actionlib_msgs/share/actionlib_msgs/cmake/actionlib_msgs__rosidl_typesupport_cppExport.cmake
[6.072s] -- Up-to-date: /home/aidan/GitHub/AidansRepo/TeensySwerve/install/actionlib_msgs/share/actionlib_msgs/cmake/actionlib_msgs__rosidl_typesupport_cppExport-noconfig.cmake
[6.074s] -- Up-to-date: /home/aidan/GitHub/AidansRepo/TeensySwerve/install/actionlib_msgs/share/actionlib_msgs/cmake/export_actionlib_msgs__rosidl_generator_pyExport.cmake
[6.074s] -- Up-to-date: /home/aidan/GitHub/AidansRepo/TeensySwerve/install/actionlib_msgs/share/actionlib_msgs/cmake/export_actionlib_msgs__rosidl_generator_pyExport-noconfig.cmake
[6.074s] -- Up-to-date: /home/aidan/GitHub/AidansRepo/TeensySwerve/install/actionlib_msgs/share/actionlib_msgs/cmake/rosidl_cmake-extras.cmake
[6.075s] -- Up-to-date: /home/aidan/GitHub/AidansRepo/TeensySwerve/install/actionlib_msgs/share/actionlib_msgs/cmake/ament_cmake_export_dependencies-extras.cmake
[6.075s] -- Up-to-date: /home/aidan/GitHub/AidansRepo/TeensySwerve/install/actionlib_msgs/share/actionlib_msgs/cmake/ament_cmake_export_include_directories-extras.cmake
[6.075s] -- Up-to-date: /home/aidan/GitHub/AidansRepo/TeensySwerve/install/actionlib_msgs/share/actionlib_msgs/cmake/ament_cmake_export_libraries-extras.cmake
[6.076s] -- Up-to-date: /home/aidan/GitHub/AidansRepo/TeensySwerve/install/actionlib_msgs/share/actionlib_msgs/cmake/ament_cmake_export_targets-extras.cmake
[6.076s] -- Up-to-date: /home/aidan/GitHub/AidansRepo/TeensySwerve/install/actionlib_msgs/share/actionlib_msgs/cmake/rosidl_cmake_export_typesupport_targets-extras.cmake
[6.076s] -- Up-to-date: /home/aidan/GitHub/AidansRepo/TeensySwerve/install/actionlib_msgs/share/actionlib_msgs/cmake/rosidl_cmake_export_typesupport_libraries-extras.cmake
[6.076s] -- Up-to-date: /home/aidan/GitHub/AidansRepo/TeensySwerve/install/actionlib_msgs/share/actionlib_msgs/cmake/actionlib_msgsConfig.cmake
[6.076s] -- Up-to-date: /home/aidan/GitHub/AidansRepo/TeensySwerve/install/actionlib_msgs/share/actionlib_msgs/cmake/actionlib_msgsConfig-version.cmake
[6.077s] -- Up-to-date: /home/aidan/GitHub/AidansRepo/TeensySwerve/install/actionlib_msgs/share/actionlib_msgs/package.xml
[6.077s] Invoked command in '/home/aidan/GitHub/AidansRepo/TeensySwerve/build/actionlib_msgs' returned '0': AMENT_PREFIX_PATH=/home/aidan/GitHub/AidansRepo/TeensySwerve/install/std_msgs:/home/aidan/GitHub/AidansRepo/TeensySwerve/install/builtin_interfaces:${AMENT_PREFIX_PATH} CMAKE_PREFIX_PATH=/home/aidan/GitHub/AidansRepo/TeensySwerve/install/std_msgs:/home/aidan/GitHub/AidansRepo/TeensySwerve/install/builtin_interfaces:/home/aidan/GitHub/AidansRepo/TeensySwerve/install/tnsy_interfaces:/home/aidan/microros_ws/install/micro_ros_setup:/home/aidan/microros_ws/install/micro_ros_agent:/home/aidan/microros_ws/install/micro_ros_msgs:/home/aidan/GitHub/AidansRepo/TeensySwerve/install/tnsy_swrv_controller:/opt/ros/humble LD_LIBRARY_PATH=/home/aidan/GitHub/AidansRepo/TeensySwerve/install/std_msgs/lib:/home/aidan/GitHub/AidansRepo/TeensySwerve/install/builtin_interfaces/lib:${LD_LIBRARY_PATH} PYTHONPATH=/home/aidan/GitHub/AidansRepo/TeensySwerve/install/std_msgs/local/lib/python3.10/dist-packages:/home/aidan/GitHub/AidansRepo/TeensySwerve/install/builtin_interfaces/local/lib/python3.10/dist-packages:${PYTHONPATH} /usr/bin/cmake --install /home/aidan/GitHub/AidansRepo/TeensySwerve/build/actionlib_msgs
