[0.230s] Invoking command in '/home/aidan/GitHub/AidansRepo/TeensySwerve/build/action_msgs': CMAKE_PREFIX_PATH=/home/aidan/GitHub/AidansRepo/TeensySwerve/install/unique_identifier_msgs:/home/aidan/GitHub/AidansRepo/TeensySwerve/install/builtin_interfaces:/home/aidan/GitHub/AidansRepo/TeensySwerve/install/micro_ros_demos_rclc:/home/aidan/GitHub/AidansRepo/TeensySwerve/install/common_interfaces:/home/aidan/GitHub/AidansRepo/TeensySwerve/install/visualization_msgs:/home/aidan/GitHub/AidansRepo/TeensySwerve/install/test_msgs:/home/aidan/GitHub/AidansRepo/TeensySwerve/install/example_interfaces:/home/aidan/GitHub/AidansRepo/TeensySwerve/install/action_msgs:/home/aidan/GitHub/AidansRepo/TeensySwerve/install/trajectory_msgs:/home/aidan/GitHub/AidansRepo/TeensySwerve/install/stereo_msgs:/home/aidan/GitHub/AidansRepo/TeensySwerve/install/std_srvs:/home/aidan/GitHub/AidansRepo/TeensySwerve/install/shape_msgs:/home/aidan/GitHub/AidansRepo/TeensySwerve/install/sensor_msgs:/home/aidan/GitHub/AidansRepo/TeensySwerve/install/nav_msgs:/home/aidan/GitHub/AidansRepo/TeensySwerve/install/diagnostic_msgs:/home/aidan/GitHub/AidansRepo/TeensySwerve/install/geometry_msgs:/home/aidan/GitHub/AidansRepo/TeensySwerve/install/actionlib_msgs:/home/aidan/GitHub/AidansRepo/TeensySwerve/install/std_msgs:/home/aidan/GitHub/AidansRepo/TeensySwerve/install/statistics_msgs:/home/aidan/GitHub/AidansRepo/TeensySwerve/install/rosidl_typesupport_microxrcedds_test_msg:/home/aidan/GitHub/AidansRepo/TeensySwerve/install/rosidl_typesupport_microxrcedds_cpp_tests:/home/aidan/GitHub/AidansRepo/TeensySwerve/install/rmw_microxrcedds:/home/aidan/GitHub/AidansRepo/TeensySwerve/install/rosidl_typesupport_microxrcedds_cpp:/home/aidan/GitHub/AidansRepo/TeensySwerve/install/rosidl_typesupport_microxrcedds_c_tests:/home/aidan/GitHub/AidansRepo/TeensySwerve/install/rosidl_typesupport_microxrcedds_c:/home/aidan/GitHub/AidansRepo/TeensySwerve/install/rosgraph_msgs:/home/aidan/GitHub/AidansRepo/TeensySwerve/install/rclc_parameter:/home/aidan/GitHub/AidansRepo/TeensySwerve/install/rclc:/home/aidan/GitHub/AidansRepo/TeensySwerve/install/composition_interfaces:/home/aidan/GitHub/AidansRepo/TeensySwerve/install/rcl_interfaces:/home/aidan/GitHub/AidansRepo/TeensySwerve/install/microxrcedds_client:/home/aidan/GitHub/AidansRepo/TeensySwerve/install/microcdr:/home/aidan/GitHub/AidansRepo/TeensySwerve/install/micro_ros_utilities:/home/aidan/GitHub/AidansRepo/TeensySwerve/install/micro_ros_msgs:/home/aidan/GitHub/AidansRepo/TeensySwerve/install/lifecycle_msgs:/home/aidan/GitHub/AidansRepo/TeensySwerve/install/complex_msgs:/home/aidan/GitHub/AidansRepo/TeensySwerve/install/tnsy_interfaces:/home/aidan/microros_ws/install/micro_ros_setup:/home/aidan/microros_ws/install/micro_ros_agent:/home/aidan/microros_ws/install/micro_ros_msgs:/home/aidan/GitHub/AidansRepo/TeensySwerve/install/sensor_msgs_py:/home/aidan/GitHub/AidansRepo/TeensySwerve/install/tnsy_swrv_controller:/opt/ros/humble LD_LIBRARY_PATH=/home/aidan/GitHub/AidansRepo/TeensySwerve/install/unique_identifier_msgs/lib:/home/aidan/GitHub/AidansRepo/TeensySwerve/install/builtin_interfaces/lib:/home/aidan/GitHub/AidansRepo/TeensySwerve/install/visualization_msgs/lib:/home/aidan/GitHub/AidansRepo/TeensySwerve/install/test_msgs/lib:/home/aidan/GitHub/AidansRepo/TeensySwerve/install/example_interfaces/lib:/home/aidan/GitHub/AidansRepo/TeensySwerve/install/action_msgs/lib:/home/aidan/GitHub/AidansRepo/TeensySwerve/install/trajectory_msgs/lib:/home/aidan/GitHub/AidansRepo/TeensySwerve/install/stereo_msgs/lib:/home/aidan/GitHub/AidansRepo/TeensySwerve/install/std_srvs/lib:/home/aidan/GitHub/AidansRepo/TeensySwerve/install/shape_msgs/lib:/home/aidan/GitHub/AidansRepo/TeensySwerve/install/sensor_msgs/lib:/home/aidan/GitHub/AidansRepo/TeensySwerve/install/nav_msgs/lib:/home/aidan/GitHub/AidansRepo/TeensySwerve/install/diagnostic_msgs/lib:/home/aidan/GitHub/AidansRepo/TeensySwerve/install/geometry_msgs/lib:/home/aidan/GitHub/AidansRepo/TeensySwerve/install/actionlib_msgs/lib:/home/aidan/GitHub/AidansRepo/TeensySwerve/install/std_msgs/lib:/home/aidan/GitHub/AidansRepo/TeensySwerve/install/statistics_msgs/lib:/home/aidan/GitHub/AidansRepo/TeensySwerve/install/rosidl_typesupport_microxrcedds_test_msg/lib:/home/aidan/GitHub/AidansRepo/TeensySwerve/install/rmw_microxrcedds/lib:/home/aidan/GitHub/AidansRepo/TeensySwerve/install/rosidl_typesupport_microxrcedds_cpp/lib:/home/aidan/GitHub/AidansRepo/TeensySwerve/install/rosidl_typesupport_microxrcedds_c/lib:/home/aidan/GitHub/AidansRepo/TeensySwerve/install/rosgraph_msgs/lib:/home/aidan/GitHub/AidansRepo/TeensySwerve/install/rclc_parameter/lib:/home/aidan/GitHub/AidansRepo/TeensySwerve/install/rclc/lib:/home/aidan/GitHub/AidansRepo/TeensySwerve/install/composition_interfaces/lib:/home/aidan/GitHub/AidansRepo/TeensySwerve/install/rcl_interfaces/lib:/home/aidan/GitHub/AidansRepo/TeensySwerve/install/micro_ros_utilities/lib:/home/aidan/GitHub/AidansRepo/TeensySwerve/install/micro_ros_msgs/lib:/home/aidan/GitHub/AidansRepo/TeensySwerve/install/lifecycle_msgs/lib:/home/aidan/GitHub/AidansRepo/TeensySwerve/install/complex_msgs/lib:/home/aidan/GitHub/AidansRepo/TeensySwerve/install/tnsy_interfaces/lib:/home/aidan/microros_ws/install/micro_ros_agent/lib:/home/aidan/microros_ws/install/micro_ros_msgs/lib:/opt/ros/humble/opt/rviz_ogre_vendor/lib:/opt/ros/humble/lib/x86_64-linux-gnu:/opt/ros/humble/lib /usr/bin/cmake --build /home/aidan/GitHub/AidansRepo/TeensySwerve/build/action_msgs -- -j4 -l4
[0.817s] [  1%] Built target action_msgs__cpp
[0.843s] [ 12%] Built target action_msgs__rosidl_generator_c
[1.226s] [ 23%] Built target action_msgs__rosidl_typesupport_fastrtps_cpp
[1.331s] [ 34%] Built target action_msgs__rosidl_typesupport_cpp
[1.332s] [ 34%] Built target ament_cmake_python_copy_action_msgs
[1.616s] [ 45%] Built target action_msgs__rosidl_typesupport_introspection_cpp
[1.738s] [ 56%] Built target action_msgs__rosidl_typesupport_introspection_c
[1.782s] [ 67%] Built target action_msgs__rosidl_typesupport_fastrtps_c
[1.906s] [ 78%] Built target action_msgs__rosidl_typesupport_c
[2.198s] [ 78%] Built target action_msgs
[2.511s] [ 80%] Built target action_msgs__py
[2.734s] [ 89%] Built target action_msgs__rosidl_generator_py
[3.106s] [ 92%] Built target action_msgs__rosidl_typesupport_fastrtps_c__pyext
[3.368s] [ 96%] Built target action_msgs__rosidl_typesupport_c__pyext
[4.004s] running egg_info
[4.014s] writing action_msgs.egg-info/PKG-INFO
[4.018s] writing dependency_links to action_msgs.egg-info/dependency_links.txt
[4.026s] writing top-level names to action_msgs.egg-info/top_level.txt
[4.044s] reading manifest file 'action_msgs.egg-info/SOURCES.txt'
[4.048s] writing manifest file 'action_msgs.egg-info/SOURCES.txt'
[4.277s] [ 96%] Built target ament_cmake_python_build_action_msgs_egg
[4.532s] [100%] Built target action_msgs__rosidl_typesupport_introspection_c__pyext
[4.667s] Invoked command in '/home/aidan/GitHub/AidansRepo/TeensySwerve/build/action_msgs' returned '0': CMAKE_PREFIX_PATH=/home/aidan/GitHub/AidansRepo/TeensySwerve/install/unique_identifier_msgs:/home/aidan/GitHub/AidansRepo/TeensySwerve/install/builtin_interfaces:/home/aidan/GitHub/AidansRepo/TeensySwerve/install/micro_ros_demos_rclc:/home/aidan/GitHub/AidansRepo/TeensySwerve/install/common_interfaces:/home/aidan/GitHub/AidansRepo/TeensySwerve/install/visualization_msgs:/home/aidan/GitHub/AidansRepo/TeensySwerve/install/test_msgs:/home/aidan/GitHub/AidansRepo/TeensySwerve/install/example_interfaces:/home/aidan/GitHub/AidansRepo/TeensySwerve/install/action_msgs:/home/aidan/GitHub/AidansRepo/TeensySwerve/install/trajectory_msgs:/home/aidan/GitHub/AidansRepo/TeensySwerve/install/stereo_msgs:/home/aidan/GitHub/AidansRepo/TeensySwerve/install/std_srvs:/home/aidan/GitHub/AidansRepo/TeensySwerve/install/shape_msgs:/home/aidan/GitHub/AidansRepo/TeensySwerve/install/sensor_msgs:/home/aidan/GitHub/AidansRepo/TeensySwerve/install/nav_msgs:/home/aidan/GitHub/AidansRepo/TeensySwerve/install/diagnostic_msgs:/home/aidan/GitHub/AidansRepo/TeensySwerve/install/geometry_msgs:/home/aidan/GitHub/AidansRepo/TeensySwerve/install/actionlib_msgs:/home/aidan/GitHub/AidansRepo/TeensySwerve/install/std_msgs:/home/aidan/GitHub/AidansRepo/TeensySwerve/install/statistics_msgs:/home/aidan/GitHub/AidansRepo/TeensySwerve/install/rosidl_typesupport_microxrcedds_test_msg:/home/aidan/GitHub/AidansRepo/TeensySwerve/install/rosidl_typesupport_microxrcedds_cpp_tests:/home/aidan/GitHub/AidansRepo/TeensySwerve/install/rmw_microxrcedds:/home/aidan/GitHub/AidansRepo/TeensySwerve/install/rosidl_typesupport_microxrcedds_cpp:/home/aidan/GitHub/AidansRepo/TeensySwerve/install/rosidl_typesupport_microxrcedds_c_tests:/home/aidan/GitHub/AidansRepo/TeensySwerve/install/rosidl_typesupport_microxrcedds_c:/home/aidan/GitHub/AidansRepo/TeensySwerve/install/rosgraph_msgs:/home/aidan/GitHub/AidansRepo/TeensySwerve/install/rclc_parameter:/home/aidan/GitHub/AidansRepo/TeensySwerve/install/rclc:/home/aidan/GitHub/AidansRepo/TeensySwerve/install/composition_interfaces:/home/aidan/GitHub/AidansRepo/TeensySwerve/install/rcl_interfaces:/home/aidan/GitHub/AidansRepo/TeensySwerve/install/microxrcedds_client:/home/aidan/GitHub/AidansRepo/TeensySwerve/install/microcdr:/home/aidan/GitHub/AidansRepo/TeensySwerve/install/micro_ros_utilities:/home/aidan/GitHub/AidansRepo/TeensySwerve/install/micro_ros_msgs:/home/aidan/GitHub/AidansRepo/TeensySwerve/install/lifecycle_msgs:/home/aidan/GitHub/AidansRepo/TeensySwerve/install/complex_msgs:/home/aidan/GitHub/AidansRepo/TeensySwerve/install/tnsy_interfaces:/home/aidan/microros_ws/install/micro_ros_setup:/home/aidan/microros_ws/install/micro_ros_agent:/home/aidan/microros_ws/install/micro_ros_msgs:/home/aidan/GitHub/AidansRepo/TeensySwerve/install/sensor_msgs_py:/home/aidan/GitHub/AidansRepo/TeensySwerve/install/tnsy_swrv_controller:/opt/ros/humble LD_LIBRARY_PATH=/home/aidan/GitHub/AidansRepo/TeensySwerve/install/unique_identifier_msgs/lib:/home/aidan/GitHub/AidansRepo/TeensySwerve/install/builtin_interfaces/lib:/home/aidan/GitHub/AidansRepo/TeensySwerve/install/visualization_msgs/lib:/home/aidan/GitHub/AidansRepo/TeensySwerve/install/test_msgs/lib:/home/aidan/GitHub/AidansRepo/TeensySwerve/install/example_interfaces/lib:/home/aidan/GitHub/AidansRepo/TeensySwerve/install/action_msgs/lib:/home/aidan/GitHub/AidansRepo/TeensySwerve/install/trajectory_msgs/lib:/home/aidan/GitHub/AidansRepo/TeensySwerve/install/stereo_msgs/lib:/home/aidan/GitHub/AidansRepo/TeensySwerve/install/std_srvs/lib:/home/aidan/GitHub/AidansRepo/TeensySwerve/install/shape_msgs/lib:/home/aidan/GitHub/AidansRepo/TeensySwerve/install/sensor_msgs/lib:/home/aidan/GitHub/AidansRepo/TeensySwerve/install/nav_msgs/lib:/home/aidan/GitHub/AidansRepo/TeensySwerve/install/diagnostic_msgs/lib:/home/aidan/GitHub/AidansRepo/TeensySwerve/install/geometry_msgs/lib:/home/aidan/GitHub/AidansRepo/TeensySwerve/install/actionlib_msgs/lib:/home/aidan/GitHub/AidansRepo/TeensySwerve/install/std_msgs/lib:/home/aidan/GitHub/AidansRepo/TeensySwerve/install/statistics_msgs/lib:/home/aidan/GitHub/AidansRepo/TeensySwerve/install/rosidl_typesupport_microxrcedds_test_msg/lib:/home/aidan/GitHub/AidansRepo/TeensySwerve/install/rmw_microxrcedds/lib:/home/aidan/GitHub/AidansRepo/TeensySwerve/install/rosidl_typesupport_microxrcedds_cpp/lib:/home/aidan/GitHub/AidansRepo/TeensySwerve/install/rosidl_typesupport_microxrcedds_c/lib:/home/aidan/GitHub/AidansRepo/TeensySwerve/install/rosgraph_msgs/lib:/home/aidan/GitHub/AidansRepo/TeensySwerve/install/rclc_parameter/lib:/home/aidan/GitHub/AidansRepo/TeensySwerve/install/rclc/lib:/home/aidan/GitHub/AidansRepo/TeensySwerve/install/composition_interfaces/lib:/home/aidan/GitHub/AidansRepo/TeensySwerve/install/rcl_interfaces/lib:/home/aidan/GitHub/AidansRepo/TeensySwerve/install/micro_ros_utilities/lib:/home/aidan/GitHub/AidansRepo/TeensySwerve/install/micro_ros_msgs/lib:/home/aidan/GitHub/AidansRepo/TeensySwerve/install/lifecycle_msgs/lib:/home/aidan/GitHub/AidansRepo/TeensySwerve/install/complex_msgs/lib:/home/aidan/GitHub/AidansRepo/TeensySwerve/install/tnsy_interfaces/lib:/home/aidan/microros_ws/install/micro_ros_agent/lib:/home/aidan/microros_ws/install/micro_ros_msgs/lib:/opt/ros/humble/opt/rviz_ogre_vendor/lib:/opt/ros/humble/lib/x86_64-linux-gnu:/opt/ros/humble/lib /usr/bin/cmake --build /home/aidan/GitHub/AidansRepo/TeensySwerve/build/action_msgs -- -j4 -l4
[6.076s] Invoking command in '/home/aidan/GitHub/AidansRepo/TeensySwerve/build/action_msgs': CMAKE_PREFIX_PATH=/home/aidan/GitHub/AidansRepo/TeensySwerve/install/unique_identifier_msgs:/home/aidan/GitHub/AidansRepo/TeensySwerve/install/builtin_interfaces:/home/aidan/GitHub/AidansRepo/TeensySwerve/install/micro_ros_demos_rclc:/home/aidan/GitHub/AidansRepo/TeensySwerve/install/common_interfaces:/home/aidan/GitHub/AidansRepo/TeensySwerve/install/visualization_msgs:/home/aidan/GitHub/AidansRepo/TeensySwerve/install/test_msgs:/home/aidan/GitHub/AidansRepo/TeensySwerve/install/example_interfaces:/home/aidan/GitHub/AidansRepo/TeensySwerve/install/action_msgs:/home/aidan/GitHub/AidansRepo/TeensySwerve/install/trajectory_msgs:/home/aidan/GitHub/AidansRepo/TeensySwerve/install/stereo_msgs:/home/aidan/GitHub/AidansRepo/TeensySwerve/install/std_srvs:/home/aidan/GitHub/AidansRepo/TeensySwerve/install/shape_msgs:/home/aidan/GitHub/AidansRepo/TeensySwerve/install/sensor_msgs:/home/aidan/GitHub/AidansRepo/TeensySwerve/install/nav_msgs:/home/aidan/GitHub/AidansRepo/TeensySwerve/install/diagnostic_msgs:/home/aidan/GitHub/AidansRepo/TeensySwerve/install/geometry_msgs:/home/aidan/GitHub/AidansRepo/TeensySwerve/install/actionlib_msgs:/home/aidan/GitHub/AidansRepo/TeensySwerve/install/std_msgs:/home/aidan/GitHub/AidansRepo/TeensySwerve/install/statistics_msgs:/home/aidan/GitHub/AidansRepo/TeensySwerve/install/rosidl_typesupport_microxrcedds_test_msg:/home/aidan/GitHub/AidansRepo/TeensySwerve/install/rosidl_typesupport_microxrcedds_cpp_tests:/home/aidan/GitHub/AidansRepo/TeensySwerve/install/rmw_microxrcedds:/home/aidan/GitHub/AidansRepo/TeensySwerve/install/rosidl_typesupport_microxrcedds_cpp:/home/aidan/GitHub/AidansRepo/TeensySwerve/install/rosidl_typesupport_microxrcedds_c_tests:/home/aidan/GitHub/AidansRepo/TeensySwerve/install/rosidl_typesupport_microxrcedds_c:/home/aidan/GitHub/AidansRepo/TeensySwerve/install/rosgraph_msgs:/home/aidan/GitHub/AidansRepo/TeensySwerve/install/rclc_parameter:/home/aidan/GitHub/AidansRepo/TeensySwerve/install/rclc:/home/aidan/GitHub/AidansRepo/TeensySwerve/install/composition_interfaces:/home/aidan/GitHub/AidansRepo/TeensySwerve/install/rcl_interfaces:/home/aidan/GitHub/AidansRepo/TeensySwerve/install/microxrcedds_client:/home/aidan/GitHub/AidansRepo/TeensySwerve/install/microcdr:/home/aidan/GitHub/AidansRepo/TeensySwerve/install/micro_ros_utilities:/home/aidan/GitHub/AidansRepo/TeensySwerve/install/micro_ros_msgs:/home/aidan/GitHub/AidansRepo/TeensySwerve/install/lifecycle_msgs:/home/aidan/GitHub/AidansRepo/TeensySwerve/install/complex_msgs:/home/aidan/GitHub/AidansRepo/TeensySwerve/install/tnsy_interfaces:/home/aidan/microros_ws/install/micro_ros_setup:/home/aidan/microros_ws/install/micro_ros_agent:/home/aidan/microros_ws/install/micro_ros_msgs:/home/aidan/GitHub/AidansRepo/TeensySwerve/install/sensor_msgs_py:/home/aidan/GitHub/AidansRepo/TeensySwerve/install/tnsy_swrv_controller:/opt/ros/humble LD_LIBRARY_PATH=/home/aidan/GitHub/AidansRepo/TeensySwerve/install/unique_identifier_msgs/lib:/home/aidan/GitHub/AidansRepo/TeensySwerve/install/builtin_interfaces/lib:/home/aidan/GitHub/AidansRepo/TeensySwerve/install/visualization_msgs/lib:/home/aidan/GitHub/AidansRepo/TeensySwerve/install/test_msgs/lib:/home/aidan/GitHub/AidansRepo/TeensySwerve/install/example_interfaces/lib:/home/aidan/GitHub/AidansRepo/TeensySwerve/install/action_msgs/lib:/home/aidan/GitHub/AidansRepo/TeensySwerve/install/trajectory_msgs/lib:/home/aidan/GitHub/AidansRepo/TeensySwerve/install/stereo_msgs/lib:/home/aidan/GitHub/AidansRepo/TeensySwerve/install/std_srvs/lib:/home/aidan/GitHub/AidansRepo/TeensySwerve/install/shape_msgs/lib:/home/aidan/GitHub/AidansRepo/TeensySwerve/install/sensor_msgs/lib:/home/aidan/GitHub/AidansRepo/TeensySwerve/install/nav_msgs/lib:/home/aidan/GitHub/AidansRepo/TeensySwerve/install/diagnostic_msgs/lib:/home/aidan/GitHub/AidansRepo/TeensySwerve/install/geometry_msgs/lib:/home/aidan/GitHub/AidansRepo/TeensySwerve/install/actionlib_msgs/lib:/home/aidan/GitHub/AidansRepo/TeensySwerve/install/std_msgs/lib:/home/aidan/GitHub/AidansRepo/TeensySwerve/install/statistics_msgs/lib:/home/aidan/GitHub/AidansRepo/TeensySwerve/install/rosidl_typesupport_microxrcedds_test_msg/lib:/home/aidan/GitHub/AidansRepo/TeensySwerve/install/rmw_microxrcedds/lib:/home/aidan/GitHub/AidansRepo/TeensySwerve/install/rosidl_typesupport_microxrcedds_cpp/lib:/home/aidan/GitHub/AidansRepo/TeensySwerve/install/rosidl_typesupport_microxrcedds_c/lib:/home/aidan/GitHub/AidansRepo/TeensySwerve/install/rosgraph_msgs/lib:/home/aidan/GitHub/AidansRepo/TeensySwerve/install/rclc_parameter/lib:/home/aidan/GitHub/AidansRepo/TeensySwerve/install/rclc/lib:/home/aidan/GitHub/AidansRepo/TeensySwerve/install/composition_interfaces/lib:/home/aidan/GitHub/AidansRepo/TeensySwerve/install/rcl_interfaces/lib:/home/aidan/GitHub/AidansRepo/TeensySwerve/install/micro_ros_utilities/lib:/home/aidan/GitHub/AidansRepo/TeensySwerve/install/micro_ros_msgs/lib:/home/aidan/GitHub/AidansRepo/TeensySwerve/install/lifecycle_msgs/lib:/home/aidan/GitHub/AidansRepo/TeensySwerve/install/complex_msgs/lib:/home/aidan/GitHub/AidansRepo/TeensySwerve/install/tnsy_interfaces/lib:/home/aidan/microros_ws/install/micro_ros_agent/lib:/home/aidan/microros_ws/install/micro_ros_msgs/lib:/opt/ros/humble/opt/rviz_ogre_vendor/lib:/opt/ros/humble/lib/x86_64-linux-gnu:/opt/ros/humble/lib /usr/bin/cmake --install /home/aidan/GitHub/AidansRepo/TeensySwerve/build/action_msgs
[6.127s] -- Install configuration: ""
[6.137s] -- Up-to-date: /home/aidan/GitHub/AidansRepo/TeensySwerve/install/action_msgs/share/ament_index/resource_index/rosidl_interfaces/action_msgs
[6.137s] -- Up-to-date: /home/aidan/GitHub/AidansRepo/TeensySwerve/install/action_msgs/include/action_msgs/action_msgs
[6.137s] -- Up-to-date: /home/aidan/GitHub/AidansRepo/TeensySwerve/install/action_msgs/include/action_msgs/action_msgs/srv
[6.141s] -- Up-to-date: /home/aidan/GitHub/AidansRepo/TeensySwerve/install/action_msgs/include/action_msgs/action_msgs/srv/cancel_goal.h
[6.144s] -- Up-to-date: /home/aidan/GitHub/AidansRepo/TeensySwerve/install/action_msgs/include/action_msgs/action_msgs/srv/detail
[6.144s] -- Up-to-date: /home/aidan/GitHub/AidansRepo/TeensySwerve/install/action_msgs/include/action_msgs/action_msgs/srv/detail/cancel_goal__functions.h
[6.144s] -- Up-to-date: /home/aidan/GitHub/AidansRepo/TeensySwerve/install/action_msgs/include/action_msgs/action_msgs/srv/detail/cancel_goal__struct.h
[6.144s] -- Up-to-date: /home/aidan/GitHub/AidansRepo/TeensySwerve/install/action_msgs/include/action_msgs/action_msgs/srv/detail/cancel_goal__type_support.h
[6.144s] -- Up-to-date: /home/aidan/GitHub/AidansRepo/TeensySwerve/install/action_msgs/include/action_msgs/action_msgs/srv/detail/cancel_goal__functions.c
[6.145s] -- Up-to-date: /home/aidan/GitHub/AidansRepo/TeensySwerve/install/action_msgs/include/action_msgs/action_msgs/msg
[6.145s] -- Up-to-date: /home/aidan/GitHub/AidansRepo/TeensySwerve/install/action_msgs/include/action_msgs/action_msgs/msg/goal_info.h
[6.145s] -- Up-to-date: /home/aidan/GitHub/AidansRepo/TeensySwerve/install/action_msgs/include/action_msgs/action_msgs/msg/goal_status.h
[6.145s] -- Up-to-date: /home/aidan/GitHub/AidansRepo/TeensySwerve/install/action_msgs/include/action_msgs/action_msgs/msg/rosidl_generator_c__visibility_control.h
[6.145s] -- Up-to-date: /home/aidan/GitHub/AidansRepo/TeensySwerve/install/action_msgs/include/action_msgs/action_msgs/msg/goal_status_array.h
[6.145s] -- Up-to-date: /home/aidan/GitHub/AidansRepo/TeensySwerve/install/action_msgs/include/action_msgs/action_msgs/msg/detail
[6.146s] -- Up-to-date: /home/aidan/GitHub/AidansRepo/TeensySwerve/install/action_msgs/include/action_msgs/action_msgs/msg/detail/goal_status__functions.h
[6.154s] -- Up-to-date: /home/aidan/GitHub/AidansRepo/TeensySwerve/install/action_msgs/include/action_msgs/action_msgs/msg/detail/goal_status__struct.h
[6.154s] -- Up-to-date: /home/aidan/GitHub/AidansRepo/TeensySwerve/install/action_msgs/include/action_msgs/action_msgs/msg/detail/goal_status__functions.c
[6.154s] -- Up-to-date: /home/aidan/GitHub/AidansRepo/TeensySwerve/install/action_msgs/include/action_msgs/action_msgs/msg/detail/goal_info__struct.h
[6.154s] -- Up-to-date: /home/aidan/GitHub/AidansRepo/TeensySwerve/install/action_msgs/include/action_msgs/action_msgs/msg/detail/goal_status_array__functions.c
[6.155s] -- Up-to-date: /home/aidan/GitHub/AidansRepo/TeensySwerve/install/action_msgs/include/action_msgs/action_msgs/msg/detail/goal_info__functions.h
[6.155s] -- Up-to-date: /home/aidan/GitHub/AidansRepo/TeensySwerve/install/action_msgs/include/action_msgs/action_msgs/msg/detail/goal_status_array__functions.h
[6.155s] -- Up-to-date: /home/aidan/GitHub/AidansRepo/TeensySwerve/install/action_msgs/include/action_msgs/action_msgs/msg/detail/goal_status_array__type_support.h
[6.155s] -- Up-to-date: /home/aidan/GitHub/AidansRepo/TeensySwerve/install/action_msgs/include/action_msgs/action_msgs/msg/detail/goal_status_array__struct.h
[6.155s] -- Up-to-date: /home/aidan/GitHub/AidansRepo/TeensySwerve/install/action_msgs/include/action_msgs/action_msgs/msg/detail/goal_info__functions.c
[6.155s] -- Up-to-date: /home/aidan/GitHub/AidansRepo/TeensySwerve/install/action_msgs/include/action_msgs/action_msgs/msg/detail/goal_status__type_support.h
[6.156s] -- Up-to-date: /home/aidan/GitHub/AidansRepo/TeensySwerve/install/action_msgs/include/action_msgs/action_msgs/msg/detail/goal_info__type_support.h
[6.156s] -- Up-to-date: /home/aidan/GitHub/AidansRepo/TeensySwerve/install/action_msgs/share/action_msgs/environment/library_path.sh
[6.156s] -- Up-to-date: /home/aidan/GitHub/AidansRepo/TeensySwerve/install/action_msgs/share/action_msgs/environment/library_path.dsv
[6.165s] -- Up-to-date: /home/aidan/GitHub/AidansRepo/TeensySwerve/install/action_msgs/lib/libaction_msgs__rosidl_generator_c.so
[6.173s] -- Up-to-date: /home/aidan/GitHub/AidansRepo/TeensySwerve/install/action_msgs/include/action_msgs/action_msgs
[6.173s] -- Up-to-date: /home/aidan/GitHub/AidansRepo/TeensySwerve/install/action_msgs/include/action_msgs/action_msgs/srv
[6.174s] -- Up-to-date: /home/aidan/GitHub/AidansRepo/TeensySwerve/install/action_msgs/include/action_msgs/action_msgs/srv/detail
[6.174s] -- Up-to-date: /home/aidan/GitHub/AidansRepo/TeensySwerve/install/action_msgs/include/action_msgs/action_msgs/srv/detail/cancel_goal__rosidl_typesupport_fastrtps_c.h
[6.174s] -- Up-to-date: /home/aidan/GitHub/AidansRepo/TeensySwerve/install/action_msgs/include/action_msgs/action_msgs/msg
[6.180s] -- Up-to-date: /home/aidan/GitHub/AidansRepo/TeensySwerve/install/action_msgs/include/action_msgs/action_msgs/msg/rosidl_typesupport_fastrtps_c__visibility_control.h
[6.181s] -- Up-to-date: /home/aidan/GitHub/AidansRepo/TeensySwerve/install/action_msgs/include/action_msgs/action_msgs/msg/detail
[6.184s] -- Up-to-date: /home/aidan/GitHub/AidansRepo/TeensySwerve/install/action_msgs/include/action_msgs/action_msgs/msg/detail/goal_status_array__rosidl_typesupport_fastrtps_c.h
[6.187s] -- Up-to-date: /home/aidan/GitHub/AidansRepo/TeensySwerve/install/action_msgs/include/action_msgs/action_msgs/msg/detail/goal_info__rosidl_typesupport_fastrtps_c.h
[6.187s] -- Up-to-date: /home/aidan/GitHub/AidansRepo/TeensySwerve/install/action_msgs/include/action_msgs/action_msgs/msg/detail/goal_status__rosidl_typesupport_fastrtps_c.h
[6.188s] -- Up-to-date: /home/aidan/GitHub/AidansRepo/TeensySwerve/install/action_msgs/lib/libaction_msgs__rosidl_typesupport_fastrtps_c.so
[6.188s] -- Up-to-date: /home/aidan/GitHub/AidansRepo/TeensySwerve/install/action_msgs/include/action_msgs/action_msgs
[6.188s] -- Up-to-date: /home/aidan/GitHub/AidansRepo/TeensySwerve/install/action_msgs/include/action_msgs/action_msgs/srv
[6.188s] -- Up-to-date: /home/aidan/GitHub/AidansRepo/TeensySwerve/install/action_msgs/include/action_msgs/action_msgs/srv/cancel_goal.hpp
[6.188s] -- Up-to-date: /home/aidan/GitHub/AidansRepo/TeensySwerve/install/action_msgs/include/action_msgs/action_msgs/srv/detail
[6.189s] -- Up-to-date: /home/aidan/GitHub/AidansRepo/TeensySwerve/install/action_msgs/include/action_msgs/action_msgs/srv/detail/cancel_goal__builder.hpp
[6.189s] -- Up-to-date: /home/aidan/GitHub/AidansRepo/TeensySwerve/install/action_msgs/include/action_msgs/action_msgs/srv/detail/cancel_goal__struct.hpp
[6.189s] -- Up-to-date: /home/aidan/GitHub/AidansRepo/TeensySwerve/install/action_msgs/include/action_msgs/action_msgs/srv/detail/cancel_goal__traits.hpp
[6.195s] -- Up-to-date: /home/aidan/GitHub/AidansRepo/TeensySwerve/install/action_msgs/include/action_msgs/action_msgs/srv/detail/cancel_goal__type_support.hpp
[6.196s] -- Up-to-date: /home/aidan/GitHub/AidansRepo/TeensySwerve/install/action_msgs/include/action_msgs/action_msgs/msg
[6.196s] -- Up-to-date: /home/aidan/GitHub/AidansRepo/TeensySwerve/install/action_msgs/include/action_msgs/action_msgs/msg/goal_status_array.hpp
[6.196s] -- Up-to-date: /home/aidan/GitHub/AidansRepo/TeensySwerve/install/action_msgs/include/action_msgs/action_msgs/msg/goal_status.hpp
[6.197s] -- Up-to-date: /home/aidan/GitHub/AidansRepo/TeensySwerve/install/action_msgs/include/action_msgs/action_msgs/msg/detail
[6.197s] -- Up-to-date: /home/aidan/GitHub/AidansRepo/TeensySwerve/install/action_msgs/include/action_msgs/action_msgs/msg/detail/goal_status__struct.hpp
[6.202s] -- Up-to-date: /home/aidan/GitHub/AidansRepo/TeensySwerve/install/action_msgs/include/action_msgs/action_msgs/msg/detail/goal_status__builder.hpp
[6.203s] -- Up-to-date: /home/aidan/GitHub/AidansRepo/TeensySwerve/install/action_msgs/include/action_msgs/action_msgs/msg/detail/goal_status_array__builder.hpp
[6.203s] -- Up-to-date: /home/aidan/GitHub/AidansRepo/TeensySwerve/install/action_msgs/include/action_msgs/action_msgs/msg/detail/goal_status_array__struct.hpp
[6.204s] -- Up-to-date: /home/aidan/GitHub/AidansRepo/TeensySwerve/install/action_msgs/include/action_msgs/action_msgs/msg/detail/goal_status__type_support.hpp
[6.204s] -- Up-to-date: /home/aidan/GitHub/AidansRepo/TeensySwerve/install/action_msgs/include/action_msgs/action_msgs/msg/detail/goal_status_array__traits.hpp
[6.204s] -- Up-to-date: /home/aidan/GitHub/AidansRepo/TeensySwerve/install/action_msgs/include/action_msgs/action_msgs/msg/detail/goal_info__traits.hpp
[6.204s] -- Up-to-date: /home/aidan/GitHub/AidansRepo/TeensySwerve/install/action_msgs/include/action_msgs/action_msgs/msg/detail/goal_info__struct.hpp
[6.205s] -- Up-to-date: /home/aidan/GitHub/AidansRepo/TeensySwerve/install/action_msgs/include/action_msgs/action_msgs/msg/detail/goal_info__builder.hpp
[6.210s] -- Up-to-date: /home/aidan/GitHub/AidansRepo/TeensySwerve/install/action_msgs/include/action_msgs/action_msgs/msg/detail/goal_info__type_support.hpp
[6.210s] -- Up-to-date: /home/aidan/GitHub/AidansRepo/TeensySwerve/install/action_msgs/include/action_msgs/action_msgs/msg/detail/goal_status__traits.hpp
[6.211s] -- Up-to-date: /home/aidan/GitHub/AidansRepo/TeensySwerve/install/action_msgs/include/action_msgs/action_msgs/msg/detail/goal_status_array__type_support.hpp
[6.211s] -- Up-to-date: /home/aidan/GitHub/AidansRepo/TeensySwerve/install/action_msgs/include/action_msgs/action_msgs/msg/goal_info.hpp
[6.211s] -- Up-to-date: /home/aidan/GitHub/AidansRepo/TeensySwerve/install/action_msgs/include/action_msgs/action_msgs/msg/rosidl_generator_cpp__visibility_control.hpp
[6.211s] -- Up-to-date: /home/aidan/GitHub/AidansRepo/TeensySwerve/install/action_msgs/include/action_msgs/action_msgs
[6.211s] -- Up-to-date: /home/aidan/GitHub/AidansRepo/TeensySwerve/install/action_msgs/include/action_msgs/action_msgs/srv
[6.211s] -- Up-to-date: /home/aidan/GitHub/AidansRepo/TeensySwerve/install/action_msgs/include/action_msgs/action_msgs/srv/detail
[6.212s] -- Up-to-date: /home/aidan/GitHub/AidansRepo/TeensySwerve/install/action_msgs/include/action_msgs/action_msgs/srv/detail/dds_fastrtps
[6.218s] -- Up-to-date: /home/aidan/GitHub/AidansRepo/TeensySwerve/install/action_msgs/include/action_msgs/action_msgs/srv/detail/cancel_goal__rosidl_typesupport_fastrtps_cpp.hpp
[6.219s] -- Up-to-date: /home/aidan/GitHub/AidansRepo/TeensySwerve/install/action_msgs/include/action_msgs/action_msgs/msg
[6.219s] -- Up-to-date: /home/aidan/GitHub/AidansRepo/TeensySwerve/install/action_msgs/include/action_msgs/action_msgs/msg/rosidl_typesupport_fastrtps_cpp__visibility_control.h
[6.222s] -- Up-to-date: /home/aidan/GitHub/AidansRepo/TeensySwerve/install/action_msgs/include/action_msgs/action_msgs/msg/detail
[6.222s] -- Up-to-date: /home/aidan/GitHub/AidansRepo/TeensySwerve/install/action_msgs/include/action_msgs/action_msgs/msg/detail/dds_fastrtps
[6.223s] -- Up-to-date: /home/aidan/GitHub/AidansRepo/TeensySwerve/install/action_msgs/include/action_msgs/action_msgs/msg/detail/goal_status__rosidl_typesupport_fastrtps_cpp.hpp
[6.223s] -- Up-to-date: /home/aidan/GitHub/AidansRepo/TeensySwerve/install/action_msgs/include/action_msgs/action_msgs/msg/detail/goal_status_array__rosidl_typesupport_fastrtps_cpp.hpp
[6.223s] -- Up-to-date: /home/aidan/GitHub/AidansRepo/TeensySwerve/install/action_msgs/include/action_msgs/action_msgs/msg/detail/goal_info__rosidl_typesupport_fastrtps_cpp.hpp
[6.226s] -- Up-to-date: /home/aidan/GitHub/AidansRepo/TeensySwerve/install/action_msgs/lib/libaction_msgs__rosidl_typesupport_fastrtps_cpp.so
[6.226s] -- Up-to-date: /home/aidan/GitHub/AidansRepo/TeensySwerve/install/action_msgs/include/action_msgs/action_msgs
[6.226s] -- Up-to-date: /home/aidan/GitHub/AidansRepo/TeensySwerve/install/action_msgs/include/action_msgs/action_msgs/srv
[6.226s] -- Up-to-date: /home/aidan/GitHub/AidansRepo/TeensySwerve/install/action_msgs/include/action_msgs/action_msgs/srv/detail
[6.227s] -- Up-to-date: /home/aidan/GitHub/AidansRepo/TeensySwerve/install/action_msgs/include/action_msgs/action_msgs/srv/detail/cancel_goal__type_support.c
[6.227s] -- Up-to-date: /home/aidan/GitHub/AidansRepo/TeensySwerve/install/action_msgs/include/action_msgs/action_msgs/srv/detail/cancel_goal__rosidl_typesupport_introspection_c.h
[6.229s] -- Up-to-date: /home/aidan/GitHub/AidansRepo/TeensySwerve/install/action_msgs/include/action_msgs/action_msgs/msg
[6.229s] -- Up-to-date: /home/aidan/GitHub/AidansRepo/TeensySwerve/install/action_msgs/include/action_msgs/action_msgs/msg/detail
[6.230s] -- Up-to-date: /home/aidan/GitHub/AidansRepo/TeensySwerve/install/action_msgs/include/action_msgs/action_msgs/msg/detail/goal_status__type_support.c
[6.230s] -- Up-to-date: /home/aidan/GitHub/AidansRepo/TeensySwerve/install/action_msgs/include/action_msgs/action_msgs/msg/detail/goal_info__type_support.c
[6.230s] -- Up-to-date: /home/aidan/GitHub/AidansRepo/TeensySwerve/install/action_msgs/include/action_msgs/action_msgs/msg/detail/goal_status_array__type_support.c
[6.230s] -- Up-to-date: /home/aidan/GitHub/AidansRepo/TeensySwerve/install/action_msgs/include/action_msgs/action_msgs/msg/detail/goal_info__rosidl_typesupport_introspection_c.h
[6.230s] -- Up-to-date: /home/aidan/GitHub/AidansRepo/TeensySwerve/install/action_msgs/include/action_msgs/action_msgs/msg/detail/goal_status_array__rosidl_typesupport_introspection_c.h
[6.230s] -- Up-to-date: /home/aidan/GitHub/AidansRepo/TeensySwerve/install/action_msgs/include/action_msgs/action_msgs/msg/detail/goal_status__rosidl_typesupport_introspection_c.h
[6.231s] -- Up-to-date: /home/aidan/GitHub/AidansRepo/TeensySwerve/install/action_msgs/include/action_msgs/action_msgs/msg/rosidl_typesupport_introspection_c__visibility_control.h
[6.234s] -- Up-to-date: /home/aidan/GitHub/AidansRepo/TeensySwerve/install/action_msgs/lib/libaction_msgs__rosidl_typesupport_introspection_c.so
[6.234s] -- Up-to-date: /home/aidan/GitHub/AidansRepo/TeensySwerve/install/action_msgs/lib/libaction_msgs__rosidl_typesupport_c.so
[6.235s] -- Up-to-date: /home/aidan/GitHub/AidansRepo/TeensySwerve/install/action_msgs/include/action_msgs/action_msgs
[6.235s] -- Up-to-date: /home/aidan/GitHub/AidansRepo/TeensySwerve/install/action_msgs/include/action_msgs/action_msgs/srv
[6.235s] -- Up-to-date: /home/aidan/GitHub/AidansRepo/TeensySwerve/install/action_msgs/include/action_msgs/action_msgs/srv/detail
[6.235s] -- Up-to-date: /home/aidan/GitHub/AidansRepo/TeensySwerve/install/action_msgs/include/action_msgs/action_msgs/srv/detail/cancel_goal__type_support.cpp
[6.235s] -- Up-to-date: /home/aidan/GitHub/AidansRepo/TeensySwerve/install/action_msgs/include/action_msgs/action_msgs/srv/detail/cancel_goal__rosidl_typesupport_introspection_cpp.hpp
[6.235s] -- Up-to-date: /home/aidan/GitHub/AidansRepo/TeensySwerve/install/action_msgs/include/action_msgs/action_msgs/msg
[6.235s] -- Up-to-date: /home/aidan/GitHub/AidansRepo/TeensySwerve/install/action_msgs/include/action_msgs/action_msgs/msg/detail
[6.236s] -- Up-to-date: /home/aidan/GitHub/AidansRepo/TeensySwerve/install/action_msgs/include/action_msgs/action_msgs/msg/detail/goal_status__type_support.cpp
[6.236s] -- Up-to-date: /home/aidan/GitHub/AidansRepo/TeensySwerve/install/action_msgs/include/action_msgs/action_msgs/msg/detail/goal_info__type_support.cpp
[6.236s] -- Up-to-date: /home/aidan/GitHub/AidansRepo/TeensySwerve/install/action_msgs/include/action_msgs/action_msgs/msg/detail/goal_status_array__type_support.cpp
[6.236s] -- Up-to-date: /home/aidan/GitHub/AidansRepo/TeensySwerve/install/action_msgs/include/action_msgs/action_msgs/msg/detail/goal_info__rosidl_typesupport_introspection_cpp.hpp
[6.236s] -- Up-to-date: /home/aidan/GitHub/AidansRepo/TeensySwerve/install/action_msgs/include/action_msgs/action_msgs/msg/detail/goal_status_array__rosidl_typesupport_introspection_cpp.hpp
[6.236s] -- Up-to-date: /home/aidan/GitHub/AidansRepo/TeensySwerve/install/action_msgs/include/action_msgs/action_msgs/msg/detail/goal_status__rosidl_typesupport_introspection_cpp.hpp
[6.236s] -- Up-to-date: /home/aidan/GitHub/AidansRepo/TeensySwerve/install/action_msgs/lib/libaction_msgs__rosidl_typesupport_introspection_cpp.so
[6.237s] -- Up-to-date: /home/aidan/GitHub/AidansRepo/TeensySwerve/install/action_msgs/lib/libaction_msgs__rosidl_typesupport_cpp.so
[6.237s] -- Up-to-date: /home/aidan/GitHub/AidansRepo/TeensySwerve/install/action_msgs/share/action_msgs/environment/pythonpath.sh
[6.240s] -- Up-to-date: /home/aidan/GitHub/AidansRepo/TeensySwerve/install/action_msgs/share/action_msgs/environment/pythonpath.dsv
[6.244s] -- Up-to-date: /home/aidan/GitHub/AidansRepo/TeensySwerve/install/action_msgs/local/lib/python3.10/dist-packages/action_msgs-1.2.1-py3.10.egg-info
[6.244s] -- Installing: /home/aidan/GitHub/AidansRepo/TeensySwerve/install/action_msgs/local/lib/python3.10/dist-packages/action_msgs-1.2.1-py3.10.egg-info/PKG-INFO
[6.247s] -- Installing: /home/aidan/GitHub/AidansRepo/TeensySwerve/install/action_msgs/local/lib/python3.10/dist-packages/action_msgs-1.2.1-py3.10.egg-info/SOURCES.txt
[6.248s] -- Installing: /home/aidan/GitHub/AidansRepo/TeensySwerve/install/action_msgs/local/lib/python3.10/dist-packages/action_msgs-1.2.1-py3.10.egg-info/dependency_links.txt
[6.248s] -- Installing: /home/aidan/GitHub/AidansRepo/TeensySwerve/install/action_msgs/local/lib/python3.10/dist-packages/action_msgs-1.2.1-py3.10.egg-info/top_level.txt
[6.248s] -- Up-to-date: /home/aidan/GitHub/AidansRepo/TeensySwerve/install/action_msgs/local/lib/python3.10/dist-packages/action_msgs
[6.248s] -- Up-to-date: /home/aidan/GitHub/AidansRepo/TeensySwerve/install/action_msgs/local/lib/python3.10/dist-packages/action_msgs/_action_msgs_s.ep.rosidl_typesupport_fastrtps_c.c
[6.249s] -- Up-to-date: /home/aidan/GitHub/AidansRepo/TeensySwerve/install/action_msgs/local/lib/python3.10/dist-packages/action_msgs/action_msgs_s__rosidl_typesupport_introspection_c.cpython-310-x86_64-linux-gnu.so
[6.249s] -- Up-to-date: /home/aidan/GitHub/AidansRepo/TeensySwerve/install/action_msgs/local/lib/python3.10/dist-packages/action_msgs/srv
[6.251s] -- Up-to-date: /home/aidan/GitHub/AidansRepo/TeensySwerve/install/action_msgs/local/lib/python3.10/dist-packages/action_msgs/srv/__init__.py
[6.251s] -- Up-to-date: /home/aidan/GitHub/AidansRepo/TeensySwerve/install/action_msgs/local/lib/python3.10/dist-packages/action_msgs/srv/_cancel_goal_s.c
[6.252s] -- Up-to-date: /home/aidan/GitHub/AidansRepo/TeensySwerve/install/action_msgs/local/lib/python3.10/dist-packages/action_msgs/srv/_cancel_goal.py
[6.252s] -- Up-to-date: /home/aidan/GitHub/AidansRepo/TeensySwerve/install/action_msgs/local/lib/python3.10/dist-packages/action_msgs/__init__.py
[6.260s] -- Up-to-date: /home/aidan/GitHub/AidansRepo/TeensySwerve/install/action_msgs/local/lib/python3.10/dist-packages/action_msgs/libaction_msgs__rosidl_generator_py.so
[6.260s] -- Up-to-date: /home/aidan/GitHub/AidansRepo/TeensySwerve/install/action_msgs/local/lib/python3.10/dist-packages/action_msgs/msg
[6.260s] -- Up-to-date: /home/aidan/GitHub/AidansRepo/TeensySwerve/install/action_msgs/local/lib/python3.10/dist-packages/action_msgs/msg/_goal_status.py
[6.261s] -- Up-to-date: /home/aidan/GitHub/AidansRepo/TeensySwerve/install/action_msgs/local/lib/python3.10/dist-packages/action_msgs/msg/_goal_status_array.py
[6.261s] -- Up-to-date: /home/aidan/GitHub/AidansRepo/TeensySwerve/install/action_msgs/local/lib/python3.10/dist-packages/action_msgs/msg/__init__.py
[6.261s] -- Up-to-date: /home/aidan/GitHub/AidansRepo/TeensySwerve/install/action_msgs/local/lib/python3.10/dist-packages/action_msgs/msg/_goal_info.py
[6.261s] -- Up-to-date: /home/aidan/GitHub/AidansRepo/TeensySwerve/install/action_msgs/local/lib/python3.10/dist-packages/action_msgs/msg/_goal_status_s.c
[6.265s] -- Up-to-date: /home/aidan/GitHub/AidansRepo/TeensySwerve/install/action_msgs/local/lib/python3.10/dist-packages/action_msgs/msg/_goal_info_s.c
[6.266s] -- Up-to-date: /home/aidan/GitHub/AidansRepo/TeensySwerve/install/action_msgs/local/lib/python3.10/dist-packages/action_msgs/msg/_goal_status_array_s.c
[6.266s] -- Up-to-date: /home/aidan/GitHub/AidansRepo/TeensySwerve/install/action_msgs/local/lib/python3.10/dist-packages/action_msgs/action_msgs_s__rosidl_typesupport_c.cpython-310-x86_64-linux-gnu.so
[6.267s] -- Up-to-date: /home/aidan/GitHub/AidansRepo/TeensySwerve/install/action_msgs/local/lib/python3.10/dist-packages/action_msgs/action_msgs_s__rosidl_typesupport_fastrtps_c.cpython-310-x86_64-linux-gnu.so
[6.268s] -- Up-to-date: /home/aidan/GitHub/AidansRepo/TeensySwerve/install/action_msgs/local/lib/python3.10/dist-packages/action_msgs/_action_msgs_s.ep.rosidl_typesupport_introspection_c.c
[6.268s] -- Up-to-date: /home/aidan/GitHub/AidansRepo/TeensySwerve/install/action_msgs/local/lib/python3.10/dist-packages/action_msgs/_action_msgs_s.ep.rosidl_typesupport_c.c
[6.596s] Listing '/home/aidan/GitHub/AidansRepo/TeensySwerve/install/action_msgs/local/lib/python3.10/dist-packages/action_msgs'...
[6.597s] Listing '/home/aidan/GitHub/AidansRepo/TeensySwerve/install/action_msgs/local/lib/python3.10/dist-packages/action_msgs/msg'...
[6.602s] Listing '/home/aidan/GitHub/AidansRepo/TeensySwerve/install/action_msgs/local/lib/python3.10/dist-packages/action_msgs/srv'...
[6.651s] -- Up-to-date: /home/aidan/GitHub/AidansRepo/TeensySwerve/install/action_msgs/local/lib/python3.10/dist-packages/action_msgs/action_msgs_s__rosidl_typesupport_fastrtps_c.cpython-310-x86_64-linux-gnu.so
[6.655s] -- Up-to-date: /home/aidan/GitHub/AidansRepo/TeensySwerve/install/action_msgs/local/lib/python3.10/dist-packages/action_msgs/action_msgs_s__rosidl_typesupport_introspection_c.cpython-310-x86_64-linux-gnu.so
[6.659s] -- Up-to-date: /home/aidan/GitHub/AidansRepo/TeensySwerve/install/action_msgs/local/lib/python3.10/dist-packages/action_msgs/action_msgs_s__rosidl_typesupport_c.cpython-310-x86_64-linux-gnu.so
[6.660s] -- Up-to-date: /home/aidan/GitHub/AidansRepo/TeensySwerve/install/action_msgs/lib/libaction_msgs__rosidl_generator_py.so
[6.664s] -- Up-to-date: /home/aidan/GitHub/AidansRepo/TeensySwerve/install/action_msgs/share/action_msgs/msg/GoalInfo.idl
[6.673s] -- Up-to-date: /home/aidan/GitHub/AidansRepo/TeensySwerve/install/action_msgs/share/action_msgs/msg/GoalStatus.idl
[6.673s] -- Up-to-date: /home/aidan/GitHub/AidansRepo/TeensySwerve/install/action_msgs/share/action_msgs/msg/GoalStatusArray.idl
[6.674s] -- Up-to-date: /home/aidan/GitHub/AidansRepo/TeensySwerve/install/action_msgs/share/action_msgs/srv/CancelGoal.idl
[6.674s] -- Up-to-date: /home/aidan/GitHub/AidansRepo/TeensySwerve/install/action_msgs/share/action_msgs/msg/GoalInfo.msg
[6.674s] -- Up-to-date: /home/aidan/GitHub/AidansRepo/TeensySwerve/install/action_msgs/share/action_msgs/msg/GoalStatus.msg
[6.674s] -- Up-to-date: /home/aidan/GitHub/AidansRepo/TeensySwerve/install/action_msgs/share/action_msgs/msg/GoalStatusArray.msg
[6.674s] -- Up-to-date: /home/aidan/GitHub/AidansRepo/TeensySwerve/install/action_msgs/share/action_msgs/srv/CancelGoal.srv
[6.675s] -- Up-to-date: /home/aidan/GitHub/AidansRepo/TeensySwerve/install/action_msgs/share/action_msgs/srv/CancelGoal_Request.msg
[6.675s] -- Up-to-date: /home/aidan/GitHub/AidansRepo/TeensySwerve/install/action_msgs/share/action_msgs/srv/CancelGoal_Response.msg
[6.675s] -- Up-to-date: /home/aidan/GitHub/AidansRepo/TeensySwerve/install/action_msgs/share/ament_index/resource_index/package_run_dependencies/action_msgs
[6.675s] -- Up-to-date: /home/aidan/GitHub/AidansRepo/TeensySwerve/install/action_msgs/share/ament_index/resource_index/parent_prefix_path/action_msgs
[6.676s] -- Up-to-date: /home/aidan/GitHub/AidansRepo/TeensySwerve/install/action_msgs/share/action_msgs/environment/ament_prefix_path.sh
[6.683s] -- Up-to-date: /home/aidan/GitHub/AidansRepo/TeensySwerve/install/action_msgs/share/action_msgs/environment/ament_prefix_path.dsv
[6.687s] -- Up-to-date: /home/aidan/GitHub/AidansRepo/TeensySwerve/install/action_msgs/share/action_msgs/environment/path.sh
[6.687s] -- Up-to-date: /home/aidan/GitHub/AidansRepo/TeensySwerve/install/action_msgs/share/action_msgs/environment/path.dsv
[6.688s] -- Up-to-date: /home/aidan/GitHub/AidansRepo/TeensySwerve/install/action_msgs/share/action_msgs/local_setup.bash
[6.688s] -- Up-to-date: /home/aidan/GitHub/AidansRepo/TeensySwerve/install/action_msgs/share/action_msgs/local_setup.sh
[6.688s] -- Up-to-date: /home/aidan/GitHub/AidansRepo/TeensySwerve/install/action_msgs/share/action_msgs/local_setup.zsh
[6.688s] -- Up-to-date: /home/aidan/GitHub/AidansRepo/TeensySwerve/install/action_msgs/share/action_msgs/local_setup.dsv
[6.689s] -- Installing: /home/aidan/GitHub/AidansRepo/TeensySwerve/install/action_msgs/share/action_msgs/package.dsv
[6.692s] -- Up-to-date: /home/aidan/GitHub/AidansRepo/TeensySwerve/install/action_msgs/share/ament_index/resource_index/packages/action_msgs
[6.692s] -- Up-to-date: /home/aidan/GitHub/AidansRepo/TeensySwerve/install/action_msgs/share/action_msgs/cmake/export_action_msgs__rosidl_generator_cExport.cmake
[6.697s] -- Up-to-date: /home/aidan/GitHub/AidansRepo/TeensySwerve/install/action_msgs/share/action_msgs/cmake/export_action_msgs__rosidl_generator_cExport-noconfig.cmake
[6.702s] -- Up-to-date: /home/aidan/GitHub/AidansRepo/TeensySwerve/install/action_msgs/share/action_msgs/cmake/export_action_msgs__rosidl_typesupport_fastrtps_cExport.cmake
[6.702s] -- Up-to-date: /home/aidan/GitHub/AidansRepo/TeensySwerve/install/action_msgs/share/action_msgs/cmake/export_action_msgs__rosidl_typesupport_fastrtps_cExport-noconfig.cmake
[6.702s] -- Up-to-date: /home/aidan/GitHub/AidansRepo/TeensySwerve/install/action_msgs/share/action_msgs/cmake/export_action_msgs__rosidl_generator_cppExport.cmake
[6.703s] -- Up-to-date: /home/aidan/GitHub/AidansRepo/TeensySwerve/install/action_msgs/share/action_msgs/cmake/export_action_msgs__rosidl_typesupport_fastrtps_cppExport.cmake
[6.703s] -- Up-to-date: /home/aidan/GitHub/AidansRepo/TeensySwerve/install/action_msgs/share/action_msgs/cmake/export_action_msgs__rosidl_typesupport_fastrtps_cppExport-noconfig.cmake
[6.707s] -- Up-to-date: /home/aidan/GitHub/AidansRepo/TeensySwerve/install/action_msgs/share/action_msgs/cmake/action_msgs__rosidl_typesupport_introspection_cExport.cmake
[6.708s] -- Up-to-date: /home/aidan/GitHub/AidansRepo/TeensySwerve/install/action_msgs/share/action_msgs/cmake/action_msgs__rosidl_typesupport_introspection_cExport-noconfig.cmake
[6.708s] -- Up-to-date: /home/aidan/GitHub/AidansRepo/TeensySwerve/install/action_msgs/share/action_msgs/cmake/action_msgs__rosidl_typesupport_cExport.cmake
[6.714s] -- Up-to-date: /home/aidan/GitHub/AidansRepo/TeensySwerve/install/action_msgs/share/action_msgs/cmake/action_msgs__rosidl_typesupport_cExport-noconfig.cmake
[6.715s] -- Up-to-date: /home/aidan/GitHub/AidansRepo/TeensySwerve/install/action_msgs/share/action_msgs/cmake/action_msgs__rosidl_typesupport_introspection_cppExport.cmake
[6.715s] -- Up-to-date: /home/aidan/GitHub/AidansRepo/TeensySwerve/install/action_msgs/share/action_msgs/cmake/action_msgs__rosidl_typesupport_introspection_cppExport-noconfig.cmake
[6.725s] -- Up-to-date: /home/aidan/GitHub/AidansRepo/TeensySwerve/install/action_msgs/share/action_msgs/cmake/action_msgs__rosidl_typesupport_cppExport.cmake
[6.728s] -- Up-to-date: /home/aidan/GitHub/AidansRepo/TeensySwerve/install/action_msgs/share/action_msgs/cmake/action_msgs__rosidl_typesupport_cppExport-noconfig.cmake
[6.729s] -- Up-to-date: /home/aidan/GitHub/AidansRepo/TeensySwerve/install/action_msgs/share/action_msgs/cmake/export_action_msgs__rosidl_generator_pyExport.cmake
[6.730s] -- Up-to-date: /home/aidan/GitHub/AidansRepo/TeensySwerve/install/action_msgs/share/action_msgs/cmake/export_action_msgs__rosidl_generator_pyExport-noconfig.cmake
[6.730s] -- Up-to-date: /home/aidan/GitHub/AidansRepo/TeensySwerve/install/action_msgs/share/action_msgs/cmake/rosidl_cmake-extras.cmake
[6.737s] -- Up-to-date: /home/aidan/GitHub/AidansRepo/TeensySwerve/install/action_msgs/share/action_msgs/cmake/ament_cmake_export_dependencies-extras.cmake
[6.737s] -- Up-to-date: /home/aidan/GitHub/AidansRepo/TeensySwerve/install/action_msgs/share/action_msgs/cmake/ament_cmake_export_include_directories-extras.cmake
[6.738s] -- Up-to-date: /home/aidan/GitHub/AidansRepo/TeensySwerve/install/action_msgs/share/action_msgs/cmake/ament_cmake_export_libraries-extras.cmake
[6.738s] -- Up-to-date: /home/aidan/GitHub/AidansRepo/TeensySwerve/install/action_msgs/share/action_msgs/cmake/ament_cmake_export_targets-extras.cmake
[6.738s] -- Up-to-date: /home/aidan/GitHub/AidansRepo/TeensySwerve/install/action_msgs/share/action_msgs/cmake/rosidl_cmake_export_typesupport_targets-extras.cmake
[6.738s] -- Up-to-date: /home/aidan/GitHub/AidansRepo/TeensySwerve/install/action_msgs/share/action_msgs/cmake/rosidl_cmake_export_typesupport_libraries-extras.cmake
[6.739s] -- Up-to-date: /home/aidan/GitHub/AidansRepo/TeensySwerve/install/action_msgs/share/action_msgs/cmake/action_msgsConfig.cmake
[6.743s] -- Up-to-date: /home/aidan/GitHub/AidansRepo/TeensySwerve/install/action_msgs/share/action_msgs/cmake/action_msgsConfig-version.cmake
[6.743s] -- Up-to-date: /home/aidan/GitHub/AidansRepo/TeensySwerve/install/action_msgs/share/action_msgs/package.xml
[6.754s] Invoked command in '/home/aidan/GitHub/AidansRepo/TeensySwerve/build/action_msgs' returned '0': CMAKE_PREFIX_PATH=/home/aidan/GitHub/AidansRepo/TeensySwerve/install/unique_identifier_msgs:/home/aidan/GitHub/AidansRepo/TeensySwerve/install/builtin_interfaces:/home/aidan/GitHub/AidansRepo/TeensySwerve/install/micro_ros_demos_rclc:/home/aidan/GitHub/AidansRepo/TeensySwerve/install/common_interfaces:/home/aidan/GitHub/AidansRepo/TeensySwerve/install/visualization_msgs:/home/aidan/GitHub/AidansRepo/TeensySwerve/install/test_msgs:/home/aidan/GitHub/AidansRepo/TeensySwerve/install/example_interfaces:/home/aidan/GitHub/AidansRepo/TeensySwerve/install/action_msgs:/home/aidan/GitHub/AidansRepo/TeensySwerve/install/trajectory_msgs:/home/aidan/GitHub/AidansRepo/TeensySwerve/install/stereo_msgs:/home/aidan/GitHub/AidansRepo/TeensySwerve/install/std_srvs:/home/aidan/GitHub/AidansRepo/TeensySwerve/install/shape_msgs:/home/aidan/GitHub/AidansRepo/TeensySwerve/install/sensor_msgs:/home/aidan/GitHub/AidansRepo/TeensySwerve/install/nav_msgs:/home/aidan/GitHub/AidansRepo/TeensySwerve/install/diagnostic_msgs:/home/aidan/GitHub/AidansRepo/TeensySwerve/install/geometry_msgs:/home/aidan/GitHub/AidansRepo/TeensySwerve/install/actionlib_msgs:/home/aidan/GitHub/AidansRepo/TeensySwerve/install/std_msgs:/home/aidan/GitHub/AidansRepo/TeensySwerve/install/statistics_msgs:/home/aidan/GitHub/AidansRepo/TeensySwerve/install/rosidl_typesupport_microxrcedds_test_msg:/home/aidan/GitHub/AidansRepo/TeensySwerve/install/rosidl_typesupport_microxrcedds_cpp_tests:/home/aidan/GitHub/AidansRepo/TeensySwerve/install/rmw_microxrcedds:/home/aidan/GitHub/AidansRepo/TeensySwerve/install/rosidl_typesupport_microxrcedds_cpp:/home/aidan/GitHub/AidansRepo/TeensySwerve/install/rosidl_typesupport_microxrcedds_c_tests:/home/aidan/GitHub/AidansRepo/TeensySwerve/install/rosidl_typesupport_microxrcedds_c:/home/aidan/GitHub/AidansRepo/TeensySwerve/install/rosgraph_msgs:/home/aidan/GitHub/AidansRepo/TeensySwerve/install/rclc_parameter:/home/aidan/GitHub/AidansRepo/TeensySwerve/install/rclc:/home/aidan/GitHub/AidansRepo/TeensySwerve/install/composition_interfaces:/home/aidan/GitHub/AidansRepo/TeensySwerve/install/rcl_interfaces:/home/aidan/GitHub/AidansRepo/TeensySwerve/install/microxrcedds_client:/home/aidan/GitHub/AidansRepo/TeensySwerve/install/microcdr:/home/aidan/GitHub/AidansRepo/TeensySwerve/install/micro_ros_utilities:/home/aidan/GitHub/AidansRepo/TeensySwerve/install/micro_ros_msgs:/home/aidan/GitHub/AidansRepo/TeensySwerve/install/lifecycle_msgs:/home/aidan/GitHub/AidansRepo/TeensySwerve/install/complex_msgs:/home/aidan/GitHub/AidansRepo/TeensySwerve/install/tnsy_interfaces:/home/aidan/microros_ws/install/micro_ros_setup:/home/aidan/microros_ws/install/micro_ros_agent:/home/aidan/microros_ws/install/micro_ros_msgs:/home/aidan/GitHub/AidansRepo/TeensySwerve/install/sensor_msgs_py:/home/aidan/GitHub/AidansRepo/TeensySwerve/install/tnsy_swrv_controller:/opt/ros/humble LD_LIBRARY_PATH=/home/aidan/GitHub/AidansRepo/TeensySwerve/install/unique_identifier_msgs/lib:/home/aidan/GitHub/AidansRepo/TeensySwerve/install/builtin_interfaces/lib:/home/aidan/GitHub/AidansRepo/TeensySwerve/install/visualization_msgs/lib:/home/aidan/GitHub/AidansRepo/TeensySwerve/install/test_msgs/lib:/home/aidan/GitHub/AidansRepo/TeensySwerve/install/example_interfaces/lib:/home/aidan/GitHub/AidansRepo/TeensySwerve/install/action_msgs/lib:/home/aidan/GitHub/AidansRepo/TeensySwerve/install/trajectory_msgs/lib:/home/aidan/GitHub/AidansRepo/TeensySwerve/install/stereo_msgs/lib:/home/aidan/GitHub/AidansRepo/TeensySwerve/install/std_srvs/lib:/home/aidan/GitHub/AidansRepo/TeensySwerve/install/shape_msgs/lib:/home/aidan/GitHub/AidansRepo/TeensySwerve/install/sensor_msgs/lib:/home/aidan/GitHub/AidansRepo/TeensySwerve/install/nav_msgs/lib:/home/aidan/GitHub/AidansRepo/TeensySwerve/install/diagnostic_msgs/lib:/home/aidan/GitHub/AidansRepo/TeensySwerve/install/geometry_msgs/lib:/home/aidan/GitHub/AidansRepo/TeensySwerve/install/actionlib_msgs/lib:/home/aidan/GitHub/AidansRepo/TeensySwerve/install/std_msgs/lib:/home/aidan/GitHub/AidansRepo/TeensySwerve/install/statistics_msgs/lib:/home/aidan/GitHub/AidansRepo/TeensySwerve/install/rosidl_typesupport_microxrcedds_test_msg/lib:/home/aidan/GitHub/AidansRepo/TeensySwerve/install/rmw_microxrcedds/lib:/home/aidan/GitHub/AidansRepo/TeensySwerve/install/rosidl_typesupport_microxrcedds_cpp/lib:/home/aidan/GitHub/AidansRepo/TeensySwerve/install/rosidl_typesupport_microxrcedds_c/lib:/home/aidan/GitHub/AidansRepo/TeensySwerve/install/rosgraph_msgs/lib:/home/aidan/GitHub/AidansRepo/TeensySwerve/install/rclc_parameter/lib:/home/aidan/GitHub/AidansRepo/TeensySwerve/install/rclc/lib:/home/aidan/GitHub/AidansRepo/TeensySwerve/install/composition_interfaces/lib:/home/aidan/GitHub/AidansRepo/TeensySwerve/install/rcl_interfaces/lib:/home/aidan/GitHub/AidansRepo/TeensySwerve/install/micro_ros_utilities/lib:/home/aidan/GitHub/AidansRepo/TeensySwerve/install/micro_ros_msgs/lib:/home/aidan/GitHub/AidansRepo/TeensySwerve/install/lifecycle_msgs/lib:/home/aidan/GitHub/AidansRepo/TeensySwerve/install/complex_msgs/lib:/home/aidan/GitHub/AidansRepo/TeensySwerve/install/tnsy_interfaces/lib:/home/aidan/microros_ws/install/micro_ros_agent/lib:/home/aidan/microros_ws/install/micro_ros_msgs/lib:/opt/ros/humble/opt/rviz_ogre_vendor/lib:/opt/ros/humble/lib/x86_64-linux-gnu:/opt/ros/humble/lib /usr/bin/cmake --install /home/aidan/GitHub/AidansRepo/TeensySwerve/build/action_msgs
