[0.234s] Invoking command in '/home/aidan/GitHub/AidansRepo/TeensySwerve/build/rcl_interfaces': AMENT_PREFIX_PATH=/home/aidan/GitHub/AidansRepo/TeensySwerve/install/builtin_interfaces:${AMENT_PREFIX_PATH} CMAKE_PREFIX_PATH=/home/aidan/GitHub/AidansRepo/TeensySwerve/install/builtin_interfaces:/home/aidan/GitHub/AidansRepo/TeensySwerve/install/tnsy_interfaces:/home/aidan/microros_ws/install/micro_ros_setup:/home/aidan/microros_ws/install/micro_ros_agent:/home/aidan/microros_ws/install/micro_ros_msgs:/home/aidan/GitHub/AidansRepo/TeensySwerve/install/tnsy_swrv_controller:/opt/ros/humble LD_LIBRARY_PATH=/home/aidan/GitHub/AidansRepo/TeensySwerve/install/builtin_interfaces/lib:${LD_LIBRARY_PATH} PYTHONPATH=/home/aidan/GitHub/AidansRepo/TeensySwerve/install/builtin_interfaces/local/lib/python3.10/dist-packages:${PYTHONPATH} /usr/bin/cmake --build /home/aidan/GitHub/AidansRepo/TeensySwerve/build/rcl_interfaces -- -j4 -l4
[0.902s] [35m[1mConsolidate compiler generated dependencies of target rcl_interfaces__rosidl_generator_c[0m
[1.007s] [  0%] Built target rcl_interfaces__cpp
[1.153s] [ 12%] Built target rcl_interfaces__rosidl_generator_c
[1.162s] [ 12%] Built target ament_cmake_python_copy_rcl_interfaces
[1.337s] [35m[1mConsolidate compiler generated dependencies of target rcl_interfaces__rosidl_typesupport_cpp[0m
[1.348s] [35m[1mConsolidate compiler generated dependencies of target rcl_interfaces__rosidl_typesupport_fastrtps_cpp[0m
[1.354s] [35m[1mConsolidate compiler generated dependencies of target rcl_interfaces__rosidl_typesupport_introspection_cpp[0m
[1.370s] [35m[1mConsolidate compiler generated dependencies of target rcl_interfaces__rosidl_typesupport_fastrtps_c[0m
[1.625s] [ 24%] Built target rcl_interfaces__rosidl_typesupport_cpp
[1.649s] [ 36%] Built target rcl_interfaces__rosidl_typesupport_introspection_cpp
[1.690s] [ 48%] Built target rcl_interfaces__rosidl_typesupport_fastrtps_c
[1.709s] [ 60%] Built target rcl_interfaces__rosidl_typesupport_fastrtps_cpp
[1.762s] [35m[1mConsolidate compiler generated dependencies of target rcl_interfaces__rosidl_typesupport_c[0m
[1.774s] [35m[1mConsolidate compiler generated dependencies of target rcl_interfaces__rosidl_typesupport_introspection_c[0m
[1.866s] [ 72%] Built target rcl_interfaces__rosidl_typesupport_c
[1.940s] [ 84%] Built target rcl_interfaces__rosidl_typesupport_introspection_c
[2.063s] [ 84%] Built target rcl_interfaces
[2.215s] [ 85%] Built target rcl_interfaces__py
[2.320s] [35m[1mConsolidate compiler generated dependencies of target rcl_interfaces__rosidl_generator_py[0m
[2.506s] [ 96%] Built target rcl_interfaces__rosidl_generator_py
[2.619s] [35m[1mConsolidate compiler generated dependencies of target rcl_interfaces__rosidl_typesupport_fastrtps_c__pyext[0m
[2.640s] [35m[1mConsolidate compiler generated dependencies of target rcl_interfaces__rosidl_typesupport_introspection_c__pyext[0m
[2.660s] [35m[1mConsolidate compiler generated dependencies of target rcl_interfaces__rosidl_typesupport_c__pyext[0m
[2.761s] [ 97%] Built target rcl_interfaces__rosidl_typesupport_fastrtps_c__pyext
[2.799s] [ 98%] Built target rcl_interfaces__rosidl_typesupport_c__pyext
[2.817s] [100%] Built target rcl_interfaces__rosidl_typesupport_introspection_c__pyext
[3.561s] running egg_info
[3.563s] writing rcl_interfaces.egg-info/PKG-INFO
[3.563s] writing dependency_links to rcl_interfaces.egg-info/dependency_links.txt
[3.565s] writing top-level names to rcl_interfaces.egg-info/top_level.txt
[3.570s] reading manifest file 'rcl_interfaces.egg-info/SOURCES.txt'
[3.573s] writing manifest file 'rcl_interfaces.egg-info/SOURCES.txt'
[3.672s] [100%] Built target ament_cmake_python_build_rcl_interfaces_egg
[3.737s] Invoked command in '/home/aidan/GitHub/AidansRepo/TeensySwerve/build/rcl_interfaces' returned '0': AMENT_PREFIX_PATH=/home/aidan/GitHub/AidansRepo/TeensySwerve/install/builtin_interfaces:${AMENT_PREFIX_PATH} CMAKE_PREFIX_PATH=/home/aidan/GitHub/AidansRepo/TeensySwerve/install/builtin_interfaces:/home/aidan/GitHub/AidansRepo/TeensySwerve/install/tnsy_interfaces:/home/aidan/microros_ws/install/micro_ros_setup:/home/aidan/microros_ws/install/micro_ros_agent:/home/aidan/microros_ws/install/micro_ros_msgs:/home/aidan/GitHub/AidansRepo/TeensySwerve/install/tnsy_swrv_controller:/opt/ros/humble LD_LIBRARY_PATH=/home/aidan/GitHub/AidansRepo/TeensySwerve/install/builtin_interfaces/lib:${LD_LIBRARY_PATH} PYTHONPATH=/home/aidan/GitHub/AidansRepo/TeensySwerve/install/builtin_interfaces/local/lib/python3.10/dist-packages:${PYTHONPATH} /usr/bin/cmake --build /home/aidan/GitHub/AidansRepo/TeensySwerve/build/rcl_interfaces -- -j4 -l4
[5.914s] Invoking command in '/home/aidan/GitHub/AidansRepo/TeensySwerve/build/rcl_interfaces': AMENT_PREFIX_PATH=/home/aidan/GitHub/AidansRepo/TeensySwerve/install/builtin_interfaces:${AMENT_PREFIX_PATH} CMAKE_PREFIX_PATH=/home/aidan/GitHub/AidansRepo/TeensySwerve/install/builtin_interfaces:/home/aidan/GitHub/AidansRepo/TeensySwerve/install/tnsy_interfaces:/home/aidan/microros_ws/install/micro_ros_setup:/home/aidan/microros_ws/install/micro_ros_agent:/home/aidan/microros_ws/install/micro_ros_msgs:/home/aidan/GitHub/AidansRepo/TeensySwerve/install/tnsy_swrv_controller:/opt/ros/humble LD_LIBRARY_PATH=/home/aidan/GitHub/AidansRepo/TeensySwerve/install/builtin_interfaces/lib:${LD_LIBRARY_PATH} PYTHONPATH=/home/aidan/GitHub/AidansRepo/TeensySwerve/install/builtin_interfaces/local/lib/python3.10/dist-packages:${PYTHONPATH} /usr/bin/cmake --install /home/aidan/GitHub/AidansRepo/TeensySwerve/build/rcl_interfaces
[5.916s] -- Install configuration: ""
[5.917s] -- Up-to-date: /home/aidan/GitHub/AidansRepo/TeensySwerve/install/rcl_interfaces/share/ament_index/resource_index/rosidl_interfaces/rcl_interfaces
[5.917s] -- Up-to-date: /home/aidan/GitHub/AidansRepo/TeensySwerve/install/rcl_interfaces/include/rcl_interfaces/rcl_interfaces
[5.917s] -- Up-to-date: /home/aidan/GitHub/AidansRepo/TeensySwerve/install/rcl_interfaces/include/rcl_interfaces/rcl_interfaces/srv
[5.918s] -- Up-to-date: /home/aidan/GitHub/AidansRepo/TeensySwerve/install/rcl_interfaces/include/rcl_interfaces/rcl_interfaces/srv/set_parameters.h
[5.919s] -- Up-to-date: /home/aidan/GitHub/AidansRepo/TeensySwerve/install/rcl_interfaces/include/rcl_interfaces/rcl_interfaces/srv/set_parameters_atomically.h
[5.919s] -- Up-to-date: /home/aidan/GitHub/AidansRepo/TeensySwerve/install/rcl_interfaces/include/rcl_interfaces/rcl_interfaces/srv/list_parameters.h
[5.919s] -- Up-to-date: /home/aidan/GitHub/AidansRepo/TeensySwerve/install/rcl_interfaces/include/rcl_interfaces/rcl_interfaces/srv/describe_parameters.h
[5.919s] -- Up-to-date: /home/aidan/GitHub/AidansRepo/TeensySwerve/install/rcl_interfaces/include/rcl_interfaces/rcl_interfaces/srv/detail
[5.919s] -- Up-to-date: /home/aidan/GitHub/AidansRepo/TeensySwerve/install/rcl_interfaces/include/rcl_interfaces/rcl_interfaces/srv/detail/describe_parameters__type_support.h
[5.920s] -- Up-to-date: /home/aidan/GitHub/AidansRepo/TeensySwerve/install/rcl_interfaces/include/rcl_interfaces/rcl_interfaces/srv/detail/get_parameters__functions.c
[5.920s] -- Up-to-date: /home/aidan/GitHub/AidansRepo/TeensySwerve/install/rcl_interfaces/include/rcl_interfaces/rcl_interfaces/srv/detail/set_parameters_atomically__functions.h
[5.920s] -- Up-to-date: /home/aidan/GitHub/AidansRepo/TeensySwerve/install/rcl_interfaces/include/rcl_interfaces/rcl_interfaces/srv/detail/set_parameters_atomically__type_support.h
[5.920s] -- Up-to-date: /home/aidan/GitHub/AidansRepo/TeensySwerve/install/rcl_interfaces/include/rcl_interfaces/rcl_interfaces/srv/detail/get_parameter_types__functions.c
[5.924s] -- Up-to-date: /home/aidan/GitHub/AidansRepo/TeensySwerve/install/rcl_interfaces/include/rcl_interfaces/rcl_interfaces/srv/detail/set_parameters_atomically__struct.h
[5.924s] -- Up-to-date: /home/aidan/GitHub/AidansRepo/TeensySwerve/install/rcl_interfaces/include/rcl_interfaces/rcl_interfaces/srv/detail/set_parameters__type_support.h
[5.925s] -- Up-to-date: /home/aidan/GitHub/AidansRepo/TeensySwerve/install/rcl_interfaces/include/rcl_interfaces/rcl_interfaces/srv/detail/describe_parameters__functions.c
[5.925s] -- Up-to-date: /home/aidan/GitHub/AidansRepo/TeensySwerve/install/rcl_interfaces/include/rcl_interfaces/rcl_interfaces/srv/detail/get_parameters__struct.h
[5.925s] -- Up-to-date: /home/aidan/GitHub/AidansRepo/TeensySwerve/install/rcl_interfaces/include/rcl_interfaces/rcl_interfaces/srv/detail/set_parameters_atomically__functions.c
[5.925s] -- Up-to-date: /home/aidan/GitHub/AidansRepo/TeensySwerve/install/rcl_interfaces/include/rcl_interfaces/rcl_interfaces/srv/detail/set_parameters__struct.h
[5.925s] -- Up-to-date: /home/aidan/GitHub/AidansRepo/TeensySwerve/install/rcl_interfaces/include/rcl_interfaces/rcl_interfaces/srv/detail/describe_parameters__struct.h
[5.925s] -- Up-to-date: /home/aidan/GitHub/AidansRepo/TeensySwerve/install/rcl_interfaces/include/rcl_interfaces/rcl_interfaces/srv/detail/set_parameters__functions.c
[5.926s] -- Up-to-date: /home/aidan/GitHub/AidansRepo/TeensySwerve/install/rcl_interfaces/include/rcl_interfaces/rcl_interfaces/srv/detail/get_parameter_types__struct.h
[5.926s] -- Up-to-date: /home/aidan/GitHub/AidansRepo/TeensySwerve/install/rcl_interfaces/include/rcl_interfaces/rcl_interfaces/srv/detail/list_parameters__struct.h
[5.929s] -- Up-to-date: /home/aidan/GitHub/AidansRepo/TeensySwerve/install/rcl_interfaces/include/rcl_interfaces/rcl_interfaces/srv/detail/get_parameter_types__functions.h
[5.929s] -- Up-to-date: /home/aidan/GitHub/AidansRepo/TeensySwerve/install/rcl_interfaces/include/rcl_interfaces/rcl_interfaces/srv/detail/set_parameters__functions.h
[5.929s] -- Up-to-date: /home/aidan/GitHub/AidansRepo/TeensySwerve/install/rcl_interfaces/include/rcl_interfaces/rcl_interfaces/srv/detail/list_parameters__type_support.h
[5.930s] -- Up-to-date: /home/aidan/GitHub/AidansRepo/TeensySwerve/install/rcl_interfaces/include/rcl_interfaces/rcl_interfaces/srv/detail/describe_parameters__functions.h
[5.930s] -- Up-to-date: /home/aidan/GitHub/AidansRepo/TeensySwerve/install/rcl_interfaces/include/rcl_interfaces/rcl_interfaces/srv/detail/get_parameters__type_support.h
[5.930s] -- Up-to-date: /home/aidan/GitHub/AidansRepo/TeensySwerve/install/rcl_interfaces/include/rcl_interfaces/rcl_interfaces/srv/detail/get_parameters__functions.h
[5.931s] -- Up-to-date: /home/aidan/GitHub/AidansRepo/TeensySwerve/install/rcl_interfaces/include/rcl_interfaces/rcl_interfaces/srv/detail/get_parameter_types__type_support.h
[5.931s] -- Up-to-date: /home/aidan/GitHub/AidansRepo/TeensySwerve/install/rcl_interfaces/include/rcl_interfaces/rcl_interfaces/srv/detail/list_parameters__functions.h
[5.931s] -- Up-to-date: /home/aidan/GitHub/AidansRepo/TeensySwerve/install/rcl_interfaces/include/rcl_interfaces/rcl_interfaces/srv/detail/list_parameters__functions.c
[5.931s] -- Up-to-date: /home/aidan/GitHub/AidansRepo/TeensySwerve/install/rcl_interfaces/include/rcl_interfaces/rcl_interfaces/srv/get_parameter_types.h
[5.931s] -- Up-to-date: /home/aidan/GitHub/AidansRepo/TeensySwerve/install/rcl_interfaces/include/rcl_interfaces/rcl_interfaces/srv/get_parameters.h
[5.934s] -- Up-to-date: /home/aidan/GitHub/AidansRepo/TeensySwerve/install/rcl_interfaces/include/rcl_interfaces/rcl_interfaces/msg
[5.934s] -- Up-to-date: /home/aidan/GitHub/AidansRepo/TeensySwerve/install/rcl_interfaces/include/rcl_interfaces/rcl_interfaces/msg/parameter_event.h
[5.935s] -- Up-to-date: /home/aidan/GitHub/AidansRepo/TeensySwerve/install/rcl_interfaces/include/rcl_interfaces/rcl_interfaces/msg/integer_range.h
[5.935s] -- Up-to-date: /home/aidan/GitHub/AidansRepo/TeensySwerve/install/rcl_interfaces/include/rcl_interfaces/rcl_interfaces/msg/parameter_type.h
[5.936s] -- Up-to-date: /home/aidan/GitHub/AidansRepo/TeensySwerve/install/rcl_interfaces/include/rcl_interfaces/rcl_interfaces/msg/set_parameters_result.h
[5.936s] -- Up-to-date: /home/aidan/GitHub/AidansRepo/TeensySwerve/install/rcl_interfaces/include/rcl_interfaces/rcl_interfaces/msg/list_parameters_result.h
[5.939s] -- Up-to-date: /home/aidan/GitHub/AidansRepo/TeensySwerve/install/rcl_interfaces/include/rcl_interfaces/rcl_interfaces/msg/parameter_event_descriptors.h
[5.940s] -- Up-to-date: /home/aidan/GitHub/AidansRepo/TeensySwerve/install/rcl_interfaces/include/rcl_interfaces/rcl_interfaces/msg/log.h
[5.940s] -- Up-to-date: /home/aidan/GitHub/AidansRepo/TeensySwerve/install/rcl_interfaces/include/rcl_interfaces/rcl_interfaces/msg/rosidl_generator_c__visibility_control.h
[5.941s] -- Up-to-date: /home/aidan/GitHub/AidansRepo/TeensySwerve/install/rcl_interfaces/include/rcl_interfaces/rcl_interfaces/msg/floating_point_range.h
[5.941s] -- Up-to-date: /home/aidan/GitHub/AidansRepo/TeensySwerve/install/rcl_interfaces/include/rcl_interfaces/rcl_interfaces/msg/parameter_value.h
[5.945s] -- Up-to-date: /home/aidan/GitHub/AidansRepo/TeensySwerve/install/rcl_interfaces/include/rcl_interfaces/rcl_interfaces/msg/parameter_descriptor.h
[5.945s] -- Up-to-date: /home/aidan/GitHub/AidansRepo/TeensySwerve/install/rcl_interfaces/include/rcl_interfaces/rcl_interfaces/msg/detail
[5.946s] -- Up-to-date: /home/aidan/GitHub/AidansRepo/TeensySwerve/install/rcl_interfaces/include/rcl_interfaces/rcl_interfaces/msg/detail/list_parameters_result__functions.h
[5.946s] -- Up-to-date: /home/aidan/GitHub/AidansRepo/TeensySwerve/install/rcl_interfaces/include/rcl_interfaces/rcl_interfaces/msg/detail/parameter_event_descriptors__type_support.h
[5.947s] -- Up-to-date: /home/aidan/GitHub/AidansRepo/TeensySwerve/install/rcl_interfaces/include/rcl_interfaces/rcl_interfaces/msg/detail/parameter_descriptor__functions.h
[5.947s] -- Up-to-date: /home/aidan/GitHub/AidansRepo/TeensySwerve/install/rcl_interfaces/include/rcl_interfaces/rcl_interfaces/msg/detail/floating_point_range__type_support.h
[5.947s] -- Up-to-date: /home/aidan/GitHub/AidansRepo/TeensySwerve/install/rcl_interfaces/include/rcl_interfaces/rcl_interfaces/msg/detail/parameter_type__struct.h
[5.948s] -- Up-to-date: /home/aidan/GitHub/AidansRepo/TeensySwerve/install/rcl_interfaces/include/rcl_interfaces/rcl_interfaces/msg/detail/integer_range__struct.h
[5.952s] -- Up-to-date: /home/aidan/GitHub/AidansRepo/TeensySwerve/install/rcl_interfaces/include/rcl_interfaces/rcl_interfaces/msg/detail/set_parameters_result__struct.h
[5.952s] -- Up-to-date: /home/aidan/GitHub/AidansRepo/TeensySwerve/install/rcl_interfaces/include/rcl_interfaces/rcl_interfaces/msg/detail/parameter__type_support.h
[5.953s] -- Up-to-date: /home/aidan/GitHub/AidansRepo/TeensySwerve/install/rcl_interfaces/include/rcl_interfaces/rcl_interfaces/msg/detail/set_parameters_result__functions.c
[5.953s] -- Up-to-date: /home/aidan/GitHub/AidansRepo/TeensySwerve/install/rcl_interfaces/include/rcl_interfaces/rcl_interfaces/msg/detail/parameter_value__functions.h
[5.953s] -- Up-to-date: /home/aidan/GitHub/AidansRepo/TeensySwerve/install/rcl_interfaces/include/rcl_interfaces/rcl_interfaces/msg/detail/integer_range__type_support.h
[5.960s] -- Up-to-date: /home/aidan/GitHub/AidansRepo/TeensySwerve/install/rcl_interfaces/include/rcl_interfaces/rcl_interfaces/msg/detail/parameter_event__functions.c
[5.960s] -- Up-to-date: /home/aidan/GitHub/AidansRepo/TeensySwerve/install/rcl_interfaces/include/rcl_interfaces/rcl_interfaces/msg/detail/parameter_type__functions.c
[5.960s] -- Up-to-date: /home/aidan/GitHub/AidansRepo/TeensySwerve/install/rcl_interfaces/include/rcl_interfaces/rcl_interfaces/msg/detail/parameter_value__type_support.h
[5.961s] -- Up-to-date: /home/aidan/GitHub/AidansRepo/TeensySwerve/install/rcl_interfaces/include/rcl_interfaces/rcl_interfaces/msg/detail/integer_range__functions.c
[5.961s] -- Up-to-date: /home/aidan/GitHub/AidansRepo/TeensySwerve/install/rcl_interfaces/include/rcl_interfaces/rcl_interfaces/msg/detail/parameter_event__type_support.h
[5.961s] -- Up-to-date: /home/aidan/GitHub/AidansRepo/TeensySwerve/install/rcl_interfaces/include/rcl_interfaces/rcl_interfaces/msg/detail/parameter__functions.h
[5.961s] -- Up-to-date: /home/aidan/GitHub/AidansRepo/TeensySwerve/install/rcl_interfaces/include/rcl_interfaces/rcl_interfaces/msg/detail/floating_point_range__functions.c
[5.961s] -- Up-to-date: /home/aidan/GitHub/AidansRepo/TeensySwerve/install/rcl_interfaces/include/rcl_interfaces/rcl_interfaces/msg/detail/list_parameters_result__struct.h
[5.962s] -- Up-to-date: /home/aidan/GitHub/AidansRepo/TeensySwerve/install/rcl_interfaces/include/rcl_interfaces/rcl_interfaces/msg/detail/parameter_event__functions.h
[5.962s] -- Up-to-date: /home/aidan/GitHub/AidansRepo/TeensySwerve/install/rcl_interfaces/include/rcl_interfaces/rcl_interfaces/msg/detail/set_parameters_result__type_support.h
[5.962s] -- Up-to-date: /home/aidan/GitHub/AidansRepo/TeensySwerve/install/rcl_interfaces/include/rcl_interfaces/rcl_interfaces/msg/detail/set_parameters_result__functions.h
[5.962s] -- Up-to-date: /home/aidan/GitHub/AidansRepo/TeensySwerve/install/rcl_interfaces/include/rcl_interfaces/rcl_interfaces/msg/detail/parameter_type__type_support.h
[5.963s] -- Up-to-date: /home/aidan/GitHub/AidansRepo/TeensySwerve/install/rcl_interfaces/include/rcl_interfaces/rcl_interfaces/msg/detail/parameter_descriptor__type_support.h
[5.968s] -- Up-to-date: /home/aidan/GitHub/AidansRepo/TeensySwerve/install/rcl_interfaces/include/rcl_interfaces/rcl_interfaces/msg/detail/parameter_event_descriptors__struct.h
[5.968s] -- Up-to-date: /home/aidan/GitHub/AidansRepo/TeensySwerve/install/rcl_interfaces/include/rcl_interfaces/rcl_interfaces/msg/detail/parameter__functions.c
[5.969s] -- Up-to-date: /home/aidan/GitHub/AidansRepo/TeensySwerve/install/rcl_interfaces/include/rcl_interfaces/rcl_interfaces/msg/detail/floating_point_range__functions.h
[5.969s] -- Up-to-date: /home/aidan/GitHub/AidansRepo/TeensySwerve/install/rcl_interfaces/include/rcl_interfaces/rcl_interfaces/msg/detail/parameter_value__functions.c
[5.969s] -- Up-to-date: /home/aidan/GitHub/AidansRepo/TeensySwerve/install/rcl_interfaces/include/rcl_interfaces/rcl_interfaces/msg/detail/log__functions.c
[5.969s] -- Up-to-date: /home/aidan/GitHub/AidansRepo/TeensySwerve/install/rcl_interfaces/include/rcl_interfaces/rcl_interfaces/msg/detail/list_parameters_result__type_support.h
[5.969s] -- Up-to-date: /home/aidan/GitHub/AidansRepo/TeensySwerve/install/rcl_interfaces/include/rcl_interfaces/rcl_interfaces/msg/detail/parameter_event_descriptors__functions.h
[5.970s] -- Up-to-date: /home/aidan/GitHub/AidansRepo/TeensySwerve/install/rcl_interfaces/include/rcl_interfaces/rcl_interfaces/msg/detail/parameter_descriptor__functions.c
[5.970s] -- Up-to-date: /home/aidan/GitHub/AidansRepo/TeensySwerve/install/rcl_interfaces/include/rcl_interfaces/rcl_interfaces/msg/detail/parameter_descriptor__struct.h
[5.970s] -- Up-to-date: /home/aidan/GitHub/AidansRepo/TeensySwerve/install/rcl_interfaces/include/rcl_interfaces/rcl_interfaces/msg/detail/integer_range__functions.h
[5.970s] -- Up-to-date: /home/aidan/GitHub/AidansRepo/TeensySwerve/install/rcl_interfaces/include/rcl_interfaces/rcl_interfaces/msg/detail/floating_point_range__struct.h
[5.970s] -- Up-to-date: /home/aidan/GitHub/AidansRepo/TeensySwerve/install/rcl_interfaces/include/rcl_interfaces/rcl_interfaces/msg/detail/parameter_event__struct.h
[5.971s] -- Up-to-date: /home/aidan/GitHub/AidansRepo/TeensySwerve/install/rcl_interfaces/include/rcl_interfaces/rcl_interfaces/msg/detail/list_parameters_result__functions.c
[5.971s] -- Up-to-date: /home/aidan/GitHub/AidansRepo/TeensySwerve/install/rcl_interfaces/include/rcl_interfaces/rcl_interfaces/msg/detail/log__struct.h
[5.984s] -- Up-to-date: /home/aidan/GitHub/AidansRepo/TeensySwerve/install/rcl_interfaces/include/rcl_interfaces/rcl_interfaces/msg/detail/parameter_type__functions.h
[5.984s] -- Up-to-date: /home/aidan/GitHub/AidansRepo/TeensySwerve/install/rcl_interfaces/include/rcl_interfaces/rcl_interfaces/msg/detail/log__type_support.h
[5.985s] -- Up-to-date: /home/aidan/GitHub/AidansRepo/TeensySwerve/install/rcl_interfaces/include/rcl_interfaces/rcl_interfaces/msg/detail/parameter_event_descriptors__functions.c
[5.985s] -- Up-to-date: /home/aidan/GitHub/AidansRepo/TeensySwerve/install/rcl_interfaces/include/rcl_interfaces/rcl_interfaces/msg/detail/parameter_value__struct.h
[5.985s] -- Up-to-date: /home/aidan/GitHub/AidansRepo/TeensySwerve/install/rcl_interfaces/include/rcl_interfaces/rcl_interfaces/msg/detail/parameter__struct.h
[5.985s] -- Up-to-date: /home/aidan/GitHub/AidansRepo/TeensySwerve/install/rcl_interfaces/include/rcl_interfaces/rcl_interfaces/msg/detail/log__functions.h
[5.985s] -- Up-to-date: /home/aidan/GitHub/AidansRepo/TeensySwerve/install/rcl_interfaces/include/rcl_interfaces/rcl_interfaces/msg/parameter.h
[5.985s] -- Up-to-date: /home/aidan/GitHub/AidansRepo/TeensySwerve/install/rcl_interfaces/share/rcl_interfaces/environment/library_path.sh
[5.986s] -- Up-to-date: /home/aidan/GitHub/AidansRepo/TeensySwerve/install/rcl_interfaces/share/rcl_interfaces/environment/library_path.dsv
[5.986s] -- Up-to-date: /home/aidan/GitHub/AidansRepo/TeensySwerve/install/rcl_interfaces/lib/librcl_interfaces__rosidl_generator_c.so
[5.986s] -- Up-to-date: /home/aidan/GitHub/AidansRepo/TeensySwerve/install/rcl_interfaces/include/rcl_interfaces/rcl_interfaces
[5.986s] -- Up-to-date: /home/aidan/GitHub/AidansRepo/TeensySwerve/install/rcl_interfaces/include/rcl_interfaces/rcl_interfaces/srv
[5.986s] -- Up-to-date: /home/aidan/GitHub/AidansRepo/TeensySwerve/install/rcl_interfaces/include/rcl_interfaces/rcl_interfaces/srv/detail
[5.987s] -- Up-to-date: /home/aidan/GitHub/AidansRepo/TeensySwerve/install/rcl_interfaces/include/rcl_interfaces/rcl_interfaces/srv/detail/set_parameters_atomically__rosidl_typesupport_fastrtps_c.h
[5.987s] -- Up-to-date: /home/aidan/GitHub/AidansRepo/TeensySwerve/install/rcl_interfaces/include/rcl_interfaces/rcl_interfaces/srv/detail/get_parameters__rosidl_typesupport_fastrtps_c.h
[5.987s] -- Up-to-date: /home/aidan/GitHub/AidansRepo/TeensySwerve/install/rcl_interfaces/include/rcl_interfaces/rcl_interfaces/srv/detail/list_parameters__rosidl_typesupport_fastrtps_c.h
[5.987s] -- Up-to-date: /home/aidan/GitHub/AidansRepo/TeensySwerve/install/rcl_interfaces/include/rcl_interfaces/rcl_interfaces/srv/detail/set_parameters__rosidl_typesupport_fastrtps_c.h
[5.987s] -- Up-to-date: /home/aidan/GitHub/AidansRepo/TeensySwerve/install/rcl_interfaces/include/rcl_interfaces/rcl_interfaces/srv/detail/describe_parameters__rosidl_typesupport_fastrtps_c.h
[5.987s] -- Up-to-date: /home/aidan/GitHub/AidansRepo/TeensySwerve/install/rcl_interfaces/include/rcl_interfaces/rcl_interfaces/srv/detail/get_parameter_types__rosidl_typesupport_fastrtps_c.h
[5.988s] -- Up-to-date: /home/aidan/GitHub/AidansRepo/TeensySwerve/install/rcl_interfaces/include/rcl_interfaces/rcl_interfaces/msg
[5.988s] -- Up-to-date: /home/aidan/GitHub/AidansRepo/TeensySwerve/install/rcl_interfaces/include/rcl_interfaces/rcl_interfaces/msg/rosidl_typesupport_fastrtps_c__visibility_control.h
[5.988s] -- Up-to-date: /home/aidan/GitHub/AidansRepo/TeensySwerve/install/rcl_interfaces/include/rcl_interfaces/rcl_interfaces/msg/detail
[5.988s] -- Up-to-date: /home/aidan/GitHub/AidansRepo/TeensySwerve/install/rcl_interfaces/include/rcl_interfaces/rcl_interfaces/msg/detail/parameter_value__rosidl_typesupport_fastrtps_c.h
[5.988s] -- Up-to-date: /home/aidan/GitHub/AidansRepo/TeensySwerve/install/rcl_interfaces/include/rcl_interfaces/rcl_interfaces/msg/detail/parameter_type__rosidl_typesupport_fastrtps_c.h
[5.988s] -- Up-to-date: /home/aidan/GitHub/AidansRepo/TeensySwerve/install/rcl_interfaces/include/rcl_interfaces/rcl_interfaces/msg/detail/parameter_descriptor__rosidl_typesupport_fastrtps_c.h
[5.989s] -- Up-to-date: /home/aidan/GitHub/AidansRepo/TeensySwerve/install/rcl_interfaces/include/rcl_interfaces/rcl_interfaces/msg/detail/log__rosidl_typesupport_fastrtps_c.h
[5.989s] -- Up-to-date: /home/aidan/GitHub/AidansRepo/TeensySwerve/install/rcl_interfaces/include/rcl_interfaces/rcl_interfaces/msg/detail/floating_point_range__rosidl_typesupport_fastrtps_c.h
[5.993s] -- Up-to-date: /home/aidan/GitHub/AidansRepo/TeensySwerve/install/rcl_interfaces/include/rcl_interfaces/rcl_interfaces/msg/detail/parameter_event_descriptors__rosidl_typesupport_fastrtps_c.h
[5.993s] -- Up-to-date: /home/aidan/GitHub/AidansRepo/TeensySwerve/install/rcl_interfaces/include/rcl_interfaces/rcl_interfaces/msg/detail/parameter_event__rosidl_typesupport_fastrtps_c.h
[5.993s] -- Up-to-date: /home/aidan/GitHub/AidansRepo/TeensySwerve/install/rcl_interfaces/include/rcl_interfaces/rcl_interfaces/msg/detail/integer_range__rosidl_typesupport_fastrtps_c.h
[5.993s] -- Up-to-date: /home/aidan/GitHub/AidansRepo/TeensySwerve/install/rcl_interfaces/include/rcl_interfaces/rcl_interfaces/msg/detail/list_parameters_result__rosidl_typesupport_fastrtps_c.h
[5.993s] -- Up-to-date: /home/aidan/GitHub/AidansRepo/TeensySwerve/install/rcl_interfaces/include/rcl_interfaces/rcl_interfaces/msg/detail/parameter__rosidl_typesupport_fastrtps_c.h
[5.994s] -- Up-to-date: /home/aidan/GitHub/AidansRepo/TeensySwerve/install/rcl_interfaces/include/rcl_interfaces/rcl_interfaces/msg/detail/set_parameters_result__rosidl_typesupport_fastrtps_c.h
[5.994s] -- Up-to-date: /home/aidan/GitHub/AidansRepo/TeensySwerve/install/rcl_interfaces/lib/librcl_interfaces__rosidl_typesupport_fastrtps_c.so
[5.994s] -- Up-to-date: /home/aidan/GitHub/AidansRepo/TeensySwerve/install/rcl_interfaces/include/rcl_interfaces/rcl_interfaces
[5.994s] -- Up-to-date: /home/aidan/GitHub/AidansRepo/TeensySwerve/install/rcl_interfaces/include/rcl_interfaces/rcl_interfaces/srv
[5.994s] -- Up-to-date: /home/aidan/GitHub/AidansRepo/TeensySwerve/install/rcl_interfaces/include/rcl_interfaces/rcl_interfaces/srv/detail
[5.994s] -- Up-to-date: /home/aidan/GitHub/AidansRepo/TeensySwerve/install/rcl_interfaces/include/rcl_interfaces/rcl_interfaces/srv/detail/set_parameters_atomically__rosidl_typesupport_introspection_c.h
[5.995s] -- Up-to-date: /home/aidan/GitHub/AidansRepo/TeensySwerve/install/rcl_interfaces/include/rcl_interfaces/rcl_interfaces/srv/detail/list_parameters__rosidl_typesupport_introspection_c.h
[5.998s] -- Up-to-date: /home/aidan/GitHub/AidansRepo/TeensySwerve/install/rcl_interfaces/include/rcl_interfaces/rcl_interfaces/srv/detail/describe_parameters__type_support.c
[5.998s] -- Up-to-date: /home/aidan/GitHub/AidansRepo/TeensySwerve/install/rcl_interfaces/include/rcl_interfaces/rcl_interfaces/srv/detail/list_parameters__type_support.c
[5.998s] -- Up-to-date: /home/aidan/GitHub/AidansRepo/TeensySwerve/install/rcl_interfaces/include/rcl_interfaces/rcl_interfaces/srv/detail/get_parameter_types__type_support.c
[5.999s] -- Up-to-date: /home/aidan/GitHub/AidansRepo/TeensySwerve/install/rcl_interfaces/include/rcl_interfaces/rcl_interfaces/srv/detail/describe_parameters__rosidl_typesupport_introspection_c.h
[5.999s] -- Up-to-date: /home/aidan/GitHub/AidansRepo/TeensySwerve/install/rcl_interfaces/include/rcl_interfaces/rcl_interfaces/srv/detail/set_parameters__type_support.c
[5.999s] -- Up-to-date: /home/aidan/GitHub/AidansRepo/TeensySwerve/install/rcl_interfaces/include/rcl_interfaces/rcl_interfaces/srv/detail/set_parameters_atomically__type_support.c
[5.999s] -- Up-to-date: /home/aidan/GitHub/AidansRepo/TeensySwerve/install/rcl_interfaces/include/rcl_interfaces/rcl_interfaces/srv/detail/set_parameters__rosidl_typesupport_introspection_c.h
[5.999s] -- Up-to-date: /home/aidan/GitHub/AidansRepo/TeensySwerve/install/rcl_interfaces/include/rcl_interfaces/rcl_interfaces/srv/detail/get_parameter_types__rosidl_typesupport_introspection_c.h
[5.999s] -- Up-to-date: /home/aidan/GitHub/AidansRepo/TeensySwerve/install/rcl_interfaces/include/rcl_interfaces/rcl_interfaces/srv/detail/get_parameters__rosidl_typesupport_introspection_c.h
[6.000s] -- Up-to-date: /home/aidan/GitHub/AidansRepo/TeensySwerve/install/rcl_interfaces/include/rcl_interfaces/rcl_interfaces/srv/detail/get_parameters__type_support.c
[6.000s] -- Up-to-date: /home/aidan/GitHub/AidansRepo/TeensySwerve/install/rcl_interfaces/include/rcl_interfaces/rcl_interfaces/msg
[6.000s] -- Up-to-date: /home/aidan/GitHub/AidansRepo/TeensySwerve/install/rcl_interfaces/include/rcl_interfaces/rcl_interfaces/msg/detail
[6.000s] -- Up-to-date: /home/aidan/GitHub/AidansRepo/TeensySwerve/install/rcl_interfaces/include/rcl_interfaces/rcl_interfaces/msg/detail/parameter__rosidl_typesupport_introspection_c.h
[6.000s] -- Up-to-date: /home/aidan/GitHub/AidansRepo/TeensySwerve/install/rcl_interfaces/include/rcl_interfaces/rcl_interfaces/msg/detail/log__type_support.c
[6.000s] -- Up-to-date: /home/aidan/GitHub/AidansRepo/TeensySwerve/install/rcl_interfaces/include/rcl_interfaces/rcl_interfaces/msg/detail/parameter_event__type_support.c
[6.001s] -- Up-to-date: /home/aidan/GitHub/AidansRepo/TeensySwerve/install/rcl_interfaces/include/rcl_interfaces/rcl_interfaces/msg/detail/parameter_event_descriptors__type_support.c
[6.004s] -- Up-to-date: /home/aidan/GitHub/AidansRepo/TeensySwerve/install/rcl_interfaces/include/rcl_interfaces/rcl_interfaces/msg/detail/list_parameters_result__rosidl_typesupport_introspection_c.h
[6.004s] -- Up-to-date: /home/aidan/GitHub/AidansRepo/TeensySwerve/install/rcl_interfaces/include/rcl_interfaces/rcl_interfaces/msg/detail/list_parameters_result__type_support.c
[6.005s] -- Up-to-date: /home/aidan/GitHub/AidansRepo/TeensySwerve/install/rcl_interfaces/include/rcl_interfaces/rcl_interfaces/msg/detail/integer_range__type_support.c
[6.005s] -- Up-to-date: /home/aidan/GitHub/AidansRepo/TeensySwerve/install/rcl_interfaces/include/rcl_interfaces/rcl_interfaces/msg/detail/parameter_event_descriptors__rosidl_typesupport_introspection_c.h
[6.005s] -- Up-to-date: /home/aidan/GitHub/AidansRepo/TeensySwerve/install/rcl_interfaces/include/rcl_interfaces/rcl_interfaces/msg/detail/parameter_type__rosidl_typesupport_introspection_c.h
[6.005s] -- Up-to-date: /home/aidan/GitHub/AidansRepo/TeensySwerve/install/rcl_interfaces/include/rcl_interfaces/rcl_interfaces/msg/detail/set_parameters_result__type_support.c
[6.005s] -- Up-to-date: /home/aidan/GitHub/AidansRepo/TeensySwerve/install/rcl_interfaces/include/rcl_interfaces/rcl_interfaces/msg/detail/parameter_descriptor__type_support.c
[6.005s] -- Up-to-date: /home/aidan/GitHub/AidansRepo/TeensySwerve/install/rcl_interfaces/include/rcl_interfaces/rcl_interfaces/msg/detail/set_parameters_result__rosidl_typesupport_introspection_c.h
[6.006s] -- Up-to-date: /home/aidan/GitHub/AidansRepo/TeensySwerve/install/rcl_interfaces/include/rcl_interfaces/rcl_interfaces/msg/detail/parameter_descriptor__rosidl_typesupport_introspection_c.h
[6.006s] -- Up-to-date: /home/aidan/GitHub/AidansRepo/TeensySwerve/install/rcl_interfaces/include/rcl_interfaces/rcl_interfaces/msg/detail/parameter_type__type_support.c
[6.006s] -- Up-to-date: /home/aidan/GitHub/AidansRepo/TeensySwerve/install/rcl_interfaces/include/rcl_interfaces/rcl_interfaces/msg/detail/log__rosidl_typesupport_introspection_c.h
[6.006s] -- Up-to-date: /home/aidan/GitHub/AidansRepo/TeensySwerve/install/rcl_interfaces/include/rcl_interfaces/rcl_interfaces/msg/detail/integer_range__rosidl_typesupport_introspection_c.h
[6.006s] -- Up-to-date: /home/aidan/GitHub/AidansRepo/TeensySwerve/install/rcl_interfaces/include/rcl_interfaces/rcl_interfaces/msg/detail/parameter_value__rosidl_typesupport_introspection_c.h
[6.006s] -- Up-to-date: /home/aidan/GitHub/AidansRepo/TeensySwerve/install/rcl_interfaces/include/rcl_interfaces/rcl_interfaces/msg/detail/parameter_event__rosidl_typesupport_introspection_c.h
[6.007s] -- Up-to-date: /home/aidan/GitHub/AidansRepo/TeensySwerve/install/rcl_interfaces/include/rcl_interfaces/rcl_interfaces/msg/detail/parameter_value__type_support.c
[6.007s] -- Up-to-date: /home/aidan/GitHub/AidansRepo/TeensySwerve/install/rcl_interfaces/include/rcl_interfaces/rcl_interfaces/msg/detail/floating_point_range__rosidl_typesupport_introspection_c.h
[6.010s] -- Up-to-date: /home/aidan/GitHub/AidansRepo/TeensySwerve/install/rcl_interfaces/include/rcl_interfaces/rcl_interfaces/msg/detail/parameter__type_support.c
[6.010s] -- Up-to-date: /home/aidan/GitHub/AidansRepo/TeensySwerve/install/rcl_interfaces/include/rcl_interfaces/rcl_interfaces/msg/detail/floating_point_range__type_support.c
[6.011s] -- Up-to-date: /home/aidan/GitHub/AidansRepo/TeensySwerve/install/rcl_interfaces/include/rcl_interfaces/rcl_interfaces/msg/rosidl_typesupport_introspection_c__visibility_control.h
[6.011s] -- Up-to-date: /home/aidan/GitHub/AidansRepo/TeensySwerve/install/rcl_interfaces/lib/librcl_interfaces__rosidl_typesupport_introspection_c.so
[6.014s] -- Up-to-date: /home/aidan/GitHub/AidansRepo/TeensySwerve/install/rcl_interfaces/lib/librcl_interfaces__rosidl_typesupport_c.so
[6.014s] -- Up-to-date: /home/aidan/GitHub/AidansRepo/TeensySwerve/install/rcl_interfaces/include/rcl_interfaces/rcl_interfaces
[6.014s] -- Up-to-date: /home/aidan/GitHub/AidansRepo/TeensySwerve/install/rcl_interfaces/include/rcl_interfaces/rcl_interfaces/srv
[6.015s] -- Up-to-date: /home/aidan/GitHub/AidansRepo/TeensySwerve/install/rcl_interfaces/include/rcl_interfaces/rcl_interfaces/srv/set_parameters.hpp
[6.015s] -- Up-to-date: /home/aidan/GitHub/AidansRepo/TeensySwerve/install/rcl_interfaces/include/rcl_interfaces/rcl_interfaces/srv/describe_parameters.hpp
[6.015s] -- Up-to-date: /home/aidan/GitHub/AidansRepo/TeensySwerve/install/rcl_interfaces/include/rcl_interfaces/rcl_interfaces/srv/get_parameters.hpp
[6.015s] -- Up-to-date: /home/aidan/GitHub/AidansRepo/TeensySwerve/install/rcl_interfaces/include/rcl_interfaces/rcl_interfaces/srv/set_parameters_atomically.hpp
[6.015s] -- Up-to-date: /home/aidan/GitHub/AidansRepo/TeensySwerve/install/rcl_interfaces/include/rcl_interfaces/rcl_interfaces/srv/list_parameters.hpp
[6.016s] -- Up-to-date: /home/aidan/GitHub/AidansRepo/TeensySwerve/install/rcl_interfaces/include/rcl_interfaces/rcl_interfaces/srv/get_parameter_types.hpp
[6.016s] -- Up-to-date: /home/aidan/GitHub/AidansRepo/TeensySwerve/install/rcl_interfaces/include/rcl_interfaces/rcl_interfaces/srv/detail
[6.016s] -- Up-to-date: /home/aidan/GitHub/AidansRepo/TeensySwerve/install/rcl_interfaces/include/rcl_interfaces/rcl_interfaces/srv/detail/set_parameters__traits.hpp
[6.017s] -- Up-to-date: /home/aidan/GitHub/AidansRepo/TeensySwerve/install/rcl_interfaces/include/rcl_interfaces/rcl_interfaces/srv/detail/get_parameters__type_support.hpp
[6.017s] -- Up-to-date: /home/aidan/GitHub/AidansRepo/TeensySwerve/install/rcl_interfaces/include/rcl_interfaces/rcl_interfaces/srv/detail/get_parameters__traits.hpp
[6.017s] -- Up-to-date: /home/aidan/GitHub/AidansRepo/TeensySwerve/install/rcl_interfaces/include/rcl_interfaces/rcl_interfaces/srv/detail/list_parameters__type_support.hpp
[6.017s] -- Up-to-date: /home/aidan/GitHub/AidansRepo/TeensySwerve/install/rcl_interfaces/include/rcl_interfaces/rcl_interfaces/srv/detail/describe_parameters__type_support.hpp
[6.017s] -- Up-to-date: /home/aidan/GitHub/AidansRepo/TeensySwerve/install/rcl_interfaces/include/rcl_interfaces/rcl_interfaces/srv/detail/set_parameters_atomically__builder.hpp
[6.017s] -- Up-to-date: /home/aidan/GitHub/AidansRepo/TeensySwerve/install/rcl_interfaces/include/rcl_interfaces/rcl_interfaces/srv/detail/list_parameters__struct.hpp
[6.018s] -- Up-to-date: /home/aidan/GitHub/AidansRepo/TeensySwerve/install/rcl_interfaces/include/rcl_interfaces/rcl_interfaces/srv/detail/get_parameter_types__builder.hpp
[6.018s] -- Up-to-date: /home/aidan/GitHub/AidansRepo/TeensySwerve/install/rcl_interfaces/include/rcl_interfaces/rcl_interfaces/srv/detail/list_parameters__builder.hpp
[6.018s] -- Up-to-date: /home/aidan/GitHub/AidansRepo/TeensySwerve/install/rcl_interfaces/include/rcl_interfaces/rcl_interfaces/srv/detail/set_parameters__type_support.hpp
[6.021s] -- Up-to-date: /home/aidan/GitHub/AidansRepo/TeensySwerve/install/rcl_interfaces/include/rcl_interfaces/rcl_interfaces/srv/detail/get_parameters__builder.hpp
[6.022s] -- Up-to-date: /home/aidan/GitHub/AidansRepo/TeensySwerve/install/rcl_interfaces/include/rcl_interfaces/rcl_interfaces/srv/detail/set_parameters__builder.hpp
[6.022s] -- Up-to-date: /home/aidan/GitHub/AidansRepo/TeensySwerve/install/rcl_interfaces/include/rcl_interfaces/rcl_interfaces/srv/detail/list_parameters__traits.hpp
[6.022s] -- Up-to-date: /home/aidan/GitHub/AidansRepo/TeensySwerve/install/rcl_interfaces/include/rcl_interfaces/rcl_interfaces/srv/detail/get_parameters__struct.hpp
[6.022s] -- Up-to-date: /home/aidan/GitHub/AidansRepo/TeensySwerve/install/rcl_interfaces/include/rcl_interfaces/rcl_interfaces/srv/detail/get_parameter_types__type_support.hpp
[6.023s] -- Up-to-date: /home/aidan/GitHub/AidansRepo/TeensySwerve/install/rcl_interfaces/include/rcl_interfaces/rcl_interfaces/srv/detail/set_parameters_atomically__type_support.hpp
[6.023s] -- Up-to-date: /home/aidan/GitHub/AidansRepo/TeensySwerve/install/rcl_interfaces/include/rcl_interfaces/rcl_interfaces/srv/detail/set_parameters_atomically__traits.hpp
[6.023s] -- Up-to-date: /home/aidan/GitHub/AidansRepo/TeensySwerve/install/rcl_interfaces/include/rcl_interfaces/rcl_interfaces/srv/detail/set_parameters__struct.hpp
[6.023s] -- Up-to-date: /home/aidan/GitHub/AidansRepo/TeensySwerve/install/rcl_interfaces/include/rcl_interfaces/rcl_interfaces/srv/detail/describe_parameters__traits.hpp
[6.024s] -- Up-to-date: /home/aidan/GitHub/AidansRepo/TeensySwerve/install/rcl_interfaces/include/rcl_interfaces/rcl_interfaces/srv/detail/get_parameter_types__struct.hpp
[6.024s] -- Up-to-date: /home/aidan/GitHub/AidansRepo/TeensySwerve/install/rcl_interfaces/include/rcl_interfaces/rcl_interfaces/srv/detail/describe_parameters__struct.hpp
[6.027s] -- Up-to-date: /home/aidan/GitHub/AidansRepo/TeensySwerve/install/rcl_interfaces/include/rcl_interfaces/rcl_interfaces/srv/detail/describe_parameters__builder.hpp
[6.028s] -- Up-to-date: /home/aidan/GitHub/AidansRepo/TeensySwerve/install/rcl_interfaces/include/rcl_interfaces/rcl_interfaces/srv/detail/get_parameter_types__traits.hpp
[6.028s] -- Up-to-date: /home/aidan/GitHub/AidansRepo/TeensySwerve/install/rcl_interfaces/include/rcl_interfaces/rcl_interfaces/srv/detail/set_parameters_atomically__struct.hpp
[6.028s] -- Up-to-date: /home/aidan/GitHub/AidansRepo/TeensySwerve/install/rcl_interfaces/include/rcl_interfaces/rcl_interfaces/msg
[6.028s] -- Up-to-date: /home/aidan/GitHub/AidansRepo/TeensySwerve/install/rcl_interfaces/include/rcl_interfaces/rcl_interfaces/msg/log.hpp
[6.029s] -- Up-to-date: /home/aidan/GitHub/AidansRepo/TeensySwerve/install/rcl_interfaces/include/rcl_interfaces/rcl_interfaces/msg/parameter_value.hpp
[6.029s] -- Up-to-date: /home/aidan/GitHub/AidansRepo/TeensySwerve/install/rcl_interfaces/include/rcl_interfaces/rcl_interfaces/msg/parameter_event_descriptors.hpp
[6.030s] -- Up-to-date: /home/aidan/GitHub/AidansRepo/TeensySwerve/install/rcl_interfaces/include/rcl_interfaces/rcl_interfaces/msg/set_parameters_result.hpp
[6.032s] -- Up-to-date: /home/aidan/GitHub/AidansRepo/TeensySwerve/install/rcl_interfaces/include/rcl_interfaces/rcl_interfaces/msg/parameter_type.hpp
[6.033s] -- Up-to-date: /home/aidan/GitHub/AidansRepo/TeensySwerve/install/rcl_interfaces/include/rcl_interfaces/rcl_interfaces/msg/parameter.hpp
[6.033s] -- Up-to-date: /home/aidan/GitHub/AidansRepo/TeensySwerve/install/rcl_interfaces/include/rcl_interfaces/rcl_interfaces/msg/floating_point_range.hpp
[6.033s] -- Up-to-date: /home/aidan/GitHub/AidansRepo/TeensySwerve/install/rcl_interfaces/include/rcl_interfaces/rcl_interfaces/msg/parameter_descriptor.hpp
[6.034s] -- Up-to-date: /home/aidan/GitHub/AidansRepo/TeensySwerve/install/rcl_interfaces/include/rcl_interfaces/rcl_interfaces/msg/integer_range.hpp
[6.034s] -- Up-to-date: /home/aidan/GitHub/AidansRepo/TeensySwerve/install/rcl_interfaces/include/rcl_interfaces/rcl_interfaces/msg/detail
[6.034s] -- Up-to-date: /home/aidan/GitHub/AidansRepo/TeensySwerve/install/rcl_interfaces/include/rcl_interfaces/rcl_interfaces/msg/detail/parameter_value__struct.hpp
[6.034s] -- Up-to-date: /home/aidan/GitHub/AidansRepo/TeensySwerve/install/rcl_interfaces/include/rcl_interfaces/rcl_interfaces/msg/detail/floating_point_range__builder.hpp
[6.034s] -- Up-to-date: /home/aidan/GitHub/AidansRepo/TeensySwerve/install/rcl_interfaces/include/rcl_interfaces/rcl_interfaces/msg/detail/floating_point_range__type_support.hpp
[6.034s] -- Up-to-date: /home/aidan/GitHub/AidansRepo/TeensySwerve/install/rcl_interfaces/include/rcl_interfaces/rcl_interfaces/msg/detail/parameter_event__type_support.hpp
[6.035s] -- Up-to-date: /home/aidan/GitHub/AidansRepo/TeensySwerve/install/rcl_interfaces/include/rcl_interfaces/rcl_interfaces/msg/detail/parameter__type_support.hpp
[6.035s] -- Up-to-date: /home/aidan/GitHub/AidansRepo/TeensySwerve/install/rcl_interfaces/include/rcl_interfaces/rcl_interfaces/msg/detail/floating_point_range__struct.hpp
[6.040s] -- Up-to-date: /home/aidan/GitHub/AidansRepo/TeensySwerve/install/rcl_interfaces/include/rcl_interfaces/rcl_interfaces/msg/detail/parameter_event__builder.hpp
[6.041s] -- Up-to-date: /home/aidan/GitHub/AidansRepo/TeensySwerve/install/rcl_interfaces/include/rcl_interfaces/rcl_interfaces/msg/detail/log__type_support.hpp
[6.041s] -- Up-to-date: /home/aidan/GitHub/AidansRepo/TeensySwerve/install/rcl_interfaces/include/rcl_interfaces/rcl_interfaces/msg/detail/parameter__struct.hpp
[6.042s] -- Up-to-date: /home/aidan/GitHub/AidansRepo/TeensySwerve/install/rcl_interfaces/include/rcl_interfaces/rcl_interfaces/msg/detail/parameter_type__type_support.hpp
[6.042s] -- Up-to-date: /home/aidan/GitHub/AidansRepo/TeensySwerve/install/rcl_interfaces/include/rcl_interfaces/rcl_interfaces/msg/detail/parameter_event_descriptors__struct.hpp
[6.042s] -- Up-to-date: /home/aidan/GitHub/AidansRepo/TeensySwerve/install/rcl_interfaces/include/rcl_interfaces/rcl_interfaces/msg/detail/log__builder.hpp
[6.046s] -- Up-to-date: /home/aidan/GitHub/AidansRepo/TeensySwerve/install/rcl_interfaces/include/rcl_interfaces/rcl_interfaces/msg/detail/floating_point_range__traits.hpp
[6.047s] -- Up-to-date: /home/aidan/GitHub/AidansRepo/TeensySwerve/install/rcl_interfaces/include/rcl_interfaces/rcl_interfaces/msg/detail/integer_range__struct.hpp
[6.047s] -- Up-to-date: /home/aidan/GitHub/AidansRepo/TeensySwerve/install/rcl_interfaces/include/rcl_interfaces/rcl_interfaces/msg/detail/parameter_type__traits.hpp
[6.047s] -- Up-to-date: /home/aidan/GitHub/AidansRepo/TeensySwerve/install/rcl_interfaces/include/rcl_interfaces/rcl_interfaces/msg/detail/parameter__traits.hpp
[6.047s] -- Up-to-date: /home/aidan/GitHub/AidansRepo/TeensySwerve/install/rcl_interfaces/include/rcl_interfaces/rcl_interfaces/msg/detail/integer_range__builder.hpp
[6.047s] -- Up-to-date: /home/aidan/GitHub/AidansRepo/TeensySwerve/install/rcl_interfaces/include/rcl_interfaces/rcl_interfaces/msg/detail/log__traits.hpp
[6.048s] -- Up-to-date: /home/aidan/GitHub/AidansRepo/TeensySwerve/install/rcl_interfaces/include/rcl_interfaces/rcl_interfaces/msg/detail/log__struct.hpp
[6.048s] -- Up-to-date: /home/aidan/GitHub/AidansRepo/TeensySwerve/install/rcl_interfaces/include/rcl_interfaces/rcl_interfaces/msg/detail/list_parameters_result__traits.hpp
[6.048s] -- Up-to-date: /home/aidan/GitHub/AidansRepo/TeensySwerve/install/rcl_interfaces/include/rcl_interfaces/rcl_interfaces/msg/detail/parameter_event_descriptors__traits.hpp
[6.048s] -- Up-to-date: /home/aidan/GitHub/AidansRepo/TeensySwerve/install/rcl_interfaces/include/rcl_interfaces/rcl_interfaces/msg/detail/parameter_event__struct.hpp
[6.048s] -- Up-to-date: /home/aidan/GitHub/AidansRepo/TeensySwerve/install/rcl_interfaces/include/rcl_interfaces/rcl_interfaces/msg/detail/parameter_value__type_support.hpp
[6.049s] -- Up-to-date: /home/aidan/GitHub/AidansRepo/TeensySwerve/install/rcl_interfaces/include/rcl_interfaces/rcl_interfaces/msg/detail/list_parameters_result__builder.hpp
[6.049s] -- Up-to-date: /home/aidan/GitHub/AidansRepo/TeensySwerve/install/rcl_interfaces/include/rcl_interfaces/rcl_interfaces/msg/detail/parameter_value__builder.hpp
[6.052s] -- Up-to-date: /home/aidan/GitHub/AidansRepo/TeensySwerve/install/rcl_interfaces/include/rcl_interfaces/rcl_interfaces/msg/detail/list_parameters_result__struct.hpp
[6.052s] -- Up-to-date: /home/aidan/GitHub/AidansRepo/TeensySwerve/install/rcl_interfaces/include/rcl_interfaces/rcl_interfaces/msg/detail/parameter_value__traits.hpp
[6.052s] -- Up-to-date: /home/aidan/GitHub/AidansRepo/TeensySwerve/install/rcl_interfaces/include/rcl_interfaces/rcl_interfaces/msg/detail/parameter__builder.hpp
[6.052s] -- Up-to-date: /home/aidan/GitHub/AidansRepo/TeensySwerve/install/rcl_interfaces/include/rcl_interfaces/rcl_interfaces/msg/detail/integer_range__traits.hpp
[6.052s] -- Up-to-date: /home/aidan/GitHub/AidansRepo/TeensySwerve/install/rcl_interfaces/include/rcl_interfaces/rcl_interfaces/msg/detail/parameter_event_descriptors__builder.hpp
[6.052s] -- Up-to-date: /home/aidan/GitHub/AidansRepo/TeensySwerve/install/rcl_interfaces/include/rcl_interfaces/rcl_interfaces/msg/detail/parameter_type__builder.hpp
[6.053s] -- Up-to-date: /home/aidan/GitHub/AidansRepo/TeensySwerve/install/rcl_interfaces/include/rcl_interfaces/rcl_interfaces/msg/detail/parameter_descriptor__traits.hpp
[6.053s] -- Up-to-date: /home/aidan/GitHub/AidansRepo/TeensySwerve/install/rcl_interfaces/include/rcl_interfaces/rcl_interfaces/msg/detail/parameter_descriptor__builder.hpp
[6.053s] -- Up-to-date: /home/aidan/GitHub/AidansRepo/TeensySwerve/install/rcl_interfaces/include/rcl_interfaces/rcl_interfaces/msg/detail/parameter_type__struct.hpp
[6.053s] -- Up-to-date: /home/aidan/GitHub/AidansRepo/TeensySwerve/install/rcl_interfaces/include/rcl_interfaces/rcl_interfaces/msg/detail/parameter_event_descriptors__type_support.hpp
[6.053s] -- Up-to-date: /home/aidan/GitHub/AidansRepo/TeensySwerve/install/rcl_interfaces/include/rcl_interfaces/rcl_interfaces/msg/detail/set_parameters_result__struct.hpp
[6.053s] -- Up-to-date: /home/aidan/GitHub/AidansRepo/TeensySwerve/install/rcl_interfaces/include/rcl_interfaces/rcl_interfaces/msg/detail/parameter_event__traits.hpp
[6.054s] -- Up-to-date: /home/aidan/GitHub/AidansRepo/TeensySwerve/install/rcl_interfaces/include/rcl_interfaces/rcl_interfaces/msg/detail/set_parameters_result__builder.hpp
[6.058s] -- Up-to-date: /home/aidan/GitHub/AidansRepo/TeensySwerve/install/rcl_interfaces/include/rcl_interfaces/rcl_interfaces/msg/detail/parameter_descriptor__type_support.hpp
[6.058s] -- Up-to-date: /home/aidan/GitHub/AidansRepo/TeensySwerve/install/rcl_interfaces/include/rcl_interfaces/rcl_interfaces/msg/detail/list_parameters_result__type_support.hpp
[6.058s] -- Up-to-date: /home/aidan/GitHub/AidansRepo/TeensySwerve/install/rcl_interfaces/include/rcl_interfaces/rcl_interfaces/msg/detail/integer_range__type_support.hpp
[6.059s] -- Up-to-date: /home/aidan/GitHub/AidansRepo/TeensySwerve/install/rcl_interfaces/include/rcl_interfaces/rcl_interfaces/msg/detail/set_parameters_result__type_support.hpp
[6.059s] -- Up-to-date: /home/aidan/GitHub/AidansRepo/TeensySwerve/install/rcl_interfaces/include/rcl_interfaces/rcl_interfaces/msg/detail/parameter_descriptor__struct.hpp
[6.059s] -- Up-to-date: /home/aidan/GitHub/AidansRepo/TeensySwerve/install/rcl_interfaces/include/rcl_interfaces/rcl_interfaces/msg/detail/set_parameters_result__traits.hpp
[6.059s] -- Up-to-date: /home/aidan/GitHub/AidansRepo/TeensySwerve/install/rcl_interfaces/include/rcl_interfaces/rcl_interfaces/msg/list_parameters_result.hpp
[6.061s] -- Up-to-date: /home/aidan/GitHub/AidansRepo/TeensySwerve/install/rcl_interfaces/include/rcl_interfaces/rcl_interfaces/msg/rosidl_generator_cpp__visibility_control.hpp
[6.062s] -- Up-to-date: /home/aidan/GitHub/AidansRepo/TeensySwerve/install/rcl_interfaces/include/rcl_interfaces/rcl_interfaces/msg/parameter_event.hpp
[6.066s] -- Up-to-date: /home/aidan/GitHub/AidansRepo/TeensySwerve/install/rcl_interfaces/include/rcl_interfaces/rcl_interfaces
[6.067s] -- Up-to-date: /home/aidan/GitHub/AidansRepo/TeensySwerve/install/rcl_interfaces/include/rcl_interfaces/rcl_interfaces/srv
[6.067s] -- Up-to-date: /home/aidan/GitHub/AidansRepo/TeensySwerve/install/rcl_interfaces/include/rcl_interfaces/rcl_interfaces/srv/detail
[6.067s] -- Up-to-date: /home/aidan/GitHub/AidansRepo/TeensySwerve/install/rcl_interfaces/include/rcl_interfaces/rcl_interfaces/srv/detail/dds_fastrtps
[6.067s] -- Up-to-date: /home/aidan/GitHub/AidansRepo/TeensySwerve/install/rcl_interfaces/include/rcl_interfaces/rcl_interfaces/srv/detail/get_parameter_types__rosidl_typesupport_fastrtps_cpp.hpp
[6.067s] -- Up-to-date: /home/aidan/GitHub/AidansRepo/TeensySwerve/install/rcl_interfaces/include/rcl_interfaces/rcl_interfaces/srv/detail/describe_parameters__rosidl_typesupport_fastrtps_cpp.hpp
[6.067s] -- Up-to-date: /home/aidan/GitHub/AidansRepo/TeensySwerve/install/rcl_interfaces/include/rcl_interfaces/rcl_interfaces/srv/detail/set_parameters_atomically__rosidl_typesupport_fastrtps_cpp.hpp
[6.068s] -- Up-to-date: /home/aidan/GitHub/AidansRepo/TeensySwerve/install/rcl_interfaces/include/rcl_interfaces/rcl_interfaces/srv/detail/list_parameters__rosidl_typesupport_fastrtps_cpp.hpp
[6.068s] -- Up-to-date: /home/aidan/GitHub/AidansRepo/TeensySwerve/install/rcl_interfaces/include/rcl_interfaces/rcl_interfaces/srv/detail/get_parameters__rosidl_typesupport_fastrtps_cpp.hpp
[6.068s] -- Up-to-date: /home/aidan/GitHub/AidansRepo/TeensySwerve/install/rcl_interfaces/include/rcl_interfaces/rcl_interfaces/srv/detail/set_parameters__rosidl_typesupport_fastrtps_cpp.hpp
[6.068s] -- Up-to-date: /home/aidan/GitHub/AidansRepo/TeensySwerve/install/rcl_interfaces/include/rcl_interfaces/rcl_interfaces/msg
[6.068s] -- Up-to-date: /home/aidan/GitHub/AidansRepo/TeensySwerve/install/rcl_interfaces/include/rcl_interfaces/rcl_interfaces/msg/rosidl_typesupport_fastrtps_cpp__visibility_control.h
[6.068s] -- Up-to-date: /home/aidan/GitHub/AidansRepo/TeensySwerve/install/rcl_interfaces/include/rcl_interfaces/rcl_interfaces/msg/detail
[6.069s] -- Up-to-date: /home/aidan/GitHub/AidansRepo/TeensySwerve/install/rcl_interfaces/include/rcl_interfaces/rcl_interfaces/msg/detail/parameter__rosidl_typesupport_fastrtps_cpp.hpp
[6.069s] -- Up-to-date: /home/aidan/GitHub/AidansRepo/TeensySwerve/install/rcl_interfaces/include/rcl_interfaces/rcl_interfaces/msg/detail/log__rosidl_typesupport_fastrtps_cpp.hpp
[6.074s] -- Up-to-date: /home/aidan/GitHub/AidansRepo/TeensySwerve/install/rcl_interfaces/include/rcl_interfaces/rcl_interfaces/msg/detail/parameter_event_descriptors__rosidl_typesupport_fastrtps_cpp.hpp
[6.074s] -- Up-to-date: /home/aidan/GitHub/AidansRepo/TeensySwerve/install/rcl_interfaces/include/rcl_interfaces/rcl_interfaces/msg/detail/dds_fastrtps
[6.075s] -- Up-to-date: /home/aidan/GitHub/AidansRepo/TeensySwerve/install/rcl_interfaces/include/rcl_interfaces/rcl_interfaces/msg/detail/parameter_descriptor__rosidl_typesupport_fastrtps_cpp.hpp
[6.078s] -- Up-to-date: /home/aidan/GitHub/AidansRepo/TeensySwerve/install/rcl_interfaces/include/rcl_interfaces/rcl_interfaces/msg/detail/floating_point_range__rosidl_typesupport_fastrtps_cpp.hpp
[6.078s] -- Up-to-date: /home/aidan/GitHub/AidansRepo/TeensySwerve/install/rcl_interfaces/include/rcl_interfaces/rcl_interfaces/msg/detail/parameter_value__rosidl_typesupport_fastrtps_cpp.hpp
[6.078s] -- Up-to-date: /home/aidan/GitHub/AidansRepo/TeensySwerve/install/rcl_interfaces/include/rcl_interfaces/rcl_interfaces/msg/detail/list_parameters_result__rosidl_typesupport_fastrtps_cpp.hpp
[6.079s] -- Up-to-date: /home/aidan/GitHub/AidansRepo/TeensySwerve/install/rcl_interfaces/include/rcl_interfaces/rcl_interfaces/msg/detail/parameter_event__rosidl_typesupport_fastrtps_cpp.hpp
[6.079s] -- Up-to-date: /home/aidan/GitHub/AidansRepo/TeensySwerve/install/rcl_interfaces/include/rcl_interfaces/rcl_interfaces/msg/detail/set_parameters_result__rosidl_typesupport_fastrtps_cpp.hpp
[6.079s] -- Up-to-date: /home/aidan/GitHub/AidansRepo/TeensySwerve/install/rcl_interfaces/include/rcl_interfaces/rcl_interfaces/msg/detail/integer_range__rosidl_typesupport_fastrtps_cpp.hpp
[6.080s] -- Up-to-date: /home/aidan/GitHub/AidansRepo/TeensySwerve/install/rcl_interfaces/include/rcl_interfaces/rcl_interfaces/msg/detail/parameter_type__rosidl_typesupport_fastrtps_cpp.hpp
[6.080s] -- Up-to-date: /home/aidan/GitHub/AidansRepo/TeensySwerve/install/rcl_interfaces/lib/librcl_interfaces__rosidl_typesupport_fastrtps_cpp.so
[6.080s] -- Up-to-date: /home/aidan/GitHub/AidansRepo/TeensySwerve/install/rcl_interfaces/include/rcl_interfaces/rcl_interfaces
[6.081s] -- Up-to-date: /home/aidan/GitHub/AidansRepo/TeensySwerve/install/rcl_interfaces/include/rcl_interfaces/rcl_interfaces/srv
[6.081s] -- Up-to-date: /home/aidan/GitHub/AidansRepo/TeensySwerve/install/rcl_interfaces/include/rcl_interfaces/rcl_interfaces/srv/detail
[6.083s] -- Up-to-date: /home/aidan/GitHub/AidansRepo/TeensySwerve/install/rcl_interfaces/include/rcl_interfaces/rcl_interfaces/srv/detail/set_parameters__rosidl_typesupport_introspection_cpp.hpp
[6.083s] -- Up-to-date: /home/aidan/GitHub/AidansRepo/TeensySwerve/install/rcl_interfaces/include/rcl_interfaces/rcl_interfaces/srv/detail/get_parameters__rosidl_typesupport_introspection_cpp.hpp
[6.083s] -- Up-to-date: /home/aidan/GitHub/AidansRepo/TeensySwerve/install/rcl_interfaces/include/rcl_interfaces/rcl_interfaces/srv/detail/set_parameters_atomically__type_support.cpp
[6.083s] -- Up-to-date: /home/aidan/GitHub/AidansRepo/TeensySwerve/install/rcl_interfaces/include/rcl_interfaces/rcl_interfaces/srv/detail/list_parameters__type_support.cpp
[6.083s] -- Up-to-date: /home/aidan/GitHub/AidansRepo/TeensySwerve/install/rcl_interfaces/include/rcl_interfaces/rcl_interfaces/srv/detail/get_parameter_types__type_support.cpp
[6.083s] -- Up-to-date: /home/aidan/GitHub/AidansRepo/TeensySwerve/install/rcl_interfaces/include/rcl_interfaces/rcl_interfaces/srv/detail/list_parameters__rosidl_typesupport_introspection_cpp.hpp
[6.084s] -- Up-to-date: /home/aidan/GitHub/AidansRepo/TeensySwerve/install/rcl_interfaces/include/rcl_interfaces/rcl_interfaces/srv/detail/set_parameters__type_support.cpp
[6.084s] -- Up-to-date: /home/aidan/GitHub/AidansRepo/TeensySwerve/install/rcl_interfaces/include/rcl_interfaces/rcl_interfaces/srv/detail/set_parameters_atomically__rosidl_typesupport_introspection_cpp.hpp
[6.090s] -- Up-to-date: /home/aidan/GitHub/AidansRepo/TeensySwerve/install/rcl_interfaces/include/rcl_interfaces/rcl_interfaces/srv/detail/get_parameter_types__rosidl_typesupport_introspection_cpp.hpp
[6.090s] -- Up-to-date: /home/aidan/GitHub/AidansRepo/TeensySwerve/install/rcl_interfaces/include/rcl_interfaces/rcl_interfaces/srv/detail/describe_parameters__type_support.cpp
[6.094s] -- Up-to-date: /home/aidan/GitHub/AidansRepo/TeensySwerve/install/rcl_interfaces/include/rcl_interfaces/rcl_interfaces/srv/detail/get_parameters__type_support.cpp
[6.095s] -- Up-to-date: /home/aidan/GitHub/AidansRepo/TeensySwerve/install/rcl_interfaces/include/rcl_interfaces/rcl_interfaces/srv/detail/describe_parameters__rosidl_typesupport_introspection_cpp.hpp
[6.095s] -- Up-to-date: /home/aidan/GitHub/AidansRepo/TeensySwerve/install/rcl_interfaces/include/rcl_interfaces/rcl_interfaces/msg
[6.095s] -- Up-to-date: /home/aidan/GitHub/AidansRepo/TeensySwerve/install/rcl_interfaces/include/rcl_interfaces/rcl_interfaces/msg/detail
[6.096s] -- Up-to-date: /home/aidan/GitHub/AidansRepo/TeensySwerve/install/rcl_interfaces/include/rcl_interfaces/rcl_interfaces/msg/detail/integer_range__rosidl_typesupport_introspection_cpp.hpp
[6.096s] -- Up-to-date: /home/aidan/GitHub/AidansRepo/TeensySwerve/install/rcl_interfaces/include/rcl_interfaces/rcl_interfaces/msg/detail/parameter_value__type_support.cpp
[6.096s] -- Up-to-date: /home/aidan/GitHub/AidansRepo/TeensySwerve/install/rcl_interfaces/include/rcl_interfaces/rcl_interfaces/msg/detail/log__rosidl_typesupport_introspection_cpp.hpp
[6.096s] -- Up-to-date: /home/aidan/GitHub/AidansRepo/TeensySwerve/install/rcl_interfaces/include/rcl_interfaces/rcl_interfaces/msg/detail/set_parameters_result__rosidl_typesupport_introspection_cpp.hpp
[6.096s] -- Up-to-date: /home/aidan/GitHub/AidansRepo/TeensySwerve/install/rcl_interfaces/include/rcl_interfaces/rcl_interfaces/msg/detail/parameter_descriptor__type_support.cpp
[6.096s] -- Up-to-date: /home/aidan/GitHub/AidansRepo/TeensySwerve/install/rcl_interfaces/include/rcl_interfaces/rcl_interfaces/msg/detail/floating_point_range__type_support.cpp
[6.097s] -- Up-to-date: /home/aidan/GitHub/AidansRepo/TeensySwerve/install/rcl_interfaces/include/rcl_interfaces/rcl_interfaces/msg/detail/parameter_event__rosidl_typesupport_introspection_cpp.hpp
[6.097s] -- Up-to-date: /home/aidan/GitHub/AidansRepo/TeensySwerve/install/rcl_interfaces/include/rcl_interfaces/rcl_interfaces/msg/detail/parameter__rosidl_typesupport_introspection_cpp.hpp
[6.097s] -- Up-to-date: /home/aidan/GitHub/AidansRepo/TeensySwerve/install/rcl_interfaces/include/rcl_interfaces/rcl_interfaces/msg/detail/parameter_value__rosidl_typesupport_introspection_cpp.hpp
[6.097s] -- Up-to-date: /home/aidan/GitHub/AidansRepo/TeensySwerve/install/rcl_interfaces/include/rcl_interfaces/rcl_interfaces/msg/detail/parameter_descriptor__rosidl_typesupport_introspection_cpp.hpp
[6.097s] -- Up-to-date: /home/aidan/GitHub/AidansRepo/TeensySwerve/install/rcl_interfaces/include/rcl_interfaces/rcl_interfaces/msg/detail/parameter_event__type_support.cpp
[6.097s] -- Up-to-date: /home/aidan/GitHub/AidansRepo/TeensySwerve/install/rcl_interfaces/include/rcl_interfaces/rcl_interfaces/msg/detail/integer_range__type_support.cpp
[6.098s] -- Up-to-date: /home/aidan/GitHub/AidansRepo/TeensySwerve/install/rcl_interfaces/include/rcl_interfaces/rcl_interfaces/msg/detail/parameter_event_descriptors__type_support.cpp
[6.098s] -- Up-to-date: /home/aidan/GitHub/AidansRepo/TeensySwerve/install/rcl_interfaces/include/rcl_interfaces/rcl_interfaces/msg/detail/parameter_event_descriptors__rosidl_typesupport_introspection_cpp.hpp
[6.105s] -- Up-to-date: /home/aidan/GitHub/AidansRepo/TeensySwerve/install/rcl_interfaces/include/rcl_interfaces/rcl_interfaces/msg/detail/set_parameters_result__type_support.cpp
[6.106s] -- Up-to-date: /home/aidan/GitHub/AidansRepo/TeensySwerve/install/rcl_interfaces/include/rcl_interfaces/rcl_interfaces/msg/detail/parameter__type_support.cpp
[6.106s] -- Up-to-date: /home/aidan/GitHub/AidansRepo/TeensySwerve/install/rcl_interfaces/include/rcl_interfaces/rcl_interfaces/msg/detail/parameter_type__type_support.cpp
[6.106s] -- Up-to-date: /home/aidan/GitHub/AidansRepo/TeensySwerve/install/rcl_interfaces/include/rcl_interfaces/rcl_interfaces/msg/detail/list_parameters_result__type_support.cpp
[6.106s] -- Up-to-date: /home/aidan/GitHub/AidansRepo/TeensySwerve/install/rcl_interfaces/include/rcl_interfaces/rcl_interfaces/msg/detail/floating_point_range__rosidl_typesupport_introspection_cpp.hpp
[6.107s] -- Up-to-date: /home/aidan/GitHub/AidansRepo/TeensySwerve/install/rcl_interfaces/include/rcl_interfaces/rcl_interfaces/msg/detail/list_parameters_result__rosidl_typesupport_introspection_cpp.hpp
[6.107s] -- Up-to-date: /home/aidan/GitHub/AidansRepo/TeensySwerve/install/rcl_interfaces/include/rcl_interfaces/rcl_interfaces/msg/detail/parameter_type__rosidl_typesupport_introspection_cpp.hpp
[6.107s] -- Up-to-date: /home/aidan/GitHub/AidansRepo/TeensySwerve/install/rcl_interfaces/include/rcl_interfaces/rcl_interfaces/msg/detail/log__type_support.cpp
[6.107s] -- Up-to-date: /home/aidan/GitHub/AidansRepo/TeensySwerve/install/rcl_interfaces/lib/librcl_interfaces__rosidl_typesupport_introspection_cpp.so
[6.110s] -- Up-to-date: /home/aidan/GitHub/AidansRepo/TeensySwerve/install/rcl_interfaces/lib/librcl_interfaces__rosidl_typesupport_cpp.so
[6.110s] -- Up-to-date: /home/aidan/GitHub/AidansRepo/TeensySwerve/install/rcl_interfaces/share/rcl_interfaces/environment/pythonpath.sh
[6.111s] -- Up-to-date: /home/aidan/GitHub/AidansRepo/TeensySwerve/install/rcl_interfaces/share/rcl_interfaces/environment/pythonpath.dsv
[6.111s] -- Up-to-date: /home/aidan/GitHub/AidansRepo/TeensySwerve/install/rcl_interfaces/local/lib/python3.10/dist-packages/rcl_interfaces-1.2.1-py3.10.egg-info
[6.112s] -- Installing: /home/aidan/GitHub/AidansRepo/TeensySwerve/install/rcl_interfaces/local/lib/python3.10/dist-packages/rcl_interfaces-1.2.1-py3.10.egg-info/PKG-INFO
[6.112s] -- Installing: /home/aidan/GitHub/AidansRepo/TeensySwerve/install/rcl_interfaces/local/lib/python3.10/dist-packages/rcl_interfaces-1.2.1-py3.10.egg-info/SOURCES.txt
[6.113s] -- Installing: /home/aidan/GitHub/AidansRepo/TeensySwerve/install/rcl_interfaces/local/lib/python3.10/dist-packages/rcl_interfaces-1.2.1-py3.10.egg-info/dependency_links.txt
[6.113s] -- Installing: /home/aidan/GitHub/AidansRepo/TeensySwerve/install/rcl_interfaces/local/lib/python3.10/dist-packages/rcl_interfaces-1.2.1-py3.10.egg-info/top_level.txt
[6.115s] -- Up-to-date: /home/aidan/GitHub/AidansRepo/TeensySwerve/install/rcl_interfaces/local/lib/python3.10/dist-packages/rcl_interfaces
[6.115s] -- Up-to-date: /home/aidan/GitHub/AidansRepo/TeensySwerve/install/rcl_interfaces/local/lib/python3.10/dist-packages/rcl_interfaces/librcl_interfaces__rosidl_generator_py.so
[6.116s] -- Up-to-date: /home/aidan/GitHub/AidansRepo/TeensySwerve/install/rcl_interfaces/local/lib/python3.10/dist-packages/rcl_interfaces/srv
[6.116s] -- Up-to-date: /home/aidan/GitHub/AidansRepo/TeensySwerve/install/rcl_interfaces/local/lib/python3.10/dist-packages/rcl_interfaces/srv/_describe_parameters_s.c
[6.116s] -- Up-to-date: /home/aidan/GitHub/AidansRepo/TeensySwerve/install/rcl_interfaces/local/lib/python3.10/dist-packages/rcl_interfaces/srv/_set_parameters_s.c
[6.116s] -- Up-to-date: /home/aidan/GitHub/AidansRepo/TeensySwerve/install/rcl_interfaces/local/lib/python3.10/dist-packages/rcl_interfaces/srv/_describe_parameters.py
[6.116s] -- Up-to-date: /home/aidan/GitHub/AidansRepo/TeensySwerve/install/rcl_interfaces/local/lib/python3.10/dist-packages/rcl_interfaces/srv/_get_parameters.py
[6.117s] -- Up-to-date: /home/aidan/GitHub/AidansRepo/TeensySwerve/install/rcl_interfaces/local/lib/python3.10/dist-packages/rcl_interfaces/srv/__init__.py
[6.117s] -- Up-to-date: /home/aidan/GitHub/AidansRepo/TeensySwerve/install/rcl_interfaces/local/lib/python3.10/dist-packages/rcl_interfaces/srv/_get_parameter_types.py
[6.117s] -- Up-to-date: /home/aidan/GitHub/AidansRepo/TeensySwerve/install/rcl_interfaces/local/lib/python3.10/dist-packages/rcl_interfaces/srv/_list_parameters.py
[6.117s] -- Up-to-date: /home/aidan/GitHub/AidansRepo/TeensySwerve/install/rcl_interfaces/local/lib/python3.10/dist-packages/rcl_interfaces/srv/_set_parameters_atomically.py
[6.117s] -- Up-to-date: /home/aidan/GitHub/AidansRepo/TeensySwerve/install/rcl_interfaces/local/lib/python3.10/dist-packages/rcl_interfaces/srv/_list_parameters_s.c
[6.117s] -- Up-to-date: /home/aidan/GitHub/AidansRepo/TeensySwerve/install/rcl_interfaces/local/lib/python3.10/dist-packages/rcl_interfaces/srv/_get_parameters_s.c
[6.118s] -- Up-to-date: /home/aidan/GitHub/AidansRepo/TeensySwerve/install/rcl_interfaces/local/lib/python3.10/dist-packages/rcl_interfaces/srv/_set_parameters_atomically_s.c
[6.118s] -- Up-to-date: /home/aidan/GitHub/AidansRepo/TeensySwerve/install/rcl_interfaces/local/lib/python3.10/dist-packages/rcl_interfaces/srv/_set_parameters.py
[6.123s] -- Up-to-date: /home/aidan/GitHub/AidansRepo/TeensySwerve/install/rcl_interfaces/local/lib/python3.10/dist-packages/rcl_interfaces/srv/_get_parameter_types_s.c
[6.123s] -- Up-to-date: /home/aidan/GitHub/AidansRepo/TeensySwerve/install/rcl_interfaces/local/lib/python3.10/dist-packages/rcl_interfaces/__init__.py
[6.123s] -- Up-to-date: /home/aidan/GitHub/AidansRepo/TeensySwerve/install/rcl_interfaces/local/lib/python3.10/dist-packages/rcl_interfaces/msg
[6.123s] -- Up-to-date: /home/aidan/GitHub/AidansRepo/TeensySwerve/install/rcl_interfaces/local/lib/python3.10/dist-packages/rcl_interfaces/msg/_parameter_event_descriptors.py
[6.123s] -- Up-to-date: /home/aidan/GitHub/AidansRepo/TeensySwerve/install/rcl_interfaces/local/lib/python3.10/dist-packages/rcl_interfaces/msg/_parameter_s.c
[6.123s] -- Up-to-date: /home/aidan/GitHub/AidansRepo/TeensySwerve/install/rcl_interfaces/local/lib/python3.10/dist-packages/rcl_interfaces/msg/_integer_range.py
[6.124s] -- Up-to-date: /home/aidan/GitHub/AidansRepo/TeensySwerve/install/rcl_interfaces/local/lib/python3.10/dist-packages/rcl_interfaces/msg/_log.py
[6.124s] -- Up-to-date: /home/aidan/GitHub/AidansRepo/TeensySwerve/install/rcl_interfaces/local/lib/python3.10/dist-packages/rcl_interfaces/msg/_set_parameters_result_s.c
[6.124s] -- Up-to-date: /home/aidan/GitHub/AidansRepo/TeensySwerve/install/rcl_interfaces/local/lib/python3.10/dist-packages/rcl_interfaces/msg/__init__.py
[6.124s] -- Up-to-date: /home/aidan/GitHub/AidansRepo/TeensySwerve/install/rcl_interfaces/local/lib/python3.10/dist-packages/rcl_interfaces/msg/_parameter_type_s.c
[6.130s] -- Up-to-date: /home/aidan/GitHub/AidansRepo/TeensySwerve/install/rcl_interfaces/local/lib/python3.10/dist-packages/rcl_interfaces/msg/_floating_point_range_s.c
[6.130s] -- Up-to-date: /home/aidan/GitHub/AidansRepo/TeensySwerve/install/rcl_interfaces/local/lib/python3.10/dist-packages/rcl_interfaces/msg/_parameter_descriptor.py
[6.130s] -- Up-to-date: /home/aidan/GitHub/AidansRepo/TeensySwerve/install/rcl_interfaces/local/lib/python3.10/dist-packages/rcl_interfaces/msg/_parameter_type.py
[6.130s] -- Up-to-date: /home/aidan/GitHub/AidansRepo/TeensySwerve/install/rcl_interfaces/local/lib/python3.10/dist-packages/rcl_interfaces/msg/_parameter_value.py
[6.130s] -- Up-to-date: /home/aidan/GitHub/AidansRepo/TeensySwerve/install/rcl_interfaces/local/lib/python3.10/dist-packages/rcl_interfaces/msg/_set_parameters_result.py
[6.130s] -- Up-to-date: /home/aidan/GitHub/AidansRepo/TeensySwerve/install/rcl_interfaces/local/lib/python3.10/dist-packages/rcl_interfaces/msg/_parameter_value_s.c
[6.131s] -- Up-to-date: /home/aidan/GitHub/AidansRepo/TeensySwerve/install/rcl_interfaces/local/lib/python3.10/dist-packages/rcl_interfaces/msg/_log_s.c
[6.131s] -- Up-to-date: /home/aidan/GitHub/AidansRepo/TeensySwerve/install/rcl_interfaces/local/lib/python3.10/dist-packages/rcl_interfaces/msg/_parameter.py
[6.131s] -- Up-to-date: /home/aidan/GitHub/AidansRepo/TeensySwerve/install/rcl_interfaces/local/lib/python3.10/dist-packages/rcl_interfaces/msg/_parameter_event_descriptors_s.c
[6.131s] -- Up-to-date: /home/aidan/GitHub/AidansRepo/TeensySwerve/install/rcl_interfaces/local/lib/python3.10/dist-packages/rcl_interfaces/msg/_integer_range_s.c
[6.131s] -- Up-to-date: /home/aidan/GitHub/AidansRepo/TeensySwerve/install/rcl_interfaces/local/lib/python3.10/dist-packages/rcl_interfaces/msg/_parameter_descriptor_s.c
[6.131s] -- Up-to-date: /home/aidan/GitHub/AidansRepo/TeensySwerve/install/rcl_interfaces/local/lib/python3.10/dist-packages/rcl_interfaces/msg/_parameter_event_s.c
[6.132s] -- Up-to-date: /home/aidan/GitHub/AidansRepo/TeensySwerve/install/rcl_interfaces/local/lib/python3.10/dist-packages/rcl_interfaces/msg/_parameter_event.py
[6.133s] -- Up-to-date: /home/aidan/GitHub/AidansRepo/TeensySwerve/install/rcl_interfaces/local/lib/python3.10/dist-packages/rcl_interfaces/msg/_list_parameters_result.py
[6.136s] -- Up-to-date: /home/aidan/GitHub/AidansRepo/TeensySwerve/install/rcl_interfaces/local/lib/python3.10/dist-packages/rcl_interfaces/msg/_floating_point_range.py
[6.139s] -- Up-to-date: /home/aidan/GitHub/AidansRepo/TeensySwerve/install/rcl_interfaces/local/lib/python3.10/dist-packages/rcl_interfaces/msg/_list_parameters_result_s.c
[6.140s] -- Up-to-date: /home/aidan/GitHub/AidansRepo/TeensySwerve/install/rcl_interfaces/local/lib/python3.10/dist-packages/rcl_interfaces/_rcl_interfaces_s.ep.rosidl_typesupport_fastrtps_c.c
[6.141s] -- Up-to-date: /home/aidan/GitHub/AidansRepo/TeensySwerve/install/rcl_interfaces/local/lib/python3.10/dist-packages/rcl_interfaces/rcl_interfaces_s__rosidl_typesupport_c.cpython-310-x86_64-linux-gnu.so
[6.141s] -- Up-to-date: /home/aidan/GitHub/AidansRepo/TeensySwerve/install/rcl_interfaces/local/lib/python3.10/dist-packages/rcl_interfaces/_rcl_interfaces_s.ep.rosidl_typesupport_introspection_c.c
[6.142s] -- Up-to-date: /home/aidan/GitHub/AidansRepo/TeensySwerve/install/rcl_interfaces/local/lib/python3.10/dist-packages/rcl_interfaces/_rcl_interfaces_s.ep.rosidl_typesupport_c.c
[6.142s] -- Up-to-date: /home/aidan/GitHub/AidansRepo/TeensySwerve/install/rcl_interfaces/local/lib/python3.10/dist-packages/rcl_interfaces/rcl_interfaces_s__rosidl_typesupport_fastrtps_c.cpython-310-x86_64-linux-gnu.so
[6.142s] -- Up-to-date: /home/aidan/GitHub/AidansRepo/TeensySwerve/install/rcl_interfaces/local/lib/python3.10/dist-packages/rcl_interfaces/rcl_interfaces_s__rosidl_typesupport_introspection_c.cpython-310-x86_64-linux-gnu.so
[6.206s] Listing '/home/aidan/GitHub/AidansRepo/TeensySwerve/install/rcl_interfaces/local/lib/python3.10/dist-packages/rcl_interfaces'...
[6.206s] Listing '/home/aidan/GitHub/AidansRepo/TeensySwerve/install/rcl_interfaces/local/lib/python3.10/dist-packages/rcl_interfaces/msg'...
[6.206s] Listing '/home/aidan/GitHub/AidansRepo/TeensySwerve/install/rcl_interfaces/local/lib/python3.10/dist-packages/rcl_interfaces/srv'...
[6.222s] -- Up-to-date: /home/aidan/GitHub/AidansRepo/TeensySwerve/install/rcl_interfaces/local/lib/python3.10/dist-packages/rcl_interfaces/rcl_interfaces_s__rosidl_typesupport_fastrtps_c.cpython-310-x86_64-linux-gnu.so
[6.223s] -- Up-to-date: /home/aidan/GitHub/AidansRepo/TeensySwerve/install/rcl_interfaces/local/lib/python3.10/dist-packages/rcl_interfaces/rcl_interfaces_s__rosidl_typesupport_introspection_c.cpython-310-x86_64-linux-gnu.so
[6.226s] -- Up-to-date: /home/aidan/GitHub/AidansRepo/TeensySwerve/install/rcl_interfaces/local/lib/python3.10/dist-packages/rcl_interfaces/rcl_interfaces_s__rosidl_typesupport_c.cpython-310-x86_64-linux-gnu.so
[6.235s] -- Up-to-date: /home/aidan/GitHub/AidansRepo/TeensySwerve/install/rcl_interfaces/lib/librcl_interfaces__rosidl_generator_py.so
[6.236s] -- Up-to-date: /home/aidan/GitHub/AidansRepo/TeensySwerve/install/rcl_interfaces/share/rcl_interfaces/msg/FloatingPointRange.idl
[6.237s] -- Up-to-date: /home/aidan/GitHub/AidansRepo/TeensySwerve/install/rcl_interfaces/share/rcl_interfaces/msg/IntegerRange.idl
[6.239s] -- Up-to-date: /home/aidan/GitHub/AidansRepo/TeensySwerve/install/rcl_interfaces/share/rcl_interfaces/msg/ListParametersResult.idl
[6.239s] -- Up-to-date: /home/aidan/GitHub/AidansRepo/TeensySwerve/install/rcl_interfaces/share/rcl_interfaces/msg/Log.idl
[6.245s] -- Up-to-date: /home/aidan/GitHub/AidansRepo/TeensySwerve/install/rcl_interfaces/share/rcl_interfaces/msg/ParameterDescriptor.idl
[6.246s] -- Up-to-date: /home/aidan/GitHub/AidansRepo/TeensySwerve/install/rcl_interfaces/share/rcl_interfaces/msg/ParameterEventDescriptors.idl
[6.246s] -- Up-to-date: /home/aidan/GitHub/AidansRepo/TeensySwerve/install/rcl_interfaces/share/rcl_interfaces/msg/ParameterEvent.idl
[6.247s] -- Up-to-date: /home/aidan/GitHub/AidansRepo/TeensySwerve/install/rcl_interfaces/share/rcl_interfaces/msg/Parameter.idl
[6.247s] -- Up-to-date: /home/aidan/GitHub/AidansRepo/TeensySwerve/install/rcl_interfaces/share/rcl_interfaces/msg/ParameterType.idl
[6.247s] -- Up-to-date: /home/aidan/GitHub/AidansRepo/TeensySwerve/install/rcl_interfaces/share/rcl_interfaces/msg/ParameterValue.idl
[6.247s] -- Up-to-date: /home/aidan/GitHub/AidansRepo/TeensySwerve/install/rcl_interfaces/share/rcl_interfaces/msg/SetParametersResult.idl
[6.247s] -- Up-to-date: /home/aidan/GitHub/AidansRepo/TeensySwerve/install/rcl_interfaces/share/rcl_interfaces/srv/DescribeParameters.idl
[6.248s] -- Up-to-date: /home/aidan/GitHub/AidansRepo/TeensySwerve/install/rcl_interfaces/share/rcl_interfaces/srv/GetParameters.idl
[6.255s] -- Up-to-date: /home/aidan/GitHub/AidansRepo/TeensySwerve/install/rcl_interfaces/share/rcl_interfaces/srv/GetParameterTypes.idl
[6.255s] -- Up-to-date: /home/aidan/GitHub/AidansRepo/TeensySwerve/install/rcl_interfaces/share/rcl_interfaces/srv/ListParameters.idl
[6.255s] -- Up-to-date: /home/aidan/GitHub/AidansRepo/TeensySwerve/install/rcl_interfaces/share/rcl_interfaces/srv/SetParametersAtomically.idl
[6.255s] -- Up-to-date: /home/aidan/GitHub/AidansRepo/TeensySwerve/install/rcl_interfaces/share/rcl_interfaces/srv/SetParameters.idl
[6.256s] -- Up-to-date: /home/aidan/GitHub/AidansRepo/TeensySwerve/install/rcl_interfaces/share/rcl_interfaces/msg/FloatingPointRange.msg
[6.256s] -- Up-to-date: /home/aidan/GitHub/AidansRepo/TeensySwerve/install/rcl_interfaces/share/rcl_interfaces/msg/IntegerRange.msg
[6.256s] -- Up-to-date: /home/aidan/GitHub/AidansRepo/TeensySwerve/install/rcl_interfaces/share/rcl_interfaces/msg/ListParametersResult.msg
[6.256s] -- Up-to-date: /home/aidan/GitHub/AidansRepo/TeensySwerve/install/rcl_interfaces/share/rcl_interfaces/msg/Log.msg
[6.256s] -- Up-to-date: /home/aidan/GitHub/AidansRepo/TeensySwerve/install/rcl_interfaces/share/rcl_interfaces/msg/ParameterDescriptor.msg
[6.257s] -- Up-to-date: /home/aidan/GitHub/AidansRepo/TeensySwerve/install/rcl_interfaces/share/rcl_interfaces/msg/ParameterEventDescriptors.msg
[6.259s] -- Up-to-date: /home/aidan/GitHub/AidansRepo/TeensySwerve/install/rcl_interfaces/share/rcl_interfaces/msg/ParameterEvent.msg
[6.260s] -- Up-to-date: /home/aidan/GitHub/AidansRepo/TeensySwerve/install/rcl_interfaces/share/rcl_interfaces/msg/Parameter.msg
[6.260s] -- Up-to-date: /home/aidan/GitHub/AidansRepo/TeensySwerve/install/rcl_interfaces/share/rcl_interfaces/msg/ParameterType.msg
[6.260s] -- Up-to-date: /home/aidan/GitHub/AidansRepo/TeensySwerve/install/rcl_interfaces/share/rcl_interfaces/msg/ParameterValue.msg
[6.260s] -- Up-to-date: /home/aidan/GitHub/AidansRepo/TeensySwerve/install/rcl_interfaces/share/rcl_interfaces/msg/SetParametersResult.msg
[6.260s] -- Up-to-date: /home/aidan/GitHub/AidansRepo/TeensySwerve/install/rcl_interfaces/share/rcl_interfaces/srv/DescribeParameters.srv
[6.261s] -- Up-to-date: /home/aidan/GitHub/AidansRepo/TeensySwerve/install/rcl_interfaces/share/rcl_interfaces/srv/DescribeParameters_Request.msg
[6.261s] -- Up-to-date: /home/aidan/GitHub/AidansRepo/TeensySwerve/install/rcl_interfaces/share/rcl_interfaces/srv/DescribeParameters_Response.msg
[6.261s] -- Up-to-date: /home/aidan/GitHub/AidansRepo/TeensySwerve/install/rcl_interfaces/share/rcl_interfaces/srv/GetParameters.srv
[6.266s] -- Up-to-date: /home/aidan/GitHub/AidansRepo/TeensySwerve/install/rcl_interfaces/share/rcl_interfaces/srv/GetParameters_Request.msg
[6.266s] -- Up-to-date: /home/aidan/GitHub/AidansRepo/TeensySwerve/install/rcl_interfaces/share/rcl_interfaces/srv/GetParameters_Response.msg
[6.266s] -- Up-to-date: /home/aidan/GitHub/AidansRepo/TeensySwerve/install/rcl_interfaces/share/rcl_interfaces/srv/GetParameterTypes.srv
[6.267s] -- Up-to-date: /home/aidan/GitHub/AidansRepo/TeensySwerve/install/rcl_interfaces/share/rcl_interfaces/srv/GetParameterTypes_Request.msg
[6.267s] -- Up-to-date: /home/aidan/GitHub/AidansRepo/TeensySwerve/install/rcl_interfaces/share/rcl_interfaces/srv/GetParameterTypes_Response.msg
[6.267s] -- Up-to-date: /home/aidan/GitHub/AidansRepo/TeensySwerve/install/rcl_interfaces/share/rcl_interfaces/srv/ListParameters.srv
[6.267s] -- Up-to-date: /home/aidan/GitHub/AidansRepo/TeensySwerve/install/rcl_interfaces/share/rcl_interfaces/srv/ListParameters_Request.msg
[6.267s] -- Up-to-date: /home/aidan/GitHub/AidansRepo/TeensySwerve/install/rcl_interfaces/share/rcl_interfaces/srv/ListParameters_Response.msg
[6.268s] -- Up-to-date: /home/aidan/GitHub/AidansRepo/TeensySwerve/install/rcl_interfaces/share/rcl_interfaces/srv/SetParametersAtomically.srv
[6.268s] -- Up-to-date: /home/aidan/GitHub/AidansRepo/TeensySwerve/install/rcl_interfaces/share/rcl_interfaces/srv/SetParametersAtomically_Request.msg
[6.268s] -- Up-to-date: /home/aidan/GitHub/AidansRepo/TeensySwerve/install/rcl_interfaces/share/rcl_interfaces/srv/SetParametersAtomically_Response.msg
[6.268s] -- Up-to-date: /home/aidan/GitHub/AidansRepo/TeensySwerve/install/rcl_interfaces/share/rcl_interfaces/srv/SetParameters.srv
[6.274s] -- Up-to-date: /home/aidan/GitHub/AidansRepo/TeensySwerve/install/rcl_interfaces/share/rcl_interfaces/srv/SetParameters_Request.msg
[6.274s] -- Up-to-date: /home/aidan/GitHub/AidansRepo/TeensySwerve/install/rcl_interfaces/share/rcl_interfaces/srv/SetParameters_Response.msg
[6.275s] -- Up-to-date: /home/aidan/GitHub/AidansRepo/TeensySwerve/install/rcl_interfaces/share/rcl_interfaces/mapping_rules.yaml
[6.275s] -- Up-to-date: /home/aidan/GitHub/AidansRepo/TeensySwerve/install/rcl_interfaces/share/ament_index/resource_index/package_run_dependencies/rcl_interfaces
[6.275s] -- Up-to-date: /home/aidan/GitHub/AidansRepo/TeensySwerve/install/rcl_interfaces/share/ament_index/resource_index/parent_prefix_path/rcl_interfaces
[6.275s] -- Up-to-date: /home/aidan/GitHub/AidansRepo/TeensySwerve/install/rcl_interfaces/share/rcl_interfaces/environment/ament_prefix_path.sh
[6.275s] -- Up-to-date: /home/aidan/GitHub/AidansRepo/TeensySwerve/install/rcl_interfaces/share/rcl_interfaces/environment/ament_prefix_path.dsv
[6.276s] -- Up-to-date: /home/aidan/GitHub/AidansRepo/TeensySwerve/install/rcl_interfaces/share/rcl_interfaces/environment/path.sh
[6.276s] -- Up-to-date: /home/aidan/GitHub/AidansRepo/TeensySwerve/install/rcl_interfaces/share/rcl_interfaces/environment/path.dsv
[6.280s] -- Up-to-date: /home/aidan/GitHub/AidansRepo/TeensySwerve/install/rcl_interfaces/share/rcl_interfaces/local_setup.bash
[6.280s] -- Up-to-date: /home/aidan/GitHub/AidansRepo/TeensySwerve/install/rcl_interfaces/share/rcl_interfaces/local_setup.sh
[6.282s] -- Up-to-date: /home/aidan/GitHub/AidansRepo/TeensySwerve/install/rcl_interfaces/share/rcl_interfaces/local_setup.zsh
[6.284s] -- Up-to-date: /home/aidan/GitHub/AidansRepo/TeensySwerve/install/rcl_interfaces/share/rcl_interfaces/local_setup.dsv
[6.284s] -- Installing: /home/aidan/GitHub/AidansRepo/TeensySwerve/install/rcl_interfaces/share/rcl_interfaces/package.dsv
[6.284s] -- Up-to-date: /home/aidan/GitHub/AidansRepo/TeensySwerve/install/rcl_interfaces/share/ament_index/resource_index/packages/rcl_interfaces
[6.284s] -- Up-to-date: /home/aidan/GitHub/AidansRepo/TeensySwerve/install/rcl_interfaces/share/rcl_interfaces/cmake/export_rcl_interfaces__rosidl_generator_cExport.cmake
[6.285s] -- Up-to-date: /home/aidan/GitHub/AidansRepo/TeensySwerve/install/rcl_interfaces/share/rcl_interfaces/cmake/export_rcl_interfaces__rosidl_generator_cExport-noconfig.cmake
[6.285s] -- Up-to-date: /home/aidan/GitHub/AidansRepo/TeensySwerve/install/rcl_interfaces/share/rcl_interfaces/cmake/export_rcl_interfaces__rosidl_typesupport_fastrtps_cExport.cmake
[6.285s] -- Up-to-date: /home/aidan/GitHub/AidansRepo/TeensySwerve/install/rcl_interfaces/share/rcl_interfaces/cmake/export_rcl_interfaces__rosidl_typesupport_fastrtps_cExport-noconfig.cmake
[6.285s] -- Up-to-date: /home/aidan/GitHub/AidansRepo/TeensySwerve/install/rcl_interfaces/share/rcl_interfaces/cmake/rcl_interfaces__rosidl_typesupport_introspection_cExport.cmake
[6.289s] -- Up-to-date: /home/aidan/GitHub/AidansRepo/TeensySwerve/install/rcl_interfaces/share/rcl_interfaces/cmake/rcl_interfaces__rosidl_typesupport_introspection_cExport-noconfig.cmake
[6.291s] -- Up-to-date: /home/aidan/GitHub/AidansRepo/TeensySwerve/install/rcl_interfaces/share/rcl_interfaces/cmake/rcl_interfaces__rosidl_typesupport_cExport.cmake
[6.291s] -- Up-to-date: /home/aidan/GitHub/AidansRepo/TeensySwerve/install/rcl_interfaces/share/rcl_interfaces/cmake/rcl_interfaces__rosidl_typesupport_cExport-noconfig.cmake
[6.291s] -- Up-to-date: /home/aidan/GitHub/AidansRepo/TeensySwerve/install/rcl_interfaces/share/rcl_interfaces/cmake/export_rcl_interfaces__rosidl_generator_cppExport.cmake
[6.292s] -- Up-to-date: /home/aidan/GitHub/AidansRepo/TeensySwerve/install/rcl_interfaces/share/rcl_interfaces/cmake/export_rcl_interfaces__rosidl_typesupport_fastrtps_cppExport.cmake
[6.292s] -- Up-to-date: /home/aidan/GitHub/AidansRepo/TeensySwerve/install/rcl_interfaces/share/rcl_interfaces/cmake/export_rcl_interfaces__rosidl_typesupport_fastrtps_cppExport-noconfig.cmake
[6.292s] -- Up-to-date: /home/aidan/GitHub/AidansRepo/TeensySwerve/install/rcl_interfaces/share/rcl_interfaces/cmake/rcl_interfaces__rosidl_typesupport_introspection_cppExport.cmake
[6.292s] -- Up-to-date: /home/aidan/GitHub/AidansRepo/TeensySwerve/install/rcl_interfaces/share/rcl_interfaces/cmake/rcl_interfaces__rosidl_typesupport_introspection_cppExport-noconfig.cmake
[6.297s] -- Up-to-date: /home/aidan/GitHub/AidansRepo/TeensySwerve/install/rcl_interfaces/share/rcl_interfaces/cmake/rcl_interfaces__rosidl_typesupport_cppExport.cmake
[6.298s] -- Up-to-date: /home/aidan/GitHub/AidansRepo/TeensySwerve/install/rcl_interfaces/share/rcl_interfaces/cmake/rcl_interfaces__rosidl_typesupport_cppExport-noconfig.cmake
[6.298s] -- Up-to-date: /home/aidan/GitHub/AidansRepo/TeensySwerve/install/rcl_interfaces/share/rcl_interfaces/cmake/export_rcl_interfaces__rosidl_generator_pyExport.cmake
[6.298s] -- Up-to-date: /home/aidan/GitHub/AidansRepo/TeensySwerve/install/rcl_interfaces/share/rcl_interfaces/cmake/export_rcl_interfaces__rosidl_generator_pyExport-noconfig.cmake
[6.298s] -- Up-to-date: /home/aidan/GitHub/AidansRepo/TeensySwerve/install/rcl_interfaces/share/rcl_interfaces/cmake/rosidl_cmake-extras.cmake
[6.298s] -- Up-to-date: /home/aidan/GitHub/AidansRepo/TeensySwerve/install/rcl_interfaces/share/rcl_interfaces/cmake/ament_cmake_export_dependencies-extras.cmake
[6.299s] -- Up-to-date: /home/aidan/GitHub/AidansRepo/TeensySwerve/install/rcl_interfaces/share/rcl_interfaces/cmake/ament_cmake_export_include_directories-extras.cmake
[6.299s] -- Up-to-date: /home/aidan/GitHub/AidansRepo/TeensySwerve/install/rcl_interfaces/share/rcl_interfaces/cmake/ament_cmake_export_libraries-extras.cmake
[6.303s] -- Up-to-date: /home/aidan/GitHub/AidansRepo/TeensySwerve/install/rcl_interfaces/share/rcl_interfaces/cmake/ament_cmake_export_targets-extras.cmake
[6.303s] -- Up-to-date: /home/aidan/GitHub/AidansRepo/TeensySwerve/install/rcl_interfaces/share/rcl_interfaces/cmake/rosidl_cmake_export_typesupport_targets-extras.cmake
[6.311s] -- Up-to-date: /home/aidan/GitHub/AidansRepo/TeensySwerve/install/rcl_interfaces/share/rcl_interfaces/cmake/rosidl_cmake_export_typesupport_libraries-extras.cmake
[6.311s] -- Up-to-date: /home/aidan/GitHub/AidansRepo/TeensySwerve/install/rcl_interfaces/share/rcl_interfaces/cmake/rcl_interfacesConfig.cmake
[6.312s] -- Up-to-date: /home/aidan/GitHub/AidansRepo/TeensySwerve/install/rcl_interfaces/share/rcl_interfaces/cmake/rcl_interfacesConfig-version.cmake
[6.312s] -- Up-to-date: /home/aidan/GitHub/AidansRepo/TeensySwerve/install/rcl_interfaces/share/rcl_interfaces/package.xml
[6.325s] Invoked command in '/home/aidan/GitHub/AidansRepo/TeensySwerve/build/rcl_interfaces' returned '0': AMENT_PREFIX_PATH=/home/aidan/GitHub/AidansRepo/TeensySwerve/install/builtin_interfaces:${AMENT_PREFIX_PATH} CMAKE_PREFIX_PATH=/home/aidan/GitHub/AidansRepo/TeensySwerve/install/builtin_interfaces:/home/aidan/GitHub/AidansRepo/TeensySwerve/install/tnsy_interfaces:/home/aidan/microros_ws/install/micro_ros_setup:/home/aidan/microros_ws/install/micro_ros_agent:/home/aidan/microros_ws/install/micro_ros_msgs:/home/aidan/GitHub/AidansRepo/TeensySwerve/install/tnsy_swrv_controller:/opt/ros/humble LD_LIBRARY_PATH=/home/aidan/GitHub/AidansRepo/TeensySwerve/install/builtin_interfaces/lib:${LD_LIBRARY_PATH} PYTHONPATH=/home/aidan/GitHub/AidansRepo/TeensySwerve/install/builtin_interfaces/local/lib/python3.10/dist-packages:${PYTHONPATH} /usr/bin/cmake --install /home/aidan/GitHub/AidansRepo/TeensySwerve/build/rcl_interfaces
