[ 30%] Built target micro_ros_utilities
[ 50%] Built target gtest
[ 70%] Built target gtest_main
[100%] Built target micro_ros_utilities_test
-- Install configuration: ""
-- Up-to-date: /home/aidan/GitHub/AidansRepo/TeensySwerve/install/micro_ros_utilities/include
-- Up-to-date: /home/aidan/GitHub/AidansRepo/TeensySwerve/install/micro_ros_utilities/include/micro_ros_utilities
-- Up-to-date: /home/aidan/GitHub/AidansRepo/TeensySwerve/install/micro_ros_utilities/include/micro_ros_utilities/visibility_control.h
-- Up-to-date: /home/aidan/GitHub/AidansRepo/TeensySwerve/install/micro_ros_utilities/include/micro_ros_utilities/string_utilities.h
-- Up-to-date: /home/aidan/GitHub/AidansRepo/TeensySwerve/install/micro_ros_utilities/include/micro_ros_utilities/type_utilities.h
-- Up-to-date: /home/aidan/GitHub/AidansRepo/TeensySwerve/install/micro_ros_utilities/lib/libmicro_ros_utilities.a
-- Up-to-date: /home/aidan/GitHub/AidansRepo/TeensySwerve/install/micro_ros_utilities/share/micro_ros_utilities/environment/library_path.sh
-- Up-to-date: /home/aidan/GitHub/AidansRepo/TeensySwerve/install/micro_ros_utilities/share/micro_ros_utilities/environment/library_path.dsv
-- Up-to-date: /home/aidan/GitHub/AidansRepo/TeensySwerve/install/micro_ros_utilities/share/ament_index/resource_index/package_run_dependencies/micro_ros_utilities
-- Up-to-date: /home/aidan/GitHub/AidansRepo/TeensySwerve/install/micro_ros_utilities/share/ament_index/resource_index/parent_prefix_path/micro_ros_utilities
-- Up-to-date: /home/aidan/GitHub/AidansRepo/TeensySwerve/install/micro_ros_utilities/share/micro_ros_utilities/environment/ament_prefix_path.sh
-- Up-to-date: /home/aidan/GitHub/AidansRepo/TeensySwerve/install/micro_ros_utilities/share/micro_ros_utilities/environment/ament_prefix_path.dsv
-- Up-to-date: /home/aidan/GitHub/AidansRepo/TeensySwerve/install/micro_ros_utilities/share/micro_ros_utilities/environment/path.sh
-- Up-to-date: /home/aidan/GitHub/AidansRepo/TeensySwerve/install/micro_ros_utilities/share/micro_ros_utilities/environment/path.dsv
-- Up-to-date: /home/aidan/GitHub/AidansRepo/TeensySwerve/install/micro_ros_utilities/share/micro_ros_utilities/local_setup.bash
-- Up-to-date: /home/aidan/GitHub/AidansRepo/TeensySwerve/install/micro_ros_utilities/share/micro_ros_utilities/local_setup.sh
-- Up-to-date: /home/aidan/GitHub/AidansRepo/TeensySwerve/install/micro_ros_utilities/share/micro_ros_utilities/local_setup.zsh
-- Up-to-date: /home/aidan/GitHub/AidansRepo/TeensySwerve/install/micro_ros_utilities/share/micro_ros_utilities/local_setup.dsv
-- Installing: /home/aidan/GitHub/AidansRepo/TeensySwerve/install/micro_ros_utilities/share/micro_ros_utilities/package.dsv
-- Up-to-date: /home/aidan/GitHub/AidansRepo/TeensySwerve/install/micro_ros_utilities/share/ament_index/resource_index/packages/micro_ros_utilities
-- Up-to-date: /home/aidan/GitHub/AidansRepo/TeensySwerve/install/micro_ros_utilities/share/micro_ros_utilities/cmake/ament_cmake_export_include_directories-extras.cmake
-- Up-to-date: /home/aidan/GitHub/AidansRepo/TeensySwerve/install/micro_ros_utilities/share/micro_ros_utilities/cmake/ament_cmake_export_libraries-extras.cmake
-- Up-to-date: /home/aidan/GitHub/AidansRepo/TeensySwerve/install/micro_ros_utilities/share/micro_ros_utilities/cmake/ament_cmake_export_dependencies-extras.cmake
-- Up-to-date: /home/aidan/GitHub/AidansRepo/TeensySwerve/install/micro_ros_utilities/share/micro_ros_utilities/cmake/micro_ros_utilitiesConfig.cmake
-- Up-to-date: /home/aidan/GitHub/AidansRepo/TeensySwerve/install/micro_ros_utilities/share/micro_ros_utilities/cmake/micro_ros_utilitiesConfig-version.cmake
-- Up-to-date: /home/aidan/GitHub/AidansRepo/TeensySwerve/install/micro_ros_utilities/share/micro_ros_utilities/package.xml
