[0.108s] Invoking command in '/home/aidan/GitHub/AidansRepo/TeensySwerve/build/actionlib_msgs': AMENT_PREFIX_PATH=/home/aidan/GitHub/AidansRepo/TeensySwerve/install/std_msgs:/home/aidan/GitHub/AidansRepo/TeensySwerve/install/builtin_interfaces:${AMENT_PREFIX_PATH} CMAKE_PREFIX_PATH=/home/aidan/GitHub/AidansRepo/TeensySwerve/install/std_msgs:/home/aidan/GitHub/AidansRepo/TeensySwerve/install/builtin_interfaces:/home/aidan/GitHub/AidansRepo/TeensySwerve/install/tnsy_interfaces:/home/aidan/microros_ws/install/micro_ros_setup:/home/aidan/microros_ws/install/micro_ros_agent:/home/aidan/microros_ws/install/micro_ros_msgs:/home/aidan/GitHub/AidansRepo/TeensySwerve/install/tnsy_swrv_controller:/opt/ros/humble LD_LIBRARY_PATH=/home/aidan/GitHub/AidansRepo/TeensySwerve/install/std_msgs/lib:/home/aidan/GitHub/AidansRepo/TeensySwerve/install/builtin_interfaces/lib:${LD_LIBRARY_PATH} PYTHONPATH=/home/aidan/GitHub/AidansRepo/TeensySwerve/install/std_msgs/local/lib/python3.10/dist-packages:/home/aidan/GitHub/AidansRepo/TeensySwerve/install/builtin_interfaces/local/lib/python3.10/dist-packages:${PYTHONPATH} /usr/bin/cmake --build /home/aidan/GitHub/AidansRepo/TeensySwerve/build/actionlib_msgs -- -j4 -l4
[0.374s] [  2%] Built target actionlib_msgs__cpp
[0.526s] [  2%] Built target ament_cmake_python_copy_actionlib_msgs
[0.670s] [ 12%] Built target actionlib_msgs__rosidl_typesupport_fastrtps_cpp
[0.841s] [ 23%] Built target actionlib_msgs__rosidl_typesupport_introspection_cpp
[2.000s] running egg_info
[2.005s] writing actionlib_msgs.egg-info/PKG-INFO
[2.005s] writing dependency_links to actionlib_msgs.egg-info/dependency_links.txt
[2.005s] writing top-level names to actionlib_msgs.egg-info/top_level.txt
[2.013s] reading manifest file 'actionlib_msgs.egg-info/SOURCES.txt'
[2.015s] writing manifest file 'actionlib_msgs.egg-info/SOURCES.txt'
[2.132s] [ 23%] Built target ament_cmake_python_build_actionlib_msgs_egg
[2.283s] [ 34%] Built target actionlib_msgs__rosidl_typesupport_cpp
[2.431s] [ 44%] Built target actionlib_msgs__rosidl_generator_c
[2.653s] [ 55%] Built target actionlib_msgs__rosidl_typesupport_fastrtps_c
[2.766s] [ 65%] Built target actionlib_msgs__rosidl_typesupport_c
[2.931s] [ 76%] Built target actionlib_msgs__rosidl_typesupport_introspection_c
[3.065s] [ 76%] Built target actionlib_msgs
[3.199s] [ 78%] Built target actionlib_msgs__py
[3.336s] [ 87%] Built target actionlib_msgs__rosidl_generator_py
[3.491s] [ 91%] Built target actionlib_msgs__rosidl_typesupport_fastrtps_c__pyext
[3.602s] [ 95%] Built target actionlib_msgs__rosidl_typesupport_c__pyext
[3.747s] [100%] Built target actionlib_msgs__rosidl_typesupport_introspection_c__pyext
[3.856s] Invoked command in '/home/aidan/GitHub/AidansRepo/TeensySwerve/build/actionlib_msgs' returned '0': AMENT_PREFIX_PATH=/home/aidan/GitHub/AidansRepo/TeensySwerve/install/std_msgs:/home/aidan/GitHub/AidansRepo/TeensySwerve/install/builtin_interfaces:${AMENT_PREFIX_PATH} CMAKE_PREFIX_PATH=/home/aidan/GitHub/AidansRepo/TeensySwerve/install/std_msgs:/home/aidan/GitHub/AidansRepo/TeensySwerve/install/builtin_interfaces:/home/aidan/GitHub/AidansRepo/TeensySwerve/install/tnsy_interfaces:/home/aidan/microros_ws/install/micro_ros_setup:/home/aidan/microros_ws/install/micro_ros_agent:/home/aidan/microros_ws/install/micro_ros_msgs:/home/aidan/GitHub/AidansRepo/TeensySwerve/install/tnsy_swrv_controller:/opt/ros/humble LD_LIBRARY_PATH=/home/aidan/GitHub/AidansRepo/TeensySwerve/install/std_msgs/lib:/home/aidan/GitHub/AidansRepo/TeensySwerve/install/builtin_interfaces/lib:${LD_LIBRARY_PATH} PYTHONPATH=/home/aidan/GitHub/AidansRepo/TeensySwerve/install/std_msgs/local/lib/python3.10/dist-packages:/home/aidan/GitHub/AidansRepo/TeensySwerve/install/builtin_interfaces/local/lib/python3.10/dist-packages:${PYTHONPATH} /usr/bin/cmake --build /home/aidan/GitHub/AidansRepo/TeensySwerve/build/actionlib_msgs -- -j4 -l4
[4.583s] Invoking command in '/home/aidan/GitHub/AidansRepo/TeensySwerve/build/actionlib_msgs': AMENT_PREFIX_PATH=/home/aidan/GitHub/AidansRepo/TeensySwerve/install/std_msgs:/home/aidan/GitHub/AidansRepo/TeensySwerve/install/builtin_interfaces:${AMENT_PREFIX_PATH} CMAKE_PREFIX_PATH=/home/aidan/GitHub/AidansRepo/TeensySwerve/install/std_msgs:/home/aidan/GitHub/AidansRepo/TeensySwerve/install/builtin_interfaces:/home/aidan/GitHub/AidansRepo/TeensySwerve/install/tnsy_interfaces:/home/aidan/microros_ws/install/micro_ros_setup:/home/aidan/microros_ws/install/micro_ros_agent:/home/aidan/microros_ws/install/micro_ros_msgs:/home/aidan/GitHub/AidansRepo/TeensySwerve/install/tnsy_swrv_controller:/opt/ros/humble LD_LIBRARY_PATH=/home/aidan/GitHub/AidansRepo/TeensySwerve/install/std_msgs/lib:/home/aidan/GitHub/AidansRepo/TeensySwerve/install/builtin_interfaces/lib:${LD_LIBRARY_PATH} PYTHONPATH=/home/aidan/GitHub/AidansRepo/TeensySwerve/install/std_msgs/local/lib/python3.10/dist-packages:/home/aidan/GitHub/AidansRepo/TeensySwerve/install/builtin_interfaces/local/lib/python3.10/dist-packages:${PYTHONPATH} /usr/bin/cmake --install /home/aidan/GitHub/AidansRepo/TeensySwerve/build/actionlib_msgs
[4.666s] -- Install configuration: ""
[4.672s] -- Up-to-date: /home/aidan/GitHub/AidansRepo/TeensySwerve/install/actionlib_msgs/share/ament_index/resource_index/rosidl_interfaces/actionlib_msgs
[4.672s] -- Up-to-date: /home/aidan/GitHub/AidansRepo/TeensySwerve/install/actionlib_msgs/include/actionlib_msgs/actionlib_msgs
[4.672s] -- Up-to-date: /home/aidan/GitHub/AidansRepo/TeensySwerve/install/actionlib_msgs/include/actionlib_msgs/actionlib_msgs/msg
[4.672s] -- Up-to-date: /home/aidan/GitHub/AidansRepo/TeensySwerve/install/actionlib_msgs/include/actionlib_msgs/actionlib_msgs/msg/goal_id.h
[4.673s] -- Up-to-date: /home/aidan/GitHub/AidansRepo/TeensySwerve/install/actionlib_msgs/include/actionlib_msgs/actionlib_msgs/msg/goal_status.h
[4.679s] -- Up-to-date: /home/aidan/GitHub/AidansRepo/TeensySwerve/install/actionlib_msgs/include/actionlib_msgs/actionlib_msgs/msg/rosidl_generator_c__visibility_control.h
[4.689s] -- Up-to-date: /home/aidan/GitHub/AidansRepo/TeensySwerve/install/actionlib_msgs/include/actionlib_msgs/actionlib_msgs/msg/goal_status_array.h
[4.690s] -- Up-to-date: /home/aidan/GitHub/AidansRepo/TeensySwerve/install/actionlib_msgs/include/actionlib_msgs/actionlib_msgs/msg/detail
[4.694s] -- Up-to-date: /home/aidan/GitHub/AidansRepo/TeensySwerve/install/actionlib_msgs/include/actionlib_msgs/actionlib_msgs/msg/detail/goal_id__functions.h
[4.695s] -- Up-to-date: /home/aidan/GitHub/AidansRepo/TeensySwerve/install/actionlib_msgs/include/actionlib_msgs/actionlib_msgs/msg/detail/goal_id__struct.h
[4.696s] -- Up-to-date: /home/aidan/GitHub/AidansRepo/TeensySwerve/install/actionlib_msgs/include/actionlib_msgs/actionlib_msgs/msg/detail/goal_status__functions.h
[4.701s] -- Up-to-date: /home/aidan/GitHub/AidansRepo/TeensySwerve/install/actionlib_msgs/include/actionlib_msgs/actionlib_msgs/msg/detail/goal_status__struct.h
[4.705s] -- Up-to-date: /home/aidan/GitHub/AidansRepo/TeensySwerve/install/actionlib_msgs/include/actionlib_msgs/actionlib_msgs/msg/detail/goal_id__type_support.h
[4.705s] -- Up-to-date: /home/aidan/GitHub/AidansRepo/TeensySwerve/install/actionlib_msgs/include/actionlib_msgs/actionlib_msgs/msg/detail/goal_status__functions.c
[4.705s] -- Up-to-date: /home/aidan/GitHub/AidansRepo/TeensySwerve/install/actionlib_msgs/include/actionlib_msgs/actionlib_msgs/msg/detail/goal_status_array__functions.c
[4.706s] -- Up-to-date: /home/aidan/GitHub/AidansRepo/TeensySwerve/install/actionlib_msgs/include/actionlib_msgs/actionlib_msgs/msg/detail/goal_id__functions.c
[4.708s] -- Up-to-date: /home/aidan/GitHub/AidansRepo/TeensySwerve/install/actionlib_msgs/include/actionlib_msgs/actionlib_msgs/msg/detail/goal_status_array__functions.h
[4.708s] -- Up-to-date: /home/aidan/GitHub/AidansRepo/TeensySwerve/install/actionlib_msgs/include/actionlib_msgs/actionlib_msgs/msg/detail/goal_status_array__type_support.h
[4.714s] -- Up-to-date: /home/aidan/GitHub/AidansRepo/TeensySwerve/install/actionlib_msgs/include/actionlib_msgs/actionlib_msgs/msg/detail/goal_status_array__struct.h
[4.717s] -- Up-to-date: /home/aidan/GitHub/AidansRepo/TeensySwerve/install/actionlib_msgs/include/actionlib_msgs/actionlib_msgs/msg/detail/goal_status__type_support.h
[4.724s] -- Up-to-date: /home/aidan/GitHub/AidansRepo/TeensySwerve/install/actionlib_msgs/share/actionlib_msgs/environment/library_path.sh
[4.724s] -- Up-to-date: /home/aidan/GitHub/AidansRepo/TeensySwerve/install/actionlib_msgs/share/actionlib_msgs/environment/library_path.dsv
[4.724s] -- Up-to-date: /home/aidan/GitHub/AidansRepo/TeensySwerve/install/actionlib_msgs/lib/libactionlib_msgs__rosidl_generator_c.so
[4.724s] -- Up-to-date: /home/aidan/GitHub/AidansRepo/TeensySwerve/install/actionlib_msgs/include/actionlib_msgs/actionlib_msgs
[4.725s] -- Up-to-date: /home/aidan/GitHub/AidansRepo/TeensySwerve/install/actionlib_msgs/include/actionlib_msgs/actionlib_msgs/msg
[4.725s] -- Up-to-date: /home/aidan/GitHub/AidansRepo/TeensySwerve/install/actionlib_msgs/include/actionlib_msgs/actionlib_msgs/msg/rosidl_typesupport_fastrtps_c__visibility_control.h
[4.725s] -- Up-to-date: /home/aidan/GitHub/AidansRepo/TeensySwerve/install/actionlib_msgs/include/actionlib_msgs/actionlib_msgs/msg/detail
[4.731s] -- Up-to-date: /home/aidan/GitHub/AidansRepo/TeensySwerve/install/actionlib_msgs/include/actionlib_msgs/actionlib_msgs/msg/detail/goal_status_array__rosidl_typesupport_fastrtps_c.h
[4.731s] -- Up-to-date: /home/aidan/GitHub/AidansRepo/TeensySwerve/install/actionlib_msgs/include/actionlib_msgs/actionlib_msgs/msg/detail/goal_id__rosidl_typesupport_fastrtps_c.h
[4.731s] -- Up-to-date: /home/aidan/GitHub/AidansRepo/TeensySwerve/install/actionlib_msgs/include/actionlib_msgs/actionlib_msgs/msg/detail/goal_status__rosidl_typesupport_fastrtps_c.h
[4.732s] -- Up-to-date: /home/aidan/GitHub/AidansRepo/TeensySwerve/install/actionlib_msgs/lib/libactionlib_msgs__rosidl_typesupport_fastrtps_c.so
[4.732s] -- Up-to-date: /home/aidan/GitHub/AidansRepo/TeensySwerve/install/actionlib_msgs/include/actionlib_msgs/actionlib_msgs
[4.732s] -- Up-to-date: /home/aidan/GitHub/AidansRepo/TeensySwerve/install/actionlib_msgs/include/actionlib_msgs/actionlib_msgs/msg
[4.732s] -- Up-to-date: /home/aidan/GitHub/AidansRepo/TeensySwerve/install/actionlib_msgs/include/actionlib_msgs/actionlib_msgs/msg/goal_id.hpp
[4.732s] -- Up-to-date: /home/aidan/GitHub/AidansRepo/TeensySwerve/install/actionlib_msgs/include/actionlib_msgs/actionlib_msgs/msg/goal_status_array.hpp
[4.733s] -- Up-to-date: /home/aidan/GitHub/AidansRepo/TeensySwerve/install/actionlib_msgs/include/actionlib_msgs/actionlib_msgs/msg/goal_status.hpp
[4.733s] -- Up-to-date: /home/aidan/GitHub/AidansRepo/TeensySwerve/install/actionlib_msgs/include/actionlib_msgs/actionlib_msgs/msg/detail
[4.733s] -- Up-to-date: /home/aidan/GitHub/AidansRepo/TeensySwerve/install/actionlib_msgs/include/actionlib_msgs/actionlib_msgs/msg/detail/goal_status__struct.hpp
[4.733s] -- Up-to-date: /home/aidan/GitHub/AidansRepo/TeensySwerve/install/actionlib_msgs/include/actionlib_msgs/actionlib_msgs/msg/detail/goal_status__builder.hpp
[4.733s] -- Up-to-date: /home/aidan/GitHub/AidansRepo/TeensySwerve/install/actionlib_msgs/include/actionlib_msgs/actionlib_msgs/msg/detail/goal_status_array__builder.hpp
[4.733s] -- Up-to-date: /home/aidan/GitHub/AidansRepo/TeensySwerve/install/actionlib_msgs/include/actionlib_msgs/actionlib_msgs/msg/detail/goal_status_array__struct.hpp
[4.741s] -- Up-to-date: /home/aidan/GitHub/AidansRepo/TeensySwerve/install/actionlib_msgs/include/actionlib_msgs/actionlib_msgs/msg/detail/goal_id__traits.hpp
[4.741s] -- Up-to-date: /home/aidan/GitHub/AidansRepo/TeensySwerve/install/actionlib_msgs/include/actionlib_msgs/actionlib_msgs/msg/detail/goal_status__type_support.hpp
[4.742s] -- Up-to-date: /home/aidan/GitHub/AidansRepo/TeensySwerve/install/actionlib_msgs/include/actionlib_msgs/actionlib_msgs/msg/detail/goal_status_array__traits.hpp
[4.742s] -- Up-to-date: /home/aidan/GitHub/AidansRepo/TeensySwerve/install/actionlib_msgs/include/actionlib_msgs/actionlib_msgs/msg/detail/goal_id__builder.hpp
[4.742s] -- Up-to-date: /home/aidan/GitHub/AidansRepo/TeensySwerve/install/actionlib_msgs/include/actionlib_msgs/actionlib_msgs/msg/detail/goal_id__type_support.hpp
[4.742s] -- Up-to-date: /home/aidan/GitHub/AidansRepo/TeensySwerve/install/actionlib_msgs/include/actionlib_msgs/actionlib_msgs/msg/detail/goal_status__traits.hpp
[4.743s] -- Up-to-date: /home/aidan/GitHub/AidansRepo/TeensySwerve/install/actionlib_msgs/include/actionlib_msgs/actionlib_msgs/msg/detail/goal_id__struct.hpp
[4.743s] -- Up-to-date: /home/aidan/GitHub/AidansRepo/TeensySwerve/install/actionlib_msgs/include/actionlib_msgs/actionlib_msgs/msg/detail/goal_status_array__type_support.hpp
[4.744s] -- Up-to-date: /home/aidan/GitHub/AidansRepo/TeensySwerve/install/actionlib_msgs/include/actionlib_msgs/actionlib_msgs/msg/rosidl_generator_cpp__visibility_control.hpp
[4.749s] -- Up-to-date: /home/aidan/GitHub/AidansRepo/TeensySwerve/install/actionlib_msgs/include/actionlib_msgs/actionlib_msgs
[4.750s] -- Up-to-date: /home/aidan/GitHub/AidansRepo/TeensySwerve/install/actionlib_msgs/include/actionlib_msgs/actionlib_msgs/msg
[4.750s] -- Up-to-date: /home/aidan/GitHub/AidansRepo/TeensySwerve/install/actionlib_msgs/include/actionlib_msgs/actionlib_msgs/msg/rosidl_typesupport_fastrtps_cpp__visibility_control.h
[4.750s] -- Up-to-date: /home/aidan/GitHub/AidansRepo/TeensySwerve/install/actionlib_msgs/include/actionlib_msgs/actionlib_msgs/msg/detail
[4.750s] -- Up-to-date: /home/aidan/GitHub/AidansRepo/TeensySwerve/install/actionlib_msgs/include/actionlib_msgs/actionlib_msgs/msg/detail/goal_id__rosidl_typesupport_fastrtps_cpp.hpp
[4.756s] -- Up-to-date: /home/aidan/GitHub/AidansRepo/TeensySwerve/install/actionlib_msgs/include/actionlib_msgs/actionlib_msgs/msg/detail/dds_fastrtps
[4.756s] -- Up-to-date: /home/aidan/GitHub/AidansRepo/TeensySwerve/install/actionlib_msgs/include/actionlib_msgs/actionlib_msgs/msg/detail/goal_status__rosidl_typesupport_fastrtps_cpp.hpp
[4.756s] -- Up-to-date: /home/aidan/GitHub/AidansRepo/TeensySwerve/install/actionlib_msgs/include/actionlib_msgs/actionlib_msgs/msg/detail/goal_status_array__rosidl_typesupport_fastrtps_cpp.hpp
[4.757s] -- Up-to-date: /home/aidan/GitHub/AidansRepo/TeensySwerve/install/actionlib_msgs/lib/libactionlib_msgs__rosidl_typesupport_fastrtps_cpp.so
[4.761s] -- Up-to-date: /home/aidan/GitHub/AidansRepo/TeensySwerve/install/actionlib_msgs/include/actionlib_msgs/actionlib_msgs
[4.762s] -- Up-to-date: /home/aidan/GitHub/AidansRepo/TeensySwerve/install/actionlib_msgs/include/actionlib_msgs/actionlib_msgs/msg
[4.763s] -- Up-to-date: /home/aidan/GitHub/AidansRepo/TeensySwerve/install/actionlib_msgs/include/actionlib_msgs/actionlib_msgs/msg/detail
[4.763s] -- Up-to-date: /home/aidan/GitHub/AidansRepo/TeensySwerve/install/actionlib_msgs/include/actionlib_msgs/actionlib_msgs/msg/detail/goal_status__type_support.c
[4.764s] -- Up-to-date: /home/aidan/GitHub/AidansRepo/TeensySwerve/install/actionlib_msgs/include/actionlib_msgs/actionlib_msgs/msg/detail/goal_id__rosidl_typesupport_introspection_c.h
[4.771s] -- Up-to-date: /home/aidan/GitHub/AidansRepo/TeensySwerve/install/actionlib_msgs/include/actionlib_msgs/actionlib_msgs/msg/detail/goal_status_array__type_support.c
[4.771s] -- Up-to-date: /home/aidan/GitHub/AidansRepo/TeensySwerve/install/actionlib_msgs/include/actionlib_msgs/actionlib_msgs/msg/detail/goal_id__type_support.c
[4.772s] -- Up-to-date: /home/aidan/GitHub/AidansRepo/TeensySwerve/install/actionlib_msgs/include/actionlib_msgs/actionlib_msgs/msg/detail/goal_status_array__rosidl_typesupport_introspection_c.h
[4.772s] -- Up-to-date: /home/aidan/GitHub/AidansRepo/TeensySwerve/install/actionlib_msgs/include/actionlib_msgs/actionlib_msgs/msg/detail/goal_status__rosidl_typesupport_introspection_c.h
[4.772s] -- Up-to-date: /home/aidan/GitHub/AidansRepo/TeensySwerve/install/actionlib_msgs/include/actionlib_msgs/actionlib_msgs/msg/rosidl_typesupport_introspection_c__visibility_control.h
[4.772s] -- Up-to-date: /home/aidan/GitHub/AidansRepo/TeensySwerve/install/actionlib_msgs/lib/libactionlib_msgs__rosidl_typesupport_introspection_c.so
[4.772s] -- Up-to-date: /home/aidan/GitHub/AidansRepo/TeensySwerve/install/actionlib_msgs/lib/libactionlib_msgs__rosidl_typesupport_c.so
[4.773s] -- Up-to-date: /home/aidan/GitHub/AidansRepo/TeensySwerve/install/actionlib_msgs/include/actionlib_msgs/actionlib_msgs
[4.774s] -- Up-to-date: /home/aidan/GitHub/AidansRepo/TeensySwerve/install/actionlib_msgs/include/actionlib_msgs/actionlib_msgs/msg
[4.774s] -- Up-to-date: /home/aidan/GitHub/AidansRepo/TeensySwerve/install/actionlib_msgs/include/actionlib_msgs/actionlib_msgs/msg/detail
[4.774s] -- Up-to-date: /home/aidan/GitHub/AidansRepo/TeensySwerve/install/actionlib_msgs/include/actionlib_msgs/actionlib_msgs/msg/detail/goal_status__type_support.cpp
[4.774s] -- Up-to-date: /home/aidan/GitHub/AidansRepo/TeensySwerve/install/actionlib_msgs/include/actionlib_msgs/actionlib_msgs/msg/detail/goal_id__type_support.cpp
[4.775s] -- Up-to-date: /home/aidan/GitHub/AidansRepo/TeensySwerve/install/actionlib_msgs/include/actionlib_msgs/actionlib_msgs/msg/detail/goal_status_array__type_support.cpp
[4.775s] -- Up-to-date: /home/aidan/GitHub/AidansRepo/TeensySwerve/install/actionlib_msgs/include/actionlib_msgs/actionlib_msgs/msg/detail/goal_id__rosidl_typesupport_introspection_cpp.hpp
[4.775s] -- Up-to-date: /home/aidan/GitHub/AidansRepo/TeensySwerve/install/actionlib_msgs/include/actionlib_msgs/actionlib_msgs/msg/detail/goal_status_array__rosidl_typesupport_introspection_cpp.hpp
[4.775s] -- Up-to-date: /home/aidan/GitHub/AidansRepo/TeensySwerve/install/actionlib_msgs/include/actionlib_msgs/actionlib_msgs/msg/detail/goal_status__rosidl_typesupport_introspection_cpp.hpp
[4.775s] -- Up-to-date: /home/aidan/GitHub/AidansRepo/TeensySwerve/install/actionlib_msgs/lib/libactionlib_msgs__rosidl_typesupport_introspection_cpp.so
[4.776s] -- Up-to-date: /home/aidan/GitHub/AidansRepo/TeensySwerve/install/actionlib_msgs/lib/libactionlib_msgs__rosidl_typesupport_cpp.so
[4.778s] -- Up-to-date: /home/aidan/GitHub/AidansRepo/TeensySwerve/install/actionlib_msgs/share/actionlib_msgs/environment/pythonpath.sh
[4.779s] -- Up-to-date: /home/aidan/GitHub/AidansRepo/TeensySwerve/install/actionlib_msgs/share/actionlib_msgs/environment/pythonpath.dsv
[4.779s] -- Up-to-date: /home/aidan/GitHub/AidansRepo/TeensySwerve/install/actionlib_msgs/local/lib/python3.10/dist-packages/actionlib_msgs-4.8.0-py3.10.egg-info
[4.779s] -- Installing: /home/aidan/GitHub/AidansRepo/TeensySwerve/install/actionlib_msgs/local/lib/python3.10/dist-packages/actionlib_msgs-4.8.0-py3.10.egg-info/PKG-INFO
[4.779s] -- Installing: /home/aidan/GitHub/AidansRepo/TeensySwerve/install/actionlib_msgs/local/lib/python3.10/dist-packages/actionlib_msgs-4.8.0-py3.10.egg-info/SOURCES.txt
[4.780s] -- Installing: /home/aidan/GitHub/AidansRepo/TeensySwerve/install/actionlib_msgs/local/lib/python3.10/dist-packages/actionlib_msgs-4.8.0-py3.10.egg-info/dependency_links.txt
[4.791s] -- Installing: /home/aidan/GitHub/AidansRepo/TeensySwerve/install/actionlib_msgs/local/lib/python3.10/dist-packages/actionlib_msgs-4.8.0-py3.10.egg-info/top_level.txt
[4.791s] -- Up-to-date: /home/aidan/GitHub/AidansRepo/TeensySwerve/install/actionlib_msgs/local/lib/python3.10/dist-packages/actionlib_msgs
[4.791s] -- Up-to-date: /home/aidan/GitHub/AidansRepo/TeensySwerve/install/actionlib_msgs/local/lib/python3.10/dist-packages/actionlib_msgs/actionlib_msgs_s__rosidl_typesupport_introspection_c.cpython-310-x86_64-linux-gnu.so
[4.792s] -- Up-to-date: /home/aidan/GitHub/AidansRepo/TeensySwerve/install/actionlib_msgs/local/lib/python3.10/dist-packages/actionlib_msgs/_actionlib_msgs_s.ep.rosidl_typesupport_introspection_c.c
[4.792s] -- Up-to-date: /home/aidan/GitHub/AidansRepo/TeensySwerve/install/actionlib_msgs/local/lib/python3.10/dist-packages/actionlib_msgs/__init__.py
[4.793s] -- Up-to-date: /home/aidan/GitHub/AidansRepo/TeensySwerve/install/actionlib_msgs/local/lib/python3.10/dist-packages/actionlib_msgs/msg
[4.793s] -- Up-to-date: /home/aidan/GitHub/AidansRepo/TeensySwerve/install/actionlib_msgs/local/lib/python3.10/dist-packages/actionlib_msgs/msg/_goal_status.py
[4.800s] -- Up-to-date: /home/aidan/GitHub/AidansRepo/TeensySwerve/install/actionlib_msgs/local/lib/python3.10/dist-packages/actionlib_msgs/msg/_goal_status_array.py
[4.801s] -- Up-to-date: /home/aidan/GitHub/AidansRepo/TeensySwerve/install/actionlib_msgs/local/lib/python3.10/dist-packages/actionlib_msgs/msg/__init__.py
[4.802s] -- Up-to-date: /home/aidan/GitHub/AidansRepo/TeensySwerve/install/actionlib_msgs/local/lib/python3.10/dist-packages/actionlib_msgs/msg/_goal_id.py
[4.802s] -- Up-to-date: /home/aidan/GitHub/AidansRepo/TeensySwerve/install/actionlib_msgs/local/lib/python3.10/dist-packages/actionlib_msgs/msg/_goal_status_s.c
[4.802s] -- Up-to-date: /home/aidan/GitHub/AidansRepo/TeensySwerve/install/actionlib_msgs/local/lib/python3.10/dist-packages/actionlib_msgs/msg/_goal_status_array_s.c
[4.802s] -- Up-to-date: /home/aidan/GitHub/AidansRepo/TeensySwerve/install/actionlib_msgs/local/lib/python3.10/dist-packages/actionlib_msgs/msg/_goal_id_s.c
[4.802s] -- Up-to-date: /home/aidan/GitHub/AidansRepo/TeensySwerve/install/actionlib_msgs/local/lib/python3.10/dist-packages/actionlib_msgs/_actionlib_msgs_s.ep.rosidl_typesupport_c.c
[4.802s] -- Up-to-date: /home/aidan/GitHub/AidansRepo/TeensySwerve/install/actionlib_msgs/local/lib/python3.10/dist-packages/actionlib_msgs/_actionlib_msgs_s.ep.rosidl_typesupport_fastrtps_c.c
[4.806s] -- Up-to-date: /home/aidan/GitHub/AidansRepo/TeensySwerve/install/actionlib_msgs/local/lib/python3.10/dist-packages/actionlib_msgs/actionlib_msgs_s__rosidl_typesupport_fastrtps_c.cpython-310-x86_64-linux-gnu.so
[4.807s] -- Up-to-date: /home/aidan/GitHub/AidansRepo/TeensySwerve/install/actionlib_msgs/local/lib/python3.10/dist-packages/actionlib_msgs/actionlib_msgs_s__rosidl_typesupport_c.cpython-310-x86_64-linux-gnu.so
[4.807s] -- Up-to-date: /home/aidan/GitHub/AidansRepo/TeensySwerve/install/actionlib_msgs/local/lib/python3.10/dist-packages/actionlib_msgs/libactionlib_msgs__rosidl_generator_py.so
[5.091s] Listing '/home/aidan/GitHub/AidansRepo/TeensySwerve/install/actionlib_msgs/local/lib/python3.10/dist-packages/actionlib_msgs'...
[5.091s] Listing '/home/aidan/GitHub/AidansRepo/TeensySwerve/install/actionlib_msgs/local/lib/python3.10/dist-packages/actionlib_msgs/msg'...
[5.135s] -- Up-to-date: /home/aidan/GitHub/AidansRepo/TeensySwerve/install/actionlib_msgs/local/lib/python3.10/dist-packages/actionlib_msgs/actionlib_msgs_s__rosidl_typesupport_fastrtps_c.cpython-310-x86_64-linux-gnu.so
[5.137s] -- Up-to-date: /home/aidan/GitHub/AidansRepo/TeensySwerve/install/actionlib_msgs/local/lib/python3.10/dist-packages/actionlib_msgs/actionlib_msgs_s__rosidl_typesupport_introspection_c.cpython-310-x86_64-linux-gnu.so
[5.149s] -- Up-to-date: /home/aidan/GitHub/AidansRepo/TeensySwerve/install/actionlib_msgs/local/lib/python3.10/dist-packages/actionlib_msgs/actionlib_msgs_s__rosidl_typesupport_c.cpython-310-x86_64-linux-gnu.so
[5.149s] -- Up-to-date: /home/aidan/GitHub/AidansRepo/TeensySwerve/install/actionlib_msgs/lib/libactionlib_msgs__rosidl_generator_py.so
[5.150s] -- Up-to-date: /home/aidan/GitHub/AidansRepo/TeensySwerve/install/actionlib_msgs/share/actionlib_msgs/msg/GoalID.idl
[5.150s] -- Up-to-date: /home/aidan/GitHub/AidansRepo/TeensySwerve/install/actionlib_msgs/share/actionlib_msgs/msg/GoalStatus.idl
[5.150s] -- Up-to-date: /home/aidan/GitHub/AidansRepo/TeensySwerve/install/actionlib_msgs/share/actionlib_msgs/msg/GoalStatusArray.idl
[5.151s] -- Up-to-date: /home/aidan/GitHub/AidansRepo/TeensySwerve/install/actionlib_msgs/share/actionlib_msgs/msg/GoalID.msg
[5.151s] -- Up-to-date: /home/aidan/GitHub/AidansRepo/TeensySwerve/install/actionlib_msgs/share/actionlib_msgs/msg/GoalStatus.msg
[5.151s] -- Up-to-date: /home/aidan/GitHub/AidansRepo/TeensySwerve/install/actionlib_msgs/share/actionlib_msgs/msg/GoalStatusArray.msg
[5.152s] -- Up-to-date: /home/aidan/GitHub/AidansRepo/TeensySwerve/install/actionlib_msgs/share/ament_index/resource_index/package_run_dependencies/actionlib_msgs
[5.152s] -- Up-to-date: /home/aidan/GitHub/AidansRepo/TeensySwerve/install/actionlib_msgs/share/ament_index/resource_index/parent_prefix_path/actionlib_msgs
[5.152s] -- Up-to-date: /home/aidan/GitHub/AidansRepo/TeensySwerve/install/actionlib_msgs/share/actionlib_msgs/environment/ament_prefix_path.sh
[5.153s] -- Up-to-date: /home/aidan/GitHub/AidansRepo/TeensySwerve/install/actionlib_msgs/share/actionlib_msgs/environment/ament_prefix_path.dsv
[5.161s] -- Up-to-date: /home/aidan/GitHub/AidansRepo/TeensySwerve/install/actionlib_msgs/share/actionlib_msgs/environment/path.sh
[5.163s] -- Up-to-date: /home/aidan/GitHub/AidansRepo/TeensySwerve/install/actionlib_msgs/share/actionlib_msgs/environment/path.dsv
[5.163s] -- Up-to-date: /home/aidan/GitHub/AidansRepo/TeensySwerve/install/actionlib_msgs/share/actionlib_msgs/local_setup.bash
[5.163s] -- Up-to-date: /home/aidan/GitHub/AidansRepo/TeensySwerve/install/actionlib_msgs/share/actionlib_msgs/local_setup.sh
[5.163s] -- Up-to-date: /home/aidan/GitHub/AidansRepo/TeensySwerve/install/actionlib_msgs/share/actionlib_msgs/local_setup.zsh
[5.164s] -- Up-to-date: /home/aidan/GitHub/AidansRepo/TeensySwerve/install/actionlib_msgs/share/actionlib_msgs/local_setup.dsv
[5.171s] -- Installing: /home/aidan/GitHub/AidansRepo/TeensySwerve/install/actionlib_msgs/share/actionlib_msgs/package.dsv
[5.171s] -- Up-to-date: /home/aidan/GitHub/AidansRepo/TeensySwerve/install/actionlib_msgs/share/ament_index/resource_index/packages/actionlib_msgs
[5.171s] -- Up-to-date: /home/aidan/GitHub/AidansRepo/TeensySwerve/install/actionlib_msgs/share/actionlib_msgs/cmake/export_actionlib_msgs__rosidl_generator_cExport.cmake
[5.171s] -- Up-to-date: /home/aidan/GitHub/AidansRepo/TeensySwerve/install/actionlib_msgs/share/actionlib_msgs/cmake/export_actionlib_msgs__rosidl_generator_cExport-noconfig.cmake
[5.172s] -- Up-to-date: /home/aidan/GitHub/AidansRepo/TeensySwerve/install/actionlib_msgs/share/actionlib_msgs/cmake/export_actionlib_msgs__rosidl_typesupport_fastrtps_cExport.cmake
[5.172s] -- Up-to-date: /home/aidan/GitHub/AidansRepo/TeensySwerve/install/actionlib_msgs/share/actionlib_msgs/cmake/export_actionlib_msgs__rosidl_typesupport_fastrtps_cExport-noconfig.cmake
[5.172s] -- Up-to-date: /home/aidan/GitHub/AidansRepo/TeensySwerve/install/actionlib_msgs/share/actionlib_msgs/cmake/export_actionlib_msgs__rosidl_generator_cppExport.cmake
[5.172s] -- Up-to-date: /home/aidan/GitHub/AidansRepo/TeensySwerve/install/actionlib_msgs/share/actionlib_msgs/cmake/export_actionlib_msgs__rosidl_typesupport_fastrtps_cppExport.cmake
[5.172s] -- Up-to-date: /home/aidan/GitHub/AidansRepo/TeensySwerve/install/actionlib_msgs/share/actionlib_msgs/cmake/export_actionlib_msgs__rosidl_typesupport_fastrtps_cppExport-noconfig.cmake
[5.172s] -- Up-to-date: /home/aidan/GitHub/AidansRepo/TeensySwerve/install/actionlib_msgs/share/actionlib_msgs/cmake/actionlib_msgs__rosidl_typesupport_introspection_cExport.cmake
[5.173s] -- Up-to-date: /home/aidan/GitHub/AidansRepo/TeensySwerve/install/actionlib_msgs/share/actionlib_msgs/cmake/actionlib_msgs__rosidl_typesupport_introspection_cExport-noconfig.cmake
[5.173s] -- Up-to-date: /home/aidan/GitHub/AidansRepo/TeensySwerve/install/actionlib_msgs/share/actionlib_msgs/cmake/actionlib_msgs__rosidl_typesupport_cExport.cmake
[5.173s] -- Up-to-date: /home/aidan/GitHub/AidansRepo/TeensySwerve/install/actionlib_msgs/share/actionlib_msgs/cmake/actionlib_msgs__rosidl_typesupport_cExport-noconfig.cmake
[5.173s] -- Up-to-date: /home/aidan/GitHub/AidansRepo/TeensySwerve/install/actionlib_msgs/share/actionlib_msgs/cmake/actionlib_msgs__rosidl_typesupport_introspection_cppExport.cmake
[5.173s] -- Up-to-date: /home/aidan/GitHub/AidansRepo/TeensySwerve/install/actionlib_msgs/share/actionlib_msgs/cmake/actionlib_msgs__rosidl_typesupport_introspection_cppExport-noconfig.cmake
[5.193s] -- Up-to-date: /home/aidan/GitHub/AidansRepo/TeensySwerve/install/actionlib_msgs/share/actionlib_msgs/cmake/actionlib_msgs__rosidl_typesupport_cppExport.cmake
[5.200s] -- Up-to-date: /home/aidan/GitHub/AidansRepo/TeensySwerve/install/actionlib_msgs/share/actionlib_msgs/cmake/actionlib_msgs__rosidl_typesupport_cppExport-noconfig.cmake
[5.200s] -- Up-to-date: /home/aidan/GitHub/AidansRepo/TeensySwerve/install/actionlib_msgs/share/actionlib_msgs/cmake/export_actionlib_msgs__rosidl_generator_pyExport.cmake
[5.200s] -- Up-to-date: /home/aidan/GitHub/AidansRepo/TeensySwerve/install/actionlib_msgs/share/actionlib_msgs/cmake/export_actionlib_msgs__rosidl_generator_pyExport-noconfig.cmake
[5.201s] -- Up-to-date: /home/aidan/GitHub/AidansRepo/TeensySwerve/install/actionlib_msgs/share/actionlib_msgs/cmake/rosidl_cmake-extras.cmake
[5.211s] -- Up-to-date: /home/aidan/GitHub/AidansRepo/TeensySwerve/install/actionlib_msgs/share/actionlib_msgs/cmake/ament_cmake_export_dependencies-extras.cmake
[5.211s] -- Up-to-date: /home/aidan/GitHub/AidansRepo/TeensySwerve/install/actionlib_msgs/share/actionlib_msgs/cmake/ament_cmake_export_include_directories-extras.cmake
[5.217s] -- Up-to-date: /home/aidan/GitHub/AidansRepo/TeensySwerve/install/actionlib_msgs/share/actionlib_msgs/cmake/ament_cmake_export_libraries-extras.cmake
[5.217s] -- Up-to-date: /home/aidan/GitHub/AidansRepo/TeensySwerve/install/actionlib_msgs/share/actionlib_msgs/cmake/ament_cmake_export_targets-extras.cmake
[5.218s] -- Up-to-date: /home/aidan/GitHub/AidansRepo/TeensySwerve/install/actionlib_msgs/share/actionlib_msgs/cmake/rosidl_cmake_export_typesupport_targets-extras.cmake
[5.218s] -- Up-to-date: /home/aidan/GitHub/AidansRepo/TeensySwerve/install/actionlib_msgs/share/actionlib_msgs/cmake/rosidl_cmake_export_typesupport_libraries-extras.cmake
[5.219s] -- Up-to-date: /home/aidan/GitHub/AidansRepo/TeensySwerve/install/actionlib_msgs/share/actionlib_msgs/cmake/actionlib_msgsConfig.cmake
[5.219s] -- Up-to-date: /home/aidan/GitHub/AidansRepo/TeensySwerve/install/actionlib_msgs/share/actionlib_msgs/cmake/actionlib_msgsConfig-version.cmake
[5.219s] -- Up-to-date: /home/aidan/GitHub/AidansRepo/TeensySwerve/install/actionlib_msgs/share/actionlib_msgs/package.xml
[5.232s] Invoked command in '/home/aidan/GitHub/AidansRepo/TeensySwerve/build/actionlib_msgs' returned '0': AMENT_PREFIX_PATH=/home/aidan/GitHub/AidansRepo/TeensySwerve/install/std_msgs:/home/aidan/GitHub/AidansRepo/TeensySwerve/install/builtin_interfaces:${AMENT_PREFIX_PATH} CMAKE_PREFIX_PATH=/home/aidan/GitHub/AidansRepo/TeensySwerve/install/std_msgs:/home/aidan/GitHub/AidansRepo/TeensySwerve/install/builtin_interfaces:/home/aidan/GitHub/AidansRepo/TeensySwerve/install/tnsy_interfaces:/home/aidan/microros_ws/install/micro_ros_setup:/home/aidan/microros_ws/install/micro_ros_agent:/home/aidan/microros_ws/install/micro_ros_msgs:/home/aidan/GitHub/AidansRepo/TeensySwerve/install/tnsy_swrv_controller:/opt/ros/humble LD_LIBRARY_PATH=/home/aidan/GitHub/AidansRepo/TeensySwerve/install/std_msgs/lib:/home/aidan/GitHub/AidansRepo/TeensySwerve/install/builtin_interfaces/lib:${LD_LIBRARY_PATH} PYTHONPATH=/home/aidan/GitHub/AidansRepo/TeensySwerve/install/std_msgs/local/lib/python3.10/dist-packages:/home/aidan/GitHub/AidansRepo/TeensySwerve/install/builtin_interfaces/local/lib/python3.10/dist-packages:${PYTHONPATH} /usr/bin/cmake --install /home/aidan/GitHub/AidansRepo/TeensySwerve/build/actionlib_msgs
