[0.110s] Invoking command in '/home/aidan/GitHub/AidansRepo/TeensySwerve/build/nav_msgs': AMENT_PREFIX_PATH=/home/aidan/GitHub/AidansRepo/TeensySwerve/install/geometry_msgs:/home/aidan/GitHub/AidansRepo/TeensySwerve/install/std_msgs:/home/aidan/GitHub/AidansRepo/TeensySwerve/install/builtin_interfaces:${AMENT_PREFIX_PATH} CMAKE_PREFIX_PATH=/home/aidan/GitHub/AidansRepo/TeensySwerve/install/geometry_msgs:/home/aidan/GitHub/AidansRepo/TeensySwerve/install/std_msgs:/home/aidan/GitHub/AidansRepo/TeensySwerve/install/builtin_interfaces:/home/aidan/GitHub/AidansRepo/TeensySwerve/install/tnsy_interfaces:/home/aidan/microros_ws/install/micro_ros_setup:/home/aidan/microros_ws/install/micro_ros_agent:/home/aidan/microros_ws/install/micro_ros_msgs:/home/aidan/GitHub/AidansRepo/TeensySwerve/install/tnsy_swrv_controller:/opt/ros/humble LD_LIBRARY_PATH=/home/aidan/GitHub/AidansRepo/TeensySwerve/install/geometry_msgs/lib:/home/aidan/GitHub/AidansRepo/TeensySwerve/install/std_msgs/lib:/home/aidan/GitHub/AidansRepo/TeensySwerve/install/builtin_interfaces/lib:${LD_LIBRARY_PATH} PYTHONPATH=/home/aidan/GitHub/AidansRepo/TeensySwerve/install/geometry_msgs/local/lib/python3.10/dist-packages:/home/aidan/GitHub/AidansRepo/TeensySwerve/install/std_msgs/local/lib/python3.10/dist-packages:/home/aidan/GitHub/AidansRepo/TeensySwerve/install/builtin_interfaces/local/lib/python3.10/dist-packages:${PYTHONPATH} /usr/bin/cmake /home/aidan/GitHub/AidansRepo/TeensySwerve/src/ros2/common_interfaces/nav_msgs -DCMAKE_INSTALL_PREFIX=/home/aidan/GitHub/AidansRepo/TeensySwerve/install/nav_msgs
[0.460s] -- The C compiler identification is GNU 11.4.0
[0.732s] -- The CXX compiler identification is GNU 11.4.0
[0.780s] -- Detecting C compiler ABI info
[1.086s] -- Detecting C compiler ABI info - done
[1.134s] -- Check for working C compiler: /usr/bin/cc - skipped
[1.134s] -- Detecting C compile features
[1.134s] -- Detecting C compile features - done
[1.149s] -- Detecting CXX compiler ABI info
[1.484s] -- Detecting CXX compiler ABI info - done
[1.507s] -- Check for working CXX compiler: /usr/bin/c++ - skipped
[1.512s] -- Detecting CXX compile features
[1.512s] -- Detecting CXX compile features - done
[1.515s] -- Found ament_cmake: 1.3.11 (/opt/ros/humble/share/ament_cmake/cmake)
[2.412s] -- Found Python3: /usr/bin/python3 (found version "3.10.12") found components: Interpreter 
[2.792s] -- Found builtin_interfaces: 1.2.1 (/home/aidan/GitHub/AidansRepo/TeensySwerve/install/builtin_interfaces/share/builtin_interfaces/cmake)
[2.936s] -- Found rosidl_generator_c: 3.1.6 (/opt/ros/humble/share/rosidl_generator_c/cmake)
[2.951s] -- Found rosidl_adapter: 3.1.6 (/opt/ros/humble/share/rosidl_adapter/cmake)
[2.976s] -- Found rosidl_generator_cpp: 3.1.6 (/opt/ros/humble/share/rosidl_generator_cpp/cmake)
[3.040s] -- Using all available rosidl_typesupport_c: rosidl_typesupport_fastrtps_c;rosidl_typesupport_introspection_c
[3.114s] -- Using all available rosidl_typesupport_cpp: rosidl_typesupport_fastrtps_cpp;rosidl_typesupport_introspection_cpp
[3.238s] -- Found geometry_msgs: 4.8.0 (/home/aidan/GitHub/AidansRepo/TeensySwerve/install/geometry_msgs/share/geometry_msgs/cmake)
[3.381s] -- Found rosidl_default_generators: 1.2.0 (/opt/ros/humble/share/rosidl_default_generators/cmake)
[4.622s] -- Found ament_cmake_cppcheck: 0.12.12 (/opt/ros/humble/share/ament_cmake_cppcheck/cmake)
[4.628s] -- Found ament_cmake_cpplint: 0.12.12 (/opt/ros/humble/share/ament_cmake_cpplint/cmake)
[4.634s] -- Found ament_cmake_uncrustify: 0.12.12 (/opt/ros/humble/share/ament_cmake_uncrustify/cmake)
[4.641s] -- Found ament_cmake_ros: 0.10.0 (/opt/ros/humble/share/ament_cmake_ros/cmake)
[6.727s] -- Using all available rosidl_typesupport_c: rosidl_typesupport_fastrtps_c;rosidl_typesupport_introspection_c
[7.700s] -- Using all available rosidl_typesupport_cpp: rosidl_typesupport_fastrtps_cpp;rosidl_typesupport_introspection_cpp
[7.823s] -- Found PythonInterp: /usr/bin/python3 (found suitable version "3.10.12", minimum required is "3.6") 
[7.828s] -- Found python_cmake_module: 0.10.0 (/opt/ros/humble/share/python_cmake_module/cmake)
[7.989s] -- Found PythonLibs: /usr/lib/x86_64-linux-gnu/libpython3.10.so (found suitable version "3.10.12", minimum required is "3.5") 
[7.992s] -- Using PYTHON_EXECUTABLE: /usr/bin/python3
[7.992s] -- Using PYTHON_INCLUDE_DIRS: /usr/include/python3.10
[7.993s] -- Using PYTHON_LIBRARIES: /usr/lib/x86_64-linux-gnu/libpython3.10.so
[8.118s] -- Found PythonExtra: .so  
[8.542s] -- Found ament_cmake_flake8: 0.12.12 (/opt/ros/humble/share/ament_cmake_flake8/cmake)
[8.543s] -- Found ament_cmake_pep257: 0.12.12 (/opt/ros/humble/share/ament_cmake_pep257/cmake)
[8.566s] -- Configuring done
[8.937s] -- Generating done
[8.951s] -- Build files have been written to: /home/aidan/GitHub/AidansRepo/TeensySwerve/build/nav_msgs
[9.032s] Invoked command in '/home/aidan/GitHub/AidansRepo/TeensySwerve/build/nav_msgs' returned '0': AMENT_PREFIX_PATH=/home/aidan/GitHub/AidansRepo/TeensySwerve/install/geometry_msgs:/home/aidan/GitHub/AidansRepo/TeensySwerve/install/std_msgs:/home/aidan/GitHub/AidansRepo/TeensySwerve/install/builtin_interfaces:${AMENT_PREFIX_PATH} CMAKE_PREFIX_PATH=/home/aidan/GitHub/AidansRepo/TeensySwerve/install/geometry_msgs:/home/aidan/GitHub/AidansRepo/TeensySwerve/install/std_msgs:/home/aidan/GitHub/AidansRepo/TeensySwerve/install/builtin_interfaces:/home/aidan/GitHub/AidansRepo/TeensySwerve/install/tnsy_interfaces:/home/aidan/microros_ws/install/micro_ros_setup:/home/aidan/microros_ws/install/micro_ros_agent:/home/aidan/microros_ws/install/micro_ros_msgs:/home/aidan/GitHub/AidansRepo/TeensySwerve/install/tnsy_swrv_controller:/opt/ros/humble LD_LIBRARY_PATH=/home/aidan/GitHub/AidansRepo/TeensySwerve/install/geometry_msgs/lib:/home/aidan/GitHub/AidansRepo/TeensySwerve/install/std_msgs/lib:/home/aidan/GitHub/AidansRepo/TeensySwerve/install/builtin_interfaces/lib:${LD_LIBRARY_PATH} PYTHONPATH=/home/aidan/GitHub/AidansRepo/TeensySwerve/install/geometry_msgs/local/lib/python3.10/dist-packages:/home/aidan/GitHub/AidansRepo/TeensySwerve/install/std_msgs/local/lib/python3.10/dist-packages:/home/aidan/GitHub/AidansRepo/TeensySwerve/install/builtin_interfaces/local/lib/python3.10/dist-packages:${PYTHONPATH} /usr/bin/cmake /home/aidan/GitHub/AidansRepo/TeensySwerve/src/ros2/common_interfaces/nav_msgs -DCMAKE_INSTALL_PREFIX=/home/aidan/GitHub/AidansRepo/TeensySwerve/install/nav_msgs
[9.033s] Invoking command in '/home/aidan/GitHub/AidansRepo/TeensySwerve/build/nav_msgs': AMENT_PREFIX_PATH=/home/aidan/GitHub/AidansRepo/TeensySwerve/install/geometry_msgs:/home/aidan/GitHub/AidansRepo/TeensySwerve/install/std_msgs:/home/aidan/GitHub/AidansRepo/TeensySwerve/install/builtin_interfaces:${AMENT_PREFIX_PATH} CMAKE_PREFIX_PATH=/home/aidan/GitHub/AidansRepo/TeensySwerve/install/geometry_msgs:/home/aidan/GitHub/AidansRepo/TeensySwerve/install/std_msgs:/home/aidan/GitHub/AidansRepo/TeensySwerve/install/builtin_interfaces:/home/aidan/GitHub/AidansRepo/TeensySwerve/install/tnsy_interfaces:/home/aidan/microros_ws/install/micro_ros_setup:/home/aidan/microros_ws/install/micro_ros_agent:/home/aidan/microros_ws/install/micro_ros_msgs:/home/aidan/GitHub/AidansRepo/TeensySwerve/install/tnsy_swrv_controller:/opt/ros/humble LD_LIBRARY_PATH=/home/aidan/GitHub/AidansRepo/TeensySwerve/install/geometry_msgs/lib:/home/aidan/GitHub/AidansRepo/TeensySwerve/install/std_msgs/lib:/home/aidan/GitHub/AidansRepo/TeensySwerve/install/builtin_interfaces/lib:${LD_LIBRARY_PATH} PYTHONPATH=/home/aidan/GitHub/AidansRepo/TeensySwerve/install/geometry_msgs/local/lib/python3.10/dist-packages:/home/aidan/GitHub/AidansRepo/TeensySwerve/install/std_msgs/local/lib/python3.10/dist-packages:/home/aidan/GitHub/AidansRepo/TeensySwerve/install/builtin_interfaces/local/lib/python3.10/dist-packages:${PYTHONPATH} /usr/bin/cmake --build /home/aidan/GitHub/AidansRepo/TeensySwerve/build/nav_msgs -- -j4 -l4
[9.316s] [  0%] [34m[1mGenerating C++ code for ROS interfaces[0m
[15.431s] [  0%] Built target nav_msgs__cpp
[15.566s] [  0%] Built target ament_cmake_python_copy_nav_msgs
[15.627s] [  1%] [34m[1mGenerating C++ type support for eProsima Fast-RTPS[0m
[19.984s] [  2%] [32mBuilding CXX object CMakeFiles/nav_msgs__rosidl_typesupport_fastrtps_cpp.dir/rosidl_typesupport_fastrtps_cpp/nav_msgs/msg/detail/dds_fastrtps/goals__type_support.cpp.o[0m
[22.036s] [  3%] [32mBuilding CXX object CMakeFiles/nav_msgs__rosidl_typesupport_fastrtps_cpp.dir/rosidl_typesupport_fastrtps_cpp/nav_msgs/msg/detail/dds_fastrtps/grid_cells__type_support.cpp.o[0m
[23.399s] [  3%] [32mBuilding CXX object CMakeFiles/nav_msgs__rosidl_typesupport_fastrtps_cpp.dir/rosidl_typesupport_fastrtps_cpp/nav_msgs/msg/detail/dds_fastrtps/map_meta_data__type_support.cpp.o[0m
[25.469s] [  4%] [32mBuilding CXX object CMakeFiles/nav_msgs__rosidl_typesupport_fastrtps_cpp.dir/rosidl_typesupport_fastrtps_cpp/nav_msgs/msg/detail/dds_fastrtps/occupancy_grid__type_support.cpp.o[0m
[26.849s] [  5%] [32mBuilding CXX object CMakeFiles/nav_msgs__rosidl_typesupport_fastrtps_cpp.dir/rosidl_typesupport_fastrtps_cpp/nav_msgs/msg/detail/dds_fastrtps/odometry__type_support.cpp.o[0m
[28.291s] [  6%] [32mBuilding CXX object CMakeFiles/nav_msgs__rosidl_typesupport_fastrtps_cpp.dir/rosidl_typesupport_fastrtps_cpp/nav_msgs/msg/detail/dds_fastrtps/path__type_support.cpp.o[0m
[30.317s] [  7%] [32mBuilding CXX object CMakeFiles/nav_msgs__rosidl_typesupport_fastrtps_cpp.dir/rosidl_typesupport_fastrtps_cpp/nav_msgs/srv/detail/dds_fastrtps/get_map__type_support.cpp.o[0m
[32.213s] [  8%] [32mBuilding CXX object CMakeFiles/nav_msgs__rosidl_typesupport_fastrtps_cpp.dir/rosidl_typesupport_fastrtps_cpp/nav_msgs/srv/detail/dds_fastrtps/get_plan__type_support.cpp.o[0m
[34.015s] [  9%] [32mBuilding CXX object CMakeFiles/nav_msgs__rosidl_typesupport_fastrtps_cpp.dir/rosidl_typesupport_fastrtps_cpp/nav_msgs/srv/detail/dds_fastrtps/load_map__type_support.cpp.o[0m
[35.787s] [ 10%] [32mBuilding CXX object CMakeFiles/nav_msgs__rosidl_typesupport_fastrtps_cpp.dir/rosidl_typesupport_fastrtps_cpp/nav_msgs/srv/detail/dds_fastrtps/set_map__type_support.cpp.o[0m
[37.352s] [ 11%] [32m[1mLinking CXX shared library libnav_msgs__rosidl_typesupport_fastrtps_cpp.so[0m
[37.887s] [ 11%] Built target nav_msgs__rosidl_typesupport_fastrtps_cpp
[37.941s] [ 12%] [34m[1mGenerating C++ introspection for ROS interfaces[0m
[44.110s] [ 13%] [32mBuilding CXX object CMakeFiles/nav_msgs__rosidl_typesupport_introspection_cpp.dir/rosidl_typesupport_introspection_cpp/nav_msgs/msg/detail/goals__type_support.cpp.o[0m
[46.451s] [ 14%] [32mBuilding CXX object CMakeFiles/nav_msgs__rosidl_typesupport_introspection_cpp.dir/rosidl_typesupport_introspection_cpp/nav_msgs/msg/detail/grid_cells__type_support.cpp.o[0m
[47.741s] [ 15%] [32mBuilding CXX object CMakeFiles/nav_msgs__rosidl_typesupport_introspection_cpp.dir/rosidl_typesupport_introspection_cpp/nav_msgs/msg/detail/map_meta_data__type_support.cpp.o[0m
[49.851s] [ 16%] [32mBuilding CXX object CMakeFiles/nav_msgs__rosidl_typesupport_introspection_cpp.dir/rosidl_typesupport_introspection_cpp/nav_msgs/msg/detail/occupancy_grid__type_support.cpp.o[0m
[52.092s] [ 17%] [32mBuilding CXX object CMakeFiles/nav_msgs__rosidl_typesupport_introspection_cpp.dir/rosidl_typesupport_introspection_cpp/nav_msgs/msg/detail/odometry__type_support.cpp.o[0m
[53.849s] [ 18%] [32mBuilding CXX object CMakeFiles/nav_msgs__rosidl_typesupport_introspection_cpp.dir/rosidl_typesupport_introspection_cpp/nav_msgs/msg/detail/path__type_support.cpp.o[0m
[55.709s] [ 19%] [32mBuilding CXX object CMakeFiles/nav_msgs__rosidl_typesupport_introspection_cpp.dir/rosidl_typesupport_introspection_cpp/nav_msgs/srv/detail/get_map__type_support.cpp.o[0m
[57.752s] [ 20%] [32mBuilding CXX object CMakeFiles/nav_msgs__rosidl_typesupport_introspection_cpp.dir/rosidl_typesupport_introspection_cpp/nav_msgs/srv/detail/get_plan__type_support.cpp.o[0m
[59.309s] [ 21%] [32mBuilding CXX object CMakeFiles/nav_msgs__rosidl_typesupport_introspection_cpp.dir/rosidl_typesupport_introspection_cpp/nav_msgs/srv/detail/load_map__type_support.cpp.o[0m
[61.197s] [ 22%] [32mBuilding CXX object CMakeFiles/nav_msgs__rosidl_typesupport_introspection_cpp.dir/rosidl_typesupport_introspection_cpp/nav_msgs/srv/detail/set_map__type_support.cpp.o[0m
[62.788s] [ 23%] [32m[1mLinking CXX shared library libnav_msgs__rosidl_typesupport_introspection_cpp.so[0m
[63.184s] [ 23%] Built target nav_msgs__rosidl_typesupport_introspection_cpp
[64.870s] running egg_info
[64.871s] creating nav_msgs.egg-info
[64.871s] writing nav_msgs.egg-info/PKG-INFO
[64.872s] writing dependency_links to nav_msgs.egg-info/dependency_links.txt
[64.875s] writing top-level names to nav_msgs.egg-info/top_level.txt
[64.875s] writing manifest file 'nav_msgs.egg-info/SOURCES.txt'
[64.887s] reading manifest file 'nav_msgs.egg-info/SOURCES.txt'
[64.889s] writing manifest file 'nav_msgs.egg-info/SOURCES.txt'
[64.996s] [ 23%] Built target ament_cmake_python_build_nav_msgs_egg
[65.064s] [ 24%] [34m[1mGenerating C++ type support dispatch for ROS interfaces[0m
[69.173s] [ 25%] [32mBuilding CXX object CMakeFiles/nav_msgs__rosidl_typesupport_cpp.dir/rosidl_typesupport_cpp/nav_msgs/msg/goals__type_support.cpp.o[0m
[70.456s] [ 26%] [32mBuilding CXX object CMakeFiles/nav_msgs__rosidl_typesupport_cpp.dir/rosidl_typesupport_cpp/nav_msgs/msg/map_meta_data__type_support.cpp.o[0m
[71.500s] [ 27%] [32mBuilding CXX object CMakeFiles/nav_msgs__rosidl_typesupport_cpp.dir/rosidl_typesupport_cpp/nav_msgs/msg/occupancy_grid__type_support.cpp.o[0m
[72.766s] [ 28%] [32mBuilding CXX object CMakeFiles/nav_msgs__rosidl_typesupport_cpp.dir/rosidl_typesupport_cpp/nav_msgs/msg/odometry__type_support.cpp.o[0m
[74.073s] [ 29%] [32mBuilding CXX object CMakeFiles/nav_msgs__rosidl_typesupport_cpp.dir/rosidl_typesupport_cpp/nav_msgs/msg/path__type_support.cpp.o[0m
[75.457s] [ 30%] [32mBuilding CXX object CMakeFiles/nav_msgs__rosidl_typesupport_cpp.dir/rosidl_typesupport_cpp/nav_msgs/srv/get_map__type_support.cpp.o[0m
[76.878s] [ 31%] [32mBuilding CXX object CMakeFiles/nav_msgs__rosidl_typesupport_cpp.dir/rosidl_typesupport_cpp/nav_msgs/srv/get_plan__type_support.cpp.o[0m
[77.990s] [ 32%] [32mBuilding CXX object CMakeFiles/nav_msgs__rosidl_typesupport_cpp.dir/rosidl_typesupport_cpp/nav_msgs/srv/load_map__type_support.cpp.o[0m
[79.180s] [ 33%] [32mBuilding CXX object CMakeFiles/nav_msgs__rosidl_typesupport_cpp.dir/rosidl_typesupport_cpp/nav_msgs/srv/set_map__type_support.cpp.o[0m
[80.574s] [ 34%] [32mBuilding CXX object CMakeFiles/nav_msgs__rosidl_typesupport_cpp.dir/rosidl_typesupport_cpp/nav_msgs/msg/grid_cells__type_support.cpp.o[0m
[81.452s] [ 35%] [32m[1mLinking CXX shared library libnav_msgs__rosidl_typesupport_cpp.so[0m
[81.623s] [ 35%] Built target nav_msgs__rosidl_typesupport_cpp
[81.659s] [ 36%] [34m[1mGenerating C code for ROS interfaces[0m
[89.301s] [ 37%] [32mBuilding C object CMakeFiles/nav_msgs__rosidl_generator_c.dir/rosidl_generator_c/nav_msgs/msg/detail/goals__functions.c.o[0m
[89.530s] [ 38%] [32mBuilding C object CMakeFiles/nav_msgs__rosidl_generator_c.dir/rosidl_generator_c/nav_msgs/msg/detail/occupancy_grid__functions.c.o[0m
[89.768s] [ 39%] [32mBuilding C object CMakeFiles/nav_msgs__rosidl_generator_c.dir/rosidl_generator_c/nav_msgs/msg/detail/odometry__functions.c.o[0m
[89.968s] [ 40%] [32mBuilding C object CMakeFiles/nav_msgs__rosidl_generator_c.dir/rosidl_generator_c/nav_msgs/msg/detail/path__functions.c.o[0m
[90.131s] [ 41%] [32mBuilding C object CMakeFiles/nav_msgs__rosidl_generator_c.dir/rosidl_generator_c/nav_msgs/srv/detail/get_map__functions.c.o[0m
[90.291s] [ 42%] [32mBuilding C object CMakeFiles/nav_msgs__rosidl_generator_c.dir/rosidl_generator_c/nav_msgs/srv/detail/get_plan__functions.c.o[0m
[90.622s] [ 43%] [32mBuilding C object CMakeFiles/nav_msgs__rosidl_generator_c.dir/rosidl_generator_c/nav_msgs/srv/detail/load_map__functions.c.o[0m
[90.972s] [ 44%] [32mBuilding C object CMakeFiles/nav_msgs__rosidl_generator_c.dir/rosidl_generator_c/nav_msgs/srv/detail/set_map__functions.c.o[0m
[91.216s] [ 45%] [32mBuilding C object CMakeFiles/nav_msgs__rosidl_generator_c.dir/rosidl_generator_c/nav_msgs/msg/detail/map_meta_data__functions.c.o[0m
[91.481s] [ 46%] [32mBuilding C object CMakeFiles/nav_msgs__rosidl_generator_c.dir/rosidl_generator_c/nav_msgs/msg/detail/grid_cells__functions.c.o[0m
[91.725s] [ 47%] [32m[1mLinking C shared library libnav_msgs__rosidl_generator_c.so[0m
[91.977s] [ 47%] Built target nav_msgs__rosidl_generator_c
[92.040s] [ 48%] [34m[1mGenerating C type support for eProsima Fast-RTPS[0m
[97.734s] [ 49%] [32mBuilding CXX object CMakeFiles/nav_msgs__rosidl_typesupport_fastrtps_c.dir/rosidl_typesupport_fastrtps_c/nav_msgs/msg/detail/goals__type_support_c.cpp.o[0m
[99.148s] [ 50%] [32mBuilding CXX object CMakeFiles/nav_msgs__rosidl_typesupport_fastrtps_c.dir/rosidl_typesupport_fastrtps_c/nav_msgs/msg/detail/grid_cells__type_support_c.cpp.o[0m
[100.277s] [ 51%] [32mBuilding CXX object CMakeFiles/nav_msgs__rosidl_typesupport_fastrtps_c.dir/rosidl_typesupport_fastrtps_c/nav_msgs/msg/detail/map_meta_data__type_support_c.cpp.o[0m
[101.743s] [ 52%] [32mBuilding CXX object CMakeFiles/nav_msgs__rosidl_typesupport_fastrtps_c.dir/rosidl_typesupport_fastrtps_c/nav_msgs/msg/detail/occupancy_grid__type_support_c.cpp.o[0m
[103.393s] [ 53%] [32mBuilding CXX object CMakeFiles/nav_msgs__rosidl_typesupport_fastrtps_c.dir/rosidl_typesupport_fastrtps_c/nav_msgs/msg/detail/odometry__type_support_c.cpp.o[0m
[104.884s] [ 54%] [32mBuilding CXX object CMakeFiles/nav_msgs__rosidl_typesupport_fastrtps_c.dir/rosidl_typesupport_fastrtps_c/nav_msgs/msg/detail/path__type_support_c.cpp.o[0m
[106.217s] [ 55%] [32mBuilding CXX object CMakeFiles/nav_msgs__rosidl_typesupport_fastrtps_c.dir/rosidl_typesupport_fastrtps_c/nav_msgs/srv/detail/get_map__type_support_c.cpp.o[0m
[107.571s] [ 56%] [32mBuilding CXX object CMakeFiles/nav_msgs__rosidl_typesupport_fastrtps_c.dir/rosidl_typesupport_fastrtps_c/nav_msgs/srv/detail/get_plan__type_support_c.cpp.o[0m
[108.874s] [ 57%] [32mBuilding CXX object CMakeFiles/nav_msgs__rosidl_typesupport_fastrtps_c.dir/rosidl_typesupport_fastrtps_c/nav_msgs/srv/detail/load_map__type_support_c.cpp.o[0m
[110.085s] [ 58%] [32mBuilding CXX object CMakeFiles/nav_msgs__rosidl_typesupport_fastrtps_c.dir/rosidl_typesupport_fastrtps_c/nav_msgs/srv/detail/set_map__type_support_c.cpp.o[0m
[111.161s] [ 59%] [32m[1mLinking CXX shared library libnav_msgs__rosidl_typesupport_fastrtps_c.so[0m
[111.537s] [ 59%] Built target nav_msgs__rosidl_typesupport_fastrtps_c
[111.567s] [ 60%] [34m[1mGenerating C type support dispatch for ROS interfaces[0m
[115.567s] [ 61%] [32mBuilding CXX object CMakeFiles/nav_msgs__rosidl_typesupport_c.dir/rosidl_typesupport_c/nav_msgs/msg/goals__type_support.cpp.o[0m
[115.778s] [ 62%] [32mBuilding CXX object CMakeFiles/nav_msgs__rosidl_typesupport_c.dir/rosidl_typesupport_c/nav_msgs/msg/map_meta_data__type_support.cpp.o[0m
[115.962s] [ 63%] [32mBuilding CXX object CMakeFiles/nav_msgs__rosidl_typesupport_c.dir/rosidl_typesupport_c/nav_msgs/msg/occupancy_grid__type_support.cpp.o[0m
[116.122s] [ 64%] [32mBuilding CXX object CMakeFiles/nav_msgs__rosidl_typesupport_c.dir/rosidl_typesupport_c/nav_msgs/msg/odometry__type_support.cpp.o[0m
[116.285s] [ 65%] [32mBuilding CXX object CMakeFiles/nav_msgs__rosidl_typesupport_c.dir/rosidl_typesupport_c/nav_msgs/msg/path__type_support.cpp.o[0m
[116.452s] [ 66%] [32mBuilding CXX object CMakeFiles/nav_msgs__rosidl_typesupport_c.dir/rosidl_typesupport_c/nav_msgs/srv/get_map__type_support.cpp.o[0m
[116.638s] [ 67%] [32mBuilding CXX object CMakeFiles/nav_msgs__rosidl_typesupport_c.dir/rosidl_typesupport_c/nav_msgs/srv/get_plan__type_support.cpp.o[0m
[116.846s] [ 67%] [32mBuilding CXX object CMakeFiles/nav_msgs__rosidl_typesupport_c.dir/rosidl_typesupport_c/nav_msgs/srv/load_map__type_support.cpp.o[0m
[117.028s] [ 68%] [32mBuilding CXX object CMakeFiles/nav_msgs__rosidl_typesupport_c.dir/rosidl_typesupport_c/nav_msgs/srv/set_map__type_support.cpp.o[0m
[117.252s] [ 69%] [32mBuilding CXX object CMakeFiles/nav_msgs__rosidl_typesupport_c.dir/rosidl_typesupport_c/nav_msgs/msg/grid_cells__type_support.cpp.o[0m
[117.450s] [ 70%] [32m[1mLinking CXX shared library libnav_msgs__rosidl_typesupport_c.so[0m
[117.755s] [ 70%] Built target nav_msgs__rosidl_typesupport_c
[117.852s] [ 71%] [34m[1mGenerating C introspection for ROS interfaces[0m
[124.198s] [ 72%] [32mBuilding C object CMakeFiles/nav_msgs__rosidl_typesupport_introspection_c.dir/rosidl_typesupport_introspection_c/nav_msgs/msg/detail/goals__type_support.c.o[0m
[124.407s] [ 73%] [32mBuilding C object CMakeFiles/nav_msgs__rosidl_typesupport_introspection_c.dir/rosidl_typesupport_introspection_c/nav_msgs/msg/detail/occupancy_grid__type_support.c.o[0m
[124.558s] [ 74%] [32mBuilding C object CMakeFiles/nav_msgs__rosidl_typesupport_introspection_c.dir/rosidl_typesupport_introspection_c/nav_msgs/msg/detail/odometry__type_support.c.o[0m
[124.699s] [ 75%] [32mBuilding C object CMakeFiles/nav_msgs__rosidl_typesupport_introspection_c.dir/rosidl_typesupport_introspection_c/nav_msgs/msg/detail/path__type_support.c.o[0m
[124.817s] [ 76%] [32mBuilding C object CMakeFiles/nav_msgs__rosidl_typesupport_introspection_c.dir/rosidl_typesupport_introspection_c/nav_msgs/srv/detail/get_map__type_support.c.o[0m
[124.971s] [ 77%] [32mBuilding C object CMakeFiles/nav_msgs__rosidl_typesupport_introspection_c.dir/rosidl_typesupport_introspection_c/nav_msgs/srv/detail/get_plan__type_support.c.o[0m
[125.204s] [ 78%] [32mBuilding C object CMakeFiles/nav_msgs__rosidl_typesupport_introspection_c.dir/rosidl_typesupport_introspection_c/nav_msgs/srv/detail/load_map__type_support.c.o[0m
[125.417s] [ 79%] [32mBuilding C object CMakeFiles/nav_msgs__rosidl_typesupport_introspection_c.dir/rosidl_typesupport_introspection_c/nav_msgs/srv/detail/set_map__type_support.c.o[0m
[125.654s] [ 80%] [32mBuilding C object CMakeFiles/nav_msgs__rosidl_typesupport_introspection_c.dir/rosidl_typesupport_introspection_c/nav_msgs/msg/detail/map_meta_data__type_support.c.o[0m
[125.863s] [ 81%] [32mBuilding C object CMakeFiles/nav_msgs__rosidl_typesupport_introspection_c.dir/rosidl_typesupport_introspection_c/nav_msgs/msg/detail/grid_cells__type_support.c.o[0m
[126.082s] [ 82%] [32m[1mLinking C shared library libnav_msgs__rosidl_typesupport_introspection_c.so[0m
[126.283s] [ 82%] Built target nav_msgs__rosidl_typesupport_introspection_c
[126.387s] [ 82%] Built target nav_msgs
[126.517s] [ 83%] [34m[1mGenerating Python code for ROS interfaces[0m
[139.888s] [ 83%] Built target nav_msgs__py
[139.958s] [ 84%] [32mBuilding C object CMakeFiles/nav_msgs__rosidl_generator_py.dir/rosidl_generator_py/nav_msgs/msg/_goals_s.c.o[0m
[140.454s] [ 85%] [32mBuilding C object CMakeFiles/nav_msgs__rosidl_generator_py.dir/rosidl_generator_py/nav_msgs/msg/_occupancy_grid_s.c.o[0m
[141.075s] [ 86%] [32mBuilding C object CMakeFiles/nav_msgs__rosidl_generator_py.dir/rosidl_generator_py/nav_msgs/msg/_odometry_s.c.o[0m
[141.526s] [ 87%] [32mBuilding C object CMakeFiles/nav_msgs__rosidl_generator_py.dir/rosidl_generator_py/nav_msgs/msg/_path_s.c.o[0m
[142.058s] [ 88%] [32mBuilding C object CMakeFiles/nav_msgs__rosidl_generator_py.dir/rosidl_generator_py/nav_msgs/srv/_get_map_s.c.o[0m
[142.483s] [ 89%] [32mBuilding C object CMakeFiles/nav_msgs__rosidl_generator_py.dir/rosidl_generator_py/nav_msgs/srv/_get_plan_s.c.o[0m
[143.224s] [ 90%] [32mBuilding C object CMakeFiles/nav_msgs__rosidl_generator_py.dir/rosidl_generator_py/nav_msgs/srv/_load_map_s.c.o[0m
[143.682s] [ 91%] [32mBuilding C object CMakeFiles/nav_msgs__rosidl_generator_py.dir/rosidl_generator_py/nav_msgs/srv/_set_map_s.c.o[0m
[144.183s] [ 92%] [32mBuilding C object CMakeFiles/nav_msgs__rosidl_generator_py.dir/rosidl_generator_py/nav_msgs/msg/_map_meta_data_s.c.o[0m
[144.824s] [ 93%] [32mBuilding C object CMakeFiles/nav_msgs__rosidl_generator_py.dir/rosidl_generator_py/nav_msgs/msg/_grid_cells_s.c.o[0m
[145.483s] [ 94%] [32m[1mLinking C shared library rosidl_generator_py/nav_msgs/libnav_msgs__rosidl_generator_py.so[0m
[145.752s] [ 94%] Built target nav_msgs__rosidl_generator_py
[145.860s] [ 95%] [32mBuilding C object CMakeFiles/nav_msgs__rosidl_typesupport_fastrtps_c__pyext.dir/rosidl_generator_py/nav_msgs/_nav_msgs_s.ep.rosidl_typesupport_fastrtps_c.c.o[0m
[146.668s] [ 96%] [32m[1mLinking C shared library rosidl_generator_py/nav_msgs/nav_msgs_s__rosidl_typesupport_fastrtps_c.cpython-310-x86_64-linux-gnu.so[0m
[146.867s] [ 96%] Built target nav_msgs__rosidl_typesupport_fastrtps_c__pyext
[146.974s] [ 97%] [32mBuilding C object CMakeFiles/nav_msgs__rosidl_typesupport_c__pyext.dir/rosidl_generator_py/nav_msgs/_nav_msgs_s.ep.rosidl_typesupport_c.c.o[0m
[147.691s] [ 98%] [32m[1mLinking C shared library rosidl_generator_py/nav_msgs/nav_msgs_s__rosidl_typesupport_c.cpython-310-x86_64-linux-gnu.so[0m
[147.893s] [ 98%] Built target nav_msgs__rosidl_typesupport_c__pyext
[147.944s] [ 99%] [32mBuilding C object CMakeFiles/nav_msgs__rosidl_typesupport_introspection_c__pyext.dir/rosidl_generator_py/nav_msgs/_nav_msgs_s.ep.rosidl_typesupport_introspection_c.c.o[0m
[148.586s] [100%] [32m[1mLinking C shared library rosidl_generator_py/nav_msgs/nav_msgs_s__rosidl_typesupport_introspection_c.cpython-310-x86_64-linux-gnu.so[0m
[148.821s] [100%] Built target nav_msgs__rosidl_typesupport_introspection_c__pyext
[148.890s] Invoked command in '/home/aidan/GitHub/AidansRepo/TeensySwerve/build/nav_msgs' returned '0': AMENT_PREFIX_PATH=/home/aidan/GitHub/AidansRepo/TeensySwerve/install/geometry_msgs:/home/aidan/GitHub/AidansRepo/TeensySwerve/install/std_msgs:/home/aidan/GitHub/AidansRepo/TeensySwerve/install/builtin_interfaces:${AMENT_PREFIX_PATH} CMAKE_PREFIX_PATH=/home/aidan/GitHub/AidansRepo/TeensySwerve/install/geometry_msgs:/home/aidan/GitHub/AidansRepo/TeensySwerve/install/std_msgs:/home/aidan/GitHub/AidansRepo/TeensySwerve/install/builtin_interfaces:/home/aidan/GitHub/AidansRepo/TeensySwerve/install/tnsy_interfaces:/home/aidan/microros_ws/install/micro_ros_setup:/home/aidan/microros_ws/install/micro_ros_agent:/home/aidan/microros_ws/install/micro_ros_msgs:/home/aidan/GitHub/AidansRepo/TeensySwerve/install/tnsy_swrv_controller:/opt/ros/humble LD_LIBRARY_PATH=/home/aidan/GitHub/AidansRepo/TeensySwerve/install/geometry_msgs/lib:/home/aidan/GitHub/AidansRepo/TeensySwerve/install/std_msgs/lib:/home/aidan/GitHub/AidansRepo/TeensySwerve/install/builtin_interfaces/lib:${LD_LIBRARY_PATH} PYTHONPATH=/home/aidan/GitHub/AidansRepo/TeensySwerve/install/geometry_msgs/local/lib/python3.10/dist-packages:/home/aidan/GitHub/AidansRepo/TeensySwerve/install/std_msgs/local/lib/python3.10/dist-packages:/home/aidan/GitHub/AidansRepo/TeensySwerve/install/builtin_interfaces/local/lib/python3.10/dist-packages:${PYTHONPATH} /usr/bin/cmake --build /home/aidan/GitHub/AidansRepo/TeensySwerve/build/nav_msgs -- -j4 -l4
[150.183s] Invoking command in '/home/aidan/GitHub/AidansRepo/TeensySwerve/build/nav_msgs': AMENT_PREFIX_PATH=/home/aidan/GitHub/AidansRepo/TeensySwerve/install/geometry_msgs:/home/aidan/GitHub/AidansRepo/TeensySwerve/install/std_msgs:/home/aidan/GitHub/AidansRepo/TeensySwerve/install/builtin_interfaces:${AMENT_PREFIX_PATH} CMAKE_PREFIX_PATH=/home/aidan/GitHub/AidansRepo/TeensySwerve/install/geometry_msgs:/home/aidan/GitHub/AidansRepo/TeensySwerve/install/std_msgs:/home/aidan/GitHub/AidansRepo/TeensySwerve/install/builtin_interfaces:/home/aidan/GitHub/AidansRepo/TeensySwerve/install/tnsy_interfaces:/home/aidan/microros_ws/install/micro_ros_setup:/home/aidan/microros_ws/install/micro_ros_agent:/home/aidan/microros_ws/install/micro_ros_msgs:/home/aidan/GitHub/AidansRepo/TeensySwerve/install/tnsy_swrv_controller:/opt/ros/humble LD_LIBRARY_PATH=/home/aidan/GitHub/AidansRepo/TeensySwerve/install/geometry_msgs/lib:/home/aidan/GitHub/AidansRepo/TeensySwerve/install/std_msgs/lib:/home/aidan/GitHub/AidansRepo/TeensySwerve/install/builtin_interfaces/lib:${LD_LIBRARY_PATH} PYTHONPATH=/home/aidan/GitHub/AidansRepo/TeensySwerve/install/geometry_msgs/local/lib/python3.10/dist-packages:/home/aidan/GitHub/AidansRepo/TeensySwerve/install/std_msgs/local/lib/python3.10/dist-packages:/home/aidan/GitHub/AidansRepo/TeensySwerve/install/builtin_interfaces/local/lib/python3.10/dist-packages:${PYTHONPATH} /usr/bin/cmake --install /home/aidan/GitHub/AidansRepo/TeensySwerve/build/nav_msgs
[150.234s] -- Install configuration: ""
[150.236s] -- Installing: /home/aidan/GitHub/AidansRepo/TeensySwerve/install/nav_msgs/share/ament_index/resource_index/rosidl_interfaces/nav_msgs
[150.237s] -- Installing: /home/aidan/GitHub/AidansRepo/TeensySwerve/install/nav_msgs/include/nav_msgs/nav_msgs
[150.240s] -- Installing: /home/aidan/GitHub/AidansRepo/TeensySwerve/install/nav_msgs/include/nav_msgs/nav_msgs/srv
[150.240s] -- Installing: /home/aidan/GitHub/AidansRepo/TeensySwerve/install/nav_msgs/include/nav_msgs/nav_msgs/srv/load_map.h
[150.240s] -- Installing: /home/aidan/GitHub/AidansRepo/TeensySwerve/install/nav_msgs/include/nav_msgs/nav_msgs/srv/get_plan.h
[150.241s] -- Installing: /home/aidan/GitHub/AidansRepo/TeensySwerve/install/nav_msgs/include/nav_msgs/nav_msgs/srv/set_map.h
[150.241s] -- Installing: /home/aidan/GitHub/AidansRepo/TeensySwerve/install/nav_msgs/include/nav_msgs/nav_msgs/srv/detail
[150.242s] -- Installing: /home/aidan/GitHub/AidansRepo/TeensySwerve/install/nav_msgs/include/nav_msgs/nav_msgs/srv/detail/get_plan__functions.h
[150.245s] -- Installing: /home/aidan/GitHub/AidansRepo/TeensySwerve/install/nav_msgs/include/nav_msgs/nav_msgs/srv/detail/set_map__functions.c
[150.247s] -- Installing: /home/aidan/GitHub/AidansRepo/TeensySwerve/install/nav_msgs/include/nav_msgs/nav_msgs/srv/detail/get_map__struct.h
[150.251s] -- Installing: /home/aidan/GitHub/AidansRepo/TeensySwerve/install/nav_msgs/include/nav_msgs/nav_msgs/srv/detail/load_map__type_support.h
[150.252s] -- Installing: /home/aidan/GitHub/AidansRepo/TeensySwerve/install/nav_msgs/include/nav_msgs/nav_msgs/srv/detail/load_map__functions.c
[150.252s] -- Installing: /home/aidan/GitHub/AidansRepo/TeensySwerve/install/nav_msgs/include/nav_msgs/nav_msgs/srv/detail/load_map__functions.h
[150.252s] -- Installing: /home/aidan/GitHub/AidansRepo/TeensySwerve/install/nav_msgs/include/nav_msgs/nav_msgs/srv/detail/get_plan__type_support.h
[150.252s] -- Installing: /home/aidan/GitHub/AidansRepo/TeensySwerve/install/nav_msgs/include/nav_msgs/nav_msgs/srv/detail/set_map__functions.h
[150.253s] -- Installing: /home/aidan/GitHub/AidansRepo/TeensySwerve/install/nav_msgs/include/nav_msgs/nav_msgs/srv/detail/load_map__struct.h
[150.256s] -- Installing: /home/aidan/GitHub/AidansRepo/TeensySwerve/install/nav_msgs/include/nav_msgs/nav_msgs/srv/detail/get_map__functions.c
[150.256s] -- Installing: /home/aidan/GitHub/AidansRepo/TeensySwerve/install/nav_msgs/include/nav_msgs/nav_msgs/srv/detail/set_map__type_support.h
[150.256s] -- Installing: /home/aidan/GitHub/AidansRepo/TeensySwerve/install/nav_msgs/include/nav_msgs/nav_msgs/srv/detail/get_plan__functions.c
[150.256s] -- Installing: /home/aidan/GitHub/AidansRepo/TeensySwerve/install/nav_msgs/include/nav_msgs/nav_msgs/srv/detail/get_map__type_support.h
[150.258s] -- Installing: /home/aidan/GitHub/AidansRepo/TeensySwerve/install/nav_msgs/include/nav_msgs/nav_msgs/srv/detail/set_map__struct.h
[150.259s] -- Installing: /home/aidan/GitHub/AidansRepo/TeensySwerve/install/nav_msgs/include/nav_msgs/nav_msgs/srv/detail/get_map__functions.h
[150.259s] -- Installing: /home/aidan/GitHub/AidansRepo/TeensySwerve/install/nav_msgs/include/nav_msgs/nav_msgs/srv/detail/get_plan__struct.h
[150.259s] -- Installing: /home/aidan/GitHub/AidansRepo/TeensySwerve/install/nav_msgs/include/nav_msgs/nav_msgs/srv/get_map.h
[150.259s] -- Installing: /home/aidan/GitHub/AidansRepo/TeensySwerve/install/nav_msgs/include/nav_msgs/nav_msgs/msg
[150.260s] -- Installing: /home/aidan/GitHub/AidansRepo/TeensySwerve/install/nav_msgs/include/nav_msgs/nav_msgs/msg/occupancy_grid.h
[150.260s] -- Installing: /home/aidan/GitHub/AidansRepo/TeensySwerve/install/nav_msgs/include/nav_msgs/nav_msgs/msg/goals.h
[150.260s] -- Installing: /home/aidan/GitHub/AidansRepo/TeensySwerve/install/nav_msgs/include/nav_msgs/nav_msgs/msg/path.h
[150.271s] -- Installing: /home/aidan/GitHub/AidansRepo/TeensySwerve/install/nav_msgs/include/nav_msgs/nav_msgs/msg/map_meta_data.h
[150.271s] -- Installing: /home/aidan/GitHub/AidansRepo/TeensySwerve/install/nav_msgs/include/nav_msgs/nav_msgs/msg/grid_cells.h
[150.271s] -- Installing: /home/aidan/GitHub/AidansRepo/TeensySwerve/install/nav_msgs/include/nav_msgs/nav_msgs/msg/rosidl_generator_c__visibility_control.h
[150.271s] -- Installing: /home/aidan/GitHub/AidansRepo/TeensySwerve/install/nav_msgs/include/nav_msgs/nav_msgs/msg/odometry.h
[150.271s] -- Installing: /home/aidan/GitHub/AidansRepo/TeensySwerve/install/nav_msgs/include/nav_msgs/nav_msgs/msg/detail
[150.272s] -- Installing: /home/aidan/GitHub/AidansRepo/TeensySwerve/install/nav_msgs/include/nav_msgs/nav_msgs/msg/detail/occupancy_grid__type_support.h
[150.272s] -- Installing: /home/aidan/GitHub/AidansRepo/TeensySwerve/install/nav_msgs/include/nav_msgs/nav_msgs/msg/detail/goals__type_support.h
[150.272s] -- Installing: /home/aidan/GitHub/AidansRepo/TeensySwerve/install/nav_msgs/include/nav_msgs/nav_msgs/msg/detail/path__functions.c
[150.272s] -- Installing: /home/aidan/GitHub/AidansRepo/TeensySwerve/install/nav_msgs/include/nav_msgs/nav_msgs/msg/detail/goals__functions.h
[150.276s] -- Installing: /home/aidan/GitHub/AidansRepo/TeensySwerve/install/nav_msgs/include/nav_msgs/nav_msgs/msg/detail/map_meta_data__struct.h
[150.277s] -- Installing: /home/aidan/GitHub/AidansRepo/TeensySwerve/install/nav_msgs/include/nav_msgs/nav_msgs/msg/detail/grid_cells__type_support.h
[150.277s] -- Installing: /home/aidan/GitHub/AidansRepo/TeensySwerve/install/nav_msgs/include/nav_msgs/nav_msgs/msg/detail/occupancy_grid__functions.h
[150.277s] -- Installing: /home/aidan/GitHub/AidansRepo/TeensySwerve/install/nav_msgs/include/nav_msgs/nav_msgs/msg/detail/occupancy_grid__functions.c
[150.277s] -- Installing: /home/aidan/GitHub/AidansRepo/TeensySwerve/install/nav_msgs/include/nav_msgs/nav_msgs/msg/detail/path__type_support.h
[150.277s] -- Installing: /home/aidan/GitHub/AidansRepo/TeensySwerve/install/nav_msgs/include/nav_msgs/nav_msgs/msg/detail/odometry__functions.h
[150.278s] -- Installing: /home/aidan/GitHub/AidansRepo/TeensySwerve/install/nav_msgs/include/nav_msgs/nav_msgs/msg/detail/map_meta_data__functions.h
[150.278s] -- Installing: /home/aidan/GitHub/AidansRepo/TeensySwerve/install/nav_msgs/include/nav_msgs/nav_msgs/msg/detail/odometry__type_support.h
[150.281s] -- Installing: /home/aidan/GitHub/AidansRepo/TeensySwerve/install/nav_msgs/include/nav_msgs/nav_msgs/msg/detail/map_meta_data__type_support.h
[150.281s] -- Installing: /home/aidan/GitHub/AidansRepo/TeensySwerve/install/nav_msgs/include/nav_msgs/nav_msgs/msg/detail/path__struct.h
[150.281s] -- Installing: /home/aidan/GitHub/AidansRepo/TeensySwerve/install/nav_msgs/include/nav_msgs/nav_msgs/msg/detail/path__functions.h
[150.281s] -- Installing: /home/aidan/GitHub/AidansRepo/TeensySwerve/install/nav_msgs/include/nav_msgs/nav_msgs/msg/detail/occupancy_grid__struct.h
[150.282s] -- Installing: /home/aidan/GitHub/AidansRepo/TeensySwerve/install/nav_msgs/include/nav_msgs/nav_msgs/msg/detail/odometry__struct.h
[150.282s] -- Installing: /home/aidan/GitHub/AidansRepo/TeensySwerve/install/nav_msgs/include/nav_msgs/nav_msgs/msg/detail/grid_cells__functions.h
[150.289s] -- Installing: /home/aidan/GitHub/AidansRepo/TeensySwerve/install/nav_msgs/include/nav_msgs/nav_msgs/msg/detail/grid_cells__functions.c
[150.291s] -- Installing: /home/aidan/GitHub/AidansRepo/TeensySwerve/install/nav_msgs/include/nav_msgs/nav_msgs/msg/detail/odometry__functions.c
[150.295s] -- Installing: /home/aidan/GitHub/AidansRepo/TeensySwerve/install/nav_msgs/include/nav_msgs/nav_msgs/msg/detail/goals__struct.h
[150.296s] -- Installing: /home/aidan/GitHub/AidansRepo/TeensySwerve/install/nav_msgs/include/nav_msgs/nav_msgs/msg/detail/grid_cells__struct.h
[150.297s] -- Installing: /home/aidan/GitHub/AidansRepo/TeensySwerve/install/nav_msgs/include/nav_msgs/nav_msgs/msg/detail/goals__functions.c
[150.297s] -- Installing: /home/aidan/GitHub/AidansRepo/TeensySwerve/install/nav_msgs/include/nav_msgs/nav_msgs/msg/detail/map_meta_data__functions.c
[150.300s] -- Installing: /home/aidan/GitHub/AidansRepo/TeensySwerve/install/nav_msgs/share/nav_msgs/environment/library_path.sh
[150.300s] -- Installing: /home/aidan/GitHub/AidansRepo/TeensySwerve/install/nav_msgs/share/nav_msgs/environment/library_path.dsv
[150.300s] -- Installing: /home/aidan/GitHub/AidansRepo/TeensySwerve/install/nav_msgs/lib/libnav_msgs__rosidl_generator_c.so
[150.303s] -- Set runtime path of "/home/aidan/GitHub/AidansRepo/TeensySwerve/install/nav_msgs/lib/libnav_msgs__rosidl_generator_c.so" to ""
[150.304s] -- Up-to-date: /home/aidan/GitHub/AidansRepo/TeensySwerve/install/nav_msgs/include/nav_msgs/nav_msgs
[150.304s] -- Up-to-date: /home/aidan/GitHub/AidansRepo/TeensySwerve/install/nav_msgs/include/nav_msgs/nav_msgs/srv
[150.304s] -- Up-to-date: /home/aidan/GitHub/AidansRepo/TeensySwerve/install/nav_msgs/include/nav_msgs/nav_msgs/srv/detail
[150.304s] -- Installing: /home/aidan/GitHub/AidansRepo/TeensySwerve/install/nav_msgs/include/nav_msgs/nav_msgs/srv/detail/get_plan__rosidl_typesupport_fastrtps_c.h
[150.304s] -- Installing: /home/aidan/GitHub/AidansRepo/TeensySwerve/install/nav_msgs/include/nav_msgs/nav_msgs/srv/detail/set_map__rosidl_typesupport_fastrtps_c.h
[150.304s] -- Installing: /home/aidan/GitHub/AidansRepo/TeensySwerve/install/nav_msgs/include/nav_msgs/nav_msgs/srv/detail/get_map__rosidl_typesupport_fastrtps_c.h
[150.306s] -- Installing: /home/aidan/GitHub/AidansRepo/TeensySwerve/install/nav_msgs/include/nav_msgs/nav_msgs/srv/detail/load_map__rosidl_typesupport_fastrtps_c.h
[150.307s] -- Up-to-date: /home/aidan/GitHub/AidansRepo/TeensySwerve/install/nav_msgs/include/nav_msgs/nav_msgs/msg
[150.307s] -- Installing: /home/aidan/GitHub/AidansRepo/TeensySwerve/install/nav_msgs/include/nav_msgs/nav_msgs/msg/rosidl_typesupport_fastrtps_c__visibility_control.h
[150.307s] -- Up-to-date: /home/aidan/GitHub/AidansRepo/TeensySwerve/install/nav_msgs/include/nav_msgs/nav_msgs/msg/detail
[150.308s] -- Installing: /home/aidan/GitHub/AidansRepo/TeensySwerve/install/nav_msgs/include/nav_msgs/nav_msgs/msg/detail/path__rosidl_typesupport_fastrtps_c.h
[150.308s] -- Installing: /home/aidan/GitHub/AidansRepo/TeensySwerve/install/nav_msgs/include/nav_msgs/nav_msgs/msg/detail/odometry__rosidl_typesupport_fastrtps_c.h
[150.310s] -- Installing: /home/aidan/GitHub/AidansRepo/TeensySwerve/install/nav_msgs/include/nav_msgs/nav_msgs/msg/detail/occupancy_grid__rosidl_typesupport_fastrtps_c.h
[150.310s] -- Installing: /home/aidan/GitHub/AidansRepo/TeensySwerve/install/nav_msgs/include/nav_msgs/nav_msgs/msg/detail/goals__rosidl_typesupport_fastrtps_c.h
[150.311s] -- Installing: /home/aidan/GitHub/AidansRepo/TeensySwerve/install/nav_msgs/include/nav_msgs/nav_msgs/msg/detail/grid_cells__rosidl_typesupport_fastrtps_c.h
[150.311s] -- Installing: /home/aidan/GitHub/AidansRepo/TeensySwerve/install/nav_msgs/include/nav_msgs/nav_msgs/msg/detail/map_meta_data__rosidl_typesupport_fastrtps_c.h
[150.311s] -- Installing: /home/aidan/GitHub/AidansRepo/TeensySwerve/install/nav_msgs/lib/libnav_msgs__rosidl_typesupport_fastrtps_c.so
[150.311s] -- Set runtime path of "/home/aidan/GitHub/AidansRepo/TeensySwerve/install/nav_msgs/lib/libnav_msgs__rosidl_typesupport_fastrtps_c.so" to ""
[150.311s] -- Up-to-date: /home/aidan/GitHub/AidansRepo/TeensySwerve/install/nav_msgs/include/nav_msgs/nav_msgs
[150.311s] -- Up-to-date: /home/aidan/GitHub/AidansRepo/TeensySwerve/install/nav_msgs/include/nav_msgs/nav_msgs/srv
[150.312s] -- Installing: /home/aidan/GitHub/AidansRepo/TeensySwerve/install/nav_msgs/include/nav_msgs/nav_msgs/srv/set_map.hpp
[150.312s] -- Installing: /home/aidan/GitHub/AidansRepo/TeensySwerve/install/nav_msgs/include/nav_msgs/nav_msgs/srv/get_map.hpp
[150.312s] -- Installing: /home/aidan/GitHub/AidansRepo/TeensySwerve/install/nav_msgs/include/nav_msgs/nav_msgs/srv/load_map.hpp
[150.312s] -- Installing: /home/aidan/GitHub/AidansRepo/TeensySwerve/install/nav_msgs/include/nav_msgs/nav_msgs/srv/get_plan.hpp
[150.312s] -- Up-to-date: /home/aidan/GitHub/AidansRepo/TeensySwerve/install/nav_msgs/include/nav_msgs/nav_msgs/srv/detail
[150.312s] -- Installing: /home/aidan/GitHub/AidansRepo/TeensySwerve/install/nav_msgs/include/nav_msgs/nav_msgs/srv/detail/set_map__type_support.hpp
[150.318s] -- Installing: /home/aidan/GitHub/AidansRepo/TeensySwerve/install/nav_msgs/include/nav_msgs/nav_msgs/srv/detail/get_plan__type_support.hpp
[150.318s] -- Installing: /home/aidan/GitHub/AidansRepo/TeensySwerve/install/nav_msgs/include/nav_msgs/nav_msgs/srv/detail/get_map__builder.hpp
[150.319s] -- Installing: /home/aidan/GitHub/AidansRepo/TeensySwerve/install/nav_msgs/include/nav_msgs/nav_msgs/srv/detail/get_map__struct.hpp
[150.319s] -- Installing: /home/aidan/GitHub/AidansRepo/TeensySwerve/install/nav_msgs/include/nav_msgs/nav_msgs/srv/detail/set_map__struct.hpp
[150.319s] -- Installing: /home/aidan/GitHub/AidansRepo/TeensySwerve/install/nav_msgs/include/nav_msgs/nav_msgs/srv/detail/get_plan__builder.hpp
[150.319s] -- Installing: /home/aidan/GitHub/AidansRepo/TeensySwerve/install/nav_msgs/include/nav_msgs/nav_msgs/srv/detail/load_map__type_support.hpp
[150.321s] -- Installing: /home/aidan/GitHub/AidansRepo/TeensySwerve/install/nav_msgs/include/nav_msgs/nav_msgs/srv/detail/get_map__traits.hpp
[150.323s] -- Installing: /home/aidan/GitHub/AidansRepo/TeensySwerve/install/nav_msgs/include/nav_msgs/nav_msgs/srv/detail/load_map__traits.hpp
[150.324s] -- Installing: /home/aidan/GitHub/AidansRepo/TeensySwerve/install/nav_msgs/include/nav_msgs/nav_msgs/srv/detail/load_map__struct.hpp
[150.324s] -- Installing: /home/aidan/GitHub/AidansRepo/TeensySwerve/install/nav_msgs/include/nav_msgs/nav_msgs/srv/detail/get_plan__struct.hpp
[150.326s] -- Installing: /home/aidan/GitHub/AidansRepo/TeensySwerve/install/nav_msgs/include/nav_msgs/nav_msgs/srv/detail/get_plan__traits.hpp
[150.326s] -- Installing: /home/aidan/GitHub/AidansRepo/TeensySwerve/install/nav_msgs/include/nav_msgs/nav_msgs/srv/detail/set_map__traits.hpp
[150.326s] -- Installing: /home/aidan/GitHub/AidansRepo/TeensySwerve/install/nav_msgs/include/nav_msgs/nav_msgs/srv/detail/load_map__builder.hpp
[150.327s] -- Installing: /home/aidan/GitHub/AidansRepo/TeensySwerve/install/nav_msgs/include/nav_msgs/nav_msgs/srv/detail/set_map__builder.hpp
[150.327s] -- Installing: /home/aidan/GitHub/AidansRepo/TeensySwerve/install/nav_msgs/include/nav_msgs/nav_msgs/srv/detail/get_map__type_support.hpp
[150.329s] -- Up-to-date: /home/aidan/GitHub/AidansRepo/TeensySwerve/install/nav_msgs/include/nav_msgs/nav_msgs/msg
[150.329s] -- Installing: /home/aidan/GitHub/AidansRepo/TeensySwerve/install/nav_msgs/include/nav_msgs/nav_msgs/msg/map_meta_data.hpp
[150.329s] -- Installing: /home/aidan/GitHub/AidansRepo/TeensySwerve/install/nav_msgs/include/nav_msgs/nav_msgs/msg/goals.hpp
[150.331s] -- Installing: /home/aidan/GitHub/AidansRepo/TeensySwerve/install/nav_msgs/include/nav_msgs/nav_msgs/msg/occupancy_grid.hpp
[150.332s] -- Installing: /home/aidan/GitHub/AidansRepo/TeensySwerve/install/nav_msgs/include/nav_msgs/nav_msgs/msg/path.hpp
[150.332s] -- Installing: /home/aidan/GitHub/AidansRepo/TeensySwerve/install/nav_msgs/include/nav_msgs/nav_msgs/msg/grid_cells.hpp
[150.334s] -- Installing: /home/aidan/GitHub/AidansRepo/TeensySwerve/install/nav_msgs/include/nav_msgs/nav_msgs/msg/odometry.hpp
[150.335s] -- Up-to-date: /home/aidan/GitHub/AidansRepo/TeensySwerve/install/nav_msgs/include/nav_msgs/nav_msgs/msg/detail
[150.335s] -- Installing: /home/aidan/GitHub/AidansRepo/TeensySwerve/install/nav_msgs/include/nav_msgs/nav_msgs/msg/detail/occupancy_grid__builder.hpp
[150.335s] -- Installing: /home/aidan/GitHub/AidansRepo/TeensySwerve/install/nav_msgs/include/nav_msgs/nav_msgs/msg/detail/occupancy_grid__struct.hpp
[150.336s] -- Installing: /home/aidan/GitHub/AidansRepo/TeensySwerve/install/nav_msgs/include/nav_msgs/nav_msgs/msg/detail/map_meta_data__traits.hpp
[150.336s] -- Installing: /home/aidan/GitHub/AidansRepo/TeensySwerve/install/nav_msgs/include/nav_msgs/nav_msgs/msg/detail/odometry__type_support.hpp
[150.336s] -- Installing: /home/aidan/GitHub/AidansRepo/TeensySwerve/install/nav_msgs/include/nav_msgs/nav_msgs/msg/detail/occupancy_grid__type_support.hpp
[150.336s] -- Installing: /home/aidan/GitHub/AidansRepo/TeensySwerve/install/nav_msgs/include/nav_msgs/nav_msgs/msg/detail/occupancy_grid__traits.hpp
[150.336s] -- Installing: /home/aidan/GitHub/AidansRepo/TeensySwerve/install/nav_msgs/include/nav_msgs/nav_msgs/msg/detail/goals__type_support.hpp
[150.336s] -- Installing: /home/aidan/GitHub/AidansRepo/TeensySwerve/install/nav_msgs/include/nav_msgs/nav_msgs/msg/detail/path__traits.hpp
[150.337s] -- Installing: /home/aidan/GitHub/AidansRepo/TeensySwerve/install/nav_msgs/include/nav_msgs/nav_msgs/msg/detail/map_meta_data__type_support.hpp
[150.340s] -- Installing: /home/aidan/GitHub/AidansRepo/TeensySwerve/install/nav_msgs/include/nav_msgs/nav_msgs/msg/detail/path__builder.hpp
[150.341s] -- Installing: /home/aidan/GitHub/AidansRepo/TeensySwerve/install/nav_msgs/include/nav_msgs/nav_msgs/msg/detail/grid_cells__struct.hpp
[150.342s] -- Installing: /home/aidan/GitHub/AidansRepo/TeensySwerve/install/nav_msgs/include/nav_msgs/nav_msgs/msg/detail/map_meta_data__struct.hpp
[150.342s] -- Installing: /home/aidan/GitHub/AidansRepo/TeensySwerve/install/nav_msgs/include/nav_msgs/nav_msgs/msg/detail/grid_cells__type_support.hpp
[150.342s] -- Installing: /home/aidan/GitHub/AidansRepo/TeensySwerve/install/nav_msgs/include/nav_msgs/nav_msgs/msg/detail/goals__struct.hpp
[150.342s] -- Installing: /home/aidan/GitHub/AidansRepo/TeensySwerve/install/nav_msgs/include/nav_msgs/nav_msgs/msg/detail/map_meta_data__builder.hpp
[150.342s] -- Installing: /home/aidan/GitHub/AidansRepo/TeensySwerve/install/nav_msgs/include/nav_msgs/nav_msgs/msg/detail/grid_cells__builder.hpp
[150.342s] -- Installing: /home/aidan/GitHub/AidansRepo/TeensySwerve/install/nav_msgs/include/nav_msgs/nav_msgs/msg/detail/grid_cells__traits.hpp
[150.343s] -- Installing: /home/aidan/GitHub/AidansRepo/TeensySwerve/install/nav_msgs/include/nav_msgs/nav_msgs/msg/detail/goals__builder.hpp
[150.346s] -- Installing: /home/aidan/GitHub/AidansRepo/TeensySwerve/install/nav_msgs/include/nav_msgs/nav_msgs/msg/detail/odometry__traits.hpp
[150.348s] -- Installing: /home/aidan/GitHub/AidansRepo/TeensySwerve/install/nav_msgs/include/nav_msgs/nav_msgs/msg/detail/goals__traits.hpp
[150.349s] -- Installing: /home/aidan/GitHub/AidansRepo/TeensySwerve/install/nav_msgs/include/nav_msgs/nav_msgs/msg/detail/odometry__struct.hpp
[150.349s] -- Installing: /home/aidan/GitHub/AidansRepo/TeensySwerve/install/nav_msgs/include/nav_msgs/nav_msgs/msg/detail/odometry__builder.hpp
[150.349s] -- Installing: /home/aidan/GitHub/AidansRepo/TeensySwerve/install/nav_msgs/include/nav_msgs/nav_msgs/msg/detail/path__struct.hpp
[150.351s] -- Installing: /home/aidan/GitHub/AidansRepo/TeensySwerve/install/nav_msgs/include/nav_msgs/nav_msgs/msg/detail/path__type_support.hpp
[150.351s] -- Installing: /home/aidan/GitHub/AidansRepo/TeensySwerve/install/nav_msgs/include/nav_msgs/nav_msgs/msg/rosidl_generator_cpp__visibility_control.hpp
[150.352s] -- Up-to-date: /home/aidan/GitHub/AidansRepo/TeensySwerve/install/nav_msgs/include/nav_msgs/nav_msgs
[150.352s] -- Up-to-date: /home/aidan/GitHub/AidansRepo/TeensySwerve/install/nav_msgs/include/nav_msgs/nav_msgs/srv
[150.352s] -- Up-to-date: /home/aidan/GitHub/AidansRepo/TeensySwerve/install/nav_msgs/include/nav_msgs/nav_msgs/srv/detail
[150.352s] -- Installing: /home/aidan/GitHub/AidansRepo/TeensySwerve/install/nav_msgs/include/nav_msgs/nav_msgs/srv/detail/dds_fastrtps
[150.352s] -- Installing: /home/aidan/GitHub/AidansRepo/TeensySwerve/install/nav_msgs/include/nav_msgs/nav_msgs/srv/detail/get_plan__rosidl_typesupport_fastrtps_cpp.hpp
[150.353s] -- Installing: /home/aidan/GitHub/AidansRepo/TeensySwerve/install/nav_msgs/include/nav_msgs/nav_msgs/srv/detail/load_map__rosidl_typesupport_fastrtps_cpp.hpp
[150.353s] -- Installing: /home/aidan/GitHub/AidansRepo/TeensySwerve/install/nav_msgs/include/nav_msgs/nav_msgs/srv/detail/get_map__rosidl_typesupport_fastrtps_cpp.hpp
[150.353s] -- Installing: /home/aidan/GitHub/AidansRepo/TeensySwerve/install/nav_msgs/include/nav_msgs/nav_msgs/srv/detail/set_map__rosidl_typesupport_fastrtps_cpp.hpp
[150.353s] -- Up-to-date: /home/aidan/GitHub/AidansRepo/TeensySwerve/install/nav_msgs/include/nav_msgs/nav_msgs/msg
[150.353s] -- Installing: /home/aidan/GitHub/AidansRepo/TeensySwerve/install/nav_msgs/include/nav_msgs/nav_msgs/msg/rosidl_typesupport_fastrtps_cpp__visibility_control.h
[150.360s] -- Up-to-date: /home/aidan/GitHub/AidansRepo/TeensySwerve/install/nav_msgs/include/nav_msgs/nav_msgs/msg/detail
[150.361s] -- Installing: /home/aidan/GitHub/AidansRepo/TeensySwerve/install/nav_msgs/include/nav_msgs/nav_msgs/msg/detail/occupancy_grid__rosidl_typesupport_fastrtps_cpp.hpp
[150.361s] -- Installing: /home/aidan/GitHub/AidansRepo/TeensySwerve/install/nav_msgs/include/nav_msgs/nav_msgs/msg/detail/dds_fastrtps
[150.362s] -- Installing: /home/aidan/GitHub/AidansRepo/TeensySwerve/install/nav_msgs/include/nav_msgs/nav_msgs/msg/detail/map_meta_data__rosidl_typesupport_fastrtps_cpp.hpp
[150.362s] -- Installing: /home/aidan/GitHub/AidansRepo/TeensySwerve/install/nav_msgs/include/nav_msgs/nav_msgs/msg/detail/goals__rosidl_typesupport_fastrtps_cpp.hpp
[150.363s] -- Installing: /home/aidan/GitHub/AidansRepo/TeensySwerve/install/nav_msgs/include/nav_msgs/nav_msgs/msg/detail/grid_cells__rosidl_typesupport_fastrtps_cpp.hpp
[150.363s] -- Installing: /home/aidan/GitHub/AidansRepo/TeensySwerve/install/nav_msgs/include/nav_msgs/nav_msgs/msg/detail/odometry__rosidl_typesupport_fastrtps_cpp.hpp
[150.363s] -- Installing: /home/aidan/GitHub/AidansRepo/TeensySwerve/install/nav_msgs/include/nav_msgs/nav_msgs/msg/detail/path__rosidl_typesupport_fastrtps_cpp.hpp
[150.366s] -- Installing: /home/aidan/GitHub/AidansRepo/TeensySwerve/install/nav_msgs/lib/libnav_msgs__rosidl_typesupport_fastrtps_cpp.so
[150.368s] -- Set runtime path of "/home/aidan/GitHub/AidansRepo/TeensySwerve/install/nav_msgs/lib/libnav_msgs__rosidl_typesupport_fastrtps_cpp.so" to ""
[150.368s] -- Up-to-date: /home/aidan/GitHub/AidansRepo/TeensySwerve/install/nav_msgs/include/nav_msgs/nav_msgs
[150.368s] -- Up-to-date: /home/aidan/GitHub/AidansRepo/TeensySwerve/install/nav_msgs/include/nav_msgs/nav_msgs/srv
[150.371s] -- Up-to-date: /home/aidan/GitHub/AidansRepo/TeensySwerve/install/nav_msgs/include/nav_msgs/nav_msgs/srv/detail
[150.372s] -- Installing: /home/aidan/GitHub/AidansRepo/TeensySwerve/install/nav_msgs/include/nav_msgs/nav_msgs/srv/detail/set_map__rosidl_typesupport_introspection_c.h
[150.372s] -- Installing: /home/aidan/GitHub/AidansRepo/TeensySwerve/install/nav_msgs/include/nav_msgs/nav_msgs/srv/detail/load_map__rosidl_typesupport_introspection_c.h
[150.372s] -- Installing: /home/aidan/GitHub/AidansRepo/TeensySwerve/install/nav_msgs/include/nav_msgs/nav_msgs/srv/detail/get_plan__type_support.c
[150.372s] -- Installing: /home/aidan/GitHub/AidansRepo/TeensySwerve/install/nav_msgs/include/nav_msgs/nav_msgs/srv/detail/set_map__type_support.c
[150.372s] -- Installing: /home/aidan/GitHub/AidansRepo/TeensySwerve/install/nav_msgs/include/nav_msgs/nav_msgs/srv/detail/load_map__type_support.c
[150.374s] -- Installing: /home/aidan/GitHub/AidansRepo/TeensySwerve/install/nav_msgs/include/nav_msgs/nav_msgs/srv/detail/get_map__type_support.c
[150.374s] -- Installing: /home/aidan/GitHub/AidansRepo/TeensySwerve/install/nav_msgs/include/nav_msgs/nav_msgs/srv/detail/get_map__rosidl_typesupport_introspection_c.h
[150.374s] -- Installing: /home/aidan/GitHub/AidansRepo/TeensySwerve/install/nav_msgs/include/nav_msgs/nav_msgs/srv/detail/get_plan__rosidl_typesupport_introspection_c.h
[150.374s] -- Up-to-date: /home/aidan/GitHub/AidansRepo/TeensySwerve/install/nav_msgs/include/nav_msgs/nav_msgs/msg
[150.376s] -- Up-to-date: /home/aidan/GitHub/AidansRepo/TeensySwerve/install/nav_msgs/include/nav_msgs/nav_msgs/msg/detail
[150.377s] -- Installing: /home/aidan/GitHub/AidansRepo/TeensySwerve/install/nav_msgs/include/nav_msgs/nav_msgs/msg/detail/grid_cells__type_support.c
[150.377s] -- Installing: /home/aidan/GitHub/AidansRepo/TeensySwerve/install/nav_msgs/include/nav_msgs/nav_msgs/msg/detail/grid_cells__rosidl_typesupport_introspection_c.h
[150.377s] -- Installing: /home/aidan/GitHub/AidansRepo/TeensySwerve/install/nav_msgs/include/nav_msgs/nav_msgs/msg/detail/odometry__type_support.c
[150.377s] -- Installing: /home/aidan/GitHub/AidansRepo/TeensySwerve/install/nav_msgs/include/nav_msgs/nav_msgs/msg/detail/map_meta_data__rosidl_typesupport_introspection_c.h
[150.377s] -- Installing: /home/aidan/GitHub/AidansRepo/TeensySwerve/install/nav_msgs/include/nav_msgs/nav_msgs/msg/detail/odometry__rosidl_typesupport_introspection_c.h
[150.377s] -- Installing: /home/aidan/GitHub/AidansRepo/TeensySwerve/install/nav_msgs/include/nav_msgs/nav_msgs/msg/detail/goals__type_support.c
[150.379s] -- Installing: /home/aidan/GitHub/AidansRepo/TeensySwerve/install/nav_msgs/include/nav_msgs/nav_msgs/msg/detail/path__type_support.c
[150.379s] -- Installing: /home/aidan/GitHub/AidansRepo/TeensySwerve/install/nav_msgs/include/nav_msgs/nav_msgs/msg/detail/occupancy_grid__rosidl_typesupport_introspection_c.h
[150.380s] -- Installing: /home/aidan/GitHub/AidansRepo/TeensySwerve/install/nav_msgs/include/nav_msgs/nav_msgs/msg/detail/occupancy_grid__type_support.c
[150.381s] -- Installing: /home/aidan/GitHub/AidansRepo/TeensySwerve/install/nav_msgs/include/nav_msgs/nav_msgs/msg/detail/path__rosidl_typesupport_introspection_c.h
[150.381s] -- Installing: /home/aidan/GitHub/AidansRepo/TeensySwerve/install/nav_msgs/include/nav_msgs/nav_msgs/msg/detail/goals__rosidl_typesupport_introspection_c.h
[150.381s] -- Installing: /home/aidan/GitHub/AidansRepo/TeensySwerve/install/nav_msgs/include/nav_msgs/nav_msgs/msg/detail/map_meta_data__type_support.c
[150.381s] -- Installing: /home/aidan/GitHub/AidansRepo/TeensySwerve/install/nav_msgs/include/nav_msgs/nav_msgs/msg/rosidl_typesupport_introspection_c__visibility_control.h
[150.381s] -- Installing: /home/aidan/GitHub/AidansRepo/TeensySwerve/install/nav_msgs/lib/libnav_msgs__rosidl_typesupport_introspection_c.so
[150.381s] -- Set runtime path of "/home/aidan/GitHub/AidansRepo/TeensySwerve/install/nav_msgs/lib/libnav_msgs__rosidl_typesupport_introspection_c.so" to ""
[150.382s] -- Installing: /home/aidan/GitHub/AidansRepo/TeensySwerve/install/nav_msgs/lib/libnav_msgs__rosidl_typesupport_c.so
[150.382s] -- Set runtime path of "/home/aidan/GitHub/AidansRepo/TeensySwerve/install/nav_msgs/lib/libnav_msgs__rosidl_typesupport_c.so" to ""
[150.382s] -- Up-to-date: /home/aidan/GitHub/AidansRepo/TeensySwerve/install/nav_msgs/include/nav_msgs/nav_msgs
[150.385s] -- Up-to-date: /home/aidan/GitHub/AidansRepo/TeensySwerve/install/nav_msgs/include/nav_msgs/nav_msgs/srv
[150.385s] -- Up-to-date: /home/aidan/GitHub/AidansRepo/TeensySwerve/install/nav_msgs/include/nav_msgs/nav_msgs/srv/detail
[150.385s] -- Installing: /home/aidan/GitHub/AidansRepo/TeensySwerve/install/nav_msgs/include/nav_msgs/nav_msgs/srv/detail/get_plan__type_support.cpp
[150.385s] -- Installing: /home/aidan/GitHub/AidansRepo/TeensySwerve/install/nav_msgs/include/nav_msgs/nav_msgs/srv/detail/set_map__type_support.cpp
[150.385s] -- Installing: /home/aidan/GitHub/AidansRepo/TeensySwerve/install/nav_msgs/include/nav_msgs/nav_msgs/srv/detail/load_map__type_support.cpp
[150.385s] -- Installing: /home/aidan/GitHub/AidansRepo/TeensySwerve/install/nav_msgs/include/nav_msgs/nav_msgs/srv/detail/set_map__rosidl_typesupport_introspection_cpp.hpp
[150.386s] -- Installing: /home/aidan/GitHub/AidansRepo/TeensySwerve/install/nav_msgs/include/nav_msgs/nav_msgs/srv/detail/get_map__type_support.cpp
[150.386s] -- Installing: /home/aidan/GitHub/AidansRepo/TeensySwerve/install/nav_msgs/include/nav_msgs/nav_msgs/srv/detail/get_plan__rosidl_typesupport_introspection_cpp.hpp
[150.386s] -- Installing: /home/aidan/GitHub/AidansRepo/TeensySwerve/install/nav_msgs/include/nav_msgs/nav_msgs/srv/detail/get_map__rosidl_typesupport_introspection_cpp.hpp
[150.388s] -- Installing: /home/aidan/GitHub/AidansRepo/TeensySwerve/install/nav_msgs/include/nav_msgs/nav_msgs/srv/detail/load_map__rosidl_typesupport_introspection_cpp.hpp
[150.388s] -- Up-to-date: /home/aidan/GitHub/AidansRepo/TeensySwerve/install/nav_msgs/include/nav_msgs/nav_msgs/msg
[150.388s] -- Up-to-date: /home/aidan/GitHub/AidansRepo/TeensySwerve/install/nav_msgs/include/nav_msgs/nav_msgs/msg/detail
[150.389s] -- Installing: /home/aidan/GitHub/AidansRepo/TeensySwerve/install/nav_msgs/include/nav_msgs/nav_msgs/msg/detail/grid_cells__rosidl_typesupport_introspection_cpp.hpp
[150.391s] -- Installing: /home/aidan/GitHub/AidansRepo/TeensySwerve/install/nav_msgs/include/nav_msgs/nav_msgs/msg/detail/goals__type_support.cpp
[150.391s] -- Installing: /home/aidan/GitHub/AidansRepo/TeensySwerve/install/nav_msgs/include/nav_msgs/nav_msgs/msg/detail/path__rosidl_typesupport_introspection_cpp.hpp
[150.391s] -- Installing: /home/aidan/GitHub/AidansRepo/TeensySwerve/install/nav_msgs/include/nav_msgs/nav_msgs/msg/detail/odometry__type_support.cpp
[150.391s] -- Installing: /home/aidan/GitHub/AidansRepo/TeensySwerve/install/nav_msgs/include/nav_msgs/nav_msgs/msg/detail/odometry__rosidl_typesupport_introspection_cpp.hpp
[150.391s] -- Installing: /home/aidan/GitHub/AidansRepo/TeensySwerve/install/nav_msgs/include/nav_msgs/nav_msgs/msg/detail/grid_cells__type_support.cpp
[150.392s] -- Installing: /home/aidan/GitHub/AidansRepo/TeensySwerve/install/nav_msgs/include/nav_msgs/nav_msgs/msg/detail/map_meta_data__rosidl_typesupport_introspection_cpp.hpp
[150.392s] -- Installing: /home/aidan/GitHub/AidansRepo/TeensySwerve/install/nav_msgs/include/nav_msgs/nav_msgs/msg/detail/occupancy_grid__type_support.cpp
[150.394s] -- Installing: /home/aidan/GitHub/AidansRepo/TeensySwerve/install/nav_msgs/include/nav_msgs/nav_msgs/msg/detail/path__type_support.cpp
[150.394s] -- Installing: /home/aidan/GitHub/AidansRepo/TeensySwerve/install/nav_msgs/include/nav_msgs/nav_msgs/msg/detail/goals__rosidl_typesupport_introspection_cpp.hpp
[150.395s] -- Installing: /home/aidan/GitHub/AidansRepo/TeensySwerve/install/nav_msgs/include/nav_msgs/nav_msgs/msg/detail/map_meta_data__type_support.cpp
[150.397s] -- Installing: /home/aidan/GitHub/AidansRepo/TeensySwerve/install/nav_msgs/include/nav_msgs/nav_msgs/msg/detail/occupancy_grid__rosidl_typesupport_introspection_cpp.hpp
[150.397s] -- Installing: /home/aidan/GitHub/AidansRepo/TeensySwerve/install/nav_msgs/lib/libnav_msgs__rosidl_typesupport_introspection_cpp.so
[150.400s] -- Set runtime path of "/home/aidan/GitHub/AidansRepo/TeensySwerve/install/nav_msgs/lib/libnav_msgs__rosidl_typesupport_introspection_cpp.so" to ""
[150.401s] -- Installing: /home/aidan/GitHub/AidansRepo/TeensySwerve/install/nav_msgs/lib/libnav_msgs__rosidl_typesupport_cpp.so
[150.403s] -- Set runtime path of "/home/aidan/GitHub/AidansRepo/TeensySwerve/install/nav_msgs/lib/libnav_msgs__rosidl_typesupport_cpp.so" to ""
[150.404s] -- Installing: /home/aidan/GitHub/AidansRepo/TeensySwerve/install/nav_msgs/share/nav_msgs/environment/pythonpath.sh
[150.404s] -- Installing: /home/aidan/GitHub/AidansRepo/TeensySwerve/install/nav_msgs/share/nav_msgs/environment/pythonpath.dsv
[150.406s] -- Installing: /home/aidan/GitHub/AidansRepo/TeensySwerve/install/nav_msgs/local/lib/python3.10/dist-packages/nav_msgs-4.8.0-py3.10.egg-info
[150.407s] -- Installing: /home/aidan/GitHub/AidansRepo/TeensySwerve/install/nav_msgs/local/lib/python3.10/dist-packages/nav_msgs-4.8.0-py3.10.egg-info/PKG-INFO
[150.407s] -- Installing: /home/aidan/GitHub/AidansRepo/TeensySwerve/install/nav_msgs/local/lib/python3.10/dist-packages/nav_msgs-4.8.0-py3.10.egg-info/SOURCES.txt
[150.407s] -- Installing: /home/aidan/GitHub/AidansRepo/TeensySwerve/install/nav_msgs/local/lib/python3.10/dist-packages/nav_msgs-4.8.0-py3.10.egg-info/dependency_links.txt
[150.408s] -- Installing: /home/aidan/GitHub/AidansRepo/TeensySwerve/install/nav_msgs/local/lib/python3.10/dist-packages/nav_msgs-4.8.0-py3.10.egg-info/top_level.txt
[150.408s] -- Installing: /home/aidan/GitHub/AidansRepo/TeensySwerve/install/nav_msgs/local/lib/python3.10/dist-packages/nav_msgs
[150.409s] -- Installing: /home/aidan/GitHub/AidansRepo/TeensySwerve/install/nav_msgs/local/lib/python3.10/dist-packages/nav_msgs/_nav_msgs_s.ep.rosidl_typesupport_introspection_c.c
[150.409s] -- Installing: /home/aidan/GitHub/AidansRepo/TeensySwerve/install/nav_msgs/local/lib/python3.10/dist-packages/nav_msgs/nav_msgs_s__rosidl_typesupport_introspection_c.cpython-310-x86_64-linux-gnu.so
[150.409s] -- Installing: /home/aidan/GitHub/AidansRepo/TeensySwerve/install/nav_msgs/local/lib/python3.10/dist-packages/nav_msgs/srv
[150.409s] -- Installing: /home/aidan/GitHub/AidansRepo/TeensySwerve/install/nav_msgs/local/lib/python3.10/dist-packages/nav_msgs/srv/_load_map.py
[150.413s] -- Installing: /home/aidan/GitHub/AidansRepo/TeensySwerve/install/nav_msgs/local/lib/python3.10/dist-packages/nav_msgs/srv/_load_map_s.c
[150.413s] -- Installing: /home/aidan/GitHub/AidansRepo/TeensySwerve/install/nav_msgs/local/lib/python3.10/dist-packages/nav_msgs/srv/_get_plan_s.c
[150.414s] -- Installing: /home/aidan/GitHub/AidansRepo/TeensySwerve/install/nav_msgs/local/lib/python3.10/dist-packages/nav_msgs/srv/_get_map.py
[150.417s] -- Installing: /home/aidan/GitHub/AidansRepo/TeensySwerve/install/nav_msgs/local/lib/python3.10/dist-packages/nav_msgs/srv/_get_map_s.c
[150.419s] -- Installing: /home/aidan/GitHub/AidansRepo/TeensySwerve/install/nav_msgs/local/lib/python3.10/dist-packages/nav_msgs/srv/__init__.py
[150.419s] -- Installing: /home/aidan/GitHub/AidansRepo/TeensySwerve/install/nav_msgs/local/lib/python3.10/dist-packages/nav_msgs/srv/_get_plan.py
[150.421s] -- Installing: /home/aidan/GitHub/AidansRepo/TeensySwerve/install/nav_msgs/local/lib/python3.10/dist-packages/nav_msgs/srv/_set_map_s.c
[150.422s] -- Installing: /home/aidan/GitHub/AidansRepo/TeensySwerve/install/nav_msgs/local/lib/python3.10/dist-packages/nav_msgs/srv/_set_map.py
[150.422s] -- Installing: /home/aidan/GitHub/AidansRepo/TeensySwerve/install/nav_msgs/local/lib/python3.10/dist-packages/nav_msgs/nav_msgs_s__rosidl_typesupport_fastrtps_c.cpython-310-x86_64-linux-gnu.so
[150.424s] -- Installing: /home/aidan/GitHub/AidansRepo/TeensySwerve/install/nav_msgs/local/lib/python3.10/dist-packages/nav_msgs/__init__.py
[150.428s] -- Installing: /home/aidan/GitHub/AidansRepo/TeensySwerve/install/nav_msgs/local/lib/python3.10/dist-packages/nav_msgs/msg
[150.428s] -- Installing: /home/aidan/GitHub/AidansRepo/TeensySwerve/install/nav_msgs/local/lib/python3.10/dist-packages/nav_msgs/msg/_grid_cells.py
[150.433s] -- Installing: /home/aidan/GitHub/AidansRepo/TeensySwerve/install/nav_msgs/local/lib/python3.10/dist-packages/nav_msgs/msg/_odometry_s.c
[150.433s] -- Installing: /home/aidan/GitHub/AidansRepo/TeensySwerve/install/nav_msgs/local/lib/python3.10/dist-packages/nav_msgs/msg/_occupancy_grid_s.c
[150.438s] -- Installing: /home/aidan/GitHub/AidansRepo/TeensySwerve/install/nav_msgs/local/lib/python3.10/dist-packages/nav_msgs/msg/_goals.py
[150.439s] -- Installing: /home/aidan/GitHub/AidansRepo/TeensySwerve/install/nav_msgs/local/lib/python3.10/dist-packages/nav_msgs/msg/__init__.py
[150.439s] -- Installing: /home/aidan/GitHub/AidansRepo/TeensySwerve/install/nav_msgs/local/lib/python3.10/dist-packages/nav_msgs/msg/_grid_cells_s.c
[150.439s] -- Installing: /home/aidan/GitHub/AidansRepo/TeensySwerve/install/nav_msgs/local/lib/python3.10/dist-packages/nav_msgs/msg/_path_s.c
[150.440s] -- Installing: /home/aidan/GitHub/AidansRepo/TeensySwerve/install/nav_msgs/local/lib/python3.10/dist-packages/nav_msgs/msg/_path.py
[150.440s] -- Installing: /home/aidan/GitHub/AidansRepo/TeensySwerve/install/nav_msgs/local/lib/python3.10/dist-packages/nav_msgs/msg/_map_meta_data_s.c
[150.442s] -- Installing: /home/aidan/GitHub/AidansRepo/TeensySwerve/install/nav_msgs/local/lib/python3.10/dist-packages/nav_msgs/msg/_goals_s.c
[150.442s] -- Installing: /home/aidan/GitHub/AidansRepo/TeensySwerve/install/nav_msgs/local/lib/python3.10/dist-packages/nav_msgs/msg/_odometry.py
[150.442s] -- Installing: /home/aidan/GitHub/AidansRepo/TeensySwerve/install/nav_msgs/local/lib/python3.10/dist-packages/nav_msgs/msg/_occupancy_grid.py
[150.442s] -- Installing: /home/aidan/GitHub/AidansRepo/TeensySwerve/install/nav_msgs/local/lib/python3.10/dist-packages/nav_msgs/msg/_map_meta_data.py
[150.443s] -- Installing: /home/aidan/GitHub/AidansRepo/TeensySwerve/install/nav_msgs/local/lib/python3.10/dist-packages/nav_msgs/_nav_msgs_s.ep.rosidl_typesupport_c.c
[150.447s] -- Installing: /home/aidan/GitHub/AidansRepo/TeensySwerve/install/nav_msgs/local/lib/python3.10/dist-packages/nav_msgs/libnav_msgs__rosidl_generator_py.so
[150.448s] -- Installing: /home/aidan/GitHub/AidansRepo/TeensySwerve/install/nav_msgs/local/lib/python3.10/dist-packages/nav_msgs/nav_msgs_s__rosidl_typesupport_c.cpython-310-x86_64-linux-gnu.so
[150.448s] -- Installing: /home/aidan/GitHub/AidansRepo/TeensySwerve/install/nav_msgs/local/lib/python3.10/dist-packages/nav_msgs/_nav_msgs_s.ep.rosidl_typesupport_fastrtps_c.c
[150.783s] Listing '/home/aidan/GitHub/AidansRepo/TeensySwerve/install/nav_msgs/local/lib/python3.10/dist-packages/nav_msgs'...
[150.783s] Compiling '/home/aidan/GitHub/AidansRepo/TeensySwerve/install/nav_msgs/local/lib/python3.10/dist-packages/nav_msgs/__init__.py'...
[150.783s] Listing '/home/aidan/GitHub/AidansRepo/TeensySwerve/install/nav_msgs/local/lib/python3.10/dist-packages/nav_msgs/msg'...
[150.790s] Compiling '/home/aidan/GitHub/AidansRepo/TeensySwerve/install/nav_msgs/local/lib/python3.10/dist-packages/nav_msgs/msg/__init__.py'...
[150.790s] Compiling '/home/aidan/GitHub/AidansRepo/TeensySwerve/install/nav_msgs/local/lib/python3.10/dist-packages/nav_msgs/msg/_goals.py'...
[150.793s] Compiling '/home/aidan/GitHub/AidansRepo/TeensySwerve/install/nav_msgs/local/lib/python3.10/dist-packages/nav_msgs/msg/_grid_cells.py'...
[150.793s] Compiling '/home/aidan/GitHub/AidansRepo/TeensySwerve/install/nav_msgs/local/lib/python3.10/dist-packages/nav_msgs/msg/_map_meta_data.py'...
[150.793s] Compiling '/home/aidan/GitHub/AidansRepo/TeensySwerve/install/nav_msgs/local/lib/python3.10/dist-packages/nav_msgs/msg/_occupancy_grid.py'...
[150.794s] Compiling '/home/aidan/GitHub/AidansRepo/TeensySwerve/install/nav_msgs/local/lib/python3.10/dist-packages/nav_msgs/msg/_odometry.py'...
[150.794s] Compiling '/home/aidan/GitHub/AidansRepo/TeensySwerve/install/nav_msgs/local/lib/python3.10/dist-packages/nav_msgs/msg/_path.py'...
[150.794s] Listing '/home/aidan/GitHub/AidansRepo/TeensySwerve/install/nav_msgs/local/lib/python3.10/dist-packages/nav_msgs/srv'...
[150.794s] Compiling '/home/aidan/GitHub/AidansRepo/TeensySwerve/install/nav_msgs/local/lib/python3.10/dist-packages/nav_msgs/srv/__init__.py'...
[150.794s] Compiling '/home/aidan/GitHub/AidansRepo/TeensySwerve/install/nav_msgs/local/lib/python3.10/dist-packages/nav_msgs/srv/_get_map.py'...
[150.795s] Compiling '/home/aidan/GitHub/AidansRepo/TeensySwerve/install/nav_msgs/local/lib/python3.10/dist-packages/nav_msgs/srv/_get_plan.py'...
[150.795s] Compiling '/home/aidan/GitHub/AidansRepo/TeensySwerve/install/nav_msgs/local/lib/python3.10/dist-packages/nav_msgs/srv/_load_map.py'...
[150.795s] Compiling '/home/aidan/GitHub/AidansRepo/TeensySwerve/install/nav_msgs/local/lib/python3.10/dist-packages/nav_msgs/srv/_set_map.py'...
[150.838s] -- Installing: /home/aidan/GitHub/AidansRepo/TeensySwerve/install/nav_msgs/local/lib/python3.10/dist-packages/nav_msgs/nav_msgs_s__rosidl_typesupport_fastrtps_c.cpython-310-x86_64-linux-gnu.so
[150.840s] -- Set runtime path of "/home/aidan/GitHub/AidansRepo/TeensySwerve/install/nav_msgs/local/lib/python3.10/dist-packages/nav_msgs/nav_msgs_s__rosidl_typesupport_fastrtps_c.cpython-310-x86_64-linux-gnu.so" to ""
[150.840s] -- Installing: /home/aidan/GitHub/AidansRepo/TeensySwerve/install/nav_msgs/local/lib/python3.10/dist-packages/nav_msgs/nav_msgs_s__rosidl_typesupport_introspection_c.cpython-310-x86_64-linux-gnu.so
[150.852s] -- Set runtime path of "/home/aidan/GitHub/AidansRepo/TeensySwerve/install/nav_msgs/local/lib/python3.10/dist-packages/nav_msgs/nav_msgs_s__rosidl_typesupport_introspection_c.cpython-310-x86_64-linux-gnu.so" to ""
[150.852s] -- Installing: /home/aidan/GitHub/AidansRepo/TeensySwerve/install/nav_msgs/local/lib/python3.10/dist-packages/nav_msgs/nav_msgs_s__rosidl_typesupport_c.cpython-310-x86_64-linux-gnu.so
[150.852s] -- Set runtime path of "/home/aidan/GitHub/AidansRepo/TeensySwerve/install/nav_msgs/local/lib/python3.10/dist-packages/nav_msgs/nav_msgs_s__rosidl_typesupport_c.cpython-310-x86_64-linux-gnu.so" to ""
[150.859s] -- Installing: /home/aidan/GitHub/AidansRepo/TeensySwerve/install/nav_msgs/lib/libnav_msgs__rosidl_generator_py.so
[150.860s] -- Set runtime path of "/home/aidan/GitHub/AidansRepo/TeensySwerve/install/nav_msgs/lib/libnav_msgs__rosidl_generator_py.so" to ""
[150.860s] -- Installing: /home/aidan/GitHub/AidansRepo/TeensySwerve/install/nav_msgs/share/nav_msgs/msg/Goals.idl
[150.860s] -- Installing: /home/aidan/GitHub/AidansRepo/TeensySwerve/install/nav_msgs/share/nav_msgs/msg/GridCells.idl
[150.860s] -- Installing: /home/aidan/GitHub/AidansRepo/TeensySwerve/install/nav_msgs/share/nav_msgs/msg/MapMetaData.idl
[150.860s] -- Installing: /home/aidan/GitHub/AidansRepo/TeensySwerve/install/nav_msgs/share/nav_msgs/msg/OccupancyGrid.idl
[150.861s] -- Installing: /home/aidan/GitHub/AidansRepo/TeensySwerve/install/nav_msgs/share/nav_msgs/msg/Odometry.idl
[150.861s] -- Installing: /home/aidan/GitHub/AidansRepo/TeensySwerve/install/nav_msgs/share/nav_msgs/msg/Path.idl
[150.862s] -- Installing: /home/aidan/GitHub/AidansRepo/TeensySwerve/install/nav_msgs/share/nav_msgs/srv/GetMap.idl
[150.864s] -- Installing: /home/aidan/GitHub/AidansRepo/TeensySwerve/install/nav_msgs/share/nav_msgs/srv/GetPlan.idl
[150.865s] -- Installing: /home/aidan/GitHub/AidansRepo/TeensySwerve/install/nav_msgs/share/nav_msgs/srv/LoadMap.idl
[150.865s] -- Installing: /home/aidan/GitHub/AidansRepo/TeensySwerve/install/nav_msgs/share/nav_msgs/srv/SetMap.idl
[150.865s] -- Installing: /home/aidan/GitHub/AidansRepo/TeensySwerve/install/nav_msgs/share/nav_msgs/msg/Goals.msg
[150.865s] -- Installing: /home/aidan/GitHub/AidansRepo/TeensySwerve/install/nav_msgs/share/nav_msgs/msg/GridCells.msg
[150.872s] -- Installing: /home/aidan/GitHub/AidansRepo/TeensySwerve/install/nav_msgs/share/nav_msgs/msg/MapMetaData.msg
[150.872s] -- Installing: /home/aidan/GitHub/AidansRepo/TeensySwerve/install/nav_msgs/share/nav_msgs/msg/OccupancyGrid.msg
[150.872s] -- Installing: /home/aidan/GitHub/AidansRepo/TeensySwerve/install/nav_msgs/share/nav_msgs/msg/Odometry.msg
[150.872s] -- Installing: /home/aidan/GitHub/AidansRepo/TeensySwerve/install/nav_msgs/share/nav_msgs/msg/Path.msg
[150.872s] -- Installing: /home/aidan/GitHub/AidansRepo/TeensySwerve/install/nav_msgs/share/nav_msgs/srv/GetMap.srv
[150.873s] -- Installing: /home/aidan/GitHub/AidansRepo/TeensySwerve/install/nav_msgs/share/nav_msgs/srv/GetMap_Request.msg
[150.873s] -- Installing: /home/aidan/GitHub/AidansRepo/TeensySwerve/install/nav_msgs/share/nav_msgs/srv/GetMap_Response.msg
[150.873s] -- Installing: /home/aidan/GitHub/AidansRepo/TeensySwerve/install/nav_msgs/share/nav_msgs/srv/GetPlan.srv
[150.873s] -- Installing: /home/aidan/GitHub/AidansRepo/TeensySwerve/install/nav_msgs/share/nav_msgs/srv/GetPlan_Request.msg
[150.873s] -- Installing: /home/aidan/GitHub/AidansRepo/TeensySwerve/install/nav_msgs/share/nav_msgs/srv/GetPlan_Response.msg
[150.873s] -- Installing: /home/aidan/GitHub/AidansRepo/TeensySwerve/install/nav_msgs/share/nav_msgs/srv/LoadMap.srv
[150.881s] -- Installing: /home/aidan/GitHub/AidansRepo/TeensySwerve/install/nav_msgs/share/nav_msgs/srv/LoadMap_Request.msg
[150.881s] -- Installing: /home/aidan/GitHub/AidansRepo/TeensySwerve/install/nav_msgs/share/nav_msgs/srv/LoadMap_Response.msg
[150.883s] -- Installing: /home/aidan/GitHub/AidansRepo/TeensySwerve/install/nav_msgs/share/nav_msgs/srv/SetMap.srv
[150.883s] -- Installing: /home/aidan/GitHub/AidansRepo/TeensySwerve/install/nav_msgs/share/nav_msgs/srv/SetMap_Request.msg
[150.883s] -- Installing: /home/aidan/GitHub/AidansRepo/TeensySwerve/install/nav_msgs/share/nav_msgs/srv/SetMap_Response.msg
[150.889s] -- Installing: /home/aidan/GitHub/AidansRepo/TeensySwerve/install/nav_msgs/share/ament_index/resource_index/package_run_dependencies/nav_msgs
[150.890s] -- Installing: /home/aidan/GitHub/AidansRepo/TeensySwerve/install/nav_msgs/share/ament_index/resource_index/parent_prefix_path/nav_msgs
[150.890s] -- Installing: /home/aidan/GitHub/AidansRepo/TeensySwerve/install/nav_msgs/share/nav_msgs/environment/ament_prefix_path.sh
[150.890s] -- Installing: /home/aidan/GitHub/AidansRepo/TeensySwerve/install/nav_msgs/share/nav_msgs/environment/ament_prefix_path.dsv
[150.890s] -- Installing: /home/aidan/GitHub/AidansRepo/TeensySwerve/install/nav_msgs/share/nav_msgs/environment/path.sh
[150.891s] -- Installing: /home/aidan/GitHub/AidansRepo/TeensySwerve/install/nav_msgs/share/nav_msgs/environment/path.dsv
[150.893s] -- Installing: /home/aidan/GitHub/AidansRepo/TeensySwerve/install/nav_msgs/share/nav_msgs/local_setup.bash
[150.893s] -- Installing: /home/aidan/GitHub/AidansRepo/TeensySwerve/install/nav_msgs/share/nav_msgs/local_setup.sh
[150.893s] -- Installing: /home/aidan/GitHub/AidansRepo/TeensySwerve/install/nav_msgs/share/nav_msgs/local_setup.zsh
[150.893s] -- Installing: /home/aidan/GitHub/AidansRepo/TeensySwerve/install/nav_msgs/share/nav_msgs/local_setup.dsv
[150.893s] -- Installing: /home/aidan/GitHub/AidansRepo/TeensySwerve/install/nav_msgs/share/nav_msgs/package.dsv
[150.897s] -- Installing: /home/aidan/GitHub/AidansRepo/TeensySwerve/install/nav_msgs/share/ament_index/resource_index/packages/nav_msgs
[150.897s] -- Installing: /home/aidan/GitHub/AidansRepo/TeensySwerve/install/nav_msgs/share/nav_msgs/cmake/export_nav_msgs__rosidl_generator_cExport.cmake
[150.902s] -- Installing: /home/aidan/GitHub/AidansRepo/TeensySwerve/install/nav_msgs/share/nav_msgs/cmake/export_nav_msgs__rosidl_generator_cExport-noconfig.cmake
[150.902s] -- Installing: /home/aidan/GitHub/AidansRepo/TeensySwerve/install/nav_msgs/share/nav_msgs/cmake/export_nav_msgs__rosidl_typesupport_fastrtps_cExport.cmake
[150.906s] -- Installing: /home/aidan/GitHub/AidansRepo/TeensySwerve/install/nav_msgs/share/nav_msgs/cmake/export_nav_msgs__rosidl_typesupport_fastrtps_cExport-noconfig.cmake
[150.906s] -- Installing: /home/aidan/GitHub/AidansRepo/TeensySwerve/install/nav_msgs/share/nav_msgs/cmake/export_nav_msgs__rosidl_generator_cppExport.cmake
[150.906s] -- Installing: /home/aidan/GitHub/AidansRepo/TeensySwerve/install/nav_msgs/share/nav_msgs/cmake/export_nav_msgs__rosidl_typesupport_fastrtps_cppExport.cmake
[150.907s] -- Installing: /home/aidan/GitHub/AidansRepo/TeensySwerve/install/nav_msgs/share/nav_msgs/cmake/export_nav_msgs__rosidl_typesupport_fastrtps_cppExport-noconfig.cmake
[150.907s] -- Installing: /home/aidan/GitHub/AidansRepo/TeensySwerve/install/nav_msgs/share/nav_msgs/cmake/nav_msgs__rosidl_typesupport_introspection_cExport.cmake
[150.907s] -- Installing: /home/aidan/GitHub/AidansRepo/TeensySwerve/install/nav_msgs/share/nav_msgs/cmake/nav_msgs__rosidl_typesupport_introspection_cExport-noconfig.cmake
[150.907s] -- Installing: /home/aidan/GitHub/AidansRepo/TeensySwerve/install/nav_msgs/share/nav_msgs/cmake/nav_msgs__rosidl_typesupport_cExport.cmake
[150.907s] -- Installing: /home/aidan/GitHub/AidansRepo/TeensySwerve/install/nav_msgs/share/nav_msgs/cmake/nav_msgs__rosidl_typesupport_cExport-noconfig.cmake
[150.907s] -- Installing: /home/aidan/GitHub/AidansRepo/TeensySwerve/install/nav_msgs/share/nav_msgs/cmake/nav_msgs__rosidl_typesupport_introspection_cppExport.cmake
[150.912s] -- Installing: /home/aidan/GitHub/AidansRepo/TeensySwerve/install/nav_msgs/share/nav_msgs/cmake/nav_msgs__rosidl_typesupport_introspection_cppExport-noconfig.cmake
[150.912s] -- Installing: /home/aidan/GitHub/AidansRepo/TeensySwerve/install/nav_msgs/share/nav_msgs/cmake/nav_msgs__rosidl_typesupport_cppExport.cmake
[150.917s] -- Installing: /home/aidan/GitHub/AidansRepo/TeensySwerve/install/nav_msgs/share/nav_msgs/cmake/nav_msgs__rosidl_typesupport_cppExport-noconfig.cmake
[150.917s] -- Installing: /home/aidan/GitHub/AidansRepo/TeensySwerve/install/nav_msgs/share/nav_msgs/cmake/export_nav_msgs__rosidl_generator_pyExport.cmake
[150.918s] -- Installing: /home/aidan/GitHub/AidansRepo/TeensySwerve/install/nav_msgs/share/nav_msgs/cmake/export_nav_msgs__rosidl_generator_pyExport-noconfig.cmake
[150.918s] -- Installing: /home/aidan/GitHub/AidansRepo/TeensySwerve/install/nav_msgs/share/nav_msgs/cmake/rosidl_cmake-extras.cmake
[150.918s] -- Installing: /home/aidan/GitHub/AidansRepo/TeensySwerve/install/nav_msgs/share/nav_msgs/cmake/ament_cmake_export_dependencies-extras.cmake
[150.918s] -- Installing: /home/aidan/GitHub/AidansRepo/TeensySwerve/install/nav_msgs/share/nav_msgs/cmake/ament_cmake_export_include_directories-extras.cmake
[150.918s] -- Installing: /home/aidan/GitHub/AidansRepo/TeensySwerve/install/nav_msgs/share/nav_msgs/cmake/ament_cmake_export_libraries-extras.cmake
[150.919s] -- Installing: /home/aidan/GitHub/AidansRepo/TeensySwerve/install/nav_msgs/share/nav_msgs/cmake/ament_cmake_export_targets-extras.cmake
[150.919s] -- Installing: /home/aidan/GitHub/AidansRepo/TeensySwerve/install/nav_msgs/share/nav_msgs/cmake/rosidl_cmake_export_typesupport_targets-extras.cmake
[150.919s] -- Installing: /home/aidan/GitHub/AidansRepo/TeensySwerve/install/nav_msgs/share/nav_msgs/cmake/rosidl_cmake_export_typesupport_libraries-extras.cmake
[150.919s] -- Installing: /home/aidan/GitHub/AidansRepo/TeensySwerve/install/nav_msgs/share/nav_msgs/cmake/nav_msgsConfig.cmake
[150.919s] -- Installing: /home/aidan/GitHub/AidansRepo/TeensySwerve/install/nav_msgs/share/nav_msgs/cmake/nav_msgsConfig-version.cmake
[150.919s] -- Installing: /home/aidan/GitHub/AidansRepo/TeensySwerve/install/nav_msgs/share/nav_msgs/package.xml
[150.947s] Invoked command in '/home/aidan/GitHub/AidansRepo/TeensySwerve/build/nav_msgs' returned '0': AMENT_PREFIX_PATH=/home/aidan/GitHub/AidansRepo/TeensySwerve/install/geometry_msgs:/home/aidan/GitHub/AidansRepo/TeensySwerve/install/std_msgs:/home/aidan/GitHub/AidansRepo/TeensySwerve/install/builtin_interfaces:${AMENT_PREFIX_PATH} CMAKE_PREFIX_PATH=/home/aidan/GitHub/AidansRepo/TeensySwerve/install/geometry_msgs:/home/aidan/GitHub/AidansRepo/TeensySwerve/install/std_msgs:/home/aidan/GitHub/AidansRepo/TeensySwerve/install/builtin_interfaces:/home/aidan/GitHub/AidansRepo/TeensySwerve/install/tnsy_interfaces:/home/aidan/microros_ws/install/micro_ros_setup:/home/aidan/microros_ws/install/micro_ros_agent:/home/aidan/microros_ws/install/micro_ros_msgs:/home/aidan/GitHub/AidansRepo/TeensySwerve/install/tnsy_swrv_controller:/opt/ros/humble LD_LIBRARY_PATH=/home/aidan/GitHub/AidansRepo/TeensySwerve/install/geometry_msgs/lib:/home/aidan/GitHub/AidansRepo/TeensySwerve/install/std_msgs/lib:/home/aidan/GitHub/AidansRepo/TeensySwerve/install/builtin_interfaces/lib:${LD_LIBRARY_PATH} PYTHONPATH=/home/aidan/GitHub/AidansRepo/TeensySwerve/install/geometry_msgs/local/lib/python3.10/dist-packages:/home/aidan/GitHub/AidansRepo/TeensySwerve/install/std_msgs/local/lib/python3.10/dist-packages:/home/aidan/GitHub/AidansRepo/TeensySwerve/install/builtin_interfaces/local/lib/python3.10/dist-packages:${PYTHONPATH} /usr/bin/cmake --install /home/aidan/GitHub/AidansRepo/TeensySwerve/build/nav_msgs
