[0.130s] Invoking command in '/home/aidan/GitHub/AidansRepo/TeensySwerve/build/complex_msgs': AMENT_PREFIX_PATH=/home/aidan/GitHub/AidansRepo/TeensySwerve/install/builtin_interfaces:${AMENT_PREFIX_PATH} CMAKE_PREFIX_PATH=/home/aidan/GitHub/AidansRepo/TeensySwerve/install/builtin_interfaces:/home/aidan/GitHub/AidansRepo/TeensySwerve/install/tnsy_interfaces:/home/aidan/microros_ws/install/micro_ros_setup:/home/aidan/microros_ws/install/micro_ros_agent:/home/aidan/microros_ws/install/micro_ros_msgs:/home/aidan/GitHub/AidansRepo/TeensySwerve/install/tnsy_swrv_controller:/opt/ros/humble LD_LIBRARY_PATH=/home/aidan/GitHub/AidansRepo/TeensySwerve/install/builtin_interfaces/lib:${LD_LIBRARY_PATH} PYTHONPATH=/home/aidan/GitHub/AidansRepo/TeensySwerve/install/builtin_interfaces/local/lib/python3.10/dist-packages:${PYTHONPATH} /usr/bin/cmake --build /home/aidan/GitHub/AidansRepo/TeensySwerve/build/complex_msgs -- -j4 -l4
[0.474s] [35m[1mConsolidate compiler generated dependencies of target complex_msgs__rosidl_generator_c[0m
[0.554s] [ 10%] Built target complex_msgs__rosidl_generator_c
[0.762s] [ 10%] Built target ament_cmake_python_copy_complex_msgs
[0.827s] [35m[1mConsolidate compiler generated dependencies of target complex_msgs__rosidl_typesupport_fastrtps_c[0m
[0.927s] [ 20%] Built target complex_msgs__rosidl_typesupport_fastrtps_c
[1.051s] [35m[1mConsolidate compiler generated dependencies of target complex_msgs__rosidl_typesupport_introspection_c[0m
[1.108s] [ 30%] Built target complex_msgs__rosidl_typesupport_introspection_c
[2.198s] running egg_info
[2.200s] writing complex_msgs.egg-info/PKG-INFO
[2.203s] writing dependency_links to complex_msgs.egg-info/dependency_links.txt
[2.203s] writing top-level names to complex_msgs.egg-info/top_level.txt
[2.211s] reading manifest file 'complex_msgs.egg-info/SOURCES.txt'
[2.214s] writing manifest file 'complex_msgs.egg-info/SOURCES.txt'
[2.318s] [ 30%] Built target ament_cmake_python_build_complex_msgs_egg
[2.358s] [35m[1mConsolidate compiler generated dependencies of target complex_msgs__rosidl_typesupport_c[0m
[2.391s] [ 41%] Built target complex_msgs__rosidl_typesupport_c
[2.455s] [ 43%] Built target complex_msgs__cpp
[2.485s] [35m[1mConsolidate compiler generated dependencies of target complex_msgs__rosidl_typesupport_introspection_cpp[0m
[2.518s] [ 53%] Built target complex_msgs__rosidl_typesupport_introspection_cpp
[2.570s] [35m[1mConsolidate compiler generated dependencies of target complex_msgs__rosidl_typesupport_fastrtps_cpp[0m
[2.619s] [ 64%] Built target complex_msgs__rosidl_typesupport_fastrtps_cpp
[2.673s] [35m[1mConsolidate compiler generated dependencies of target complex_msgs__rosidl_typesupport_cpp[0m
[2.728s] [ 74%] Built target complex_msgs__rosidl_typesupport_cpp
[2.815s] [ 74%] Built target complex_msgs
[2.934s] [ 76%] Built target complex_msgs__py
[3.019s] [35m[1mConsolidate compiler generated dependencies of target complex_msgs__rosidl_generator_py[0m
[3.115s] [ 84%] Built target complex_msgs__rosidl_generator_py
[3.163s] [35m[1mConsolidate compiler generated dependencies of target complex_msgs__rosidl_typesupport_fastrtps_c__pyext[0m
[3.220s] [ 89%] Built target complex_msgs__rosidl_typesupport_fastrtps_c__pyext
[3.271s] [35m[1mConsolidate compiler generated dependencies of target complex_msgs__rosidl_typesupport_c__pyext[0m
[3.338s] [ 94%] Built target complex_msgs__rosidl_typesupport_c__pyext
[3.416s] [35m[1mConsolidate compiler generated dependencies of target complex_msgs__rosidl_typesupport_introspection_c__pyext[0m
[3.541s] [100%] Built target complex_msgs__rosidl_typesupport_introspection_c__pyext
[3.603s] Invoked command in '/home/aidan/GitHub/AidansRepo/TeensySwerve/build/complex_msgs' returned '0': AMENT_PREFIX_PATH=/home/aidan/GitHub/AidansRepo/TeensySwerve/install/builtin_interfaces:${AMENT_PREFIX_PATH} CMAKE_PREFIX_PATH=/home/aidan/GitHub/AidansRepo/TeensySwerve/install/builtin_interfaces:/home/aidan/GitHub/AidansRepo/TeensySwerve/install/tnsy_interfaces:/home/aidan/microros_ws/install/micro_ros_setup:/home/aidan/microros_ws/install/micro_ros_agent:/home/aidan/microros_ws/install/micro_ros_msgs:/home/aidan/GitHub/AidansRepo/TeensySwerve/install/tnsy_swrv_controller:/opt/ros/humble LD_LIBRARY_PATH=/home/aidan/GitHub/AidansRepo/TeensySwerve/install/builtin_interfaces/lib:${LD_LIBRARY_PATH} PYTHONPATH=/home/aidan/GitHub/AidansRepo/TeensySwerve/install/builtin_interfaces/local/lib/python3.10/dist-packages:${PYTHONPATH} /usr/bin/cmake --build /home/aidan/GitHub/AidansRepo/TeensySwerve/build/complex_msgs -- -j4 -l4
[4.106s] Invoking command in '/home/aidan/GitHub/AidansRepo/TeensySwerve/build/complex_msgs': AMENT_PREFIX_PATH=/home/aidan/GitHub/AidansRepo/TeensySwerve/install/builtin_interfaces:${AMENT_PREFIX_PATH} CMAKE_PREFIX_PATH=/home/aidan/GitHub/AidansRepo/TeensySwerve/install/builtin_interfaces:/home/aidan/GitHub/AidansRepo/TeensySwerve/install/tnsy_interfaces:/home/aidan/microros_ws/install/micro_ros_setup:/home/aidan/microros_ws/install/micro_ros_agent:/home/aidan/microros_ws/install/micro_ros_msgs:/home/aidan/GitHub/AidansRepo/TeensySwerve/install/tnsy_swrv_controller:/opt/ros/humble LD_LIBRARY_PATH=/home/aidan/GitHub/AidansRepo/TeensySwerve/install/builtin_interfaces/lib:${LD_LIBRARY_PATH} PYTHONPATH=/home/aidan/GitHub/AidansRepo/TeensySwerve/install/builtin_interfaces/local/lib/python3.10/dist-packages:${PYTHONPATH} /usr/bin/cmake --install /home/aidan/GitHub/AidansRepo/TeensySwerve/build/complex_msgs
[4.132s] -- Install configuration: ""
[4.132s] -- Up-to-date: /home/aidan/GitHub/AidansRepo/TeensySwerve/install/complex_msgs/share/ament_index/resource_index/rosidl_interfaces/complex_msgs
[4.136s] -- Up-to-date: /home/aidan/GitHub/AidansRepo/TeensySwerve/install/complex_msgs/include/complex_msgs/complex_msgs
[4.136s] -- Up-to-date: /home/aidan/GitHub/AidansRepo/TeensySwerve/install/complex_msgs/include/complex_msgs/complex_msgs/msg
[4.139s] -- Up-to-date: /home/aidan/GitHub/AidansRepo/TeensySwerve/install/complex_msgs/include/complex_msgs/complex_msgs/msg/nested_msg_test.h
[4.147s] -- Up-to-date: /home/aidan/GitHub/AidansRepo/TeensySwerve/install/complex_msgs/include/complex_msgs/complex_msgs/msg/multi_string_test.h
[4.148s] -- Up-to-date: /home/aidan/GitHub/AidansRepo/TeensySwerve/install/complex_msgs/include/complex_msgs/complex_msgs/msg/rosidl_generator_c__visibility_control.h
[4.148s] -- Up-to-date: /home/aidan/GitHub/AidansRepo/TeensySwerve/install/complex_msgs/include/complex_msgs/complex_msgs/msg/detail
[4.148s] -- Up-to-date: /home/aidan/GitHub/AidansRepo/TeensySwerve/install/complex_msgs/include/complex_msgs/complex_msgs/msg/detail/nested_msg_test__type_support.h
[4.148s] -- Up-to-date: /home/aidan/GitHub/AidansRepo/TeensySwerve/install/complex_msgs/include/complex_msgs/complex_msgs/msg/detail/nested_msg_test__functions.h
[4.148s] -- Up-to-date: /home/aidan/GitHub/AidansRepo/TeensySwerve/install/complex_msgs/include/complex_msgs/complex_msgs/msg/detail/multi_string_test__functions.c
[4.148s] -- Up-to-date: /home/aidan/GitHub/AidansRepo/TeensySwerve/install/complex_msgs/include/complex_msgs/complex_msgs/msg/detail/multi_string_test__functions.h
[4.155s] -- Up-to-date: /home/aidan/GitHub/AidansRepo/TeensySwerve/install/complex_msgs/include/complex_msgs/complex_msgs/msg/detail/nested_msg_test__struct.h
[4.156s] -- Up-to-date: /home/aidan/GitHub/AidansRepo/TeensySwerve/install/complex_msgs/include/complex_msgs/complex_msgs/msg/detail/multi_string_test__type_support.h
[4.159s] -- Up-to-date: /home/aidan/GitHub/AidansRepo/TeensySwerve/install/complex_msgs/include/complex_msgs/complex_msgs/msg/detail/nested_msg_test__functions.c
[4.161s] -- Up-to-date: /home/aidan/GitHub/AidansRepo/TeensySwerve/install/complex_msgs/include/complex_msgs/complex_msgs/msg/detail/multi_string_test__struct.h
[4.162s] -- Up-to-date: /home/aidan/GitHub/AidansRepo/TeensySwerve/install/complex_msgs/share/complex_msgs/environment/library_path.sh
[4.167s] -- Up-to-date: /home/aidan/GitHub/AidansRepo/TeensySwerve/install/complex_msgs/share/complex_msgs/environment/library_path.dsv
[4.167s] -- Up-to-date: /home/aidan/GitHub/AidansRepo/TeensySwerve/install/complex_msgs/lib/libcomplex_msgs__rosidl_generator_c.so
[4.169s] -- Up-to-date: /home/aidan/GitHub/AidansRepo/TeensySwerve/install/complex_msgs/include/complex_msgs/complex_msgs
[4.169s] -- Up-to-date: /home/aidan/GitHub/AidansRepo/TeensySwerve/install/complex_msgs/include/complex_msgs/complex_msgs/msg
[4.169s] -- Up-to-date: /home/aidan/GitHub/AidansRepo/TeensySwerve/install/complex_msgs/include/complex_msgs/complex_msgs/msg/rosidl_typesupport_fastrtps_c__visibility_control.h
[4.170s] -- Up-to-date: /home/aidan/GitHub/AidansRepo/TeensySwerve/install/complex_msgs/include/complex_msgs/complex_msgs/msg/detail
[4.170s] -- Up-to-date: /home/aidan/GitHub/AidansRepo/TeensySwerve/install/complex_msgs/include/complex_msgs/complex_msgs/msg/detail/nested_msg_test__rosidl_typesupport_fastrtps_c.h
[4.171s] -- Up-to-date: /home/aidan/GitHub/AidansRepo/TeensySwerve/install/complex_msgs/include/complex_msgs/complex_msgs/msg/detail/multi_string_test__rosidl_typesupport_fastrtps_c.h
[4.171s] -- Up-to-date: /home/aidan/GitHub/AidansRepo/TeensySwerve/install/complex_msgs/lib/libcomplex_msgs__rosidl_typesupport_fastrtps_c.so
[4.172s] -- Up-to-date: /home/aidan/GitHub/AidansRepo/TeensySwerve/install/complex_msgs/include/complex_msgs/complex_msgs
[4.172s] -- Up-to-date: /home/aidan/GitHub/AidansRepo/TeensySwerve/install/complex_msgs/include/complex_msgs/complex_msgs/msg
[4.173s] -- Up-to-date: /home/aidan/GitHub/AidansRepo/TeensySwerve/install/complex_msgs/include/complex_msgs/complex_msgs/msg/multi_string_test.hpp
[4.176s] -- Up-to-date: /home/aidan/GitHub/AidansRepo/TeensySwerve/install/complex_msgs/include/complex_msgs/complex_msgs/msg/nested_msg_test.hpp
[4.177s] -- Up-to-date: /home/aidan/GitHub/AidansRepo/TeensySwerve/install/complex_msgs/include/complex_msgs/complex_msgs/msg/detail
[4.178s] -- Up-to-date: /home/aidan/GitHub/AidansRepo/TeensySwerve/install/complex_msgs/include/complex_msgs/complex_msgs/msg/detail/multi_string_test__traits.hpp
[4.179s] -- Up-to-date: /home/aidan/GitHub/AidansRepo/TeensySwerve/install/complex_msgs/include/complex_msgs/complex_msgs/msg/detail/multi_string_test__struct.hpp
[4.179s] -- Up-to-date: /home/aidan/GitHub/AidansRepo/TeensySwerve/install/complex_msgs/include/complex_msgs/complex_msgs/msg/detail/nested_msg_test__traits.hpp
[4.179s] -- Up-to-date: /home/aidan/GitHub/AidansRepo/TeensySwerve/install/complex_msgs/include/complex_msgs/complex_msgs/msg/detail/nested_msg_test__builder.hpp
[4.179s] -- Up-to-date: /home/aidan/GitHub/AidansRepo/TeensySwerve/install/complex_msgs/include/complex_msgs/complex_msgs/msg/detail/multi_string_test__builder.hpp
[4.180s] -- Up-to-date: /home/aidan/GitHub/AidansRepo/TeensySwerve/install/complex_msgs/include/complex_msgs/complex_msgs/msg/detail/nested_msg_test__type_support.hpp
[4.180s] -- Up-to-date: /home/aidan/GitHub/AidansRepo/TeensySwerve/install/complex_msgs/include/complex_msgs/complex_msgs/msg/detail/nested_msg_test__struct.hpp
[4.181s] -- Up-to-date: /home/aidan/GitHub/AidansRepo/TeensySwerve/install/complex_msgs/include/complex_msgs/complex_msgs/msg/detail/multi_string_test__type_support.hpp
[4.181s] -- Up-to-date: /home/aidan/GitHub/AidansRepo/TeensySwerve/install/complex_msgs/include/complex_msgs/complex_msgs/msg/rosidl_generator_cpp__visibility_control.hpp
[4.182s] -- Up-to-date: /home/aidan/GitHub/AidansRepo/TeensySwerve/install/complex_msgs/include/complex_msgs/complex_msgs
[4.182s] -- Up-to-date: /home/aidan/GitHub/AidansRepo/TeensySwerve/install/complex_msgs/include/complex_msgs/complex_msgs/msg
[4.182s] -- Up-to-date: /home/aidan/GitHub/AidansRepo/TeensySwerve/install/complex_msgs/include/complex_msgs/complex_msgs/msg/rosidl_typesupport_fastrtps_cpp__visibility_control.h
[4.183s] -- Up-to-date: /home/aidan/GitHub/AidansRepo/TeensySwerve/install/complex_msgs/include/complex_msgs/complex_msgs/msg/detail
[4.184s] -- Up-to-date: /home/aidan/GitHub/AidansRepo/TeensySwerve/install/complex_msgs/include/complex_msgs/complex_msgs/msg/detail/dds_fastrtps
[4.184s] -- Up-to-date: /home/aidan/GitHub/AidansRepo/TeensySwerve/install/complex_msgs/include/complex_msgs/complex_msgs/msg/detail/nested_msg_test__rosidl_typesupport_fastrtps_cpp.hpp
[4.184s] -- Up-to-date: /home/aidan/GitHub/AidansRepo/TeensySwerve/install/complex_msgs/include/complex_msgs/complex_msgs/msg/detail/multi_string_test__rosidl_typesupport_fastrtps_cpp.hpp
[4.185s] -- Up-to-date: /home/aidan/GitHub/AidansRepo/TeensySwerve/install/complex_msgs/lib/libcomplex_msgs__rosidl_typesupport_fastrtps_cpp.so
[4.185s] -- Up-to-date: /home/aidan/GitHub/AidansRepo/TeensySwerve/install/complex_msgs/include/complex_msgs/complex_msgs
[4.185s] -- Up-to-date: /home/aidan/GitHub/AidansRepo/TeensySwerve/install/complex_msgs/include/complex_msgs/complex_msgs/msg
[4.185s] -- Up-to-date: /home/aidan/GitHub/AidansRepo/TeensySwerve/install/complex_msgs/include/complex_msgs/complex_msgs/msg/detail
[4.185s] -- Up-to-date: /home/aidan/GitHub/AidansRepo/TeensySwerve/install/complex_msgs/include/complex_msgs/complex_msgs/msg/detail/multi_string_test__rosidl_typesupport_introspection_c.h
[4.186s] -- Up-to-date: /home/aidan/GitHub/AidansRepo/TeensySwerve/install/complex_msgs/include/complex_msgs/complex_msgs/msg/detail/nested_msg_test__rosidl_typesupport_introspection_c.h
[4.186s] -- Up-to-date: /home/aidan/GitHub/AidansRepo/TeensySwerve/install/complex_msgs/include/complex_msgs/complex_msgs/msg/detail/nested_msg_test__type_support.c
[4.186s] -- Up-to-date: /home/aidan/GitHub/AidansRepo/TeensySwerve/install/complex_msgs/include/complex_msgs/complex_msgs/msg/detail/multi_string_test__type_support.c
[4.186s] -- Up-to-date: /home/aidan/GitHub/AidansRepo/TeensySwerve/install/complex_msgs/include/complex_msgs/complex_msgs/msg/rosidl_typesupport_introspection_c__visibility_control.h
[4.186s] -- Up-to-date: /home/aidan/GitHub/AidansRepo/TeensySwerve/install/complex_msgs/lib/libcomplex_msgs__rosidl_typesupport_introspection_c.so
[4.187s] -- Up-to-date: /home/aidan/GitHub/AidansRepo/TeensySwerve/install/complex_msgs/lib/libcomplex_msgs__rosidl_typesupport_c.so
[4.189s] -- Up-to-date: /home/aidan/GitHub/AidansRepo/TeensySwerve/install/complex_msgs/include/complex_msgs/complex_msgs
[4.190s] -- Up-to-date: /home/aidan/GitHub/AidansRepo/TeensySwerve/install/complex_msgs/include/complex_msgs/complex_msgs/msg
[4.190s] -- Up-to-date: /home/aidan/GitHub/AidansRepo/TeensySwerve/install/complex_msgs/include/complex_msgs/complex_msgs/msg/detail
[4.190s] -- Up-to-date: /home/aidan/GitHub/AidansRepo/TeensySwerve/install/complex_msgs/include/complex_msgs/complex_msgs/msg/detail/multi_string_test__type_support.cpp
[4.190s] -- Up-to-date: /home/aidan/GitHub/AidansRepo/TeensySwerve/install/complex_msgs/include/complex_msgs/complex_msgs/msg/detail/multi_string_test__rosidl_typesupport_introspection_cpp.hpp
[4.192s] -- Up-to-date: /home/aidan/GitHub/AidansRepo/TeensySwerve/install/complex_msgs/include/complex_msgs/complex_msgs/msg/detail/nested_msg_test__rosidl_typesupport_introspection_cpp.hpp
[4.192s] -- Up-to-date: /home/aidan/GitHub/AidansRepo/TeensySwerve/install/complex_msgs/include/complex_msgs/complex_msgs/msg/detail/nested_msg_test__type_support.cpp
[4.192s] -- Up-to-date: /home/aidan/GitHub/AidansRepo/TeensySwerve/install/complex_msgs/lib/libcomplex_msgs__rosidl_typesupport_introspection_cpp.so
[4.192s] -- Up-to-date: /home/aidan/GitHub/AidansRepo/TeensySwerve/install/complex_msgs/lib/libcomplex_msgs__rosidl_typesupport_cpp.so
[4.196s] -- Up-to-date: /home/aidan/GitHub/AidansRepo/TeensySwerve/install/complex_msgs/share/complex_msgs/environment/pythonpath.sh
[4.198s] -- Up-to-date: /home/aidan/GitHub/AidansRepo/TeensySwerve/install/complex_msgs/share/complex_msgs/environment/pythonpath.dsv
[4.202s] -- Up-to-date: /home/aidan/GitHub/AidansRepo/TeensySwerve/install/complex_msgs/local/lib/python3.10/dist-packages/complex_msgs-3.0.2-py3.10.egg-info
[4.202s] -- Installing: /home/aidan/GitHub/AidansRepo/TeensySwerve/install/complex_msgs/local/lib/python3.10/dist-packages/complex_msgs-3.0.2-py3.10.egg-info/PKG-INFO
[4.202s] -- Installing: /home/aidan/GitHub/AidansRepo/TeensySwerve/install/complex_msgs/local/lib/python3.10/dist-packages/complex_msgs-3.0.2-py3.10.egg-info/SOURCES.txt
[4.202s] -- Installing: /home/aidan/GitHub/AidansRepo/TeensySwerve/install/complex_msgs/local/lib/python3.10/dist-packages/complex_msgs-3.0.2-py3.10.egg-info/dependency_links.txt
[4.202s] -- Installing: /home/aidan/GitHub/AidansRepo/TeensySwerve/install/complex_msgs/local/lib/python3.10/dist-packages/complex_msgs-3.0.2-py3.10.egg-info/top_level.txt
[4.205s] -- Up-to-date: /home/aidan/GitHub/AidansRepo/TeensySwerve/install/complex_msgs/local/lib/python3.10/dist-packages/complex_msgs
[4.205s] -- Up-to-date: /home/aidan/GitHub/AidansRepo/TeensySwerve/install/complex_msgs/local/lib/python3.10/dist-packages/complex_msgs/libcomplex_msgs__rosidl_generator_py.so
[4.205s] -- Up-to-date: /home/aidan/GitHub/AidansRepo/TeensySwerve/install/complex_msgs/local/lib/python3.10/dist-packages/complex_msgs/complex_msgs_s__rosidl_typesupport_fastrtps_c.cpython-310-x86_64-linux-gnu.so
[4.205s] -- Up-to-date: /home/aidan/GitHub/AidansRepo/TeensySwerve/install/complex_msgs/local/lib/python3.10/dist-packages/complex_msgs/complex_msgs_s__rosidl_typesupport_introspection_c.cpython-310-x86_64-linux-gnu.so
[4.206s] -- Up-to-date: /home/aidan/GitHub/AidansRepo/TeensySwerve/install/complex_msgs/local/lib/python3.10/dist-packages/complex_msgs/__init__.py
[4.206s] -- Up-to-date: /home/aidan/GitHub/AidansRepo/TeensySwerve/install/complex_msgs/local/lib/python3.10/dist-packages/complex_msgs/_complex_msgs_s.ep.rosidl_typesupport_fastrtps_c.c
[4.206s] -- Up-to-date: /home/aidan/GitHub/AidansRepo/TeensySwerve/install/complex_msgs/local/lib/python3.10/dist-packages/complex_msgs/msg
[4.206s] -- Up-to-date: /home/aidan/GitHub/AidansRepo/TeensySwerve/install/complex_msgs/local/lib/python3.10/dist-packages/complex_msgs/msg/_multi_string_test_s.c
[4.206s] -- Up-to-date: /home/aidan/GitHub/AidansRepo/TeensySwerve/install/complex_msgs/local/lib/python3.10/dist-packages/complex_msgs/msg/_nested_msg_test.py
[4.206s] -- Up-to-date: /home/aidan/GitHub/AidansRepo/TeensySwerve/install/complex_msgs/local/lib/python3.10/dist-packages/complex_msgs/msg/_nested_msg_test_s.c
[4.207s] -- Up-to-date: /home/aidan/GitHub/AidansRepo/TeensySwerve/install/complex_msgs/local/lib/python3.10/dist-packages/complex_msgs/msg/__init__.py
[4.207s] -- Up-to-date: /home/aidan/GitHub/AidansRepo/TeensySwerve/install/complex_msgs/local/lib/python3.10/dist-packages/complex_msgs/msg/_multi_string_test.py
[4.207s] -- Up-to-date: /home/aidan/GitHub/AidansRepo/TeensySwerve/install/complex_msgs/local/lib/python3.10/dist-packages/complex_msgs/_complex_msgs_s.ep.rosidl_typesupport_c.c
[4.208s] -- Up-to-date: /home/aidan/GitHub/AidansRepo/TeensySwerve/install/complex_msgs/local/lib/python3.10/dist-packages/complex_msgs/complex_msgs_s__rosidl_typesupport_c.cpython-310-x86_64-linux-gnu.so
[4.208s] -- Up-to-date: /home/aidan/GitHub/AidansRepo/TeensySwerve/install/complex_msgs/local/lib/python3.10/dist-packages/complex_msgs/_complex_msgs_s.ep.rosidl_typesupport_introspection_c.c
[4.329s] Listing '/home/aidan/GitHub/AidansRepo/TeensySwerve/install/complex_msgs/local/lib/python3.10/dist-packages/complex_msgs'...
[4.329s] Listing '/home/aidan/GitHub/AidansRepo/TeensySwerve/install/complex_msgs/local/lib/python3.10/dist-packages/complex_msgs/msg'...
[4.357s] -- Up-to-date: /home/aidan/GitHub/AidansRepo/TeensySwerve/install/complex_msgs/local/lib/python3.10/dist-packages/complex_msgs/complex_msgs_s__rosidl_typesupport_fastrtps_c.cpython-310-x86_64-linux-gnu.so
[4.358s] -- Up-to-date: /home/aidan/GitHub/AidansRepo/TeensySwerve/install/complex_msgs/local/lib/python3.10/dist-packages/complex_msgs/complex_msgs_s__rosidl_typesupport_introspection_c.cpython-310-x86_64-linux-gnu.so
[4.361s] -- Up-to-date: /home/aidan/GitHub/AidansRepo/TeensySwerve/install/complex_msgs/local/lib/python3.10/dist-packages/complex_msgs/complex_msgs_s__rosidl_typesupport_c.cpython-310-x86_64-linux-gnu.so
[4.373s] -- Up-to-date: /home/aidan/GitHub/AidansRepo/TeensySwerve/install/complex_msgs/lib/libcomplex_msgs__rosidl_generator_py.so
[4.373s] -- Up-to-date: /home/aidan/GitHub/AidansRepo/TeensySwerve/install/complex_msgs/share/complex_msgs/msg/MultiStringTest.idl
[4.373s] -- Up-to-date: /home/aidan/GitHub/AidansRepo/TeensySwerve/install/complex_msgs/share/complex_msgs/msg/NestedMsgTest.idl
[4.373s] -- Up-to-date: /home/aidan/GitHub/AidansRepo/TeensySwerve/install/complex_msgs/share/complex_msgs/msg/MultiStringTest.msg
[4.373s] -- Up-to-date: /home/aidan/GitHub/AidansRepo/TeensySwerve/install/complex_msgs/share/complex_msgs/msg/NestedMsgTest.msg
[4.373s] -- Up-to-date: /home/aidan/GitHub/AidansRepo/TeensySwerve/install/complex_msgs/share/ament_index/resource_index/package_run_dependencies/complex_msgs
[4.374s] -- Up-to-date: /home/aidan/GitHub/AidansRepo/TeensySwerve/install/complex_msgs/share/ament_index/resource_index/parent_prefix_path/complex_msgs
[4.374s] -- Up-to-date: /home/aidan/GitHub/AidansRepo/TeensySwerve/install/complex_msgs/share/complex_msgs/environment/ament_prefix_path.sh
[4.374s] -- Up-to-date: /home/aidan/GitHub/AidansRepo/TeensySwerve/install/complex_msgs/share/complex_msgs/environment/ament_prefix_path.dsv
[4.374s] -- Up-to-date: /home/aidan/GitHub/AidansRepo/TeensySwerve/install/complex_msgs/share/complex_msgs/environment/path.sh
[4.374s] -- Up-to-date: /home/aidan/GitHub/AidansRepo/TeensySwerve/install/complex_msgs/share/complex_msgs/environment/path.dsv
[4.374s] -- Up-to-date: /home/aidan/GitHub/AidansRepo/TeensySwerve/install/complex_msgs/share/complex_msgs/local_setup.bash
[4.384s] -- Up-to-date: /home/aidan/GitHub/AidansRepo/TeensySwerve/install/complex_msgs/share/complex_msgs/local_setup.sh
[4.385s] -- Up-to-date: /home/aidan/GitHub/AidansRepo/TeensySwerve/install/complex_msgs/share/complex_msgs/local_setup.zsh
[4.385s] -- Up-to-date: /home/aidan/GitHub/AidansRepo/TeensySwerve/install/complex_msgs/share/complex_msgs/local_setup.dsv
[4.385s] -- Installing: /home/aidan/GitHub/AidansRepo/TeensySwerve/install/complex_msgs/share/complex_msgs/package.dsv
[4.385s] -- Up-to-date: /home/aidan/GitHub/AidansRepo/TeensySwerve/install/complex_msgs/share/ament_index/resource_index/packages/complex_msgs
[4.386s] -- Up-to-date: /home/aidan/GitHub/AidansRepo/TeensySwerve/install/complex_msgs/share/complex_msgs/cmake/export_complex_msgs__rosidl_generator_cExport.cmake
[4.388s] -- Up-to-date: /home/aidan/GitHub/AidansRepo/TeensySwerve/install/complex_msgs/share/complex_msgs/cmake/export_complex_msgs__rosidl_generator_cExport-noconfig.cmake
[4.389s] -- Up-to-date: /home/aidan/GitHub/AidansRepo/TeensySwerve/install/complex_msgs/share/complex_msgs/cmake/export_complex_msgs__rosidl_typesupport_fastrtps_cExport.cmake
[4.389s] -- Up-to-date: /home/aidan/GitHub/AidansRepo/TeensySwerve/install/complex_msgs/share/complex_msgs/cmake/export_complex_msgs__rosidl_typesupport_fastrtps_cExport-noconfig.cmake
[4.390s] -- Up-to-date: /home/aidan/GitHub/AidansRepo/TeensySwerve/install/complex_msgs/share/complex_msgs/cmake/export_complex_msgs__rosidl_generator_cppExport.cmake
[4.403s] -- Up-to-date: /home/aidan/GitHub/AidansRepo/TeensySwerve/install/complex_msgs/share/complex_msgs/cmake/export_complex_msgs__rosidl_typesupport_fastrtps_cppExport.cmake
[4.403s] -- Up-to-date: /home/aidan/GitHub/AidansRepo/TeensySwerve/install/complex_msgs/share/complex_msgs/cmake/export_complex_msgs__rosidl_typesupport_fastrtps_cppExport-noconfig.cmake
[4.404s] -- Up-to-date: /home/aidan/GitHub/AidansRepo/TeensySwerve/install/complex_msgs/share/complex_msgs/cmake/complex_msgs__rosidl_typesupport_introspection_cExport.cmake
[4.404s] -- Up-to-date: /home/aidan/GitHub/AidansRepo/TeensySwerve/install/complex_msgs/share/complex_msgs/cmake/complex_msgs__rosidl_typesupport_introspection_cExport-noconfig.cmake
[4.405s] -- Up-to-date: /home/aidan/GitHub/AidansRepo/TeensySwerve/install/complex_msgs/share/complex_msgs/cmake/complex_msgs__rosidl_typesupport_cExport.cmake
[4.405s] -- Up-to-date: /home/aidan/GitHub/AidansRepo/TeensySwerve/install/complex_msgs/share/complex_msgs/cmake/complex_msgs__rosidl_typesupport_cExport-noconfig.cmake
[4.419s] -- Up-to-date: /home/aidan/GitHub/AidansRepo/TeensySwerve/install/complex_msgs/share/complex_msgs/cmake/complex_msgs__rosidl_typesupport_introspection_cppExport.cmake
[4.421s] -- Up-to-date: /home/aidan/GitHub/AidansRepo/TeensySwerve/install/complex_msgs/share/complex_msgs/cmake/complex_msgs__rosidl_typesupport_introspection_cppExport-noconfig.cmake
[4.421s] -- Up-to-date: /home/aidan/GitHub/AidansRepo/TeensySwerve/install/complex_msgs/share/complex_msgs/cmake/complex_msgs__rosidl_typesupport_cppExport.cmake
[4.421s] -- Up-to-date: /home/aidan/GitHub/AidansRepo/TeensySwerve/install/complex_msgs/share/complex_msgs/cmake/complex_msgs__rosidl_typesupport_cppExport-noconfig.cmake
[4.421s] -- Up-to-date: /home/aidan/GitHub/AidansRepo/TeensySwerve/install/complex_msgs/share/complex_msgs/cmake/export_complex_msgs__rosidl_generator_pyExport.cmake
[4.421s] -- Up-to-date: /home/aidan/GitHub/AidansRepo/TeensySwerve/install/complex_msgs/share/complex_msgs/cmake/export_complex_msgs__rosidl_generator_pyExport-noconfig.cmake
[4.422s] -- Up-to-date: /home/aidan/GitHub/AidansRepo/TeensySwerve/install/complex_msgs/share/complex_msgs/cmake/rosidl_cmake-extras.cmake
[4.422s] -- Up-to-date: /home/aidan/GitHub/AidansRepo/TeensySwerve/install/complex_msgs/share/complex_msgs/cmake/ament_cmake_export_dependencies-extras.cmake
[4.422s] -- Up-to-date: /home/aidan/GitHub/AidansRepo/TeensySwerve/install/complex_msgs/share/complex_msgs/cmake/ament_cmake_export_include_directories-extras.cmake
[4.422s] -- Up-to-date: /home/aidan/GitHub/AidansRepo/TeensySwerve/install/complex_msgs/share/complex_msgs/cmake/ament_cmake_export_libraries-extras.cmake
[4.422s] -- Up-to-date: /home/aidan/GitHub/AidansRepo/TeensySwerve/install/complex_msgs/share/complex_msgs/cmake/ament_cmake_export_targets-extras.cmake
[4.422s] -- Up-to-date: /home/aidan/GitHub/AidansRepo/TeensySwerve/install/complex_msgs/share/complex_msgs/cmake/rosidl_cmake_export_typesupport_targets-extras.cmake
[4.422s] -- Up-to-date: /home/aidan/GitHub/AidansRepo/TeensySwerve/install/complex_msgs/share/complex_msgs/cmake/rosidl_cmake_export_typesupport_libraries-extras.cmake
[4.423s] -- Up-to-date: /home/aidan/GitHub/AidansRepo/TeensySwerve/install/complex_msgs/share/complex_msgs/cmake/complex_msgsConfig.cmake
[4.423s] -- Up-to-date: /home/aidan/GitHub/AidansRepo/TeensySwerve/install/complex_msgs/share/complex_msgs/cmake/complex_msgsConfig-version.cmake
[4.423s] -- Up-to-date: /home/aidan/GitHub/AidansRepo/TeensySwerve/install/complex_msgs/share/complex_msgs/package.xml
[4.439s] Invoked command in '/home/aidan/GitHub/AidansRepo/TeensySwerve/build/complex_msgs' returned '0': AMENT_PREFIX_PATH=/home/aidan/GitHub/AidansRepo/TeensySwerve/install/builtin_interfaces:${AMENT_PREFIX_PATH} CMAKE_PREFIX_PATH=/home/aidan/GitHub/AidansRepo/TeensySwerve/install/builtin_interfaces:/home/aidan/GitHub/AidansRepo/TeensySwerve/install/tnsy_interfaces:/home/aidan/microros_ws/install/micro_ros_setup:/home/aidan/microros_ws/install/micro_ros_agent:/home/aidan/microros_ws/install/micro_ros_msgs:/home/aidan/GitHub/AidansRepo/TeensySwerve/install/tnsy_swrv_controller:/opt/ros/humble LD_LIBRARY_PATH=/home/aidan/GitHub/AidansRepo/TeensySwerve/install/builtin_interfaces/lib:${LD_LIBRARY_PATH} PYTHONPATH=/home/aidan/GitHub/AidansRepo/TeensySwerve/install/builtin_interfaces/local/lib/python3.10/dist-packages:${PYTHONPATH} /usr/bin/cmake --install /home/aidan/GitHub/AidansRepo/TeensySwerve/build/complex_msgs
